File: drive/output/scrape/extract_github_data/repo_level_data/pr/1edtech___cert-schema.parquet

MD5 hash: 4ac600a5060f4813144a62c79c1bf5d8

Keys: pr_number type created_at actor_id 

                                         type  count unique            mean             std         min         25%         50%         75%         max
pr_number                               int64     39              38.538462       23.554915         1.0        11.0        50.0        57.0        62.0
type                                   object     39      2                                                                                            
created_at                             object     39     39                                                                                            
actor_id                                int64     39         9516626.820513  4339456.952804    547866.0   3945683.0  12797962.0  12797962.0  12797962.0
repo_id                                 int64     39             51098245.0             0.0  51098245.0  51098245.0  51098245.0  51098245.0  51098245.0
repo_name                              object     39      1                                                                                            
actor_login                            object     39      4                                                                                            
pr_title                               object     39      2                                                                                            
pr_body                                object     39      1                                                                                            
pr_action                              object     39      3                                                                                            
pr_merged_by_id                       float64      6              3945683.0             0.0   3945683.0   3945683.0   3945683.0   3945683.0   3945683.0
pr_merged_by_type                      object     39      2                                                                                            
pr_label                               object      0      0                                                                                            
pr_review_action                       object      0      0                                                                                            
pr_review_id                          float64      0                                                                                                   
pr_review_state                        object      0      0                                                                                            
pr_review_body                         object      0      0                                                                                            
pr_review_comment_body                 object      1      1                                                                                            
pr_review_comment_position             object      1      1                                                                                            
pr_review_comment_original_position    object      1      1                                                                                            
pr_review_comment_original_commit_id   object      1      1                                                                                            
pr_review_comment_commit_id            object      1      1                                                                                            
pr_review_comment_path                 object      1      1                                                                                            
pr_assignee                            object     39      1                                                                                            
pr_assignees                           object     39      2                                                                                            
pr_requested_reviewers                 object     39      2                                                                                            

