File: drive/output/scrape/extract_github_data/repo_level_data/pr/adafruit___adafruit_circuitpython_bitbangio.parquet

MD5 hash: 08fb3cf7a94b6e7952884f8cb185cbf6

Keys: pr_number type created_at actor_id 

                                         type  count unique               mean              std          min           25%           50%            75%           max
pr_number                               int64     75                      19.2         9.959377          1.0          12.5          23.0           27.0          33.0
type                                   object     75      3                                                                                                          
created_at                             object     75     74                                                                                                          
actor_id                                int64     75           26983995.893333  38563750.157113       2020.0     1354613.0     2681417.0     79681843.0    89490472.0
repo_id                                 int64     75               168741167.0              0.0  168741167.0   168741167.0   168741167.0    168741167.0   168741167.0
repo_name                              object     75      1                                                                                                          
actor_login                            object     75     16                                                                                                          
pr_title                               object     75     17                                                                                                          
pr_body                                object     75     11                                                                                                          
pr_action                              object     75      3                                                                                                          
pr_merged_by_id                       float64     18           11950417.944444  28223241.863873      52649.0     2474996.0     2681417.0     2806205.75    89490472.0
pr_merged_by_type                      object     75      2                                                                                                          
pr_label                               object      0      0                                                                                                          
pr_review_action                       object     19      1                                                                                                          
pr_review_id                          float64     36         1002220160.388889  559115275.55178  199367549.0  565521647.75  1065549757.0  1191767453.75  1928434425.0
pr_review_state                        object     19      3                                                                                                          
pr_review_body                         object     19     12                                                                                                          
pr_review_comment_body                 object     17     17                                                                                                          
pr_review_comment_position             object     17     13                                                                                                          
pr_review_comment_original_position    object     17     14                                                                                                          
pr_review_comment_original_commit_id   object     17      4                                                                                                          
pr_review_comment_commit_id            object     17      5                                                                                                          
pr_review_comment_path                 object     17      5                                                                                                          
pr_assignee                            object     75      1                                                                                                          
pr_assignees                           object     75      1                                                                                                          
pr_requested_reviewers                 object     75      3                                                                                                          

