File: drive/output/scrape/extract_github_data/repo_level_data/pr/aloneliberty___flippernestedrecovery.parquet

MD5 hash: 33e4493a9ebc1d46beece86e99cfdf75

Keys: pr_number type created_at actor_id 

                                         type  count unique         mean std          min          25%          50%          75%          max
pr_number                               int64      1                26.0             26.0         26.0         26.0         26.0         26.0
type                                   object      1      1                                                                                  
created_at                             object      1      1                                                                                  
actor_id                                int64      1          40769776.0       40769776.0   40769776.0   40769776.0   40769776.0   40769776.0
repo_id                                 int64      1         606935651.0      606935651.0  606935651.0  606935651.0  606935651.0  606935651.0
repo_name                              object      1      1                                                                                  
actor_login                            object      1      1                                                                                  
pr_title                               object      1      1                                                                                  
pr_body                                object      1      1                                                                                  
pr_action                              object      1      1                                                                                  
pr_merged_by_id                       float64      0                                                                                         
pr_merged_by_type                      object      1      1                                                                                  
pr_label                               object      0      0                                                                                  
pr_review_action                       object      0      0                                                                                  
pr_review_id                          float64      0                                                                                         
pr_review_state                        object      0      0                                                                                  
pr_review_body                         object      0      0                                                                                  
pr_review_comment_body                 object      0      0                                                                                  
pr_review_comment_position             object      0      0                                                                                  
pr_review_comment_original_position    object      0      0                                                                                  
pr_review_comment_original_commit_id   object      0      0                                                                                  
pr_review_comment_commit_id            object      0      0                                                                                  
pr_review_comment_path                 object      0      0                                                                                  
pr_assignee                            object      1      1                                                                                  
pr_assignees                           object      1      1                                                                                  
pr_requested_reviewers                 object      1      1                                                                                  

