File: drive/output/scrape/extract_github_data/repo_level_data/pr/ansys___ansys-api-edb.parquet

MD5 hash: e85e4ee8d19108a092c03d7fe4021d97

Keys: pr_number type created_at actor_id 

                                         type  count unique               mean               std           min           25%           50%           75%           max
pr_number                               int64    140                 34.407143         19.219256           3.0          17.0          32.0          52.0          70.0
type                                   object    140      3                                                                                                           
created_at                             object    140    140                                                                                                           
actor_id                                int64    140           93780126.678571   31974987.628561    11467482.0   103221973.0   103221973.0   104948990.0   157544179.0
repo_id                                 int64    140               716495460.0               0.0   716495460.0   716495460.0   716495460.0   716495460.0   716495460.0
repo_name                              object    140      1                                                                                                           
actor_login                            object    140      7                                                                                                           
pr_title                               object    140     37                                                                                                           
pr_body                                object    140     27                                                                                                           
pr_action                              object    140      3                                                                                                           
pr_merged_by_id                       float64     36           87824611.083333   34684129.241048    11467482.0   103221973.0   103221973.0   103221973.0   104948990.0
pr_merged_by_type                      object    140      2                                                                                                           
pr_label                               object      0      0                                                                                                           
pr_review_action                       object     52      1                                                                                                           
pr_review_id                          float64     54         2319424620.388889  307267953.383636  1846036315.0  2020211645.5  2322451612.5  2649093641.0  2825528692.0
pr_review_state                        object     52      3                                                                                                           
pr_review_body                         object     52      3                                                                                                           
pr_review_comment_body                 object      2      2                                                                                                           
pr_review_comment_position             object      2      2                                                                                                           
pr_review_comment_original_position    object      2      1                                                                                                           
pr_review_comment_original_commit_id   object      2      1                                                                                                           
pr_review_comment_commit_id            object      2      2                                                                                                           
pr_review_comment_path                 object      2      1                                                                                                           
pr_assignee                            object    140      1                                                                                                           
pr_assignees                           object    140      3                                                                                                           
pr_requested_reviewers                 object    140     12                                                                                                           

