File: drive/output/scrape/extract_github_data/repo_level_data/pr/apache___parquet-format.parquet

MD5 hash: ae0f8eb861aab6aa02409b659e9c1042

Keys: pr_number type created_at actor_id 

                                         type  count unique              mean               std         min           25%           50%           75%           max
pr_number                               int64   4686                257.96735        132.564816        23.0         175.0         240.0         259.0         504.0
type                                   object   4686      3                                                                                                        
created_at                             object   4686   4522                                                                                                        
actor_id                                int64   4686          11083876.078532   16776659.799465     24123.0     1134248.0     4684607.0    17869838.0   167037035.0
repo_id                                 int64   4686               20675635.0               0.0  20675635.0    20675635.0    20675635.0    20675635.0    20675635.0
repo_name                              object   4686      1                                                                                                        
actor_login                            object   4686    131                                                                                                        
pr_title                               object   4686    186                                                                                                        
pr_body                                object   4686    160                                                                                                        
pr_action                              object   4686      4                                                                                                        
pr_merged_by_id                       float64    152           9106605.763158    8833663.530124     87915.0     1134248.0     4684607.0    20421188.0    31421745.0
pr_merged_by_type                      object   4686      2                                                                                                        
pr_label                               object      0      0                                                                                                        
pr_review_action                       object   1777      1                                                                                                        
pr_review_id                          float64   4154         1760741498.12157  837899038.805603   5960845.0  1387199716.0  2087877252.0  2380686595.0  2971948939.0
pr_review_state                        object   1777      3                                                                                                        
pr_review_body                         object   1777    141                                                                                                        
pr_review_comment_body                 object   2411   2349                                                                                                        
pr_review_comment_position             object   2411    273                                                                                                        
pr_review_comment_original_position    object   2411    245                                                                                                        
pr_review_comment_original_commit_id   object   2411    267                                                                                                        
pr_review_comment_commit_id            object   2411    368                                                                                                        
pr_review_comment_path                 object   2411     30                                                                                                        
pr_assignee                            object   4686      1                                                                                                        
pr_assignees                           object   4686      2                                                                                                        
pr_requested_reviewers                 object   4686     27                                                                                                        

