File: drive/output/scrape/extract_github_data/repo_level_data/pr/apache___airflow.parquet

MD5 hash: 656dfe72962fe68aff4f743fa4b656d0

Keys: pr_number type created_at actor_id 

                                         type   count  unique               mean               std         min          25%           50%           75%           max
pr_number                             float64  253125                46256.64094    4904991.151963         5.0      14083.0       27843.0       39399.0  2208919849.0
type                                   object  253125       3                                                                                                        
created_at                             object  253125  242759                                                                                                        
actor_id                                int64  253125            20453879.942199   29441538.237261      1203.0     595491.0     8811558.0    26084858.0   218255556.0
repo_id                                 int64  253125            33870495.715093      360040.29238  24865568.0   33884891.0    33884891.0    33884891.0    33884891.0
repo_name                              object  253125       1                                                                                                        
actor_login                            object  253125    4911                                                                                                        
pr_title                               object  253125   27074                                                                                                        
pr_body                                object  253125   25509                                                                                                        
pr_action                              object  253115       6                                                                                                        
pr_merged_by_id                       float64   25687            13202745.620431   23783692.540933      3267.0     595491.0     1134248.0    11539188.0    98807258.0
pr_merged_by_type                      object  253115       2                                                                                                        
pr_label                               object       0       0                                                                                                        
pr_review_action                       object   94595       1                                                                                                        
pr_review_id                          float64  182498          1392995410.836234  820383809.819635         7.0  674186949.0  1270024633.0  2071822913.5  2973073075.0
pr_review_state                        object   94595       4                                                                                                        
pr_review_body                         object   94595    9080                                                                                                        
pr_review_comment_body                 object   89285   83013                                                                                                        
pr_review_comment_position             object   89285     858                                                                                                        
pr_review_comment_original_position    object   89285     823                                                                                                        
pr_review_comment_original_commit_id   object   89285   20944                                                                                                        
pr_review_comment_commit_id            object   89285   29579                                                                                                        
pr_review_comment_path                 object   89285    7564                                                                                                        
pr_assignee                            object  253115       2                                                                                                        
pr_assignees                           object  253115      78                                                                                                        
pr_requested_reviewers                 object  253115    8040                                                                                                        

