File: drive/output/scrape/extract_github_data/repo_level_data/pr/arcadia-science___readlif.parquet

MD5 hash: b9ddbd0d161cbc6ccccaeb3ea6a54357

Keys: pr_number type created_at actor_id 

                                         type  count unique               mean               std           min           25%           50%           75%           max
pr_number                               int64    110                      34.2         23.894186           1.0           6.5          37.0          57.0          64.0
type                                   object    110      3                                                                                                           
created_at                             object    110    109                                                                                                           
actor_id                                int64    110           17674039.627273   17584428.067539     2692053.0     5760352.0     8359342.0    31598395.0    95060350.0
repo_id                                 int64    110               317008138.0  265869989.097131   184678773.0   184678773.0   184678773.0   184678773.0   846325598.0
repo_name                              object    110      1                                                                                                           
actor_login                            object    110     15                                                                                                           
pr_title                               object    110      7                                                                                                           
pr_body                                object    110      7                                                                                                           
pr_action                              object    110      3                                                                                                           
pr_merged_by_id                       float64     22                25726112.5   11082764.163617     5760352.0    31598395.0    31598395.0    31598395.0    31598395.0
pr_merged_by_type                      object    110      2                                                                                                           
pr_label                               object      0      0                                                                                                           
pr_review_action                       object     27      1                                                                                                           
pr_review_id                          float64     52         2298180039.134615   47585524.305635  2258064480.0  2261845390.0  2301726659.0  2308147196.0  2599305517.0
pr_review_state                        object     27      2                                                                                                           
pr_review_body                         object     27      8                                                                                                           
pr_review_comment_body                 object     25     25                                                                                                           
pr_review_comment_position             object     25     15                                                                                                           
pr_review_comment_original_position    object     25     14                                                                                                           
pr_review_comment_original_commit_id   object     25      6                                                                                                           
pr_review_comment_commit_id            object     25      8                                                                                                           
pr_review_comment_path                 object     25      9                                                                                                           
pr_assignee                            object    110      1                                                                                                           
pr_assignees                           object    110      1                                                                                                           
pr_requested_reviewers                 object    110      3                                                                                                           

