File: drive/output/scrape/extract_github_data/repo_level_data/pr/arpuffer___pyvin.parquet

MD5 hash: 9131e0f6f1f5061d4eb4f6a9ed3f8232

Keys: pr_number type created_at actor_id 

                                         type  count unique         mean             std          min          25%          50%          75%          max
pr_number                               int64      8                5.75         0.46291          5.0         5.75          6.0          6.0          6.0
type                                   object      8      3                                                                                              
created_at                             object      8      8                                                                                              
actor_id                                int64      8           5857879.0  5915351.005041    1571800.0    1571800.0    1571800.0   13001344.0   13001344.0
repo_id                                 int64      8         233440041.0             0.0  233440041.0  233440041.0  233440041.0  233440041.0  233440041.0
repo_name                              object      8      1                                                                                              
actor_login                            object      8      2                                                                                              
pr_title                               object      8      2                                                                                              
pr_body                                object      8      2                                                                                              
pr_action                              object      8      3                                                                                              
pr_merged_by_id                       float64      1          13001344.0                   13001344.0   13001344.0   13001344.0   13001344.0   13001344.0
pr_merged_by_type                      object      8      2                                                                                              
pr_label                               object      0      0                                                                                              
pr_review_action                       object      2      1                                                                                              
pr_review_id                          float64      4         647477315.0             0.0  647477315.0  647477315.0  647477315.0  647477315.0  647477315.0
pr_review_state                        object      2      1                                                                                              
pr_review_body                         object      2      1                                                                                              
pr_review_comment_body                 object      2      2                                                                                              
pr_review_comment_position             object      2      2                                                                                              
pr_review_comment_original_position    object      2      2                                                                                              
pr_review_comment_original_commit_id   object      2      1                                                                                              
pr_review_comment_commit_id            object      2      1                                                                                              
pr_review_comment_path                 object      2      2                                                                                              
pr_assignee                            object      8      1                                                                                              
pr_assignees                           object      8      1                                                                                              
pr_requested_reviewers                 object      8      1                                                                                              

