File: drive/output/scrape/extract_github_data/repo_level_data/pr/aws___sagemaker-huggingface-inference-toolkit.parquet

MD5 hash: 3c63a6344aee553fb862f1db28c01a72

Keys: pr_number type created_at actor_id 

                                         type  count unique               mean               std          min          25%           50%            75%           max
pr_number                             float64    287                 72.811847          46.67496          1.0         25.0          92.0          108.5         138.0
type                                   object    287      3                                                                                                          
created_at                             object    287    280                                                                                                          
actor_id                                int64    287            41660648.71777   39766420.779711     880376.0   32632186.0    32632186.0     36211508.0   176500354.0
repo_id                                 int64    287               373906555.0               0.0  373906555.0  373906555.0   373906555.0    373906555.0   373906555.0
repo_name                              object    287      1                                                                                                          
actor_login                            object    287     30                                                                                                          
pr_title                               object    287     29                                                                                                          
pr_body                                object    287     27                                                                                                          
pr_action                              object    287      4                                                                                                          
pr_merged_by_id                       float64     41           35885686.658537   28554305.396597     880376.0   32632186.0    32632186.0     32632186.0   176500354.0
pr_merged_by_type                      object    287      2                                                                                                          
pr_label                               object      0      0                                                                                                          
pr_review_action                       object     92      1                                                                                                          
pr_review_id                          float64    182         1476826759.016484  629326555.720368  678702468.0  692856964.0  1640251789.0  1912509687.25  2768934336.0
pr_review_state                        object     92      3                                                                                                          
pr_review_body                         object     92     19                                                                                                          
pr_review_comment_body                 object     90     90                                                                                                          
pr_review_comment_position             object     90     44                                                                                                          
pr_review_comment_original_position    object     90     42                                                                                                          
pr_review_comment_original_commit_id   object     90     16                                                                                                          
pr_review_comment_commit_id            object     90     21                                                                                                          
pr_review_comment_path                 object     90     26                                                                                                          
pr_assignee                            object    287      1                                                                                                          
pr_assignees                           object    287      4                                                                                                          
pr_requested_reviewers                 object    287      9                                                                                                          

