File: drive/output/scrape/extract_github_data/repo_level_data/pr/azure___aks.parquet

MD5 hash: 4d90265018380e7deb4a1144226f828c

Keys: pr_number type created_at actor_id 

                                         type  count unique               mean               std          min           25%           50%           75%           max
pr_number                               int64   6749               4000.689435        956.760659         35.0        3506.0        4192.0        4779.0        5109.0
type                                   object   6749      3                                                                                                          
created_at                             object   6749   6584                                                                                                          
actor_id                                int64   6749           28046220.541414    31787481.30087      28873.0     4594231.0    11465526.0    45681473.0   182778121.0
repo_id                                 int64   6749               108296269.0               0.0  108296269.0   108296269.0   108296269.0   108296269.0   108296269.0
repo_name                              object   6749      1                                                                                                          
actor_login                            object   6749    171                                                                                                          
pr_title                               object   6749    341                                                                                                          
pr_body                                object   6749    171                                                                                                          
pr_action                              object   6749      4                                                                                                          
pr_merged_by_id                       float64    409           21588550.709046   27820333.359589      28873.0     4594231.0     7065724.0    37671069.0   172273315.0
pr_merged_by_type                      object   6749      3                                                                                                          
pr_label                               object      0      0                                                                                                          
pr_review_action                       object   2953      1                                                                                                          
pr_review_id                          float64   5783         1993217313.378177  678636047.662231  135177168.0  1484681480.0  2069828834.0  2638164362.0  2968152140.0
pr_review_state                        object   2953      4                                                                                                          
pr_review_body                         object   2953    158                                                                                                          
pr_review_comment_body                 object   2830   2607                                                                                                          
pr_review_comment_position             object   2830    141                                                                                                          
pr_review_comment_original_position    object   2830    138                                                                                                          
pr_review_comment_original_commit_id   object   2830    515                                                                                                          
pr_review_comment_commit_id            object   2830    697                                                                                                          
pr_review_comment_path                 object   2830     77                                                                                                          
pr_assignee                            object   6749      1                                                                                                          
pr_assignees                           object   6749     10                                                                                                          
pr_requested_reviewers                 object   6749    169                                                                                                          

