File: drive/output/scrape/extract_github_data/repo_level_data/pr/azure___azure-cosmos-table-python.parquet

MD5 hash: c2ef8cb3cdaa967d66dad7d07fb516cc

Keys: pr_number type created_at actor_id 

                                         type  count unique             mean               std          min          25%          50%          75%           max
pr_number                               int64     42               23.452381         19.607368          1.0          7.0         15.0         38.5          62.0
type                                   object     42      3                                                                                                     
created_at                             object     42     42                                                                                                     
actor_id                                int64     42         14201571.047619   15156806.494687     120888.0   6801685.75   13487215.0   13487215.0    77245923.0
repo_id                                 int64     42             105323559.0               0.0  105323559.0  105323559.0  105323559.0  105323559.0   105323559.0
repo_name                              object     42      1                                                                                                     
actor_login                            object     42     15                                                                                                     
pr_title                               object     42      5                                                                                                     
pr_body                                object     42      5                                                                                                     
pr_action                              object     42      3                                                                                                     
pr_merged_by_id                       float64     15         11925730.066667    4120748.299851    1776078.0   13487215.0   13487215.0   13487215.0    13487215.0
pr_merged_by_type                      object     42      2                                                                                                     
pr_label                               object      0      0                                                                                                     
pr_review_action                       object      2      1                                                                                                     
pr_review_id                          float64      4             488030497.0  462586984.924711   75658887.0  109141105.5  435544516.0  814433907.5  1005374069.0
pr_review_state                        object      2      1                                                                                                     
pr_review_body                         object      2      1                                                                                                     
pr_review_comment_body                 object      2      2                                                                                                     
pr_review_comment_position             object      2      2                                                                                                     
pr_review_comment_original_position    object      2      2                                                                                                     
pr_review_comment_original_commit_id   object      2      2                                                                                                     
pr_review_comment_commit_id            object      2      2                                                                                                     
pr_review_comment_path                 object      2      1                                                                                                     
pr_assignee                            object     42      1                                                                                                     
pr_assignees                           object     42      1                                                                                                     
pr_requested_reviewers                 object     42      5                                                                                                     

