File: drive/output/scrape/extract_github_data/repo_level_data/pr/bachya___regenmaschine.parquet

MD5 hash: 8d6788b880a7fc347b96bc38bd830dd8

Keys: pr_number type created_at actor_id 

                                         type  count unique               mean               std          min          25%          50%            75%           max
pr_number                               int64   1332                 368.85961        205.234891         10.0        189.0        372.0         545.25         730.0
type                                   object   1332      3                                                                                                         
created_at                             object   1332   1326                                                                                                         
actor_id                                int64   1332           23452982.677177   24424819.340152      47216.0      47216.0      47216.0     49699333.0    58596630.0
repo_id                                 int64   1332                94730967.0               0.0   94730967.0   94730967.0   94730967.0     94730967.0    94730967.0
repo_name                              object   1332      1                                                                                                         
actor_login                            object   1332     14                                                                                                         
pr_title                               object   1332     14                                                                                                         
pr_body                                object   1332     15                                                                                                         
pr_action                              object   1332      4                                                                                                         
pr_merged_by_id                       float64    528                   47216.0               0.0      47216.0      47216.0      47216.0        47216.0       47216.0
pr_merged_by_type                      object   1332      2                                                                                                         
pr_label                               object      0      0                                                                                                         
pr_review_action                       object     21      1                                                                                                         
pr_review_id                          float64     44         1011408784.386364  417879386.720229  431828999.0  770510362.0  770605804.0  1152582003.25  2064800857.0
pr_review_state                        object     21      3                                                                                                         
pr_review_body                         object     21     11                                                                                                         
pr_review_comment_body                 object     23     20                                                                                                         
pr_review_comment_position             object     23     15                                                                                                         
pr_review_comment_original_position    object     23     14                                                                                                         
pr_review_comment_original_commit_id   object     23      8                                                                                                         
pr_review_comment_commit_id            object     23     10                                                                                                         
pr_review_comment_path                 object     23      9                                                                                                         
pr_assignee                            object   1332      1                                                                                                         
pr_assignees                           object   1332      4                                                                                                         
pr_requested_reviewers                 object   1332      1                                                                                                         

