File: drive/output/scrape/extract_github_data/repo_level_data/pr/benmiroglio___pymatch.parquet

MD5 hash: b8b6e2e4f076dee2077944d663aa07a1

Keys: pr_number type created_at actor_id 

                                         type  count unique             mean              std          min          25%          50%          75%          max
pr_number                               int64     26               25.769231        16.902799          4.0         12.0         19.5         41.0         57.0
type                                   object     26      1                                                                                                   
created_at                             object     26     26                                                                                                   
actor_id                                int64     26         23802294.423077  19872995.620957     335541.0    8593945.0   14832609.5   44207278.0   64383625.0
repo_id                                 int64     26             104266916.0              0.0  104266916.0  104266916.0  104266916.0  104266916.0  104266916.0
repo_name                              object     26      1                                                                                                   
actor_login                            object     26     14                                                                                                   
pr_title                               object     26      1                                                                                                   
pr_body                                object     26      1                                                                                                   
pr_action                              object     26      3                                                                                                   
pr_merged_by_id                       float64      5               8593945.0              0.0    8593945.0    8593945.0    8593945.0    8593945.0    8593945.0
pr_merged_by_type                      object     26      2                                                                                                   
pr_label                               object      0      0                                                                                                   
pr_review_action                       object      0      0                                                                                                   
pr_review_id                          float64      0                                                                                                          
pr_review_state                        object      0      0                                                                                                   
pr_review_body                         object      0      0                                                                                                   
pr_review_comment_body                 object      0      0                                                                                                   
pr_review_comment_position             object      0      0                                                                                                   
pr_review_comment_original_position    object      0      0                                                                                                   
pr_review_comment_original_commit_id   object      0      0                                                                                                   
pr_review_comment_commit_id            object      0      0                                                                                                   
pr_review_comment_path                 object      0      0                                                                                                   
pr_assignee                            object     26      1                                                                                                   
pr_assignees                           object     26      1                                                                                                   
pr_requested_reviewers                 object     26      1                                                                                                   

