File: drive/output/scrape/extract_github_data/repo_level_data/pr/bradbase___xlcalculator.parquet

MD5 hash: ca5d4fe9f34ee9d9a7db37d598a2f8a1

Keys: pr_number type created_at actor_id 

                                         type  count unique              mean               std          min          25%          50%          75%           max
pr_number                               int64    129                41.232558         15.920953         12.0         31.0         37.0         51.0          82.0
type                                   object    129      3                                                                                                      
created_at                             object    129    121                                                                                                      
actor_id                                int64    129          21993852.155039   28870630.998048      59499.0     973993.0    2049915.0   47906258.0   115172008.0
repo_id                                 int64    129              246850476.0               0.0  246850476.0  246850476.0  246850476.0  246850476.0   246850476.0
repo_name                              object    129      1                                                                                                      
actor_login                            object    129     17                                                                                                      
pr_title                               object    129     10                                                                                                      
pr_body                                object    129     10                                                                                                      
pr_action                              object    129      4                                                                                                      
pr_merged_by_id                       float64     27          20094545.407407   23499536.264241     973993.0     973993.0     973993.0   47906258.0    47906258.0
pr_merged_by_type                      object    129      2                                                                                                      
pr_label                               object      0      0                                                                                                      
pr_review_action                       object     28      1                                                                                                      
pr_review_id                          float64     60         652920198.433333  313911780.668707  537446491.0  538482334.0  545724961.0  647236923.0  1804492634.0
pr_review_state                        object     28      2                                                                                                      
pr_review_body                         object     28      2                                                                                                      
pr_review_comment_body                 object     32     32                                                                                                      
pr_review_comment_position             object     32     17                                                                                                      
pr_review_comment_original_position    object     32     16                                                                                                      
pr_review_comment_original_commit_id   object     32      9                                                                                                      
pr_review_comment_commit_id            object     32     11                                                                                                      
pr_review_comment_path                 object     32     11                                                                                                      
pr_assignee                            object    129      1                                                                                                      
pr_assignees                           object    129      1                                                                                                      
pr_requested_reviewers                 object    129      1                                                                                                      

