File: drive/output/scrape/extract_github_data/repo_level_data/pr/c0fec0de___anytree.parquet

MD5 hash: 76abd35478866a807e0e5908d7b8ed9a

Keys: pr_number type created_at actor_id 

                                         type  count unique               mean              std           min           25%           50%           75%           max
pr_number                               int64    164                    166.25        80.616899           8.0        101.25         191.0         235.0         274.0
type                                   object    164      3                                                                                                          
created_at                             object    164    164                                                                                                          
actor_id                                int64    164           20797882.189024  14220484.190032       42320.0    18277236.0    20968479.0    20968479.0   110409356.0
repo_id                                 int64    164                66707325.0              0.0    66707325.0    66707325.0    66707325.0    66707325.0    66707325.0
repo_name                              object    164      1                                                                                                          
actor_login                            object    164     43                                                                                                          
pr_title                               object    164      4                                                                                                          
pr_body                                object    164      5                                                                                                          
pr_action                              object    164      3                                                                                                          
pr_merged_by_id                       float64     41                20968479.0              0.0    20968479.0    20968479.0    20968479.0    20968479.0    20968479.0
pr_merged_by_type                      object    164      2                                                                                                          
pr_label                               object      0      0                                                                                                          
pr_review_action                       object      7      1                                                                                                          
pr_review_id                          float64     12         1677316744.833333  290835375.37426  1284073031.0  1284074142.0  1879832458.0  1881422686.0  1881424011.0
pr_review_state                        object      7      2                                                                                                          
pr_review_body                         object      7      2                                                                                                          
pr_review_comment_body                 object      5      5                                                                                                          
pr_review_comment_position             object      5      3                                                                                                          
pr_review_comment_original_position    object      5      2                                                                                                          
pr_review_comment_original_commit_id   object      5      2                                                                                                          
pr_review_comment_commit_id            object      5      3                                                                                                          
pr_review_comment_path                 object      5      2                                                                                                          
pr_assignee                            object    164      1                                                                                                          
pr_assignees                           object    164      2                                                                                                          
pr_requested_reviewers                 object    164      1                                                                                                          

