File: drive/output/scrape/extract_github_data/repo_level_data/pr/camptocamp___c2cgeoportal.parquet

MD5 hash: d328b459ed47a11764a360f3a76d63a0

Keys: pr_number type created_at actor_id 

                                         type  count unique              mean               std        min          25%          50%           75%           max
pr_number                             float64  29007              7025.132589       3068.843663     1117.0       4407.0       7356.0        9676.0       12115.0
type                                   object  29007      3                                                                                                     
created_at                             object  29007  28747                                                                                                     
actor_id                                int64  29007            19212294.9416   25971261.927612    21686.0     353872.0    6095494.0    29139614.0   175728472.0
repo_id                                 int64  29007                2932773.0               0.0  2932773.0    2932773.0    2932773.0     2932773.0     2932773.0
repo_name                              object  29007      1                                                                                                     
actor_login                            object  29007     64                                                                                                     
pr_title                               object  29007   4200                                                                                                     
pr_body                                object  29007   3914                                                                                                     
pr_action                              object  29007      4                                                                                                     
pr_merged_by_id                       float64   8389          13441010.601025    22692428.22131    76594.0     353872.0     353872.0    27856297.0   146321879.0
pr_merged_by_type                      object  29007      3                                                                                                     
pr_label                               object      0      0                                                                                                     
pr_review_action                       object   5523      1                                                                                                     
pr_review_id                          float64   8846         905971818.877685  722795976.208437  3091004.0  428920982.5  727024809.5  1178115672.5  2972998598.0
pr_review_state                        object   5523      3                                                                                                     
pr_review_body                         object   5523    259                                                                                                     
pr_review_comment_body                 object   4177   3865                                                                                                     
pr_review_comment_position             object   4177    232                                                                                                     
pr_review_comment_original_position    object   4177    226                                                                                                     
pr_review_comment_original_commit_id   object   4177   1159                                                                                                     
pr_review_comment_commit_id            object   4177   1522                                                                                                     
pr_review_comment_path                 object   4177    525                                                                                                     
pr_assignee                            object  29007      1                                                                                                     
pr_assignees                           object  29007     26                                                                                                     
pr_requested_reviewers                 object  29007    166                                                                                                     

