File: drive/output/scrape/extract_github_data/repo_level_data/pr/circl___pypdns.parquet

MD5 hash: d78ad3b179eeb6f6350c9b08c9e43bd1

Keys: pr_number type created_at actor_id 

                                         type  count unique             mean             std         min         25%         50%         75%         max
pr_number                               int64     71               22.028169       11.735139         1.0        12.5        22.0        32.0        41.0
type                                   object     71      1                                                                                             
created_at                             object     71     71                                                                                             
actor_id                                int64     71         40007848.661972  19312179.89102      3309.0  49699333.0  49699333.0  49699333.0  49699333.0
repo_id                                 int64     71              26261043.0             0.0  26261043.0  26261043.0  26261043.0  26261043.0  26261043.0
repo_name                              object     71      1                                                                                             
actor_login                            object     71      8                                                                                             
pr_title                               object     71      1                                                                                             
pr_body                                object     71      1                                                                                             
pr_action                              object     71      2                                                                                             
pr_merged_by_id                       float64      9           194304.777778   108284.427742      3309.0    248875.0    248875.0    248875.0    248875.0
pr_merged_by_type                      object     71      2                                                                                             
pr_label                               object      0      0                                                                                             
pr_review_action                       object      0      0                                                                                             
pr_review_id                          float64      0                                                                                                    
pr_review_state                        object      0      0                                                                                             
pr_review_body                         object      0      0                                                                                             
pr_review_comment_body                 object      0      0                                                                                             
pr_review_comment_position             object      0      0                                                                                             
pr_review_comment_original_position    object      0      0                                                                                             
pr_review_comment_original_commit_id   object      0      0                                                                                             
pr_review_comment_commit_id            object      0      0                                                                                             
pr_review_comment_path                 object      0      0                                                                                             
pr_assignee                            object     71      1                                                                                             
pr_assignees                           object     71      3                                                                                             
pr_requested_reviewers                 object     71      2                                                                                             

