File: drive/output/scrape/extract_github_data/repo_level_data/pr/cisco-ie___cisco-gnmi-python.parquet

MD5 hash: 11310313138f2e05d173305b181bc005

Keys: pr_number type created_at actor_id 

                                         type  count unique             mean               std          min          25%          50%           75%           max
pr_number                               int64    156                42.99359          24.73459          4.0         20.0         44.0          63.0          95.0
type                                   object    156      3                                                                                                      
created_at                             object    156    156                                                                                                      
actor_id                                int64    156         15541937.448718    9169281.930358    2295386.0  16458311.25   16908622.0    16908622.0    49699333.0
repo_id                                 int64    156             137940569.0               0.0  137940569.0  137940569.0  137940569.0   137940569.0   137940569.0
repo_name                              object    156      1                                                                                                      
actor_login                            object    156     10                                                                                                      
pr_title                               object    156     16                                                                                                      
pr_body                                object    156     16                                                                                                      
pr_action                              object    156      4                                                                                                      
pr_merged_by_id                       float64     31         15965832.580645    3649378.596495    2295386.0   16908622.0   16908622.0    16908622.0    16908622.0
pr_merged_by_type                      object    156      2                                                                                                      
pr_label                               object      0      0                                                                                                      
pr_review_action                       object      2      1                                                                                                      
pr_review_id                          float64     84            381911341.25  122017302.508195  283377615.0  306103103.0  382500210.0  419565022.75  1058915945.0
pr_review_state                        object      2      1                                                                                                      
pr_review_body                         object      2      2                                                                                                      
pr_review_comment_body                 object     82     80                                                                                                      
pr_review_comment_position             object     82     41                                                                                                      
pr_review_comment_original_position    object     82     38                                                                                                      
pr_review_comment_original_commit_id   object     82     13                                                                                                      
pr_review_comment_commit_id            object     82     21                                                                                                      
pr_review_comment_path                 object     82     15                                                                                                      
pr_assignee                            object    156      1                                                                                                      
pr_assignees                           object    156      6                                                                                                      
pr_requested_reviewers                 object    156     15                                                                                                      

