File: drive/output/scrape/extract_github_data/repo_level_data/pr/cloudsci___cloudmetrics.parquet

MD5 hash: b8e3dd2b6f11bc9b7cc057bf8b0fb5e3

Keys: pr_number type created_at actor_id 

                                         type  count unique              mean               std          min          25%          50%           75%           max
pr_number                               int64    141                46.397163         19.039012         16.0         30.0         42.0          65.0          84.0
type                                   object    141      3                                                                                                       
created_at                             object    141    138                                                                                                       
actor_id                                int64    141           9113964.503546    9748892.751727    2405019.0    2405019.0    2405019.0    16775170.0    50653202.0
repo_id                                 int64    141              279602981.0               0.0  279602981.0  279602981.0  279602981.0   279602981.0   279602981.0
repo_name                              object    141      1                                                                                                       
actor_login                            object    141      4                                                                                                       
pr_title                               object    141     20                                                                                                       
pr_body                                object    141     19                                                                                                       
pr_action                              object    141      3                                                                                                       
pr_merged_by_id                       float64     35           6510776.428571    6586547.911884    2405019.0    2405019.0    2405019.0    16775170.0    16775170.0
pr_merged_by_type                      object    141      2                                                                                                       
pr_label                               object      0      0                                                                                                       
pr_review_action                       object     38      1                                                                                                       
pr_review_id                          float64     63         969872177.079365  333886756.180548  710589408.0  717761683.0  748936392.0  1243176420.5  1731546978.0
pr_review_state                        object     38      2                                                                                                       
pr_review_body                         object     38     22                                                                                                       
pr_review_comment_body                 object     25     25                                                                                                       
pr_review_comment_position             object     25     14                                                                                                       
pr_review_comment_original_position    object     25     13                                                                                                       
pr_review_comment_original_commit_id   object     25      8                                                                                                       
pr_review_comment_commit_id            object     25     11                                                                                                       
pr_review_comment_path                 object     25      8                                                                                                       
pr_assignee                            object    141      1                                                                                                       
pr_assignees                           object    141      3                                                                                                       
pr_requested_reviewers                 object    141      3                                                                                                       

