File: drive/output/scrape/extract_github_data/repo_level_data/pr/coderholic___django-cities.parquet

MD5 hash: f651c4f6649aad556e95c02d3507e9a1

Keys: pr_number type created_at actor_id 

                                         type  count unique              mean               std        min         25%          50%          75%           max
pr_number                               int64    164               158.591463          48.19946       70.0       117.0        157.5        205.0         246.0
type                                   object    164      3                                                                                                   
created_at                             object    164    163                                                                                                   
actor_id                                int64    164            2344971.97561    7576152.223082    26079.0    567788.0     597113.0   1038398.25    70002494.0
repo_id                                 int64    164                1068056.0               0.0  1068056.0   1068056.0    1068056.0    1068056.0     1068056.0
repo_name                              object    164      1                                                                                                   
actor_login                            object    164     39                                                                                                   
pr_title                               object    164     10                                                                                                   
pr_body                                object    164     12                                                                                                   
pr_action                              object    164      4                                                                                                   
pr_merged_by_id                       float64     42            390044.428571     357999.451493    26079.0     26079.0     597113.0     597113.0     1839452.0
pr_merged_by_type                      object    164      2                                                                                                   
pr_label                               object      0      0                                                                                                   
pr_review_action                       object      2      1                                                                                                   
pr_review_id                          float64     17         392919491.058824  597388575.270858  1667764.0  82367686.0  345643325.0  345643325.0  2529026108.0
pr_review_state                        object      2      1                                                                                                   
pr_review_body                         object      2      2                                                                                                   
pr_review_comment_body                 object     16     16                                                                                                   
pr_review_comment_position             object     16     10                                                                                                   
pr_review_comment_original_position    object     16      9                                                                                                   
pr_review_comment_original_commit_id   object     16      7                                                                                                   
pr_review_comment_commit_id            object     16      9                                                                                                   
pr_review_comment_path                 object     16      9                                                                                                   
pr_assignee                            object    164      1                                                                                                   
pr_assignees                           object    164      2                                                                                                   
pr_requested_reviewers                 object    164      3                                                                                                   

