File: drive/output/scrape/extract_github_data/repo_level_data/pr/codeocean___co_aux_tools.parquet

MD5 hash: f1dd2a386c632679473b50203da2b890

Keys: pr_number type created_at actor_id 

                                         type  count unique             mean             std           min           25%           50%           75%           max
pr_number                               int64     87                7.252874        6.050597           1.0           4.0           4.0          10.5          22.0
type                                   object     87      3                                                                                                       
created_at                             object     87     87                                                                                                       
actor_id                                int64     87         55898935.011494  7673394.265183    28743028.0    52245296.0    52245296.0    66278801.0    66278801.0
repo_id                                 int64     87             603093216.0             0.0   603093216.0   603093216.0   603093216.0   603093216.0   603093216.0
repo_name                              object     87      1                                                                                                       
actor_login                            object     87      3                                                                                                       
pr_title                               object     87      4                                                                                                       
pr_body                                object     87      2                                                                                                       
pr_action                              object     87      3                                                                                                       
pr_merged_by_id                       float64     20             52946971.25  3137987.114258    52245296.0    52245296.0    52245296.0    52245296.0    66278801.0
pr_merged_by_type                      object     87      2                                                                                                       
pr_label                               object      0      0                                                                                                       
pr_review_action                       object     20      1                                                                                                       
pr_review_id                          float64     48         1344966324.0625  9548896.609332  1320678644.0  1346779504.0  1348568841.5  1348875231.0  1351401620.0
pr_review_state                        object     20      4                                                                                                       
pr_review_body                         object     20      4                                                                                                       
pr_review_comment_body                 object     28     27                                                                                                       
pr_review_comment_position             object     28     14                                                                                                       
pr_review_comment_original_position    object     28     11                                                                                                       
pr_review_comment_original_commit_id   object     28      2                                                                                                       
pr_review_comment_commit_id            object     28      4                                                                                                       
pr_review_comment_path                 object     28      4                                                                                                       
pr_assignee                            object     87      1                                                                                                       
pr_assignees                           object     87      1                                                                                                       
pr_requested_reviewers                 object     87      7                                                                                                       

