File: drive/output/scrape/extract_github_data/repo_level_data/pr/coqui-ai___tts.parquet

MD5 hash: 660eb30179c3376ca73e55074d7a9a7c

Keys: pr_number type created_at actor_id 

                                         type  count unique              mean               std          min          25%          50%            75%           max
pr_number                             float64   2914              1733.723747       1029.610817          4.0        731.0       1555.5         2587.0        4300.0
type                                   object   2914      3                                                                                                        
created_at                             object   2914   2728                                                                                                        
actor_id                                int64   2914          15911025.890872   23985332.864247       3917.0    1402048.0    2743976.0     26384082.0   208160024.0
repo_id                                 int64   2914              265612440.0               0.0  265612440.0  265612440.0  265612440.0    265612440.0   265612440.0
repo_name                              object   2914      1                                                                                                        
actor_login                            object   2914    259                                                                                                        
pr_title                               object   2914    161                                                                                                        
pr_body                                object   2914    113                                                                                                        
pr_action                              object   2914      4                                                                                                        
pr_merged_by_id                       float64    418           2459308.555024      4964193.1087    1402048.0    1402048.0    1402048.0      1402048.0    28763586.0
pr_merged_by_type                      object   2914      2                                                                                                        
pr_label                               object      0      0                                                                                                        
pr_review_action                       object    725      1                                                                                                        
pr_review_id                          float64   1494         974236898.411647  333811364.914075  604373585.0  706727706.5  874195944.0  1162875358.75  2517808497.0
pr_review_state                        object    725      3                                                                                                        
pr_review_body                         object    725     46                                                                                                        
pr_review_comment_body                 object    769    732                                                                                                        
pr_review_comment_position             object    769    142                                                                                                        
pr_review_comment_original_position    object    769    133                                                                                                        
pr_review_comment_original_commit_id   object    769    152                                                                                                        
pr_review_comment_commit_id            object    769    227                                                                                                        
pr_review_comment_path                 object    769    142                                                                                                        
pr_assignee                            object   2914      1                                                                                                        
pr_assignees                           object   2914      6                                                                                                        
pr_requested_reviewers                 object   2914     14                                                                                                        

