File: drive/output/scrape/extract_github_data/repo_level_data/pr/cosmian___kms.parquet

MD5 hash: 684648008e3d7190c5461e0edf57f798

Keys: pr_number type created_at actor_id 

                                         type  count unique               mean               std           min           25%           50%           75%           max
pr_number                             float64   2477                190.979411        123.933365           1.0          79.0         191.0         290.0         455.0
type                                   object   2477      3                                                                                                           
created_at                             object   2477   2413                                                                                                           
actor_id                                int64   2477           34751469.115866     26517382.8232      797684.0    12683889.0    32013169.0    47418794.0   175728472.0
repo_id                                 int64   2477               639096103.0               0.0   639096103.0   639096103.0   639096103.0   639096103.0   639096103.0
repo_name                              object   2477      1                                                                                                           
actor_login                            object   2477     18                                                                                                           
pr_title                               object   2477    208                                                                                                           
pr_body                                object   2477    124                                                                                                           
pr_action                              object   2477      3                                                                                                           
pr_merged_by_id                       float64    276           30655905.242754    8580807.936026      797684.0    32013169.0    32013169.0    32013169.0    87476144.0
pr_merged_by_type                      object   2477      2                                                                                                           
pr_label                               object      0      0                                                                                                           
pr_review_action                       object    915      1                                                                                                           
pr_review_id                          float64   1858         1958320204.972551  349128998.455088  1423076666.0  1690406762.0  1892424363.0  2199373539.0  2961320152.0
pr_review_state                        object    915      3                                                                                                           
pr_review_body                         object    915     68                                                                                                           
pr_review_comment_body                 object    943    850                                                                                                           
pr_review_comment_position             object    943    190                                                                                                           
pr_review_comment_original_position    object    943    189                                                                                                           
pr_review_comment_original_commit_id   object    943    140                                                                                                           
pr_review_comment_commit_id            object    943    215                                                                                                           
pr_review_comment_path                 object    943    253                                                                                                           
pr_assignee                            object   2477      1                                                                                                           
pr_assignees                           object   2477      9                                                                                                           
pr_requested_reviewers                 object   2477     43                                                                                                           

