File: drive/output/scrape/extract_github_data/repo_level_data/pr/davidhuser___dhis2-pk.parquet

MD5 hash: 1bdb21d0a494a1cd62777c40f9fd5eb0

Keys: pr_number type created_at actor_id 

                                         type  count unique             mean              std         min         25%         50%         75%         max
pr_number                               int64     21               19.761905         8.348082         5.0        12.0        23.0        26.0        30.0
type                                   object     21      1                                                                                              
created_at                             object     21     21                                                                                              
actor_id                                int64     21         14294319.047619  18568064.739375   4357648.0   4357648.0   4357648.0   4357648.0  49699333.0
repo_id                                 int64     21              70621508.0              0.0  70621508.0  70621508.0  70621508.0  70621508.0  70621508.0
repo_name                              object     21      1                                                                                              
actor_login                            object     21      3                                                                                              
pr_title                               object     21      1                                                                                              
pr_body                                object     21      1                                                                                              
pr_action                              object     21      2                                                                                              
pr_merged_by_id                       float64      8               4357648.0              0.0   4357648.0   4357648.0   4357648.0   4357648.0   4357648.0
pr_merged_by_type                      object     21      2                                                                                              
pr_label                               object      0      0                                                                                              
pr_review_action                       object      0      0                                                                                              
pr_review_id                          float64      0                                                                                                     
pr_review_state                        object      0      0                                                                                              
pr_review_body                         object      0      0                                                                                              
pr_review_comment_body                 object      0      0                                                                                              
pr_review_comment_position             object      0      0                                                                                              
pr_review_comment_original_position    object      0      0                                                                                              
pr_review_comment_original_commit_id   object      0      0                                                                                              
pr_review_comment_commit_id            object      0      0                                                                                              
pr_review_comment_path                 object      0      0                                                                                              
pr_assignee                            object     21      1                                                                                              
pr_assignees                           object     21      1                                                                                              
pr_requested_reviewers                 object     21      1                                                                                              

