File: drive/output/scrape/extract_github_data/repo_level_data/pr/deepgraph___deepgraph.parquet

MD5 hash: 434037d533432c8ec2d2f87db7fb6c37

Keys: pr_number type created_at actor_id 

                                         type  count unique        mean              std         min         25%         50%          75%         max
pr_number                               int64     10               18.2          6.08824         7.0        19.0        20.0         22.0        23.0
type                                   object     10      1                                                                                          
created_at                             object     10     10                                                                                          
actor_id                                int64     10         16970996.5  17277239.006366   8395510.0   8395510.0   8395510.0  10755924.25  49699333.0
repo_id                                 int64     10         45039478.0              0.0  45039478.0  45039478.0  45039478.0   45039478.0  45039478.0
repo_name                              object     10      1                                                                                          
actor_login                            object     10      3                                                                                          
pr_title                               object     10      1                                                                                          
pr_body                                object     10      1                                                                                          
pr_action                              object     10      2                                                                                          
pr_merged_by_id                       float64      4          8395510.0              0.0   8395510.0   8395510.0   8395510.0    8395510.0   8395510.0
pr_merged_by_type                      object     10      2                                                                                          
pr_label                               object      0      0                                                                                          
pr_review_action                       object      0      0                                                                                          
pr_review_id                          float64      0                                                                                                 
pr_review_state                        object      0      0                                                                                          
pr_review_body                         object      0      0                                                                                          
pr_review_comment_body                 object      0      0                                                                                          
pr_review_comment_position             object      0      0                                                                                          
pr_review_comment_original_position    object      0      0                                                                                          
pr_review_comment_original_commit_id   object      0      0                                                                                          
pr_review_comment_commit_id            object      0      0                                                                                          
pr_review_comment_path                 object      0      0                                                                                          
pr_assignee                            object     10      1                                                                                          
pr_assignees                           object     10      1                                                                                          
pr_requested_reviewers                 object     10      1                                                                                          

