File: drive/output/scrape/extract_github_data/repo_level_data/pr/dmlc___xgboost.parquet

MD5 hash: d8cd4ab237cbdbe5251022ebc4e5dee5

Keys: pr_number type created_at actor_id 

                                         type  count unique               mean               std         min          25%          50%            75%           max
pr_number                             float64  25176               7005.016563       2857.309828       203.0       4903.0       7197.0        9398.25       11540.0
type                                   object  25176      3                                                                                                        
created_at                             object  25176  24452                                                                                                        
actor_id                                int64  25176           12643125.506157   14959943.156413      3977.0    2532981.0   13200995.5     16746409.0   185837594.0
repo_id                                 int64  25176                16587283.0               0.0  16587283.0   16587283.0   16587283.0     16587283.0    16587283.0
repo_name                              object  25176      1                                                                                                        
actor_login                            object  25176    837                                                                                                        
pr_title                               object  25176   2825                                                                                                        
pr_body                                object  25176   2529                                                                                                        
pr_action                              object  25176      4                                                                                                        
pr_merged_by_id                       float64   4456           11019640.186266     6970611.90558    185856.0    2577440.0   16746409.0     16746409.0    49699333.0
pr_merged_by_type                      object  25176      3                                                                                                        
pr_label                               object      0      0                                                                                                        
pr_review_action                       object   5741      1                                                                                                        
pr_review_id                          float64  13572         1043355628.764884  762167379.267494   4487447.0  398645461.5  855257345.5  1586577728.25  2972638698.0
pr_review_state                        object   5741      3                                                                                                        
pr_review_body                         object   5741    704                                                                                                        
pr_review_comment_body                 object   7930   7280                                                                                                        
pr_review_comment_position             object   7930    451                                                                                                        
pr_review_comment_original_position    object   7930    423                                                                                                        
pr_review_comment_original_commit_id   object   7930   1638                                                                                                        
pr_review_comment_commit_id            object   7930   2257                                                                                                        
pr_review_comment_path                 object   7930    812                                                                                                        
pr_assignee                            object  25176      1                                                                                                        
pr_assignees                           object  25176     19                                                                                                        
pr_requested_reviewers                 object  25176     69                                                                                                        

