File: drive/output/scrape/extract_github_data/repo_level_data/pr/domaintools___python_api.parquet

MD5 hash: 0522e8af05316ec9bb3102ec0797511a

Keys: pr_number type created_at actor_id 

                                         type  count unique               mean               std         min          25%           50%           75%           max
pr_number                               int64    415                 95.973494         45.192468         1.0         66.5         101.0         136.0         169.0
type                                   object    415      3                                                                                                        
created_at                             object    415    408                                                                                                        
actor_id                                int64    415           50416317.185542   57816660.603168     35014.0     737690.0    18468747.0   126273665.0   133698148.0
repo_id                                 int64    415                71191969.0               0.0  71191969.0   71191969.0    71191969.0    71191969.0    71191969.0
repo_name                              object    415      1                                                                                                        
actor_login                            object    415     26                                                                                                        
pr_title                               object    415     69                                                                                                        
pr_body                                object    415     49                                                                                                        
pr_action                              object    415      4                                                                                                        
pr_merged_by_id                       float64    106           39917362.367925   57555129.735501     35014.0     737690.0     2090154.0   126273665.0   133698148.0
pr_merged_by_type                      object    415      2                                                                                                        
pr_label                               object      0      0                                                                                                        
pr_review_action                       object    112      1                                                                                                        
pr_review_id                          float64    179         1551883506.765363  825833853.549748   7716837.0  906143011.0  1023901595.0  2615570791.0  2841137797.0
pr_review_state                        object    112      3                                                                                                        
pr_review_body                         object    112     30                                                                                                        
pr_review_comment_body                 object     67     60                                                                                                        
pr_review_comment_position             object     67     30                                                                                                        
pr_review_comment_original_position    object     67     31                                                                                                        
pr_review_comment_original_commit_id   object     67     28                                                                                                        
pr_review_comment_commit_id            object     67     32                                                                                                        
pr_review_comment_path                 object     67     18                                                                                                        
pr_assignee                            object    415      1                                                                                                        
pr_assignees                           object    415      8                                                                                                        
pr_requested_reviewers                 object    415      7                                                                                                        

