File: drive/output/scrape/extract_github_data/repo_level_data/pr/ecmwf___multiurl.parquet

MD5 hash: 43e12a7dc5a1387b6e895ba917928fd9

Keys: pr_number type created_at actor_id 

                                         type  count unique             mean              std          min          25%          50%          75%          max
pr_number                               int64     35               15.657143         7.730546          2.0          9.5         16.0         21.0         29.0
type                                   object     35      1                                                                                                   
created_at                             object     35     35                                                                                                   
actor_id                                int64     35         29431303.171429  21091864.210628     638836.0    9033020.0   40060766.0   53045993.0   53045993.0
repo_id                                 int64     35             433354877.0              0.0  433354877.0  433354877.0  433354877.0  433354877.0  433354877.0
repo_name                              object     35      1                                                                                                   
actor_login                            object     35     10                                                                                                   
pr_title                               object     35      1                                                                                                   
pr_body                                object     35      1                                                                                                   
pr_action                              object     35      2                                                                                                   
pr_merged_by_id                       float64     13         38893698.615385  17986460.614695    9033020.0   40060766.0   40060766.0   53045993.0   53045993.0
pr_merged_by_type                      object     35      2                                                                                                   
pr_label                               object      0      0                                                                                                   
pr_review_action                       object      0      0                                                                                                   
pr_review_id                          float64      0                                                                                                          
pr_review_state                        object      0      0                                                                                                   
pr_review_body                         object      0      0                                                                                                   
pr_review_comment_body                 object      0      0                                                                                                   
pr_review_comment_position             object      0      0                                                                                                   
pr_review_comment_original_position    object      0      0                                                                                                   
pr_review_comment_original_commit_id   object      0      0                                                                                                   
pr_review_comment_commit_id            object      0      0                                                                                                   
pr_review_comment_path                 object      0      0                                                                                                   
pr_assignee                            object     35      1                                                                                                   
pr_assignees                           object     35      1                                                                                                   
pr_requested_reviewers                 object     35      2                                                                                                   

