File: drive/output/scrape/extract_github_data/repo_level_data/pr/elyra-ai___elyra.parquet

MD5 hash: 8f8676dfa8add64b7559675db1dcf4b5

Keys: pr_number type created_at actor_id 

                                         type  count unique              mean               std          min          25%          50%          75%           max
pr_number                             float64   9821              1851.080949        806.152713        241.0       1219.0       1882.0       2507.0        3315.0
type                                   object   9821      3                                                                                                      
created_at                             object   9821   9113                                                                                                      
actor_id                                int64   9821          15086358.470115   12608770.527917       3217.0    4212769.0   13340013.0   22599560.0   113337503.0
repo_id                                 int64   9821              216914329.0               0.0  216914329.0  216914329.0  216914329.0  216914329.0   216914329.0
repo_name                              object   9821      1                                                                                                      
actor_login                            object   9821     77                                                                                                      
pr_title                               object   9821   1199                                                                                                      
pr_body                                object   9821   1306                                                                                                      
pr_action                              object   9821      5                                                                                                      
pr_merged_by_id                       float64   1233           5362036.126521      6781402.2361     382917.0     382917.0     382917.0   13340013.0    31816267.0
pr_merged_by_type                      object   9821      2                                                                                                      
pr_label                               object      0      0                                                                                                      
pr_review_action                       object   3701      1                                                                                                      
pr_review_id                          float64   7126         767091746.564693  322853564.499693  375572090.0  589561018.0  706748045.0  892460083.0  2940440617.0
pr_review_state                        object   3701      4                                                                                                      
pr_review_body                         object   3701    863                                                                                                      
pr_review_comment_body                 object   3425   3295                                                                                                      
pr_review_comment_position             object   3425    286                                                                                                      
pr_review_comment_original_position    object   3425    272                                                                                                      
pr_review_comment_original_commit_id   object   3425    887                                                                                                      
pr_review_comment_commit_id            object   3425   1168                                                                                                      
pr_review_comment_path                 object   3425    362                                                                                                      
pr_assignee                            object   9821      1                                                                                                      
pr_assignees                           object   9821     31                                                                                                      
pr_requested_reviewers                 object   9821    168                                                                                                      

