File: drive/output/scrape/extract_github_data/repo_level_data/pr/felixthec___strongtyping.parquet

MD5 hash: 8759d36d205673dbadcb7f468d78d5e7

Keys: pr_number type created_at actor_id 

                                         type  count unique             mean               std          min          25%          50%           75%           max
pr_number                               int64    231               70.025974         43.610322          1.0         30.5         68.0         106.0         145.0
type                                   object    231      2                                                                                                      
created_at                             object    231    229                                                                                                      
actor_id                                int64    231         21154107.515152   12298016.343604    2130398.0   15969581.0   15969581.0    15969581.0    52447762.0
repo_id                                 int64    231             260483092.0               0.0  260483092.0  260483092.0  260483092.0   260483092.0   260483092.0
repo_name                              object    231      1                                                                                                      
actor_login                            object    231      8                                                                                                      
pr_title                               object    231      3                                                                                                      
pr_body                                object    231      2                                                                                                      
pr_action                              object    231      3                                                                                                      
pr_merged_by_id                       float64    109              15969581.0               0.0   15969581.0   15969581.0   15969581.0    15969581.0    15969581.0
pr_merged_by_type                      object    231      2                                                                                                      
pr_label                               object      0      0                                                                                                      
pr_review_action                       object      2      1                                                                                                      
pr_review_id                          float64      2             991950187.0  323915021.173548  762907679.0  877428933.0  991950187.0  1106471441.0  1220992695.0
pr_review_state                        object      2      1                                                                                                      
pr_review_body                         object      2      2                                                                                                      
pr_review_comment_body                 object      0      0                                                                                                      
pr_review_comment_position             object      0      0                                                                                                      
pr_review_comment_original_position    object      0      0                                                                                                      
pr_review_comment_original_commit_id   object      0      0                                                                                                      
pr_review_comment_commit_id            object      0      0                                                                                                      
pr_review_comment_path                 object      0      0                                                                                                      
pr_assignee                            object    231      1                                                                                                      
pr_assignees                           object    231      3                                                                                                      
pr_requested_reviewers                 object    231      2                                                                                                      

