File: drive/output/scrape/extract_github_data/repo_level_data/pr/frankie567___httpx-ws.parquet

MD5 hash: af421514e420a9bdfdad64c412a2ca21

Keys: pr_number type created_at actor_id 

                                         type  count unique              mean               std           min           25%           50%           75%           max
pr_number                               int64    113                71.327434         27.056965           8.0          58.0          80.0          94.0         106.0
type                                   object    113      3                                                                                                          
created_at                             object    113    111                                                                                                          
actor_id                                int64    113          15338533.858407   26377653.316945      130003.0     1144727.0     1144727.0    31543961.0   175728472.0
repo_id                                 int64    113              569161134.0               0.0   569161134.0   569161134.0   569161134.0   569161134.0   569161134.0
repo_name                              object    113      1                                                                                                          
actor_login                            object    113     17                                                                                                          
pr_title                               object    113     12                                                                                                          
pr_body                                object    113      9                                                                                                          
pr_action                              object    113      3                                                                                                          
pr_merged_by_id                       float64     33                1144727.0               0.0     1144727.0     1144727.0     1144727.0     1144727.0     1144727.0
pr_merged_by_type                      object    113      2                                                                                                          
pr_label                               object      0      0                                                                                                          
pr_review_action                       object     21      1                                                                                                          
pr_review_id                          float64     37         2377207664.72973  353020476.293027  1516505583.0  2350518247.0  2401611959.0  2503745195.0  2931605722.0
pr_review_state                        object     21      3                                                                                                          
pr_review_body                         object     21      5                                                                                                          
pr_review_comment_body                 object     16     16                                                                                                          
pr_review_comment_position             object     16     11                                                                                                          
pr_review_comment_original_position    object     16     11                                                                                                          
pr_review_comment_original_commit_id   object     16      7                                                                                                          
pr_review_comment_commit_id            object     16      8                                                                                                          
pr_review_comment_path                 object     16      3                                                                                                          
pr_assignee                            object    113      1                                                                                                          
pr_assignees                           object    113      1                                                                                                          
pr_requested_reviewers                 object    113      1                                                                                                          

