File: drive/output/scrape/extract_github_data/repo_level_data/pr/freddyaboulton___gradio-range-slider.parquet

MD5 hash: 42bb18b3ba000e95ea64f5276f3f56e9

Keys: pr_number type created_at actor_id 

                                         type  count unique          mean             std           min           25%           50%           75%           max
pr_number                               int64     10                  7.8        2.097618           5.0          6.25           7.0           9.0          11.0
type                                   object     10      2                                                                                                    
created_at                             object     10     10                                                                                                    
actor_id                                int64     10           39298847.0  7440425.076003    18123026.0    41651716.0    41651716.0    41651716.0    41651716.0
repo_id                                 int64     10          796948573.0             0.0   796948573.0   796948573.0   796948573.0   796948573.0   796948573.0
repo_name                              object     10      1                                                                                                    
actor_login                            object     10      2                                                                                                    
pr_title                               object     10      2                                                                                                    
pr_body                                object     10      2                                                                                                    
pr_action                              object     10      3                                                                                                    
pr_merged_by_id                       float64      4           41651716.0             0.0    41651716.0    41651716.0    41651716.0    41651716.0    41651716.0
pr_merged_by_type                      object     10      2                                                                                                    
pr_label                               object      0      0                                                                                                    
pr_review_action                       object      1      1                                                                                                    
pr_review_id                          float64      1         2100026638.0                  2100026638.0  2100026638.0  2100026638.0  2100026638.0  2100026638.0
pr_review_state                        object      1      1                                                                                                    
pr_review_body                         object      1      1                                                                                                    
pr_review_comment_body                 object      0      0                                                                                                    
pr_review_comment_position             object      0      0                                                                                                    
pr_review_comment_original_position    object      0      0                                                                                                    
pr_review_comment_original_commit_id   object      0      0                                                                                                    
pr_review_comment_commit_id            object      0      0                                                                                                    
pr_review_comment_path                 object      0      0                                                                                                    
pr_assignee                            object     10      1                                                                                                    
pr_assignees                           object     10      1                                                                                                    
pr_requested_reviewers                 object     10      1                                                                                                    

