File: drive/output/scrape/extract_github_data/repo_level_data/pr/getgauge___gauge-python.parquet

MD5 hash: bb51aa3a52abf9bf7f41d78bc537d29b

Keys: pr_number type created_at actor_id 

                                         type  count unique               mean                std         min          25%           50%           75%           max
pr_number                             float64    719                265.853964         120.975145        12.0        172.0         290.0         370.0         441.0
type                                   object    719      3                                                                                                         
created_at                             object    719    716                                                                                                         
actor_id                                int64    719            27458466.22114    19021176.352824     54427.0   13623227.0    27856297.0    49699333.0    89982771.0
repo_id                                 int64    719                51195004.0                0.0  51195004.0   51195004.0    51195004.0    51195004.0    51195004.0
repo_name                              object    719      1                                                                                                         
actor_login                            object    719     28                                                                                                         
pr_title                               object    719     70                                                                                                         
pr_body                                object    719     94                                                                                                         
pr_action                              object    719      4                                                                                                         
pr_merged_by_id                       float64    184                15721238.0    11863746.296088     54427.0    5715387.0    15285807.0    29788154.0    34643008.0
pr_merged_by_type                      object    719      2                                                                                                         
pr_label                               object      0      0                                                                                                         
pr_review_action                       object    105      1                                                                                                         
pr_review_id                          float64    175         1550253443.468571  1015968814.411724  57750348.0  146708710.0  2145198763.0  2339183105.0  2941610863.0
pr_review_state                        object    105      3                                                                                                         
pr_review_body                         object    105      3                                                                                                         
pr_review_comment_body                 object     70     66                                                                                                         
pr_review_comment_position             object     70     35                                                                                                         
pr_review_comment_original_position    object     70     33                                                                                                         
pr_review_comment_original_commit_id   object     70     24                                                                                                         
pr_review_comment_commit_id            object     70     27                                                                                                         
pr_review_comment_path                 object     70     22                                                                                                         
pr_assignee                            object    719      1                                                                                                         
pr_assignees                           object    719     13                                                                                                         
pr_requested_reviewers                 object    719      5                                                                                                         

