File: drive/output/scrape/extract_github_data/repo_level_data/pr/gmgarciag___chile_rut.parquet

MD5 hash: 8784dbe65e3b79880621f020d70bf8ec

Keys: pr_number type created_at actor_id 

                                         type  count unique        mean       std         min         25%         50%         75%         max
pr_number                               int64     24           5.666667  3.546789         1.0        2.75         5.5        8.25        12.0
type                                   object     24      1                                                                                  
created_at                             object     24     24                                                                                  
actor_id                                int64     24         14003058.0       0.0  14003058.0  14003058.0  14003058.0  14003058.0  14003058.0
repo_id                                 int64     24         93524609.0       0.0  93524609.0  93524609.0  93524609.0  93524609.0  93524609.0
repo_name                              object     24      1                                                                                  
actor_login                            object     24      1                                                                                  
pr_title                               object     24      1                                                                                  
pr_body                                object     24      1                                                                                  
pr_action                              object     24      3                                                                                  
pr_merged_by_id                       float64     11         14003058.0       0.0  14003058.0  14003058.0  14003058.0  14003058.0  14003058.0
pr_merged_by_type                      object     24      2                                                                                  
pr_label                               object      0      0                                                                                  
pr_review_action                       object      0      0                                                                                  
pr_review_id                          float64      0                                                                                         
pr_review_state                        object      0      0                                                                                  
pr_review_body                         object      0      0                                                                                  
pr_review_comment_body                 object      0      0                                                                                  
pr_review_comment_position             object      0      0                                                                                  
pr_review_comment_original_position    object      0      0                                                                                  
pr_review_comment_original_commit_id   object      0      0                                                                                  
pr_review_comment_commit_id            object      0      0                                                                                  
pr_review_comment_path                 object      0      0                                                                                  
pr_assignee                            object     24      1                                                                                  
pr_assignees                           object     24      1                                                                                  
pr_requested_reviewers                 object     24      1                                                                                  

