File: drive/output/scrape/extract_github_data/repo_level_data/pr/goru001___inltk.parquet

MD5 hash: 489f7b4f79f4e4ab717b99e994600ad2

Keys: pr_number type created_at actor_id 

                                         type  count unique              mean               std          min           25%          50%           75%           max
pr_number                               int64     64                38.265625         23.496195          4.0         23.25         32.0          44.0          98.0
type                                   object     64      3                                                                                                        
created_at                             object     64     64                                                                                                        
actor_id                                int64     64            17928368.3125   21360957.206899     628161.0     9017168.0    9017168.0   12578560.25   112164988.0
repo_id                                 int64     64              177263796.0               0.0  177263796.0   177263796.0  177263796.0   177263796.0   177263796.0
repo_name                              object     64      1                                                                                                        
actor_login                            object     64     14                                                                                                        
pr_title                               object     64      6                                                                                                        
pr_body                                object     64      3                                                                                                        
pr_action                              object     64      3                                                                                                        
pr_merged_by_id                       float64     22                9017168.0               0.0    9017168.0     9017168.0    9017168.0     9017168.0     9017168.0
pr_merged_by_type                      object     64      2                                                                                                        
pr_label                               object      0      0                                                                                                        
pr_review_action                       object      3      1                                                                                                        
pr_review_id                          float64      6         490818344.666667  317933835.109524  241995432.0  245864516.25  381820555.5  621884588.25  1036821756.0
pr_review_state                        object      3      1                                                                                                        
pr_review_body                         object      3      3                                                                                                        
pr_review_comment_body                 object      3      3                                                                                                        
pr_review_comment_position             object      3      2                                                                                                        
pr_review_comment_original_position    object      3      2                                                                                                        
pr_review_comment_original_commit_id   object      3      2                                                                                                        
pr_review_comment_commit_id            object      3      3                                                                                                        
pr_review_comment_path                 object      3      2                                                                                                        
pr_assignee                            object     64      1                                                                                                        
pr_assignees                           object     64      1                                                                                                        
pr_requested_reviewers                 object     64      1                                                                                                        

