File: drive/output/scrape/extract_github_data/repo_level_data/pr/gradientinstitute___aboleth.parquet

MD5 hash: 3f4b4df0abd5285924fb88820bc54635

Keys: pr_number type created_at actor_id 

                                         type  count unique             mean              std         min         25%         50%         75%          max
pr_number                               int64     75              168.506667        23.361075       131.0       150.0       167.0       189.0        211.0
type                                   object     75      2                                                                                               
created_at                             object     75     75                                                                                               
actor_id                                int64     75          2512274.266667     857344.83219   1112238.0   1715590.0   3210700.0   3210700.0    3210700.0
repo_id                                 int64     75              81388866.0              0.0  81388866.0  81388866.0  81388866.0  81388866.0   81388866.0
repo_name                              object     75      1                                                                                               
actor_login                            object     75      3                                                                                               
pr_title                               object     75      6                                                                                               
pr_body                                object     75      4                                                                                               
pr_action                              object     75      3                                                                                               
pr_merged_by_id                       float64     33          2558127.515152    778822.541552   1112238.0   1715590.0   3210700.0   3210700.0    3210700.0
pr_merged_by_type                      object     75      2                                                                                               
pr_label                               object      0      0                                                                                               
pr_review_action                       object      0      0                                                                                               
pr_review_id                          float64     11         81048752.090909  23366024.312384  66638750.0  70162397.0  73686731.0  82037935.5  149152274.0
pr_review_state                        object      0      0                                                                                               
pr_review_body                         object      0      0                                                                                               
pr_review_comment_body                 object     11     11                                                                                               
pr_review_comment_position             object     11      6                                                                                               
pr_review_comment_original_position    object     11      6                                                                                               
pr_review_comment_original_commit_id   object     11      5                                                                                               
pr_review_comment_commit_id            object     11      5                                                                                               
pr_review_comment_path                 object     11      6                                                                                               
pr_assignee                            object     75      1                                                                                               
pr_assignees                           object     75      1                                                                                               
pr_requested_reviewers                 object     75      5                                                                                               

