File: drive/output/scrape/extract_github_data/repo_level_data/pr/green-api___whatsapp-api-client-python.parquet

MD5 hash: fdb86a100b5525dd793caa27a723d852

Keys: pr_number type created_at actor_id 

                                         type  count unique               mean               std           min           25%           50%           75%           max
pr_number                               int64    104                 32.211538         19.070474           1.0          16.0          34.5          42.5          72.0
type                                   object    104      3                                                                                                           
created_at                             object    104    104                                                                                                           
actor_id                                int64    104           83008800.846154   32632794.705454     7477933.0   49419264.25   105914205.0   105914205.0   112824210.0
repo_id                                 int64    104               545396084.0               0.0   545396084.0   545396084.0   545396084.0   545396084.0   545396084.0
repo_name                              object    104      1                                                                                                           
actor_login                            object    104     12                                                                                                           
pr_title                               object    104      6                                                                                                           
pr_body                                object    104      4                                                                                                           
pr_action                              object    104      4                                                                                                           
pr_merged_by_id                       float64     38           67683959.315789   40251119.522574     7477933.0    25801912.0    77246631.5   105914205.0   105914205.0
pr_merged_by_type                      object    104      2                                                                                                           
pr_label                               object      0      0                                                                                                           
pr_review_action                       object      8      1                                                                                                           
pr_review_id                          float64     14         1890594455.428571  329383736.713414  1713741870.0  1732206627.5  1742208259.0  1749379201.0  2635069549.0
pr_review_state                        object      8      3                                                                                                           
pr_review_body                         object      8      5                                                                                                           
pr_review_comment_body                 object      6      6                                                                                                           
pr_review_comment_position             object      6      3                                                                                                           
pr_review_comment_original_position    object      6      3                                                                                                           
pr_review_comment_original_commit_id   object      6      2                                                                                                           
pr_review_comment_commit_id            object      6      2                                                                                                           
pr_review_comment_path                 object      6      3                                                                                                           
pr_assignee                            object    104      1                                                                                                           
pr_assignees                           object    104      7                                                                                                           
pr_requested_reviewers                 object    104      2                                                                                                           

