File: drive/output/scrape/extract_github_data/repo_level_data/pr/gregorias___pycodec2.parquet

MD5 hash: 0a84a8baf8e50810d9887c10a71eb1bc

Keys: pr_number type created_at actor_id 

                                         type  count unique             mean               std          min           25%           50%           75%           max
pr_number                             float64     67               24.253731         11.347598          4.0          14.5          24.0          34.5          41.0
type                                   object     67      3                                                                                                        
created_at                             object     67     66                                                                                                        
actor_id                                int64     67         23724070.850746   25065905.009961     722385.0      722385.0     2039395.0    49699333.0    83509039.0
repo_id                                 int64     67              31777525.0               0.0   31777525.0    31777525.0    31777525.0    31777525.0    31777525.0
repo_name                              object     67      1                                                                                                        
actor_login                            object     67      6                                                                                                        
pr_title                               object     67      3                                                                                                        
pr_body                                object     67      3                                                                                                        
pr_action                              object     67      3                                                                                                        
pr_merged_by_id                       float64     24                722385.0               0.0     722385.0      722385.0      722385.0      722385.0      722385.0
pr_merged_by_type                      object     67      2                                                                                                        
pr_label                               object      0      0                                                                                                        
pr_review_action                       object      4      1                                                                                                        
pr_review_id                          float64      8          2277460018.375  685046004.562861  582057655.0  2519659544.0  2519659544.0  2519659898.5  2519663810.0
pr_review_state                        object      4      3                                                                                                        
pr_review_body                         object      4      1                                                                                                        
pr_review_comment_body                 object      4      4                                                                                                        
pr_review_comment_position             object      4      4                                                                                                        
pr_review_comment_original_position    object      4      4                                                                                                        
pr_review_comment_original_commit_id   object      4      1                                                                                                        
pr_review_comment_commit_id            object      4      1                                                                                                        
pr_review_comment_path                 object      4      2                                                                                                        
pr_assignee                            object     67      1                                                                                                        
pr_assignees                           object     67      1                                                                                                        
pr_requested_reviewers                 object     67      1                                                                                                        

