File: drive/output/scrape/extract_github_data/repo_level_data/pr/hugovk___pypistats.parquet

MD5 hash: 20a6fd5d7f75e4c2cc18ce4069b81f0e

Keys: pr_number type created_at actor_id 

                                         type  count unique               mean                std          min           25%           50%           75%           max
pr_number                               int64    889                251.950506         141.210779          1.0         132.0         252.0         375.0         488.0
type                                   object    889      3                                                                                                           
created_at                             object    889    886                                                                                                           
actor_id                                int64    889           15891278.094488    19572657.606484     289369.0     1324225.0     1324225.0    27856297.0    68531238.0
repo_id                                 int64    889               149862343.0                0.0  149862343.0   149862343.0   149862343.0   149862343.0   149862343.0
repo_name                              object    889      1                                                                                                           
actor_login                            object    889     18                                                                                                           
pr_title                               object    889     11                                                                                                           
pr_body                                object    889     11                                                                                                           
pr_action                              object    889      4                                                                                                           
pr_merged_by_id                       float64    393            8138569.956743    13461633.252419    1324225.0     1324225.0     1324225.0     1324225.0    41898282.0
pr_merged_by_type                      object    889      3                                                                                                           
pr_label                               object      0      0                                                                                                           
pr_review_action                       object     17      1                                                                                                           
pr_review_id                          float64     64         1469334856.765625  1089866525.361994  169213657.0  169528390.75  2089431330.0  2629670177.0  2705757979.0
pr_review_state                        object     17      3                                                                                                           
pr_review_body                         object     17      3                                                                                                           
pr_review_comment_body                 object     47     43                                                                                                           
pr_review_comment_position             object     47     22                                                                                                           
pr_review_comment_original_position    object     47     20                                                                                                           
pr_review_comment_original_commit_id   object     47     14                                                                                                           
pr_review_comment_commit_id            object     47     15                                                                                                           
pr_review_comment_path                 object     47     10                                                                                                           
pr_assignee                            object    889      1                                                                                                           
pr_assignees                           object    889      1                                                                                                           
pr_requested_reviewers                 object    889      2                                                                                                           

