File: drive/output/scrape/extract_github_data/repo_level_data/pr/icometrix___dicom2nifti.parquet

MD5 hash: cf3e40bfddb3e1deb26dbf684324eb1e

Keys: pr_number type created_at actor_id 

                                         type  count unique             mean               std          min          25%           50%           75%           max
pr_number                               int64     31               94.677419         52.375813          1.0         54.0         100.0         145.0         159.0
type                                   object     31      3                                                                                                       
created_at                             object     31     30                                                                                                       
actor_id                                int64     31         18105538.096774   23534543.040521      51059.0    2882469.0    12115143.0    20281012.0    83530072.0
repo_id                                 int64     31              54062804.0               0.0   54062804.0   54062804.0    54062804.0    54062804.0    54062804.0
repo_name                              object     31      1                                                                                                       
actor_login                            object     31     17                                                                                                       
pr_title                               object     31      3                                                                                                       
pr_body                                object     31      3                                                                                                       
pr_action                              object     31      3                                                                                                       
pr_merged_by_id                       float64      6              16000697.0               0.0   16000697.0   16000697.0    16000697.0    16000697.0    16000697.0
pr_merged_by_type                      object     31      2                                                                                                       
pr_label                               object      0      0                                                                                                       
pr_review_action                       object      2      1                                                                                                       
pr_review_id                          float64      4            1782495936.0  1215286750.71288  730026737.0  730026737.0  1782495936.0  2834965135.0  2834965135.0
pr_review_state                        object      2      1                                                                                                       
pr_review_body                         object      2      1                                                                                                       
pr_review_comment_body                 object      2      2                                                                                                       
pr_review_comment_position             object      2      2                                                                                                       
pr_review_comment_original_position    object      2      2                                                                                                       
pr_review_comment_original_commit_id   object      2      2                                                                                                       
pr_review_comment_commit_id            object      2      2                                                                                                       
pr_review_comment_path                 object      2      2                                                                                                       
pr_assignee                            object     31      1                                                                                                       
pr_assignees                           object     31      1                                                                                                       
pr_requested_reviewers                 object     31      2                                                                                                       

