File: drive/output/scrape/extract_github_data/repo_level_data/pr/infinidat___infi.systray.parquet

MD5 hash: 5cb1a0171ffc46ce4cb7b41d8c58ca9c

Keys: pr_number type created_at actor_id 

                                         type  count unique              mean               std          min          25%          50%          75%           max
pr_number                               int64     44                14.704545          11.72471          5.0          5.0         11.5         18.0          52.0
type                                   object     44      3                                                                                                      
created_at                             object     44     44                                                                                                      
actor_id                                int64     44          11419274.340909   22931091.470311     443370.0    1686212.0    4934403.5  11136687.25   131320384.0
repo_id                                 int64     44                6671953.0               0.0    6671953.0    6671953.0    6671953.0    6671953.0     6671953.0
repo_name                              object     44      1                                                                                                      
actor_login                            object     44     13                                                                                                      
pr_title                               object     44      6                                                                                                      
pr_body                                object     44      5                                                                                                      
pr_action                              object     44      3                                                                                                      
pr_merged_by_id                       float64      3                4333194.0    4533297.986813    1686212.0    1715949.5    1745687.0    5656685.0     9567683.0
pr_merged_by_type                      object     44      2                                                                                                      
pr_label                               object      0      0                                                                                                      
pr_review_action                       object      1      1                                                                                                      
pr_review_id                          float64     11         384023399.818182  425915553.854168  114462297.0  179892901.0  231090521.0  231480631.5  1239461615.0
pr_review_state                        object      1      1                                                                                                      
pr_review_body                         object      1      1                                                                                                      
pr_review_comment_body                 object     24     24                                                                                                      
pr_review_comment_position             object     24     14                                                                                                      
pr_review_comment_original_position    object     24     12                                                                                                      
pr_review_comment_original_commit_id   object     24      6                                                                                                      
pr_review_comment_commit_id            object     24      8                                                                                                      
pr_review_comment_path                 object     24      3                                                                                                      
pr_assignee                            object     44      1                                                                                                      
pr_assignees                           object     44      2                                                                                                      
pr_requested_reviewers                 object     44      2                                                                                                      

