File: drive/output/scrape/extract_github_data/repo_level_data/pr/infleqtion___client-superstaq.parquet

MD5 hash: efffdfb95d3a24c24166550e3fb367d5

Keys: pr_number type created_at actor_id 

                                         type  count unique               mean               std          min           25%           50%           75%           max
pr_number                             float64   4721                722.646685        296.159285          2.0         538.0         708.0         978.0        1239.0
type                                   object   4721      3                                                                                                          
created_at                             object   4721   4639                                                                                                          
actor_id                                int64   4721            68524603.96738   43059398.134509     567092.0    18367737.0    85512171.0   113555655.0   135308096.0
repo_id                                 int64   4721               462507182.0               0.0  462507182.0   462507182.0   462507182.0   462507182.0   462507182.0
repo_name                              object   4721      1                                                                                                          
actor_login                            object   4721     33                                                                                                          
pr_title                               object   4721    632                                                                                                          
pr_body                                object   4721    424                                                                                                          
pr_action                              object   4721      4                                                                                                          
pr_merged_by_id                       float64    596           72386134.172819   41617316.177726     567092.0    22149008.0    85512171.0   113555655.0   135308096.0
pr_merged_by_type                      object   4721      2                                                                                                          
pr_label                               object      0      0                                                                                                          
pr_review_action                       object   1901      1                                                                                                          
pr_review_id                          float64   3428         1774920062.990082  443950966.918128  891842486.0  1494214110.0  1592815439.5  2152296215.0  2966502563.0
pr_review_state                        object   1901      4                                                                                                          
pr_review_body                         object   1901    320                                                                                                          
pr_review_comment_body                 object   1527   1424                                                                                                          
pr_review_comment_position             object   1527    201                                                                                                          
pr_review_comment_original_position    object   1527    199                                                                                                          
pr_review_comment_original_commit_id   object   1527    403                                                                                                          
pr_review_comment_commit_id            object   1527    595                                                                                                          
pr_review_comment_path                 object   1527    164                                                                                                          
pr_assignee                            object   4721      1                                                                                                          
pr_assignees                           object   4721     17                                                                                                          
pr_requested_reviewers                 object   4721    212                                                                                                          

