File: drive/output/scrape/extract_github_data/repo_level_data/pr/insightsoftwareconsortium___itk.parquet

MD5 hash: 9a0ca71b9328cef8770ad804d2ae4ca3

Keys: pr_number type created_at actor_id 

                                         type  count unique               mean               std         min          25%          50%           75%           max
pr_number                             float64  23193               3174.399948       1427.564435         6.0       2210.0       3214.0        4405.0        5446.0
type                                   object  23193      3                                                                                                       
created_at                             object  23193  22265                                                                                                       
actor_id                                int64  23193            8108180.142931   14687915.932784     25432.0     313970.0    1792121.0     5576557.0   175728472.0
repo_id                                 int64  23193                  800928.0               0.0    800928.0     800928.0     800928.0      800928.0      800928.0
repo_name                              object  23193      1                                                                                                       
actor_login                            object  23193    190                                                                                                       
pr_title                               object  23193   2967                                                                                                       
pr_body                                object  23193   2890                                                                                                       
pr_action                              object  23193      4                                                                                                       
pr_merged_by_id                       float64   3477            1819382.195571    5099682.826756     25432.0      25432.0     313970.0     1792121.0    40648863.0
pr_merged_by_type                      object  23193      2                                                                                                       
pr_label                               object      0      0                                                                                                       
pr_review_action                       object   8843      1                                                                                                       
pr_review_id                          float64  15208         1291409312.305629  772483977.392362  79564558.0  668294034.5  974452711.0  1965733177.0  2971948496.0
pr_review_state                        object   8843      4                                                                                                       
pr_review_body                         object   8843   1461                                                                                                       
pr_review_comment_body                 object   6365   6047                                                                                                       
pr_review_comment_position             object   6365    296                                                                                                       
pr_review_comment_original_position    object   6365    281                                                                                                       
pr_review_comment_original_commit_id   object   6365   1724                                                                                                       
pr_review_comment_commit_id            object   6365   2113                                                                                                       
pr_review_comment_path                 object   6365   1197                                                                                                       
pr_assignee                            object  23193      1                                                                                                       
pr_assignees                           object  23193     33                                                                                                       
pr_requested_reviewers                 object  23193    742                                                                                                       

