File: drive/output/scrape/extract_github_data/repo_level_data/pr/inveniosoftware___invenio-config.parquet

MD5 hash: fa815e2a4ae0f6fb2f96cdd096254435

Keys: pr_number type created_at actor_id 

                                         type  count unique               mean                std         min          25%          50%           75%           max
pr_number                               int64    133                 30.714286          19.167354         1.0         12.0         29.0          47.0          60.0
type                                   object    133      3                                                                                                        
created_at                             object    133    133                                                                                                        
actor_id                                int64    133            6128123.842105     11110397.37687    189798.0     517546.0    1698163.0     6437519.0    51617644.0
repo_id                                 int64    133                43826486.0                0.0  43826486.0   43826486.0   43826486.0    43826486.0    43826486.0
repo_name                              object    133      1                                                                                                        
actor_login                            object    133     27                                                                                                        
pr_title                               object    133     17                                                                                                        
pr_body                                object    133     15                                                                                                        
pr_action                              object    133      4                                                                                                        
pr_merged_by_id                       float64     39            3068760.307692     6296159.103315    189798.0     517546.0    1698163.0     1756412.0    38131488.0
pr_merged_by_type                      object    133      2                                                                                                        
pr_label                               object      0      0                                                                                                        
pr_review_action                       object     12      1                                                                                                        
pr_review_id                          float64     31         1123246505.580645  1019074060.878579   2351863.0  405691234.0  405828863.0  2464845183.0  2728005575.0
pr_review_state                        object     12      2                                                                                                        
pr_review_body                         object     12      3                                                                                                        
pr_review_comment_body                 object     37     37                                                                                                        
pr_review_comment_position             object     37     21                                                                                                        
pr_review_comment_original_position    object     37     18                                                                                                        
pr_review_comment_original_commit_id   object     37     11                                                                                                        
pr_review_comment_commit_id            object     37     16                                                                                                        
pr_review_comment_path                 object     37      9                                                                                                        
pr_assignee                            object    133      1                                                                                                        
pr_assignees                           object    133     17                                                                                                        
pr_requested_reviewers                 object    133      4                                                                                                        

