File: drive/output/scrape/extract_github_data/repo_level_data/pr/jmigueldelgado___fake-geo-images.parquet

MD5 hash: 50a31f7c02284528894bdf28fb2168de

Keys: pr_number type created_at actor_id 

                                         type  count unique             mean               std          min          25%          50%           75%           max
pr_number                               int64     82                8.731707          7.610987          1.0          1.0          7.0          16.0          23.0
type                                   object     82      3                                                                                                      
created_at                             object     82     82                                                                                                      
actor_id                                int64     82         19001430.121951   21975859.240295    4042209.0    4688726.0   12833517.0    22349433.0   153231575.0
repo_id                                 int64     82             300320555.0               0.0  300320555.0  300320555.0  300320555.0   300320555.0   300320555.0
repo_name                              object     82      1                                                                                                      
actor_login                            object     82     11                                                                                                      
pr_title                               object     82     14                                                                                                      
pr_body                                object     82     11                                                                                                      
pr_action                              object     82      3                                                                                                      
pr_merged_by_id                       float64     16           22563258.1875   20434495.582771    4042209.0  10797319.25   12833517.0    41243094.5    54374009.0
pr_merged_by_type                      object     82      2                                                                                                      
pr_label                               object      0      0                                                                                                      
pr_review_action                       object     21      1                                                                                                      
pr_review_id                          float64     40           839788617.725  557255045.993094  509215078.0  509463556.0  509463556.0  863031523.25  2080714906.0
pr_review_state                        object     21      4                                                                                                      
pr_review_body                         object     21      8                                                                                                      
pr_review_comment_body                 object     19     19                                                                                                      
pr_review_comment_position             object     19     17                                                                                                      
pr_review_comment_original_position    object     19     16                                                                                                      
pr_review_comment_original_commit_id   object     19      3                                                                                                      
pr_review_comment_commit_id            object     19      3                                                                                                      
pr_review_comment_path                 object     19      6                                                                                                      
pr_assignee                            object     82      1                                                                                                      
pr_assignees                           object     82      1                                                                                                      
pr_requested_reviewers                 object     82      7                                                                                                      

