File: drive/output/scrape/extract_github_data/repo_level_data/pr/joalla___discogs_client.parquet

MD5 hash: 53573e129b7613d6db0a2dfcc0419060

Keys: pr_number type created_at actor_id 

                                         type  count unique              mean              std          min          25%          50%           75%           max
pr_number                               int64    417                68.218225        48.409688          1.0         19.0         69.0         109.0         168.0
type                                   object    417      3                                                                                                      
created_at                             object    417    384                                                                                                      
actor_id                                int64    417          13991169.834532  17055841.030166      11182.0    2733783.0    2733783.0    11729404.0    48488973.0
repo_id                                 int64    417              270789190.0              0.0  270789190.0  270789190.0  270789190.0   270789190.0   270789190.0
repo_name                              object    417      1                                                                                                      
actor_login                            object    417     17                                                                                                      
pr_title                               object    417     50                                                                                                      
pr_body                                object    417     51                                                                                                      
pr_action                              object    417      4                                                                                                      
pr_merged_by_id                       float64     55               10645808.0    13819045.2609    2733783.0    2733783.0    2733783.0     9354142.0    43060692.0
pr_merged_by_type                      object    417      2                                                                                                      
pr_label                               object      0      0                                                                                                      
pr_review_action                       object    174      1                                                                                                      
pr_review_id                          float64    291         934025342.268041  532778761.16859  426564650.0  578319089.5  831072208.0  1003472781.0  2617842495.0
pr_review_state                        object    174      3                                                                                                      
pr_review_body                         object    174     58                                                                                                      
pr_review_comment_body                 object    117    117                                                                                                      
pr_review_comment_position             object    117     39                                                                                                      
pr_review_comment_original_position    object    117     36                                                                                                      
pr_review_comment_original_commit_id   object    117     29                                                                                                      
pr_review_comment_commit_id            object    117     42                                                                                                      
pr_review_comment_path                 object    117     20                                                                                                      
pr_assignee                            object    417      1                                                                                                      
pr_assignees                           object    417      5                                                                                                      
pr_requested_reviewers                 object    417     18                                                                                                      

