File: drive/output/scrape/extract_github_data/repo_level_data/pr/kbbdy___zipstream.parquet

MD5 hash: b49697528e94352450e8329b0e0f2e16

Keys: pr_number type created_at actor_id 

                                         type  count unique         mean            std          min          25%          50%          75%          max
pr_number                               int64      2                 1.0            0.0          1.0          1.0          1.0          1.0          1.0
type                                   object      2      2                                                                                             
created_at                             object      2      2                                                                                             
actor_id                                int64      2            350686.0  355029.829552      99642.0     225164.0     350686.0     476208.0     601730.0
repo_id                                 int64      2          35551042.0            0.0   35551042.0   35551042.0   35551042.0   35551042.0   35551042.0
repo_name                              object      2      1                                                                                             
actor_login                            object      2      2                                                                                             
pr_title                               object      2      2                                                                                             
pr_body                                object      2      2                                                                                             
pr_action                              object      2      2                                                                                             
pr_merged_by_id                       float64      0                                                                                                    
pr_merged_by_type                      object      2      1                                                                                             
pr_label                               object      0      0                                                                                             
pr_review_action                       object      1      1                                                                                             
pr_review_id                          float64      1         589466591.0                 589466591.0  589466591.0  589466591.0  589466591.0  589466591.0
pr_review_state                        object      1      1                                                                                             
pr_review_body                         object      1      1                                                                                             
pr_review_comment_body                 object      0      0                                                                                             
pr_review_comment_position             object      0      0                                                                                             
pr_review_comment_original_position    object      0      0                                                                                             
pr_review_comment_original_commit_id   object      0      0                                                                                             
pr_review_comment_commit_id            object      0      0                                                                                             
pr_review_comment_path                 object      0      0                                                                                             
pr_assignee                            object      2      1                                                                                             
pr_assignees                           object      2      1                                                                                             
pr_requested_reviewers                 object      2      1                                                                                             

