File: drive/output/scrape/extract_github_data/repo_level_data/pr/khanrc___sconf.parquet

MD5 hash: 3a47174e3d9eb9fea6d10ee6aa4002e7

Keys: pr_number type created_at actor_id 

                                         type  count unique         mean       std          min          25%          50%          75%          max
pr_number                               int64     10                 3.8  2.250926          1.0          2.0          4.0          5.0          7.0
type                                   object     10      1                                                                                        
created_at                             object     10     10                                                                                        
actor_id                                int64     10           3657248.0       0.0    3657248.0    3657248.0    3657248.0    3657248.0    3657248.0
repo_id                                 int64     10         224587457.0       0.0  224587457.0  224587457.0  224587457.0  224587457.0  224587457.0
repo_name                              object     10      1                                                                                        
actor_login                            object     10      1                                                                                        
pr_title                               object     10      1                                                                                        
pr_body                                object     10      1                                                                                        
pr_action                              object     10      2                                                                                        
pr_merged_by_id                       float64      5           3657248.0       0.0    3657248.0    3657248.0    3657248.0    3657248.0    3657248.0
pr_merged_by_type                      object     10      2                                                                                        
pr_label                               object      0      0                                                                                        
pr_review_action                       object      0      0                                                                                        
pr_review_id                          float64      0                                                                                               
pr_review_state                        object      0      0                                                                                        
pr_review_body                         object      0      0                                                                                        
pr_review_comment_body                 object      0      0                                                                                        
pr_review_comment_position             object      0      0                                                                                        
pr_review_comment_original_position    object      0      0                                                                                        
pr_review_comment_original_commit_id   object      0      0                                                                                        
pr_review_comment_commit_id            object      0      0                                                                                        
pr_review_comment_path                 object      0      0                                                                                        
pr_assignee                            object     10      1                                                                                        
pr_assignees                           object     10      1                                                                                        
pr_requested_reviewers                 object     10      1                                                                                        

