File: drive/output/scrape/extract_github_data/repo_level_data/pr/kitwaremedical___itkultrasound.parquet

MD5 hash: 18be90bbe49444e14b2b8010a4192a68

Keys: pr_number type created_at actor_id 

                                         type  count unique              mean               std         min          25%          50%          75%           max
pr_number                             float64    878               147.173121         61.870517         1.0       112.25        154.0        191.0         244.0
type                                   object    878      3                                                                                                     
created_at                             object    878    832                                                                                                     
actor_id                                int64    878          12814008.439636   18169284.459626     25432.0      25432.0    1792121.0   40648863.0    40648863.0
repo_id                                 int64    878               22902300.0               0.0  22902300.0   22902300.0   22902300.0   22902300.0    22902300.0
repo_name                              object    878      1                                                                                                     
actor_login                            object    878     14                                                                                                     
pr_title                               object    878     94                                                                                                     
pr_body                                object    878     68                                                                                                     
pr_action                              object    878      4                                                                                                     
pr_merged_by_id                       float64    164           5034615.487805    12948068.95916     25432.0      25432.0      25432.0    1792121.0    40648863.0
pr_merged_by_type                      object    878      2                                                                                                     
pr_label                               object      0      0                                                                                                     
pr_review_action                       object    274      1                                                                                                     
pr_review_id                          float64    506         880935717.450593  359299242.689497  39310113.0  703055899.0  895546319.0  952546536.5  2729630227.0
pr_review_state                        object    274      3                                                                                                     
pr_review_body                         object    274     54                                                                                                     
pr_review_comment_body                 object    232    227                                                                                                     
pr_review_comment_position             object    232     80                                                                                                     
pr_review_comment_original_position    object    232     73                                                                                                     
pr_review_comment_original_commit_id   object    232     52                                                                                                     
pr_review_comment_commit_id            object    232     75                                                                                                     
pr_review_comment_path                 object    232     46                                                                                                     
pr_assignee                            object    878      1                                                                                                     
pr_assignees                           object    878      4                                                                                                     
pr_requested_reviewers                 object    878     18                                                                                                     

