File: drive/output/scrape/extract_github_data/repo_level_data/pr/lipracer___cuda-rt-hook.parquet

MD5 hash: bfd5984bc7a5bb625bde4464243a9700

Keys: pr_number type created_at actor_id 

                                         type  count unique               mean               std           min           25%           50%           75%           max
pr_number                             float64    380                 97.842105         60.420569           1.0         44.75          93.0        149.25         207.0
type                                   object    380      3                                                                                                           
created_at                             object    380    380                                                                                                           
actor_id                                int64    380           21798691.984211    2711128.134514    16127872.0    19570241.0    22370779.0    22370779.0    45357704.0
repo_id                                 int64    380               642004165.0               0.0   642004165.0   642004165.0   642004165.0   642004165.0   642004165.0
repo_name                              object    380      1                                                                                                           
actor_login                            object    380      8                                                                                                           
pr_title                               object    380     12                                                                                                           
pr_body                                object    380      3                                                                                                           
pr_action                              object    380      3                                                                                                           
pr_merged_by_id                       float64    171           21628463.140351    1418898.399925    17798738.0    22370779.0    22370779.0    22370779.0    22370779.0
pr_merged_by_type                      object    380      2                                                                                                           
pr_label                               object      0      0                                                                                                           
pr_review_action                       object     17      1                                                                                                           
pr_review_id                          float64     26         2006862773.269231  155256754.884293  1795821560.0  1798120531.0  2124295866.0  2129210325.0  2163079372.0
pr_review_state                        object     17      2                                                                                                           
pr_review_body                         object     17      1                                                                                                           
pr_review_comment_body                 object      9      9                                                                                                           
pr_review_comment_position             object      9      7                                                                                                           
pr_review_comment_original_position    object      9      7                                                                                                           
pr_review_comment_original_commit_id   object      9      6                                                                                                           
pr_review_comment_commit_id            object      9      6                                                                                                           
pr_review_comment_path                 object      9      5                                                                                                           
pr_assignee                            object    380      1                                                                                                           
pr_assignees                           object    380      1                                                                                                           
pr_requested_reviewers                 object    380      3                                                                                                           

