File: drive/output/scrape/extract_github_data/repo_level_data/pr/ludeeus___pytraccar.parquet

MD5 hash: 4147af65b8d9accc5d1f682d7f9771e8

Keys: pr_number type created_at actor_id 

                                         type  count unique               mean               std          min           25%           50%           75%           max
pr_number                               int64    635                166.327559         94.559062          2.0          84.5         165.0         249.5         326.0
type                                   object    635      3                                                                                                          
created_at                             object    635    633                                                                                                          
actor_id                                int64    635            37985473.76063   24203402.096863     109152.0    15093472.0    49699333.0    49699333.0   175728472.0
repo_id                                 int64    635               155933876.0               0.0  155933876.0   155933876.0   155933876.0   155933876.0   155933876.0
repo_name                              object    635      1                                                                                                          
actor_login                            object    635     10                                                                                                          
pr_title                               object    635     47                                                                                                          
pr_body                                object    635     45                                                                                                          
pr_action                              object    635      3                                                                                                          
pr_merged_by_id                       float64    178                15093472.0               0.0   15093472.0    15093472.0    15093472.0    15093472.0    15093472.0
pr_merged_by_type                      object    635      2                                                                                                          
pr_label                               object      0      0                                                                                                          
pr_review_action                       object     50      1                                                                                                          
pr_review_id                          float64     57         2463663209.368421  746163770.742642  218046166.0  2244712017.0  2782906982.0  2912142317.0  2971379714.0
pr_review_state                        object     50      2                                                                                                          
pr_review_body                         object     50      2                                                                                                          
pr_review_comment_body                 object      7      7                                                                                                          
pr_review_comment_position             object      7      4                                                                                                          
pr_review_comment_original_position    object      7      3                                                                                                          
pr_review_comment_original_commit_id   object      7      3                                                                                                          
pr_review_comment_commit_id            object      7      4                                                                                                          
pr_review_comment_path                 object      7      4                                                                                                          
pr_assignee                            object    635      1                                                                                                          
pr_assignees                           object    635      1                                                                                                          
pr_requested_reviewers                 object    635      2                                                                                                          

