File: drive/output/scrape/extract_github_data/repo_level_data/pr/lukassykora___action-rules.parquet

MD5 hash: d9a3bab3f192f1e8f2e3a6a50e429fce

Keys: pr_number type created_at actor_id 

                                         type  count unique         mean       std          min          25%          50%          75%          max
pr_number                               int64     45           13.133333  7.460807          1.0          7.0         13.0         20.0         26.0
type                                   object     45      1                                                                                        
created_at                             object     45     45                                                                                        
actor_id                                int64     45           4804912.0       0.0    4804912.0    4804912.0    4804912.0    4804912.0    4804912.0
repo_id                                 int64     45         813064946.0       0.0  813064946.0  813064946.0  813064946.0  813064946.0  813064946.0
repo_name                              object     45      1                                                                                        
actor_login                            object     45      1                                                                                        
pr_title                               object     45      1                                                                                        
pr_body                                object     45      1                                                                                        
pr_action                              object     45      2                                                                                        
pr_merged_by_id                       float64     23           4804912.0       0.0    4804912.0    4804912.0    4804912.0    4804912.0    4804912.0
pr_merged_by_type                      object     45      2                                                                                        
pr_label                               object      0      0                                                                                        
pr_review_action                       object      0      0                                                                                        
pr_review_id                          float64      0                                                                                               
pr_review_state                        object      0      0                                                                                        
pr_review_body                         object      0      0                                                                                        
pr_review_comment_body                 object      0      0                                                                                        
pr_review_comment_position             object      0      0                                                                                        
pr_review_comment_original_position    object      0      0                                                                                        
pr_review_comment_original_commit_id   object      0      0                                                                                        
pr_review_comment_commit_id            object      0      0                                                                                        
pr_review_comment_path                 object      0      0                                                                                        
pr_assignee                            object     45      1                                                                                        
pr_assignees                           object     45      1                                                                                        
pr_requested_reviewers                 object     45      1                                                                                        

