File: drive/output/scrape/extract_github_data/repo_level_data/pr/lxml___lxml-stubs.parquet

MD5 hash: 394513eb9910e966199790c026a03c71

Keys: pr_number type created_at actor_id 

                                         type  count unique              mean               std          min          25%          50%           75%           max
pr_number                               int64    240                53.229167         24.680078          2.0         39.0         52.0          72.0         100.0
type                                   object    240      3                                                                                                       
created_at                             object    240    219                                                                                                       
actor_id                                int64    240           2582115.716667    6663104.286989      46775.0     491659.0     491659.0      906600.0    65667914.0
repo_id                                 int64    240              266373514.0               0.0  266373514.0  266373514.0  266373514.0   266373514.0   266373514.0
repo_name                              object    240      1                                                                                                       
actor_login                            object    240     27                                                                                                       
pr_title                               object    240     15                                                                                                       
pr_body                                object    240     11                                                                                                       
pr_action                              object    240      4                                                                                                       
pr_merged_by_id                       float64     44            463663.318182      79091.618113     245297.0     491659.0     491659.0      491659.0      491659.0
pr_merged_by_type                      object    240      2                                                                                                       
pr_label                               object      0      0                                                                                                       
pr_review_action                       object     58      1                                                                                                       
pr_review_id                          float64    126         962766844.261905  273747978.677346  485301004.0  870728419.0  885025246.0  1099496004.0  1888747211.0
pr_review_state                        object     58      1                                                                                                       
pr_review_body                         object     58      5                                                                                                       
pr_review_comment_body                 object     68     68                                                                                                       
pr_review_comment_position             object     68     32                                                                                                       
pr_review_comment_original_position    object     68     31                                                                                                       
pr_review_comment_original_commit_id   object     68     17                                                                                                       
pr_review_comment_commit_id            object     68     27                                                                                                       
pr_review_comment_path                 object     68      6                                                                                                       
pr_assignee                            object    240      1                                                                                                       
pr_assignees                           object    240      1                                                                                                       
pr_requested_reviewers                 object    240      2                                                                                                       

