File: drive/output/scrape/extract_github_data/repo_level_data/pr/markovianhq___nexusadspy.parquet

MD5 hash: 59a3d5cb69551b3ba3b96782543f0e91

Keys: pr_number type created_at actor_id 

                                         type  count unique             mean              std         min         25%         50%         75%         max
pr_number                               int64     33                 9.69697         5.687073         1.0         5.0        11.0        14.0        19.0
type                                   object     33      2                                                                                              
created_at                             object     33     33                                                                                              
actor_id                                int64     33          4776868.606061   3615477.364476   3273502.0   3273502.0   3273502.0   3273502.0  13484422.0
repo_id                                 int64     33              60278812.0              0.0  60278812.0  60278812.0  60278812.0  60278812.0  60278812.0
repo_name                              object     33      1                                                                                              
actor_login                            object     33      3                                                                                              
pr_title                               object     33      2                                                                                              
pr_body                                object     33      1                                                                                              
pr_action                              object     33      3                                                                                              
pr_merged_by_id                       float64     15               4634958.0   3592873.282066   3273502.0   3273502.0   3273502.0   3273502.0  13484422.0
pr_merged_by_type                      object     33      2                                                                                              
pr_label                               object      0      0                                                                                              
pr_review_action                       object      0      0                                                                                              
pr_review_id                          float64      3         21461822.333333  12006025.983261  14530140.0  14530140.0  14530140.0  24927663.5  35325187.0
pr_review_state                        object      0      0                                                                                              
pr_review_body                         object      0      0                                                                                              
pr_review_comment_body                 object      3      3                                                                                              
pr_review_comment_position             object      3      3                                                                                              
pr_review_comment_original_position    object      3      3                                                                                              
pr_review_comment_original_commit_id   object      3      2                                                                                              
pr_review_comment_commit_id            object      3      2                                                                                              
pr_review_comment_path                 object      3      1                                                                                              
pr_assignee                            object     33      1                                                                                              
pr_assignees                           object     33      2                                                                                              
pr_requested_reviewers                 object     33      2                                                                                              

