File: drive/output/scrape/extract_github_data/repo_level_data/pr/marketsquare___assertionengine.parquet

MD5 hash: bff2f8583e1570042097ea2a4ade54d4

Keys: pr_number type created_at actor_id 

                                         type  count unique             mean              std          min          25%          50%          75%          max
pr_number                               int64    611              170.173486        94.341806          1.0         91.5        173.0        251.5        329.0
type                                   object    611      3                                                                                                   
created_at                             object    611    610                                                                                                   
actor_id                                int64    611         22061896.545008  23286591.726509     114985.0    2665023.0    2665023.0   49699333.0   76647407.0
repo_id                                 int64    611             330285689.0              0.0  330285689.0  330285689.0  330285689.0  330285689.0  330285689.0
repo_name                              object    611      1                                                                                                   
actor_login                            object    611      9                                                                                                   
pr_title                               object    611      3                                                                                                   
pr_body                                object    611      3                                                                                                   
pr_action                              object    611      3                                                                                                   
pr_merged_by_id                       float64    268          2810273.597015   2377854.753784    2665023.0    2665023.0    2665023.0    2665023.0   41592183.0
pr_merged_by_type                      object    611      2                                                                                                   
pr_label                               object      0      0                                                                                                   
pr_review_action                       object      2      1                                                                                                   
pr_review_id                          float64      4             790559950.5  96450840.974165  707031072.0  707031072.0  790559950.5  874088829.0  874088829.0
pr_review_state                        object      2      1                                                                                                   
pr_review_body                         object      2      1                                                                                                   
pr_review_comment_body                 object      2      2                                                                                                   
pr_review_comment_position             object      2      2                                                                                                   
pr_review_comment_original_position    object      2      2                                                                                                   
pr_review_comment_original_commit_id   object      2      2                                                                                                   
pr_review_comment_commit_id            object      2      2                                                                                                   
pr_review_comment_path                 object      2      1                                                                                                   
pr_assignee                            object    611      1                                                                                                   
pr_assignees                           object    611      1                                                                                                   
pr_requested_reviewers                 object    611      1                                                                                                   

