File: drive/output/scrape/extract_github_data/repo_level_data/pr/martinthoma___mpu.parquet

MD5 hash: 6f8d7c7d78e56364c1db4dc4f9878014

Keys: pr_number type created_at actor_id 

                                         type  count unique             mean              std          min          25%          50%          75%          max
pr_number                               int64     47               77.234043         14.00033         28.0         72.5         80.0         86.5         94.0
type                                   object     47      1                                                                                                   
created_at                             object     47     47                                                                                                   
actor_id                                int64     47         20791321.808511  23282115.772958    1658117.0    1658117.0    1658117.0   49699333.0   49699333.0
repo_id                                 int64     47             131384072.0              0.0  131384072.0  131384072.0  131384072.0  131384072.0  131384072.0
repo_name                              object     47      1                                                                                                   
actor_login                            object     47      4                                                                                                   
pr_title                               object     47      1                                                                                                   
pr_body                                object     47      1                                                                                                   
pr_action                              object     47      2                                                                                                   
pr_merged_by_id                       float64     15               1658117.0              0.0    1658117.0    1658117.0    1658117.0    1658117.0    1658117.0
pr_merged_by_type                      object     47      2                                                                                                   
pr_label                               object      0      0                                                                                                   
pr_review_action                       object      0      0                                                                                                   
pr_review_id                          float64      0                                                                                                          
pr_review_state                        object      0      0                                                                                                   
pr_review_body                         object      0      0                                                                                                   
pr_review_comment_body                 object      0      0                                                                                                   
pr_review_comment_position             object      0      0                                                                                                   
pr_review_comment_original_position    object      0      0                                                                                                   
pr_review_comment_original_commit_id   object      0      0                                                                                                   
pr_review_comment_commit_id            object      0      0                                                                                                   
pr_review_comment_path                 object      0      0                                                                                                   
pr_assignee                            object     47      1                                                                                                   
pr_assignees                           object     47      1                                                                                                   
pr_requested_reviewers                 object     47      1                                                                                                   

