File: drive/output/scrape/extract_github_data/repo_level_data/pr/messense___rjieba-py.parquet

MD5 hash: b45fb1cc3f8c97f4752cc937179c519c

Keys: pr_number type created_at actor_id 

                                         type  count unique             mean              std          min          25%          50%          75%          max
pr_number                               int64     55                    16.4         9.413544          1.0          8.5         16.0         24.5         32.0
type                                   object     55      1                                                                                                   
created_at                             object     55     55                                                                                                   
actor_id                                int64     55         31340957.781818  23575457.611887    1556054.0    1556054.0   49699333.0   49699333.0   49699333.0
repo_id                                 int64     55             295644273.0              0.0  295644273.0  295644273.0  295644273.0  295644273.0  295644273.0
repo_name                              object     55      1                                                                                                   
actor_login                            object     55      3                                                                                                   
pr_title                               object     55      1                                                                                                   
pr_body                                object     55      1                                                                                                   
pr_action                              object     55      2                                                                                                   
pr_merged_by_id                       float64     20               6370381.9  14818188.615719    1556054.0    1556054.0    1556054.0    1556054.0   49699333.0
pr_merged_by_type                      object     55      3                                                                                                   
pr_label                               object      0      0                                                                                                   
pr_review_action                       object      0      0                                                                                                   
pr_review_id                          float64      0                                                                                                          
pr_review_state                        object      0      0                                                                                                   
pr_review_body                         object      0      0                                                                                                   
pr_review_comment_body                 object      0      0                                                                                                   
pr_review_comment_position             object      0      0                                                                                                   
pr_review_comment_original_position    object      0      0                                                                                                   
pr_review_comment_original_commit_id   object      0      0                                                                                                   
pr_review_comment_commit_id            object      0      0                                                                                                   
pr_review_comment_path                 object      0      0                                                                                                   
pr_assignee                            object     55      1                                                                                                   
pr_assignees                           object     55      1                                                                                                   
pr_requested_reviewers                 object     55      1                                                                                                   

