File: drive/output/scrape/extract_github_data/repo_level_data/pr/miniconfig___python-openevse-wifi.parquet

MD5 hash: 10bf08aa044c6dd8b1b3e1bb2d8d11cd

Keys: pr_number type created_at actor_id 

                                         type  count unique              mean             std          min          25%          50%          75%          max
pr_number                               int64     60                     15.9        9.423555          1.0          7.0         14.5         24.0         34.0
type                                   object     60      2                                                                                                   
created_at                             object     60     60                                                                                                   
actor_id                                int64     60          14163692.433333  8048507.166024      66212.0   13227865.0   13227865.0   13227865.0   50589737.0
repo_id                                 int64     60               64555756.0             0.0   64555756.0   64555756.0   64555756.0   64555756.0   64555756.0
repo_name                              object     60      1                                                                                                   
actor_login                            object     60      8                                                                                                   
pr_title                               object     60      2                                                                                                   
pr_body                                object     60      2                                                                                                   
pr_action                              object     60      3                                                                                                   
pr_merged_by_id                       float64     22               13227865.0             0.0   13227865.0   13227865.0   13227865.0   13227865.0   13227865.0
pr_merged_by_type                      object     60      2                                                                                                   
pr_label                               object      0      0                                                                                                   
pr_review_action                       object      0      0                                                                                                   
pr_review_id                          float64     11         446224143.636364  2136872.033619  444015498.0  444030958.0  446896615.0  448559876.5  448560127.0
pr_review_state                        object      0      0                                                                                                   
pr_review_body                         object      0      0                                                                                                   
pr_review_comment_body                 object     11     11                                                                                                   
pr_review_comment_position             object     11      6                                                                                                   
pr_review_comment_original_position    object     11      5                                                                                                   
pr_review_comment_original_commit_id   object     11      2                                                                                                   
pr_review_comment_commit_id            object     11      2                                                                                                   
pr_review_comment_path                 object     11      2                                                                                                   
pr_assignee                            object     60      1                                                                                                   
pr_assignees                           object     60      1                                                                                                   
pr_requested_reviewers                 object     60      1                                                                                                   

