File: drive/output/scrape/extract_github_data/repo_level_data/pr/mjj4791___python-buienradar.parquet

MD5 hash: 8aa3e9fe5584189db6cdad98c518a075

Keys: pr_number type created_at actor_id 

                                         type  count unique         mean              std          min          25%          50%          75%          max
pr_number                               int64     20               10.95         5.365337          2.0          7.0         13.0         15.0         18.0
type                                   object     20      3                                                                                               
created_at                             object     20     20                                                                                               
actor_id                                int64     20         24030194.65  24436693.727131     199058.0   14811189.0   24634311.0   24634311.0  120491684.0
repo_id                                 int64     20          91954905.0              0.0   91954905.0   91954905.0   91954905.0   91954905.0   91954905.0
repo_name                              object     20      1                                                                                               
actor_login                            object     20      6                                                                                               
pr_title                               object     20      3                                                                                               
pr_body                                object     20      2                                                                                               
pr_action                              object     20      3                                                                                               
pr_merged_by_id                       float64      6          24634311.0              0.0   24634311.0   24634311.0   24634311.0   24634311.0   24634311.0
pr_merged_by_type                      object     20      2                                                                                               
pr_label                               object      0      0                                                                                               
pr_review_action                       object      3      1                                                                                               
pr_review_id                          float64      4         817145549.5      11180.72116  817138732.0  817138732.0  817140687.5  817147505.0  817162091.0
pr_review_state                        object      3      2                                                                                               
pr_review_body                         object      3      2                                                                                               
pr_review_comment_body                 object      1      1                                                                                               
pr_review_comment_position             object      1      1                                                                                               
pr_review_comment_original_position    object      1      1                                                                                               
pr_review_comment_original_commit_id   object      1      1                                                                                               
pr_review_comment_commit_id            object      1      1                                                                                               
pr_review_comment_path                 object      1      1                                                                                               
pr_assignee                            object     20      1                                                                                               
pr_assignees                           object     20      2                                                                                               
pr_requested_reviewers                 object     20      1                                                                                               

