File: drive/output/scrape/extract_github_data/repo_level_data/pr/nekitdev___mixed-methods.parquet

MD5 hash: c5bb20dc58fa6411b5810c68f0f11609

Keys: pr_number type created_at actor_id 

                                         type  count unique             mean             std          min          25%          50%          75%          max
pr_number                               int64    101               26.970297       15.920085          1.0         13.0         27.0         41.0         56.0
type                                   object    101      1                                                                                                  
created_at                             object    101     99                                                                                                  
actor_id                                int64    101         49094168.049505  1834658.131008   43587167.0   49699333.0   49699333.0   49699333.0   49699333.0
repo_id                                 int64    101             628609473.0             0.0  628609473.0  628609473.0  628609473.0  628609473.0  628609473.0
repo_name                              object    101      1                                                                                                  
actor_login                            object    101      2                                                                                                  
pr_title                               object    101      1                                                                                                  
pr_body                                object    101      1                                                                                                  
pr_action                              object    101      2                                                                                                  
pr_merged_by_id                       float64      2              43587167.0             0.0   43587167.0   43587167.0   43587167.0   43587167.0   43587167.0
pr_merged_by_type                      object    101      2                                                                                                  
pr_label                               object      0      0                                                                                                  
pr_review_action                       object      0      0                                                                                                  
pr_review_id                          float64      0                                                                                                         
pr_review_state                        object      0      0                                                                                                  
pr_review_body                         object      0      0                                                                                                  
pr_review_comment_body                 object      0      0                                                                                                  
pr_review_comment_position             object      0      0                                                                                                  
pr_review_comment_original_position    object      0      0                                                                                                  
pr_review_comment_original_commit_id   object      0      0                                                                                                  
pr_review_comment_commit_id            object      0      0                                                                                                  
pr_review_comment_path                 object      0      0                                                                                                  
pr_assignee                            object    101      1                                                                                                  
pr_assignees                           object    101      1                                                                                                  
pr_requested_reviewers                 object    101      2                                                                                                  

