File: drive/output/scrape/extract_github_data/repo_level_data/pr/nephila___djangocms-page-meta.parquet

MD5 hash: edaa597e4ed8ffc2d5faed9725566d24

Keys: pr_number type created_at actor_id 

                                         type  count unique             mean               std         min          25%          50%           75%           max
pr_number                               int64    414              125.516908         61.665256        14.0         81.0        123.5        170.75         236.0
type                                   object    414      3                                                                                                     
created_at                             object    414    409                                                                                                     
actor_id                                int64    414         13079328.743961   22254640.374444    131808.0     714711.0     714711.0     7892533.0    79649195.0
repo_id                                 int64    414              16081409.0               0.0  16081409.0   16081409.0   16081409.0    16081409.0    16081409.0
repo_name                              object    414      1                                                                                                     
actor_login                            object    414     37                                                                                                     
pr_title                               object    414     16                                                                                                     
pr_body                                object    414     14                                                                                                     
pr_action                              object    414      3                                                                                                     
pr_merged_by_id                       float64    135          3319994.540741    3464341.261377    714711.0     714711.0     714711.0     7892533.0     7892533.0
pr_merged_by_type                      object    414      2                                                                                                     
pr_label                               object      0      0                                                                                                     
pr_review_action                       object     27      1                                                                                                     
pr_review_id                          float64     91         840936121.21978  592160635.235857  98065234.0  443678183.0  699992955.0  1564698486.0  2550037931.0
pr_review_state                        object     27      3                                                                                                     
pr_review_body                         object     27      4                                                                                                     
pr_review_comment_body                 object     71     63                                                                                                     
pr_review_comment_position             object     71     29                                                                                                     
pr_review_comment_original_position    object     71     28                                                                                                     
pr_review_comment_original_commit_id   object     71     14                                                                                                     
pr_review_comment_commit_id            object     71     20                                                                                                     
pr_review_comment_path                 object     71     21                                                                                                     
pr_assignee                            object    414      1                                                                                                     
pr_assignees                           object    414      2                                                                                                     
pr_requested_reviewers                 object    414     10                                                                                                     

