File: drive/output/scrape/extract_github_data/repo_level_data/pr/nerdwalletoss___dynamorm.parquet

MD5 hash: 2c00c7d773c07218d6e0eb5b932e1526

Keys: pr_number type created_at actor_id 

                                         type  count unique              mean               std         min         25%         50%          75%           max
pr_number                               int64    220                42.854545         34.110842         1.0        10.0        39.5         69.0         114.0
type                                   object    220      3                                                                                                   
created_at                             object    220    217                                                                                                   
actor_id                                int64    220           3855227.077273    8708822.017486     42520.0   1594130.0   1594130.0    1594130.0    64782785.0
repo_id                                 int64    220               60388650.0               0.0  60388650.0  60388650.0  60388650.0   60388650.0    60388650.0
repo_name                              object    220      1                                                                                                   
actor_login                            object    220     22                                                                                                   
pr_title                               object    220     22                                                                                                   
pr_body                                object    220     19                                                                                                   
pr_action                              object    220      4                                                                                                   
pr_merged_by_id                       float64     52           1570054.288462      173612.42489    342193.0   1594130.0   1594130.0    1594130.0     1594130.0
pr_merged_by_type                      object    220      2                                                                                                   
pr_label                               object      0      0                                                                                                   
pr_review_action                       object      4      1                                                                                                   
pr_review_id                          float64     54         198356818.425926  371943129.603118   4565811.0  39249031.0  77599707.5  148950630.0  2288488109.0
pr_review_state                        object      4      1                                                                                                   
pr_review_body                         object      4      2                                                                                                   
pr_review_comment_body                 object     81     79                                                                                                   
pr_review_comment_position             object     81     36                                                                                                   
pr_review_comment_original_position    object     81     37                                                                                                   
pr_review_comment_original_commit_id   object     81     26                                                                                                   
pr_review_comment_commit_id            object     81     32                                                                                                   
pr_review_comment_path                 object     81     17                                                                                                   
pr_assignee                            object    220      1                                                                                                   
pr_assignees                           object    220      2                                                                                                   
pr_requested_reviewers                 object    220     11                                                                                                   

