File: drive/output/scrape/extract_github_data/repo_level_data/pr/nokia___robotframework-autoitlibrary.parquet

MD5 hash: 01236e8be30c652a6d397e3dc0b90fd4

Keys: pr_number type created_at actor_id 

                                         type  count unique         mean              std          min          25%          50%          75%          max
pr_number                               int64     10                23.6        12.833983          2.0         22.0         26.0         29.0         39.0
type                                   object     10      1                                                                                               
created_at                             object     10     10                                                                                               
actor_id                                int64     10          24406339.5  22968858.704389    4466614.0    4670642.0   12457183.0   45071762.0   58158242.0
repo_id                                 int64     10         101177993.0              0.0  101177993.0  101177993.0  101177993.0  101177993.0  101177993.0
repo_name                              object     10      1                                                                                               
actor_login                            object     10      6                                                                                               
pr_title                               object     10      1                                                                                               
pr_body                                object     10      1                                                                                               
pr_action                              object     10      2                                                                                               
pr_merged_by_id                       float64      4           4670642.0              0.0    4670642.0    4670642.0    4670642.0    4670642.0    4670642.0
pr_merged_by_type                      object     10      2                                                                                               
pr_label                               object      0      0                                                                                               
pr_review_action                       object      0      0                                                                                               
pr_review_id                          float64      0                                                                                                      
pr_review_state                        object      0      0                                                                                               
pr_review_body                         object      0      0                                                                                               
pr_review_comment_body                 object      0      0                                                                                               
pr_review_comment_position             object      0      0                                                                                               
pr_review_comment_original_position    object      0      0                                                                                               
pr_review_comment_original_commit_id   object      0      0                                                                                               
pr_review_comment_commit_id            object      0      0                                                                                               
pr_review_comment_path                 object      0      0                                                                                               
pr_assignee                            object     10      1                                                                                               
pr_assignees                           object     10      1                                                                                               
pr_requested_reviewers                 object     10      1                                                                                               

