File: drive/output/scrape/extract_github_data/repo_level_data/pr/nousefreak___niko-home-control.parquet

MD5 hash: 8060fcd9eb51e2870929e5874003fc32

Keys: pr_number type created_at actor_id 

                                         type  count unique             mean             std          min          25%          50%          75%          max
pr_number                               int64     19                8.578947         5.27379          2.0          3.5          9.0         13.0         18.0
type                                   object     19      2                                                                                                  
created_at                             object     19     19                                                                                                  
actor_id                                int64     19         14914115.315789  20954643.73007     358918.0     879864.0    5813212.0   28448234.5   49699333.0
repo_id                                 int64     19             127209857.0             0.0  127209857.0  127209857.0  127209857.0  127209857.0  127209857.0
repo_name                              object     19      1                                                                                                  
actor_login                            object     19      6                                                                                                  
pr_title                               object     19      2                                                                                                  
pr_body                                object     19      2                                                                                                  
pr_action                              object     19      3                                                                                                  
pr_merged_by_id                       float64      6                879864.0             0.0     879864.0     879864.0     879864.0     879864.0     879864.0
pr_merged_by_type                      object     19      2                                                                                                  
pr_label                               object      0      0                                                                                                  
pr_review_action                       object      0      0                                                                                                  
pr_review_id                          float64      1             170667451.0                  170667451.0  170667451.0  170667451.0  170667451.0  170667451.0
pr_review_state                        object      0      0                                                                                                  
pr_review_body                         object      0      0                                                                                                  
pr_review_comment_body                 object      1      1                                                                                                  
pr_review_comment_position             object      1      1                                                                                                  
pr_review_comment_original_position    object      1      1                                                                                                  
pr_review_comment_original_commit_id   object      1      1                                                                                                  
pr_review_comment_commit_id            object      1      1                                                                                                  
pr_review_comment_path                 object      1      1                                                                                                  
pr_assignee                            object     19      1                                                                                                  
pr_assignees                           object     19      1                                                                                                  
pr_requested_reviewers                 object     19      1                                                                                                  

