File: drive/output/scrape/extract_github_data/repo_level_data/pr/novel___py-urbandict.parquet

MD5 hash: b03138ede979d516659852ec95d3b6be

Keys: pr_number type created_at actor_id 

                                         type  count unique           mean             std       min       25%       50%       75%        max
pr_number                               int64      9              7.555556        2.505549       5.0       6.0       7.0      10.0       12.0
type                                   object      9      1                                                                                  
created_at                             object      9      9                                                                                  
actor_id                                int64      9         890363.777778  2037181.359446   24848.0   24848.0   24848.0  125088.0  6146545.0
repo_id                                 int64      9              113755.0             0.0  113755.0  113755.0  113755.0  113755.0   113755.0
repo_name                              object      9      1                                                                                  
actor_login                            object      9      4                                                                                  
pr_title                               object      9      1                                                                                  
pr_body                                object      9      1                                                                                  
pr_action                              object      9      2                                                                                  
pr_merged_by_id                       float64      3               24848.0             0.0   24848.0   24848.0   24848.0   24848.0    24848.0
pr_merged_by_type                      object      9      2                                                                                  
pr_label                               object      0      0                                                                                  
pr_review_action                       object      0      0                                                                                  
pr_review_id                          float64      0                                                                                         
pr_review_state                        object      0      0                                                                                  
pr_review_body                         object      0      0                                                                                  
pr_review_comment_body                 object      0      0                                                                                  
pr_review_comment_position             object      0      0                                                                                  
pr_review_comment_original_position    object      0      0                                                                                  
pr_review_comment_original_commit_id   object      0      0                                                                                  
pr_review_comment_commit_id            object      0      0                                                                                  
pr_review_comment_path                 object      0      0                                                                                  
pr_assignee                            object      9      1                                                                                  
pr_assignees                           object      9      2                                                                                  
pr_requested_reviewers                 object      9      2                                                                                  

