File: drive/output/scrape/extract_github_data/repo_level_data/pr/olirice___flupy.parquet

MD5 hash: eabac348589bf6a6a5f8b44f562d242b

Keys: pr_number type created_at actor_id 

                                         type  count unique               mean               std          min           25%           50%           75%           max
pr_number                               int64     62                 24.919355         11.502385          7.0          13.0          29.0          35.0          41.0
type                                   object     62      3                                                                                                          
created_at                             object     62     60                                                                                                          
actor_id                                int64     62           28516735.096774   33972058.355305      37550.0    12958657.0    12958657.0    12958657.0   107222062.0
repo_id                                 int64     62               116499113.0               0.0  116499113.0   116499113.0   116499113.0   116499113.0   116499113.0
repo_name                              object     62      1                                                                                                          
actor_login                            object     62      7                                                                                                          
pr_title                               object     62      5                                                                                                          
pr_body                                object     62      5                                                                                                          
pr_action                              object     62      3                                                                                                          
pr_merged_by_id                       float64     16                12958657.0               0.0   12958657.0    12958657.0    12958657.0    12958657.0    12958657.0
pr_merged_by_type                      object     62      2                                                                                                          
pr_label                               object      0      0                                                                                                          
pr_review_action                       object     10      1                                                                                                          
pr_review_id                          float64     23         1837165735.782609  808495427.738201  421512289.0  2028876517.0  2131428485.0  2131635994.0  2936552077.0
pr_review_state                        object     10      3                                                                                                          
pr_review_body                         object     10      1                                                                                                          
pr_review_comment_body                 object     13     13                                                                                                          
pr_review_comment_position             object     13      7                                                                                                          
pr_review_comment_original_position    object     13      7                                                                                                          
pr_review_comment_original_commit_id   object     13      3                                                                                                          
pr_review_comment_commit_id            object     13      4                                                                                                          
pr_review_comment_path                 object     13      4                                                                                                          
pr_assignee                            object     62      1                                                                                                          
pr_assignees                           object     62      1                                                                                                          
pr_requested_reviewers                 object     62      1                                                                                                          

