File: drive/output/scrape/extract_github_data/repo_level_data/pr/ourownstory___neural_prophet.parquet

MD5 hash: 78eca6d7bde64952e328f7383e637cd7

Keys: pr_number type created_at actor_id 

                                         type  count unique               mean              std          min           25%           50%            75%           max
pr_number                             float64   2996                947.300401       405.540826         22.0        680.75         973.0         1262.0        1688.0
type                                   object   2996      3                                                                                                          
created_at                             object   2996   2871                                                                                                          
actor_id                                int64   2996           29322935.672563  25389710.405824     101320.0    13785749.0    21246060.0     42536262.0   147402107.0
repo_id                                 int64   2996               261086130.0              0.0  261086130.0   261086130.0   261086130.0    261086130.0   261086130.0
repo_name                              object   2996      1                                                                                                          
actor_login                            object   2996     76                                                                                                          
pr_title                               object   2996    347                                                                                                          
pr_body                                object   2996    321                                                                                                          
pr_action                              object   2996      4                                                                                                          
pr_merged_by_id                       float64    560           24335385.207143  20964816.854766     101320.0    21246060.0    21246060.0     21246060.0   111956449.0
pr_merged_by_type                      object   2996      2                                                                                                          
pr_label                               object      0      0                                                                                                          
pr_review_action                       object    834      1                                                                                                          
pr_review_id                          float64   1534         1279914947.942634  374837218.00826  510967522.0  1101610513.5  1201951385.0  1337421480.75  2278815340.0
pr_review_state                        object    834      4                                                                                                          
pr_review_body                         object    834    226                                                                                                          
pr_review_comment_body                 object    700    653                                                                                                          
pr_review_comment_position             object    700    190                                                                                                          
pr_review_comment_original_position    object    700    184                                                                                                          
pr_review_comment_original_commit_id   object    700    149                                                                                                          
pr_review_comment_commit_id            object    700    194                                                                                                          
pr_review_comment_path                 object    700     51                                                                                                          
pr_assignee                            object   2996      1                                                                                                          
pr_assignees                           object   2996     24                                                                                                          
pr_requested_reviewers                 object   2996     28                                                                                                          

