File: drive/output/scrape/extract_github_data/repo_level_data/pr/overhangio___openedx-scorm-xblock.parquet

MD5 hash: 5f7f166163fa5a10a3ab16373ce7a1b0

Keys: pr_number type created_at actor_id 

                                         type  count unique             mean               std          min           25%           50%           75%           max
pr_number                               int64    296               58.378378         24.318342          9.0          39.0          60.0          79.0         101.0
type                                   object    296      3                                                                                                        
created_at                             object    296    294                                                                                                        
actor_id                                int64    296         28842981.790541   49165451.100548      40972.0       44319.0      434995.0   43173292.75   138459282.0
repo_id                                 int64    296             258757071.0               0.0  258757071.0   258757071.0   258757071.0   258757071.0   258757071.0
repo_name                              object    296      1                                                                                                        
actor_login                            object    296     27                                                                                                        
pr_title                               object    296     46                                                                                                        
pr_body                                object    296     43                                                                                                        
pr_action                              object    296      3                                                                                                        
pr_merged_by_id                       float64     46          1206218.347826    5939789.193412      44319.0      141988.0      434995.0      434995.0    40599381.0
pr_merged_by_type                      object    296      2                                                                                                        
pr_label                               object      0      0                                                                                                        
pr_review_action                       object    110      1                                                                                                        
pr_review_id                          float64    189            1814408212.0  436854544.478245  508370639.0  1483065571.0  1799780800.0  2139596770.0  2673954451.0
pr_review_state                        object    110      3                                                                                                        
pr_review_body                         object    110     33                                                                                                        
pr_review_comment_body                 object     79     79                                                                                                        
pr_review_comment_position             object     79     31                                                                                                        
pr_review_comment_original_position    object     79     30                                                                                                        
pr_review_comment_original_commit_id   object     79     22                                                                                                        
pr_review_comment_commit_id            object     79     29                                                                                                        
pr_review_comment_path                 object     79      6                                                                                                        
pr_assignee                            object    296      1                                                                                                        
pr_assignees                           object    296      5                                                                                                        
pr_requested_reviewers                 object    296      6                                                                                                        

