File: drive/output/scrape/extract_github_data/repo_level_data/pr/phaethon___kamene.parquet

MD5 hash: fc4f75dbfb7eb06de1e40d52a7b55a77

Keys: pr_number type created_at actor_id 

                                         type  count unique            mean             std         min         25%         50%         75%         max
pr_number                               int64    230             127.282609       69.371874         8.0        66.0       131.5       186.5       265.0
type                                   object    230      1                                                                                            
created_at                             object    230    230                                                                                            
actor_id                                int64    230         5246082.591304  6541516.056885    140925.0   1088890.0   1145175.0  10340167.0  29709551.0
repo_id                                 int64    230             30015633.0             0.0  30015633.0  30015633.0  30015633.0  30015633.0  30015633.0
repo_name                              object    230      1                                                                                            
actor_login                            object    230     57                                                                                            
pr_title                               object    230      1                                                                                            
pr_body                                object    230      1                                                                                            
pr_action                              object    230      3                                                                                            
pr_merged_by_id                       float64     96              1088890.0             0.0   1088890.0   1088890.0   1088890.0   1088890.0   1088890.0
pr_merged_by_type                      object    230      2                                                                                            
pr_label                               object      0      0                                                                                            
pr_review_action                       object      0      0                                                                                            
pr_review_id                          float64      0                                                                                                   
pr_review_state                        object      0      0                                                                                            
pr_review_body                         object      0      0                                                                                            
pr_review_comment_body                 object      0      0                                                                                            
pr_review_comment_position             object      0      0                                                                                            
pr_review_comment_original_position    object      0      0                                                                                            
pr_review_comment_original_commit_id   object      0      0                                                                                            
pr_review_comment_commit_id            object      0      0                                                                                            
pr_review_comment_path                 object      0      0                                                                                            
pr_assignee                            object    230      1                                                                                            
pr_assignees                           object    230      2                                                                                            
pr_requested_reviewers                 object    230      2                                                                                            

