File: drive/output/scrape/extract_github_data/repo_level_data/pr/pierre-sassoulas___contributors-txt.parquet

MD5 hash: a611910c9409cd9c16b721a4f7a00146

Keys: pr_number type created_at actor_id 

                                         type  count unique              mean               std          min           25%           50%           75%           max
pr_number                               int64    449                95.746102         50.367158          2.0          55.0          96.0         138.0         189.0
type                                   object    449      3                                                                                                         
created_at                             object    449    449                                                                                                         
actor_id                                int64    449          23353914.826281   24972824.217188    5493666.0     5493666.0     5493666.0    49699333.0    66853113.0
repo_id                                 int64    449              466439120.0               0.0  466439120.0   466439120.0   466439120.0   466439120.0   466439120.0
repo_name                              object    449      1                                                                                                         
actor_login                            object    449      4                                                                                                         
pr_title                               object    449     67                                                                                                         
pr_body                                object    449    115                                                                                                         
pr_action                              object    449      4                                                                                                         
pr_merged_by_id                       float64    164                5493666.0               0.0    5493666.0     5493666.0     5493666.0     5493666.0     5493666.0
pr_merged_by_type                      object    449      2                                                                                                         
pr_label                               object      0      0                                                                                                         
pr_review_action                       object    116      1                                                                                                         
pr_review_id                          float64    117         1691538605.82906  443445668.566096  934532906.0  1306774130.0  1611122509.0  2061759139.0  2889964975.0
pr_review_state                        object    116      2                                                                                                         
pr_review_body                         object    116      3                                                                                                         
pr_review_comment_body                 object      1      1                                                                                                         
pr_review_comment_position             object      1      1                                                                                                         
pr_review_comment_original_position    object      1      1                                                                                                         
pr_review_comment_original_commit_id   object      1      1                                                                                                         
pr_review_comment_commit_id            object      1      1                                                                                                         
pr_review_comment_path                 object      1      1                                                                                                         
pr_assignee                            object    449      1                                                                                                         
pr_assignees                           object    449      1                                                                                                         
pr_requested_reviewers                 object    449      1                                                                                                         

