File: drive/output/scrape/extract_github_data/repo_level_data/pr/pik-copan___pyunicorn.parquet

MD5 hash: 9f1189672c5a2f0686f3109dce7fb3c7

Keys: pr_number type created_at actor_id 

                                         type  count unique               mean              std           min           25%           50%           75%           max
pr_number                             float64    157                156.961783        57.926222          61.0         102.0         175.0         213.0         242.0
type                                   object    157      3                                                                                                          
created_at                             object    157    157                                                                                                          
actor_id                                int64    157           48088526.636943  51564204.802021      600989.0     5596210.0     9528459.0   117823875.0   117823875.0
repo_id                                 int64    157                33720178.0              0.0    33720178.0    33720178.0    33720178.0    33720178.0    33720178.0
repo_name                              object    157      1                                                                                                          
actor_login                            object    157     15                                                                                                          
pr_title                               object    157      7                                                                                                          
pr_body                                object    157      7                                                                                                          
pr_action                              object    157      4                                                                                                          
pr_merged_by_id                       float64     50               46862243.24  53369973.236156     3185531.0     5596210.0     6017244.0   117823875.0   117823875.0
pr_merged_by_type                      object    157      2                                                                                                          
pr_label                               object      0      0                                                                                                          
pr_review_action                       object     12      1                                                                                                          
pr_review_id                          float64     18         1698155576.777778  87060101.939627  1647053964.0  1647260900.0  1647382393.5  1675701573.0  1897903100.0
pr_review_state                        object     12      3                                                                                                          
pr_review_body                         object     12      2                                                                                                          
pr_review_comment_body                 object      8      8                                                                                                          
pr_review_comment_position             object      8      5                                                                                                          
pr_review_comment_original_position    object      8      5                                                                                                          
pr_review_comment_original_commit_id   object      8      3                                                                                                          
pr_review_comment_commit_id            object      8      3                                                                                                          
pr_review_comment_path                 object      8      3                                                                                                          
pr_assignee                            object    157      1                                                                                                          
pr_assignees                           object    157      2                                                                                                          
pr_requested_reviewers                 object    157      5                                                                                                          

