File: drive/output/scrape/extract_github_data/repo_level_data/pr/py-pa___django-minio-storage.parquet

MD5 hash: 643d7438a1c55b6e7a5e384f275c6a92

Keys: pr_number type created_at actor_id 

                                         type  count unique               mean                std         min            25%           50%            75%           max
pr_number                               int64    210                 86.314286          54.842151         4.0           28.0          97.0          144.0         155.0
type                                   object    210      3                                                                                                            
created_at                             object    210    206                                                                                                            
actor_id                                int64    210            4267154.371429    10208925.582689    115118.0       330847.0      528309.0      1282879.0    58298410.0
repo_id                                 int64    210           66225375.228571     8835144.578732  63059263.0     63059263.0    63059263.0     63059263.0    90762745.0
repo_name                              object    210      1                                                                                                            
actor_login                            object    210     21                                                                                                            
pr_title                               object    210      9                                                                                                            
pr_body                                object    210      6                                                                                                            
pr_action                              object    210      4                                                                                                            
pr_merged_by_id                       float64     52            1692123.423077     3789342.010828    330847.0       330847.0      330847.0       330847.0    13155277.0
pr_merged_by_type                      object    210      2                                                                                                            
pr_label                               object      0      0                                                                                                            
pr_review_action                       object     20      1                                                                                                            
pr_review_id                          float64     52         2141563836.538461  1160200763.950918  41384128.0  2517096473.25  2813317636.0  2813419323.75  2825506562.0
pr_review_state                        object     20      2                                                                                                            
pr_review_body                         object     20      1                                                                                                            
pr_review_comment_body                 object     32     31                                                                                                            
pr_review_comment_position             object     32     20                                                                                                            
pr_review_comment_original_position    object     32     18                                                                                                            
pr_review_comment_original_commit_id   object     32     14                                                                                                            
pr_review_comment_commit_id            object     32     14                                                                                                            
pr_review_comment_path                 object     32      8                                                                                                            
pr_assignee                            object    210      1                                                                                                            
pr_assignees                           object    210      1                                                                                                            
pr_requested_reviewers                 object    210      2                                                                                                            

