File: drive/output/scrape/extract_github_data/repo_level_data/pr/pygraphviz___pygraphviz.parquet

MD5 hash: 2f8d3b450e66493bb2008ec9a6ab69cd

Keys: pr_number type created_at actor_id 

                                         type  count unique               mean               std          min          25%          50%           75%           max
pr_number                             float64    606                349.321782        130.685568         35.0        265.0        334.0        458.75         566.0
type                                   object    606      3                                                                                                        
created_at                             object    606    601                                                                                                        
actor_id                                int64    606                 2773630.5   10083953.159512      46775.0     123428.0     187875.0     1268991.0   110455286.0
repo_id                                 int64    606                11846030.0               0.0   11846030.0   11846030.0   11846030.0    11846030.0    11846030.0
repo_name                              object    606      1                                                                                                        
actor_login                            object    606     61                                                                                                        
pr_title                               object    606     62                                                                                                        
pr_body                                object    606     46                                                                                                        
pr_action                              object    606      4                                                                                                        
pr_merged_by_id                       float64    198             654254.186869    1219322.010368     123428.0     123428.0     123428.0      915037.0     5363860.0
pr_merged_by_type                      object    606      2                                                                                                        
pr_label                               object      0      0                                                                                                        
pr_review_action                       object     95      1                                                                                                        
pr_review_id                          float64    123         1267332641.162602  727762380.980279  462681049.0  579921125.0  898213031.0  1804939545.5  2676051418.0
pr_review_state                        object     95      3                                                                                                        
pr_review_body                         object     95     47                                                                                                        
pr_review_comment_body                 object     28     28                                                                                                        
pr_review_comment_position             object     28     16                                                                                                        
pr_review_comment_original_position    object     28     17                                                                                                        
pr_review_comment_original_commit_id   object     28     12                                                                                                        
pr_review_comment_commit_id            object     28     16                                                                                                        
pr_review_comment_path                 object     28      8                                                                                                        
pr_assignee                            object    606      1                                                                                                        
pr_assignees                           object    606      4                                                                                                        
pr_requested_reviewers                 object    606      4                                                                                                        

