File: drive/output/scrape/extract_github_data/repo_level_data/pr/pysal___esda.parquet

MD5 hash: 046d7b616c829e0325fa42f9c25c277b

Keys: pr_number type created_at actor_id 

                                         type  count unique               mean               std         min          25%           50%           75%           max
pr_number                               int64    911                214.646542        100.383956         1.0        143.0         227.0         281.0         383.0
type                                   object    911      3                                                                                                        
created_at                             object    911    889                                                                                                        
actor_id                                int64    911           14350672.706915   19036035.681929    118042.0    2250995.0     8590583.0    31426294.0   132779005.0
repo_id                                 int64    911                81873636.0               0.0  81873636.0   81873636.0    81873636.0    81873636.0    81873636.0
repo_name                              object    911      1                                                                                                        
actor_login                            object    911     25                                                                                                        
pr_title                               object    911    115                                                                                                        
pr_body                                object    911    114                                                                                                        
pr_action                              object    911      4                                                                                                        
pr_merged_by_id                       float64    173            7761533.323699   11525248.888073    118042.0     118042.0     2250995.0     8590583.0    36797143.0
pr_merged_by_type                      object    911      2                                                                                                        
pr_label                               object      0      0                                                                                                        
pr_review_action                       object    269      1                                                                                                        
pr_review_id                          float64    497         1501484035.482897  754933567.308847  64577951.0  694258108.0  1563815563.0  2172025799.0  2970007096.0
pr_review_state                        object    269      3                                                                                                        
pr_review_body                         object    269     34                                                                                                        
pr_review_comment_body                 object    228    217                                                                                                        
pr_review_comment_position             object    228     97                                                                                                        
pr_review_comment_original_position    object    228     93                                                                                                        
pr_review_comment_original_commit_id   object    228     71                                                                                                        
pr_review_comment_commit_id            object    228     86                                                                                                        
pr_review_comment_path                 object    228     38                                                                                                        
pr_assignee                            object    911      1                                                                                                        
pr_assignees                           object    911     19                                                                                                        
pr_requested_reviewers                 object    911     70                                                                                                        

