File: drive/output/scrape/extract_github_data/repo_level_data/pr/r-kells___scream.parquet

MD5 hash: 0a630f54c8eb76fb5475c63115222592

Keys: pr_number type created_at actor_id 

                                         type  count unique            mean             std          min          25%          50%          75%          max
pr_number                               int64     62              21.048387       11.878383          2.0        12.25         20.5         29.0         48.0
type                                   object     62      1                                                                                                 
created_at                             object     62     62                                                                                                 
actor_id                                int64     62         20994933.16129  2568185.138186    1099183.0   21321093.0   21321093.0   21321093.0   21321093.0
repo_id                                 int64     62            158498978.0             0.0  158498978.0  158498978.0  158498978.0  158498978.0  158498978.0
repo_name                              object     62      1                                                                                                 
actor_login                            object     62      2                                                                                                 
pr_title                               object     62      1                                                                                                 
pr_body                                object     62      1                                                                                                 
pr_action                              object     62      2                                                                                                 
pr_merged_by_id                       float64     31             21321093.0             0.0   21321093.0   21321093.0   21321093.0   21321093.0   21321093.0
pr_merged_by_type                      object     62      2                                                                                                 
pr_label                               object      0      0                                                                                                 
pr_review_action                       object      0      0                                                                                                 
pr_review_id                          float64      0                                                                                                        
pr_review_state                        object      0      0                                                                                                 
pr_review_body                         object      0      0                                                                                                 
pr_review_comment_body                 object      0      0                                                                                                 
pr_review_comment_position             object      0      0                                                                                                 
pr_review_comment_original_position    object      0      0                                                                                                 
pr_review_comment_original_commit_id   object      0      0                                                                                                 
pr_review_comment_commit_id            object      0      0                                                                                                 
pr_review_comment_path                 object      0      0                                                                                                 
pr_assignee                            object     62      1                                                                                                 
pr_assignees                           object     62      1                                                                                                 
pr_requested_reviewers                 object     62      1                                                                                                 

