File: drive/output/scrape/extract_github_data/repo_level_data/pr/rafficer___linux-cli-community.parquet

MD5 hash: c8d9b3353af20d4dda757ffb35f5673d

Keys: pr_number type created_at actor_id 

                                         type  count unique              mean               std          min           25%          50%          75%           max
pr_number                               int64    231               134.428571        114.529787          3.0          46.0         96.0        153.0         382.0
type                                   object    231      3                                                                                                       
created_at                             object    231    230                                                                                                       
actor_id                                int64    231          14958622.640693   18807860.577358       3565.0      119349.0   16412897.0   19485606.0   178272563.0
repo_id                                 int64    231              211895509.0               0.0  211895509.0   211895509.0  211895509.0  211895509.0   211895509.0
repo_name                              object    231      1                                                                                                       
actor_login                            object    231     37                                                                                                       
pr_title                               object    231     24                                                                                                       
pr_body                                object    231     16                                                                                                       
pr_action                              object    231      3                                                                                                       
pr_merged_by_id                       float64     45           5406589.333333    9702217.399652     119349.0      119349.0     119349.0     119349.0    31934100.0
pr_merged_by_type                      object    231      2                                                                                                       
pr_label                               object      0      0                                                                                                       
pr_review_action                       object     14      1                                                                                                       
pr_review_id                          float64     98         588936821.132653  613634381.271188  305652157.0  323923857.75  355985850.5  395953120.0  2612601647.0
pr_review_state                        object     14      3                                                                                                       
pr_review_body                         object     14      4                                                                                                       
pr_review_comment_body                 object     84     80                                                                                                       
pr_review_comment_position             object     84     34                                                                                                       
pr_review_comment_original_position    object     84     38                                                                                                       
pr_review_comment_original_commit_id   object     84     18                                                                                                       
pr_review_comment_commit_id            object     84     22                                                                                                       
pr_review_comment_path                 object     84     24                                                                                                       
pr_assignee                            object    231      1                                                                                                       
pr_assignees                           object    231      2                                                                                                       
pr_requested_reviewers                 object    231      3                                                                                                       

