File: drive/output/scrape/extract_github_data/repo_level_data/pr/rasterio___affine.parquet

MD5 hash: 640049a2850db197c4066e23d763ff51

Keys: pr_number type created_at actor_id 

                                         type  count unique               mean              std         min          25%           50%           75%           max
pr_number                               int64    256                 84.414062        31.875992        14.0        64.75          95.5        110.25         128.0
type                                   object    256      3                                                                                                       
created_at                             object    256    250                                                                                                       
actor_id                                int64    256            1735723.894531   5764733.242748     33697.0      33697.0       33697.0      895458.0    74309971.0
repo_id                                 int64    256                20115554.0              0.0  20115554.0   20115554.0    20115554.0    20115554.0    20115554.0
repo_name                              object    256      1                                                                                                       
actor_login                            object    256     21                                                                                                       
pr_title                               object    256     35                                                                                                       
pr_body                                object    256     35                                                                                                       
pr_action                              object    256      4                                                                                                       
pr_merged_by_id                       float64     52                   33697.0              0.0     33697.0      33697.0       33697.0       33697.0       33697.0
pr_merged_by_type                      object    256      2                                                                                                       
pr_label                               object      0      0                                                                                                       
pr_review_action                       object     61      1                                                                                                       
pr_review_id                          float64    119         1803433869.226891  950213963.24712  45964799.0  923871961.0  2513088340.0  2525964482.5  2641628743.0
pr_review_state                        object     61      3                                                                                                       
pr_review_body                         object     61     20                                                                                                       
pr_review_comment_body                 object     60     60                                                                                                       
pr_review_comment_position             object     60     33                                                                                                       
pr_review_comment_original_position    object     60     29                                                                                                       
pr_review_comment_original_commit_id   object     60     16                                                                                                       
pr_review_comment_commit_id            object     60     21                                                                                                       
pr_review_comment_path                 object     60     12                                                                                                       
pr_assignee                            object    256      1                                                                                                       
pr_assignees                           object    256      5                                                                                                       
pr_requested_reviewers                 object    256      4                                                                                                       

