File: drive/output/scrape/extract_github_data/repo_level_data/pr/skozlovf___flask-json.parquet

MD5 hash: 8a172ea42c10f68c8c75c56f2c83736e

Keys: pr_number type created_at actor_id 

                                         type  count unique            mean             std         min         25%         50%         75%         max
pr_number                               int64     12                    5.5         3.98862         1.0         3.0         4.5         7.0        13.0
type                                   object     12      1                                                                                            
created_at                             object     12     12                                                                                            
actor_id                                int64     12         1652222.583333  2048960.289818     21474.0   667987.25    730013.0   1673746.0   5925045.0
repo_id                                 int64     12             33849029.0             0.0  33849029.0  33849029.0  33849029.0  33849029.0  33849029.0
repo_name                              object     12      1                                                                                            
actor_login                            object     12      6                                                                                            
pr_title                               object     12      1                                                                                            
pr_body                                object     12      1                                                                                            
pr_action                              object     12      2                                                                                            
pr_merged_by_id                       float64      5               730013.0             0.0    730013.0    730013.0    730013.0    730013.0    730013.0
pr_merged_by_type                      object     12      2                                                                                            
pr_label                               object      0      0                                                                                            
pr_review_action                       object      0      0                                                                                            
pr_review_id                          float64      0                                                                                                   
pr_review_state                        object      0      0                                                                                            
pr_review_body                         object      0      0                                                                                            
pr_review_comment_body                 object      0      0                                                                                            
pr_review_comment_position             object      0      0                                                                                            
pr_review_comment_original_position    object      0      0                                                                                            
pr_review_comment_original_commit_id   object      0      0                                                                                            
pr_review_comment_commit_id            object      0      0                                                                                            
pr_review_comment_path                 object      0      0                                                                                            
pr_assignee                            object     12      1                                                                                            
pr_assignees                           object     12      2                                                                                            
pr_requested_reviewers                 object     12      2                                                                                            

