File: drive/output/scrape/extract_github_data/repo_level_data/pr/spoqa___sqlalchemy-utc.parquet

MD5 hash: 59a2d4784cea963f032e45a66b7b2d8a

Keys: pr_number type created_at actor_id 

                                         type  count unique              mean              std         min          25%          50%          75%           max
pr_number                               int64     51                 9.058824         4.997647         1.0          4.0         10.0         12.0          17.0
type                                   object     51      3                                                                                                    
created_at                             object     51     49                                                                                                    
actor_id                                int64     51           3549720.294118    6367578.67786     12431.0      12431.0     235458.0    1223421.0    19777948.0
repo_id                                 int64     51               61645373.0              0.0  61645373.0   61645373.0   61645373.0   61645373.0    61645373.0
repo_name                              object     51      1                                                                                                    
actor_login                            object     51     12                                                                                                    
pr_title                               object     51      9                                                                                                    
pr_body                                object     51      9                                                                                                    
pr_action                              object     51      3                                                                                                    
pr_merged_by_id                       float64      9           5929035.777778   7891628.685744     12431.0      12431.0      95910.0   15262528.0    16764073.0
pr_merged_by_type                      object     51      2                                                                                                    
pr_label                               object      0      0                                                                                                    
pr_review_action                       object     17      1                                                                                                    
pr_review_id                          float64     31         568096837.580645  305944169.40267  90196207.0  310406117.5  689140298.0  760384801.0  1014129686.0
pr_review_state                        object     17      2                                                                                                    
pr_review_body                         object     17     10                                                                                                    
pr_review_comment_body                 object     14     13                                                                                                    
pr_review_comment_position             object     14      5                                                                                                    
pr_review_comment_original_position    object     14      6                                                                                                    
pr_review_comment_original_commit_id   object     14      6                                                                                                    
pr_review_comment_commit_id            object     14      9                                                                                                    
pr_review_comment_path                 object     14      4                                                                                                    
pr_assignee                            object     51      1                                                                                                    
pr_assignees                           object     51      1                                                                                                    
pr_requested_reviewers                 object     51      3                                                                                                    

