File: drive/output/scrape/extract_github_data/repo_level_data/pr/swansonk14___p_tqdm.parquet

MD5 hash: 65a48b6e80500eb9ce05a1c9c2281890

Keys: pr_number type created_at actor_id 

                                         type  count unique           mean               std          min          25%          50%          75%          max
pr_number                               int64     32              25.59375         16.336895          2.0         7.75         29.0         37.5         50.0
type                                   object     32      2                                                                                                  
created_at                             object     32     32                                                                                                  
actor_id                                int64     32         8572888.53125    9603763.154914    1103714.0    1690252.0    9360259.5   10412156.0   55475299.0
repo_id                                 int64     32           100433986.0               0.0  100433986.0  100433986.0  100433986.0  100433986.0  100433986.0
repo_name                              object     32      1                                                                                                  
actor_login                            object     32     14                                                                                                  
pr_title                               object     32      2                                                                                                  
pr_body                                object     32      1                                                                                                  
pr_action                              object     32      4                                                                                                  
pr_merged_by_id                       float64     10            10412156.0               0.0   10412156.0   10412156.0   10412156.0   10412156.0   10412156.0
pr_merged_by_type                      object     32      2                                                                                                  
pr_label                               object      0      0                                                                                                  
pr_review_action                       object      2      1                                                                                                  
pr_review_id                          float64      2           753040157.0  269574569.317716  562422151.0  657731154.0  753040157.0  848349160.0  943658163.0
pr_review_state                        object      2      1                                                                                                  
pr_review_body                         object      2      2                                                                                                  
pr_review_comment_body                 object      0      0                                                                                                  
pr_review_comment_position             object      0      0                                                                                                  
pr_review_comment_original_position    object      0      0                                                                                                  
pr_review_comment_original_commit_id   object      0      0                                                                                                  
pr_review_comment_commit_id            object      0      0                                                                                                  
pr_review_comment_path                 object      0      0                                                                                                  
pr_assignee                            object     32      1                                                                                                  
pr_assignees                           object     32      1                                                                                                  
pr_requested_reviewers                 object     32      1                                                                                                  

