File: drive/output/scrape/extract_github_data/repo_level_data/pr/swhume___odmlib.parquet

MD5 hash: 66eb10846a3ccbb2b359ee8f420c8023

Keys: pr_number type created_at actor_id 

                                         type  count unique            mean             std          min          25%          50%          75%          max
pr_number                               int64     19               7.421053        3.671448          2.0          4.0          7.0         10.5         13.0
type                                   object     19      1                                                                                                 
created_at                             object     19     19                                                                                                 
actor_id                                int64     19         7536162.157895  2109191.828237    1116105.0    7255394.0    7255394.0    7255394.0   11080022.0
repo_id                                 int64     19            326310174.0             0.0  326310174.0  326310174.0  326310174.0  326310174.0  326310174.0
repo_name                              object     19      1                                                                                                 
actor_login                            object     19      3                                                                                                 
pr_title                               object     19      1                                                                                                 
pr_body                                object     19      1                                                                                                 
pr_action                              object     19      2                                                                                                 
pr_merged_by_id                       float64      8              7255394.0             0.0    7255394.0    7255394.0    7255394.0    7255394.0    7255394.0
pr_merged_by_type                      object     19      2                                                                                                 
pr_label                               object      0      0                                                                                                 
pr_review_action                       object      0      0                                                                                                 
pr_review_id                          float64      0                                                                                                        
pr_review_state                        object      0      0                                                                                                 
pr_review_body                         object      0      0                                                                                                 
pr_review_comment_body                 object      0      0                                                                                                 
pr_review_comment_position             object      0      0                                                                                                 
pr_review_comment_original_position    object      0      0                                                                                                 
pr_review_comment_original_commit_id   object      0      0                                                                                                 
pr_review_comment_commit_id            object      0      0                                                                                                 
pr_review_comment_path                 object      0      0                                                                                                 
pr_assignee                            object     19      1                                                                                                 
pr_assignees                           object     19      1                                                                                                 
pr_requested_reviewers                 object     19      1                                                                                                 

