File: drive/output/scrape/extract_github_data/repo_level_data/pr/t-sagara___jageocoder.parquet

MD5 hash: a729a68862708bc0671b86132598364f

Keys: pr_number type created_at actor_id 

                                         type  count unique          mean             std           min           25%           50%           75%           max
pr_number                               int64     50                 17.6       10.135812           1.0          10.0          17.0         25.75          39.0
type                                   object     50      3                                                                                                    
created_at                             object     50     50                                                                                                    
actor_id                                int64     50           8397989.66  8256109.308612      118803.0     6901967.0     6901967.0     6901967.0    58758248.0
repo_id                                 int64     50          340603337.0             0.0   340603337.0   340603337.0   340603337.0   340603337.0   340603337.0
repo_name                              object     50      1                                                                                                    
actor_login                            object     50      4                                                                                                    
pr_title                               object     50      2                                                                                                    
pr_body                                object     50      2                                                                                                    
pr_action                              object     50      3                                                                                                    
pr_merged_by_id                       float64     19            6901967.0             0.0     6901967.0     6901967.0     6901967.0     6901967.0     6901967.0
pr_merged_by_type                      object     50      2                                                                                                    
pr_label                               object      0      0                                                                                                    
pr_review_action                       object      4      1                                                                                                    
pr_review_id                          float64      5         1704303586.0   633548.853052  1703697788.0  1703697788.0  1704455052.0  1704455052.0  1705212250.0
pr_review_state                        object      4      3                                                                                                    
pr_review_body                         object      4      2                                                                                                    
pr_review_comment_body                 object      1      1                                                                                                    
pr_review_comment_position             object      1      1                                                                                                    
pr_review_comment_original_position    object      1      1                                                                                                    
pr_review_comment_original_commit_id   object      1      1                                                                                                    
pr_review_comment_commit_id            object      1      1                                                                                                    
pr_review_comment_path                 object      1      1                                                                                                    
pr_assignee                            object     50      1                                                                                                    
pr_assignees                           object     50      1                                                                                                    
pr_requested_reviewers                 object     50      1                                                                                                    

