File: drive/output/scrape/extract_github_data/repo_level_data/pr/te-k___pysafebrowsing.parquet

MD5 hash: d1864ca81cb43849e8d889d51479e664

Keys: pr_number type created_at actor_id 

                                         type  count unique             mean             std          min          25%          50%          75%          max
pr_number                               int64      9                4.111111        1.900292          2.0          3.0          4.0          5.0          7.0
type                                   object      9      1                                                                                                  
created_at                             object      9      9                                                                                                  
actor_id                                int64      9         18633853.111111  20896867.25176     678500.0    8658707.0   15989628.0   15989628.0   72299290.0
repo_id                                 int64      9             107568386.0             0.0  107568386.0  107568386.0  107568386.0  107568386.0  107568386.0
repo_name                              object      9      1                                                                                                  
actor_login                            object      9      5                                                                                                  
pr_title                               object      9      1                                                                                                  
pr_body                                object      9      1                                                                                                  
pr_action                              object      9      2                                                                                                  
pr_merged_by_id                       float64      5              15989628.0             0.0   15989628.0   15989628.0   15989628.0   15989628.0   15989628.0
pr_merged_by_type                      object      9      2                                                                                                  
pr_label                               object      0      0                                                                                                  
pr_review_action                       object      0      0                                                                                                  
pr_review_id                          float64      0                                                                                                         
pr_review_state                        object      0      0                                                                                                  
pr_review_body                         object      0      0                                                                                                  
pr_review_comment_body                 object      0      0                                                                                                  
pr_review_comment_position             object      0      0                                                                                                  
pr_review_comment_original_position    object      0      0                                                                                                  
pr_review_comment_original_commit_id   object      0      0                                                                                                  
pr_review_comment_commit_id            object      0      0                                                                                                  
pr_review_comment_path                 object      0      0                                                                                                  
pr_assignee                            object      9      1                                                                                                  
pr_assignees                           object      9      1                                                                                                  
pr_requested_reviewers                 object      9      1                                                                                                  

