File: drive/output/scrape/extract_github_data/repo_level_data/pr/thanatosshinji___onnx-tool.parquet

MD5 hash: d503a1a26afe983d1dd4732472014a77

Keys: pr_number type created_at actor_id 

                                         type  count unique               mean               std           min           25%           50%           75%           max
pr_number                               int64     85                 51.023529         26.878907           9.0          26.0          54.0          65.0          99.0
type                                   object     85      3                                                                                                           
created_at                             object     85     85                                                                                                           
actor_id                                int64     85           87789767.588235   40137315.857494       19678.0   108169286.0   108169286.0   108169286.0   108715795.0
repo_id                                 int64     85               508355584.0               0.0   508355584.0   508355584.0   508355584.0   508355584.0   508355584.0
repo_name                              object     85      1                                                                                                           
actor_login                            object     85     12                                                                                                           
pr_title                               object     85     15                                                                                                           
pr_body                                object     85     14                                                                                                           
pr_action                              object     85      3                                                                                                           
pr_merged_by_id                       float64     18               108169286.0               0.0   108169286.0   108169286.0   108169286.0   108169286.0   108169286.0
pr_merged_by_type                      object     85      2                                                                                                           
pr_label                               object      0      0                                                                                                           
pr_review_action                       object     31      1                                                                                                           
pr_review_id                          float64     47         1759574557.446809  407269057.069364  1180495777.0  1551730354.0  1868005255.0  1890623538.0  2908341844.0
pr_review_state                        object     31      3                                                                                                           
pr_review_body                         object     31      8                                                                                                           
pr_review_comment_body                 object     16     16                                                                                                           
pr_review_comment_position             object     16      6                                                                                                           
pr_review_comment_original_position    object     16      5                                                                                                           
pr_review_comment_original_commit_id   object     16      6                                                                                                           
pr_review_comment_commit_id            object     16      7                                                                                                           
pr_review_comment_path                 object     16      3                                                                                                           
pr_assignee                            object     85      1                                                                                                           
pr_assignees                           object     85      1                                                                                                           
pr_requested_reviewers                 object     85      1                                                                                                           

