File: drive/output/scrape/extract_github_data/repo_level_data/pr/timvink___mkdocs-table-reader-plugin.parquet

MD5 hash: e37ebfa7996a515af850a6f2b589fc26

Keys: pr_number type created_at actor_id 

                                         type  count unique             mean              std           min           25%           50%           75%           max
pr_number                               int64     54               38.888889        24.472292           3.0         18.75          36.0          58.0          82.0
type                                   object     54      3                                                                                                        
created_at                             object     54     54                                                                                                        
actor_id                                int64     54         20721611.981481  32392644.382281       39889.0     5570380.0     5570380.0    12674847.0   116985276.0
repo_id                                 int64     54             245381816.0              0.0   245381816.0   245381816.0   245381816.0   245381816.0   245381816.0
repo_name                              object     54      1                                                                                                        
actor_login                            object     54     13                                                                                                        
pr_title                               object     54      2                                                                                                        
pr_body                                object     54      1                                                                                                        
pr_action                              object     54      3                                                                                                        
pr_merged_by_id                       float64     21               5570380.0              0.0     5570380.0     5570380.0     5570380.0     5570380.0     5570380.0
pr_merged_by_type                      object     54      2                                                                                                        
pr_label                               object      0      0                                                                                                        
pr_review_action                       object      2      1                                                                                                        
pr_review_id                          float64      4            1036311074.5       508.645587  1036310634.0  1036310634.0  1036311074.5  1036311515.0  1036311515.0
pr_review_state                        object      2      1                                                                                                        
pr_review_body                         object      2      1                                                                                                        
pr_review_comment_body                 object      2      2                                                                                                        
pr_review_comment_position             object      2      1                                                                                                        
pr_review_comment_original_position    object      2      1                                                                                                        
pr_review_comment_original_commit_id   object      2      1                                                                                                        
pr_review_comment_commit_id            object      2      1                                                                                                        
pr_review_comment_path                 object      2      1                                                                                                        
pr_assignee                            object     54      1                                                                                                        
pr_assignees                           object     54      1                                                                                                        
pr_requested_reviewers                 object     54      1                                                                                                        

