File: drive/output/scrape/extract_github_data/repo_level_data/pr/trailofbits___rfc8785.py.parquet

MD5 hash: f9bf93a96662d81ba2cc3913d4810bb5

Keys: pr_number type created_at actor_id 

                                         type  count unique             mean              std           min           25%           50%           75%           max
pr_number                               int64     44               14.295455          5.54298           4.0          10.0          15.0         18.25          24.0
type                                   object     44      3                                                                                                        
created_at                             object     44     44                                                                                                        
actor_id                                int64     44         14775090.181818  20409810.254996      110765.0     3059210.0     3059210.0   16746423.25    49699333.0
repo_id                                 int64     44             768213997.0              0.0   768213997.0   768213997.0   768213997.0   768213997.0   768213997.0
repo_name                              object     44      1                                                                                                        
actor_login                            object     44      4                                                                                                        
pr_title                               object     44      3                                                                                                        
pr_body                                object     44      2                                                                                                        
pr_action                              object     44      3                                                                                                        
pr_merged_by_id                       float64     17               3059210.0              0.0     3059210.0     3059210.0     3059210.0     3059210.0     3059210.0
pr_merged_by_type                      object     44      2                                                                                                        
pr_label                               object      0      0                                                                                                        
pr_review_action                       object      3      1                                                                                                        
pr_review_id                          float64      5            2350318810.6   4409715.756904  2348344556.0  2348344556.0  2348348896.0  2348348896.0  2358207149.0
pr_review_state                        object      3      2                                                                                                        
pr_review_body                         object      3      2                                                                                                        
pr_review_comment_body                 object      2      2                                                                                                        
pr_review_comment_position             object      2      1                                                                                                        
pr_review_comment_original_position    object      2      1                                                                                                        
pr_review_comment_original_commit_id   object      2      1                                                                                                        
pr_review_comment_commit_id            object      2      1                                                                                                        
pr_review_comment_path                 object      2      1                                                                                                        
pr_assignee                            object     44      1                                                                                                        
pr_assignees                           object     44      2                                                                                                        
pr_requested_reviewers                 object     44      1                                                                                                        

