File: drive/output/scrape/extract_github_data/repo_level_data/pr/tumblr___pytumblr.parquet

MD5 hash: b62f23eedaaeac27b6ba0683c4b2b093

Keys: pr_number type created_at actor_id 

                                         type  count unique              mean               std         min          25%           50%           75%           max
pr_number                               int64    107               122.373832         35.414666        40.0         94.0         130.0         155.5         175.0
type                                   object    107      3                                                                                                       
created_at                             object    107    107                                                                                                       
actor_id                                int64    107           3978512.149533    12432778.94537       577.0       6033.0      172422.0     2747689.5   115014503.0
repo_id                                 int64    107                9056887.0               0.0   9056887.0    9056887.0     9056887.0     9056887.0     9056887.0
repo_name                              object    107      1                                                                                                       
actor_login                            object    107     32                                                                                                       
pr_title                               object    107     14                                                                                                       
pr_body                                object    107     15                                                                                                       
pr_action                              object    107      3                                                                                                       
pr_merged_by_id                       float64     27            540871.851852    1390929.536165       577.0       6033.0        6033.0      343847.0     5289973.0
pr_merged_by_type                      object    107      2                                                                                                       
pr_label                               object      0      0                                                                                                       
pr_review_action                       object     10      1                                                                                                       
pr_review_id                          float64     23         771051213.130435  561345209.544728  66260149.0  226954296.5  1069945516.0  1251403615.0  1739246810.0
pr_review_state                        object     10      2                                                                                                       
pr_review_body                         object     10      3                                                                                                       
pr_review_comment_body                 object     13     13                                                                                                       
pr_review_comment_position             object     13      7                                                                                                       
pr_review_comment_original_position    object     13      8                                                                                                       
pr_review_comment_original_commit_id   object     13      8                                                                                                       
pr_review_comment_commit_id            object     13     11                                                                                                       
pr_review_comment_path                 object     13      5                                                                                                       
pr_assignee                            object    107      1                                                                                                       
pr_assignees                           object    107      3                                                                                                       
pr_requested_reviewers                 object    107      8                                                                                                       

