File: drive/output/scrape/extract_github_data/repo_level_data/pr/typeerror___secure.parquet

MD5 hash: 120b225906c7b88e4c00b009f0e81923

Keys: pr_number type created_at actor_id 

                                         type  count unique             mean              std          min          25%          50%          75%          max
pr_number                               int64     27               12.962963         8.859942          1.0          6.5         12.0         18.5         39.0
type                                   object     27      3                                                                                                   
created_at                             object     27     27                                                                                                   
actor_id                                int64     27         16699852.222222  13904823.263681      59980.0    8406472.5   11927600.0   22055351.0   42564859.0
repo_id                                 int64     27             159254159.0              0.0  159254159.0  159254159.0  159254159.0  159254159.0  159254159.0
repo_name                              object     27      1                                                                                                   
actor_login                            object     27     10                                                                                                   
pr_title                               object     27      2                                                                                                   
pr_body                                object     27      2                                                                                                   
pr_action                              object     27      3                                                                                                   
pr_merged_by_id                       float64     10              11927600.0              0.0   11927600.0   11927600.0   11927600.0   11927600.0   11927600.0
pr_merged_by_type                      object     27      2                                                                                                   
pr_label                               object      0      0                                                                                                   
pr_review_action                       object      2      1                                                                                                   
pr_review_id                          float64      4             569961568.0        17.320508  569961553.0  569961553.0  569961568.0  569961583.0  569961583.0
pr_review_state                        object      2      1                                                                                                   
pr_review_body                         object      2      1                                                                                                   
pr_review_comment_body                 object      2      2                                                                                                   
pr_review_comment_position             object      2      2                                                                                                   
pr_review_comment_original_position    object      2      2                                                                                                   
pr_review_comment_original_commit_id   object      2      1                                                                                                   
pr_review_comment_commit_id            object      2      1                                                                                                   
pr_review_comment_path                 object      2      2                                                                                                   
pr_assignee                            object     27      1                                                                                                   
pr_assignees                           object     27      1                                                                                                   
pr_requested_reviewers                 object     27      2                                                                                                   

