File: drive/output/scrape/extract_github_data/repo_level_data/pr/un33k___django-uuslug.parquet

MD5 hash: e48d99224194923c2df6c35e3a096dab

Keys: pr_number type created_at actor_id 

                                         type  count unique             mean              std        min        25%        50%         75%         max
pr_number                               int64     28               25.678571         9.055604        8.0       20.0       29.0       33.25        37.0
type                                   object     28      1                                                                                           
created_at                             object     28     28                                                                                           
actor_id                                int64     28         23663927.607143  24728562.344211   194200.0   407537.0  4774481.0  49699333.0  49699333.0
repo_id                                 int64     28               1821975.0              0.0  1821975.0  1821975.0  1821975.0   1821975.0   1821975.0
repo_name                              object     28      1                                                                                           
actor_login                            object     28      7                                                                                           
pr_title                               object     28      1                                                                                           
pr_body                                object     28      1                                                                                           
pr_action                              object     28      2                                                                                           
pr_merged_by_id                       float64      5                407537.0              0.0   407537.0   407537.0   407537.0    407537.0    407537.0
pr_merged_by_type                      object     28      2                                                                                           
pr_label                               object      0      0                                                                                           
pr_review_action                       object      0      0                                                                                           
pr_review_id                          float64      0                                                                                                  
pr_review_state                        object      0      0                                                                                           
pr_review_body                         object      0      0                                                                                           
pr_review_comment_body                 object      0      0                                                                                           
pr_review_comment_position             object      0      0                                                                                           
pr_review_comment_original_position    object      0      0                                                                                           
pr_review_comment_original_commit_id   object      0      0                                                                                           
pr_review_comment_commit_id            object      0      0                                                                                           
pr_review_comment_path                 object      0      0                                                                                           
pr_assignee                            object     28      1                                                                                           
pr_assignees                           object     28      2                                                                                           
pr_requested_reviewers                 object     28      2                                                                                           

