File: drive/output/scrape/extract_github_data/repo_level_data/pr/unoconv___unoconv.parquet

MD5 hash: a962342a69247de86be683bbf97e4a2c

Keys: pr_number type created_at actor_id 

                                         type  count unique            mean               std         min          25%          50%          75%          max
pr_number                               int64    188             373.734043        132.377533        37.0        286.5        385.0        476.0        621.0
type                                   object    188      3                                                                                                  
created_at                             object    188    186                                                                                                  
actor_id                                int64    188         3650014.239362   10120247.591248       595.0     388198.0     820596.0    1279357.0   63462567.0
repo_id                                 int64    188              1600085.0               0.0   1600085.0    1600085.0    1600085.0    1600085.0    1600085.0
repo_name                              object    188      1                                                                                                  
actor_login                            object    188     51                                                                                                  
pr_title                               object    188      9                                                                                                  
pr_body                                object    188      9                                                                                                  
pr_action                              object    188      4                                                                                                  
pr_merged_by_id                       float64     42         3017887.761905   10320571.568108    388198.0     388198.0     820596.0     820596.0   48535626.0
pr_merged_by_type                      object    188      2                                                                                                  
pr_label                               object      0      0                                                                                                  
pr_review_action                       object      4      1                                                                                                  
pr_review_id                          float64     15            310588705.0  266212738.222946  68796640.0  179322787.0  203679409.0  387313072.5  817117944.0
pr_review_state                        object      4      2                                                                                                  
pr_review_body                         object      4      3                                                                                                  
pr_review_comment_body                 object     15     15                                                                                                  
pr_review_comment_position             object     15     11                                                                                                  
pr_review_comment_original_position    object     15      9                                                                                                  
pr_review_comment_original_commit_id   object     15      5                                                                                                  
pr_review_comment_commit_id            object     15      6                                                                                                  
pr_review_comment_path                 object     15      2                                                                                                  
pr_assignee                            object    188      1                                                                                                  
pr_assignees                           object    188      3                                                                                                  
pr_requested_reviewers                 object    188      2                                                                                                  

