File: drive/output/scrape/extract_github_data/repo_level_data/pr/vimjas___covimerage.parquet

MD5 hash: dfd9b96e6c6bb0749a66d3aef8d6bdad

Keys: pr_number type created_at actor_id 

                                         type  count unique           mean               std          min          25%          50%          75%          max
pr_number                               int64    165             49.606061         27.853427          3.0         26.0         47.0         74.0        101.0
type                                   object    165      2                                                                                                  
created_at                             object    165    165                                                                                                  
actor_id                                int64    165         224560.139394    1952594.278689       9766.0       9766.0       9766.0       9766.0   23704769.0
repo_id                                 int64    165           103978793.0               0.0  103978793.0  103978793.0  103978793.0  103978793.0  103978793.0
repo_name                              object    165      1                                                                                                  
actor_login                            object    165      7                                                                                                  
pr_title                               object    165      4                                                                                                  
pr_body                                object    165      2                                                                                                  
pr_action                              object    165      4                                                                                                  
pr_merged_by_id                       float64     67                9766.0               0.0       9766.0       9766.0       9766.0       9766.0       9766.0
pr_merged_by_type                      object    165      2                                                                                                  
pr_label                               object      0      0                                                                                                  
pr_review_action                       object      0      0                                                                                                  
pr_review_id                          float64      4           174422302.0  126660902.901679   71523453.0  117954685.5  133432046.5  189899663.0  359301662.0
pr_review_state                        object      0      0                                                                                                  
pr_review_body                         object      0      0                                                                                                  
pr_review_comment_body                 object      4      4                                                                                                  
pr_review_comment_position             object      4      4                                                                                                  
pr_review_comment_original_position    object      4      3                                                                                                  
pr_review_comment_original_commit_id   object      4      3                                                                                                  
pr_review_comment_commit_id            object      4      4                                                                                                  
pr_review_comment_path                 object      4      3                                                                                                  
pr_assignee                            object    165      1                                                                                                  
pr_assignees                           object    165      1                                                                                                  
pr_requested_reviewers                 object    165      1                                                                                                  

