File: drive/output/scrape/extract_github_data/repo_level_data/pr/vxgmichel___aiostream.parquet

MD5 hash: a8bc1f1aa37b4c44c0f5195ea578479d

Keys: pr_number type created_at actor_id 

                                         type  count unique               mean               std           min            25%           50%            75%           max
pr_number                               int64    156                 81.935897         35.988471           6.0           56.0          88.0          119.0         132.0
type                                   object    156      3                                                                                                             
created_at                             object    156    155                                                                                                             
actor_id                                int64    156           10463708.378205   20394728.973531       13807.0      7490006.0     7490006.0      7490006.0   160534985.0
repo_id                                 int64    156                64951126.0               0.0    64951126.0     64951126.0    64951126.0     64951126.0    64951126.0
repo_name                              object    156      1                                                                                                             
actor_login                            object    156     17                                                                                                             
pr_title                               object    156      7                                                                                                             
pr_body                                object    156      6                                                                                                             
pr_action                              object    156      3                                                                                                             
pr_merged_by_id                       float64     46                 7490006.0               0.0     7490006.0      7490006.0     7490006.0      7490006.0     7490006.0
pr_merged_by_type                      object    156      2                                                                                                             
pr_label                               object      0      0                                                                                                             
pr_review_action                       object     23      1                                                                                                             
pr_review_id                          float64     46         2082143674.391304  228291128.982231  1642819896.0  2133503562.25  2168308707.0  2171172908.25  2579418808.0
pr_review_state                        object     23      3                                                                                                             
pr_review_body                         object     23      2                                                                                                             
pr_review_comment_body                 object     23     23                                                                                                             
pr_review_comment_position             object     23     10                                                                                                             
pr_review_comment_original_position    object     23     10                                                                                                             
pr_review_comment_original_commit_id   object     23      7                                                                                                             
pr_review_comment_commit_id            object     23      9                                                                                                             
pr_review_comment_path                 object     23      6                                                                                                             
pr_assignee                            object    156      1                                                                                                             
pr_assignees                           object    156      1                                                                                                             
pr_requested_reviewers                 object    156      2                                                                                                             

