File: drive/output/scrape/extract_github_data/repo_level_data/pr/xgcm___xgcm.parquet

MD5 hash: a604c86007d1ee756883c7740413a109

Keys: pr_number type created_at actor_id 

                                         type  count unique              mean               std         min          25%          50%           75%           max
pr_number                             float64   2448               328.104984         154.70183         1.0        205.0        350.0         459.0         665.0
type                                   object   2448      3                                                                                                      
created_at                             object   2448   2248                                                                                                      
actor_id                                int64   2448           19762798.74183   20594672.813579     32088.0    2448579.0   14314623.0    18579092.0   109271713.0
repo_id                                 int64   2448               41581350.0               0.0  41581350.0   41581350.0   41581350.0    41581350.0    41581350.0
repo_name                              object   2448      1                                                                                                      
actor_login                            object   2448     40                                                                                                      
pr_title                               object   2448    126                                                                                                      
pr_body                                object   2448    168                                                                                                      
pr_action                              object   2448      4                                                                                                      
pr_merged_by_id                       float64    269          12456448.840149   12412126.119585   1197350.0    1197350.0   14314623.0    14314623.0    67194538.0
pr_merged_by_type                      object   2448      2                                                                                                      
pr_label                               object      0      0                                                                                                      
pr_review_action                       object    672      1                                                                                                      
pr_review_id                          float64   1784         691505232.190583  351787561.061261  27431023.0  488917237.5  695479473.5  904792433.75  2699498737.0
pr_review_state                        object    672      3                                                                                                      
pr_review_body                         object    672     92                                                                                                      
pr_review_comment_body                 object   1112   1035                                                                                                      
pr_review_comment_position             object   1112    222                                                                                                      
pr_review_comment_original_position    object   1112    212                                                                                                      
pr_review_comment_original_commit_id   object   1112    216                                                                                                      
pr_review_comment_commit_id            object   1112    297                                                                                                      
pr_review_comment_path                 object   1112     65                                                                                                      
pr_assignee                            object   2448      1                                                                                                      
pr_assignees                           object   2448      7                                                                                                      
pr_requested_reviewers                 object   2448      9                                                                                                      

