File: drive/output/scrape/extract_github_data/repo_level_data/pr/yangheng95___pyabsa.parquet

MD5 hash: 3734a3a37c4a8cf0b2bd2e9fe63c5649

Keys: pr_number type created_at actor_id 

                                         type  count unique             mean              std          min          25%          50%          75%          max
pr_number                               int64    133              195.834586       112.338651         28.0         82.0        215.0        282.0        412.0
type                                   object    133      2                                                                                                   
created_at                             object    133    133                                                                                                   
actor_id                                int64    133         50939878.496241  13332022.227133    8269060.0   51735130.0   51735130.0   51735130.0  128281067.0
repo_id                                 int64    133             203620157.0              0.0  203620157.0  203620157.0  203620157.0  203620157.0  203620157.0
repo_name                              object    133      1                                                                                                   
actor_login                            object    133     11                                                                                                   
pr_title                               object    133      2                                                                                                   
pr_body                                object    133      1                                                                                                   
pr_action                              object    133      3                                                                                                   
pr_merged_by_id                       float64     58              51735130.0              0.0   51735130.0   51735130.0   51735130.0   51735130.0   51735130.0
pr_merged_by_type                      object    133      2                                                                                                   
pr_label                               object      0      0                                                                                                   
pr_review_action                       object      1      1                                                                                                   
pr_review_id                          float64      1             690673176.0                   690673176.0  690673176.0  690673176.0  690673176.0  690673176.0
pr_review_state                        object      1      1                                                                                                   
pr_review_body                         object      1      1                                                                                                   
pr_review_comment_body                 object      0      0                                                                                                   
pr_review_comment_position             object      0      0                                                                                                   
pr_review_comment_original_position    object      0      0                                                                                                   
pr_review_comment_original_commit_id   object      0      0                                                                                                   
pr_review_comment_commit_id            object      0      0                                                                                                   
pr_review_comment_path                 object      0      0                                                                                                   
pr_assignee                            object    133      1                                                                                                   
pr_assignees                           object    133      1                                                                                                   
pr_requested_reviewers                 object    133      1                                                                                                   

