File: drive/output/scrape/extract_github_data/repo_level_data/pr/yelp___py_zipkin.parquet

MD5 hash: 082823dca840b3ef7630df35c3218296

Keys: pr_number type created_at actor_id 

                                         type  count unique              mean               std         min          25%          50%          75%           max
pr_number                               int64    637               103.816327         49.012088         4.0         74.0        111.0        143.0         185.0
type                                   object    637      3                                                                                                     
created_at                             object    637    634                                                                                                     
actor_id                                int64    637           4663636.070644   11236410.322849     39730.0     429282.0    3317638.0    5392381.0   128790531.0
repo_id                                 int64    637               64772504.0               0.0  64772504.0   64772504.0   64772504.0   64772504.0    64772504.0
repo_name                              object    637      1                                                                                                     
actor_login                            object    637     41                                                                                                     
pr_title                               object    637     57                                                                                                     
pr_body                                object    637     52                                                                                                     
pr_action                              object    637      4                                                                                                     
pr_merged_by_id                       float64     93           4562948.860215   10926788.067651    177034.0    3317638.0    3317638.0    5392381.0   106760408.0
pr_merged_by_type                      object    637      2                                                                                                     
pr_label                               object      0      0                                                                                                     
pr_review_action                       object     38      1                                                                                                     
pr_review_id                          float64    418         302282293.763158  328356579.403786   2372863.0  123528471.0  169775867.5  363910312.5  1355399234.0
pr_review_state                        object     38      3                                                                                                     
pr_review_body                         object     38      9                                                                                                     
pr_review_comment_body                 object    380    364                                                                                                     
pr_review_comment_position             object    380    114                                                                                                     
pr_review_comment_original_position    object    380    111                                                                                                     
pr_review_comment_original_commit_id   object    380     63                                                                                                     
pr_review_comment_commit_id            object    380     78                                                                                                     
pr_review_comment_path                 object    380     34                                                                                                     
pr_assignee                            object    637      1                                                                                                     
pr_assignees                           object    637      6                                                                                                     
pr_requested_reviewers                 object    637     33                                                                                                     

