File: drive/output/scrape/extract_github_data/repo_level_data/pr/yelp___pyramid_swagger.parquet

MD5 hash: 2808f38f11086105c238dfce4db9fd47

Keys: pr_number type created_at actor_id 

                                         type  count unique              mean               std         min         25%         50%           75%           max
pr_number                             float64    574               157.641115         55.095476        77.0       101.5       154.0         207.0         256.0
type                                   object    574      3                                                                                                    
created_at                             object    574    571                                                                                                    
actor_id                                int64    574           1779800.397213    3677002.666789     26757.0    262630.0    442180.0     1528697.0    47873678.0
repo_id                                 int64    574               20118512.0               0.0  20118512.0  20118512.0  20118512.0    20118512.0    20118512.0
repo_name                              object    574      1                                                                                                    
actor_login                            object    574     38                                                                                                    
pr_title                               object    574     50                                                                                                    
pr_body                                object    574     47                                                                                                    
pr_action                              object    574      3                                                                                                    
pr_merged_by_id                       float64     92           1367535.423913    2276614.517431    262630.0    262630.0    262630.0      852075.0     6726359.0
pr_merged_by_type                      object    574      2                                                                                                    
pr_label                               object      0      0                                                                                                    
pr_review_action                       object     19      1                                                                                                    
pr_review_id                          float64    110         638791908.254545  901838157.208687  25304781.0  42442159.0  68017469.0  2029318325.0  2047038343.0
pr_review_state                        object     19      3                                                                                                    
pr_review_body                         object     19      3                                                                                                    
pr_review_comment_body                 object    342    328                                                                                                    
pr_review_comment_position             object    342     87                                                                                                    
pr_review_comment_original_position    object    342     84                                                                                                    
pr_review_comment_original_commit_id   object    342     74                                                                                                    
pr_review_comment_commit_id            object    342     87                                                                                                    
pr_review_comment_path                 object    342     38                                                                                                    
pr_assignee                            object    574      1                                                                                                    
pr_assignees                           object    574      2                                                                                                    
pr_requested_reviewers                 object    574      5                                                                                                    

