File: drive/output/scrape/extract_github_data/repo_level_data/pr/zerointensity___pyawaitable.parquet

MD5 hash: dba5cd5485ff8a8548189a2dddb32304

Keys: pr_number type created_at actor_id 

                                         type  count unique               mean               std           min           25%           50%           75%           max
pr_number                               int64    166                 42.789157         20.582667           1.0          27.0          48.5          59.0          79.0
type                                   object    166      3                                                                                                           
created_at                             object    166    165                                                                                                           
actor_id                                int64    166           41481608.692771   14634267.862291    15173749.0    49501366.0    49501366.0    49501366.0    56998716.0
repo_id                                 int64    166               787426396.0               0.0   787426396.0   787426396.0   787426396.0   787426396.0   787426396.0
repo_name                              object    166      1                                                                                                           
actor_login                            object    166      3                                                                                                           
pr_title                               object    166      8                                                                                                           
pr_body                                object    166      9                                                                                                           
pr_action                              object    166      3                                                                                                           
pr_merged_by_id                       float64     54           48865669.388889    4671396.985316    15173749.0    49501366.0    49501366.0    49501366.0    49501366.0
pr_merged_by_type                      object    166      2                                                                                                           
pr_label                               object      0      0                                                                                                           
pr_review_action                       object     26      1                                                                                                           
pr_review_id                          float64     52         2526964688.134615  148454044.826041  2023590681.0  2531265031.0  2540745457.0  2616420791.0  2619673264.0
pr_review_state                        object     26      4                                                                                                           
pr_review_body                         object     26      9                                                                                                           
pr_review_comment_body                 object     26     23                                                                                                           
pr_review_comment_position             object     26     19                                                                                                           
pr_review_comment_original_position    object     26     19                                                                                                           
pr_review_comment_original_commit_id   object     26     13                                                                                                           
pr_review_comment_commit_id            object     26     13                                                                                                           
pr_review_comment_path                 object     26      9                                                                                                           
pr_assignee                            object    166      1                                                                                                           
pr_assignees                           object    166      1                                                                                                           
pr_requested_reviewers                 object    166      3                                                                                                           

