File: drive/output/scrape/extract_github_data/repo_level_data/pr/zigpy___zigpy-deconz.parquet

MD5 hash: 9557cbcfde8db2359a4815a483cfe1e7

Keys: pr_number type created_at actor_id 

                                         type  count unique              mean              std          min          25%          50%            75%           max
pr_number                               int64    359               130.108635        76.222124          2.0         64.0        122.0          199.5         264.0
type                                   object    359      3                                                                                                       
created_at                             object    359    358                                                                                                       
actor_id                                int64    359          14041992.172702  13555021.738341     663432.0    5826160.0    5826160.0     32534428.0    96482536.0
repo_id                                 int64    359              160979679.0              0.0  160979679.0  160979679.0  160979679.0    160979679.0   160979679.0
repo_name                              object    359      1                                                                                                       
actor_login                            object    359     16                                                                                                       
pr_title                               object    359     11                                                                                                       
pr_body                                object    359     11                                                                                                       
pr_action                              object    359      4                                                                                                       
pr_merged_by_id                       float64    154          14431504.428571  12594384.302855    5352953.0    5826160.0    5826160.0     32534428.0    32534428.0
pr_merged_by_type                      object    359      2                                                                                                       
pr_label                               object      0      0                                                                                                       
pr_review_action                       object     10      1                                                                                                       
pr_review_id                          float64     24         829152374.708333  683484971.97647  223553286.0  395088369.5  577409164.0  1140917473.75  2795616045.0
pr_review_state                        object     10      3                                                                                                       
pr_review_body                         object     10      4                                                                                                       
pr_review_comment_body                 object     14     14                                                                                                       
pr_review_comment_position             object     14      7                                                                                                       
pr_review_comment_original_position    object     14      6                                                                                                       
pr_review_comment_original_commit_id   object     14      5                                                                                                       
pr_review_comment_commit_id            object     14      8                                                                                                       
pr_review_comment_path                 object     14      5                                                                                                       
pr_assignee                            object    359      1                                                                                                       
pr_assignees                           object    359      2                                                                                                       
pr_requested_reviewers                 object    359      2                                                                                                       

