File: drive/output/scrape/extract_github_data/repo_level_data/pr/zopefoundation___products.mailhost.parquet

MD5 hash: 38bc673a4bbe4fa8c1bf6b8490e4296a

Keys: pr_number type created_at actor_id 

                                         type  count unique            mean               std          min          25%          50%           75%           max
pr_number                               int64     97              31.927835         13.075301          3.0         23.0         36.0          43.0          48.0
type                                   object     97      3                                                                                                     
created_at                             object     97     94                                                                                                     
actor_id                                int64     97          4735666.14433    5706740.636326     182599.0     386619.0    1215784.0     9895620.0    17002572.0
repo_id                                 int64     97              8440311.0               0.0    8440311.0    8440311.0    8440311.0     8440311.0     8440311.0
repo_name                              object     97      1                                                                                                     
actor_login                            object     97     13                                                                                                     
pr_title                               object     97     12                                                                                                     
pr_body                                object     97     12                                                                                                     
pr_action                              object     97      3                                                                                                     
pr_merged_by_id                       float64     27         1992001.703704      3282626.5005     182599.0     386619.0    1215784.0     1215784.0    11072000.0
pr_merged_by_type                      object     97      2                                                                                                     
pr_label                               object      0      0                                                                                                     
pr_review_action                       object     21      1                                                                                                     
pr_review_id                          float64     40           930741494.95  593670432.359625  448364844.0  566925824.0  573185869.0  1278567231.0  2103743119.0
pr_review_state                        object     21      2                                                                                                     
pr_review_body                         object     21      8                                                                                                     
pr_review_comment_body                 object     19     17                                                                                                     
pr_review_comment_position             object     19     12                                                                                                     
pr_review_comment_original_position    object     19     11                                                                                                     
pr_review_comment_original_commit_id   object     19      8                                                                                                     
pr_review_comment_commit_id            object     19     11                                                                                                     
pr_review_comment_path                 object     19      6                                                                                                     
pr_assignee                            object     97      1                                                                                                     
pr_assignees                           object     97      4                                                                                                     
pr_requested_reviewers                 object     97      9                                                                                                     

