File: drive/output/scrape/extract_github_data/repo_level_data/pr/zopefoundation___zope.app.http.parquet

MD5 hash: e21461582b931f32942c84568bd69d49

Keys: pr_number type created_at actor_id 

                                         type  count unique            mean             std           min           25%           50%           75%           max
pr_number                               int64     17               2.764706        1.921243           1.0           1.0           2.0           4.0           7.0
type                                   object     17      3                                                                                                      
created_at                             object     17     17                                                                                                      
actor_id                                int64     17         3426377.235294  6487704.573493      159967.0      386619.0      386619.0     1256082.0    17002572.0
repo_id                                 int64     17              8361330.0             0.0     8361330.0     8361330.0     8361330.0     8361330.0     8361330.0
repo_name                              object     17      1                                                                                                      
actor_login                            object     17      5                                                                                                      
pr_title                               object     17      3                                                                                                      
pr_body                                object     17      1                                                                                                      
pr_action                              object     17      3                                                                                                      
pr_merged_by_id                       float64      5              3883702.2  7343328.698008      386619.0      386619.0      386619.0     1256082.0    17002572.0
pr_merged_by_type                      object     17      2                                                                                                      
pr_label                               object      0      0                                                                                                      
pr_review_action                       object      1      1                                                                                                      
pr_review_id                          float64      1           1286464118.0                  1286464118.0  1286464118.0  1286464118.0  1286464118.0  1286464118.0
pr_review_state                        object      1      1                                                                                                      
pr_review_body                         object      1      1                                                                                                      
pr_review_comment_body                 object      5      5                                                                                                      
pr_review_comment_position             object      5      1                                                                                                      
pr_review_comment_original_position    object      5      1                                                                                                      
pr_review_comment_original_commit_id   object      5      1                                                                                                      
pr_review_comment_commit_id            object      5      1                                                                                                      
pr_review_comment_path                 object      5      1                                                                                                      
pr_assignee                            object     17      1                                                                                                      
pr_assignees                           object     17      2                                                                                                      
pr_requested_reviewers                 object     17      2                                                                                                      

