File: drive/output/derived/contributor_stats/departed_contributors/departed_contributors_major_months2_window732D_criteria_comments_90pct_consecutive9_post_period6_threshold_gap_qty_0.parquet

MD5 hash: c3452bdff88ccdedaade5948cebc0929

Keys: repo_name actor_id time_period 

                                     type  count unique                           mean                  min                  25%                  50%                  75%                  max              std
repo_name                          object  22154    292                                                                                                                                                         
actor_id                          float64  22154                       11667185.178343               1062.0            1268573.0            4730734.0           16239342.0           87673679.0  15640393.403311
time_period                datetime64[ns]  22154         2020-11-27 23:24:18.914868736  2015-01-01 00:00:00  2019-03-01 00:00:00  2021-03-01 00:00:00  2022-11-01 00:00:00  2024-07-01 00:00:00                 
comments                          float64  22154                             62.066986                  0.0                  0.0                  4.0                 32.0              19197.0       501.748983
comments_90th_pct                 float64  12721                             11.249453                  0.0             5.215385             7.215385            11.522222               1223.0        18.424421
first_period               datetime64[ns]  22154         2017-06-11 07:19:51.116728320  2015-01-01 00:00:00  2016-01-01 00:00:00  2017-05-01 00:00:00  2018-09-01 00:00:00  2021-11-01 00:00:00                 
grouped_index                       int64  22154                             36.333845                  1.0                 26.0                 38.0                 48.0                 57.0        13.640579
criteria_exceed                     int64  22154                              0.463889                  0.0                  0.0                  0.0                  1.0                  1.0         0.498706
consecutive_periods                 int64  22154                              4.234901                  0.0                  0.0                  0.0                  6.0                 50.0         7.095933
total_consecutive_periods           int64  22154                             16.459872                  9.0                 10.0                 14.0                 19.0                 50.0         8.462815
final_period               datetime64[ns]  22154         2020-12-19 22:54:01.527489280  2016-05-01 00:00:00  2019-11-01 00:00:00  2021-03-01 00:00:00  2022-09-01 00:00:00  2023-03-01 00:00:00                 
below_qty                            bool  22154      2                                                                                                                                                         
below_qty_mean_gap0               float64  22154                              0.830318             0.454545             0.714286             0.891892             0.970588                  1.0         0.169397
below_qty_mean_gap1               float64  22154                              0.865905                  0.5                  0.8                 0.92                  1.0                  1.0         0.155131
below_qty_mean_gap2               float64  22154                              0.904817             0.555556                 0.84                  1.0                  1.0                  1.0         0.134703
below_qty_mean_gap3               float64  22154                              0.936978                0.625             0.921053                  1.0                  1.0                  1.0         0.107715
below_qty_mean_gap4               float64  22154                              0.964871             0.714286             0.970588                  1.0                  1.0                  1.0         0.074757
below_qty_mean_gap5               float64  22154                              0.987182             0.833333                  1.0                  1.0                  1.0                  1.0         0.039875
below_qty_mean_gap6               float64  22154                                   1.0                  1.0                  1.0                  1.0                  1.0                  1.0              0.0

