File: drive/output/derived/contributor_stats/departed_contributors/departed_contributors_major_months3_window1828D_criteria_pr_commits_75pct_consecutive12_post_period4_threshold_mean_0.1.parquet

MD5 hash: 713f58a3e7c8487e56f0d472aabc080e

Keys: repo_name actor_id time_period 

                                     type  count unique                           mean                  min                  25%                  50%                  75%                  max             std
repo_name                          object  10475    194                                                                                                                                                        
actor_id                          float64  10475                        5586715.943675                772.0             419924.0            1550771.0            6014209.0           63936253.0  8919437.261269
time_period                datetime64[ns]  10475         2020-06-06 22:32:50.634844672  2015-01-01 00:00:00  2018-07-01 00:00:00  2020-07-01 00:00:00  2022-07-01 00:00:00  2024-07-01 00:00:00                
pr_commits                        float64  10475                             13.894511                  0.0                  0.0                  3.0                 16.0                485.0       27.988958
pr_commits_75th_pct               float64   7837                              0.954786                  0.0                  0.0                 0.25             0.892857                 41.0        2.111944
first_period               datetime64[ns]  10475         2016-05-13 20:56:20.391408128  2015-01-01 00:00:00  2015-01-01 00:00:00  2016-01-01 00:00:00  2017-07-01 00:00:00  2020-07-01 00:00:00                
grouped_index                       int64  10475                             17.265585                  1.0                  9.0                 17.0                 25.0                 39.0       10.197361
criteria_exceed                     int64  10475                              0.585203                  0.0                  0.0                  1.0                  1.0                  1.0        0.492711
consecutive_periods                 int64  10475                              4.898998                  0.0                  0.0                  2.0                  9.0                 34.0        6.172332
total_consecutive_periods           int64  10475                             16.712745                 12.0                 13.0                 15.0                 19.0                 34.0        4.617038
final_period               datetime64[ns]  10475         2021-01-04 20:26:47.026252800  2017-10-01 00:00:00  2020-01-01 00:00:00  2020-10-01 00:00:00  2022-04-01 00:00:00  2023-04-01 00:00:00                
active_indicator                     bool  10475      2                                                                                                                                                        
sum_active                          int64  10475                              5.844678                  1.0                  2.0                  5.0                 10.0                 21.0        4.600482
final_index                         int64  10475                             19.586444                 12.0                 15.0                 18.0                 23.0                 34.0        5.961948
post_periods_pr_commits           float64  10475                              0.429021                  0.0                  0.0                  0.0                 0.75                 5.75         0.70142
prior_periods_pr_commits          float64  10475                             25.699888             3.416667            10.857143                 18.0            32.086957           207.923077       23.518274

