File: drive/output/derived/contributor_stats/departed_contributors/departed_contributors_major_months2_window732D_criteria_comments_75pct_consecutive18_post_period12_threshold_gap_qty_0.parquet

MD5 hash: 68a614131d037cd1905a8cb616f25d25

Keys: repo_name actor_id time_period 

                                     type  count unique                           mean                  min                  25%                  50%                  75%                  max             std
repo_name                          object  15601    205                                                                                                                                                        
actor_id                          float64  15601                        5555878.959874               5061.0             662003.0            2340654.0            6569559.0           49917914.0  8409038.037589
time_period                datetime64[ns]  15601         2020-04-23 17:28:32.890199296  2015-01-01 00:00:00  2018-05-01 00:00:00  2020-05-01 00:00:00  2022-05-01 00:00:00  2024-07-01 00:00:00                
comments                          float64  15601                             53.048907                  0.0                  0.0                  9.0                 35.0              11778.0      360.838124
comments_75th_pct                 float64  10579                              4.396863                  0.0             2.461538             3.153846             4.711538                 48.0         3.87261
first_period               datetime64[ns]  15601         2016-04-03 18:44:14.137555456  2015-01-01 00:00:00  2015-01-01 00:00:00  2016-01-01 00:00:00  2017-03-01 00:00:00  2019-03-01 00:00:00                
grouped_index                       int64  15601                             32.772579                  1.0                 21.0                 33.0                 45.0                 57.0       14.861021
criteria_exceed                     int64  15601                              0.599321                  0.0                  0.0                  1.0                  1.0                  1.0        0.490052
consecutive_periods                 int64  15601                              7.307544                  0.0                  0.0                  3.0                 13.0                 44.0        9.037509
total_consecutive_periods           int64  15601                             25.169669                 18.0                 20.0                 24.0                 29.0                 44.0        6.473407
final_period               datetime64[ns]  15601         2020-11-23 08:08:05.507339264  2017-11-01 00:00:00  2020-05-01 00:00:00  2021-05-01 00:00:00  2021-11-01 00:00:00  2022-03-01 00:00:00                
below_qty                            bool  15601      2                                                                                                                                                        
below_qty_mean_gap0               float64  15601                              0.730118             0.294118             0.470588             0.833333             0.948718                  1.0         0.24577
below_qty_mean_gap1               float64  15601                              0.745628               0.3125                  0.5                 0.84             0.962963                  1.0        0.245943
below_qty_mean_gap2               float64  15601                              0.766201             0.333333                  0.5             0.866667                  1.0                  1.0         0.23972
below_qty_mean_gap3               float64  15601                              0.786689             0.357143             0.545455             0.904762                  1.0                  1.0        0.230029
below_qty_mean_gap4               float64  15601                              0.810579             0.384615                  0.6             0.923077                  1.0                  1.0        0.217719
below_qty_mean_gap5               float64  15601                              0.833212             0.416667             0.666667             0.952381                  1.0                  1.0        0.201498
below_qty_mean_gap6               float64  15601                              0.856999             0.454545             0.714286                  1.0                  1.0                  1.0        0.181972
below_qty_mean_gap7               float64  15601                              0.882715                  0.5                  0.8                  1.0                  1.0                  1.0          0.1579
below_qty_mean_gap8               float64  15601                              0.919274             0.555556             0.833333                  1.0                  1.0                  1.0        0.134405
below_qty_mean_gap9               float64  15601                              0.946172                0.625             0.941176                  1.0                  1.0                  1.0         0.10536
below_qty_mean_gap10              float64  15601                              0.969872             0.714286                  1.0                  1.0                  1.0                  1.0        0.075706
below_qty_mean_gap11              float64  15601                               0.98456             0.833333                  1.0                  1.0                  1.0                  1.0        0.045706
below_qty_mean_gap12              float64  15601                                   1.0                  1.0                  1.0                  1.0                  1.0                  1.0             0.0

