File: drive/output/derived/contributor_stats/departed_contributors/departed_contributors_major_months2_window732D_criteria_pr_commits_lt100_90pct_consecutive9_post_period6_threshold_mean_0.parquet

MD5 hash: b31e9105bd0adc819bdca520439097aa

Keys: repo_name actor_id time_period 

                                          type  count unique                           mean                  min                  25%                  50%                  75%                  max              std
repo_name                               object   4749     76                                                                                                                                                         
actor_id                               float64   4749                       12049588.280901               9766.0            1086876.0            5057740.0           13337039.0          173101947.0  21736081.163246
time_period                     datetime64[ns]   4749         2021-01-06 05:22:37.675300096  2015-01-01 00:00:00  2019-05-01 00:00:00  2021-03-01 00:00:00  2023-01-01 00:00:00  2024-09-01 00:00:00                 
pr_commits_lt100                       float64   4749                              8.300484                  0.0                  0.0                  0.0                  7.0                243.0        19.225945
pr_commits_lt100_90th_pct              float64   2790                              1.732322                  0.0             0.261538             0.881818                  1.7                 25.7         2.846771
first_period                    datetime64[ns]   4749         2017-06-26 00:10:54.958938624  2015-01-01 00:00:00  2016-03-01 00:00:00  2017-07-01 00:00:00  2018-09-01 00:00:00  2022-01-01 00:00:00                 
grouped_index                            int64   4749                             22.044641                  1.0                 10.0                 21.0                 32.0                 58.0        13.836073
criteria_exceed                          int64   4749                              0.405348                  0.0                  0.0                  0.0                  1.0                  1.0         0.491011
consecutive_periods                      int64   4749                              3.116656                  0.0                  0.0                  0.0                  4.0                 51.0         5.795798
total_consecutive_periods                int64   4749                             14.057696                  9.0                 10.0                 12.0                 15.0                 51.0         6.944542
final_period                    datetime64[ns]   4749         2020-10-25 11:11:01.781427456  2016-07-01 00:00:00  2019-11-01 00:00:00  2020-09-01 00:00:00  2022-07-01 00:00:00  2023-05-01 00:00:00                 
active_indicator                          bool   4749      2                                                                                                                                                         
sum_active                               int64   4749                              5.013477                  1.0                  1.0                  3.0                  7.0                 18.0         4.754662
final_index                              int64   4749                             21.002948                  9.0                 13.0                 19.0                 25.0                 51.0        10.394047
post_periods_pr_commits_lt100          float64   4749                                   0.0                  0.0                  0.0                  0.0                  0.0                  0.0              0.0
prior_periods_pr_commits_lt100         float64   4749                               19.3941             2.545455             6.904762                 13.0                 25.8            91.666667        17.388187

