File: drive/output/derived/contributor_stats/departed_contributors/departed_contributors_major_months3_window1828D_criteria_pr_commits_lt100_90pct_consecutive12_post_period4_threshold_mean_0.parquet

MD5 hash: 6678fc565bdb60433f5364dfb1160b3d

Keys: repo_name actor_id time_period 

                                          type  count unique                           mean                  min                  25%                  50%                  75%                  max             std
repo_name                               object   1963     45                                                                                                                                                        
actor_id                               float64   1963                        6581511.481406               9766.0            1010634.0            2678795.0            6932348.0           47871814.0  9416716.478242
time_period                     datetime64[ns]   1963         2020-08-04 13:32:47.804380928  2015-01-01 00:00:00  2018-10-01 00:00:00  2020-10-01 00:00:00  2022-10-01 00:00:00  2024-07-01 00:00:00                
pr_commits_lt100                       float64   1963                             16.923586                  0.0                  0.0                  4.0                 19.5                406.0       31.963206
pr_commits_lt100_90th_pct              float64   1418                              1.859984                  0.0             0.488889             1.047619                  1.7            29.147619        3.140752
first_period                    datetime64[ns]   1963         2016-09-08 03:36:24.207845120  2015-01-01 00:00:00  2015-01-01 00:00:00  2016-07-01 00:00:00  2017-10-01 00:00:00  2020-01-01 00:00:00                
grouped_index                            int64   1963                             16.623535                  1.0                  8.0                 16.0                 24.0                 39.0        9.865786
criteria_exceed                          int64   1963                              0.564442                  0.0                  0.0                  1.0                  1.0                  1.0        0.495956
consecutive_periods                      int64   1963                               5.03566                  0.0                  0.0                  2.0                  9.0                 34.0        6.359495
total_consecutive_periods                int64   1963                             16.779929                 12.0                 13.5                 15.0                 17.0                 34.0        4.952832
final_period                    datetime64[ns]   1963         2021-03-17 04:49:45.634233344  2017-10-01 00:00:00  2020-01-01 00:00:00  2021-01-01 00:00:00  2022-07-01 00:00:00  2023-04-01 00:00:00                
active_indicator                          bool   1963      2                                                                                                                                                        
sum_active                               int64   1963                              4.374936                  1.0                  1.0                  3.0                  7.0                 16.0        3.950125
final_index                              int64   1963                             19.084564                 12.0                 14.0                 17.0                 21.0                 34.0        6.437259
post_periods_pr_commits_lt100          float64   1963                                   0.0                  0.0                  0.0                  0.0                  0.0                  0.0             0.0
prior_periods_pr_commits_lt100         float64   1963                             30.291001             4.166667            10.823529                 23.4            40.166667           142.235294       25.810499

