File: drive/output/derived/contributor_stats/departed_contributors/departed_contributors_major_months6_window732D_criteria_commits_lt100_75pct_consecutive6_post_period4_threshold_mean_0.1.parquet

MD5 hash: 56087b9459e776f66587e17a2d08d190

Keys: repo_name actor_id time_period 

                                       type  count unique                           mean                  min                  25%                  50%                  75%                  max             std
repo_name                            object  22724    812                                                                                                                                                        
actor_id                            float64  22724                        4838244.151074               1042.0             339913.0            1315589.0            5534781.0           84346070.0  8669514.168289
time_period                  datetime64[ns]  22724         2020-05-09 13:50:11.934518528  2015-01-01 00:00:00  2018-07-01 00:00:00  2020-07-01 00:00:00  2022-07-01 00:00:00  2024-07-01 00:00:00                
commits_lt100                       float64  22724                             20.190723                  0.0                  0.0                  2.0                 17.0               1486.0       51.878765
commits_lt100_75th_pct              float64  15861                              2.564649                  0.0                  0.0                  0.6                  1.9                216.0        7.762118
first_period                 datetime64[ns]  22724         2016-03-18 02:04:00.802675712  2015-01-01 00:00:00  2015-01-01 00:00:00  2016-01-01 00:00:00  2017-01-01 00:00:00  2020-01-01 00:00:00                
grouped_index                         int64  22724                              9.288594                  1.0                  5.0                  9.0                 13.0                 20.0        5.288655
criteria_exceed                       int64  22724                              0.535601                  0.0                  0.0                  1.0                  1.0                  1.0        0.498742
consecutive_periods                   int64  22724                              2.435839                  0.0                  0.0                  1.0                  4.0                 16.0        3.163053
total_consecutive_periods             int64  22724                              8.289034                  6.0                  6.0                  7.0                 10.0                 16.0         2.46069
final_period                 datetime64[ns]  22724         2020-05-15 17:29:04.552015616  2017-07-01 00:00:00  2019-07-01 00:00:00  2020-07-01 00:00:00  2021-07-01 00:00:00  2022-07-01 00:00:00                
active_indicator                       bool  22724      2                                                                                                                                                        
sum_active                            int64  22724                              3.033049                  1.0                  1.0                  2.0                  4.0                 11.0        2.069111
final_index                           int64  22724                               9.32239                  6.0                  7.0                  9.0                 11.0                 16.0        2.846698
post_periods_commits_lt100          float64  22724                              0.595604                  0.0                  0.0                  0.0                 0.75                21.75        1.373463
prior_periods_commits_lt100         float64  22724                             38.630589             1.571429            12.555556            24.222222            47.805556           523.666667       45.244036

