File: drive/output/derived/contributor_stats/departed_contributors/departed_contributors_major_months6_window1828D_criteria_pr_commits_lt100_90pct_consecutive3_post_period2_threshold_mean_0.2.parquet

MD5 hash: 80a3974c47fcf67ef07c145bfe093023

Keys: repo_name actor_id time_period 

                                          type  count unique                           mean                  min                  25%                  50%                  75%                  max              std
repo_name                               object  50503   1542                                                                                                                                                         
actor_id                               float64  50503                        8222851.228521                154.0             545506.0            2373925.0            9443650.0          173101947.0  13929728.079051
time_period                     datetime64[ns]  50503         2020-09-19 07:13:59.926341376  2015-01-01 00:00:00  2019-01-01 00:00:00  2021-01-01 00:00:00  2023-01-01 00:00:00  2024-07-01 00:00:00                 
pr_commits_lt100                       float64  50503                              7.560561                  0.0                  0.0                  0.0                  5.0                711.0        23.924233
pr_commits_lt100_90th_pct              float64  32027                              3.029733                  0.0             0.763636             1.445455                  3.0           124.333333         5.546974
first_period                    datetime64[ns]  50503         2016-12-08 11:35:44.973566208  2015-01-01 00:00:00  2015-07-01 00:00:00  2016-07-01 00:00:00  2018-01-01 00:00:00  2022-01-01 00:00:00                 
grouped_index                            int64  50503                              8.561808                  1.0                  4.0                  8.0                 12.0                 20.0         5.056116
criteria_exceed                          int64  50503                              0.360335                  0.0                  0.0                  0.0                  1.0                  1.0         0.480102
consecutive_periods                      int64  50503                              1.123141                  0.0                  0.0                  0.0                  2.0                 17.0         2.068934
total_consecutive_periods                int64  50503                              4.811833                  3.0                  3.0                  4.0                  6.0                 17.0         2.478991
final_period                    datetime64[ns]  50503         2019-11-17 01:44:12.935469312  2016-01-01 00:00:00  2018-07-01 00:00:00  2020-01-01 00:00:00  2021-07-01 00:00:00  2023-01-01 00:00:00                 
active_indicator                          bool  50503      2                                                                                                                                                         
sum_active                               int64  50503                              3.536938                  1.0                  1.0                  3.0                  5.0                 15.0         2.670427
final_index                              int64  50503                              6.878918                  3.0                  4.0                  6.0                  9.0                 17.0         3.611973
post_periods_pr_commits_lt100          float64  50503                              0.688325                  0.0                  0.0                  0.0                  0.5                 20.0         1.558544
prior_periods_pr_commits_lt100         float64  50503                             19.407164                  1.0                  5.0                 10.5            22.333333                405.5        27.225992

