File: drive/output/derived/contributor_stats/departed_contributors/departed_contributors_major_months2_window732D_criteria_pr_commits_75pct_consecutive18_post_period6_threshold_mean_0.2.parquet

MD5 hash: bc4c403facf31c9ce1eb1c46dcb63bd1

Keys: repo_name actor_id time_period 

                                     type  count unique                           mean                  min                  25%                  50%                  75%                  max             std
repo_name                          object   7963    107                                                                                                                                                        
actor_id                          float64   7963                        5647053.380259                772.0             611228.0            1828519.0            6540608.0           59267511.0  9121959.511522
time_period                datetime64[ns]   7963         2020-06-29 05:08:52.111013632  2015-01-01 00:00:00  2018-07-01 00:00:00  2020-09-01 00:00:00  2022-09-01 00:00:00  2024-09-01 00:00:00                
pr_commits                        float64   7963                             13.369459                  0.0                  0.0                  3.0                 16.0                448.0        25.42953
pr_commits_75th_pct               float64   6078                              0.838748                  0.0                  0.0             0.134615             0.916667                 30.0        1.823386
first_period               datetime64[ns]   7963         2016-06-12 01:26:48.087404288  2015-01-01 00:00:00  2015-01-01 00:00:00  2016-03-01 00:00:00  2017-05-01 00:00:00  2020-03-01 00:00:00                
grouped_index                       int64   7963                             25.157855                  1.0                 12.0                 24.0                 37.0                 58.0       15.020862
criteria_exceed                     int64   7963                              0.602537                  0.0                  0.0                  1.0                  1.0                  1.0        0.489404
consecutive_periods                 int64   7963                              6.910838                  0.0                  0.0                  2.0                 13.0                 51.0        8.699545
total_consecutive_periods           int64   7963                             24.297627                 18.0                 19.0                 23.0                 27.0                 51.0        6.216178
final_period               datetime64[ns]   7963         2021-01-31 23:24:33.364310016  2018-01-01 00:00:00  2020-03-01 00:00:00  2021-01-01 00:00:00  2022-05-01 00:00:00  2023-05-01 00:00:00                
active_indicator                     bool   7963      2                                                                                                                                                        
sum_active                          int64   7963                              9.604672                  1.0                  3.0                  8.0                 15.0                 31.0         7.07069
final_index                         int64   7963                             28.845787                 18.0                 22.0                 27.0                 34.0                 51.0        8.418803
post_periods_pr_commits           float64   7963                              0.998012                  0.0                  0.0                  0.5             1.333333             9.666667         1.36815
prior_periods_pr_commits          float64   7963                             24.647485             5.105263            11.555556               18.875                 31.5           149.666667       19.754535

