File: drive/output/derived/contributor_stats/departed_contributors/departed_contributors_major_months6_window1828D_criteria_issue_comments_75pct_consecutive2_post_period2_threshold_mean_0.1.parquet

MD5 hash: 1073a5da0c23526e7119229f90b14a14

Keys: repo_name actor_id time_period 

                                        type   count unique                           mean                  min                  25%                  50%                  75%                  max              std
repo_name                             object  150978   3236                                                                                                                                                         
actor_id                             float64  150978                        7793299.191068                 17.0             514002.0            2161573.0            8732490.0          118057530.0  13032694.560189
time_period                   datetime64[ns]  150978         2020-10-30 05:19:16.698327040  2015-01-01 00:00:00  2019-01-01 00:00:00  2021-01-01 00:00:00  2023-01-01 00:00:00  2024-07-01 00:00:00                 
issue_comments                       float64  150978                              7.110652                  0.0                  0.0                  0.0                  3.0               8647.0        44.417955
issue_comments_75th_pct              float64   72966                              2.473079                  0.0                 1.55             2.136364             2.780382               115.75         2.270085
first_period                  datetime64[ns]  150978         2017-02-28 07:30:34.550729472  2015-01-01 00:00:00  2015-07-01 00:00:00  2017-01-01 00:00:00  2018-07-01 00:00:00  2022-07-01 00:00:00                 
grouped_index                          int64  150978                              8.337738                  1.0                  4.0                  8.0                 12.0                 20.0         5.013322
criteria_exceed                        int64  150978                              0.293142                  0.0                  0.0                  0.0                  1.0                  1.0         0.455205
consecutive_periods                    int64  150978                              0.880923                  0.0                  0.0                  0.0                  1.0                 17.0         1.986027
total_consecutive_periods              int64  150978                              3.852118                  2.0                  2.0                  3.0                  4.0                 17.0         2.870022
final_period                  datetime64[ns]  150978         2019-05-11 04:34:03.571910912  2015-07-01 00:00:00  2017-07-01 00:00:00  2019-07-01 00:00:00  2021-01-01 00:00:00  2023-01-01 00:00:00                 
active_indicator                        bool  150978      2                                                                                                                                                         
sum_active                             int64  150978                              2.475215                  1.0                  1.0                  2.0                  3.0                 16.0         2.061944
final_index                            int64  150978                              5.391216                  2.0                  2.0                  4.0                  7.0                 17.0         3.650071
post_periods_issue_comments          float64  150978                              0.447115                  0.0                  0.0                  0.0                  0.5                203.5         2.222394
prior_periods_issue_comments         float64  150978                              18.82118                  1.0                  5.0                9.375            18.666667          3089.833333         45.67616

