File: drive/output/derived/contributor_stats/departed_contributors/departed_contributors_major_months6_window1828D_criteria_pr_commits_90pct_consecutive4_post_period2_threshold_mean_0.2.parquet

MD5 hash: e6d7565a4c02a24cff7385938ec29e7f

Keys: repo_name actor_id time_period 

                                     type  count unique                           mean                  min                  25%                  50%                  75%                  max              std
repo_name                          object  29758    980                                                                                                                                                         
actor_id                          float64  29758                        7486211.174272               1042.0             517124.0            2119212.0            8450903.0          149436195.0  12656554.361878
time_period                datetime64[ns]  29758         2020-08-17 23:14:24.977484800  2015-01-01 00:00:00  2018-07-01 00:00:00  2021-01-01 00:00:00  2023-01-01 00:00:00  2024-07-01 00:00:00                 
pr_commits                        float64  29758                             10.819376                  0.0                  0.0                  1.0                  8.0                816.0        29.899368
pr_commits_90th_pct               float64  20671                               3.19588                  0.0                  0.8                  1.5                  3.2                106.1         5.651023
first_period               datetime64[ns]  29758         2016-10-04 19:54:19.331944704  2015-01-01 00:00:00  2015-01-01 00:00:00  2016-07-01 00:00:00  2018-01-01 00:00:00  2021-07-01 00:00:00                 
grouped_index                       int64  29758                               8.73886                  1.0                  4.0                  8.0                 13.0                 20.0         5.104927
criteria_exceed                     int64  29758                              0.433127                  0.0                  0.0                  0.0                  1.0                  1.0         0.495516
consecutive_periods                 int64  29758                              1.579374                  0.0                  0.0                  0.0                  3.0                 17.0          2.49679
total_consecutive_periods           int64  29758                              6.087876                  4.0                  4.0                  5.0                  7.0                 17.0         2.575872
final_period               datetime64[ns]  29758         2020-04-09 12:05:54.217353472  2016-07-01 00:00:00  2019-01-01 00:00:00  2020-07-01 00:00:00  2021-07-01 00:00:00  2023-01-01 00:00:00                 
active_indicator                     bool  29758      2                                                                                                                                                         
sum_active                          int64  29758                              3.594731                  1.0                  1.0                  3.0                  5.0                 14.0         2.655206
final_index                         int64  29758                              8.023994                  4.0                  5.0                  7.0                 10.0                 17.0         3.513797
post_periods_pr_commits           float64  29758                              0.825106                  0.0                  0.0                  0.0                  1.0                 20.0          1.75494
prior_periods_pr_commits          float64  29758                              24.44692                  1.0                  7.0                14.25                 29.0           450.333333        31.331081

