File: drive/output/derived/contributor_stats/departed_contributors/departed_contributors_major_months6_window732D_criteria_pr_review_comments_90pct_consecutive2_post_period2_threshold_mean_0.1.parquet

MD5 hash: ee5aeb3221fcc95a5f202461163e3a7e

Keys: repo_name actor_id time_period 

                                            type  count unique                           mean                  min                  25%                  50%                  75%                  max              std
repo_name                                 object  92815   2011                                                                                                                                                         
actor_id                                 float64  92815                        7663572.333007                154.0             491659.0            1962026.0            8557737.0          117659936.0  13138392.736359
time_period                       datetime64[ns]  92815         2020-11-10 06:10:08.099983872  2015-01-01 00:00:00  2019-01-01 00:00:00  2021-01-01 00:00:00  2023-01-01 00:00:00  2024-07-01 00:00:00                 
pr_review_comments                       float64  92815                             10.436589                  0.0                  0.0                  0.0                  2.0               1848.0        51.334898
pr_review_comments_90th_pct              float64  50956                               4.17598                  0.0                 0.12                 0.96                 3.42                282.7        10.617764
first_period                      datetime64[ns]  92815         2017-03-22 09:23:45.532510720  2015-01-01 00:00:00  2015-07-01 00:00:00  2017-01-01 00:00:00  2018-07-01 00:00:00  2022-07-01 00:00:00                 
grouped_index                              int64  92815                              8.277304                  1.0                  4.0                  8.0                 12.0                 20.0         5.004545
criteria_exceed                            int64  92815                              0.274352                  0.0                  0.0                  0.0                  1.0                  1.0          0.44619
consecutive_periods                        int64  92815                              0.731487                  0.0                  0.0                  0.0                  1.0                 17.0         1.688565
total_consecutive_periods                  int64  92815                              3.451296                  2.0                  2.0                  2.0                  4.0                 17.0         2.425096
final_period                      datetime64[ns]  92815         2019-08-11 16:22:10.543554304  2015-07-01 00:00:00  2018-01-01 00:00:00  2019-07-01 00:00:00  2021-01-01 00:00:00  2023-01-01 00:00:00                 
active_indicator                            bool  92815      2                                                                                                                                                         
sum_active                                 int64  92815                              3.106481                  1.0                  1.0                  2.0                  4.0                 16.0         2.585351
final_index                                int64  92815                              5.776771                  2.0                  3.0                  5.0                  8.0                 17.0         3.710117
post_periods_pr_review_comments          float64  92815                              0.600242                  0.0                  0.0                  0.0                  0.0                 57.0         2.218529
prior_periods_pr_review_comments         float64  92815                             29.034055                  1.0                  4.0                  9.8                 26.0          1169.333333        62.671326

