File: drive/output/derived/contributor_stats/departed_contributors/departed_contributors_major_months6_window732D_criteria_comments_75pct_consecutive3_post_period2_threshold_mean_0.1.parquet

MD5 hash: 461729c461022bcfe8d27e177a75b666

Keys: repo_name actor_id time_period 

                                     type  count unique                           mean                  min                  25%                  50%                  75%                  max              std
repo_name                          object  92700   2258                                                                                                                                                         
actor_id                          float64  92700                        7413004.636861                124.0             507599.0            2129135.0            8445510.0           99349468.0  12404618.136102
time_period                datetime64[ns]  92700         2020-09-17 16:08:24.233009664  2015-01-01 00:00:00  2019-01-01 00:00:00  2021-01-01 00:00:00  2023-01-01 00:00:00  2024-07-01 00:00:00                 
comments                          float64  92700                             18.867735                  0.0                  0.0                  1.0                 11.0              10343.0        84.591487
comments_75th_pct                 float64  51745                              4.206085                  0.0             2.333333                  3.0                  4.4                221.0         5.013554
first_period               datetime64[ns]  92700         2016-12-05 05:42:43.572815616  2015-01-01 00:00:00  2015-01-01 00:00:00  2016-07-01 00:00:00  2018-01-01 00:00:00  2022-01-01 00:00:00                 
grouped_index                       int64  92700                              8.570734                  1.0                  4.0                  8.0                 12.0                 20.0         5.099395
criteria_exceed                     int64  92700                               0.39918                  0.0                  0.0                  0.0                  1.0                  1.0         0.489733
consecutive_periods                 int64  92700                              1.464218                  0.0                  0.0                  0.0                  2.0                 17.0         2.581995
total_consecutive_periods           int64  92700                              5.528425                  3.0                  3.0                  4.0                  7.0                 17.0         3.190111
final_period               datetime64[ns]  92700         2019-11-01 10:35:01.747572992  2016-01-01 00:00:00  2018-01-01 00:00:00  2020-01-01 00:00:00  2021-07-01 00:00:00  2023-01-01 00:00:00                 
active_indicator                     bool  92700      2                                                                                                                                                         
sum_active                          int64  92700                              2.369666                  1.0                  1.0                  2.0                  3.0                 13.0          1.90686
final_index                         int64  92700                              6.810906                  3.0                  4.0                  6.0                  9.0                 17.0         3.699663
post_periods_comments             float64  92700                              0.905437                  0.0                  0.0                  0.5                  1.0                 22.5         1.289273
prior_periods_comments            float64  92700                             42.648652                  1.0                 11.0                 20.6            43.666667          2536.333333        79.488855

