File: drive/output/derived/org_outcomes_practices/repo_discussion_quality/important_degree_z2/rolling5/4catalyzer___flask-resty.parquet

MD5 hash: 4dfe3cb3976791a737df6f9eaada7376

Keys: time_period 

                                                                type  count                 mean                  min                  25%                  50%                  75%                  max         std
time_period                                           datetime64[ns]     20  2020-04-01 00:00:00  2015-07-01 00:00:00  2017-11-16 00:00:00  2020-04-01 00:00:00  2022-08-16 00:00:00  2025-01-01 00:00:00            
response_rate                                                float64     15             0.545581             0.333333             0.507333              0.55625             0.605256             0.694444    0.093938
mean_days_to_respond                                         float64     15            11.493069             0.537874             1.732214             4.396256            18.692913            44.289241   13.743773
pos_sentiment_avg                                            float64     19             0.083746              0.02845              0.06705             0.086806             0.106904             0.115583    0.025191
neg_sentiment_avg                                            float64     19             0.119211             0.063046             0.083867             0.094946             0.128034              0.34735    0.066138
ov_sentiment_avg                                             float64     19             0.015452            -0.154723            -0.005804             0.034777             0.056922             0.070817    0.056196
response_rate_issue_comment                                  float64     13             0.655015                  0.5                  0.6             0.666667             0.735294             0.756757    0.090391
response_rate_pull_request_opened                            float64     15             0.506813                  0.0             0.360526             0.666667             0.692941                  0.8    0.291999
response_rate_pull_request_review_comment                    float64     15             0.504519             0.333333               0.3875             0.527778             0.595385                 0.75    0.135188
response_rate_pull_request_comment                           float64     14             0.575571             0.463415             0.502778             0.535897              0.56101                  1.0    0.140565
response_rate_issue_opened                                   float64      5                  1.0                  1.0                  1.0                  1.0                  1.0                  1.0         0.0
mean_days_to_respond_issue_comment                           float64     13             6.720753               0.0399              1.51804             3.365715            11.183753            24.297086    7.042599
mean_days_to_respond_pull_request_review_comment             float64     15             0.419103             0.004549             0.068007             0.105794             0.613865             1.591053    0.584475
mean_days_to_respond_to_last_comment                         float64     15            16.538225             0.002836             1.458215             5.181454            29.793772            66.657272   21.162339
mean_days_to_respond_pull_request_comment                    float64     14            74.984069             0.160307             0.338393             1.307582           119.291271            366.62909  119.954704
mean_days_to_respond_pull_request_opened                     float64     12             0.726471             0.014679              0.14469             0.547568             1.360282             1.794452    0.633139
mean_days_to_respond_issue_opened                            float64      5              0.47103              0.47103              0.47103              0.47103              0.47103              0.47103         0.0
issue_comment_pos_sentiment_avg                              float64     16             0.119919                0.076             0.102047             0.123711             0.137755             0.151924    0.022155
issue_comment_neg_sentiment_avg                              float64     16             0.039491             0.020622             0.022843             0.030911             0.042398               0.1018     0.02367
issue_comment_ov_sentiment_avg                               float64     16             0.131146              0.03663             0.102228             0.137868             0.165603             0.200454      0.0464
issue_opened_pos_sentiment_avg                               float64     19             0.068825              0.02875             0.057414              0.06729             0.076673              0.16025    0.026266
issue_opened_neg_sentiment_avg                               float64     19             0.017606                  0.0                  0.0             0.018193             0.028338              0.05142    0.016353
issue_opened_ov_sentiment_avg                                float64     19             0.111712            -0.029846             0.067279             0.096335               0.1352              0.30775    0.079659
pull_request_comment_pos_sentiment_avg                       float64     19             0.102944             0.022333             0.086884             0.105819             0.122454              0.14849    0.030384
pull_request_comment_neg_sentiment_avg                       float64     19             0.038317                  0.0             0.033375             0.041138             0.044834             0.053941    0.011929
pull_request_comment_ov_sentiment_avg                        float64     19             0.054206            -0.001347             0.029231             0.066406             0.076652             0.091287    0.030121
pull_request_opened_pos_sentiment_avg                        float64     19             0.027658             0.006714             0.015488              0.03319             0.037228              0.04772    0.012708
pull_request_opened_neg_sentiment_avg                        float64     19             0.321658             0.149714             0.285494              0.30956             0.383673             0.475325    0.091164
pull_request_opened_ov_sentiment_avg                         float64     19            -0.139161            -0.263006            -0.189537            -0.132842            -0.094555            -0.027157    0.073899
pull_request_review_comment_pos_sentiment_avg                float64     19             0.088012             0.053083             0.073532             0.090065              0.10052             0.119429    0.017407
pull_request_review_comment_neg_sentiment_avg                float64     19             0.039181                  0.0             0.030443             0.038142             0.046059             0.072513    0.017342
pull_request_review_comment_ov_sentiment_avg                 float64     19              0.05508            -0.052528             0.048007             0.059297              0.08009             0.109285    0.043168
pull_request_review_commented_pos_sentiment_avg              float64      6             0.435861             0.308667             0.365958             0.455833             0.455833                0.603     0.10515
pull_request_review_commented_neg_sentiment_avg              float64      6             0.015903                  0.0             0.004771             0.019083             0.019083             0.038167    0.014365
pull_request_review_commented_ov_sentiment_avg               float64      6             0.336192             0.044117              0.24415              0.24415             0.394175               0.7964    0.258525
pull_request_review_approved_pos_sentiment_avg               float64      8             0.263144               0.0625             0.268319             0.284813                0.301                0.342    0.085124
pull_request_review_approved_neg_sentiment_avg               float64      8                  0.0                  0.0                  0.0                  0.0                  0.0                  0.0         0.0
pull_request_review_approved_ov_sentiment_avg                float64      8             0.406114             0.179675             0.310658              0.34863              0.48275               0.6808    0.183415
pct_merged_with_approved                                     float64      6             0.451389                 0.25             0.270833             0.354167              0.46875                  1.0    0.284332
pct_merged_with_review                                       float64      6             0.576389                0.375               0.4375                  0.5                0.625                  1.0    0.230363
avg_pull_request_comment_count                               float64     15             1.242594             0.555556             1.123476             1.230769             1.457093             1.735849      0.3564
avg_pull_request_review_comment_count                        float64     15             1.774577             0.571429             0.924953                  2.0             2.390625             3.209302    0.906945
avg_all_disc_count                                           float64     15             3.413643             1.428571             2.711268             3.555556             3.989773                  5.0     1.04113
avg_pull_request_review_count                                float64      6              0.99118             0.131148             0.374725             0.832753             1.404472             2.333333     0.83309
avg_pull_request_review_comment_exclude_opener_count         float64     14             3.038618             0.285714             1.256792                2.125               5.2475                  6.6    2.355996
avg_all_disc_exclude_opener_count                            float64     15             4.239878                  1.0             2.504057               3.3125             6.343333             8.266667    2.430764
avg_pull_request_comment_exclude_opener_count                float64     13             1.200946             0.571429             1.117647             1.212121                 1.28             1.666667    0.265993
avg_pull_request_review_exclude_opener_count                 float64      6             0.907539             0.275862             0.636364             1.068182             1.141234                1.375    0.421376
clustering_coefficient                                       float64     20             0.043125                  0.0                  0.0                  0.0               0.0375               0.1875    0.077212

