File: drive/output/derived/org_outcomes_practices/repo_discussion_quality/important_degree_z2/rolling5/adafruit___adafruit_circuitpython_bitmapsaver.parquet

MD5 hash: f5709032587307578da1bbd4e5463812

Keys: time_period 

                                                                   type  count                 mean                  min                  25%                  50%                  75%                  max       std
time_period                                              datetime64[ns]     12  2022-04-01 12:00:00  2019-07-01 00:00:00  2020-11-16 00:00:00  2022-04-01 12:00:00  2023-08-16 00:00:00  2025-01-01 00:00:00          
response_rate                                                   float64      6             0.518561                0.375                0.425                 0.55                  0.6             0.636364  0.111493
mean_days_to_respond                                            float64      6             3.279398             1.254635             1.664776             1.791522             5.202459             6.876746  2.577375
pos_sentiment_avg                                               float64     11             0.142667             0.075976             0.099933             0.110798             0.181052             0.262177  0.064106
neg_sentiment_avg                                               float64     11              0.09896             0.066843             0.075323             0.084264             0.122218             0.145352  0.029489
ov_sentiment_avg                                                float64     11             0.074056            -0.048353             0.001892              0.07198              0.15153             0.194594  0.089061
response_rate_issue_comment                                     float64      6             0.472222                  0.0             0.333333             0.416667                0.625                  1.0  0.340207
response_rate_pull_request_comment                              float64      6             0.902778             0.666667               0.8125                  1.0                  1.0                  1.0  0.152904
response_rate_pull_request_opened                               float64      6                 0.25                  0.0                  0.0                  0.0                0.375                  1.0   0.41833
response_rate_pull_request_review_comment                       float64      3             0.333333                  0.0                 0.25                  0.5                  0.5                  0.5  0.288675
mean_days_to_respond_pull_request_comment                       float64      6             5.079874             0.986389             1.467477             2.172211             9.247228            12.310301  5.283207
mean_days_to_respond_pull_request_opened                        float64      2             0.000914             0.000914             0.000914             0.000914             0.000914             0.000914       0.0
mean_days_to_respond_to_last_comment                            float64      6             4.232127             0.002153             1.611157             2.140139             7.705341            10.115095  4.415207
mean_days_to_respond_issue_comment                              float64      5             2.565674             2.059375             2.059375             2.059375             3.325122             3.325122  0.693278
mean_days_to_respond_pull_request_review_comment                float64      2             0.498264             0.498264             0.498264             0.498264             0.498264             0.498264       0.0
issue_comment_pos_sentiment_avg                                 float64     11             0.219488              0.11115             0.177135             0.189218             0.238855                0.512  0.109705
issue_comment_neg_sentiment_avg                                 float64     11              0.03754                  0.0             0.033527             0.034781             0.046375             0.073117  0.023494
issue_comment_ov_sentiment_avg                                  float64     11             0.130578             -0.05102             0.068575             0.141731             0.170811             0.347914   0.12075
issue_opened_pos_sentiment_avg                                  float64     11             0.080884             0.005636             0.047229             0.060154             0.120333                0.202   0.05963
issue_opened_neg_sentiment_avg                                  float64     11             0.017263                  0.0             0.003473             0.016778             0.030072             0.034308  0.014323
issue_opened_ov_sentiment_avg                                   float64     11             0.140842            -0.026389             0.091509             0.119108             0.180967               0.3612   0.11497
pull_request_comment_pos_sentiment_avg                          float64     11             0.136686             0.065533             0.111623                0.133             0.161434             0.209496   0.04147
pull_request_comment_neg_sentiment_avg                          float64     11             0.036548             0.014102             0.023162             0.032047             0.050923             0.062704  0.017816
pull_request_comment_ov_sentiment_avg                           float64     11             0.119442             0.010712             0.033278             0.040041             0.214301             0.314966   0.11215
pull_request_opened_pos_sentiment_avg                           float64     11             0.041406              0.02435             0.027178             0.040583             0.051287             0.070986  0.016528
pull_request_opened_neg_sentiment_avg                           float64     11             0.289113               0.2203             0.253325               0.2858             0.325412             0.349333  0.047036
pull_request_opened_ov_sentiment_avg                            float64     11             -0.11813            -0.173917              -0.1643             -0.12836            -0.074835            -0.032212  0.053309
pull_request_review_comment_pos_sentiment_avg                   float64     10             0.087304             0.055932             0.060167             0.063341             0.067362                0.305  0.076626
pull_request_review_comment_neg_sentiment_avg                   float64     10             0.042448                  0.0             0.035881             0.036333              0.05637             0.069252  0.020909
pull_request_review_comment_ov_sentiment_avg                    float64     10             0.068791             0.012389             0.017483             0.022638             0.032532                0.482  0.145437
pull_request_review_approved_pos_sentiment_avg                  float64      8             0.622849             0.435267                0.554             0.631361             0.718417              0.77725  0.119802
pull_request_review_approved_neg_sentiment_avg                  float64      8                  0.0                  0.0                  0.0                  0.0                  0.0                  0.0       0.0
pull_request_review_approved_ov_sentiment_avg                   float64      8             0.431922               0.3612             0.380653               0.4205             0.462581              0.54405  0.063524
pull_request_review_commented_pos_sentiment_avg                 float64      7             0.307262                0.191              0.21525             0.323667             0.356833                0.492  0.110406
pull_request_review_commented_neg_sentiment_avg                 float64      7             0.018774                  0.0             0.006917             0.013833             0.031125               0.0415  0.017275
pull_request_review_commented_ov_sentiment_avg                  float64      7             0.561373               0.4404              0.47755             0.598617             0.628883             0.677725  0.095358
pull_request_review_changes_requested_pos_sentiment_avg         float64      1              0.09625              0.09625              0.09625              0.09625              0.09625              0.09625          
pull_request_review_changes_requested_neg_sentiment_avg         float64      1                  0.0                  0.0                  0.0                  0.0                  0.0                  0.0          
pull_request_review_changes_requested_ov_sentiment_avg          float64      1               0.0903               0.0903               0.0903               0.0903               0.0903               0.0903          
pct_merged_with_approved                                        float64      3             0.916667                 0.75                0.875                  1.0                  1.0                  1.0  0.144338
pct_merged_with_review                                          float64      3             0.916667                 0.75                0.875                  1.0                  1.0                  1.0  0.144338
avg_pull_request_comment_count                                  float64      6             1.327778                  0.8                  1.0                 1.25                1.625                  2.0  0.466865
avg_all_disc_count                                              float64      6             2.372222                  2.0                  2.0                  2.2                2.475             3.333333  0.520861
avg_pull_request_review_count                                   float64      5                 0.98                  0.5                  1.0                  1.0                  1.0                  1.4  0.319374
avg_pull_request_review_comment_count                           float64      3             0.455556                  0.2                 0.35                  0.5             0.583333             0.666667  0.236487
avg_pull_request_comment_exclude_opener_count                   float64      6             1.133333                  0.8                  1.0                  1.0                  1.0                  2.0  0.432049
avg_all_disc_exclude_opener_count                               float64      6             1.816667                  1.0                 1.25                  2.0                  2.3                  2.5   0.66458
avg_pull_request_review_exclude_opener_count                    float64      4                0.975                  0.5                0.875                  1.0                  1.1                  1.4  0.368556
avg_pull_request_review_comment_exclude_opener_count            float64      1                  0.2                  0.2                  0.2                  0.2                  0.2                  0.2          
clustering_coefficient                                          float64     12                  0.0                  0.0                  0.0                  0.0                  0.0                  0.0       0.0

