File: drive/output/derived/org_outcomes_practices/repo_discussion_quality/important_degree_z2/rolling5/adafruit___adafruit_circuitpython_logging.parquet

MD5 hash: c463b783caf54b2f9891664bef741d6f

Keys: time_period 

                                                                   type  count                           mean                  min                  25%                  50%                  75%                  max       std
time_period                                              datetime64[ns]     13  2021-12-31 05:32:18.461538560  2019-01-01 00:00:00  2020-07-01 00:00:00  2022-01-01 00:00:00  2023-07-01 00:00:00  2025-01-01 00:00:00          
response_rate                                                   float64      6                       0.693927             0.384615             0.544737             0.622807             0.916667                  1.0  0.254082
mean_days_to_respond                                            float64      6                       4.503722              0.97022              2.29435             3.107595             4.896828            12.320414  4.099864
pos_sentiment_avg                                               float64     12                       0.129613             0.024159             0.112847             0.151882             0.160115             0.173114  0.048441
neg_sentiment_avg                                               float64     12                        0.09213             0.026201             0.036233             0.057712             0.153649             0.219591   0.06923
ov_sentiment_avg                                                float64     12                       0.078902            -0.117441             0.018861             0.130453             0.151202             0.164778  0.098612
response_rate_pull_request_opened                               float64      6                       0.678571                  0.4             0.517857             0.585714                  0.9                  1.0   0.25837
response_rate_issue_comment                                     float64      5                           0.65                 0.25                  0.5                  0.5                  1.0                  1.0   0.33541
response_rate_issue_opened                                      float64      2                            1.0                  1.0                  1.0                  1.0                  1.0                  1.0       0.0
response_rate_pull_request_comment                              float64      4                       0.458333             0.333333             0.458333                  0.5                  0.5                  0.5  0.083333
response_rate_pull_request_review_comment                       float64      4                         0.5625                  0.0               0.5625                 0.75                 0.75                 0.75     0.375
mean_days_to_respond_pull_request_opened                        float64      6                        4.58716              0.97022             1.107694             1.520116             2.410943            19.834402  7.496507
mean_days_to_respond_to_last_comment                            float64      6                       5.311446              0.97022             2.560573             4.106132             6.409833            13.463076  4.501713
mean_days_to_respond_issue_comment                              float64      5                       4.242792             0.594664             0.594664             0.594664             9.714983             9.714983  4.995404
mean_days_to_respond_issue_opened                               float64      2                       0.723808             0.723808             0.723808             0.723808             0.723808             0.723808       0.0
mean_days_to_respond_pull_request_comment                       float64      4                       0.502215             0.001221             0.001221             0.251718             0.752711             1.504201  0.708512
mean_days_to_respond_pull_request_review_comment                float64      3                       4.748912             4.748912             4.748912             4.748912             4.748912             4.748912       0.0
pull_request_comment_pos_sentiment_avg                          float64     12                       0.129569                  0.0             0.048616             0.146687             0.218064             0.226605  0.091423
pull_request_comment_neg_sentiment_avg                          float64     12                       0.068346             0.012107             0.030694             0.036496             0.104384              0.15975  0.057866
pull_request_comment_ov_sentiment_avg                           float64     12                       0.048345              -0.2528            -0.090544             0.158237             0.183867             0.203363  0.192717
pull_request_opened_pos_sentiment_avg                           float64     12                       0.052873                  0.0              0.04023             0.061359              0.07058             0.085333  0.024816
pull_request_opened_neg_sentiment_avg                           float64     12                       0.198323              0.05248             0.070288             0.154546             0.316415                0.524  0.152852
pull_request_opened_ov_sentiment_avg                            float64     12                      -0.045382               -0.296            -0.135254            -0.018346             0.043819             0.078233  0.115292
pull_request_review_comment_pos_sentiment_avg                   float64     11                       0.128739              0.05315              0.05315             0.170363             0.170363               0.1881   0.06066
pull_request_review_comment_neg_sentiment_avg                   float64     11                       0.015729                  0.0                  0.0             0.021377             0.026131             0.031283  0.013024
pull_request_review_comment_ov_sentiment_avg                    float64     11                       0.124696             0.077723              0.07955             0.084863             0.174371             0.193379  0.051511
issue_opened_pos_sentiment_avg                                  float64     11                       0.059178                  0.0             0.020986             0.053073             0.094222                0.157  0.051725
issue_opened_neg_sentiment_avg                                  float64     11                        0.02432                  0.0             0.018916             0.026705             0.031032             0.039494  0.012353
issue_opened_ov_sentiment_avg                                   float64     11                       0.030653            -0.036832            -0.028849            -0.021155              0.09644             0.174967  0.079576
issue_comment_pos_sentiment_avg                                 float64     10                       0.191675               0.0435             0.147929             0.195717             0.275375             0.314714  0.098581
issue_comment_neg_sentiment_avg                                 float64     10                       0.005737                  0.0              0.00316             0.006552             0.008808             0.009833  0.003598
issue_comment_ov_sentiment_avg                                  float64     10                       0.200835             0.137612              0.16608             0.195803             0.232825              0.27762  0.050281
pull_request_review_approved_pos_sentiment_avg                  float64      9                       0.339793                 0.21             0.297338             0.347913             0.409637             0.461922  0.087735
pull_request_review_approved_neg_sentiment_avg                  float64      9                       0.001841                  0.0                  0.0             0.001109              0.00373             0.005141  0.002016
pull_request_review_approved_ov_sentiment_avg                   float64      9                       0.380099               0.2202             0.372047             0.408102             0.433974               0.4404  0.078406
pull_request_review_changes_requested_pos_sentiment_avg         float64      7                       0.233177             0.128694             0.237771                0.257                0.257                0.257  0.046956
pull_request_review_changes_requested_neg_sentiment_avg         float64      7                       0.142468             0.023583             0.062847                0.212                0.212                0.212  0.090586
pull_request_review_changes_requested_ov_sentiment_avg          float64      7                       0.141091             0.081194                0.128                0.128              0.16261             0.197221  0.041981
pull_request_review_commented_pos_sentiment_avg                 float64      5                         0.2435               0.2435               0.2435               0.2435               0.2435               0.2435       0.0
pull_request_review_commented_neg_sentiment_avg                 float64      5                            0.0                  0.0                  0.0                  0.0                  0.0                  0.0       0.0
pull_request_review_commented_ov_sentiment_avg                  float64      5                        0.43295              0.43295              0.43295              0.43295              0.43295              0.43295       0.0
pct_merged_with_approved                                        float64      4                       0.883523                 0.75              0.84375             0.892045             0.931818                  1.0  0.103476
pct_merged_with_review                                          float64      4                            1.0                  1.0                  1.0                  1.0                  1.0                  1.0       0.0
avg_pull_request_comment_count                                  float64      6                       1.019444                  0.8               0.9375                  1.0                  1.0                  1.4  0.202324
avg_all_disc_count                                              float64      6                       2.327137                  1.0             1.229167             2.358333             2.834615                  4.4  1.302368
avg_pull_request_review_count                                   float64      4                       1.375321             0.916667             1.267628             1.392308                  1.5                  1.8  0.361207
avg_pull_request_review_comment_count                           float64      4                       0.586218             0.083333             0.366987             0.530769                 0.75                  1.2  0.463809
avg_all_disc_exclude_opener_count                               float64      4                       1.255682                 1.25                 1.25                 1.25             1.255682             1.272727  0.011364
avg_pull_request_comment_exclude_opener_count                   float64      3                       0.310606             0.181818             0.215909                 0.25                0.375                  0.5  0.167525
avg_pull_request_review_exclude_opener_count                    float64      4                       1.022727                 0.75               0.9375             1.045455             1.130682                 1.25  0.209124
clustering_coefficient                                          float64     13                            0.0                  0.0                  0.0                  0.0                  0.0                  0.0       0.0

