File: drive/output/derived/org_outcomes_practices/repo_discussion_quality/important_degree_z2/rolling5/adefossez___julius.parquet

MD5 hash: 93a92db56dbab082564d06f17bfc3f91

Keys: time_period 

                                                                   type  count                 mean                  min                  25%                  50%                  75%                  max       std
time_period                                              datetime64[ns]     10  2022-10-01 04:48:00  2020-07-01 00:00:00  2021-08-16 00:00:00  2022-10-01 00:00:00  2023-11-16 00:00:00  2025-01-01 00:00:00          
response_rate                                                   float64      4             0.587135             0.526316             0.548246             0.577778             0.616667             0.666667  0.061066
mean_days_to_respond                                            float64      4             2.489153             0.408339             2.320581             2.957995             3.126567             3.632282   1.42316
pos_sentiment_avg                                               float64      7             0.208367             0.197379             0.201708               0.2051             0.214415             0.223846  0.009972
neg_sentiment_avg                                               float64      7             0.031043                  0.0             0.027532              0.03247             0.035412             0.058938  0.017569
ov_sentiment_avg                                                float64      7             0.232068             0.215101             0.221521             0.226096              0.24256             0.255115  0.015735
response_rate_issue_comment                                     float64      4               0.8125                 0.75                 0.75                 0.75               0.8125                  1.0     0.125
response_rate_pull_request_comment                              float64      4               0.1125                  0.0                  0.0                  0.1               0.2125                 0.25  0.131498
response_rate_pull_request_review_comment                       float64      2                  0.0                  0.0                  0.0                  0.0                  0.0                  0.0       0.0
mean_days_to_respond_issue_comment                              float64      4             2.647729             0.408339             2.558445             3.275147              3.36443             3.632282  1.502389
mean_days_to_respond_to_last_comment                            float64      4             2.737424             0.408339             2.420833             3.091664             3.408255             4.358028  1.663527
mean_days_to_respond_pull_request_comment                       float64      2             0.103634             0.103634             0.103634             0.103634             0.103634             0.103634       0.0
issue_comment_pos_sentiment_avg                                 float64      7             0.223192             0.200672             0.205195             0.205549             0.221492              0.30275  0.036512
issue_comment_neg_sentiment_avg                                 float64      7             0.026714                  0.0             0.027876             0.031403             0.033259             0.033323  0.012105
issue_comment_ov_sentiment_avg                                  float64      7             0.236176             0.199843             0.222032             0.223108             0.249383              0.28745  0.029919
issue_opened_pos_sentiment_avg                                  float64      7             0.182895                 0.04             0.171769             0.194884             0.211296              0.27925  0.074515
issue_opened_neg_sentiment_avg                                  float64      7             0.007041                  0.0             0.004636             0.009272             0.009934             0.010875  0.004855
issue_opened_ov_sentiment_avg                                   float64      7             0.235022               0.0386             0.232026             0.254824             0.280562             0.326555  0.094765
pull_request_comment_pos_sentiment_avg                          float64      7             0.433619             0.320808             0.358607                 0.38             0.479154                0.659  0.129334
pull_request_comment_neg_sentiment_avg                          float64      7              0.00651                  0.0                  0.0              0.00325              0.01094             0.020438  0.008902
pull_request_comment_ov_sentiment_avg                           float64      7             0.454455             0.284939             0.339156             0.358083             0.579775               0.7003  0.161642
pull_request_opened_pos_sentiment_avg                           float64      7              0.04807                  0.0             0.023714             0.055333             0.072811             0.088107  0.035446
pull_request_opened_neg_sentiment_avg                           float64      7             0.096764                  0.0             0.052984                0.089              0.11019                0.262  0.084093
pull_request_opened_ov_sentiment_avg                            float64      7             0.035802               -0.148             0.015929             0.037167             0.089501             0.150589   0.09494
pull_request_review_changes_requested_pos_sentiment_avg         float64      4                 0.11                 0.11                 0.11                 0.11                 0.11                 0.11       0.0
pull_request_review_changes_requested_neg_sentiment_avg         float64      4             0.003667             0.003667             0.003667             0.003667             0.003667             0.003667       0.0
pull_request_review_changes_requested_ov_sentiment_avg          float64      4             0.360083             0.360083             0.360083             0.360083             0.360083             0.360083       0.0
pull_request_review_comment_pos_sentiment_avg                   float64      4                0.246                0.246                0.246                0.246                0.246                0.246       0.0
pull_request_review_comment_neg_sentiment_avg                   float64      4                  0.0                  0.0                  0.0                  0.0                  0.0                  0.0       0.0
pull_request_review_comment_ov_sentiment_avg                    float64      4               0.2202               0.2202               0.2202               0.2202               0.2202               0.2202       0.0
pct_merged_with_approved                                        float64      4             0.113095                  0.0             0.107143             0.142857              0.14881             0.166667  0.076228
pct_merged_with_review                                          float64      4             0.184524                  0.0                0.125              0.22619             0.285714             0.285714  0.135212
avg_pull_request_comment_count                                  float64      4             1.291667                  1.0                  1.0                 1.25             1.541667             1.666667  0.343592
avg_all_disc_count                                              float64      4             2.145833                  1.0                1.375                2.125             2.895833             3.333333  1.080927
avg_pull_request_review_count                                   float64      3                 0.75                  0.5                0.625                 0.75                0.875                  1.0      0.25
avg_pull_request_review_comment_count                           float64      2             0.583333                  0.5             0.541667             0.583333                0.625             0.666667  0.117851
avg_pull_request_comment_exclude_opener_count                   float64      4             1.291667                  1.0                  1.0                 1.25             1.541667             1.666667  0.343592
avg_all_disc_exclude_opener_count                               float64      4             2.145833                  1.0                1.375                2.125             2.895833             3.333333  1.080927
avg_pull_request_review_exclude_opener_count                    float64      3                 0.75                  0.5                0.625                 0.75                0.875                  1.0      0.25
avg_pull_request_review_comment_exclude_opener_count            float64      2             0.583333                  0.5             0.541667             0.583333                0.625             0.666667  0.117851
clustering_coefficient                                          float64      9                  0.0                  0.0                  0.0                  0.0                  0.0                  0.0       0.0

