File: drive/output/derived/org_outcomes_practices/repo_discussion_quality/important_degree_z2/rolling5/aerialls___synology-srm.parquet

MD5 hash: 07d9145d60d6eb7bb452cf8389df6649

Keys: time_period 

                                                         type  count                           mean                  min                  25%                  50%                  75%                  max        std
time_period                                    datetime64[ns]     13  2021-12-31 05:32:18.461538560  2019-01-01 00:00:00  2020-07-01 00:00:00  2022-01-01 00:00:00  2023-07-01 00:00:00  2025-01-01 00:00:00           
response_rate                                         float64      4                          0.625                  0.5                0.625             0.666667             0.666667             0.666667   0.083333
mean_days_to_respond                                  float64      4                      18.000942             0.468785            18.000942            23.844994            23.844994            23.844994  11.688105
pos_sentiment_avg                                     float64     13                       0.111422             0.062448             0.095607             0.109837              0.12264             0.175405   0.030955
neg_sentiment_avg                                     float64     13                       0.073325             0.018194              0.05655             0.070982             0.080518             0.154881   0.036964
ov_sentiment_avg                                      float64     13                       0.084203             0.025356             0.072218             0.077979             0.098348             0.184379   0.040661
response_rate_issue_comment                           float64      4                          0.575                  0.5                0.575                  0.6                  0.6                  0.6       0.05
response_rate_issue_opened                            float64      3                            1.0                  1.0                  1.0                  1.0                  1.0                  1.0        0.0
mean_days_to_respond_issue_comment                    float64      4                      23.958348             0.468785            23.958348            31.788202            31.788202            31.788202  15.659709
mean_days_to_respond_to_last_comment                  float64      4                      35.878012             0.468785            35.878012            47.681088            47.681088            47.681088  23.606152
mean_days_to_respond_issue_opened                     float64      3                        0.01537              0.01537              0.01537              0.01537              0.01537              0.01537        0.0
issue_comment_pos_sentiment_avg                       float64     12                       0.108633                  0.0                  0.0             0.109108             0.151684             0.262167   0.095601
issue_comment_neg_sentiment_avg                       float64     12                       0.008562                  0.0                  0.0             0.003475             0.016473             0.024829   0.009861
issue_comment_ov_sentiment_avg                        float64     12                       0.102846                  0.0                  0.0             0.149857             0.156372             0.169863   0.076838
issue_opened_pos_sentiment_avg                        float64     13                       0.171605             0.101722              0.12929             0.162394              0.21575              0.27075   0.049775
issue_opened_neg_sentiment_avg                        float64     13                        0.02153                  0.0                  0.0             0.026683             0.033833             0.037029   0.015601
issue_opened_ov_sentiment_avg                         float64     13                       0.198866             0.073787               0.1154             0.187896              0.26585             0.364312   0.095048
pull_request_opened_pos_sentiment_avg                 float64     13                       0.015118                  0.0                  0.0                  0.0               0.0155             0.094667   0.029601
pull_request_opened_neg_sentiment_avg                 float64     13                       0.339189              0.02075                0.262              0.28275                0.524                0.524    0.15451
pull_request_opened_ov_sentiment_avg                  float64     13                      -0.159288               -0.296               -0.296               -0.148            -0.134313             0.202221   0.144584
pull_request_comment_pos_sentiment_avg                float64     12                       0.041417                  0.0                  0.0                  0.0             0.075437               0.1775   0.057806
pull_request_comment_neg_sentiment_avg                float64     12                       0.004404                  0.0                  0.0                  0.0             0.008022             0.018875   0.006147
pull_request_comment_ov_sentiment_avg                 float64     12                       0.018658                  0.0                  0.0                  0.0             0.033984             0.079963   0.026041
pct_merged_with_approved                              float64      3                            0.0                  0.0                  0.0                  0.0                  0.0                  0.0        0.0
pct_merged_with_review                                float64      3                            0.0                  0.0                  0.0                  0.0                  0.0                  0.0        0.0
avg_all_disc_count                                    float64      3                       1.411111             1.333333             1.366667                  1.4                 1.45                  1.5   0.083887
avg_pull_request_comment_count                        float64      3                       1.411111             1.333333             1.366667                  1.4                 1.45                  1.5   0.083887
avg_all_disc_exclude_opener_count                     float64      3                       1.411111             1.333333             1.366667                  1.4                 1.45                  1.5   0.083887
avg_pull_request_comment_exclude_opener_count         float64      3                       1.411111             1.333333             1.366667                  1.4                 1.45                  1.5   0.083887
clustering_coefficient                                float64      6                            0.0                  0.0                  0.0                  0.0                  0.0                  0.0        0.0

