File: drive/output/derived/org_outcomes_practices/repo_discussion_quality/important_degree_z2/rolling5/aiidalab___aiidalab-launch.parquet

MD5 hash: 47ad2c4963ffb5ce3b0ae394f2ea3ae3

Keys: time_period 

                                                                   type  count                 mean                  min                  25%                  50%                  75%                  max        std
time_period                                              datetime64[ns]      8  2023-04-01 18:00:00  2021-07-01 00:00:00  2022-05-16 18:00:00  2023-04-01 12:00:00  2024-02-15 12:00:00  2025-01-01 00:00:00           
response_rate                                                   float64      5             0.528534             0.504202             0.515152             0.521739             0.548387             0.553191   0.021328
mean_days_to_respond                                            float64      5             9.134043             0.504246             7.541715             8.828527            10.469289            18.326435   6.391111
pos_sentiment_avg                                               float64      8             0.111442             0.085886             0.102638             0.107416             0.122631             0.137719   0.018631
neg_sentiment_avg                                               float64      8             0.100735             0.019371             0.047021             0.113164             0.134204             0.188893   0.058061
ov_sentiment_avg                                                float64      8             0.055436            -0.010875             0.034237             0.051163             0.088551             0.105413   0.039251
response_rate_issue_comment                                     float64      5             0.498533             0.392857             0.459459             0.466667             0.473684                  0.7   0.117171
response_rate_issue_opened                                      float64      5                  1.0                  1.0                  1.0                  1.0                  1.0                  1.0        0.0
response_rate_pull_request_comment                              float64      5             0.490476             0.428571                  0.5                  0.5                  0.5              0.52381   0.036109
response_rate_pull_request_opened                               float64      5             0.905596                 0.85                 0.88             0.888889             0.909091                  1.0   0.056898
response_rate_pull_request_review_comment                       float64      5             0.265095             0.235294             0.266667             0.266667             0.277778              0.27907   0.017672
mean_days_to_respond_issue_comment                              float64      5              20.7839             0.545552            16.668201            17.519803            26.928068            42.257877  15.297602
mean_days_to_respond_issue_opened                               float64      5            58.559128             4.970752            40.922232            40.922232            46.058158           159.922263  59.001257
mean_days_to_respond_pull_request_comment                       float64      5             0.437963             0.359616             0.378322             0.381585             0.383624             0.686671   0.139357
mean_days_to_respond_pull_request_opened                        float64      5             0.042211             0.025678             0.027503             0.033796             0.038457             0.085619   0.024793
mean_days_to_respond_pull_request_review_comment                float64      5             0.565169             0.414653             0.470376             0.488951             0.488951             0.962917   0.224423
mean_days_to_respond_to_last_comment                            float64      5            11.009044             0.557525             9.301261            11.401708            13.200897            20.583831    7.22471
issue_opened_pos_sentiment_avg                                  float64      8             0.063486             0.038214             0.061205              0.06541             0.067759             0.081208   0.012176
issue_opened_neg_sentiment_avg                                  float64      8             0.037965             0.031224             0.034654             0.037136             0.040167             0.048429    0.00529
issue_opened_ov_sentiment_avg                                   float64      8              0.04378            -0.085786             0.035338             0.052321             0.069216             0.122157   0.060279
pull_request_opened_pos_sentiment_avg                           float64      8             0.038474             0.025468             0.025558             0.027409              0.02922             0.117667    0.03204
pull_request_opened_neg_sentiment_avg                           float64      8             0.254142                  0.0             0.110182             0.339858             0.368053             0.391528   0.155582
pull_request_opened_ov_sentiment_avg                            float64      8            -0.099586            -0.187551            -0.178611            -0.167447            -0.057452               0.1998   0.132745
issue_comment_pos_sentiment_avg                                 float64      7             0.113112             0.098409             0.107728             0.111152             0.115795             0.135177   0.011525
issue_comment_neg_sentiment_avg                                 float64      7             0.031509             0.027645             0.030244             0.030865             0.031389             0.038791   0.003471
issue_comment_ov_sentiment_avg                                  float64      7             0.093619             0.089611             0.090817              0.09277             0.096661             0.097997    0.00353
pull_request_comment_pos_sentiment_avg                          float64      7             0.157457             0.122712             0.150989             0.160735              0.16807             0.180637   0.018681
pull_request_comment_neg_sentiment_avg                          float64      7             0.036964             0.025044             0.027313             0.027835             0.046766             0.057712   0.013298
pull_request_comment_ov_sentiment_avg                           float64      7             0.167163             0.104876             0.154393              0.16234             0.193285             0.207571   0.034878
pull_request_review_approved_pos_sentiment_avg                  float64      7             0.394399             0.361077             0.378972             0.398367             0.411662             0.420083   0.023464
pull_request_review_approved_neg_sentiment_avg                  float64      7             0.010862             0.007567             0.009024             0.011722             0.012315             0.014067   0.002359
pull_request_review_approved_ov_sentiment_avg                   float64      7              0.29828             0.278184              0.28356             0.289894             0.311889             0.328986   0.020644
pull_request_review_changes_requested_pos_sentiment_avg         float64      7             0.258111             0.147333             0.255808              0.27315             0.282548             0.309583   0.052522
pull_request_review_changes_requested_neg_sentiment_avg         float64      7             0.010927                  0.0                  0.0              0.01597             0.018853             0.022814   0.010433
pull_request_review_changes_requested_ov_sentiment_avg          float64      7             0.284672             0.238233             0.254599             0.269727             0.311793             0.351958   0.042235
pull_request_review_comment_pos_sentiment_avg                   float64      7             0.150353             0.136928             0.142279             0.154365             0.156358             0.163901   0.009962
pull_request_review_comment_neg_sentiment_avg                   float64      7             0.039824             0.022638             0.039314             0.039638              0.04311             0.051641   0.008772
pull_request_review_comment_ov_sentiment_avg                    float64      7             0.117082             0.091275             0.107681             0.115832             0.127123             0.142857   0.017851
pull_request_review_commented_pos_sentiment_avg                 float64      7             0.193176                0.122             0.178392              0.19595             0.214438             0.248625   0.041041
pull_request_review_commented_neg_sentiment_avg                 float64      7                  0.0                  0.0                  0.0                  0.0                  0.0                  0.0        0.0
pull_request_review_commented_ov_sentiment_avg                  float64      7             0.255551               0.2202             0.243356             0.259975             0.269919             0.282133   0.023233
pct_merged_with_approved                                        float64      5             0.116505             0.037037             0.068182             0.077778             0.091837             0.307692   0.108756
pct_merged_with_review                                          float64      5             0.166897             0.049383             0.090909                  0.1             0.132653             0.461538   0.167366
avg_pull_request_comment_count                                  float64      5             1.014853             0.631579             0.923077                  1.0             1.166667             1.352941   0.270598
avg_pull_request_review_count                                   float64      5             1.506303             1.052632             1.076923             1.617647             1.666667             2.117647   0.447784
avg_pull_request_review_comment_count                           float64      5             1.773448             0.947368             1.461538             1.852941             1.958333             2.647059   0.629165
avg_all_disc_count                                              float64      5             4.294604             2.631579             3.461538             4.470588             4.791667             6.117647   1.328644
avg_pull_request_comment_exclude_opener_count                   float64      5             0.841453             0.583333             0.777778             0.846154                  1.0                  1.0   0.173909
avg_pull_request_review_exclude_opener_count                    float64      5             2.108547             0.666667             1.722222             2.153846                  3.0                  3.0   0.977202
avg_pull_request_review_comment_exclude_opener_count            float64      5              2.56047                 0.25             1.888889             2.538462                3.875                 4.25   1.610301
avg_all_disc_exclude_opener_count                               float64      5              5.51047                  1.5             4.388889             5.538462                7.875                 8.25    2.75856
clustering_coefficient                                          float64      7                  0.0                  0.0                  0.0                  0.0                  0.0                  0.0        0.0

