File: drive/output/derived/org_outcomes_practices/repo_discussion_quality/important_degree_z2/rolling5/alugowski___fast_matrix_market.parquet

MD5 hash: 90a57d14e0e90f5e121c01fe862a0b9e

Keys: time_period 

                                                         type  count                 mean                  min                  25%                  50%                  75%                  max       std
time_period                                    datetime64[ns]      5  2023-12-31 19:12:00  2023-01-01 00:00:00  2023-07-01 00:00:00  2024-01-01 00:00:00  2024-07-01 00:00:00  2025-01-01 00:00:00          
response_rate                                         float64      3             0.780228             0.756757             0.764093             0.771429             0.791964               0.8125  0.028895
mean_days_to_respond                                  float64      3             5.516707              0.05028             4.075103             8.099925              8.24992             8.399915   4.73644
pos_sentiment_avg                                     float64      5              0.10108             0.092296             0.095811              0.10502             0.106137             0.106137   0.00655
neg_sentiment_avg                                     float64      5             0.099318             0.092681             0.099068             0.099068             0.099478             0.106295  0.004818
ov_sentiment_avg                                      float64      5             0.066468             0.057594             0.063452             0.068475             0.068475             0.074342  0.006283
response_rate_issue_comment                           float64      3             0.462963             0.444444             0.444444             0.444444             0.472222                  0.5  0.032075
response_rate_pull_request_comment                    float64      3                  0.0                  0.0                  0.0                  0.0                  0.0                  0.0       0.0
response_rate_pull_request_opened                     float64      3                  1.0                  1.0                  1.0                  1.0                  1.0                  1.0       0.0
response_rate_issue_opened                            float64      2                  1.0                  1.0                  1.0                  1.0                  1.0                  1.0       0.0
mean_days_to_respond_issue_comment                    float64      3             0.227674             0.212271             0.212271             0.212271             0.235375             0.258478  0.026677
mean_days_to_respond_pull_request_opened              float64      3             0.009145             0.007341             0.007504             0.007667             0.010047             0.012426  0.002846
mean_days_to_respond_to_last_comment                  float64      3             5.716902              0.05028             4.219586             8.388891             8.550212             8.711534  4.910089
mean_days_to_respond_issue_opened                     float64      2           225.779954           225.779954           225.779954           225.779954           225.779954           225.779954       0.0
issue_comment_pos_sentiment_avg                       float64      5             0.180637             0.171178             0.175401             0.175401             0.175401             0.205803  0.014187
issue_comment_neg_sentiment_avg                       float64      5             0.032644             0.025546             0.025546             0.025546             0.027122             0.059462  0.015007
issue_comment_ov_sentiment_avg                        float64      5             0.154274             0.148559             0.148559             0.148559             0.148596             0.177095  0.012758
issue_opened_pos_sentiment_avg                        float64      5             0.115874             0.092533             0.118599             0.118599             0.118599             0.131041  0.014116
issue_opened_neg_sentiment_avg                        float64      5             0.033188             0.021917             0.035173             0.036283             0.036283             0.036283  0.006319
issue_opened_ov_sentiment_avg                         float64      5             0.174191             0.160378             0.160378             0.160378             0.175325             0.214498  0.023443
pull_request_comment_pos_sentiment_avg                float64      5              0.14261             0.099638             0.113976             0.166478             0.166478             0.166478  0.033074
pull_request_comment_neg_sentiment_avg                float64      5             0.003859             0.003558             0.003558             0.003558             0.003881             0.004743  0.000514
pull_request_comment_ov_sentiment_avg                 float64      5             0.102113             0.083304             0.084576             0.114228             0.114228             0.114228  0.016595
pull_request_opened_pos_sentiment_avg                 float64      5             0.045183             0.041164              0.04524             0.046292             0.046292             0.046925  0.002327
pull_request_opened_neg_sentiment_avg                 float64      5             0.186124             0.168921             0.187508             0.188659             0.188659             0.196874  0.010323
pull_request_opened_ov_sentiment_avg                  float64      5            -0.023513            -0.033585             -0.02986            -0.021051            -0.021051            -0.012019  0.008455
pct_merged_with_approved                              float64      3             0.016085                  0.0             0.011628             0.023256             0.024128                0.025  0.013958
pct_merged_with_review                                float64      3             0.016085                  0.0             0.011628             0.023256             0.024128                0.025  0.013958
avg_pull_request_comment_count                        float64      3                  1.0                  1.0                  1.0                  1.0                  1.0                  1.0       0.0
avg_all_disc_count                                    float64      3             1.194444                  1.0                1.125                 1.25             1.291667             1.333333  0.173472
avg_pull_request_review_count                         float64      2             0.291667                 0.25             0.270833             0.291667               0.3125             0.333333  0.058926
avg_pull_request_comment_exclude_opener_count         float64      3                  1.0                  1.0                  1.0                  1.0                  1.0                  1.0       0.0
avg_all_disc_exclude_opener_count                     float64      3             1.194444                  1.0                1.125                 1.25             1.291667             1.333333  0.173472
avg_pull_request_review_exclude_opener_count          float64      2             0.291667                 0.25             0.270833             0.291667               0.3125             0.333333  0.058926
clustering_coefficient                                float64      5                  0.0                  0.0                  0.0                  0.0                  0.0                  0.0       0.0

