File: drive/output/derived/org_outcomes_practices/repo_discussion_quality/important_degree_z2/rolling5/amazon-braket___amazon-braket-sdk-python.parquet

MD5 hash: c6356fa6de62d849bc7e4a1773da58ee

Keys: time_period 

                                                                   type  count                 mean                  min                  25%                  50%                  75%                  max       std
time_period                                              datetime64[ns]     10  2022-10-01 04:48:00  2020-07-01 00:00:00  2021-08-16 00:00:00  2022-10-01 00:00:00  2023-11-16 00:00:00  2025-01-01 00:00:00          
response_rate                                                   float64     10             0.411657               0.2397             0.361181             0.419343             0.449359             0.536232    0.0896
mean_days_to_respond                                            float64     10             1.518889             0.123382              0.69085             1.111019             2.030174             4.581925  1.364668
pos_sentiment_avg                                               float64     10             0.117506             0.099232             0.113241             0.120061             0.124672             0.126057  0.008976
neg_sentiment_avg                                               float64     10             0.030029             0.023789             0.027468             0.031089             0.033189             0.034036  0.003686
ov_sentiment_avg                                                float64     10              0.11695             0.101063             0.113642             0.119068             0.121915              0.12518  0.007142
response_rate_pull_request_comment                              float64     10             0.463176             0.333333             0.374725             0.409677             0.447318                  1.0  0.193228
response_rate_pull_request_opened                               float64     10             0.799716             0.271186             0.698979              0.91109             0.942278             0.977778  0.237315
response_rate_pull_request_review_comment                       float64     10             0.255491              0.20202             0.223224             0.237006             0.265015             0.354167  0.051121
mean_days_to_respond_pull_request_comment                       float64     10             7.176963               0.5372             0.686675             4.468672               8.7051            27.245431  8.747615
mean_days_to_respond_pull_request_opened                        float64     10             0.191014             0.002753             0.124183             0.198505             0.253185             0.375509  0.104073
mean_days_to_respond_pull_request_review_comment                float64     10             1.962096             0.104801              1.49502             1.783351             2.723835             4.051212  1.266633
mean_days_to_respond_to_last_comment                            float64     10             1.594139             0.145837             0.724884             1.164913             2.124226             4.849432  1.439692
pull_request_comment_pos_sentiment_avg                          float64     10             0.151491             0.123958             0.145082             0.151941             0.158687             0.182388  0.016272
pull_request_comment_neg_sentiment_avg                          float64     10             0.037818             0.017239             0.022162             0.044684             0.050227             0.053631  0.015149
pull_request_comment_ov_sentiment_avg                           float64     10             0.117779             0.087684             0.102097             0.118689             0.133528             0.140973  0.019689
pull_request_opened_pos_sentiment_avg                           float64     10               0.1288             0.122857             0.125898             0.126945             0.131663             0.137154  0.004599
pull_request_opened_neg_sentiment_avg                           float64     10             0.027642             0.026363             0.027209              0.02765              0.02805              0.02927  0.000877
pull_request_opened_ov_sentiment_avg                            float64     10             0.188371             0.178865             0.184907             0.186943              0.19077              0.20234  0.006312
pull_request_review_approved_pos_sentiment_avg                  float64     10             0.378099               0.1474             0.271875             0.378443             0.506954             0.537706  0.137098
pull_request_review_approved_neg_sentiment_avg                  float64     10             0.025239             0.002267               0.0125             0.015301             0.034769               0.0846  0.024251
pull_request_review_approved_ov_sentiment_avg                   float64     10             0.291223               0.0251             0.227062             0.342756             0.361061             0.403081  0.117467
pull_request_review_changes_requested_pos_sentiment_avg         float64     10             0.271569             0.160859             0.175202             0.273438             0.368562             0.385833    0.0953
pull_request_review_changes_requested_neg_sentiment_avg         float64     10             0.002997                  0.0                  0.0                  0.0             0.006782             0.009947  0.004056
pull_request_review_changes_requested_ov_sentiment_avg          float64     10             0.293482             0.185833             0.199881             0.317979             0.340519             0.415544   0.09007
pull_request_review_comment_pos_sentiment_avg                   float64     10             0.094252             0.081635             0.085715             0.090429             0.103627              0.10882  0.010572
pull_request_review_comment_neg_sentiment_avg                   float64     10             0.030751             0.021899             0.028785             0.032089             0.034124             0.035183  0.004355
pull_request_review_comment_ov_sentiment_avg                    float64     10             0.082951             0.067374             0.077652             0.082994             0.091563              0.09478  0.009502
pull_request_review_commented_pos_sentiment_avg                 float64     10              0.14444             0.049142             0.109864             0.160873             0.180112             0.198839  0.050526
pull_request_review_commented_neg_sentiment_avg                 float64     10             0.018068                  0.0             0.015614             0.018617             0.022731              0.03675  0.010061
pull_request_review_commented_ov_sentiment_avg                  float64     10             0.165439             0.048603               0.1431             0.163313             0.212452             0.245718   0.06516
pull_request_review_dismissed_pos_sentiment_avg                 float64      9             0.382764             0.250222               0.3381             0.413683             0.441983             0.489578  0.092851
pull_request_review_dismissed_neg_sentiment_avg                 float64      9             0.032122              0.01275                0.017                0.034              0.04725               0.0478  0.013967
pull_request_review_dismissed_ov_sentiment_avg                  float64      9             0.315875             0.226756             0.310616             0.314222             0.347951             0.377454  0.056488
pct_merged_with_approved                                        float64     10             0.187766             0.055556             0.128403             0.146097             0.257487             0.439024  0.120126
pct_merged_with_review                                          float64     10              0.48882                0.425             0.458023              0.48009             0.509146             0.597561   0.04783
avg_pull_request_comment_count                                  float64     10              0.84338             0.090909             0.806592             0.929883             0.982791             1.111111   0.28998
avg_pull_request_review_count                                   float64     10             0.978892             0.599045              0.76085             1.022612             1.149276             1.361111  0.254225
avg_pull_request_review_comment_count                           float64     10             0.973358               0.5179             0.679388             0.988863             1.236703             1.484848  0.329555
avg_all_disc_count                                              float64     10             2.795629             2.190931              2.31122             2.829823             3.160282             3.633333  0.497967
avg_pull_request_comment_exclude_opener_count                   float64     10             0.842481             0.086957             0.831003             0.928174             0.971788             1.071685  0.282653
avg_pull_request_review_exclude_opener_count                    float64     10             0.616141             0.296117             0.462994             0.604661              0.79564             0.956522  0.218927
avg_pull_request_review_comment_exclude_opener_count            float64     10             0.567831             0.218447             0.369731             0.500989             0.743934                  1.0  0.267142
avg_all_disc_exclude_opener_count                               float64     10             2.026453             1.565534             1.704328             2.036076             2.212763             2.587629  0.367531
clustering_coefficient                                          float64     10                  0.0                  0.0                  0.0                  0.0                  0.0                  0.0       0.0

