File: drive/output/derived/org_outcomes_practices/repo_discussion_quality/important_degree_z2/rolling5/amyantis___python-vt2geojson.parquet

MD5 hash: 4efc67f5c805ba5a03552202287db0d6

Keys: time_period 

                                                         type  count                           mean                  min                  25%                  50%                  75%                  max       std
time_period                                    datetime64[ns]      7  2021-06-05 10:17:08.571428608  2019-07-01 00:00:00  2020-10-01 00:00:00  2021-07-01 00:00:00  2022-04-01 12:00:00  2023-01-01 00:00:00          
response_rate                                         float64      2                           0.25             0.166667             0.208333                 0.25             0.291667             0.333333  0.117851
mean_days_to_respond                                  float64      2                      20.199063            20.199063            20.199063            20.199063            20.199063            20.199063       0.0
pos_sentiment_avg                                     float64      4                       0.087125                0.037             0.068357             0.092481             0.111248             0.126538  0.038717
neg_sentiment_avg                                     float64      4                       0.003178                  0.0                  0.0             0.001792              0.00497             0.009129  0.004312
ov_sentiment_avg                                      float64      4                       0.103886             0.040133             0.091404             0.117612             0.130093             0.140186  0.044441
response_rate_issue_comment                           float64      2                       0.416667             0.333333                0.375             0.416667             0.458333                  0.5  0.117851
response_rate_pull_request_comment                    float64      2                            0.0                  0.0                  0.0                  0.0                  0.0                  0.0       0.0
mean_days_to_respond_issue_comment                    float64      2                      20.199063            20.199063            20.199063            20.199063            20.199063            20.199063       0.0
mean_days_to_respond_to_last_comment                  float64      2                      20.199063            20.199063            20.199063            20.199063            20.199063            20.199063       0.0
issue_comment_pos_sentiment_avg                       float64      4                       0.049887                  0.0             0.039286              0.05394             0.064542             0.091667  0.037736
issue_comment_neg_sentiment_avg                       float64      4                            0.0                  0.0                  0.0                  0.0                  0.0                  0.0       0.0
issue_comment_ov_sentiment_avg                        float64      4                       0.075953                  0.0              0.04515             0.074393             0.105196             0.155025  0.064366
issue_opened_pos_sentiment_avg                        float64      4                       0.039217                  0.0                  0.0             0.033615             0.072832             0.089639  0.046199
issue_opened_neg_sentiment_avg                        float64      4                       0.008884                  0.0                  0.0             0.007615             0.016498             0.020306  0.010465
issue_opened_ov_sentiment_avg                         float64      4                       0.042626                  0.0                  0.0             0.036536             0.079162             0.097431  0.050215
pull_request_comment_pos_sentiment_avg                float64      3                       0.355556                0.185             0.287333             0.389667             0.440833                0.492  0.156317
pull_request_comment_neg_sentiment_avg                float64      3                            0.0                  0.0                  0.0                  0.0                  0.0                  0.0       0.0
pull_request_comment_ov_sentiment_avg                 float64      3                         0.4052               0.3612               0.3876                0.414               0.4272               0.4404  0.040327
pull_request_opened_pos_sentiment_avg                 float64      3                       0.015444                  0.0                  0.0                  0.0             0.023167             0.046333  0.026751
pull_request_opened_neg_sentiment_avg                 float64      3                       0.004389                  0.0                  0.0                  0.0             0.006583             0.013167  0.007602
pull_request_opened_ov_sentiment_avg                  float64      3                       0.002261                  0.0                  0.0                  0.0             0.003392             0.006783  0.003916
pct_merged_with_approved                              float64      2                            0.0                  0.0                  0.0                  0.0                  0.0                  0.0       0.0
pct_merged_with_review                                float64      2                            0.0                  0.0                  0.0                  0.0                  0.0                  0.0       0.0
avg_pull_request_comment_count                        float64      2                            1.0                  1.0                  1.0                  1.0                  1.0                  1.0       0.0
avg_all_disc_count                                    float64      2                            1.0                  1.0                  1.0                  1.0                  1.0                  1.0       0.0
avg_pull_request_comment_exclude_opener_count         float64      2                            1.0                  1.0                  1.0                  1.0                  1.0                  1.0       0.0
avg_all_disc_exclude_opener_count                     float64      2                            1.0                  1.0                  1.0                  1.0                  1.0                  1.0       0.0
clustering_coefficient                                float64      6                            0.0                  0.0                  0.0                  0.0                  0.0                  0.0       0.0

