File: drive/output/derived/org_outcomes_practices/repo_discussion_quality/important_degree_z2/rolling5/ansys___pyprimemesh.parquet

MD5 hash: 538ecd7912cd3113668f2ac90181cba6

Keys: time_period 

                                                                   type  count                 mean                  min                  25%                  50%                  75%                  max       std
time_period                                              datetime64[ns]      5  2023-12-31 19:12:00  2023-01-01 00:00:00  2023-07-01 00:00:00  2024-01-01 00:00:00  2024-07-01 00:00:00  2025-01-01 00:00:00          
response_rate                                                   float64      5             0.362286                  0.3              0.30791             0.312102             0.346863             0.544554  0.103458
mean_days_to_respond                                            float64      5             7.772468              7.05752             7.628808             7.772183             8.119927             8.283902  0.478038
pos_sentiment_avg                                               float64      5             0.055319             0.052797              0.05326             0.056012             0.056032             0.058494  0.002328
neg_sentiment_avg                                               float64      5              0.09962              0.09565             0.096469             0.097729             0.101204             0.107049  0.004663
ov_sentiment_avg                                                float64      5             0.001271            -0.002047             -0.00118             0.000303             0.001115             0.008167  0.004048
response_rate_issue_comment                                     float64      5             0.485375               0.4375             0.444444             0.454545                0.475             0.615385   0.07404
response_rate_pull_request_comment                              float64      5             0.421011             0.368932             0.373832             0.376238             0.377358             0.608696  0.104969
response_rate_pull_request_opened                               float64      5             0.598948             0.466667               0.4875             0.603175             0.702703             0.734694  0.121582
response_rate_pull_request_review_comment                       float64      5             0.104861             0.060606                0.064             0.067227             0.082474                 0.25  0.081564
response_rate_issue_opened                                      float64      4                  1.0                  1.0                  1.0                  1.0                  1.0                  1.0       0.0
mean_days_to_respond_issue_comment                              float64      5            27.237136            22.398196             23.03388            28.595324            29.547439            32.610841  4.391514
mean_days_to_respond_pull_request_comment                       float64      5             5.884036             5.623848             5.790964             5.790964             6.107202             6.107202  0.214842
mean_days_to_respond_pull_request_opened                        float64      5             2.743879             2.553404              2.70655             2.720408             2.791995             2.947035  0.143014
mean_days_to_respond_pull_request_review_comment                float64      5             0.600798             0.382842             0.655286             0.655286             0.655286             0.655286  0.121841
mean_days_to_respond_to_last_comment                            float64      5             7.470117              6.67373             7.195024             7.329991             7.982752             8.169089  0.608461
mean_days_to_respond_issue_opened                               float64      4            35.584475            34.626671            34.626671            35.584475             36.54228             36.54228  1.105978
issue_comment_pos_sentiment_avg                                 float64      5             0.095233             0.078959             0.087527             0.099855             0.100568             0.109257  0.011945
issue_comment_neg_sentiment_avg                                 float64      5             0.013843             0.011076             0.011953              0.01347             0.014342             0.018372  0.002834
issue_comment_ov_sentiment_avg                                  float64      5             0.089888             0.070851             0.083119             0.093848             0.098792              0.10283  0.012949
issue_opened_pos_sentiment_avg                                  float64      5             0.045272             0.040761             0.042955             0.045347             0.048156              0.04914    0.0035
issue_opened_neg_sentiment_avg                                  float64      5             0.039466             0.037719             0.037842             0.039493             0.039872             0.042403  0.001902
issue_opened_ov_sentiment_avg                                   float64      5             0.036002             0.025331             0.026413             0.037556             0.044741              0.04597  0.009798
pull_request_comment_pos_sentiment_avg                          float64      5             0.046322             0.041171             0.042811              0.04607              0.04717              0.05439  0.005117
pull_request_comment_neg_sentiment_avg                          float64      5              0.01365             0.012202             0.013212             0.013635             0.014141             0.015059  0.001063
pull_request_comment_ov_sentiment_avg                           float64      5             0.041292             0.034322             0.036783             0.036979             0.040114             0.058261  0.009706
pull_request_opened_pos_sentiment_avg                           float64      5             0.015196             0.012384             0.013226             0.015273             0.015489             0.019606  0.002799
pull_request_opened_neg_sentiment_avg                           float64      5             0.318923             0.313866             0.314696             0.315406             0.322993             0.327652  0.006094
pull_request_opened_ov_sentiment_avg                            float64      5            -0.162899            -0.170186            -0.169144            -0.165394            -0.159569            -0.150201  0.008226
pull_request_review_approved_pos_sentiment_avg                  float64      5             0.164677             0.147069             0.161786             0.169234             0.169234             0.176061  0.011063
pull_request_review_approved_neg_sentiment_avg                  float64      5             0.017681             0.014041             0.014041             0.016318             0.017757              0.02625  0.005045
pull_request_review_approved_ov_sentiment_avg                   float64      5             0.146148              0.11926             0.140903             0.153336             0.158619             0.158619  0.016682
pull_request_review_changes_requested_pos_sentiment_avg         float64      5             0.106313             0.095067             0.105889             0.105889             0.105889             0.118833  0.008423
pull_request_review_changes_requested_neg_sentiment_avg         float64      5             0.009183             0.008056             0.008056             0.008056             0.009667             0.012083  0.001765
pull_request_review_changes_requested_ov_sentiment_avg          float64      5              0.10754             0.086327             0.107908             0.114489             0.114489             0.114489  0.012196
pull_request_review_comment_pos_sentiment_avg                   float64      5              0.07433             0.072337             0.073023             0.073067             0.074216             0.079005  0.002699
pull_request_review_comment_neg_sentiment_avg                   float64      5             0.054617             0.046079             0.047733             0.049248             0.059591             0.070433  0.010295
pull_request_review_comment_ov_sentiment_avg                    float64      5              0.04102             0.028869             0.035931             0.044775              0.04742             0.048103  0.008348
pull_request_review_commented_pos_sentiment_avg                 float64      5               0.1632                0.092                0.092                0.092                 0.27                 0.27  0.097495
pull_request_review_commented_neg_sentiment_avg                 float64      5                  0.0                  0.0                  0.0                  0.0                  0.0                  0.0       0.0
pull_request_review_commented_ov_sentiment_avg                  float64      5             0.202875             0.155983             0.155983             0.155983             0.273212             0.273212  0.064209
pull_request_review_dismissed_pos_sentiment_avg                 float64      5             0.077245             0.066417             0.069952             0.074939             0.087458             0.087458  0.009803
pull_request_review_dismissed_neg_sentiment_avg                 float64      5             0.018903             0.013909             0.019125             0.019563             0.019563             0.022357  0.003074
pull_request_review_dismissed_ov_sentiment_avg                  float64      5             0.081858             0.069936             0.070563             0.088719             0.088719             0.091355  0.010654
pct_merged_with_approved                                        float64      5             0.404626             0.396825                  0.4                  0.4             0.409639             0.416667  0.008273
pct_merged_with_review                                          float64      5             0.467924             0.457143             0.460317             0.461538              0.46988             0.490741  0.013595
avg_pull_request_comment_count                                  float64      5             0.632466                  0.5             0.608696                0.625             0.673077             0.755556  0.093499
avg_pull_request_review_count                                   float64      5              1.52025             1.355556             1.512821             1.522727             1.543478             1.666667  0.110864
avg_pull_request_review_comment_count                           float64      5              0.73457             0.604167                 0.75             0.755435             0.755556             0.807692  0.076593
avg_all_disc_count                                              float64      5             2.887285             2.770833             2.866667             2.897727             2.907609              2.99359  0.080326
avg_pull_request_comment_exclude_opener_count                   float64      5             0.636868             0.522727                  0.6             0.619048             0.673333             0.769231  0.091589
avg_pull_request_review_exclude_opener_count                    float64      5              1.49729             1.361538             1.446667             1.482143             1.514286             1.681818  0.117856
avg_pull_request_review_comment_exclude_opener_count            float64      5             0.666571             0.522727             0.672619             0.685714             0.713333             0.738462  0.084334
avg_all_disc_exclude_opener_count                               float64      5             2.800729             2.727273              2.77381                  2.8             2.833333             2.869231   0.05449
clustering_coefficient                                          float64      5                  0.0                  0.0                  0.0                  0.0                  0.0                  0.0       0.0

