File: drive/output/derived/org_outcomes_practices/repo_discussion_quality/important_degree_z2/rolling5/bieniu___accuweather.parquet

MD5 hash: c3a2e4926c38031e156414e1252b2cf9

Keys: time_period 

                                                                type  count                 mean                  min                  25%                  50%                  75%                  max       std
time_period                                           datetime64[ns]      9  2022-12-31 13:20:00  2021-01-01 00:00:00  2022-01-01 00:00:00  2023-01-01 00:00:00  2024-01-01 00:00:00  2025-01-01 00:00:00          
response_rate                                                float64      6             0.354739                 0.25             0.333333             0.333333             0.392157             0.466667  0.074999
mean_days_to_respond                                         float64      6             1.597987             0.030667             0.031334             0.033333             0.324079             9.038927  3.648621
pos_sentiment_avg                                            float64      9             0.070859             0.045451             0.056746             0.064212             0.076275              0.12585  0.024567
neg_sentiment_avg                                            float64      9             0.302811             0.234332             0.268408             0.293557             0.332398             0.376214   0.04397
ov_sentiment_avg                                             float64      9            -0.116446            -0.183103            -0.138532            -0.122303            -0.097973            -0.048515  0.042035
response_rate_issue_comment                                  float64      6             0.145833                  0.0                  0.0                  0.0              0.28125                  0.5  0.229356
response_rate_pull_request_comment                           float64      6             0.494444             0.333333                  0.4                 0.45                0.625             0.666667   0.14363
response_rate_pull_request_review_comment                    float64      5                  0.0                  0.0                  0.0                  0.0                  0.0                  0.0       0.0
response_rate_pull_request_opened                            float64      4                0.875                  0.5                0.875                  1.0                  1.0                  1.0      0.25
mean_days_to_respond_pull_request_comment                    float64      6             0.026183             0.001157             0.025289             0.033333             0.033333             0.033333  0.012989
mean_days_to_respond_to_last_comment                         float64      6             2.541637             0.018773             0.030667                0.032             0.033333             15.10305  6.153813
mean_days_to_respond_pull_request_opened                     float64      4             0.025336             0.025336             0.025336             0.025336             0.025336             0.025336       0.0
mean_days_to_respond_issue_comment                           float64      2             6.800232             0.951265             3.875749             6.800232             9.724716            12.649199  8.271688
pull_request_comment_pos_sentiment_avg                       float64      9             0.230621             0.099625              0.11225             0.189018                 0.25                  0.5  0.160562
pull_request_comment_neg_sentiment_avg                       float64      9             0.012538                  0.0                  0.0             0.017792             0.017875             0.022011    0.0095
pull_request_comment_ov_sentiment_avg                        float64      9             0.140792             0.075819               0.1101             0.129675             0.157325               0.2202  0.053119
pull_request_opened_pos_sentiment_avg                        float64      9              0.00385             0.000567             0.001133             0.004915             0.006009             0.007269  0.002744
pull_request_opened_neg_sentiment_avg                        float64      9             0.428533             0.353833             0.428491             0.438917             0.447664             0.460505  0.031619
pull_request_opened_ov_sentiment_avg                         float64      9            -0.242146            -0.257713             -0.25032            -0.250207            -0.241436             -0.20464  0.017005
issue_comment_pos_sentiment_avg                              float64      6             0.089047             0.031667             0.057734               0.1146             0.115833              0.11839  0.041631
issue_comment_neg_sentiment_avg                              float64      6             0.032557               0.0135             0.016875             0.028571             0.046356             0.059438  0.019258
issue_comment_ov_sentiment_avg                               float64      6             0.118409             0.028967             0.069681             0.118761             0.176362             0.195083   0.06919
issue_opened_pos_sentiment_avg                               float64      6             0.137709              0.09393             0.114483             0.125984             0.171187              0.18345  0.037699
issue_opened_neg_sentiment_avg                               float64      6             0.008547                  0.0                  0.0             0.003549             0.016408             0.024676  0.010969
issue_opened_ov_sentiment_avg                                float64      6             0.235829              0.09274             0.146693             0.238965             0.342378             0.351518  0.116408
pull_request_review_comment_pos_sentiment_avg                float64      5               0.1995               0.1995               0.1995               0.1995               0.1995               0.1995       0.0
pull_request_review_comment_neg_sentiment_avg                float64      5                0.201                0.201                0.201                0.201                0.201                0.201       0.0
pull_request_review_comment_ov_sentiment_avg                 float64      5             0.100725             0.100725             0.100725             0.100725             0.100725             0.100725       0.0
pull_request_review_commented_pos_sentiment_avg              float64      5             0.221667             0.221667             0.221667             0.221667             0.221667             0.221667       0.0
pull_request_review_commented_neg_sentiment_avg              float64      5                  0.0                  0.0                  0.0                  0.0                  0.0                  0.0       0.0
pull_request_review_commented_ov_sentiment_avg               float64      5             0.252867             0.252867             0.252867             0.252867             0.252867             0.252867       0.0
pull_request_review_approved_pos_sentiment_avg               float64      4             0.642667                0.592                0.592             0.642667             0.693333             0.693333  0.058505
pull_request_review_approved_neg_sentiment_avg               float64      4                  0.0                  0.0                  0.0                  0.0                  0.0                  0.0       0.0
pull_request_review_approved_ov_sentiment_avg                float64      4             0.483717               0.4404               0.4404             0.483717             0.527033             0.527033  0.050018
pct_merged_with_approved                                     float64      6             0.053664                  0.0             0.011088             0.051306             0.095346             0.111663  0.050463
pct_merged_with_review                                       float64      6             0.053664                  0.0             0.011088             0.051306             0.095346             0.111663  0.050463
avg_pull_request_comment_count                               float64      7             0.685768             0.061224             0.269576                  1.0                  1.0                  1.2  0.468452
avg_all_disc_count                                           float64      7             1.265273                  1.0             1.146079             1.219512             1.422619                  1.5  0.188798
avg_pull_request_review_count                                float64      6             0.574266                  0.1             0.258929             0.537594             0.947368             1.020408  0.409865
avg_pull_request_review_comment_count                        float64      5             0.122187              0.04878             0.052632             0.142857             0.166667                  0.2   0.06835
avg_all_disc_exclude_opener_count                            float64      6             1.845502             1.061224             1.204675             1.533333             2.145833                  3.5  0.928867
avg_pull_request_comment_exclude_opener_count                float64      6              0.69786             0.040816             0.151423                  0.5             0.958333                  2.0  0.751433
avg_pull_request_review_exclude_opener_count                 float64      6             0.822846                  0.5               0.6875                0.875                  1.0             1.020408  0.217129
avg_pull_request_review_comment_exclude_opener_count         float64      5             0.389756              0.04878             0.066667             0.333333                  0.5                  1.0  0.389996
clustering_coefficient                                       float64      6                  0.0                  0.0                  0.0                  0.0                  0.0                  0.0       0.0

