File: drive/output/derived/org_outcomes_practices/repo_discussion_quality/important_degree_z2/rolling5/biopragmatics___curies.rs.parquet

MD5 hash: 4521841131900f385130e8dc95b1aa2f

Keys: time_period 

                                                         type  count                 mean                  min                  25%                  50%                  75%                  max       std
time_period                                    datetime64[ns]      4  2024-04-01 00:00:00  2023-07-01 00:00:00  2023-11-16 00:00:00  2024-04-01 00:00:00  2024-08-16 00:00:00  2025-01-01 00:00:00          
response_rate                                         float64      2                 0.55                  0.5                0.525                 0.55                0.575                  0.6  0.070711
mean_days_to_respond                                  float64      2             0.705023             0.705023             0.705023             0.705023             0.705023             0.705023       0.0
pos_sentiment_avg                                     float64      3             0.058801                  0.0             0.026889             0.053778             0.088201             0.122625  0.061467
neg_sentiment_avg                                     float64      3              0.01078                  0.0             0.004528             0.009056             0.016171             0.023286  0.011738
ov_sentiment_avg                                      float64      3             0.087276                  0.0             0.047972             0.095944             0.130913             0.165882   0.08328
response_rate_issue_comment                           float64      2             0.333333             0.333333             0.333333             0.333333             0.333333             0.333333       0.0
response_rate_issue_opened                            float64      2                  1.0                  1.0                  1.0                  1.0                  1.0                  1.0       0.0
response_rate_pull_request_opened                     float64      2                  1.0                  1.0                  1.0                  1.0                  1.0                  1.0       0.0
response_rate_pull_request_comment                    float64      1                  0.0                  0.0                  0.0                  0.0                  0.0                  0.0          
mean_days_to_respond_issue_comment                    float64      2             0.948947             0.948947             0.948947             0.948947             0.948947             0.948947       0.0
mean_days_to_respond_issue_opened                     float64      2             1.163171             1.163171             1.163171             1.163171             1.163171             1.163171       0.0
mean_days_to_respond_pull_request_opened              float64      2             0.002951             0.002951             0.002951             0.002951             0.002951             0.002951       0.0
mean_days_to_respond_to_last_comment                  float64      2             0.705023             0.705023             0.705023             0.705023             0.705023             0.705023       0.0
pull_request_opened_pos_sentiment_avg                 float64      3             0.004806                  0.0                  0.0                  0.0             0.007208             0.014417  0.008323
pull_request_opened_neg_sentiment_avg                 float64      3             0.024667                  0.0                  0.0                  0.0                0.037                0.074  0.042724
pull_request_opened_ov_sentiment_avg                  float64      3            -0.018211            -0.054633            -0.027317                  0.0                  0.0                  0.0  0.031543
issue_comment_pos_sentiment_avg                       float64      2             0.056767             0.042333              0.04955             0.056767             0.063983               0.0712  0.020412
issue_comment_neg_sentiment_avg                       float64      2             0.023983               0.0208             0.022392             0.023983             0.025575             0.027167  0.004502
issue_comment_ov_sentiment_avg                        float64      2             0.128435               0.0837             0.106067             0.128435             0.150803              0.17317  0.063265
issue_opened_pos_sentiment_avg                        float64      2              0.08925              0.08925              0.08925              0.08925              0.08925              0.08925       0.0
issue_opened_neg_sentiment_avg                        float64      2                  0.0                  0.0                  0.0                  0.0                  0.0                  0.0       0.0
issue_opened_ov_sentiment_avg                         float64      2               0.1531               0.1531               0.1531               0.1531               0.1531               0.1531       0.0
pull_request_comment_pos_sentiment_avg                float64      1              0.48025              0.48025              0.48025              0.48025              0.48025              0.48025          
pull_request_comment_neg_sentiment_avg                float64      1                  0.0                  0.0                  0.0                  0.0                  0.0                  0.0          
pull_request_comment_ov_sentiment_avg                 float64      1                0.504                0.504                0.504                0.504                0.504                0.504          
pct_merged_with_approved                              float64      2                  0.0                  0.0                  0.0                  0.0                  0.0                  0.0       0.0
pct_merged_with_review                                float64      2                  0.0                  0.0                  0.0                  0.0                  0.0                  0.0       0.0
avg_all_disc_count                                    float64      1                  1.0                  1.0                  1.0                  1.0                  1.0                  1.0          
avg_pull_request_comment_count                        float64      1                  1.0                  1.0                  1.0                  1.0                  1.0                  1.0          
avg_all_disc_exclude_opener_count                     float64      1                  1.0                  1.0                  1.0                  1.0                  1.0                  1.0          
avg_pull_request_comment_exclude_opener_count         float64      1                  1.0                  1.0                  1.0                  1.0                  1.0                  1.0          
clustering_coefficient                                float64      3                  0.0                  0.0                  0.0                  0.0                  0.0                  0.0       0.0

