File: drive/output/derived/org_outcomes_practices/repo_discussion_quality/important_degree_z2/rolling5/boakley___robotframework-lint.parquet

MD5 hash: 10d5987412857346a0c555072ec8054a

Keys: time_period 

                                                                type  count                 mean                  min                  25%                  50%                  75%                  max       std
time_period                                           datetime64[ns]     12  2019-12-31 16:00:00  2015-01-01 00:00:00  2018-11-16 00:00:00  2020-04-01 00:00:00  2021-08-16 00:00:00  2023-07-01 00:00:00          
response_rate                                                float64      2             0.266667                  0.2             0.233333             0.266667                  0.3             0.333333  0.094281
mean_days_to_respond                                         float64      2             4.563307             3.047784             3.805545             4.563307             5.321069             6.078831  2.143274
pos_sentiment_avg                                            float64     10             0.157125                0.016             0.094896             0.148503             0.224069               0.3011  0.090824
neg_sentiment_avg                                            float64     10             0.029202                  0.0             0.023025             0.033246             0.037172             0.056333  0.016345
ov_sentiment_avg                                             float64     10             0.142317            -0.058625             0.093526             0.141236              0.22207             0.247663  0.096503
response_rate_pull_request_comment                           float64      2                  0.0                  0.0                  0.0                  0.0                  0.0                  0.0       0.0
response_rate_pull_request_opened                            float64      2                0.625                 0.25               0.4375                0.625               0.8125                  1.0   0.53033
response_rate_pull_request_review_comment                    float64      1                 0.25                 0.25                 0.25                 0.25                 0.25                 0.25          
mean_days_to_respond_pull_request_opened                     float64      2             6.078831             6.078831             6.078831             6.078831             6.078831             6.078831       0.0
mean_days_to_respond_to_last_comment                         float64      2             4.563307             3.047784             3.805545             4.563307             5.321069             6.078831  2.143274
mean_days_to_respond_pull_request_review_comment             float64      1             0.016736             0.016736             0.016736             0.016736             0.016736             0.016736          
pull_request_comment_pos_sentiment_avg                       float64      9               0.2447                0.061               0.2145             0.257912             0.312611              0.41875  0.110821
pull_request_comment_neg_sentiment_avg                       float64      9             0.017703                  0.0                0.006                0.014             0.028474               0.0415  0.014483
pull_request_comment_ov_sentiment_avg                        float64      9             0.236869               0.1806             0.227657             0.230133             0.263775             0.266378  0.027786
pull_request_opened_pos_sentiment_avg                        float64     10             0.063405                0.016              0.04122             0.044137             0.075344                0.133  0.040094
pull_request_opened_neg_sentiment_avg                        float64     10             0.037286                  0.0             0.028698             0.039834             0.042676                0.086  0.023436
pull_request_opened_ov_sentiment_avg                         float64     10             0.084488            -0.058625              0.01784             0.044337             0.162532             0.241755  0.103146
pull_request_review_comment_pos_sentiment_avg                float64      3             0.102792             0.102792             0.102792             0.102792             0.102792             0.102792       0.0
pull_request_review_comment_neg_sentiment_avg                float64      3             0.035125             0.035125             0.035125             0.035125             0.035125             0.035125       0.0
pull_request_review_comment_ov_sentiment_avg                 float64      3             0.090915             0.090915             0.090915             0.090915             0.090915             0.090915       0.0
pct_merged_with_approved                                     float64      0                                                                                                                                        
pct_merged_with_review                                       float64      0                                                                                                                                        
avg_pull_request_comment_count                               float64      2                  1.0             0.666667             0.833333                  1.0             1.166667             1.333333  0.471405
avg_all_disc_count                                           float64      2             1.333333             1.333333             1.333333             1.333333             1.333333             1.333333       0.0
avg_pull_request_review_comment_count                        float64      1             0.666667             0.666667             0.666667             0.666667             0.666667             0.666667          
avg_pull_request_comment_exclude_opener_count                float64      2                 0.75                  0.5                0.625                 0.75                0.875                  1.0  0.353553
avg_all_disc_exclude_opener_count                            float64      2                  1.0                  1.0                  1.0                  1.0                  1.0                  1.0       0.0
avg_pull_request_review_comment_exclude_opener_count         float64      1                  0.5                  0.5                  0.5                  0.5                  0.5                  0.5          
clustering_coefficient                                       float64      6                  0.0                  0.0                  0.0                  0.0                  0.0                  0.0       0.0

