File: drive/output/derived/org_outcomes_practices/repo_discussion_quality/important_degree_z2/rolling5/brunobord___skyfield-data.parquet

MD5 hash: e8dea2b7b629227c553be0094feef6f2

Keys: time_period 

                                                         type  count                 mean                  min                  25%                  50%                  75%                  max       std
time_period                                    datetime64[ns]      9  2022-10-11 08:00:00  2020-01-01 00:00:00  2022-01-01 00:00:00  2023-01-01 00:00:00  2024-01-01 00:00:00  2025-01-01 00:00:00          
response_rate                                         float64      3             0.437037             0.333333             0.388889             0.444444             0.488889             0.533333  0.100206
mean_days_to_respond                                  float64      3             1.831567             0.499554             1.334561             2.169567             2.497573             2.825579  1.199283
pos_sentiment_avg                                     float64      5             0.123034             0.100117             0.110761             0.121059             0.127494             0.155737   0.02103
neg_sentiment_avg                                     float64      5             0.068568             0.013988             0.073366             0.084078              0.08439             0.087019  0.030957
ov_sentiment_avg                                      float64      5              0.09253             0.037192             0.084425             0.097828             0.104929             0.138277  0.036751
response_rate_issue_comment                           float64      3             0.468254             0.333333             0.416667                  0.5             0.535714             0.571429  0.122181
response_rate_issue_opened                            float64      3                  1.0                  1.0                  1.0                  1.0                  1.0                  1.0       0.0
response_rate_pull_request_comment                    float64      3             0.083333                  0.0                  0.0                  0.0                0.125                 0.25  0.144338
response_rate_pull_request_opened                     float64      2                  1.0                  1.0                  1.0                  1.0                  1.0                  1.0       0.0
response_rate_pull_request_review_comment             float64      2                  0.0                  0.0                  0.0                  0.0                  0.0                  0.0       0.0
mean_days_to_respond_issue_comment                    float64      3             2.484659             0.516655             1.602723             2.688791              3.46866              4.24853  1.874293
mean_days_to_respond_issue_opened                     float64      3             0.482454             0.482454             0.482454             0.482454             0.482454             0.482454       0.0
mean_days_to_respond_to_last_comment                  float64      3             1.934342             0.499554             1.488723             2.477892             2.651735             2.825579  1.254664
mean_days_to_respond_pull_request_opened              float64      2             1.848348             1.373895             1.611121             1.848348             2.085574             2.322801  0.670978
mean_days_to_respond_pull_request_comment             float64      1             3.371134             3.371134             3.371134             3.371134             3.371134             3.371134          
issue_comment_pos_sentiment_avg                       float64      5             0.217165             0.173943             0.211655             0.220673             0.232821             0.246731  0.027523
issue_comment_neg_sentiment_avg                       float64      5             0.019458             0.011845               0.0141             0.017697             0.019467             0.034182  0.008754
issue_comment_ov_sentiment_avg                        float64      5             0.221371             0.167261             0.183987             0.206534             0.248409             0.300665  0.053769
issue_opened_pos_sentiment_avg                        float64      5             0.061789               0.0152               0.0152             0.055014             0.083825             0.139708  0.052307
issue_opened_neg_sentiment_avg                        float64      5             0.051825             0.002792             0.019425             0.050469              0.09322              0.09322  0.041482
issue_opened_ov_sentiment_avg                         float64      5            -0.013878            -0.162753            -0.162753             -0.02577             0.072754             0.209131  0.159458
pull_request_opened_pos_sentiment_avg                 float64      5             0.046589             0.004661             0.011187             0.035163             0.084729             0.097203  0.042303
pull_request_opened_neg_sentiment_avg                 float64      5             0.139011              0.00975             0.146311             0.177375             0.178729             0.182889  0.073716
pull_request_opened_ov_sentiment_avg                  float64      5            -0.006559            -0.096856             -0.04255             0.004345             0.048661             0.053608  0.063713
pull_request_comment_pos_sentiment_avg                float64      3             0.087848             0.072929             0.076835             0.080742             0.095308             0.109875  0.019471
pull_request_comment_neg_sentiment_avg                float64      3              0.07436               0.0549             0.066664             0.078429             0.084089              0.08975  0.017778
pull_request_comment_ov_sentiment_avg                 float64      3              0.06326             0.031095             0.052978              0.07486             0.079343             0.083825  0.028214
pull_request_review_comment_pos_sentiment_avg         float64      2                  0.0                  0.0                  0.0                  0.0                  0.0                  0.0       0.0
pull_request_review_comment_neg_sentiment_avg         float64      2                  0.0                  0.0                  0.0                  0.0                  0.0                  0.0       0.0
pull_request_review_comment_ov_sentiment_avg          float64      2                  0.0                  0.0                  0.0                  0.0                  0.0                  0.0       0.0
pct_merged_with_approved                              float64      3                  0.0                  0.0                  0.0                  0.0                  0.0                  0.0       0.0
pct_merged_with_review                                float64      3                  0.0                  0.0                  0.0                  0.0                  0.0                  0.0       0.0
avg_pull_request_comment_count                        float64      3             0.771429                  0.6             0.657143             0.714286             0.857143                  1.0  0.206032
avg_all_disc_count                                    float64      3             1.228571                  1.0             1.142857             1.285714             1.342857                  1.4  0.206032
avg_pull_request_review_count                         float64      2             0.342857             0.285714             0.314286             0.342857             0.371429                  0.4  0.080812
avg_pull_request_review_comment_count                 float64      2             0.342857             0.285714             0.314286             0.342857             0.371429                  0.4  0.080812
avg_pull_request_comment_exclude_opener_count         float64      3                  1.0                  1.0                  1.0                  1.0                  1.0                  1.0       0.0
avg_all_disc_exclude_opener_count                     float64      3                  1.0                  1.0                  1.0                  1.0                  1.0                  1.0       0.0
clustering_coefficient                                float64      7                  0.0                  0.0                  0.0                  0.0                  0.0                  0.0       0.0

