File: drive/output/derived/org_outcomes_practices/repo_discussion_quality/important_degree_z2/rolling5/ceb10n___pydantic-settings-aws.parquet

MD5 hash: 37fe4624108e812c0a8f0bc0e948c2e0

Keys: time_period 

                                                    type  count                 mean                  min                  25%                  50%                  75%                  max       std
time_period                               datetime64[ns]      2  2024-10-01 00:00:00  2024-07-01 00:00:00  2024-08-16 00:00:00  2024-10-01 00:00:00  2024-11-16 00:00:00  2025-01-01 00:00:00          
response_rate                                    float64      1                  1.0                  1.0                  1.0                  1.0                  1.0                  1.0          
mean_days_to_respond                             float64      1             0.000895             0.000895             0.000895             0.000895             0.000895             0.000895          
pos_sentiment_avg                                float64      2             0.021656             0.014833             0.018245             0.021656             0.025067             0.028478  0.009649
neg_sentiment_avg                                float64      2             0.096596             0.094941             0.095768             0.096596             0.097423              0.09825   0.00234
ov_sentiment_avg                                 float64      2            -0.013483            -0.029475            -0.021479            -0.013483            -0.005487             0.002509  0.022616
response_rate_pull_request_opened                float64      1                  1.0                  1.0                  1.0                  1.0                  1.0                  1.0          
mean_days_to_respond_pull_request_opened         float64      1             0.000895             0.000895             0.000895             0.000895             0.000895             0.000895          
mean_days_to_respond_to_last_comment             float64      1             0.000895             0.000895             0.000895             0.000895             0.000895             0.000895          
issue_opened_pos_sentiment_avg                   float64      2             0.041133                  0.0             0.020567             0.041133               0.0617             0.082267  0.058171
issue_opened_neg_sentiment_avg                   float64      2                0.007                  0.0               0.0035                0.007               0.0105                0.014  0.009899
issue_opened_ov_sentiment_avg                    float64      2              0.08571                  0.0             0.042855              0.08571             0.128565              0.17142  0.121212
pull_request_comment_pos_sentiment_avg           float64      2             0.118667             0.118667             0.118667             0.118667             0.118667             0.118667       0.0
pull_request_comment_neg_sentiment_avg           float64      2                  0.0                  0.0                  0.0                  0.0                  0.0                  0.0       0.0
pull_request_comment_ov_sentiment_avg            float64      2               0.2082               0.2082               0.2082               0.2082               0.2082               0.2082       0.0
pull_request_opened_pos_sentiment_avg            float64      2                  0.0                  0.0                  0.0                  0.0                  0.0                  0.0       0.0
pull_request_opened_neg_sentiment_avg            float64      2                0.131                0.131                0.131                0.131                0.131                0.131       0.0
pull_request_opened_ov_sentiment_avg             float64      2               -0.074               -0.074               -0.074               -0.074               -0.074               -0.074       0.0
pct_merged_with_approved                         float64      1                  0.0                  0.0                  0.0                  0.0                  0.0                  0.0          
pct_merged_with_review                           float64      1                  0.0                  0.0                  0.0                  0.0                  0.0                  0.0          
avg_all_disc_count                               float64      0                                                                                                                                        
avg_all_disc_exclude_opener_count                float64      0                                                                                                                                        
clustering_coefficient                           float64      2                  0.0                  0.0                  0.0                  0.0                  0.0                  0.0       0.0

