File: drive/output/derived/org_outcomes_practices/repo_discussion_quality/important_degree_z2/rolling5/ceptontech___cepton_sdk_redist.parquet

MD5 hash: 1ff2fa9d9920de657643c1a352402236

Keys: time_period 

                                                 type  count                 mean                  min                  25%                  50%                  75%                  max       std
time_period                            datetime64[ns]     12  2021-02-14 16:00:00  2017-01-01 00:00:00  2019-11-16 00:00:00  2021-04-01 12:00:00  2022-08-16 00:00:00  2024-01-01 00:00:00          
response_rate                                 float64      5             0.648253             0.588235                  0.6             0.636364             0.666667                 0.75  0.064737
mean_days_to_respond                          float64      5             1.115175             0.691975             0.992644             1.162986             1.295475             1.432793  0.287135
pos_sentiment_avg                             float64     12             0.104165             0.057529              0.06797             0.093969             0.134399              0.18625   0.04283
neg_sentiment_avg                             float64     12             0.043094             0.025938             0.028971             0.031078             0.047813             0.101367  0.023479
ov_sentiment_avg                              float64     12             0.048702            -0.087513             0.034445             0.065377             0.083683             0.111412  0.058577
response_rate_issue_comment                   float64      5             0.607749                  0.5             0.533333             0.619048             0.636364                 0.75  0.097889
response_rate_issue_opened                    float64      3                  1.0                  1.0                  1.0                  1.0                  1.0                  1.0       0.0
mean_days_to_respond_issue_comment            float64      5              0.78083              0.41961             0.691975             0.728167             0.992644             1.071752   0.26012
mean_days_to_respond_to_last_comment          float64      5             1.250853             0.088727             0.969282             1.530427             1.714545             1.951285  0.743908
mean_days_to_respond_issue_opened             float64      3             2.990454             2.876956             2.962079             3.047203             3.047203             3.047203  0.098292
issue_comment_pos_sentiment_avg               float64     12             0.129696             0.061307             0.100343             0.110146             0.136078                0.311  0.065217
issue_comment_neg_sentiment_avg               float64     12               0.0264                  0.0             0.023953             0.028458              0.03091             0.038017  0.009425
issue_comment_ov_sentiment_avg                float64     12             0.097088             0.025751             0.053373             0.074909              0.11791               0.3303  0.081903
issue_opened_pos_sentiment_avg                float64     12             0.073847                  0.0             0.041466             0.058398             0.099619             0.165881  0.050507
issue_opened_neg_sentiment_avg                float64     12             0.036371                  0.0             0.013292             0.027055             0.040567                0.136  0.038746
issue_opened_ov_sentiment_avg                 float64     12             0.012645            -0.167413             0.008427             0.028742              0.04466             0.092102  0.067882
pull_request_opened_pos_sentiment_avg         float64     11              0.04054                  0.0                  0.0                  0.0              0.08725             0.116333  0.052353
pull_request_opened_neg_sentiment_avg         float64     11             0.061115                  0.0                  0.0                  0.0             0.087333               0.2488  0.106408
pull_request_opened_ov_sentiment_avg          float64     11             0.035685             -0.37834                  0.0                  0.0              0.24415             0.325533  0.248351
pct_merged_with_approved                      float64      0                                                                                                                                        
pct_merged_with_review                        float64      0                                                                                                                                        
avg_all_disc_count                            float64      0                                                                                                                                        
avg_all_disc_exclude_opener_count             float64      0                                                                                                                                        
clustering_coefficient                        float64     11                  0.0                  0.0                  0.0                  0.0                  0.0                  0.0       0.0

