File: drive/output/derived/org_outcomes_practices/repo_discussion_quality/important_degree_z2/rolling5/coin-or___prtpy.parquet

MD5 hash: d9debe7abb80fbea9b2ac794e9b10839

Keys: time_period 

                                                                type  count                           mean                  min                  25%                  50%                  75%                  max       std
time_period                                           datetime64[ns]      7  2023-07-02 03:25:42.857142784  2022-01-01 00:00:00  2022-10-01 00:00:00  2023-07-01 00:00:00  2024-04-01 00:00:00  2025-01-01 00:00:00          
response_rate                                                float64      3                       0.315972                 0.25             0.265625              0.28125             0.348958             0.416667  0.088593
mean_days_to_respond                                         float64      3                       0.120593             0.081257             0.103752             0.126248             0.140261             0.154273  0.036835
pos_sentiment_avg                                            float64      5                       0.040594             0.014275             0.030148             0.047321             0.050129             0.061099  0.018429
neg_sentiment_avg                                            float64      5                       0.040855             0.027667             0.035875             0.040287             0.048787             0.051657  0.009729
ov_sentiment_avg                                             float64      5                       0.023351            -0.012725            -0.000885             0.028883             0.039227             0.062257  0.030353
response_rate_pull_request_comment                           float64      3                            0.4                  0.4                  0.4                  0.4                  0.4                  0.4       0.0
response_rate_pull_request_review_comment                    float64      3                       0.224959             0.103448             0.123153             0.142857             0.285714             0.428571  0.177431
response_rate_issue_comment                                  float64      2                       0.666667             0.666667             0.666667             0.666667             0.666667             0.666667       0.0
response_rate_pull_request_opened                            float64      1                            0.5                  0.5                  0.5                  0.5                  0.5                  0.5          
mean_days_to_respond_pull_request_comment                    float64      3                       0.052413             0.052413             0.052413             0.052413             0.052413             0.052413       0.0
mean_days_to_respond_pull_request_review_comment             float64      3                       0.100486             0.100486             0.100486             0.100486             0.100486             0.100486       0.0
mean_days_to_respond_to_last_comment                         float64      3                       0.133579             0.078799             0.109832             0.140864             0.160969             0.181073  0.051525
mean_days_to_respond_issue_comment                           float64      2                       0.245544             0.245544             0.245544             0.245544             0.245544             0.245544       0.0
mean_days_to_respond_pull_request_opened                     float64      1                       0.000133             0.000133             0.000133             0.000133             0.000133             0.000133          
pull_request_comment_pos_sentiment_avg                       float64      5                       0.048484             0.010022             0.041685             0.046896             0.055233             0.088583  0.028203
pull_request_comment_neg_sentiment_avg                       float64      5                       0.006291                  0.0               0.0067             0.007444             0.008375             0.008933  0.003619
pull_request_comment_ov_sentiment_avg                        float64      5                       0.047555             0.007398             0.028431             0.031985              0.04965             0.120308  0.043354
pull_request_opened_pos_sentiment_avg                        float64      5                       0.038669             0.031654             0.034167             0.037794             0.041875             0.047857  0.006422
pull_request_opened_neg_sentiment_avg                        float64      5                       0.165097             0.085259             0.140569             0.165103             0.202792             0.231762  0.056659
pull_request_opened_ov_sentiment_avg                         float64      5                       -0.03439            -0.077662            -0.067954            -0.053837            -0.011389             0.038891  0.048157
pull_request_review_comment_pos_sentiment_avg                float64      5                       0.012225                  0.0                  0.0              0.00875             0.022053             0.030323  0.013556
pull_request_review_comment_neg_sentiment_avg                float64      5                        0.00237                  0.0                  0.0                  0.0             0.004989             0.006859  0.003311
pull_request_review_comment_ov_sentiment_avg                 float64      5                       0.014796                  0.0                  0.0             0.015682             0.024546             0.033751  0.014941
issue_comment_pos_sentiment_avg                              float64      3                       0.121202             0.114823             0.119607             0.124392             0.124392             0.124392  0.005524
issue_comment_neg_sentiment_avg                              float64      3                       0.053276             0.050472             0.052575             0.054678             0.054678             0.054678  0.002428
issue_comment_ov_sentiment_avg                               float64      3                       0.073664             0.069787             0.072694             0.075602             0.075602             0.075602  0.003358
issue_opened_pos_sentiment_avg                               float64      3                        0.20073              0.20073              0.20073              0.20073              0.20073              0.20073       0.0
issue_opened_neg_sentiment_avg                               float64      3                       0.014912             0.014912             0.014912             0.014912             0.014912             0.014912       0.0
issue_opened_ov_sentiment_avg                                float64      3                       0.326387             0.326387             0.326387             0.326387             0.326387             0.326387       0.0
pct_merged_with_approved                                     float64      3                            0.0                  0.0                  0.0                  0.0                  0.0                  0.0       0.0
pct_merged_with_review                                       float64      3                       0.616667                  0.6               0.6125                0.625                0.625                0.625  0.014434
avg_pull_request_comment_count                               float64      3                        1.66455             1.222222             1.396825             1.571429             1.885714                  2.2  0.495496
avg_pull_request_review_count                                float64      3                       1.373545             1.142857             1.171429                  1.2             1.488889             1.777778   0.35124
avg_pull_request_review_comment_count                        float64      3                       2.625397                  1.4             2.271429             3.142857             3.238095             3.333333   1.06549
avg_all_disc_count                                           float64      3                       5.663492                  4.8             5.328571             5.857143             6.095238             6.333333  0.784795
avg_pull_request_comment_exclude_opener_count                float64      3                       1.780952             1.571429             1.571429             1.571429             1.885714                  2.2  0.362906
avg_pull_request_review_exclude_opener_count                 float64      3                       1.161905             1.142857             1.142857             1.142857             1.171429                  1.2  0.032991
avg_pull_request_review_comment_exclude_opener_count         float64      3                       2.561905                  1.4             2.271429             3.142857             3.142857             3.142857  1.006239
avg_all_disc_exclude_opener_count                            float64      3                       5.504762                  4.8             5.328571             5.857143             5.857143             5.857143  0.610342
clustering_coefficient                                       float64      7                            0.0                  0.0                  0.0                  0.0                  0.0                  0.0       0.0

