File: drive/output/derived/org_outcomes_practices/repo_discussion_quality/important_degree_z2/rolling5/databricks-demos___dbdemos.parquet

MD5 hash: bf4bb6994097ed33dbae954741448a8b

Keys: time_period 

                                                          type  count                 mean                  min                  25%                  50%                  75%                  max       std
time_period                                     datetime64[ns]      6  2023-10-01 08:00:00  2022-07-01 00:00:00  2023-02-15 06:00:00  2023-10-01 00:00:00  2024-05-16 12:00:00  2025-01-01 00:00:00          
response_rate                                          float64      6             0.452601                 0.25             0.422535             0.487791             0.530651             0.544304  0.111483
mean_days_to_respond                                   float64      6             7.989525             0.016875             7.884849             8.617596             9.478421             13.27912  4.370088
pos_sentiment_avg                                      float64      6             0.126131              0.10247             0.108986             0.115916             0.120722             0.193481  0.033757
neg_sentiment_avg                                      float64      6             0.029997               0.0175              0.02581             0.027474             0.029098             0.052642  0.011861
ov_sentiment_avg                                       float64      6             0.134695             0.088361              0.11173             0.116439              0.12565              0.24805  0.057089
response_rate_issue_comment                            float64      6             0.453794                 0.25              0.44777             0.478873             0.524083             0.538462  0.106838
response_rate_issue_opened                             float64      5                  1.0                  1.0                  1.0                  1.0                  1.0                  1.0       0.0
response_rate_pull_request_opened                      float64      2                  0.0                  0.0                  0.0                  0.0                  0.0                  0.0       0.0
response_rate_pull_request_comment                     float64      1                  0.0                  0.0                  0.0                  0.0                  0.0                  0.0          
mean_days_to_respond_issue_comment                     float64      6             7.520841             0.016875             7.333485             8.351836             9.086152             12.07954  4.047139
mean_days_to_respond_to_last_comment                   float64      6             9.508149             0.016875             9.293097            10.779904            11.872052            14.438613  5.003788
mean_days_to_respond_issue_opened                      float64      5            27.903671            17.451852            17.451852            34.871551            34.871551            34.871551  9.541162
issue_comment_pos_sentiment_avg                        float64      6             0.167802             0.123956             0.130516             0.140065             0.148211             0.324467  0.077348
issue_comment_neg_sentiment_avg                        float64      6             0.018381               0.0046             0.019208             0.020434             0.022145             0.023303   0.00695
issue_comment_ov_sentiment_avg                         float64      6             0.206633             0.148537             0.154036              0.15645             0.165541              0.45656  0.122609
issue_opened_pos_sentiment_avg                         float64      6             0.057364              0.02975             0.060391             0.063178             0.063764             0.064656  0.013646
issue_opened_neg_sentiment_avg                         float64      6             0.036226             0.032266             0.033929             0.035987             0.038642             0.040343  0.003183
issue_opened_ov_sentiment_avg                          float64      6             0.024108            -0.012587             0.025565             0.026705             0.034148             0.042011  0.019161
pull_request_opened_pos_sentiment_avg                  float64      3             0.003189                  0.0                  0.0                  0.0             0.004783             0.009567  0.005523
pull_request_opened_neg_sentiment_avg                  float64      3             0.508433               0.4773              0.50065                0.524                0.524                0.524  0.026962
pull_request_opened_ov_sentiment_avg                   float64      3             -0.28212               -0.296               -0.296               -0.296             -0.27518             -0.25436  0.024041
pull_request_review_approved_pos_sentiment_avg         float64      2               0.5945                0.492              0.54325               0.5945              0.64575                0.697  0.144957
pull_request_review_approved_neg_sentiment_avg         float64      2                  0.0                  0.0                  0.0                  0.0                  0.0                  0.0       0.0
pull_request_review_approved_ov_sentiment_avg          float64      2             0.429312             0.418225             0.423769             0.429312             0.434856               0.4404   0.01568
pull_request_comment_pos_sentiment_avg                 float64      1                 0.17                 0.17                 0.17                 0.17                 0.17                 0.17          
pull_request_comment_neg_sentiment_avg                 float64      1                  0.0                  0.0                  0.0                  0.0                  0.0                  0.0          
pull_request_comment_ov_sentiment_avg                  float64      1               0.5423               0.5423               0.5423               0.5423               0.5423               0.5423          
pct_merged_with_approved                               float64      3             0.083333                  0.0                  0.0                  0.0                0.125                 0.25  0.144338
pct_merged_with_review                                 float64      3             0.083333                  0.0                  0.0                  0.0                0.125                 0.25  0.144338
avg_all_disc_count                                     float64      1                  1.0                  1.0                  1.0                  1.0                  1.0                  1.0          
avg_pull_request_comment_count                         float64      1                  0.2                  0.2                  0.2                  0.2                  0.2                  0.2          
avg_pull_request_review_count                          float64      1                  0.8                  0.8                  0.8                  0.8                  0.8                  0.8          
avg_all_disc_exclude_opener_count                      float64      1                  1.0                  1.0                  1.0                  1.0                  1.0                  1.0          
avg_pull_request_comment_exclude_opener_count          float64      1                  0.2                  0.2                  0.2                  0.2                  0.2                  0.2          
avg_pull_request_review_exclude_opener_count           float64      1                  0.8                  0.8                  0.8                  0.8                  0.8                  0.8          
clustering_coefficient                                 float64      6                  0.0                  0.0                  0.0                  0.0                  0.0                  0.0       0.0

