File: drive/output/derived/org_outcomes_practices/repo_discussion_quality/important_degree_z2/rolling5/davidtvs___pytorch-lr-finder.parquet

MD5 hash: 3796fbf90f5216e46601f43b874c14e9

Keys: time_period 

                                                                type  count                           mean                  min                  25%                  50%                  75%                  max       std
time_period                                           datetime64[ns]     11  2021-10-09 06:32:43.636363520  2019-01-01 00:00:00  2020-04-01 00:00:00  2021-07-01 00:00:00  2023-04-01 12:00:00  2025-01-01 00:00:00          
response_rate                                                float64      4                       0.738685                0.625             0.632721             0.664869             0.770833                  1.0  0.176877
mean_days_to_respond                                         float64      4                       0.416924             0.076968             0.309379              0.49183             0.599376             0.607068   0.24832
pos_sentiment_avg                                            float64      7                        0.16634             0.138428             0.142902             0.172282             0.186191             0.195482  0.024467
neg_sentiment_avg                                            float64      7                       0.063823             0.024946             0.040297             0.055022             0.076042             0.134112   0.03802
ov_sentiment_avg                                             float64      7                       0.140674             0.035706             0.133109             0.150104              0.17413             0.184434  0.050679
response_rate_pull_request_comment                           float64      3                        0.52549                 0.25                 0.45                 0.65             0.663235             0.676471  0.238948
response_rate_pull_request_review_comment                    float64      4                       0.805088             0.564103             0.633213             0.828125                  1.0                  1.0  0.228187
response_rate_pull_request_opened                            float64      2                            1.0                  1.0                  1.0                  1.0                  1.0                  1.0       0.0
mean_days_to_respond_pull_request_comment                    float64      3                       0.459387             0.353912              0.42559             0.497268             0.512124              0.52698  0.092544
mean_days_to_respond_pull_request_review_comment             float64      4                       0.528537             0.076968             0.315555             0.605218               0.8182             0.826745    0.3619
mean_days_to_respond_to_last_comment                         float64      4                       0.365985               0.0061             0.291662             0.440493             0.514816             0.576852  0.252217
mean_days_to_respond_pull_request_opened                     float64      2                       0.185079             0.185079             0.185079             0.185079             0.185079             0.185079       0.0
pull_request_comment_pos_sentiment_avg                       float64      4                       0.263099             0.174847             0.183089              0.25209             0.332099             0.373367  0.098266
pull_request_comment_neg_sentiment_avg                       float64      4                       0.019871             0.012863             0.019473             0.021864             0.022261             0.022891  0.004699
pull_request_comment_ov_sentiment_avg                        float64      4                       0.268541             0.209344             0.210767             0.254137             0.311911             0.356545  0.071517
pull_request_opened_pos_sentiment_avg                        float64      7                       0.063019             0.031688             0.057821             0.060349             0.072456             0.088546   0.01821
pull_request_opened_neg_sentiment_avg                        float64      7                       0.115289             0.015223             0.063881             0.160399             0.164845             0.173946  0.070733
pull_request_opened_ov_sentiment_avg                         float64      7                       0.018237            -0.028051            -0.007267             0.005231             0.035351             0.094313  0.043336
pull_request_review_comment_pos_sentiment_avg                float64      6                       0.109472                0.018             0.061323             0.115534             0.165685             0.182109  0.068324
pull_request_review_comment_neg_sentiment_avg                float64      6                       0.044597             0.033679             0.036118             0.043591             0.050794             0.059901  0.010466
pull_request_review_comment_ov_sentiment_avg                 float64      6                        0.12466             0.004342             0.020121              0.05663             0.247768             0.310929   0.14603
pull_request_review_approved_pos_sentiment_avg               float64      3                          0.496                0.372                0.465                0.558                0.558                0.558  0.107387
pull_request_review_approved_neg_sentiment_avg               float64      3                            0.0                  0.0                  0.0                  0.0                  0.0                  0.0       0.0
pull_request_review_approved_ov_sentiment_avg                float64      3                         0.2936               0.2202              0.27525               0.3303               0.3303               0.3303  0.063566
pull_request_review_commented_pos_sentiment_avg              float64      2                          0.266                0.266                0.266                0.266                0.266                0.266       0.0
pull_request_review_commented_neg_sentiment_avg              float64      2                          0.025                0.025                0.025                0.025                0.025                0.025       0.0
pull_request_review_commented_ov_sentiment_avg               float64      2                           0.25                 0.25                 0.25                 0.25                 0.25                 0.25       0.0
pct_merged_with_approved                                     float64      2                          0.375                 0.25               0.3125                0.375               0.4375                  0.5  0.176777
pct_merged_with_review                                       float64      2                          0.375                 0.25               0.3125                0.375               0.4375                  0.5  0.176777
avg_pull_request_comment_count                               float64      3                       1.722222                  1.0                  1.5                  2.0             2.083333             2.166667   0.63099
avg_pull_request_review_comment_count                        float64      4                       1.287202                  1.0                  1.0             1.261905             1.549107                1.625  0.334196
avg_all_disc_count                                           float64      4                       3.089286                  2.0                 2.75             3.261905              3.60119             3.833333   0.80352
avg_pull_request_review_count                                float64      2                       1.020833             0.041667              0.53125             1.020833             1.510417                  2.0  1.384751
avg_pull_request_comment_exclude_opener_count                float64      3                       1.925926                  1.0             1.666667             2.333333             2.388889             2.444444  0.803798
avg_pull_request_review_comment_exclude_opener_count         float64      4                       1.430556                  1.0                  1.0             1.361111             1.791667                  2.0  0.509932
avg_all_disc_exclude_opener_count                            float64      4                       3.388889                  2.0                 2.75             3.611111                 4.25             4.333333  1.105542
avg_pull_request_review_exclude_opener_count                 float64      2                       1.027778             0.055556             0.541667             1.027778             1.513889                  2.0   1.37493
clustering_coefficient                                       float64      9                            0.0                  0.0                  0.0                  0.0                  0.0                  0.0       0.0

