File: drive/output/derived/org_outcomes_practices/repo_discussion_quality/important_degree_z2/rolling5/dcwatson___deflate.parquet

MD5 hash: 1c9939cbef4323d04e9b84223bc71704

Keys: time_period 

                                                                   type  count                 mean                  min                  25%                  50%                  75%                  max        std
time_period                                              datetime64[ns]     10  2022-10-01 04:48:00  2020-07-01 00:00:00  2021-08-16 00:00:00  2022-10-01 00:00:00  2023-11-16 00:00:00  2025-01-01 00:00:00           
response_rate                                                   float64      7             0.562456             0.454545             0.527778             0.588235             0.609903             0.619048     0.0632
mean_days_to_respond                                            float64      7            24.439714             0.056188             9.966649            30.947948             38.36719            43.406183  18.487591
pos_sentiment_avg                                               float64     10             0.123232             0.107896             0.111365             0.123771             0.129596              0.14388   0.013566
neg_sentiment_avg                                               float64     10             0.048929             0.024033             0.025038             0.045593             0.070487              0.08066   0.024726
ov_sentiment_avg                                                float64     10             0.112728             0.076359             0.085945             0.096171              0.11848             0.187691   0.041244
response_rate_issue_comment                                     float64      7             0.622452                  0.5                 0.55             0.666667             0.692308             0.705882   0.090525
response_rate_pull_request_comment                              float64      7             0.398587             0.333333             0.333333                  0.4             0.445055                  0.5   0.068219
response_rate_pull_request_review_comment                       float64      5                 0.72                  0.6             0.666667             0.666667             0.666667                  1.0   0.159164
response_rate_pull_request_opened                               float64      1                  1.0                  1.0                  1.0                  1.0                  1.0                  1.0           
mean_days_to_respond_issue_comment                              float64      7             39.64405             0.067445            18.241301            48.138214            60.239577            72.340939  30.070794
mean_days_to_respond_pull_request_comment                       float64      7             0.007173             0.003455             0.004739             0.006678             0.009722             0.011157    0.00322
mean_days_to_respond_to_last_comment                            float64      7            30.203246             0.056188             13.68826            36.102158              46.8179            54.252056  22.736793
mean_days_to_respond_pull_request_review_comment                float64      5             0.004692             0.004641             0.004641             0.004641             0.004641             0.004896   0.000114
mean_days_to_respond_pull_request_opened                        float64      1             0.250139             0.250139             0.250139             0.250139             0.250139             0.250139           
issue_comment_pos_sentiment_avg                                 float64     10             0.141747             0.132217             0.140596             0.141361             0.144865             0.147175   0.004454
issue_comment_neg_sentiment_avg                                 float64     10             0.029886             0.027187             0.029185             0.030033             0.031066             0.031634   0.001524
issue_comment_ov_sentiment_avg                                  float64     10             0.156102              0.10175             0.117741             0.170892             0.186077             0.191508   0.038611
issue_opened_pos_sentiment_avg                                  float64     10             0.119219             0.047111             0.083594             0.103808             0.133757             0.232125   0.063471
issue_opened_neg_sentiment_avg                                  float64     10             0.027001             0.015773             0.019615             0.024218             0.032563              0.04896   0.011099
issue_opened_ov_sentiment_avg                                   float64     10             0.090971            -0.012285             0.049509             0.103565             0.140359              0.16646   0.065504
pull_request_comment_pos_sentiment_avg                          float64     10             0.166405             0.094899             0.105921             0.146372             0.240501             0.258458   0.070081
pull_request_comment_neg_sentiment_avg                          float64     10             0.020215                  0.0             0.005545             0.025592             0.029993             0.035725   0.014544
pull_request_comment_ov_sentiment_avg                           float64     10             0.166699             0.037916             0.079866             0.188013             0.222642                0.306   0.094251
pull_request_opened_pos_sentiment_avg                           float64     10             0.049422             0.023143             0.029555              0.05339               0.0692             0.070764   0.020457
pull_request_opened_neg_sentiment_avg                           float64     10              0.18704             0.008295             0.018639             0.120196             0.382514             0.419964   0.187687
pull_request_opened_ov_sentiment_avg                            float64     10            -0.063356            -0.198461            -0.174873            -0.030628             0.003915             0.080343   0.112389
pull_request_review_comment_pos_sentiment_avg                   float64     10             0.107889             0.080125             0.085229             0.103683             0.117736             0.163727   0.027236
pull_request_review_comment_neg_sentiment_avg                   float64     10             0.036293                  0.0             0.003515             0.047625             0.058818             0.068795   0.029462
pull_request_review_comment_ov_sentiment_avg                    float64     10             0.106255             0.048081             0.063415               0.1132             0.139525             0.188303   0.048587
pull_request_review_approved_pos_sentiment_avg                  float64      6              0.02725                  0.0              0.02725              0.02725              0.02725               0.0545   0.017234
pull_request_review_approved_neg_sentiment_avg                  float64      6                  0.0                  0.0                  0.0                  0.0                  0.0                  0.0        0.0
pull_request_review_approved_ov_sentiment_avg                   float64      6              0.00645                  0.0              0.00645              0.00645              0.00645               0.0129   0.004079
pull_request_review_changes_requested_pos_sentiment_avg         float64      5                0.346                0.346                0.346                0.346                0.346                0.346        0.0
pull_request_review_changes_requested_neg_sentiment_avg         float64      5                0.201                0.201                0.201                0.201                0.201                0.201        0.0
pull_request_review_changes_requested_ov_sentiment_avg          float64      5                0.296                0.296                0.296                0.296                0.296                0.296        0.0
pull_request_review_commented_pos_sentiment_avg                 float64      5                0.177                0.177                0.177                0.177                0.177                0.177        0.0
pull_request_review_commented_neg_sentiment_avg                 float64      5                  0.0                  0.0                  0.0                  0.0                  0.0                  0.0        0.0
pull_request_review_commented_ov_sentiment_avg                  float64      5               0.4215               0.4215               0.4215               0.4215               0.4215               0.4215        0.0
pct_merged_with_approved                                        float64      5                  0.0                  0.0                  0.0                  0.0                  0.0                  0.0        0.0
pct_merged_with_review                                          float64      5             0.026667                  0.0                  0.0                  0.0                  0.0             0.133333   0.059628
avg_pull_request_comment_count                                  float64      7             1.173469                  1.0                  1.0             1.071429             1.321429                  1.5   0.229081
avg_all_disc_count                                              float64      7             2.232653                  1.5             1.583333             2.214286              2.77381                  3.2   0.697948
avg_pull_request_review_count                                   float64      5             0.806667             0.333333             0.642857             0.857143                  1.0                  1.2   0.333734
avg_pull_request_review_comment_count                           float64      5              0.67619             0.333333                  0.5             0.714286             0.833333                  1.0   0.264382
avg_pull_request_comment_exclude_opener_count                   float64      7             1.174254                  1.0                  1.0             1.076923             1.321429                  1.5   0.228682
avg_all_disc_exclude_opener_count                               float64      7              2.21303                  1.5             1.583333             2.076923              2.77381                  3.2   0.700477
avg_pull_request_review_exclude_opener_count                    float64      5             0.785788             0.333333             0.538462             0.857143                  1.0                  1.2   0.349441
avg_pull_request_review_comment_exclude_opener_count            float64      5             0.668498             0.333333             0.461538             0.714286             0.833333                  1.0    0.27126
clustering_coefficient                                          float64     10                  0.0                  0.0                  0.0                  0.0                  0.0                  0.0        0.0

