File: drive/output/derived/org_outcomes_practices/repo_discussion_quality/important_degree_z2/rolling5/diagnosticrobotics___argo-workflow-tools.parquet

MD5 hash: 2a939b72261dc94ed91acc99fb506a3b

Keys: time_period 

                                                                type  count                 mean                  min                  25%                  50%                  75%                  max       std
time_period                                           datetime64[ns]      8  2023-04-01 18:00:00  2021-07-01 00:00:00  2022-05-16 18:00:00  2023-04-01 12:00:00  2024-02-15 12:00:00  2025-01-01 00:00:00          
response_rate                                                float64      5             0.079838             0.058824               0.0625             0.086957             0.090909                  0.1  0.018179
mean_days_to_respond                                         float64      5             3.537975             0.002245             2.948686             2.948686             5.895127             5.895127  2.465169
pos_sentiment_avg                                            float64      7             0.074988             0.033259             0.077362              0.07882             0.084207             0.089696  0.018969
neg_sentiment_avg                                            float64      7             0.168959             0.148357             0.156854             0.161937             0.162909             0.232889  0.028669
ov_sentiment_avg                                             float64      7            -0.003936            -0.071367             -0.00254             0.005559             0.011577             0.020178  0.030856
response_rate_pull_request_comment                           float64      4                  0.0                  0.0                  0.0                  0.0                  0.0                  0.0       0.0
response_rate_pull_request_opened                            float64      5             0.082071                  0.0             0.083333             0.090909             0.111111                0.125  0.048738
response_rate_pull_request_review_comment                    float64      5             0.111111                  0.0                  0.0             0.111111             0.111111             0.333333  0.136083
mean_days_to_respond_pull_request_opened                     float64      4             5.895127             5.895127             5.895127             5.895127             5.895127             5.895127       0.0
mean_days_to_respond_to_last_comment                         float64      5             3.537975             0.002245             2.948686             2.948686             5.895127             5.895127  2.465169
mean_days_to_respond_pull_request_review_comment             float64      3             0.002245             0.002245             0.002245             0.002245             0.002245             0.002245       0.0
issue_opened_pos_sentiment_avg                               float64      7             0.056438                  0.0             0.052167               0.0635             0.075517               0.0762  0.027833
issue_opened_neg_sentiment_avg                               float64      7             0.010571                  0.0                0.005                 0.01                0.012                 0.03  0.010048
issue_opened_ov_sentiment_avg                                float64      7             0.091548                  0.0             0.074375               0.1049              0.12588             0.135425   0.05049
pull_request_opened_pos_sentiment_avg                        float64      7             0.015042                  0.0             0.015959             0.017309             0.017717             0.020637  0.006822
pull_request_opened_neg_sentiment_avg                        float64      7             0.357159             0.336512             0.343174             0.349848             0.354101               0.4192  0.028108
pull_request_opened_ov_sentiment_avg                         float64      7            -0.184629              -0.2368            -0.184072            -0.176586            -0.172932            -0.165006   0.02404
pull_request_comment_pos_sentiment_avg                       float64      6              0.14381                  0.0             0.161786             0.161786             0.182009              0.18875   0.07168
pull_request_comment_neg_sentiment_avg                       float64      6                  0.0                  0.0                  0.0                  0.0                  0.0                  0.0       0.0
pull_request_comment_ov_sentiment_avg                        float64      6              0.20138                  0.0             0.226552             0.226552             0.254871             0.264311  0.100375
pull_request_review_approved_pos_sentiment_avg               float64      6                0.279                0.225                0.279                0.279              0.29925                0.306  0.029577
pull_request_review_approved_neg_sentiment_avg               float64      6             0.043167                  0.0             0.043167             0.043167             0.059354              0.06475  0.023643
pull_request_review_approved_ov_sentiment_avg                float64      6              0.27935             0.198825             0.218956              0.27935              0.27935               0.4404  0.088211
pull_request_review_comment_pos_sentiment_avg                float64      6             0.111998             0.074527             0.082557             0.106645             0.106645                0.203  0.047277
pull_request_review_comment_neg_sentiment_avg                float64      6             0.038773                  0.0             0.041054             0.041054             0.051317             0.054738  0.020143
pull_request_review_comment_ov_sentiment_avg                 float64      6             0.097684             0.034737             0.048225             0.088692             0.088692             0.250557   0.07942
pull_request_review_commented_pos_sentiment_avg              float64      5               0.5255               0.5255               0.5255               0.5255               0.5255               0.5255       0.0
pull_request_review_commented_neg_sentiment_avg              float64      5                  0.0                  0.0                  0.0                  0.0                  0.0                  0.0       0.0
pull_request_review_commented_ov_sentiment_avg               float64      5              0.66725              0.66725              0.66725              0.66725              0.66725              0.66725       0.0
issue_comment_pos_sentiment_avg                              float64      3                  0.0                  0.0                  0.0                  0.0                  0.0                  0.0       0.0
issue_comment_neg_sentiment_avg                              float64      3                  0.0                  0.0                  0.0                  0.0                  0.0                  0.0       0.0
issue_comment_ov_sentiment_avg                               float64      3                  0.0                  0.0                  0.0                  0.0                  0.0                  0.0       0.0
pct_merged_with_approved                                     float64      5                  0.0                  0.0                  0.0                  0.0                  0.0                  0.0       0.0
pct_merged_with_review                                       float64      5             0.363442                0.125             0.363636                  0.4             0.428571                  0.5  0.142374
avg_pull_request_comment_count                               float64      4             0.514286             0.428571             0.428571             0.514286                  0.6                  0.6  0.098974
avg_pull_request_review_count                                float64      5             1.431429                  1.4                  1.4             1.428571             1.428571                  1.5  0.040908
avg_pull_request_review_comment_count                        float64      5             1.294286                  1.2                  1.2             1.285714             1.285714                  1.5  0.122724
avg_all_disc_count                                           float64      5             3.137143                  3.0             3.142857             3.142857                  3.2                  3.2  0.081816
avg_pull_request_comment_exclude_opener_count                float64      4                 0.75                  0.5                  0.5                 0.75                  1.0                  1.0  0.288675
avg_all_disc_exclude_opener_count                            float64      5                  2.2                  1.0                  1.0                  2.5                  2.5                  4.0   1.25499
avg_pull_request_review_exclude_opener_count                 float64      3             1.333333                  1.0                  1.0                  1.0                  1.5                  2.0   0.57735
avg_pull_request_review_comment_exclude_opener_count         float64      3             1.333333                  1.0                  1.0                  1.0                  1.5                  2.0   0.57735
clustering_coefficient                                       float64      7                  0.0                  0.0                  0.0                  0.0                  0.0                  0.0       0.0

