File: drive/output/derived/org_outcomes_practices/repo_discussion_quality/important_degree_z2/rolling5/diegoferigo___cmake-build-extension.parquet

MD5 hash: a6611b06861d37ec48fb7e8700dc8493

Keys: time_period 

                                                                   type  count                 mean                  min                  25%                  50%                  75%                  max       std
time_period                                              datetime64[ns]      9  2022-12-31 13:20:00  2021-01-01 00:00:00  2022-01-01 00:00:00  2023-01-01 00:00:00  2024-01-01 00:00:00  2025-01-01 00:00:00          
response_rate                                                   float64      4             0.659091             0.416667             0.541667             0.609848             0.727273                  1.0  0.245794
mean_days_to_respond                                            float64      4             1.173986             0.350069             1.077055             1.319383             1.416315             1.707109  0.578889
pos_sentiment_avg                                               float64      9             0.106007             0.082576             0.098295              0.11008             0.112902             0.121747  0.012318
neg_sentiment_avg                                               float64      9             0.076551             0.061926             0.069609             0.074071             0.079701             0.105549  0.012481
ov_sentiment_avg                                                float64      9              0.08216             0.041381             0.069992             0.093679             0.098776             0.100065  0.020691
response_rate_issue_comment                                     float64      4               0.8875                 0.75               0.7875                  0.9                  1.0                  1.0  0.131498
response_rate_pull_request_comment                              float64      4                0.725                  0.4               0.6625                 0.75               0.8125                  1.0  0.246644
response_rate_pull_request_review_comment                       float64      3                  0.0                  0.0                  0.0                  0.0                  0.0                  0.0       0.0
mean_days_to_respond_issue_comment                              float64      4             1.490208              0.69287             1.410475             1.649676              1.72941             1.968611  0.552412
mean_days_to_respond_pull_request_comment                       float64      4             0.770027             0.007269             0.661062             0.878993             0.987959             1.314855  0.548448
mean_days_to_respond_to_last_comment                            float64      4             1.650153             0.350069             1.413774             1.768343             2.004721             2.713858  0.974615
issue_comment_pos_sentiment_avg                                 float64      9             0.071296                  0.0             0.054428             0.082979              0.08648             0.103415  0.031996
issue_comment_neg_sentiment_avg                                 float64      9             0.058438             0.023496             0.031321              0.03496             0.044032                  0.2  0.056381
issue_comment_ov_sentiment_avg                                  float64      9             0.021684              -0.4585             0.038261             0.092474             0.107999             0.118306  0.183367
issue_opened_pos_sentiment_avg                                  float64      9             0.058221             0.018478             0.049227             0.056329              0.06678             0.099706  0.025129
issue_opened_neg_sentiment_avg                                  float64      9             0.055969             0.031333             0.038775             0.061735              0.06503             0.074176  0.015503
issue_opened_ov_sentiment_avg                                   float64      9             0.060465            -0.009469             0.031971             0.053588             0.099569             0.131629  0.043915
pull_request_comment_pos_sentiment_avg                          float64      9             0.178434             0.133846             0.166515             0.168017             0.173271             0.277702  0.039441
pull_request_comment_neg_sentiment_avg                          float64      9             0.033711              0.01625             0.028438             0.030076             0.033426             0.055908  0.012234
pull_request_comment_ov_sentiment_avg                           float64      9              0.15907             0.048914             0.128451             0.152008             0.234458             0.296535  0.083311
pull_request_opened_pos_sentiment_avg                           float64      9             0.050829               0.0122              0.03197             0.056669             0.068615             0.090059  0.024619
pull_request_opened_neg_sentiment_avg                           float64      9             0.153662             0.094062             0.127004             0.141214             0.177476             0.212954  0.038257
pull_request_opened_ov_sentiment_avg                            float64      9            -0.010156            -0.106659            -0.041661             0.006227             0.023576             0.061995  0.051351
pull_request_review_approved_pos_sentiment_avg                  float64      7             0.404202              0.25505             0.345939             0.403929             0.440027               0.5985  0.114518
pull_request_review_approved_neg_sentiment_avg                  float64      7             0.052366             0.049267             0.049992             0.052167             0.055048             0.055048  0.002679
pull_request_review_approved_ov_sentiment_avg                   float64      7              0.40972             0.334501             0.377085             0.409029             0.425804             0.518733  0.061635
pull_request_review_changes_requested_pos_sentiment_avg         float64      5              0.07425              0.07425              0.07425              0.07425              0.07425              0.07425       0.0
pull_request_review_changes_requested_neg_sentiment_avg         float64      5                0.014                0.014                0.014                0.014                0.014                0.014       0.0
pull_request_review_changes_requested_ov_sentiment_avg          float64      5               0.1462               0.1462               0.1462               0.1462               0.1462               0.1462       0.0
pull_request_review_comment_pos_sentiment_avg                   float64      5             0.013333             0.013333             0.013333             0.013333             0.013333             0.013333       0.0
pull_request_review_comment_neg_sentiment_avg                   float64      5             0.010833             0.010833             0.010833             0.010833             0.010833             0.010833       0.0
pull_request_review_comment_ov_sentiment_avg                    float64      5             0.012867             0.012867             0.012867             0.012867             0.012867             0.012867       0.0
pct_merged_with_approved                                        float64      4             0.834821                0.625             0.691964             0.857143                  1.0                  1.0  0.194184
pct_merged_with_review                                          float64      4             0.834821                0.625             0.691964             0.857143                  1.0                  1.0  0.194184
avg_pull_request_comment_count                                  float64      4             0.784722                  0.5               0.6875             0.819444             0.916667                  1.0  0.215614
avg_pull_request_review_count                                   float64      4             0.972222             0.888889             0.972222                  1.0                  1.0                  1.0  0.055556
avg_all_disc_count                                              float64      4             2.193056                  1.5             2.041667             2.236111               2.3875                  2.8  0.533167
avg_pull_request_review_comment_count                           float64      3             0.581481             0.444444             0.472222                  0.5                 0.65                  0.8   0.19127
avg_pull_request_comment_exclude_opener_count                   float64      4              0.78125                  0.5               0.6875               0.8125              0.90625                  1.0  0.213478
avg_pull_request_review_exclude_opener_count                    float64      4                  1.0                  1.0                  1.0                  1.0                  1.0                  1.0       0.0
avg_all_disc_exclude_opener_count                               float64      4              2.23125                  1.5               2.0625               2.3125              2.48125                  2.8  0.541362
avg_pull_request_review_comment_exclude_opener_count            float64      3                  0.6                  0.5                  0.5                  0.5                 0.65                  0.8  0.173205
clustering_coefficient                                          float64      7                  0.0                  0.0                  0.0                  0.0                  0.0                  0.0       0.0

