File: drive/output/derived/org_outcomes_practices/repo_discussion_quality/important_degree_z2/rolling5/django-cms___djangocms-admin-style.parquet

MD5 hash: 18d5a4ce2e63c9df2801fe750b0e3fa3

Keys: time_period 

                                                                   type  count                           mean                  min                  25%                  50%                  75%                  max        std
time_period                                              datetime64[ns]     21  2019-12-31 17:08:34.285714176  2015-01-01 00:00:00  2017-07-01 00:00:00  2020-01-01 00:00:00  2022-07-01 00:00:00  2025-01-01 00:00:00           
response_rate                                                   float64     14                       0.523495                  0.2             0.378968             0.480769             0.682955                  1.0   0.211636
mean_days_to_respond                                            float64     14                        6.21134             0.005652             0.083173             0.117939             9.443995            33.440883  10.882169
pos_sentiment_avg                                               float64     20                       0.094194             0.070289              0.07835             0.082067             0.111299             0.140571   0.023511
neg_sentiment_avg                                               float64     20                       0.050862                  0.0             0.027698             0.036982             0.068642             0.118741   0.031634
ov_sentiment_avg                                                float64     20                       0.069739             0.023279             0.052171             0.064946             0.086954                0.185   0.036085
response_rate_pull_request_comment                              float64     14                       0.391385                  0.0             0.145833              0.39102                  0.6                  1.0   0.281585
response_rate_pull_request_opened                               float64     14                        0.77458             0.142857                0.575             0.928571                  1.0                  1.0   0.303825
response_rate_pull_request_review_comment                       float64     10                       0.274907                  0.0             0.223854             0.248382             0.333333                  0.5    0.15347
mean_days_to_respond_pull_request_opened                        float64     14                       1.984642             0.000787             0.002213              0.05912             1.039297            20.028819    5.32156
mean_days_to_respond_to_last_comment                            float64     14                       6.217349             0.005652             0.102384             0.113331             9.468088            33.440883  10.878605
mean_days_to_respond_pull_request_comment                       float64     12                      23.231282             0.014855               0.2436              0.27807            23.306309            92.267951  41.630795
mean_days_to_respond_pull_request_review_comment                float64      9                       0.011731             0.009574             0.009574             0.012824             0.012824             0.012824   0.001618
pull_request_comment_pos_sentiment_avg                          float64     20                       0.126165             0.074353             0.093305             0.108379             0.153028                0.215   0.041847
pull_request_comment_neg_sentiment_avg                          float64     20                       0.016082                  0.0             0.007446              0.01192             0.023643               0.0687   0.016026
pull_request_comment_ov_sentiment_avg                           float64     20                       0.098242             0.059246             0.073487              0.09106             0.108351             0.223275   0.037025
pull_request_opened_pos_sentiment_avg                           float64     20                       0.029862             0.009468             0.020718             0.031934             0.037208             0.051822   0.012238
pull_request_opened_neg_sentiment_avg                           float64     20                       0.091944                  0.0             0.036042             0.081297             0.142025             0.201594   0.059974
pull_request_opened_ov_sentiment_avg                            float64     20                       0.021521            -0.072115            -0.006582             0.020672             0.051958             0.133967   0.051107
pull_request_review_comment_pos_sentiment_avg                   float64     18                       0.147192               0.0524             0.126989               0.1345              0.17773             0.243333   0.040684
pull_request_review_comment_neg_sentiment_avg                   float64     18                       0.017974                  0.0                  0.0             0.001352             0.050766             0.056469   0.025098
pull_request_review_comment_ov_sentiment_avg                    float64     18                       0.104769             0.033681             0.065112               0.0813             0.137673               0.2672   0.055609
pull_request_review_approved_pos_sentiment_avg                  float64     10                       0.345788                  0.0             0.197577             0.427905             0.478722               0.5034   0.187817
pull_request_review_approved_neg_sentiment_avg                  float64     10                            0.0                  0.0                  0.0                  0.0                  0.0                  0.0        0.0
pull_request_review_approved_ov_sentiment_avg                   float64     10                       0.276185                  0.0             0.162919             0.334008             0.377642              0.40882   0.146492
pull_request_review_changes_requested_pos_sentiment_avg         float64      7                       0.033092                  0.0                  0.0                  0.0             0.075536             0.080571   0.041409
pull_request_review_changes_requested_neg_sentiment_avg         float64      7                       0.080145                  0.0              0.04325             0.098857             0.118629               0.1384   0.058273
pull_request_review_changes_requested_ov_sentiment_avg          float64      7                      -0.097868             -0.23256            -0.154534            -0.076507            -0.033472                  0.0   0.097732
pull_request_review_commented_pos_sentiment_avg                 float64      3                            0.0                  0.0                  0.0                  0.0                  0.0                  0.0        0.0
pull_request_review_commented_neg_sentiment_avg                 float64      3                            0.0                  0.0                  0.0                  0.0                  0.0                  0.0        0.0
pull_request_review_commented_ov_sentiment_avg                  float64      3                            0.0                  0.0                  0.0                  0.0                  0.0                  0.0        0.0
pct_merged_with_approved                                        float64      7                       0.530045             0.333333             0.527778               0.5625             0.566964                0.625   0.094061
pct_merged_with_review                                          float64      7                       0.563067             0.333333               0.5625               0.5625             0.626984             0.666667   0.109686
avg_pull_request_comment_count                                  float64     14                       0.813218             0.333333                 0.57             0.954545             1.007895             1.138889   0.283646
avg_all_disc_count                                              float64     14                       1.417821                  1.0             1.218182             1.375652             1.671494             2.066667   0.317193
avg_pull_request_review_comment_count                           float64     10                       0.329561                 0.08             0.122609             0.329032             0.540461             0.565517   0.211335
avg_pull_request_review_count                                   float64      7                       0.738405             0.363636             0.586087                 0.68             0.809847             1.333333   0.314832
avg_pull_request_comment_exclude_opener_count                   float64     14                       0.770442             0.083333             0.458556             0.944444             1.069444             1.164948   0.365155
avg_all_disc_exclude_opener_count                               float64     14                       1.346961                  1.0             1.170455             1.343137             1.545947             1.916667    0.27102
avg_pull_request_review_comment_exclude_opener_count            float64     10                       0.256284             0.083333             0.097594             0.270115             0.398769             0.428571   0.152846
avg_pull_request_review_exclude_opener_count                    float64      7                       0.786919             0.444444             0.600791             0.666667              0.84787                  1.5   0.349599
clustering_coefficient                                          float64     21                            0.0                  0.0                  0.0                  0.0                  0.0                  0.0        0.0

