File: drive/output/derived/org_outcomes_practices/repo_discussion_quality/important_degree_z2/rolling5/dralshehri___hijridate.parquet

MD5 hash: 42aff48fc0ad77e6abcc1418c2754751

Keys: time_period 

                                                                type  count                 mean                  min                  25%                  50%                  75%                  max       std
time_period                                           datetime64[ns]     12  2022-04-01 12:00:00  2019-07-01 00:00:00  2020-11-16 00:00:00  2022-04-01 12:00:00  2023-08-16 00:00:00  2025-01-01 00:00:00          
response_rate                                                float64      6             0.447661                  0.2                0.375             0.513158             0.526316                  0.6  0.150151
mean_days_to_respond                                         float64      6             0.077233             0.010185             0.034515             0.107503             0.107898              0.11999  0.052154
pos_sentiment_avg                                            float64     10             0.120591                  0.0             0.117018              0.13224             0.147413             0.161133  0.046133
neg_sentiment_avg                                            float64     10              0.05413             0.024386             0.046605             0.048517             0.063083             0.089596  0.019286
ov_sentiment_avg                                             float64     10             0.082753            -0.076787             0.047973             0.109972             0.129469             0.136066  0.068489
response_rate_issue_comment                                  float64      6             0.494949                 0.25             0.395833             0.583333             0.583333             0.636364  0.160968
response_rate_pull_request_comment                           float64      5             0.385714                  0.0             0.428571                  0.5                  0.5                  0.5  0.217828
response_rate_pull_request_review_comment                    float64      3                  0.0                  0.0                  0.0                  0.0                  0.0                  0.0       0.0
mean_days_to_respond_issue_comment                           float64      6             0.063597             0.010185             0.030121             0.089927             0.090491              0.09068  0.041374
mean_days_to_respond_to_last_comment                         float64      6             0.130177             0.010185             0.052252             0.178451             0.179241             0.224282    0.0946
mean_days_to_respond_pull_request_comment                    float64      4              0.16703             0.148515             0.148515             0.148515              0.16703             0.222575   0.03703
issue_comment_pos_sentiment_avg                              float64     10             0.103356                  0.0              0.10442              0.11186             0.122105              0.14419  0.039204
issue_comment_neg_sentiment_avg                              float64     10              0.03024             0.010511             0.016807             0.025625             0.040938             0.065333  0.017195
issue_comment_ov_sentiment_avg                               float64     10             0.095477            -0.102383             0.065503              0.13505             0.140456             0.152447  0.079611
issue_opened_pos_sentiment_avg                               float64     10             0.123162                  0.0             0.109683             0.140558             0.161205             0.186083  0.058909
issue_opened_neg_sentiment_avg                               float64     10             0.064188                  0.0              0.04325             0.071304             0.091734              0.11825  0.037116
issue_opened_ov_sentiment_avg                                float64     10             0.063615                  0.0             0.010529                0.074             0.108721             0.123794  0.052942
pull_request_comment_pos_sentiment_avg                       float64      8              0.23695                0.102             0.212536             0.262826             0.274732             0.298342  0.063191
pull_request_comment_neg_sentiment_avg                       float64      8             0.006237                  0.0             0.004575             0.008499             0.008933             0.008933  0.003965
pull_request_comment_ov_sentiment_avg                        float64      8             0.233476               0.1591             0.218505             0.244075             0.248164               0.2936  0.040751
pull_request_opened_pos_sentiment_avg                        float64      8                  0.0                  0.0                  0.0                  0.0                  0.0                  0.0       0.0
pull_request_opened_neg_sentiment_avg                        float64      8             0.379234             0.287833             0.287833             0.353688              0.44225                0.524  0.099752
pull_request_opened_ov_sentiment_avg                         float64      8            -0.250083               -0.296               -0.296            -0.228333            -0.218667            -0.218667   0.03858
pull_request_review_comment_pos_sentiment_avg                float64      5                  0.0                  0.0                  0.0                  0.0                  0.0                  0.0       0.0
pull_request_review_comment_neg_sentiment_avg                float64      5                  0.0                  0.0                  0.0                  0.0                  0.0                  0.0       0.0
pull_request_review_comment_ov_sentiment_avg                 float64      5                  0.0                  0.0                  0.0                  0.0                  0.0                  0.0       0.0
pull_request_review_commented_pos_sentiment_avg              float64      5                0.247                0.247                0.247                0.247                0.247                0.247       0.0
pull_request_review_commented_neg_sentiment_avg              float64      5                  0.0                  0.0                  0.0                  0.0                  0.0                  0.0       0.0
pull_request_review_commented_ov_sentiment_avg               float64      5               0.3182               0.3182               0.3182               0.3182               0.3182               0.3182       0.0
pct_merged_with_approved                                     float64      5                  0.0                  0.0                  0.0                  0.0                  0.0                  0.0       0.0
pct_merged_with_review                                       float64      5                  0.4                  0.0                  0.0                  0.5                  0.5                  1.0   0.41833
avg_all_disc_count                                           float64      5             2.733333                  2.0                  2.5                  2.5             3.333333             3.333333  0.584523
avg_pull_request_comment_count                               float64      5             2.183333                 1.75                  2.0             2.333333             2.333333                  2.5  0.302765
avg_pull_request_review_count                                float64      3             0.611111                  0.5             0.583333             0.666667             0.666667             0.666667  0.096225
avg_pull_request_review_comment_count                        float64      3             0.305556                 0.25             0.291667             0.333333             0.333333             0.333333  0.048113
avg_all_disc_exclude_opener_count                            float64      5             2.733333                  2.0                  2.5                  2.5             3.333333             3.333333  0.584523
avg_pull_request_comment_exclude_opener_count                float64      5             2.183333                 1.75                  2.0             2.333333             2.333333                  2.5  0.302765
avg_pull_request_review_exclude_opener_count                 float64      3             0.611111                  0.5             0.583333             0.666667             0.666667             0.666667  0.096225
avg_pull_request_review_comment_exclude_opener_count         float64      3             0.305556                 0.25             0.291667             0.333333             0.333333             0.333333  0.048113
clustering_coefficient                                       float64     11                  0.0                  0.0                  0.0                  0.0                  0.0                  0.0       0.0

