File: drive/output/derived/org_outcomes_practices/repo_discussion_quality/important_degree_z2/rolling5/dribia___driconfig.parquet

MD5 hash: 73da3500f97a3e9c3ad4619838d74d73

Keys: time_period 

                                                                type  count                 mean                  min                  25%                  50%                  75%                  max       std
time_period                                           datetime64[ns]      5  2023-12-31 19:12:00  2023-01-01 00:00:00  2023-07-01 00:00:00  2024-01-01 00:00:00  2024-07-01 00:00:00  2025-01-01 00:00:00          
response_rate                                                float64      2                  0.5                  0.5                  0.5                  0.5                  0.5                  0.5       0.0
mean_days_to_respond                                         float64      2             2.804094             2.804094             2.804094             2.804094             2.804094             2.804094       0.0
pos_sentiment_avg                                            float64      5             0.029739               0.0121             0.023027             0.025345             0.027721               0.0605  0.018206
neg_sentiment_avg                                            float64      5             0.265799                0.044             0.269338             0.291166             0.296491                0.428  0.138836
ov_sentiment_avg                                             float64      5            -0.097959             -0.21657            -0.132769            -0.128647            -0.112958              0.10115  0.118418
response_rate_issue_comment                                  float64      2                  0.5                  0.5                  0.5                  0.5                  0.5                  0.5       0.0
response_rate_issue_opened                                   float64      2                  1.0                  1.0                  1.0                  1.0                  1.0                  1.0       0.0
response_rate_pull_request_opened                            float64      2                  1.0                  1.0                  1.0                  1.0                  1.0                  1.0       0.0
response_rate_pull_request_review_comment                    float64      2                 0.25                 0.25                 0.25                 0.25                 0.25                 0.25       0.0
mean_days_to_respond_issue_comment                           float64      2             0.196053             0.196053             0.196053             0.196053             0.196053             0.196053       0.0
mean_days_to_respond_issue_opened                            float64      2             9.127477             9.127477             9.127477             9.127477             9.127477             9.127477       0.0
mean_days_to_respond_pull_request_opened                     float64      2             0.000081             0.000081             0.000081             0.000081             0.000081             0.000081       0.0
mean_days_to_respond_pull_request_review_comment             float64      2             1.892766             1.892766             1.892766             1.892766             1.892766             1.892766       0.0
mean_days_to_respond_to_last_comment                         float64      2               0.6963               0.6963               0.6963               0.6963               0.6963               0.6963       0.0
pull_request_opened_pos_sentiment_avg                        float64      5             0.019909             0.008203             0.009308             0.009433               0.0121               0.0605  0.022736
pull_request_opened_neg_sentiment_avg                        float64      5             0.346693                0.044               0.3974             0.413913                0.428             0.450154  0.170314
pull_request_opened_ov_sentiment_avg                         float64      5            -0.152482              -0.2349             -0.21657            -0.212322             -0.19977              0.10115  0.142343
issue_comment_pos_sentiment_avg                              float64      3              0.03925              0.03925              0.03925              0.03925              0.03925              0.03925       0.0
issue_comment_neg_sentiment_avg                              float64      3                  0.0                  0.0                  0.0                  0.0                  0.0                  0.0       0.0
issue_comment_ov_sentiment_avg                               float64      3               0.0193               0.0193               0.0193               0.0193               0.0193               0.0193       0.0
issue_opened_pos_sentiment_avg                               float64      3               0.0097             0.007275             0.007275             0.007275             0.010913              0.01455    0.0042
issue_opened_neg_sentiment_avg                               float64      3             0.019433             0.014575             0.014575             0.014575             0.021862              0.02915  0.008415
issue_opened_ov_sentiment_avg                                float64      3             -0.01539            -0.023085            -0.017314            -0.011542            -0.011542            -0.011542  0.006664
pull_request_review_comment_pos_sentiment_avg                float64      3               0.0556               0.0556               0.0556               0.0556               0.0556               0.0556       0.0
pull_request_review_comment_neg_sentiment_avg                float64      3               0.1225               0.1225               0.1225               0.1225               0.1225               0.1225       0.0
pull_request_review_comment_ov_sentiment_avg                 float64      3              0.02807              0.02807              0.02807              0.02807              0.02807              0.02807       0.0
pull_request_comment_pos_sentiment_avg                       float64      2               0.3128               0.3128               0.3128               0.3128               0.3128               0.3128       0.0
pull_request_comment_neg_sentiment_avg                       float64      2                  0.0                  0.0                  0.0                  0.0                  0.0                  0.0       0.0
pull_request_comment_ov_sentiment_avg                        float64      2              0.24796              0.24796              0.24796              0.24796              0.24796              0.24796       0.0
pct_merged_with_approved                                     float64      2             0.021277             0.021277             0.021277             0.021277             0.021277             0.021277       0.0
pct_merged_with_review                                       float64      2             0.021277             0.021277             0.021277             0.021277             0.021277             0.021277       0.0
avg_pull_request_comment_count                               float64      3             0.992469             0.986667             0.988704             0.990741              0.99537                  1.0  0.006833
avg_all_disc_count                                           float64      3             1.045185                  1.0             1.027778             1.055556             1.067778                 1.08  0.040996
avg_pull_request_review_count                                float64      2             0.033889             0.027778             0.030833             0.033889             0.036944                 0.04  0.008642
avg_pull_request_review_comment_count                        float64      2             0.045185             0.037037             0.041111             0.045185             0.049259             0.053333  0.011523
avg_pull_request_comment_exclude_opener_count                float64      3             0.992469             0.986667             0.988704             0.990741              0.99537                  1.0  0.006833
avg_all_disc_exclude_opener_count                            float64      3             1.045185                  1.0             1.027778             1.055556             1.067778                 1.08  0.040996
avg_pull_request_review_exclude_opener_count                 float64      2             0.033889             0.027778             0.030833             0.033889             0.036944                 0.04  0.008642
avg_pull_request_review_comment_exclude_opener_count         float64      2             0.045185             0.037037             0.041111             0.045185             0.049259             0.053333  0.011523
clustering_coefficient                                       float64      3                  0.0                  0.0                  0.0                  0.0                  0.0                  0.0       0.0

