File: drive/output/derived/org_outcomes_practices/repo_discussion_quality/important_degree_z2/rolling5/f0uriest___orthax.parquet

MD5 hash: a188b181aab3a3880132812bfced650a

Keys: time_period 

                                                         type  count                 mean                  min                  25%                  50%                  75%                  max       std
time_period                                    datetime64[ns]      3  2024-07-01 16:00:00  2024-01-01 00:00:00  2024-04-01 00:00:00  2024-07-01 00:00:00  2024-10-01 00:00:00  2025-01-01 00:00:00          
response_rate                                         float64      2             0.222222                  0.0             0.111111             0.222222             0.333333             0.444444   0.31427
mean_days_to_respond                                  float64      1             0.018194             0.018194             0.018194             0.018194             0.018194             0.018194          
pos_sentiment_avg                                     float64      2             0.121949             0.092889             0.107419             0.121949             0.136479             0.151009  0.041097
neg_sentiment_avg                                     float64      2             0.130347             0.086028             0.108187             0.130347             0.152507             0.174667  0.062677
ov_sentiment_avg                                      float64      2             0.051409             0.029067             0.040238             0.051409              0.06258             0.073751  0.031597
response_rate_pull_request_comment                    float64      2                  0.0                  0.0                  0.0                  0.0                  0.0                  0.0       0.0
response_rate_issue_comment                           float64      1                  0.0                  0.0                  0.0                  0.0                  0.0                  0.0          
response_rate_pull_request_opened                     float64      1                  1.0                  1.0                  1.0                  1.0                  1.0                  1.0          
mean_days_to_respond_pull_request_opened              float64      1             0.018194             0.018194             0.018194             0.018194             0.018194             0.018194          
mean_days_to_respond_to_last_comment                  float64      1             0.018194             0.018194             0.018194             0.018194             0.018194             0.018194          
issue_opened_pos_sentiment_avg                        float64      1                  0.0                  0.0                  0.0                  0.0                  0.0                  0.0          
issue_opened_neg_sentiment_avg                        float64      1                0.113                0.113                0.113                0.113                0.113                0.113          
issue_opened_ov_sentiment_avg                         float64      1              -0.4215              -0.4215              -0.4215              -0.4215              -0.4215              -0.4215          
pull_request_comment_pos_sentiment_avg                float64      2             0.151262             0.139333             0.145298             0.151262             0.157226              0.16319   0.01687
pull_request_comment_neg_sentiment_avg                float64      2               0.0065                  0.0              0.00325               0.0065              0.00975                0.013  0.009192
pull_request_comment_ov_sentiment_avg                 float64      2               0.1681               0.1446              0.15635               0.1681              0.17985               0.1916  0.033234
pull_request_opened_pos_sentiment_avg                 float64      2               0.0525                  0.0              0.02625               0.0525              0.07875                0.105  0.074246
pull_request_opened_neg_sentiment_avg                 float64      2             0.480333             0.436667               0.4585             0.480333             0.502167                0.524  0.061754
pull_request_opened_ov_sentiment_avg                  float64      2            -0.256508               -0.296            -0.276254            -0.256508            -0.236762            -0.217017   0.05585
issue_comment_pos_sentiment_avg                       float64      1                0.237                0.237                0.237                0.237                0.237                0.237          
issue_comment_neg_sentiment_avg                       float64      1                  0.0                  0.0                  0.0                  0.0                  0.0                  0.0          
issue_comment_ov_sentiment_avg                        float64      1              0.32985              0.32985              0.32985              0.32985              0.32985              0.32985          
pct_merged_with_approved                              float64      1              0.73913              0.73913              0.73913              0.73913              0.73913              0.73913          
pct_merged_with_review                                float64      1              0.73913              0.73913              0.73913              0.73913              0.73913              0.73913          
avg_pull_request_comment_count                        float64      2                  0.6                  0.2                  0.4                  0.6                  0.8                  1.0  0.565685
avg_all_disc_count                                    float64      2                1.075                  1.0               1.0375                1.075               1.1125                 1.15  0.106066
avg_pull_request_review_count                         float64      1                 0.95                 0.95                 0.95                 0.95                 0.95                 0.95          
avg_pull_request_comment_exclude_opener_count         float64      2                  0.6                  0.2                  0.4                  0.6                  0.8                  1.0  0.565685
avg_all_disc_exclude_opener_count                     float64      2                1.075                  1.0               1.0375                1.075               1.1125                 1.15  0.106066
avg_pull_request_review_exclude_opener_count          float64      1                 0.95                 0.95                 0.95                 0.95                 0.95                 0.95          
clustering_coefficient                                float64      2                  0.0                  0.0                  0.0                  0.0                  0.0                  0.0       0.0

