File: drive/output/derived/org_outcomes_practices/repo_discussion_quality/important_degree_z2/rolling5/factoryboy___factory_boy.parquet

MD5 hash: dc3f5cf44de321ecf54bb0711d249f06

Keys: time_period 

                                                                   type  count                           mean                  min                  25%                  50%                  75%                  max        std
time_period                                              datetime64[ns]     21  2019-12-31 17:08:34.285714176  2015-01-01 00:00:00  2017-07-01 00:00:00  2020-01-01 00:00:00  2022-07-01 00:00:00  2025-01-01 00:00:00           
response_rate                                                   float64     21                       0.577746             0.495652             0.534591             0.577367             0.603715             0.662824   0.052307
mean_days_to_respond                                            float64     21                      87.878469            24.896684            39.219893            86.278737           106.749398           242.671236  57.193625
pos_sentiment_avg                                               float64     21                       0.132086             0.074472             0.122156              0.13086             0.143803             0.161187   0.018806
neg_sentiment_avg                                               float64     21                       0.053591             0.043718             0.047667             0.049687             0.057264             0.090633   0.010464
ov_sentiment_avg                                                float64     21                       0.116088             0.010987              0.11603             0.122302             0.128131             0.135553   0.026596
response_rate_issue_comment                                     float64     21                       0.692291              0.46875             0.669355             0.709677             0.751152             0.784314   0.076722
response_rate_pull_request_comment                              float64     21                        0.54429             0.307692             0.469136             0.509091                 0.65             0.731959   0.118411
response_rate_issue_opened                                      float64     16                            1.0                  1.0                  1.0                  1.0                  1.0                  1.0        0.0
response_rate_pull_request_opened                               float64     18                        0.69297                0.375             0.518519             0.661932             0.944444                  1.0   0.228506
response_rate_pull_request_review_comment                       float64     18                       0.277053                  0.2               0.2475             0.277321              0.29274             0.371429   0.042808
mean_days_to_respond_issue_comment                              float64     21                     120.306116            17.994402            72.128385           129.090476           145.657597           264.119772  62.242857
mean_days_to_respond_pull_request_comment                       float64     21                      28.792085             2.607361            19.186792            30.374493             36.92649            56.112744  12.951562
mean_days_to_respond_to_last_comment                            float64     21                      130.11652            29.630344            65.919768           129.114861           186.420793           242.671236  69.822934
mean_days_to_respond_issue_opened                               float64     16                      46.770278             0.091412            29.850765            35.040621            87.874401             91.01563  33.273957
mean_days_to_respond_pull_request_opened                        float64     18                      24.940984             2.435185             3.839929            24.466589            26.296783           118.160104  28.130874
mean_days_to_respond_pull_request_review_comment                float64     18                       9.550113              0.54103             1.971784             8.847492            10.830653            46.282171  10.883963
issue_comment_pos_sentiment_avg                                 float64     21                       0.121352             0.100418             0.111118             0.123494             0.132918             0.136157   0.012858
issue_comment_neg_sentiment_avg                                 float64     21                       0.035551             0.028435              0.03246             0.034912              0.03974             0.040987   0.004002
issue_comment_ov_sentiment_avg                                  float64     21                       0.133215             0.077016              0.12771             0.138841             0.148072             0.156912   0.018923
issue_opened_pos_sentiment_avg                                  float64     21                       0.086919             0.067224             0.082765             0.088068             0.092519             0.103165   0.007795
issue_opened_neg_sentiment_avg                                  float64     21                       0.043094             0.031786             0.038836             0.045711             0.047143             0.052438   0.006136
issue_opened_ov_sentiment_avg                                   float64     21                       0.089406             0.059334             0.080724              0.08971             0.100271             0.116072   0.015585
pull_request_comment_pos_sentiment_avg                          float64     21                       0.214866                  0.0             0.160075             0.198544             0.273714             0.330194   0.077971
pull_request_comment_neg_sentiment_avg                          float64     21                       0.030891             0.016947             0.028231             0.031294             0.033573               0.0424   0.006614
pull_request_comment_ov_sentiment_avg                           float64     21                         0.1788             -0.10846             0.154574             0.201499             0.213924             0.241142   0.073228
pull_request_opened_pos_sentiment_avg                           float64     21                       0.050507              0.01925              0.03759             0.051779             0.061439              0.07744   0.015229
pull_request_opened_neg_sentiment_avg                           float64     21                        0.17637             0.125211             0.159528             0.168682             0.178626             0.354504   0.044956
pull_request_opened_ov_sentiment_avg                            float64     21                      -0.042859            -0.234225            -0.044731            -0.034483            -0.002447             0.025256   0.056653
pull_request_review_comment_pos_sentiment_avg                   float64     18                       0.138308             0.069987             0.120012             0.131785             0.159124             0.207937   0.030682
pull_request_review_comment_neg_sentiment_avg                   float64     18                       0.039186             0.028727             0.032718             0.035641             0.046883             0.061218   0.009566
pull_request_review_comment_ov_sentiment_avg                    float64     18                       0.102995             0.059831             0.094236             0.104415             0.110675             0.160031   0.021467
pull_request_review_approved_pos_sentiment_avg                  float64     10                       0.363375             0.263973             0.284276             0.333663             0.422822             0.505764   0.093448
pull_request_review_approved_neg_sentiment_avg                  float64     10                       0.002922             0.000464             0.000963             0.002936             0.004418             0.006487   0.002113
pull_request_review_approved_ov_sentiment_avg                   float64     10                       0.350104             0.247446             0.255392              0.30246             0.459885             0.506171   0.110795
pull_request_review_commented_pos_sentiment_avg                 float64     10                       0.168362             0.096005             0.139241             0.163374             0.204278               0.2384   0.043432
pull_request_review_commented_neg_sentiment_avg                 float64     10                        0.04394             0.028529             0.037747             0.046817             0.051113             0.058366   0.010054
pull_request_review_commented_ov_sentiment_avg                  float64     10                       0.208958             0.051562             0.141705             0.194881             0.276864             0.343443   0.098023
pull_request_review_changes_requested_pos_sentiment_avg         float64      6                       0.053222             0.049667             0.049667             0.049667             0.049667                0.071   0.008709
pull_request_review_changes_requested_neg_sentiment_avg         float64      6                       0.051111             0.041333             0.041333             0.041333             0.041333                  0.1   0.023951
pull_request_review_changes_requested_ov_sentiment_avg          float64      6                       0.197339              -0.0498             0.246767             0.246767             0.246767             0.246767   0.121073
pct_merged_with_approved                                        float64     10                       0.410072             0.181818             0.284553             0.418822             0.546758             0.584906   0.145761
pct_merged_with_review                                          float64     10                       0.428097             0.181818             0.302846             0.441331             0.566729             0.603774   0.149692
avg_pull_request_comment_count                                  float64     21                       1.583242                  1.0             1.522727             1.642857             1.780488                  2.0   0.287194
avg_all_disc_count                                              float64     21                       3.100751                  1.0             1.935484             2.278481             3.591549             6.309859   1.738343
avg_pull_request_review_comment_count                           float64     18                       0.963556             0.147059             0.467563             0.760319             1.497906             1.971831   0.622015
avg_pull_request_review_count                                   float64     10                       1.452368             0.296296             0.818955             1.535195             2.187382             2.338028   0.795538
avg_pull_request_comment_exclude_opener_count                   float64     21                       1.291604             0.870968             1.133333             1.311111                  1.5             1.764706   0.240863
avg_all_disc_exclude_opener_count                               float64     21                       2.395728                  1.0             1.915254             2.083333             2.758065             3.833333   0.848795
avg_pull_request_review_comment_exclude_opener_count            float64     18                       0.695755             0.147059             0.419084             0.695191             0.923624             1.142857   0.302773
avg_pull_request_review_exclude_opener_count                    float64     10                         1.0663             0.285714             0.745968             1.148102             1.513889             1.533333    0.47089
clustering_coefficient                                          float64     21                       0.124763                  0.0                  0.0              0.09217             0.259625               0.3667    0.13511

