File: drive/output/derived/org_outcomes_practices/repo_discussion_quality/important_degree_z2/rolling5/fdemmer___django-weasyprint.parquet

MD5 hash: 04310385dda2590355248c40988de25b

Keys: time_period 

                                                                   type  count                           mean                  min                  25%                  50%                  75%                  max       std
time_period                                              datetime64[ns]     17  2020-12-20 04:14:07.058823424  2016-07-01 00:00:00  2019-01-01 00:00:00  2021-01-01 00:00:00  2023-01-01 00:00:00  2025-01-01 00:00:00          
response_rate                                                   float64      6                       0.403535                  0.0             0.263636             0.477273                0.575             0.666667  0.254563
mean_days_to_respond                                            float64      5                        2.26726              0.27298             1.463933             2.088542             3.132407             4.378438   1.57003
pos_sentiment_avg                                               float64     15                       0.151878               0.0635             0.127527             0.154344             0.196936             0.217769  0.049985
neg_sentiment_avg                                               float64     15                       0.145195             0.064472             0.096241             0.107472             0.159467              0.38725  0.093534
ov_sentiment_avg                                                float64     15                       0.072725            -0.059687              0.03893              0.07913             0.105873             0.177986  0.066433
response_rate_pull_request_comment                              float64      6                       0.408333                  0.0                0.275                  0.5                  0.5                 0.75  0.265361
response_rate_pull_request_opened                               float64      4                            1.0                  1.0                  1.0                  1.0                  1.0                  1.0       0.0
response_rate_pull_request_review_comment                       float64      2                            0.0                  0.0                  0.0                  0.0                  0.0                  0.0       0.0
mean_days_to_respond_pull_request_comment                       float64      5                       2.508758             0.075085             1.522207             2.189624             4.378438             4.378438  1.870113
mean_days_to_respond_to_last_comment                            float64      5                       2.263446             0.094554             1.522207             2.189624             3.132407             4.378438  1.619202
mean_days_to_respond_pull_request_opened                        float64      4                       1.503986             0.866667             1.249058              1.63145             1.886377             1.886377  0.488149
pull_request_comment_pos_sentiment_avg                          float64     15                       0.252394             0.110313             0.185461             0.283177             0.306625             0.380929   0.08815
pull_request_comment_neg_sentiment_avg                          float64     15                       0.047461             0.003571               0.0125             0.050268              0.07262               0.1007  0.035205
pull_request_comment_ov_sentiment_avg                           float64     15                       0.187175            -0.042053             0.134401             0.176625             0.260985             0.307364  0.097292
pull_request_opened_pos_sentiment_avg                           float64     15                        0.04076                  0.0             0.029687             0.038615             0.056144             0.072678  0.018797
pull_request_opened_neg_sentiment_avg                           float64     15                       0.250306             0.100125             0.133115             0.177833             0.285841                0.762  0.188232
pull_request_opened_ov_sentiment_avg                            float64     15                       -0.05447               -0.296            -0.061158            -0.030881            -0.017609              0.02621   0.07845
pull_request_review_approved_pos_sentiment_avg                  float64      4                            1.0                  1.0                  1.0                  1.0                  1.0                  1.0       0.0
pull_request_review_approved_neg_sentiment_avg                  float64      4                            0.0                  0.0                  0.0                  0.0                  0.0                  0.0       0.0
pull_request_review_approved_ov_sentiment_avg                   float64      4                         0.4404               0.4404               0.4404               0.4404               0.4404               0.4404       0.0
pull_request_review_comment_pos_sentiment_avg                   float64      6                       0.147051             0.095875             0.115066             0.172639             0.172639             0.172639  0.039641
pull_request_review_comment_neg_sentiment_avg                   float64      6                       0.045833             0.020167             0.020167             0.020167             0.077917             0.097167  0.039763
pull_request_review_comment_ov_sentiment_avg                    float64      6                       0.225052            -0.010054             0.078111             0.342606             0.342606             0.342606  0.182113
pull_request_review_changes_requested_pos_sentiment_avg         float64      2                       0.176889             0.176889             0.176889             0.176889             0.176889             0.176889       0.0
pull_request_review_changes_requested_neg_sentiment_avg         float64      2                            0.0                  0.0                  0.0                  0.0                  0.0                  0.0       0.0
pull_request_review_changes_requested_ov_sentiment_avg          float64      2                         0.2802               0.2802               0.2802               0.2802               0.2802               0.2802       0.0
pct_merged_with_approved                                        float64      2                       0.333333             0.333333             0.333333             0.333333             0.333333             0.333333       0.0
pct_merged_with_review                                          float64      2                       0.333333             0.333333             0.333333             0.333333             0.333333             0.333333       0.0
avg_pull_request_comment_count                                  float64      6                       1.244444                  0.8                  1.0                  1.0                1.125                  2.5  0.625981
avg_all_disc_count                                              float64      6                       2.194444                  1.0                  1.0                  1.0                 2.25                  6.5   2.21213
avg_pull_request_review_count                                   float64      3                       1.233333                  0.2                  0.6                  1.0                 1.75                  2.5  1.167619
avg_pull_request_review_comment_count                           float64      2                            1.0                  0.5                 0.75                  1.0                 1.25                  1.5  0.707107
avg_pull_request_comment_exclude_opener_count                   float64      6                       1.133333                  0.8                  1.0                  1.0                  1.0                  2.0  0.432049
avg_all_disc_exclude_opener_count                               float64      6                       1.861111                  1.0                  1.0                  1.0                1.875                  5.0  1.606987
avg_pull_request_review_exclude_opener_count                    float64      3                       1.011111                  0.2             0.516667             0.833333             1.416667                  2.0  0.913074
avg_pull_request_review_comment_exclude_opener_count            float64      2                       0.666667             0.333333                  0.5             0.666667             0.833333                  1.0  0.471405
clustering_coefficient                                          float64     15                       0.066628                  0.0                  0.0                  0.0             0.181712              0.22714  0.098436

