File: drive/output/derived/org_outcomes_practices/repo_discussion_quality/important_degree_z2/rolling5/finos___tracdap.parquet

MD5 hash: 67e7032f157148dde214773a18ab807a

Keys: time_period 

                                                                   type  count                 mean                  min                  25%                  50%                  75%                  max       std
time_period                                              datetime64[ns]     10  2022-10-01 04:48:00  2020-07-01 00:00:00  2021-08-16 00:00:00  2022-10-01 00:00:00  2023-11-16 00:00:00  2025-01-01 00:00:00          
response_rate                                                   float64      3             0.300366             0.285714             0.296703             0.307692             0.307692             0.307692  0.012689
mean_days_to_respond                                            float64      3             0.297182             0.297182             0.297182             0.297182             0.297182             0.297182       0.0
pos_sentiment_avg                                               float64     10             0.024192             0.011403             0.020697             0.026472             0.027376             0.037275   0.00738
neg_sentiment_avg                                               float64     10             0.362331             0.326264             0.348767             0.355978             0.383319             0.400643  0.024952
ov_sentiment_avg                                                float64     10             -0.16928            -0.203432            -0.178679            -0.166811            -0.161556            -0.129377  0.020577
response_rate_pull_request_comment                              float64      3                  0.0                  0.0                  0.0                  0.0                  0.0                  0.0       0.0
response_rate_pull_request_opened                               float64      3             0.353535             0.333333             0.348485             0.363636             0.363636             0.363636  0.017495
mean_days_to_respond_pull_request_opened                        float64      3             0.297182             0.297182             0.297182             0.297182             0.297182             0.297182       0.0
mean_days_to_respond_to_last_comment                            float64      3             0.297182             0.297182             0.297182             0.297182             0.297182             0.297182       0.0
pull_request_opened_pos_sentiment_avg                           float64     10              0.01357             0.005833             0.011607             0.014003             0.015571             0.019118  0.003696
pull_request_opened_neg_sentiment_avg                           float64     10             0.392986              0.35924             0.374949             0.389816             0.400855               0.4585  0.028775
pull_request_opened_ov_sentiment_avg                            float64     10            -0.199656            -0.241148            -0.206214            -0.198209            -0.188049             -0.17173  0.019818
pull_request_review_comment_pos_sentiment_avg                   float64      9             0.211693             0.118833             0.118833             0.250792             0.294778             0.294778  0.089186
pull_request_review_comment_neg_sentiment_avg                   float64      9                  0.0                  0.0                  0.0                  0.0                  0.0                  0.0       0.0
pull_request_review_comment_ov_sentiment_avg                    float64      9             0.219897             0.189456             0.189456             0.232714             0.247133             0.247133  0.029237
pull_request_comment_pos_sentiment_avg                          float64      6             0.079229             0.049833             0.082496             0.082496             0.082496             0.095561   0.01532
pull_request_comment_neg_sentiment_avg                          float64      6             0.049337             0.005727             0.040615             0.040615             0.040615             0.127833  0.040909
pull_request_comment_ov_sentiment_avg                           float64      6             0.060248             -0.21485             0.090814             0.090814             0.090814              0.21308  0.143369
pull_request_review_changes_requested_pos_sentiment_avg         float64      5             0.053917             0.053917             0.053917             0.053917             0.053917             0.053917       0.0
pull_request_review_changes_requested_neg_sentiment_avg         float64      5                  0.0                  0.0                  0.0                  0.0                  0.0                  0.0       0.0
pull_request_review_changes_requested_ov_sentiment_avg          float64      5             0.208975             0.208975             0.208975             0.208975             0.208975             0.208975       0.0
pull_request_review_approved_pos_sentiment_avg                  float64      2                  0.0                  0.0                  0.0                  0.0                  0.0                  0.0       0.0
pull_request_review_approved_neg_sentiment_avg                  float64      2                  0.0                  0.0                  0.0                  0.0                  0.0                  0.0       0.0
pull_request_review_approved_ov_sentiment_avg                   float64      2                  0.0                  0.0                  0.0                  0.0                  0.0                  0.0       0.0
pct_merged_with_approved                                        float64      2             0.042909             0.037037             0.039973             0.042909             0.045845              0.04878  0.008304
pct_merged_with_review                                          float64      2             0.042909             0.037037             0.039973             0.042909             0.045845              0.04878  0.008304
avg_pull_request_comment_count                                  float64      3             0.539683             0.285714             0.309524             0.333333             0.666667                  1.0  0.399357
avg_all_disc_count                                              float64      3                  1.0                  1.0                  1.0                  1.0                  1.0                  1.0       0.0
avg_pull_request_review_count                                   float64      2             0.690476             0.666667             0.678571             0.690476             0.702381             0.714286  0.033672
avg_all_disc_exclude_opener_count                               float64      2                  1.0                  1.0                  1.0                  1.0                  1.0                  1.0       0.0
avg_pull_request_review_exclude_opener_count                    float64      2                  1.0                  1.0                  1.0                  1.0                  1.0                  1.0       0.0
clustering_coefficient                                          float64      6                  0.0                  0.0                  0.0                  0.0                  0.0                  0.0       0.0

