File: drive/output/derived/org_outcomes_practices/repo_discussion_quality/important_degree_z2/rolling5/flavors___django-graphql-social-auth.parquet

MD5 hash: 8e91f0fe88a8292b43cff73dc308ff42

Keys: time_period 

                                                                type  count                           mean                  min                  25%                  50%                  75%                  max       std
time_period                                           datetime64[ns]     11  2021-08-03 17:27:16.363636480  2018-07-01 00:00:00  2019-10-01 00:00:00  2022-01-01 00:00:00  2023-04-01 12:00:00  2025-01-01 00:00:00          
response_rate                                                float64      2                            0.8                  0.6                  0.7                  0.8                  0.9                  1.0  0.282843
mean_days_to_respond                                         float64      2                      59.870123             2.935455            31.402789            59.870123            88.337458           116.804792  80.51778
pos_sentiment_avg                                            float64      6                       0.021461                  0.0                  0.0                  0.0             0.046187             0.067182  0.033294
neg_sentiment_avg                                            float64      6                       0.313252             0.096375             0.179102                0.401              0.40925                0.464  0.166267
ov_sentiment_avg                                             float64      6                       -0.20808            -0.470267            -0.318075              -0.2383            -0.044131             0.022464  0.197315
response_rate_pull_request_opened                            float64      2                            1.0                  1.0                  1.0                  1.0                  1.0                  1.0       0.0
response_rate_pull_request_review_comment                    float64      1                       0.333333             0.333333             0.333333             0.333333             0.333333             0.333333          
mean_days_to_respond_pull_request_opened                     float64      2                       58.40434             0.003889            29.204115             58.40434            87.604566           116.804792  82.59071
mean_days_to_respond_pull_request_review_comment             float64      1                       8.798588             8.798588             8.798588             8.798588             8.798588             8.798588          
mean_days_to_respond_to_last_comment                         float64      2                      59.870123             2.935455            31.402789            59.870123            88.337458           116.804792  80.51778
pull_request_comment_pos_sentiment_avg                       float64      5                            0.0                  0.0                  0.0                  0.0                  0.0                  0.0       0.0
pull_request_comment_neg_sentiment_avg                       float64      5                         0.1668                  0.0                  0.0                0.278                0.278                0.278  0.152267
pull_request_comment_ov_sentiment_avg                        float64      5                       -0.10836              -0.1806              -0.1806              -0.1806                  0.0                  0.0  0.098919
pull_request_opened_pos_sentiment_avg                        float64      6                            0.0                  0.0                  0.0                  0.0                  0.0                  0.0       0.0
pull_request_opened_neg_sentiment_avg                        float64      6                       0.414521               0.2205             0.322719               0.4715              0.51275                0.524  0.132298
pull_request_opened_ov_sentiment_avg                         float64      6                      -0.303661            -0.470267            -0.394025               -0.296             -0.21275               -0.148  0.127534
pull_request_review_comment_pos_sentiment_avg                float64      2                         0.1478               0.1478               0.1478               0.1478               0.1478               0.1478       0.0
pull_request_review_comment_neg_sentiment_avg                float64      2                         0.0108               0.0108               0.0108               0.0108               0.0108               0.0108       0.0
pull_request_review_comment_ov_sentiment_avg                 float64      2                        0.19742              0.19742              0.19742              0.19742              0.19742              0.19742       0.0
pct_merged_with_approved                                     float64      0                                                                                                                                                  
pct_merged_with_review                                       float64      0                                                                                                                                                  
avg_pull_request_review_comment_count                        float64      1                            3.0                  3.0                  3.0                  3.0                  3.0                  3.0          
avg_all_disc_count                                           float64      1                            3.0                  3.0                  3.0                  3.0                  3.0                  3.0          
avg_pull_request_review_comment_exclude_opener_count         float64      1                            3.0                  3.0                  3.0                  3.0                  3.0                  3.0          
avg_all_disc_exclude_opener_count                            float64      1                            3.0                  3.0                  3.0                  3.0                  3.0                  3.0          
clustering_coefficient                                       float64     10                            0.0                  0.0                  0.0                  0.0                  0.0                  0.0       0.0

