File: drive/output/derived/org_outcomes_practices/repo_discussion_quality/important_degree_z2/rolling5/florisvb___pynumdiff.parquet

MD5 hash: 05d9eb057d8fe90c138aa300523a20a4

Keys: time_period 

                                                         type  count                 mean                  min                  25%                  50%                  75%                  max       std
time_period                                    datetime64[ns]      9  2022-12-11 02:40:00  2020-07-01 00:00:00  2022-01-01 00:00:00  2023-01-01 00:00:00  2024-01-01 00:00:00  2025-01-01 00:00:00          
response_rate                                         float64      3              0.42826             0.411765             0.420168             0.428571             0.436508             0.444444  0.016342
mean_days_to_respond                                  float64      3             3.390284             2.938565              3.26356             3.588556             3.616144             3.643732  0.392172
pos_sentiment_avg                                     float64      8             0.162845             0.093149             0.115303             0.145752              0.21497             0.240524  0.058471
neg_sentiment_avg                                     float64      8             0.039718             0.020786             0.030151             0.044175             0.047932             0.054386  0.013471
ov_sentiment_avg                                      float64      8             0.115843             0.069261              0.09015             0.101101             0.132825             0.178729  0.041121
response_rate_issue_comment                           float64      3             0.414815             0.333333             0.388889             0.444444             0.455556             0.466667  0.071434
response_rate_pull_request_comment                    float64      2                 0.25                  0.0                0.125                 0.25                0.375                  0.5  0.353553
response_rate_issue_opened                            float64      1                  1.0                  1.0                  1.0                  1.0                  1.0                  1.0          
mean_days_to_respond_issue_comment                    float64      3             3.649862             3.588556             3.616144             3.643732             3.680516             3.717299   0.06459
mean_days_to_respond_to_last_comment                  float64      3             3.420406             2.928067             3.153277             3.378487             3.666576             3.954664  0.514581
mean_days_to_respond_issue_opened                     float64      1             5.336273             5.336273             5.336273             5.336273             5.336273             5.336273          
mean_days_to_respond_pull_request_comment             float64      1             0.571609             0.571609             0.571609             0.571609             0.571609             0.571609          
issue_comment_pos_sentiment_avg                       float64      8             0.131496             0.063601             0.124615             0.143362             0.152471             0.166741  0.038246
issue_comment_neg_sentiment_avg                       float64      8             0.029331             0.016449             0.019896             0.027038             0.041571             0.043489   0.01185
issue_comment_ov_sentiment_avg                        float64      8             0.171012              0.07842             0.156091             0.191224             0.209276             0.210657  0.052305
issue_opened_pos_sentiment_avg                        float64      8             0.114214             0.028153             0.036377              0.04927             0.123141             0.333333  0.135584
issue_opened_neg_sentiment_avg                        float64      8              0.03267                  0.0             0.027137             0.036304             0.036667             0.078752  0.024881
issue_opened_ov_sentiment_avg                         float64      8              0.02184            -0.037915            -0.034513            -0.023582             0.064819               0.1468   0.08105
pull_request_opened_pos_sentiment_avg                 float64      6             0.023675                  0.0             0.005375               0.0215             0.037625             0.056049  0.022592
pull_request_opened_neg_sentiment_avg                 float64      6             0.290085               0.0459              0.12877              0.28495             0.464238                0.524  0.207191
pull_request_opened_ov_sentiment_avg                  float64      6            -0.146833               -0.296             -0.25908             -0.14832             -0.03756             0.008285  0.134119
pull_request_comment_pos_sentiment_avg                float64      4              0.48132              0.23388              0.48132               0.5638               0.5638               0.5638   0.16496
pull_request_comment_neg_sentiment_avg                float64      4             0.013663             0.010467             0.010467             0.010467             0.013663              0.02325  0.006392
pull_request_comment_ov_sentiment_avg                 float64      4             0.204939             0.091917             0.204939             0.242613             0.242613             0.242613  0.075348
pull_request_review_comment_pos_sentiment_avg         float64      1             0.095361             0.095361             0.095361             0.095361             0.095361             0.095361          
pull_request_review_comment_neg_sentiment_avg         float64      1             0.042022             0.042022             0.042022             0.042022             0.042022             0.042022          
pull_request_review_comment_ov_sentiment_avg          float64      1             0.096192             0.096192             0.096192             0.096192             0.096192             0.096192          
pct_merged_with_approved                              float64      3                  0.0                  0.0                  0.0                  0.0                  0.0                  0.0       0.0
pct_merged_with_review                                float64      3             0.044444                  0.0                  0.0                  0.0             0.066667             0.133333   0.07698
avg_all_disc_count                                    float64      2             4.318182                  2.0             3.159091             4.318182             5.477273             6.636364  3.278404
avg_pull_request_comment_count                        float64      2             1.772727             1.545455             1.659091             1.772727             1.886364                  2.0  0.321412
avg_pull_request_review_count                         float64      1             2.545455             2.545455             2.545455             2.545455             2.545455             2.545455          
avg_pull_request_review_comment_count                 float64      1             2.545455             2.545455             2.545455             2.545455             2.545455             2.545455          
avg_all_disc_exclude_opener_count                     float64      2                 1.75                  1.5                1.625                 1.75                1.875                  2.0  0.353553
avg_pull_request_comment_exclude_opener_count         float64      2                 1.75                  1.5                1.625                 1.75                1.875                  2.0  0.353553
clustering_coefficient                                float64      7                  0.0                  0.0                  0.0                  0.0                  0.0                  0.0       0.0

