File: drive/output/derived/org_outcomes_practices/repo_discussion_quality/important_degree_z2/rolling5/google-research___bert.parquet

MD5 hash: a70b69637646fba4221cac42e8b72546

Keys: time_period 

                                                           type  count                           mean                  min                  25%                  50%                  75%                  max        std
time_period                                      datetime64[ns]     14  2021-09-30 20:34:17.142857216  2018-07-01 00:00:00  2020-02-15 12:00:00  2021-10-01 00:00:00  2023-05-16 18:00:00  2025-01-01 00:00:00           
response_rate                                           float64     14                        0.69971             0.454545             0.606339              0.75375             0.810519             0.833333   0.139498
mean_days_to_respond                                    float64     14                       57.89776            23.594484            27.679119            39.413463            90.653616           122.990006  34.551007
pos_sentiment_avg                                       float64     14                        0.10047             0.069749              0.09786             0.105606             0.107004             0.115188   0.011691
neg_sentiment_avg                                       float64     14                       0.042362             0.032756             0.037539             0.038126             0.040248             0.064946   0.010156
ov_sentiment_avg                                        float64     14                       0.080482             0.032026             0.073843             0.084895             0.089483             0.109326   0.018317
response_rate_issue_comment                             float64     14                       0.730818             0.473684              0.61493             0.753156             0.806883                  1.0   0.161452
response_rate_issue_opened                              float64     13                            1.0                  1.0                  1.0                  1.0                  1.0                  1.0        0.0
response_rate_pull_request_comment                      float64     14                       0.335714                  0.0                 0.05                 0.35             0.608333             0.666667   0.272729
response_rate_pull_request_opened                       float64      8                            1.0                  1.0                  1.0                  1.0                  1.0                  1.0        0.0
response_rate_pull_request_review_comment               float64      5                            0.0                  0.0                  0.0                  0.0                  0.0                  0.0        0.0
mean_days_to_respond_issue_comment                      float64     14                      62.034516            23.985353            31.433906            40.419726            97.169999           135.191172  37.629491
mean_days_to_respond_issue_opened                       float64     13                      18.674917             0.161898            13.179514            21.210888            25.152234            31.613129   8.679952
mean_days_to_respond_pull_request_comment               float64     10                      17.574991             0.003426             2.744476            24.076042             25.90877            36.532357  13.637576
mean_days_to_respond_to_last_comment                    float64     14                      79.354374            28.637884             46.70456            71.283144            113.68819           125.466843   37.78443
mean_days_to_respond_pull_request_opened                float64      8                      72.668848             0.000046             0.000059            83.050108            83.050108           249.150197   82.30519
issue_comment_pos_sentiment_avg                         float64     14                       0.105199             0.077893             0.105215             0.107952             0.110977             0.119482   0.011061
issue_comment_neg_sentiment_avg                         float64     14                       0.034808             0.026483             0.030475             0.033343             0.035335             0.049557   0.006731
issue_comment_ov_sentiment_avg                          float64     14                       0.087074             0.031241             0.078986              0.09415              0.09834             0.122424   0.023498
issue_opened_pos_sentiment_avg                          float64     14                       0.100693             0.063374             0.092056             0.106228             0.107468             0.115568   0.014371
issue_opened_neg_sentiment_avg                          float64     14                       0.023435             0.017092             0.020218             0.024489             0.026173             0.027887   0.003637
issue_opened_ov_sentiment_avg                           float64     14                       0.097098             0.077102               0.0855             0.092224             0.104959              0.14072   0.017111
pull_request_comment_pos_sentiment_avg                  float64     14                       0.076541             0.032607             0.048099             0.084682             0.098808             0.134533   0.031144
pull_request_comment_neg_sentiment_avg                  float64     14                       0.016913                  0.0             0.004093             0.020509             0.025723             0.031697   0.011722
pull_request_comment_ov_sentiment_avg                   float64     14                       0.111879             0.021165             0.089949             0.113637             0.130295             0.209058   0.051688
pull_request_opened_pos_sentiment_avg                   float64     14                       0.042595             0.011836             0.034767             0.039613             0.050275             0.081525   0.019213
pull_request_opened_neg_sentiment_avg                   float64     14                       0.194443             0.133759             0.183707             0.196189             0.212311               0.2367   0.028501
pull_request_opened_ov_sentiment_avg                    float64     14                      -0.073977            -0.140468            -0.094401            -0.074667            -0.059629            -0.005048   0.036772
pull_request_review_comment_pos_sentiment_avg           float64      8                       0.135588             0.116067               0.1296              0.13444              0.13928                0.162   0.012985
pull_request_review_comment_neg_sentiment_avg           float64      8                       0.010656                0.008               0.0096               0.0105               0.0114              0.01425   0.001827
pull_request_review_comment_ov_sentiment_avg            float64      8                       0.129796             0.087108             0.104529             0.127285              0.15004              0.18755    0.03222
pull_request_review_commented_pos_sentiment_avg         float64      5                            1.0                  1.0                  1.0                  1.0                  1.0                  1.0        0.0
pull_request_review_commented_neg_sentiment_avg         float64      5                            0.0                  0.0                  0.0                  0.0                  0.0                  0.0        0.0
pull_request_review_commented_ov_sentiment_avg          float64      5                         0.4404               0.4404               0.4404               0.4404               0.4404               0.4404        0.0
pct_merged_with_approved                                float64      0                                                                                                                                                   
pct_merged_with_review                                  float64      0                                                                                                                                                   
avg_pull_request_comment_count                          float64     14                        1.29628                  1.0                  1.0             1.394286             1.535965             1.558824   0.249553
avg_all_disc_count                                      float64     14                       1.322651                  1.0             1.076923             1.414286             1.547193             1.573529   0.234976
avg_pull_request_review_comment_count                   float64      5                       0.012193             0.010204             0.010526             0.012195             0.013333             0.014706   0.001894
avg_pull_request_review_count                           float64      5                       0.061645                 0.04             0.055556             0.058824             0.076923             0.076923   0.015656
avg_pull_request_comment_exclude_opener_count           float64     14                       1.294271                  1.0                  1.0             1.394286             1.530693             1.552239   0.247411
avg_all_disc_exclude_opener_count                       float64     14                       1.316288                  1.0             1.076923             1.414286             1.530693             1.552239   0.228222
avg_pull_request_review_exclude_opener_count            float64      5                       0.061645                 0.04             0.055556             0.058824             0.076923             0.076923   0.015656
clustering_coefficient                                  float64     14                       0.023797                  0.0                  0.0                  0.0             0.006206             0.296075   0.078517

