File: drive/output/derived/org_outcomes_practices/repo_discussion_quality/important_degree_z2/rolling5/googleads___google-ads-python.parquet

MD5 hash: e7df7c364e6541dd60558765a6efa58d

Keys: time_period 

                                                                   type  count                           mean                  min                  25%                  50%                  75%                  max         std
time_period                                              datetime64[ns]     14  2021-09-30 20:34:17.142857216  2018-07-01 00:00:00  2020-02-15 12:00:00  2021-10-01 00:00:00  2023-05-16 18:00:00  2025-01-01 00:00:00            
response_rate                                                   float64     14                       0.325188             0.066667             0.317234             0.343065             0.376063             0.383701     0.08088
mean_days_to_respond                                            float64     14                      15.096287             2.533947            12.819055            15.853478            18.072538            24.680223    5.142556
pos_sentiment_avg                                               float64     14                       0.103132             0.082938             0.088895             0.099492             0.119592             0.123391     0.01607
neg_sentiment_avg                                               float64     14                       0.046585             0.038342             0.042085              0.04796             0.048965             0.058102    0.005429
ov_sentiment_avg                                                float64     14                       0.093876             0.065505             0.074859             0.099946             0.107911             0.121186    0.020242
response_rate_issue_comment                                     float64     14                       0.472216                  0.0             0.411025             0.507104             0.579974             0.633621    0.161246
response_rate_pull_request_opened                               float64     14                       0.113725                  0.0             0.032343             0.074078             0.186607             0.333333    0.110854
response_rate_pull_request_review_comment                       float64     14                       0.221861                 0.08             0.170455             0.228545             0.285417             0.336788    0.074098
response_rate_issue_opened                                      float64     10                            1.0                  1.0                  1.0                  1.0                  1.0                  1.0         0.0
response_rate_pull_request_comment                              float64     13                       0.355219             0.272727             0.294118             0.357143                0.375             0.545455    0.074496
mean_days_to_respond_pull_request_review_comment                float64     14                       3.111042             0.407148             1.419314             2.353907             2.669394            17.157411    4.175804
mean_days_to_respond_to_last_comment                            float64     14                      19.707845             2.533947            16.133002            21.419637            22.507356            34.535506    7.214605
mean_days_to_respond_issue_comment                              float64     13                      19.754625             8.153335             14.05879            19.410732            26.553883            30.140276    7.238844
mean_days_to_respond_issue_opened                               float64     10                     161.278945             0.033044            26.482049           127.127425           245.868623           527.523542  163.489095
mean_days_to_respond_pull_request_comment                       float64     13                       1.621596             0.116674             0.324518              0.94117             3.017961             4.298094    1.454446
mean_days_to_respond_pull_request_opened                        float64     12                      25.359853             0.048499             0.229845             0.447461            67.250266            67.250266    32.34031
issue_comment_pos_sentiment_avg                                 float64     14                       0.123648             0.110442             0.119227             0.124751              0.12918             0.131933      0.0066
issue_comment_neg_sentiment_avg                                 float64     14                        0.03103             0.025856             0.027612             0.030677             0.033176             0.038982     0.00397
issue_comment_ov_sentiment_avg                                  float64     14                        0.14516             0.121735             0.137121             0.143626              0.15604             0.173943    0.015596
issue_opened_pos_sentiment_avg                                  float64     14                       0.088651             0.075642              0.07916              0.08719             0.090837             0.134844    0.014902
issue_opened_neg_sentiment_avg                                  float64     14                       0.027674                0.023             0.025161              0.02692             0.030275             0.033363    0.003347
issue_opened_ov_sentiment_avg                                   float64     14                       0.093702             0.076442             0.080175             0.083993             0.088246             0.207059    0.033319
pull_request_comment_pos_sentiment_avg                          float64     14                       0.125274             0.092697             0.100981               0.1153             0.126506                0.281     0.04693
pull_request_comment_neg_sentiment_avg                          float64     14                       0.019554                  0.0             0.016368             0.020745             0.022295             0.041013    0.009258
pull_request_comment_ov_sentiment_avg                           float64     14                       0.138838             0.083779              0.11254             0.118081             0.135466              0.32135     0.06002
pull_request_opened_pos_sentiment_avg                           float64     14                       0.034848             0.022884             0.024405             0.033177             0.045038             0.053813    0.011188
pull_request_opened_neg_sentiment_avg                           float64     14                        0.25047             0.170637             0.220775             0.255081             0.261599             0.374286    0.056331
pull_request_opened_ov_sentiment_avg                            float64     14                      -0.091895            -0.154014            -0.111261            -0.099782            -0.072083            -0.025532    0.040185
pull_request_review_comment_pos_sentiment_avg                   float64     14                        0.12311             0.060857             0.065774             0.076031             0.193995             0.237476    0.070629
pull_request_review_comment_neg_sentiment_avg                   float64     14                       0.023646             0.015248             0.018485             0.021743             0.029038             0.032002    0.005898
pull_request_review_comment_ov_sentiment_avg                    float64     14                       0.086533             0.037071             0.050009             0.082552             0.117603             0.146554    0.038845
pull_request_review_approved_pos_sentiment_avg                  float64     10                       0.151537              0.03762             0.068873             0.139705             0.229675             0.271033     0.09184
pull_request_review_approved_neg_sentiment_avg                  float64     10                       0.011074             0.001167             0.005814             0.006882             0.016067             0.030125    0.009766
pull_request_review_approved_ov_sentiment_avg                   float64     10                       0.102215             0.024394             0.065899             0.085433             0.148362             0.190679    0.055991
pull_request_review_changes_requested_pos_sentiment_avg         float64     10                        0.15391                  0.0              0.11625              0.17128                0.204             0.223543    0.069917
pull_request_review_changes_requested_neg_sentiment_avg         float64     10                       0.016424                  0.0                  0.0             0.009314              0.03097             0.043467    0.018771
pull_request_review_changes_requested_ov_sentiment_avg          float64     10                       0.243993                  0.0             0.150261             0.272923             0.354567             0.359846    0.127408
pull_request_review_commented_pos_sentiment_avg                 float64     10                       0.150904             0.032083             0.103531             0.161863             0.176372             0.302917    0.072296
pull_request_review_commented_neg_sentiment_avg                 float64     10                       0.035387                  0.0              0.00375             0.042674             0.053822               0.0754    0.029669
pull_request_review_commented_ov_sentiment_avg                  float64     10                       0.121816               0.0301             0.067308             0.143406             0.153039             0.253692    0.068787
pull_request_review_dismissed_pos_sentiment_avg                 float64      9                       0.081556                  0.0                  0.0              0.09175               0.1835               0.1835     0.08514
pull_request_review_dismissed_neg_sentiment_avg                 float64      9                            0.0                  0.0                  0.0                  0.0                  0.0                  0.0         0.0
pull_request_review_dismissed_ov_sentiment_avg                  float64      9                       0.097867                  0.0                  0.0               0.1101               0.2202               0.2202    0.102168
pct_merged_with_approved                                        float64     10                       0.608114             0.461538             0.538538             0.619831             0.635352             0.888889    0.121411
pct_merged_with_review                                          float64     10                        0.66679             0.487179             0.602602             0.690686             0.719555             0.888889    0.119704
avg_pull_request_comment_count                                  float64     14                       0.496144             0.301075             0.361607              0.40583             0.550774                  1.0     0.20911
avg_pull_request_review_comment_count                           float64     14                       4.198358             0.607143                0.875             3.891293             7.298438                  9.0    3.243545
avg_all_disc_count                                              float64     14                       5.830334             2.357143             2.788194              6.07326             8.362336             9.333333    2.794368
avg_pull_request_review_count                                   float64     10                       1.590165             1.221053             1.407143             1.466667             1.691716             2.376344    0.327121
avg_all_disc_exclude_opener_count                               float64     13                       4.021367                  2.0                  2.5             3.842593             5.264151             6.592593    1.612894
avg_pull_request_comment_exclude_opener_count                   float64     13                       0.343913             0.241379             0.301887              0.32381             0.369231             0.529412    0.077355
avg_pull_request_review_comment_exclude_opener_count            float64     13                       2.624969             0.415385             0.769231             2.092593              4.53012             6.222222     2.05187
avg_pull_request_review_exclude_opener_count                    float64     10                        1.36823             1.120482             1.241727             1.340635             1.446047             1.862069    0.213099
clustering_coefficient                                          float64     14                            0.0                  0.0                  0.0                  0.0                  0.0                  0.0         0.0

