File: drive/output/derived/org_outcomes_practices/repo_discussion_quality/important_degree_z2/rolling5/googleapis___python-spanner-sqlalchemy.parquet

MD5 hash: bb9beea576867d49bf3c9236ce06c46b

Keys: time_period 

                                                                   type  count                 mean                  min                  25%                  50%                  75%                  max        std
time_period                                              datetime64[ns]      9  2022-12-31 13:20:00  2021-01-01 00:00:00  2022-01-01 00:00:00  2023-01-01 00:00:00  2024-01-01 00:00:00  2025-01-01 00:00:00           
response_rate                                                   float64      9             0.387298             0.279279             0.367257             0.400685             0.416667                0.465   0.061432
mean_days_to_respond                                            float64      9            12.264946             2.792758             3.488484             8.922873            20.412906            34.189226  11.158513
pos_sentiment_avg                                               float64      9             0.083737             0.074177             0.078881             0.082374             0.088161              0.09486   0.006683
neg_sentiment_avg                                               float64      9             0.074999             0.049373             0.061224             0.080794              0.08528             0.103359    0.01799
ov_sentiment_avg                                                float64      9              0.04784             0.008096             0.032154             0.041528             0.065883             0.082067   0.024307
response_rate_issue_comment                                     float64      9             0.676414                  0.5              0.65625             0.706667             0.742857             0.761905   0.087649
response_rate_pull_request_comment                              float64      9             0.544417             0.388889             0.448276             0.594595                0.625             0.733333   0.122092
response_rate_pull_request_opened                               float64      9             0.216176             0.105263             0.178571              0.22973             0.241758             0.310345   0.059957
response_rate_pull_request_review_comment                       float64      9             0.119227                  0.0             0.117647             0.159091              0.16092             0.185185   0.070636
response_rate_issue_opened                                      float64      7                  1.0                  1.0                  1.0                  1.0                  1.0                  1.0        0.0
mean_days_to_respond_issue_comment                              float64      9             3.391541             0.266806              2.95149             3.841824             3.974293              5.39256   1.592746
mean_days_to_respond_pull_request_comment                       float64      9             5.519493             0.085421             3.372096             6.083331             6.764622            11.339413   3.223459
mean_days_to_respond_pull_request_opened                        float64      9            66.739197              3.96913              4.84785            32.285036             73.18579           306.656898  98.719136
mean_days_to_respond_pull_request_review_comment                float64      7             0.144373             0.026771              0.15253             0.164625             0.169464              0.17523    0.05311
mean_days_to_respond_to_last_comment                            float64      9            15.037616             2.767465              4.40991            12.753735            27.477114            34.189226  12.491384
mean_days_to_respond_issue_opened                               float64      7             3.099755             2.718921             2.909338             3.099755             3.290173              3.48059    0.31095
issue_comment_pos_sentiment_avg                                 float64      9             0.137094              0.10452             0.119364             0.132425             0.138233             0.221019   0.033564
issue_comment_neg_sentiment_avg                                 float64      9              0.03344             0.022918             0.031318             0.032494             0.033752             0.049157    0.00684
issue_comment_ov_sentiment_avg                                  float64      9             0.120814             0.101853             0.119517             0.123554             0.124485             0.129796   0.007951
issue_opened_pos_sentiment_avg                                  float64      9             0.089694             0.038164             0.074953             0.093644             0.103884             0.120519   0.025174
issue_opened_neg_sentiment_avg                                  float64      9             0.030549             0.022933             0.025338             0.026316             0.036458             0.043862   0.007124
issue_opened_ov_sentiment_avg                                   float64      9              0.08174            -0.044043              0.08144             0.098115             0.112171             0.126548   0.052456
pull_request_comment_pos_sentiment_avg                          float64      9              0.08421             0.075047             0.079786             0.082505             0.089226             0.095929   0.006863
pull_request_comment_neg_sentiment_avg                          float64      9             0.041333             0.027154             0.029795             0.047034             0.048105             0.050032   0.009536
pull_request_comment_ov_sentiment_avg                           float64      9             0.037807             0.015351             0.019076             0.025955             0.063781             0.068698   0.022521
pull_request_opened_pos_sentiment_avg                           float64      9             0.019469             0.006307             0.010863             0.012507             0.025768             0.050871    0.01445
pull_request_opened_neg_sentiment_avg                           float64      9             0.247633             0.133606             0.146759             0.282085             0.310878             0.386995   0.095517
pull_request_opened_ov_sentiment_avg                            float64      9            -0.109659            -0.218822            -0.161637            -0.138146            -0.042618            -0.002393   0.078725
pull_request_review_approved_pos_sentiment_avg                  float64      9             0.078712             0.037944             0.065684             0.065684             0.101583              0.14715   0.033772
pull_request_review_approved_neg_sentiment_avg                  float64      9              0.01421                  0.0             0.014048             0.017353             0.018448                0.024   0.008456
pull_request_review_approved_ov_sentiment_avg                   float64      9             0.085424             0.035969             0.049384             0.049384               0.1397             0.156733   0.049618
pull_request_review_changes_requested_pos_sentiment_avg         float64      5                  0.1                  0.1                  0.1                  0.1                  0.1                  0.1        0.0
pull_request_review_changes_requested_neg_sentiment_avg         float64      5               0.0955               0.0955               0.0955               0.0955               0.0955               0.0955        0.0
pull_request_review_changes_requested_ov_sentiment_avg          float64      5               0.0129               0.0129               0.0129               0.0129               0.0129               0.0129        0.0
pull_request_review_comment_pos_sentiment_avg                   float64      9             0.085409             0.075736             0.079698             0.081901             0.083713             0.102651   0.010008
pull_request_review_comment_neg_sentiment_avg                   float64      9             0.037709             0.029337             0.034357              0.04033             0.040933             0.044935   0.004996
pull_request_review_comment_ov_sentiment_avg                    float64      9             0.073049             0.061906              0.06292              0.06384             0.075191             0.099861   0.015523
pull_request_review_commented_pos_sentiment_avg                 float64      7             0.068942                  0.0             0.064182             0.083914             0.083914             0.102485   0.035059
pull_request_review_commented_neg_sentiment_avg                 float64      7             0.019581                  0.0             0.021097             0.023219             0.023219             0.025216   0.008836
pull_request_review_commented_ov_sentiment_avg                  float64      7             0.116888                  0.0             0.096696             0.144871             0.144871             0.190213    0.06689
pct_merged_with_approved                                        float64      9             0.398487                  0.0             0.195122             0.316456             0.571429              0.76555   0.264424
pct_merged_with_review                                          float64      9              0.60504             0.511111             0.531646             0.537313             0.642857             0.784689   0.105951
avg_pull_request_comment_count                                  float64      9             0.632322             0.136929             0.366197             0.754545             0.931507             1.073171   0.348729
avg_pull_request_review_count                                   float64      9             1.176679             0.915493             0.979253             1.245455             1.317073             1.424658   0.190853
avg_pull_request_review_comment_count                           float64      9             0.647486             0.020747             0.112676             0.827273                  1.1             1.317073   0.515753
avg_all_disc_count                                              float64      9             2.456487             1.136929             1.394366             2.827273                3.425             3.707317   1.045688
avg_pull_request_comment_exclude_opener_count                   float64      9             0.449259             0.123932             0.283333             0.442623             0.606061                  1.0   0.271555
avg_pull_request_review_exclude_opener_count                    float64      9             1.038405                 0.95             0.991453                1.025              1.04918             1.176471   0.078375
avg_pull_request_review_comment_exclude_opener_count            float64      8             0.342071             0.005952             0.086512             0.317352             0.533422                  0.9   0.308655
avg_all_disc_exclude_opener_count                               float64      9             1.791727             1.123932             1.233333             1.786885              2.30303                  2.9   0.620652
clustering_coefficient                                          float64      9                  0.0                  0.0                  0.0                  0.0                  0.0                  0.0        0.0

