File: drive/output/derived/org_outcomes_practices/repo_discussion_quality/important_degree_z2/rolling5/greenbuildingregistry___usaddress-scourgify.parquet

MD5 hash: f023c1f89281e3fac526e6126395870d

Keys: time_period 

                                                            type  count                           mean                  min                  25%                  50%                  75%                  max        std
time_period                                       datetime64[ns]     14  2021-09-30 20:34:17.142857216  2018-07-01 00:00:00  2020-02-15 12:00:00  2021-10-01 00:00:00  2023-05-16 18:00:00  2025-01-01 00:00:00           
response_rate                                            float64      4                       0.354167                 0.25               0.3125             0.333333                0.375                  0.5   0.104859
mean_days_to_respond                                     float64      4                      10.313914             2.782523             2.782523             3.164153            10.695544            32.144826  14.558388
pos_sentiment_avg                                        float64     13                       0.120123                  0.0             0.111094             0.127326             0.137043              0.18723   0.042221
neg_sentiment_avg                                        float64     13                       0.104387             0.027337             0.039376             0.071103             0.113503               0.3311    0.08989
ov_sentiment_avg                                         float64     13                       0.027554             -0.22348             0.019156             0.059313             0.109077              0.12316   0.105451
response_rate_issue_comment                              float64      4                       0.320833                  0.2               0.2375             0.291667                0.375                  0.5   0.131498
response_rate_pull_request_comment                       float64      1                            0.0                  0.0                  0.0                  0.0                  0.0                  0.0           
response_rate_pull_request_opened                        float64      1                            1.0                  1.0                  1.0                  1.0                  1.0                  1.0           
response_rate_pull_request_review_comment                float64      1                            0.6                  0.6                  0.6                  0.6                  0.6                  0.6           
mean_days_to_respond_issue_comment                       float64      4                      11.776345             2.782523             2.782523             6.089016            15.082839            32.144826   13.93223
mean_days_to_respond_to_last_comment                     float64      4                      14.105228             2.782523             2.782523             3.164153            14.486858            47.310081  22.139493
mean_days_to_respond_pull_request_opened                 float64      1                       0.677153             0.677153             0.677153             0.677153             0.677153             0.677153           
mean_days_to_respond_pull_request_review_comment         float64      1                       0.602176             0.602176             0.602176             0.602176             0.602176             0.602176           
pull_request_comment_pos_sentiment_avg                   float64     12                       0.145601                  0.0             0.055846             0.100564             0.192875                 0.38   0.149105
pull_request_comment_neg_sentiment_avg                   float64     12                       0.073593             0.011067             0.017767              0.04175             0.109375                0.177   0.067469
pull_request_comment_ov_sentiment_avg                    float64     12                       0.160995              -0.1147             0.017025             0.145009               0.4122              0.48255   0.221877
pull_request_opened_pos_sentiment_avg                    float64     13                        0.05824                  0.0              0.01528             0.044349             0.092417               0.2315   0.062082
pull_request_opened_neg_sentiment_avg                    float64     13                       0.241555             0.012381              0.12575              0.26819              0.33955                0.524   0.155886
pull_request_opened_ov_sentiment_avg                     float64     13                      -0.069527               -0.296             -0.12427            -0.007504             0.024925             0.077525    0.12732
issue_comment_pos_sentiment_avg                          float64     12                       0.244553             0.105971             0.178429             0.200426             0.231787                  0.5   0.125661
issue_comment_neg_sentiment_avg                          float64     12                       0.030147                  0.0             0.026815              0.02943             0.038368             0.051773    0.01686
issue_comment_ov_sentiment_avg                           float64     12                       0.108639             0.055994             0.077807             0.090595             0.107586               0.2202   0.057108
issue_opened_pos_sentiment_avg                           float64     12                       0.132734              0.04665             0.060913             0.124657             0.188492               0.2702   0.075249
issue_opened_neg_sentiment_avg                           float64     12                       0.025095                  0.0             0.013945               0.0293              0.03395             0.053533    0.01564
issue_opened_ov_sentiment_avg                            float64     12                       0.096828            -0.040652            -0.011452             0.094365             0.178327             0.292674   0.117642
pull_request_review_comment_pos_sentiment_avg            float64      3                       0.073509             0.073509             0.073509             0.073509             0.073509             0.073509        0.0
pull_request_review_comment_neg_sentiment_avg            float64      3                       0.055093             0.055093             0.055093             0.055093             0.055093             0.055093        0.0
pull_request_review_comment_ov_sentiment_avg             float64      3                       0.186566             0.186566             0.186566             0.186566             0.186566             0.186566        0.0
pull_request_review_commented_pos_sentiment_avg          float64      3                            0.0                  0.0                  0.0                  0.0                  0.0                  0.0        0.0
pull_request_review_commented_neg_sentiment_avg          float64      3                            0.0                  0.0                  0.0                  0.0                  0.0                  0.0        0.0
pull_request_review_commented_ov_sentiment_avg           float64      3                            0.0                  0.0                  0.0                  0.0                  0.0                  0.0        0.0
pct_merged_with_approved                                 float64      2                            0.0                  0.0                  0.0                  0.0                  0.0                  0.0        0.0
pct_merged_with_review                                   float64      2                           0.25                  0.0                0.125                 0.25                0.375                  0.5   0.353553
avg_all_disc_count                                       float64      2                            3.0                  1.0                  2.0                  3.0                  4.0                  5.0   2.828427
avg_pull_request_comment_count                           float64      2                       1.166667                  1.0             1.083333             1.166667                 1.25             1.333333   0.235702
avg_pull_request_review_count                            float64      1                            2.0                  2.0                  2.0                  2.0                  2.0                  2.0           
avg_pull_request_review_comment_count                    float64      1                       1.666667             1.666667             1.666667             1.666667             1.666667             1.666667           
avg_all_disc_exclude_opener_count                        float64      1                            1.0                  1.0                  1.0                  1.0                  1.0                  1.0           
avg_pull_request_comment_exclude_opener_count            float64      1                            1.0                  1.0                  1.0                  1.0                  1.0                  1.0           
clustering_coefficient                                   float64     11                            0.0                  0.0                  0.0                  0.0                  0.0                  0.0        0.0

