File: drive/output/derived/org_outcomes_practices/repo_discussion_quality/important_degree_z2/rolling5/halcy___mastodon.py.parquet

MD5 hash: 7e370c5aa26ebe3c5cf51bc1b99107b0

Keys: time_period 

                                                                type  count                 mean                  min                  25%                  50%                  75%                  max        std
time_period                                           datetime64[ns]     18  2020-09-30 16:00:00  2016-07-01 00:00:00  2018-08-16 00:00:00  2020-10-01 00:00:00  2022-11-16 00:00:00  2025-01-01 00:00:00           
response_rate                                                float64     17             0.478719             0.371429             0.409722              0.49505             0.526316             0.666667   0.081519
mean_days_to_respond                                         float64     17               43.766             1.216854            12.876138             38.75132            65.161597           152.396871  39.560911
pos_sentiment_avg                                            float64     18              0.11979              0.08597             0.106509             0.120377             0.139329             0.144852   0.019187
neg_sentiment_avg                                            float64     18             0.049186             0.030856              0.04293             0.046032             0.052591             0.099225   0.013833
ov_sentiment_avg                                             float64     18             0.099994             0.059056             0.095416              0.09972             0.104938             0.133585   0.014821
response_rate_issue_comment                                  float64     17             0.538056             0.440678             0.493976              0.53125             0.548387             0.666667   0.068349
response_rate_issue_opened                                   float64     15                  1.0                  1.0                  1.0                  1.0                  1.0                  1.0        0.0
response_rate_pull_request_comment                           float64     17             0.283685                  0.0             0.263158             0.272727             0.333333                  0.5   0.099048
response_rate_pull_request_review_comment                    float64      5                  0.5                  0.5                  0.5                  0.5                  0.5                  0.5        0.0
response_rate_pull_request_opened                            float64      5                  1.0                  1.0                  1.0                  1.0                  1.0                  1.0        0.0
mean_days_to_respond_issue_comment                           float64     17            56.713614             1.284546            13.374898            67.951134            82.113496           152.797239  45.300313
mean_days_to_respond_issue_opened                            float64     15            59.113218             0.020289             1.332387            27.137444           146.391354           146.391354  65.235077
mean_days_to_respond_pull_request_comment                    float64     16               2.2254             0.016088             0.264255             1.359882             4.424518             6.127954   2.138681
mean_days_to_respond_pull_request_review_comment             float64      5             0.019271             0.019271             0.019271             0.019271             0.019271             0.019271        0.0
mean_days_to_respond_to_last_comment                         float64     17            58.351743             0.813544            12.785158            43.970659            96.376984           243.679519  61.703438
mean_days_to_respond_pull_request_opened                     float64      5             0.003287             0.003287             0.003287             0.003287             0.003287             0.003287        0.0
issue_comment_pos_sentiment_avg                              float64     18             0.101407             0.075557             0.095582             0.101006             0.107701             0.129356   0.014076
issue_comment_neg_sentiment_avg                              float64     18             0.041209             0.034616             0.039085             0.040614             0.041938             0.051437   0.004442
issue_comment_ov_sentiment_avg                               float64     18             0.093261              0.02413             0.082301             0.098639             0.113006             0.125344   0.027798
issue_opened_pos_sentiment_avg                               float64     18             0.079974             0.044002             0.072632             0.080346             0.092364                0.119   0.018063
issue_opened_neg_sentiment_avg                               float64     18             0.046552             0.027379             0.032387             0.037729             0.042511                0.197   0.038341
issue_opened_ov_sentiment_avg                                float64     18             0.067952             -0.10925              0.03363             0.069475             0.114572             0.167191   0.067311
pull_request_comment_pos_sentiment_avg                       float64     18             0.230842              0.15395             0.183658              0.21759             0.281187             0.300119   0.053072
pull_request_comment_neg_sentiment_avg                       float64     18             0.021505                  0.0             0.017986             0.021853             0.026943             0.041716   0.011411
pull_request_comment_ov_sentiment_avg                        float64     18             0.209203             0.116978             0.170127             0.198182             0.233628             0.418673   0.069848
pull_request_opened_pos_sentiment_avg                        float64     18             0.063576                  0.0             0.053671              0.06424              0.07944             0.114373   0.024772
pull_request_opened_neg_sentiment_avg                        float64     18             0.133661             0.017579             0.088058             0.100105             0.165072             0.349333   0.080942
pull_request_opened_ov_sentiment_avg                         float64     18            -0.013662            -0.197333            -0.075101             0.012098             0.053193             0.090683   0.088683
pull_request_review_comment_pos_sentiment_avg                float64     12             0.113896             0.073104             0.099738             0.130167             0.130167              0.13525   0.023674
pull_request_review_comment_neg_sentiment_avg                float64     12             0.030241                  0.0                  0.0             0.015667             0.054624             0.083842   0.033746
pull_request_review_comment_ov_sentiment_avg                 float64     12             0.058228              -0.0985            -0.004557               0.1207               0.1336               0.1336   0.093984
pull_request_review_approved_pos_sentiment_avg               float64      5                0.217                0.217                0.217                0.217                0.217                0.217        0.0
pull_request_review_approved_neg_sentiment_avg               float64      5                  0.0                  0.0                  0.0                  0.0                  0.0                  0.0        0.0
pull_request_review_approved_ov_sentiment_avg                float64      5               0.3612               0.3612               0.3612               0.3612               0.3612               0.3612        0.0
pct_merged_with_approved                                     float64      7                  0.0                  0.0                  0.0                  0.0                  0.0                  0.0        0.0
pct_merged_with_review                                       float64      7                  0.0                  0.0                  0.0                  0.0                  0.0                  0.0        0.0
avg_pull_request_comment_count                               float64     17              1.27749                  1.0             1.212121             1.256757             1.368421             1.448276   0.118897
avg_pull_request_review_comment_count                        float64      5             0.469748             0.060606             0.064516             0.075472             0.148148                  2.0   0.856178
avg_all_disc_count                                           float64     17             1.415652                1.125                 1.25             1.333333                  1.4                  3.0   0.418474
avg_pull_request_comment_exclude_opener_count                float64     17              1.27749                  1.0             1.212121             1.256757             1.368421             1.448276   0.118897
avg_pull_request_review_comment_exclude_opener_count         float64      5             0.469748             0.060606             0.064516             0.075472             0.148148                  2.0   0.856178
avg_all_disc_exclude_opener_count                            float64     17             1.415652                1.125                 1.25             1.333333                  1.4                  3.0   0.418474
clustering_coefficient                                       float64     18                  0.0                  0.0                  0.0                  0.0                  0.0                  0.0        0.0

