File: drive/output/derived/org_outcomes_practices/repo_discussion_quality/important_degree_z2/rolling5/ib-api-reloaded___ib_async.parquet

MD5 hash: 3c7af335a93efbdc1f4ff06ca7f85bbc

Keys: time_period 

                                                          type  count                 mean                  min                  25%                  50%                  75%                  max       std
time_period                                     datetime64[ns]      3  2024-07-01 16:00:00  2024-01-01 00:00:00  2024-04-01 00:00:00  2024-07-01 00:00:00  2024-10-01 00:00:00  2025-01-01 00:00:00          
response_rate                                          float64      3             0.653001             0.636364             0.640216             0.644068              0.66132             0.678571  0.022477
mean_days_to_respond                                   float64      3             8.816593             6.466626             8.039582             9.612538             9.991577            10.370615  2.070128
pos_sentiment_avg                                      float64      3             0.084065             0.075985             0.081387             0.086788             0.088105             0.089421   0.00712
neg_sentiment_avg                                      float64      3             0.038076             0.034801             0.036958             0.039115             0.039714             0.040313  0.002899
ov_sentiment_avg                                       float64      3             0.082063             0.076734             0.076854             0.076975             0.084727              0.09248  0.009022
response_rate_issue_comment                            float64      3             0.706546              0.65625             0.665082             0.673913             0.731693             0.789474  0.072359
response_rate_issue_opened                             float64      3                  1.0                  1.0                  1.0                  1.0                  1.0                  1.0       0.0
response_rate_pull_request_comment                     float64      3             0.506494             0.428571             0.487013             0.545455             0.545455             0.545455  0.067482
response_rate_pull_request_opened                      float64      3                  0.0                  0.0                  0.0                  0.0                  0.0                  0.0       0.0
mean_days_to_respond_issue_comment                     float64      3             7.436393              2.93111             6.061412             9.191715             9.689034            10.186354  3.933257
mean_days_to_respond_issue_opened                      float64      3            43.021076            43.021076            43.021076            43.021076            43.021076            43.021076       0.0
mean_days_to_respond_pull_request_comment              float64      3             8.132265             6.218702             6.218702             6.218702             9.089046             11.95939  3.314388
mean_days_to_respond_to_last_comment                   float64      3            10.378042             7.559836             9.443286            11.326736            11.787145            12.247555  2.483685
issue_comment_pos_sentiment_avg                        float64      3             0.091554             0.084561             0.088371             0.092181              0.09505             0.097919  0.006701
issue_comment_neg_sentiment_avg                        float64      3             0.030411             0.025198             0.027798             0.030399             0.033018             0.035636  0.005219
issue_comment_ov_sentiment_avg                         float64      3             0.102245             0.091945             0.097688              0.10343             0.107395              0.11136  0.009761
issue_opened_pos_sentiment_avg                         float64      3             0.055138             0.034299             0.048742             0.063184             0.065557             0.067929  0.018202
issue_opened_neg_sentiment_avg                         float64      3             0.028952             0.022453             0.024856             0.027258             0.032202             0.037145  0.007491
issue_opened_ov_sentiment_avg                          float64      3             0.043215            -0.007282             0.021246             0.049774             0.068464             0.087153  0.047558
pull_request_comment_pos_sentiment_avg                 float64      3             0.115713             0.102987             0.110956             0.118925             0.122076             0.125227  0.011463
pull_request_comment_neg_sentiment_avg                 float64      3             0.045368              0.03834             0.043243             0.048145             0.048881             0.049618   0.00613
pull_request_comment_ov_sentiment_avg                  float64      3             0.112982             0.105905             0.111124             0.116343              0.11652             0.116698  0.006131
pull_request_opened_pos_sentiment_avg                  float64      3             0.052605             0.040945             0.044945             0.048945             0.058435             0.067926  0.013858
pull_request_opened_neg_sentiment_avg                  float64      3             0.127902             0.100796             0.120552             0.140308             0.141455             0.142602  0.023502
pull_request_opened_ov_sentiment_avg                   float64      3            -0.046047            -0.053662            -0.052121             -0.05058            -0.042239            -0.033899  0.010633
pull_request_review_approved_pos_sentiment_avg         float64      3                  0.0                  0.0                  0.0                  0.0                  0.0                  0.0       0.0
pull_request_review_approved_neg_sentiment_avg         float64      3                  0.0                  0.0                  0.0                  0.0                  0.0                  0.0       0.0
pull_request_review_approved_ov_sentiment_avg          float64      3                  0.0                  0.0                  0.0                  0.0                  0.0                  0.0       0.0
pull_request_review_comment_pos_sentiment_avg          float64      3               0.1055               0.1055               0.1055               0.1055               0.1055               0.1055       0.0
pull_request_review_comment_neg_sentiment_avg          float64      3                0.017                0.017                0.017                0.017                0.017                0.017       0.0
pull_request_review_comment_ov_sentiment_avg           float64      3              0.28355              0.28355              0.28355              0.28355              0.28355              0.28355       0.0
pct_merged_with_approved                               float64      3                  0.0                  0.0                  0.0                  0.0                  0.0                  0.0       0.0
pct_merged_with_review                                 float64      3                  0.0                  0.0                  0.0                  0.0                  0.0                  0.0       0.0
avg_pull_request_comment_count                         float64      3             1.391534             1.285714             1.365079             1.444444             1.444444             1.444444  0.091643
avg_all_disc_count                                     float64      3             1.391534             1.285714             1.365079             1.444444             1.444444             1.444444  0.091643
avg_pull_request_comment_exclude_opener_count          float64      3             1.444444             1.333333             1.416667                  1.5                  1.5                  1.5  0.096225
avg_all_disc_exclude_opener_count                      float64      3             1.444444             1.333333             1.416667                  1.5                  1.5                  1.5  0.096225
clustering_coefficient                                 float64      3                  0.0                  0.0                  0.0                  0.0                  0.0                  0.0       0.0

