File: drive/output/derived/org_outcomes_practices/repo_discussion_quality/important_degree_z2/rolling5/jacksonllee___pycantonese.parquet

MD5 hash: e054579e51326d02ef8ab7af2fe70a05

Keys: time_period 

                                                           type  count                           mean                  min                  25%                  50%                  75%                  max         std
time_period                                      datetime64[ns]     11  2022-06-15 04:21:49.090909184  2019-07-01 00:00:00  2021-04-01 12:00:00  2022-07-01 00:00:00  2023-10-01 00:00:00  2025-01-01 00:00:00            
response_rate                                           float64      8                        0.54933             0.285714             0.390909             0.598398             0.691729                 0.75    0.176863
mean_days_to_respond                                    float64      8                      21.652108             0.054907             0.136381            28.821541            33.856514            44.451264   18.589284
pos_sentiment_avg                                       float64      9                       0.112903             0.094283             0.100461             0.107411             0.119383             0.160694    0.020439
neg_sentiment_avg                                       float64      9                       0.019272                  0.0              0.01341             0.024165             0.026619             0.028209    0.009635
ov_sentiment_avg                                        float64      9                       0.126282              0.08947             0.102297             0.122427              0.14954             0.178681    0.029556
response_rate_issue_comment                             float64      8                       0.543529                  0.2             0.333333             0.613003                0.725                  0.8    0.224271
response_rate_pull_request_comment                      float64      8                       0.520833                  0.5                  0.5                  0.5                  0.5             0.666667    0.058926
mean_days_to_respond_issue_comment                      float64      8                       6.427106             0.098322             0.185246             0.272888            14.576861            19.817422    8.753837
mean_days_to_respond_pull_request_comment               float64      8                     134.360061             0.011493             0.011493           179.142917           179.937396           356.685382  126.346473
mean_days_to_respond_to_last_comment                    float64      8                      21.389149             0.054907             0.073406            14.214475            36.432311            59.766092   24.755875
issue_comment_pos_sentiment_avg                         float64      9                       0.132111             0.091692             0.101532             0.115434             0.157241             0.210042    0.039813
issue_comment_neg_sentiment_avg                         float64      9                       0.010234                  0.0             0.007019              0.01305             0.013977             0.015035    0.005215
issue_comment_ov_sentiment_avg                          float64      9                       0.167477             0.101495             0.126349             0.162457             0.209137             0.242221     0.05073
issue_opened_pos_sentiment_avg                          float64      9                       0.069412             0.026292             0.057959             0.073778             0.086452             0.097106    0.021878
issue_opened_neg_sentiment_avg                          float64      9                       0.024425                  0.0             0.015539             0.027479              0.03529             0.040664    0.013072
issue_opened_ov_sentiment_avg                           float64      9                       0.035097            -0.045004            -0.005937             0.027942               0.0896             0.100364    0.052933
pull_request_comment_pos_sentiment_avg                  float64      8                        0.12122             0.075813             0.075813             0.131323             0.149688               0.1803    0.040556
pull_request_comment_neg_sentiment_avg                  float64      8                       0.052376             0.005031             0.005031              0.06776             0.084897             0.094929    0.041169
pull_request_comment_ov_sentiment_avg                   float64      8                       0.103872            -0.017764             0.011981             0.083641             0.219166             0.219166    0.103771
pull_request_opened_pos_sentiment_avg                   float64      8                       0.071022             0.046639             0.046639             0.060661             0.092303             0.122333    0.028516
pull_request_opened_neg_sentiment_avg                   float64      8                       0.001889                  0.0                  0.0             0.001193              0.00358             0.004773    0.002165
pull_request_opened_ov_sentiment_avg                    float64      8                       0.113908             0.094128             0.094128              0.10803             0.133009               0.1468    0.021098
pull_request_review_approved_pos_sentiment_avg          float64      7                       0.268464              0.19975             0.229812             0.259875                 0.32                 0.32    0.054097
pull_request_review_approved_neg_sentiment_avg          float64      7                            0.0                  0.0                  0.0                  0.0                  0.0                  0.0         0.0
pull_request_review_approved_ov_sentiment_avg           float64      7                       0.426654             0.314725             0.363694             0.412663               0.5106               0.5106    0.088118
pull_request_review_comment_pos_sentiment_avg           float64      5                         0.0625               0.0625               0.0625               0.0625               0.0625               0.0625         0.0
pull_request_review_comment_neg_sentiment_avg           float64      5                        0.04575              0.04575              0.04575              0.04575              0.04575              0.04575         0.0
pull_request_review_comment_ov_sentiment_avg            float64      5                       0.031913             0.031913             0.031913             0.031913             0.031913             0.031913         0.0
pull_request_review_commented_pos_sentiment_avg         float64      5                       0.110583             0.110583             0.110583             0.110583             0.110583             0.110583         0.0
pull_request_review_commented_neg_sentiment_avg         float64      5                       0.145479             0.145479             0.145479             0.145479             0.145479             0.145479         0.0
pull_request_review_commented_ov_sentiment_avg          float64      5                      -0.060837            -0.060837            -0.060837            -0.060837            -0.060837            -0.060837         0.0
pct_merged_with_approved                                float64      8                       0.708333                  0.0                  0.5             0.833333                  1.0                  1.0    0.364605
pct_merged_with_review                                  float64      8                       0.708333                  0.0                  0.5             0.833333                  1.0                  1.0    0.364605
avg_pull_request_comment_count                          float64      8                       1.510417             0.666667               1.3125             1.416667                  1.5                  3.0    0.661344
avg_all_disc_count                                      float64      8                       2.364583                  2.0                  2.0             2.291667                  2.5                  3.0    0.417707
avg_pull_request_review_count                           float64      7                        0.97619                  0.5                 0.75                  1.0             1.166667                  1.5    0.377964
avg_pull_request_comment_exclude_opener_count           float64      8                       1.510417             0.666667               1.3125             1.416667                  1.5                  3.0    0.661344
avg_all_disc_exclude_opener_count                       float64      8                       2.364583                  2.0                  2.0             2.291667                  2.5                  3.0    0.417707
avg_pull_request_review_exclude_opener_count            float64      7                        0.97619                  0.5                 0.75                  1.0             1.166667                  1.5    0.377964
clustering_coefficient                                  float64     10                            0.0                  0.0                  0.0                  0.0                  0.0                  0.0         0.0

