File: drive/output/derived/org_outcomes_practices/repo_discussion_quality/important_degree_z2/rolling5/jaedb___iris.parquet

MD5 hash: bc2696e2474010ac115d331eea21e34f

Keys: time_period 

                                                                   type  count                 mean                  min                  25%                  50%                  75%                  max        std
time_period                                              datetime64[ns]     18  2020-09-30 16:00:00  2016-07-01 00:00:00  2018-08-16 00:00:00  2020-10-01 00:00:00  2022-11-16 00:00:00  2025-01-01 00:00:00           
response_rate                                                   float64     17             0.642124             0.554945             0.603509             0.654185              0.68008             0.699552   0.045669
mean_days_to_respond                                            float64     17            18.114834             3.725192            16.308121            19.089302            20.975244            25.367792   5.099878
pos_sentiment_avg                                               float64     18             0.114182             0.100718             0.106997             0.108633             0.112205               0.2085   0.023814
neg_sentiment_avg                                               float64     18             0.034701                  0.0             0.031318             0.032717             0.037577             0.054025   0.011551
ov_sentiment_avg                                                float64     18             0.119739             0.079852             0.108758             0.116851             0.124122               0.2553   0.038089
response_rate_issue_comment                                     float64     17             0.651412             0.566667             0.630137             0.644028             0.688742             0.707022   0.037717
response_rate_issue_opened                                      float64     12                  1.0                  1.0                  1.0                  1.0                  1.0                  1.0        0.0
response_rate_pull_request_comment                              float64     17             0.541136                  0.0             0.545455             0.571429             0.615385             0.636364   0.147277
response_rate_pull_request_review_comment                       float64     15             0.130159                  0.0                  0.0                  0.0             0.309524                  0.5   0.198159
response_rate_pull_request_opened                               float64     12                0.625                  0.0             0.333333                  0.5                  1.0                  1.0   0.356222
mean_days_to_respond_issue_comment                              float64     17            17.272721             3.814213            15.567784             18.74386            21.148115            24.392699    6.09513
mean_days_to_respond_issue_opened                               float64     12            33.755281             0.019375             9.267271            13.504062            73.922065            84.871243   34.48583
mean_days_to_respond_to_last_comment                            float64     17             25.26007             5.153189            20.094661            27.242495            30.953165            38.388846   8.972646
mean_days_to_respond_pull_request_comment                       float64     16             3.412604              0.23429             0.513547             0.974937             4.610591            11.769142   4.304949
mean_days_to_respond_pull_request_opened                        float64     11            53.105075             1.201638             1.201638            52.281443            85.317617           129.811366  47.381898
mean_days_to_respond_pull_request_review_comment                float64      5             0.255249             0.255249             0.255249             0.255249             0.255249             0.255249        0.0
issue_opened_pos_sentiment_avg                                  float64     18             0.080932                  0.0             0.077483             0.085228             0.091195             0.110832   0.022698
issue_opened_neg_sentiment_avg                                  float64     18             0.041994                  0.0             0.027168             0.029789             0.057542             0.083953   0.024933
issue_opened_ov_sentiment_avg                                   float64     18             0.080387            -0.000817             0.020666             0.085618             0.128782             0.150161   0.056123
pull_request_opened_pos_sentiment_avg                           float64     18             0.079038             0.048871             0.053389             0.058262             0.066045                0.417   0.084631
pull_request_opened_neg_sentiment_avg                           float64     18             0.130805                  0.0             0.110684             0.119332             0.162263              0.23595   0.051876
pull_request_opened_ov_sentiment_avg                            float64     18             0.019368            -0.074415            -0.024209            -0.004884             0.012137               0.5106   0.126004
issue_comment_pos_sentiment_avg                                 float64     17             0.114806             0.108045             0.112154             0.114001             0.118206             0.121871   0.004233
issue_comment_neg_sentiment_avg                                 float64     17             0.029859             0.027384             0.028178             0.029668             0.030916             0.034048   0.002008
issue_comment_ov_sentiment_avg                                  float64     17             0.120274             0.095037             0.110756             0.118635             0.135242             0.137214   0.014021
pull_request_comment_pos_sentiment_avg                          float64     17             0.174721             0.140402              0.15966             0.165324             0.190687                0.246   0.027472
pull_request_comment_neg_sentiment_avg                          float64     17              0.02632                  0.0             0.020586             0.024617             0.031041             0.056685   0.011346
pull_request_comment_ov_sentiment_avg                           float64     17              0.18606             0.154599             0.173078             0.188398             0.194462             0.222861   0.019454
pull_request_review_comment_pos_sentiment_avg                   float64     15             0.086492                  0.0             0.041703               0.1154              0.12021               0.1516   0.055645
pull_request_review_comment_neg_sentiment_avg                   float64     15             0.015909                  0.0                  0.0                  0.0             0.038169             0.046494   0.020528
pull_request_review_comment_ov_sentiment_avg                    float64     15              0.11813                  0.0             0.039576              0.09752             0.222019              0.27784   0.098837
pull_request_review_changes_requested_pos_sentiment_avg         float64      8             0.122543               0.0865             0.117208             0.130617             0.136943             0.141646   0.022826
pull_request_review_changes_requested_neg_sentiment_avg         float64      8             0.010021                  0.0                  0.0                0.013              0.01625             0.021667    0.00872
pull_request_review_changes_requested_ov_sentiment_avg          float64      8             0.154759             0.132238             0.153875              0.15492               0.1591             0.170042   0.010557
pull_request_review_approved_pos_sentiment_avg                  float64      5               0.3825               0.3825               0.3825               0.3825               0.3825               0.3825        0.0
pull_request_review_approved_neg_sentiment_avg                  float64      5                0.063                0.063                0.063                0.063                0.063                0.063        0.0
pull_request_review_approved_ov_sentiment_avg                   float64      5               0.4629               0.4629               0.4629               0.4629               0.4629               0.4629        0.0
pull_request_review_commented_pos_sentiment_avg                 float64      2                0.246                0.246                0.246                0.246                0.246                0.246        0.0
pull_request_review_commented_neg_sentiment_avg                 float64      2                  0.0                  0.0                  0.0                  0.0                  0.0                  0.0        0.0
pull_request_review_commented_ov_sentiment_avg                  float64      2               0.2202               0.2202               0.2202               0.2202               0.2202               0.2202        0.0
pct_merged_with_approved                                        float64     10             0.020557                  0.0             0.004464             0.024527             0.032166             0.041667    0.01562
pct_merged_with_review                                          float64     10             0.107711             0.066667             0.095312             0.108747             0.117672             0.151515     0.0228
avg_pull_request_comment_count                                  float64     17             1.143539             0.714286                 0.92                  1.2             1.363636                  1.5   0.261926
avg_all_disc_count                                              float64     17             1.600035                  1.0                  1.6                 1.64             1.714286             1.857143   0.211947
avg_pull_request_review_comment_count                           float64     15             0.313952                0.125                 0.22             0.285714             0.363636             0.642857   0.134783
avg_pull_request_review_count                                   float64     10             0.305116             0.071429                 0.21             0.316364             0.408824                  0.5   0.136107
avg_pull_request_comment_exclude_opener_count                   float64     17             1.121699                 0.75             0.933333                 1.12                 1.25                  1.5   0.233959
avg_all_disc_exclude_opener_count                               float64     17             1.572758                  1.0             1.545455                  1.6             1.666667             1.916667   0.216933
avg_pull_request_review_comment_exclude_opener_count            float64     15             0.312734                0.125                 0.22             0.285714             0.361818             0.666667   0.137913
avg_pull_request_review_exclude_opener_count                    float64     10             0.297698             0.071429             0.205556                  0.3                  0.4                  0.5    0.13615
clustering_coefficient                                          float64     17                  0.0                  0.0                  0.0                  0.0                  0.0                  0.0        0.0

