File: drive/output/derived/org_outcomes_practices/repo_discussion_quality/important_degree_z2/rolling5/jpmml___jpmml-evaluator-python.parquet

MD5 hash: 7ea49e0653ac3032eb80029f49c0748b

Keys: time_period 

                                                 type  count                           mean                  min                  25%                  50%                  75%                  max       std
time_period                            datetime64[ns]     13  2021-12-31 05:32:18.461538560  2019-01-01 00:00:00  2020-07-01 00:00:00  2022-01-01 00:00:00  2023-07-01 00:00:00  2025-01-01 00:00:00          
response_rate                                 float64      4                       0.722917                  0.5                0.575               0.7375             0.885417             0.916667  0.204507
mean_days_to_respond                          float64      4                       0.339506             0.021439             0.022979             0.033497             0.350024             1.269593  0.620138
pos_sentiment_avg                             float64     11                       0.104644             0.097251             0.100388             0.103886             0.109071             0.112312  0.005283
neg_sentiment_avg                             float64     11                       0.036857             0.021495             0.034227             0.035115              0.03989             0.050711  0.007734
ov_sentiment_avg                              float64     11                       0.135294             0.102642             0.125918             0.131227             0.149665             0.158742  0.016953
response_rate_issue_comment                   float64      4                       0.711806                  0.5             0.541667             0.715278             0.885417             0.916667   0.21438
response_rate_issue_opened                    float64      1                            1.0                  1.0                  1.0                  1.0                  1.0                  1.0          
mean_days_to_respond_issue_comment            float64      4                       0.311319             0.021439             0.022979             0.033497             0.321837             1.156845  0.563772
mean_days_to_respond_to_last_comment          float64      4                       0.182326             0.023025             0.029851             0.037813             0.190289             0.630653  0.299002
mean_days_to_respond_issue_opened             float64      1                       1.833333             1.833333             1.833333             1.833333             1.833333             1.833333          
issue_comment_pos_sentiment_avg               float64     11                       0.114259             0.098035             0.104682             0.113525             0.124814             0.131294  0.011778
issue_comment_neg_sentiment_avg               float64     11                        0.03672             0.016597             0.032995              0.03589             0.041097             0.052615    0.0099
issue_comment_ov_sentiment_avg                float64     11                       0.159615             0.140079             0.152607             0.159175              0.16859             0.178969  0.012719
issue_opened_pos_sentiment_avg                float64     11                       0.060787                  0.0             0.031243             0.064907             0.094288             0.107721  0.038887
issue_opened_neg_sentiment_avg                float64     11                        0.03733             0.022283             0.033558             0.037252             0.040779             0.052124  0.008447
issue_opened_ov_sentiment_avg                 float64     11                       0.013855            -0.097622            -0.039776            -0.009116             0.048224             0.139364   0.07679
pull_request_opened_pos_sentiment_avg         float64      4                        0.03525              0.03525              0.03525              0.03525              0.03525              0.03525       0.0
pull_request_opened_neg_sentiment_avg         float64      4                            0.0                  0.0                  0.0                  0.0                  0.0                  0.0       0.0
pull_request_opened_ov_sentiment_avg          float64      4                       0.105375             0.105375             0.105375             0.105375             0.105375             0.105375       0.0
pct_merged_with_approved                      float64      0                                                                                                                                                  
pct_merged_with_review                        float64      0                                                                                                                                                  
avg_all_disc_count                            float64      0                                                                                                                                                  
avg_all_disc_exclude_opener_count             float64      0                                                                                                                                                  
clustering_coefficient                        float64     10                            0.0                  0.0                  0.0                  0.0                  0.0                  0.0       0.0

