File: drive/output/derived/org_outcomes_practices/repo_discussion_quality/important_degree_z2/rolling5/jupyter___jupyter-packaging.parquet

MD5 hash: b96e28157142c7f48535701796d90cd1

Keys: time_period 

                                                                type  count                 mean                  min                  25%                  50%                  75%                  max         std
time_period                                           datetime64[ns]     16  2020-09-30 15:00:00  2017-01-01 00:00:00  2018-11-16 00:00:00  2020-10-01 00:00:00  2022-08-16 00:00:00  2024-07-01 00:00:00            
response_rate                                                float64     10             0.574479             0.491525              0.52551             0.546875              0.61205             0.708333    0.079017
mean_days_to_respond                                         float64     10            32.404203             0.275249            11.362242            30.117368            39.700976            89.134488    29.65682
pos_sentiment_avg                                            float64     14              0.17509             0.119735             0.157825              0.18364             0.195195             0.207368    0.027266
neg_sentiment_avg                                            float64     14             0.052269             0.023182             0.027818             0.057811             0.062984             0.121882    0.026744
ov_sentiment_avg                                             float64     14              0.11783             0.039485             0.108906             0.118609             0.141124             0.155685    0.030078
response_rate_issue_comment                                  float64     10             0.583146             0.285714             0.402273             0.589286             0.770833             0.833333    0.221893
response_rate_pull_request_comment                           float64     10             0.371696             0.285714             0.333333             0.358974             0.409722                  0.5    0.064544
response_rate_pull_request_opened                            float64     10             0.709325                  0.5             0.566667               0.6125             0.842857                  1.0    0.188908
response_rate_pull_request_review_comment                    float64      9             0.751263                  0.5             0.636364             0.666667                  1.0                  1.0    0.193442
response_rate_issue_opened                                   float64      8                  1.0                  1.0                  1.0                  1.0                  1.0                  1.0         0.0
mean_days_to_respond_issue_comment                           float64     10            69.225682             0.246258              16.8348            54.811437           104.554843           207.509074   68.589443
mean_days_to_respond_pull_request_comment                    float64     10            27.677993             0.283886             0.331222            16.084103            47.590247            79.558032   32.905701
mean_days_to_respond_pull_request_opened                     float64     10              1.53599             0.087303             1.462704             1.652613             1.963296             2.659248    0.823775
mean_days_to_respond_to_last_comment                         float64     10            29.590497             0.008342            11.828617            36.413854            42.665566             64.98869   22.027813
mean_days_to_respond_pull_request_review_comment             float64      9             1.037342             0.012894             0.012894             0.017448             0.038634             4.955853    2.030084
mean_days_to_respond_issue_opened                            float64      8           122.126701            28.065856            28.065856            28.065856           278.894774           278.894774  129.816298
issue_comment_pos_sentiment_avg                              float64     14             0.137374             0.083621             0.136596             0.141454             0.148541               0.1833    0.025896
issue_comment_neg_sentiment_avg                              float64     14             0.030714             0.001132              0.01814             0.030458             0.040625             0.066615    0.018539
issue_comment_ov_sentiment_avg                               float64     14              0.14788             0.090925             0.119982             0.137272             0.177127             0.217326    0.039728
issue_opened_pos_sentiment_avg                               float64     14              0.06469              0.01775             0.059444             0.068013             0.079988             0.103083    0.027618
issue_opened_neg_sentiment_avg                               float64     14              0.02936                  0.0               0.0121             0.032564             0.040166             0.087875    0.023837
issue_opened_ov_sentiment_avg                                float64     14             0.069707            -0.024775             0.035662             0.075666              0.09807              0.19145     0.06799
pull_request_comment_pos_sentiment_avg                       float64     13             0.251172             0.171935             0.205159             0.216226             0.282879             0.385423    0.069025
pull_request_comment_neg_sentiment_avg                       float64     13             0.007346                  0.0             0.004435             0.009202             0.010801             0.014658    0.004847
pull_request_comment_ov_sentiment_avg                        float64     13             0.209115             0.140727             0.177325               0.2097             0.232147             0.279458    0.040908
pull_request_opened_pos_sentiment_avg                        float64     14             0.035509             0.009143             0.017346              0.02089             0.064104             0.082936    0.026942
pull_request_opened_neg_sentiment_avg                        float64     14             0.134119             0.067063             0.095381             0.150852             0.161029             0.224571    0.045401
pull_request_opened_ov_sentiment_avg                         float64     14            -0.043659            -0.079939            -0.074343            -0.062136            -0.025079             0.043592    0.042909
pull_request_review_comment_pos_sentiment_avg                float64     13             0.128666              0.07293             0.100941             0.130057                 0.16                  0.2    0.043465
pull_request_review_comment_neg_sentiment_avg                float64     13             0.017805                  0.0                  0.0             0.019041             0.033449             0.035485    0.014216
pull_request_review_comment_ov_sentiment_avg                 float64     13             0.179947               0.0843              0.10934              0.16414             0.211087               0.4224    0.090976
pull_request_review_approved_pos_sentiment_avg               float64      9             0.829269                0.714             0.754833             0.868815              0.87887              0.91075    0.073772
pull_request_review_approved_neg_sentiment_avg               float64      9             0.000963                  0.0                  0.0             0.001481             0.001739                0.002    0.000927
pull_request_review_approved_ov_sentiment_avg                float64      9             0.413396               0.3612               0.3707             0.426993             0.443076             0.449475    0.035969
pct_merged_with_approved                                     float64      5             0.369083                 0.25             0.320513             0.369231             0.392157             0.513514    0.097381
pct_merged_with_review                                       float64      5             0.369083                 0.25             0.320513             0.369231             0.392157             0.513514    0.097381
avg_pull_request_comment_count                               float64     10             1.185423              0.72973             0.746107             1.198718             1.505639                  2.0    0.448679
avg_all_disc_count                                           float64     10             1.780858                 1.25             1.645559             1.798665             1.920519             2.230769    0.268674
avg_pull_request_review_comment_count                        float64      9             0.237822             0.052632             0.083333              0.27027             0.290323             0.538462    0.154709
avg_pull_request_review_count                                float64      5              0.76279             0.461538             0.758621             0.806452             0.868421             0.918919    0.179032
avg_pull_request_comment_exclude_opener_count                float64     10             0.922723              0.46875             0.561304             1.071429             1.216667             1.333333     0.35807
avg_all_disc_exclude_opener_count                            float64     10             1.684388             1.142857             1.270833             1.713043             1.847301             2.857143    0.508721
avg_pull_request_review_comment_exclude_opener_count         float64      6             0.456747             0.304348             0.324375             0.361818             0.390909                  1.0     0.26848
avg_pull_request_review_exclude_opener_count                 float64      5             0.975233             0.857143             0.956522                  1.0                  1.0               1.0625    0.076055
clustering_coefficient                                       float64     16             0.144999                  0.0                  0.0                  0.0             0.381571             0.793701    0.241654

