File: drive/output/derived/org_outcomes_practices/repo_discussion_quality/important_degree_z2/rolling5/jwkvam___celluloid.parquet

MD5 hash: bb2357193eafd7824dcf3f1660e5d68f

Keys: time_period 

                                                  type  count                 mean                  min                  25%                  50%                  75%                  max         std
time_period                             datetime64[ns]     12  2021-04-01 04:00:00  2018-07-01 00:00:00  2019-11-16 00:00:00  2021-04-01 12:00:00  2022-08-16 00:00:00  2024-01-01 00:00:00            
response_rate                                  float64      4               0.7875                  0.6               0.7125                0.775                 0.85                  1.0    0.165202
mean_days_to_respond                           float64      4           194.623693            24.642913           143.587655            212.04989           263.085927           329.752078   128.34976
pos_sentiment_avg                              float64     10             0.070419             0.034042              0.04031             0.060868             0.091008             0.144629    0.037574
neg_sentiment_avg                              float64     10              0.08388             0.026366             0.028148             0.051429             0.111341             0.224571    0.073809
ov_sentiment_avg                               float64     10             0.039099            -0.055981              0.00271             0.050884             0.090785             0.114347    0.062485
response_rate_issue_comment                    float64      4               0.7875                  0.6               0.7125                0.775                 0.85                  1.0    0.165202
mean_days_to_respond_issue_comment             float64      4           194.623693            24.642913           143.587655            212.04989           263.085927           329.752078   128.34976
mean_days_to_respond_to_last_comment           float64      4           155.641032            24.642913            26.639672           134.084568           263.085927           329.752078  154.065103
issue_opened_pos_sentiment_avg                 float64     10             0.081351             0.018014             0.029852             0.043453             0.113062             0.272333    0.079057
issue_opened_neg_sentiment_avg                 float64     10             0.013023                  0.0             0.001715             0.012332             0.017551             0.042667    0.013214
issue_opened_ov_sentiment_avg                  float64     10             0.124274            -0.083333             0.034781             0.064916             0.202968             0.496133    0.164348
pull_request_comment_pos_sentiment_avg         float64      5                  0.0                  0.0                  0.0                  0.0                  0.0                  0.0         0.0
pull_request_comment_neg_sentiment_avg         float64      5                  0.0                  0.0                  0.0                  0.0                  0.0                  0.0         0.0
pull_request_comment_ov_sentiment_avg          float64      5                  0.0                  0.0                  0.0                  0.0                  0.0                  0.0         0.0
pull_request_opened_pos_sentiment_avg          float64      8             0.013362                  0.0                  0.0                  0.0                  0.0               0.1069    0.037795
pull_request_opened_neg_sentiment_avg          float64      8             0.280038                  0.0             0.009975                0.393              0.42575                0.524    0.234615
pull_request_opened_ov_sentiment_avg           float64      8            -0.122809               -0.296              -0.2405               -0.222                  0.0              0.27553    0.199408
issue_comment_pos_sentiment_avg                float64      8             0.109107             0.037333             0.060947             0.105732             0.150995             0.192896    0.057837
issue_comment_neg_sentiment_avg                float64      8             0.036193             0.030187             0.035337             0.036684             0.037942             0.041211    0.003533
issue_comment_ov_sentiment_avg                 float64      8             0.096147             0.013601             0.055408              0.10424             0.116568              0.20181    0.059188
pct_merged_with_approved                       float64      0                                                                                                                                          
pct_merged_with_review                         float64      0                                                                                                                                          
avg_all_disc_count                             float64      0                                                                                                                                          
avg_all_disc_exclude_opener_count              float64      0                                                                                                                                          
clustering_coefficient                         float64     10                  0.0                  0.0                  0.0                  0.0                  0.0                  0.0         0.0

