File: drive/output/derived/org_outcomes_practices/repo_discussion_quality/important_degree_z2/rolling5/kensho-technologies___qwikidata.parquet

MD5 hash: 0f86db947ebb74fefe605fbbe0b055b9

Keys: time_period 

                                                                type  count                 mean                  min                  25%                  50%                  75%                  max        std
time_period                                           datetime64[ns]      9  2021-01-20 02:40:00  2019-01-01 00:00:00  2020-01-01 00:00:00  2021-01-01 00:00:00  2022-01-01 00:00:00  2023-07-01 00:00:00           
response_rate                                                float64      2             0.498039             0.466667             0.482353             0.498039             0.513725             0.529412   0.044367
mean_days_to_respond                                         float64      2            42.909891             0.045253            21.477572            42.909891             64.34221            85.774529  60.619753
pos_sentiment_avg                                            float64      8             0.142849             0.102947             0.126081             0.136291              0.14579             0.222847   0.036137
neg_sentiment_avg                                            float64      8             0.091304             0.031424             0.043832             0.115343             0.120981             0.136181   0.043763
ov_sentiment_avg                                             float64      8             0.095475             0.050002             0.082049              0.08939             0.095538             0.178874    0.03699
response_rate_issue_comment                                  float64      2                 0.55                  0.5                0.525                 0.55                0.575                  0.6   0.070711
response_rate_pull_request_comment                           float64      2             0.714286             0.714286             0.714286             0.714286             0.714286             0.714286        0.0
response_rate_pull_request_review_comment                    float64      2                  0.0                  0.0                  0.0                  0.0                  0.0                  0.0        0.0
response_rate_issue_opened                                   float64      1                  1.0                  1.0                  1.0                  1.0                  1.0                  1.0           
mean_days_to_respond_issue_comment                           float64      2             0.140696             0.130606             0.135651             0.140696             0.145742             0.150787    0.01427
mean_days_to_respond_pull_request_comment                    float64      2             0.003039             0.003039             0.003039             0.003039             0.003039             0.003039        0.0
mean_days_to_respond_to_last_comment                         float64      2            48.274256             0.052436            24.163346            48.274256            72.385166            96.496076  68.195952
mean_days_to_respond_issue_opened                            float64      1            771.56375            771.56375            771.56375            771.56375            771.56375            771.56375           
issue_comment_pos_sentiment_avg                              float64      8             0.245123              0.21361             0.236777             0.245208              0.24833              0.30169   0.027286
issue_comment_neg_sentiment_avg                              float64      8             0.012421                  0.0             0.011762             0.013755             0.016063             0.016207    0.00535
issue_comment_ov_sentiment_avg                               float64      8             0.240236             0.167293             0.186687             0.205779             0.316165             0.347292   0.074448
issue_opened_pos_sentiment_avg                               float64      8             0.093661                  0.0             0.061734             0.087147             0.129675             0.187444    0.06165
issue_opened_neg_sentiment_avg                               float64      8               0.0308                  0.0             0.029583             0.033394             0.037698             0.042486   0.013356
issue_opened_ov_sentiment_avg                                float64      8             0.044879                  0.0             0.027737             0.038697             0.059419             0.108506   0.033189
pull_request_comment_pos_sentiment_avg                       float64      6             0.145892                  0.0             0.172043             0.174108             0.174108             0.181678   0.071557
pull_request_comment_neg_sentiment_avg                       float64      6             0.007425                  0.0             0.008497             0.008497             0.008774             0.010196   0.003697
pull_request_comment_ov_sentiment_avg                        float64      6             0.197379                  0.0             0.232469             0.232469              0.24005             0.244288   0.096846
pull_request_opened_pos_sentiment_avg                        float64      8             0.038644                  0.0             0.013538             0.052676             0.061917             0.061917   0.028285
pull_request_opened_neg_sentiment_avg                        float64      8             0.250657              0.09245             0.182688             0.316063             0.316063             0.329804   0.099583
pull_request_opened_ov_sentiment_avg                         float64      8            -0.186698              -0.3818            -0.233081            -0.121917            -0.114508            -0.114508   0.107169
pull_request_review_comment_pos_sentiment_avg                float64      6             0.095875                0.064              0.10225              0.10225              0.10225              0.10225   0.015615
pull_request_review_comment_neg_sentiment_avg                float64      6                  0.0                  0.0                  0.0                  0.0                  0.0                  0.0        0.0
pull_request_review_comment_ov_sentiment_avg                 float64      6             0.264725               0.1806              0.28155              0.28155              0.28155              0.28155   0.041213
avg_pull_request_comment_count                               float64      2              1.77381             1.714286             1.744048              1.77381             1.803571             1.833333   0.084179
avg_pull_request_review_comment_count                        float64      2             0.619048             0.571429             0.595238             0.619048             0.642857             0.666667   0.067344
avg_all_disc_count                                           float64      2             2.392857             2.285714             2.339286             2.392857             2.446429                  2.5   0.151523
avg_pull_request_comment_exclude_opener_count                float64      2             1.916667             1.833333                1.875             1.916667             1.958333                  2.0   0.117851
avg_pull_request_review_comment_exclude_opener_count         float64      2             0.733333             0.666667                  0.7             0.733333             0.766667                  0.8   0.094281
avg_all_disc_exclude_opener_count                            float64      2                 2.65                  2.5                2.575                 2.65                2.725                  2.8   0.212132
clustering_coefficient                                       float64      7                  0.0                  0.0                  0.0                  0.0                  0.0                  0.0        0.0

