File: drive/output/derived/org_outcomes_practices/repo_discussion_quality/important_degree_z2/rolling5/kentang2017___ichingshifa.parquet

MD5 hash: b99b4e3c6a8171dca048369586fc3db9

Keys: time_period 

                                                         type  count                 mean                  min                  25%                  50%                  75%                  max       std
time_period                                    datetime64[ns]      8  2022-10-01 12:00:00  2019-01-01 00:00:00  2021-10-01 18:00:00  2023-04-01 12:00:00  2024-02-15 12:00:00  2025-01-01 00:00:00          
response_rate                                         float64      1                  0.0                  0.0                  0.0                  0.0                  0.0                  0.0          
mean_days_to_respond                                  float64      0                                                                                                                                        
pos_sentiment_avg                                     float64      6                  0.0                  0.0                  0.0                  0.0                  0.0                  0.0       0.0
neg_sentiment_avg                                     float64      6             0.181818                  0.0                  0.0                  0.0             0.068182                  1.0  0.402472
ov_sentiment_avg                                      float64      6            -0.053818               -0.296            -0.020182                  0.0                  0.0                  0.0  0.119132
response_rate_issue_comment                           float64      1                  0.0                  0.0                  0.0                  0.0                  0.0                  0.0          
response_rate_pull_request_comment                    float64      1                  0.0                  0.0                  0.0                  0.0                  0.0                  0.0          
pull_request_opened_pos_sentiment_avg                 float64      6                  0.0                  0.0                  0.0                  0.0                  0.0                  0.0       0.0
pull_request_opened_neg_sentiment_avg                 float64      6             0.333333                  0.0                  0.0                  0.0                 0.75                  1.0  0.516398
pull_request_opened_ov_sentiment_avg                  float64      6            -0.098667               -0.296               -0.222                  0.0                  0.0                  0.0  0.152854
issue_comment_pos_sentiment_avg                       float64      5                  0.0                  0.0                  0.0                  0.0                  0.0                  0.0       0.0
issue_comment_neg_sentiment_avg                       float64      5                  0.0                  0.0                  0.0                  0.0                  0.0                  0.0       0.0
issue_comment_ov_sentiment_avg                        float64      5                  0.0                  0.0                  0.0                  0.0                  0.0                  0.0       0.0
issue_opened_pos_sentiment_avg                        float64      4                  0.0                  0.0                  0.0                  0.0                  0.0                  0.0       0.0
issue_opened_neg_sentiment_avg                        float64      4                  0.0                  0.0                  0.0                  0.0                  0.0                  0.0       0.0
issue_opened_ov_sentiment_avg                         float64      4                  0.0                  0.0                  0.0                  0.0                  0.0                  0.0       0.0
pull_request_comment_pos_sentiment_avg                float64      3                  0.0                  0.0                  0.0                  0.0                  0.0                  0.0       0.0
pull_request_comment_neg_sentiment_avg                float64      3                  0.0                  0.0                  0.0                  0.0                  0.0                  0.0       0.0
pull_request_comment_ov_sentiment_avg                 float64      3                  0.0                  0.0                  0.0                  0.0                  0.0                  0.0       0.0
pct_merged_with_approved                              float64      0                                                                                                                                        
pct_merged_with_review                                float64      0                                                                                                                                        
avg_pull_request_comment_count                        float64      1                  1.0                  1.0                  1.0                  1.0                  1.0                  1.0          
avg_all_disc_count                                    float64      1                  1.0                  1.0                  1.0                  1.0                  1.0                  1.0          
avg_pull_request_comment_exclude_opener_count         float64      1                  1.0                  1.0                  1.0                  1.0                  1.0                  1.0          
avg_all_disc_exclude_opener_count                     float64      1                  1.0                  1.0                  1.0                  1.0                  1.0                  1.0          
clustering_coefficient                                float64      5                  0.0                  0.0                  0.0                  0.0                  0.0                  0.0       0.0

