File: drive/output/derived/org_outcomes_practices/repo_discussion_quality/important_degree_z2/rolling5/klen___muffin.parquet

MD5 hash: 0df831f1a93b01080a77a22e8c1b9409

Keys: time_period 

                                                            type  count                 mean                  min                  25%                  50%                  75%                  max       std
time_period                                       datetime64[ns]     10  2017-10-19 07:12:00  2015-01-01 00:00:00  2016-02-15 12:00:00  2017-04-01 12:00:00  2018-05-16 18:00:00  2023-01-01 00:00:00          
response_rate                                            float64      3             0.171229                  0.0             0.108696             0.217391             0.256844             0.296296  0.153447
mean_days_to_respond                                     float64      2             1.730466             0.134019             0.932242             1.730466             2.528689             3.326913  2.257717
pos_sentiment_avg                                        float64      5             0.281317             0.255139             0.255816             0.261637             0.261994                0.372  0.050793
neg_sentiment_avg                                        float64      5             0.133314             0.079225             0.082053             0.092235             0.151054                0.262  0.077646
ov_sentiment_avg                                         float64      5             0.122213               0.0722             0.111723             0.141236             0.142269             0.143636  0.030961
response_rate_pull_request_comment                       float64      3             0.155797                  0.0             0.108696             0.217391             0.233696                 0.25  0.135906
response_rate_pull_request_opened                        float64      1                  1.0                  1.0                  1.0                  1.0                  1.0                  1.0          
response_rate_pull_request_review_comment                float64      1                  0.5                  0.5                  0.5                  0.5                  0.5                  0.5          
mean_days_to_respond_pull_request_comment                float64      2             2.284379             0.134019             1.209199             2.284379             3.359559              4.43474  3.041069
mean_days_to_respond_to_last_comment                     float64      2             2.297554             0.162821             1.230188             2.297554             3.364921             4.432288  3.018969
mean_days_to_respond_pull_request_opened                 float64      1             0.002766             0.002766             0.002766             0.002766             0.002766             0.002766          
mean_days_to_respond_pull_request_review_comment         float64      1             0.004097             0.004097             0.004097             0.004097             0.004097             0.004097          
pull_request_comment_pos_sentiment_avg                   float64      5             0.486626             0.392956             0.398276             0.399936             0.497961                0.744  0.150387
pull_request_comment_neg_sentiment_avg                   float64      5             0.027899                  0.0             0.030195             0.033496              0.03424             0.041567   0.01614
pull_request_comment_ov_sentiment_avg                    float64      5             0.294014             0.243257             0.245821             0.260661              0.27993               0.4404  0.083124
pull_request_opened_pos_sentiment_avg                    float64      5             0.024433                  0.0             0.026028             0.029963             0.032268             0.033905  0.013975
pull_request_opened_neg_sentiment_avg                    float64      5             0.265853               0.1685             0.180587             0.195635             0.260542                0.524  0.148616
pull_request_opened_ov_sentiment_avg                     float64      5            -0.101257               -0.296            -0.057807            -0.056483            -0.049066            -0.046928  0.108964
pull_request_review_comment_pos_sentiment_avg            float64      2                0.184                0.184                0.184                0.184                0.184                0.184       0.0
pull_request_review_comment_neg_sentiment_avg            float64      2                  0.0                  0.0                  0.0                  0.0                  0.0                  0.0       0.0
pull_request_review_comment_ov_sentiment_avg             float64      2               0.2491               0.2491               0.2491               0.2491               0.2491               0.2491       0.0
avg_pull_request_comment_count                           float64      3             1.192358                  1.0             1.136364             1.272727             1.288538             1.304348  0.167336
avg_all_disc_count                                       float64      3             1.235837                  1.0             1.136364             1.272727             1.353755             1.434783  0.219726
avg_pull_request_review_comment_count                    float64      1             0.130435             0.130435             0.130435             0.130435             0.130435             0.130435          
avg_pull_request_comment_exclude_opener_count            float64      3             1.181818                  1.0             1.136364             1.272727             1.272727             1.272727  0.157459
avg_all_disc_exclude_opener_count                        float64      3             1.181818                  1.0             1.136364             1.272727             1.272727             1.272727  0.157459
clustering_coefficient                                   float64      7                  0.0                  0.0                  0.0                  0.0                  0.0                  0.0       0.0

