File: drive/output/derived/org_outcomes_practices/repo_discussion_quality/important_degree_z2/rolling5/ksneijders___aoe2scenarioparser.parquet

MD5 hash: fa88c3f0979934164dc0668156ca0097

Keys: time_period 

                                                                type  count                 mean                  min                  25%                  50%                  75%                  max       std
time_period                                           datetime64[ns]     10  2022-10-01 04:48:00  2020-07-01 00:00:00  2021-08-16 00:00:00  2022-10-01 00:00:00  2023-11-16 00:00:00  2025-01-01 00:00:00          
response_rate                                                float64      6             0.522966             0.421053             0.449324             0.514706             0.573529             0.666667  0.093874
mean_days_to_respond                                         float64      6             0.635893              0.00401             0.460965             0.489525             0.676571             1.641934  0.546849
pos_sentiment_avg                                            float64     10             0.138745              0.11629             0.128152              0.14436             0.146722             0.156198  0.012623
neg_sentiment_avg                                            float64     10             0.071928             0.043691             0.051917             0.058388             0.093576             0.111008  0.026275
ov_sentiment_avg                                             float64     10             0.120274             0.053443             0.085681              0.13588             0.157257             0.162685  0.043483
response_rate_issue_comment                                  float64      6             0.609455                  0.4             0.627329             0.652174             0.663043             0.666667  0.104076
response_rate_pull_request_comment                           float64      5             0.143182                  0.0             0.090909                  0.1                0.125                  0.4  0.151149
response_rate_pull_request_review_comment                    float64      4             0.544444                  0.4             0.433333             0.555556             0.666667             0.666667  0.142292
mean_days_to_respond_issue_comment                           float64      6             0.873975              0.00401             0.512347              0.55145             0.694688             2.895191  1.020287
mean_days_to_respond_to_last_comment                         float64      6             0.835136              0.00401             0.632445             0.702271             0.871939             2.064597  0.677259
mean_days_to_respond_pull_request_comment                    float64      4             0.414501             0.261539             0.261539             0.261539             0.414501             0.873385  0.305923
mean_days_to_respond_pull_request_review_comment             float64      4             0.481379             0.175312             0.175312             0.175312             0.481379              1.39958  0.612134
issue_comment_pos_sentiment_avg                              float64     10             0.159285              0.08461             0.130579             0.160167              0.19262              0.22139  0.042185
issue_comment_neg_sentiment_avg                              float64     10             0.022457             0.014846             0.016983             0.025309             0.026334             0.028698  0.005234
issue_comment_ov_sentiment_avg                               float64     10             0.173964             0.100132             0.148903             0.173955             0.198739             0.242948  0.040875
issue_opened_pos_sentiment_avg                               float64     10             0.110129             0.048625             0.090809             0.128458             0.130278               0.1405  0.032499
issue_opened_neg_sentiment_avg                               float64     10             0.023124                  0.0              0.01081             0.011891             0.040377             0.055667  0.020496
issue_opened_ov_sentiment_avg                                float64     10             0.158809             0.005337             0.096888             0.203383             0.208865               0.2393   0.08429
pull_request_comment_pos_sentiment_avg                       float64     10             0.232438                0.076              0.23065             0.250667             0.277987             0.308107  0.070891
pull_request_comment_neg_sentiment_avg                       float64     10             0.007874                  0.0             0.001213             0.005176             0.007098             0.028046  0.009564
pull_request_comment_ov_sentiment_avg                        float64     10             0.224961             0.160675             0.168607             0.223407             0.263947             0.322359   0.05766
pull_request_opened_pos_sentiment_avg                        float64     10             0.030381               0.0117             0.020009             0.034181             0.041207             0.046571  0.013061
pull_request_opened_neg_sentiment_avg                        float64     10             0.244391               0.1417             0.174319               0.2342             0.304406             0.374286  0.086457
pull_request_opened_ov_sentiment_avg                         float64     10            -0.081348            -0.183743            -0.142631            -0.078757            -0.015704            -0.003619  0.070479
pull_request_review_comment_pos_sentiment_avg                float64      8             0.125437             0.022833             0.082542             0.141333             0.180833             0.180833  0.059727
pull_request_review_comment_neg_sentiment_avg                float64      8             0.009609                  0.0                  0.0                  0.0               0.0051              0.05647  0.020236
pull_request_review_comment_ov_sentiment_avg                 float64      8             0.146327             0.037717             0.091702             0.168067             0.211517             0.211517  0.070605
pull_request_review_commented_pos_sentiment_avg              float64      5                0.172                0.172                0.172                0.172                0.172                0.172       0.0
pull_request_review_commented_neg_sentiment_avg              float64      5                  0.0                  0.0                  0.0                  0.0                  0.0                  0.0       0.0
pull_request_review_commented_ov_sentiment_avg               float64      5               0.4404               0.4404               0.4404               0.4404               0.4404               0.4404       0.0
pct_merged_with_approved                                     float64      6             0.045707                  0.0                  0.0             0.041667             0.089015                  0.1  0.050347
pct_merged_with_review                                       float64      6             0.130944                  0.0             0.038462             0.167832             0.195455                 0.25  0.106159
avg_all_disc_count                                           float64      5             2.406667                  1.5                  1.7                 1.75             1.833333                 5.25    1.5942
avg_pull_request_comment_count                               float64      5             1.231667             1.083333                1.125                  1.2                 1.25                  1.5  0.163342
avg_pull_request_review_count                                float64      4             0.633333                  0.2               0.2375             0.291667               0.6875                 1.75  0.746473
avg_pull_request_review_comment_count                        float64      4             0.835417                  0.3              0.35625             0.395833                0.875                 2.25   0.94429
avg_all_disc_exclude_opener_count                            float64      5             2.406667                  1.5                  1.7                 1.75             1.833333                 5.25    1.5942
avg_pull_request_comment_exclude_opener_count                float64      5             1.231667             1.083333                1.125                  1.2                 1.25                  1.5  0.163342
avg_pull_request_review_exclude_opener_count                 float64      4             0.633333                  0.2               0.2375             0.291667               0.6875                 1.75  0.746473
avg_pull_request_review_comment_exclude_opener_count         float64      4             0.835417                  0.3              0.35625             0.395833                0.875                 2.25   0.94429
clustering_coefficient                                       float64     10                  0.0                  0.0                  0.0                  0.0                  0.0                  0.0       0.0

