File: drive/output/derived/org_outcomes_practices/repo_discussion_quality/important_degree_z2/rolling5/kubemq-io___kubemq-python.parquet

MD5 hash: 1bcc4c08ce715cfb23a8763a3a6dec41

Keys: time_period 

                                                         type  count                           mean                  min                  25%                  50%                  75%                  max        std
time_period                                    datetime64[ns]     11  2021-08-03 19:38:10.909090816  2019-01-01 00:00:00  2020-04-01 00:00:00  2021-07-01 00:00:00  2022-10-01 00:00:00  2024-07-01 00:00:00           
response_rate                                         float64      2                       0.651515             0.636364             0.643939             0.651515             0.659091             0.666667   0.021427
mean_days_to_respond                                  float64      2                      43.250188            31.839676            37.544932            43.250188            48.955444              54.6607  16.136901
pos_sentiment_avg                                     float64     11                       0.104959                0.033              0.10021             0.119869             0.121941             0.140675   0.034845
neg_sentiment_avg                                     float64     11                         0.0373             0.011071             0.024788              0.04154             0.048981             0.058484   0.016512
ov_sentiment_avg                                      float64     11                       0.137286             0.049293             0.088352             0.110687              0.16923             0.261062   0.072004
response_rate_issue_comment                           float64      2                       0.366667             0.333333                 0.35             0.366667             0.383333                  0.4    0.04714
response_rate_issue_opened                            float64      2                            1.0                  1.0                  1.0                  1.0                  1.0                  1.0        0.0
response_rate_pull_request_comment                    float64      1                            0.5                  0.5                  0.5                  0.5                  0.5                  0.5           
mean_days_to_respond_issue_comment                    float64      2                       0.460133              0.03853             0.249332             0.460133             0.670935             0.881736   0.596237
mean_days_to_respond_issue_opened                     float64      2                      63.779236            54.690382            59.234809            63.779236            68.323663             72.86809  12.853581
mean_days_to_respond_to_last_comment                  float64      2                      58.495743            44.381516            51.438629            58.495743            65.552856            72.609969   19.96053
mean_days_to_respond_pull_request_comment             float64      1                       2.352731             2.352731             2.352731             2.352731             2.352731             2.352731           
issue_comment_pos_sentiment_avg                       float64     11                       0.133891              0.05775             0.113896             0.155875              0.15929             0.167817   0.040529
issue_comment_neg_sentiment_avg                       float64     11                       0.030918             0.008948             0.022604              0.03325             0.038626             0.050964   0.013831
issue_comment_ov_sentiment_avg                        float64     11                       0.181944              0.07863             0.100737             0.170333             0.227387             0.348217   0.098543
issue_opened_pos_sentiment_avg                        float64     11                       0.039704                  0.0                  0.0             0.032143             0.063161             0.119308   0.041522
issue_opened_neg_sentiment_avg                        float64     11                       0.020321                  0.0             0.011472             0.019105             0.030164             0.039829   0.013568
issue_opened_ov_sentiment_avg                         float64     11                       0.057972            -0.038973            -0.003788              0.04195             0.089046             0.234033   0.092514
pull_request_comment_pos_sentiment_avg                float64      5                       0.144958             0.144958             0.144958             0.144958             0.144958             0.144958        0.0
pull_request_comment_neg_sentiment_avg                float64      5                       0.033417             0.033417             0.033417             0.033417             0.033417             0.033417        0.0
pull_request_comment_ov_sentiment_avg                 float64      5                       0.260354             0.260354             0.260354             0.260354             0.260354             0.260354        0.0
pull_request_opened_pos_sentiment_avg                 float64      8                       0.065687             0.003795             0.005218             0.032251             0.111929             0.223857   0.079464
pull_request_opened_neg_sentiment_avg                 float64      8                       0.134808             0.010143             0.013385             0.161909              0.20446             0.267071   0.110068
pull_request_opened_ov_sentiment_avg                  float64      8                      -0.004449            -0.108751              -0.0399            -0.016494            -0.015127               0.2621   0.115561
avg_all_disc_count                                    float64      1                            3.0                  3.0                  3.0                  3.0                  3.0                  3.0           
avg_pull_request_comment_count                        float64      1                            3.0                  3.0                  3.0                  3.0                  3.0                  3.0           
avg_all_disc_exclude_opener_count                     float64      1                            3.0                  3.0                  3.0                  3.0                  3.0                  3.0           
avg_pull_request_comment_exclude_opener_count         float64      1                            3.0                  3.0                  3.0                  3.0                  3.0                  3.0           
clustering_coefficient                                float64      6                            0.0                  0.0                  0.0                  0.0                  0.0                  0.0        0.0

