File: drive/output/derived/org_outcomes_practices/repo_discussion_quality/important_degree_z2/rolling5/lfpy___lfpykit.parquet

MD5 hash: 2ee3d512f6d68cfa8356bcd03571eec9

Keys: time_period 

                                                          type  count                 mean                  min                  25%                  50%                  75%                  max        std
time_period                                     datetime64[ns]      8  2022-04-01 12:00:00  2020-07-01 00:00:00  2021-05-16 18:00:00  2022-04-01 12:00:00  2023-02-15 06:00:00  2024-01-01 00:00:00           
response_rate                                          float64      3             0.221498             0.173913             0.173913             0.173913              0.24529             0.316667   0.082419
mean_days_to_respond                                   float64      3            53.644902            53.263347            53.549513             53.83568             53.83568             53.83568   0.330437
pos_sentiment_avg                                      float64      7             0.045451             0.029375             0.030497             0.043424             0.052904             0.078555   0.018672
neg_sentiment_avg                                      float64      7             0.070544             0.048133             0.060468              0.07376             0.081938             0.087104   0.016069
ov_sentiment_avg                                       float64      7             0.006948            -0.013294            -0.012357             0.002846             0.016964             0.049872   0.024411
response_rate_issue_comment                            float64      3             0.444444             0.333333             0.333333             0.333333                  0.5             0.666667    0.19245
response_rate_issue_opened                             float64      3                  1.0                  1.0                  1.0                  1.0                  1.0                  1.0        0.0
response_rate_pull_request_comment                     float64      3             0.083333                  0.0                  0.0                  0.0                0.125                 0.25   0.144338
response_rate_pull_request_opened                      float64      3             0.009259                  0.0                  0.0                  0.0             0.013889             0.027778   0.016038
mean_days_to_respond_issue_comment                     float64      3             5.922814             0.018796             0.018796             0.018796             8.874823            17.730849  10.226058
mean_days_to_respond_issue_opened                      float64      3            64.159629            61.523806            61.523806            61.523806             65.47754            69.431274   4.565379
mean_days_to_respond_to_last_comment                   float64      3            64.276864            60.971071            60.971071            60.971071             65.92976            70.888448     5.7258
mean_days_to_respond_pull_request_comment              float64      1             0.106898             0.106898             0.106898             0.106898             0.106898             0.106898           
mean_days_to_respond_pull_request_opened               float64      1           141.767581           141.767581           141.767581           141.767581           141.767581           141.767581           
issue_comment_pos_sentiment_avg                        float64      7             0.072895             0.040362             0.041258             0.074032             0.092727             0.127903   0.035529
issue_comment_neg_sentiment_avg                        float64      7             0.018682                0.004             0.005264             0.019403             0.028305             0.040233   0.015203
issue_comment_ov_sentiment_avg                         float64      7             0.069182             0.043558             0.044479             0.070086             0.084569             0.112532   0.027843
issue_opened_pos_sentiment_avg                         float64      7             0.056271             0.050157             0.052015             0.055152             0.057076             0.070405   0.006826
issue_opened_neg_sentiment_avg                         float64      7             0.021209             0.005028             0.006709             0.019658             0.029739              0.05088   0.017846
issue_opened_ov_sentiment_avg                          float64      7             0.057282             0.022345             0.047983             0.059095             0.069815             0.083938   0.021036
pull_request_comment_pos_sentiment_avg                 float64      7             0.057917              0.03707              0.03707             0.052969             0.071876             0.097489   0.025816
pull_request_comment_neg_sentiment_avg                 float64      7             0.059409             0.047619             0.047619             0.056201             0.068215             0.080375    0.01478
pull_request_comment_ov_sentiment_avg                  float64      7             0.006475            -0.021662            -0.021662            -0.001869             0.025841             0.060498   0.035704
pull_request_opened_pos_sentiment_avg                  float64      7             0.008747             0.006523              0.00766             0.008184             0.009804             0.011595   0.001922
pull_request_opened_neg_sentiment_avg                  float64      7             0.134075             0.037048             0.103562             0.151516             0.176174              0.19049    0.06096
pull_request_opened_ov_sentiment_avg                   float64      7            -0.074186            -0.106982            -0.096029            -0.084685            -0.057371            -0.020836   0.033788
pull_request_review_approved_pos_sentiment_avg         float64      7             0.192127             0.086333             0.086333             0.234444             0.271472               0.3085   0.103476
pull_request_review_approved_neg_sentiment_avg         float64      7             0.027738                  0.0                  0.0             0.038833             0.048542              0.05825    0.02713
pull_request_review_approved_ov_sentiment_avg          float64      7             0.214487             0.197567             0.197567             0.221256             0.227178               0.2331    0.01655
pct_merged_with_approved                               float64      3             0.004902                  0.0                  0.0                  0.0             0.007353             0.014706    0.00849
pct_merged_with_review                                 float64      3             0.004902                  0.0                  0.0                  0.0             0.007353             0.014706    0.00849
avg_pull_request_comment_count                         float64      3                  2.0                  2.0                  2.0                  2.0                  2.0                  2.0        0.0
avg_all_disc_count                                     float64      3             2.037037                  2.0                  2.0                  2.0             2.055556             2.111111    0.06415
avg_pull_request_review_count                          float64      1             0.111111             0.111111             0.111111             0.111111             0.111111             0.111111           
avg_pull_request_comment_exclude_opener_count          float64      3                 3.25                 2.75                3.125                  3.5                  3.5                  3.5   0.433013
avg_all_disc_exclude_opener_count                      float64      3             3.333333                  3.0                 3.25                  3.5                  3.5                  3.5   0.288675
avg_pull_request_review_exclude_opener_count           float64      1                 0.25                 0.25                 0.25                 0.25                 0.25                 0.25           
clustering_coefficient                                 float64      8                  0.0                  0.0                  0.0                  0.0                  0.0                  0.0        0.0

