File: drive/output/derived/org_outcomes_practices/repo_discussion_quality/important_degree_z2/rolling5/marshmallow-code___django-rest-marshmallow.parquet

MD5 hash: 41e1a2b6e9eaadfed66599cb04809ab8

Keys: time_period 

                                                         type  count                 mean                  min                  25%                  50%                  75%                  max        std
time_period                                    datetime64[ns]     15  2019-01-12 16:00:00  2015-07-01 00:00:00  2017-04-01 12:00:00  2019-01-01 00:00:00  2020-10-01 00:00:00  2023-01-01 00:00:00           
response_rate                                         float64      8             0.598617                  0.5               0.5625             0.570724             0.632937                 0.75   0.075462
mean_days_to_respond                                  float64      8            59.737184             0.824537            37.506875            63.518097            70.206203           157.350394  48.905725
pos_sentiment_avg                                     float64     14             0.166221             0.114715             0.122685             0.162573             0.203756             0.223048   0.041776
neg_sentiment_avg                                     float64     14              0.06294             0.025223             0.039934             0.050606             0.058568             0.218667   0.049331
ov_sentiment_avg                                      float64     14              0.09665            -0.050053             0.077298             0.086451             0.137565             0.223125   0.067228
response_rate_issue_comment                           float64      8             0.450427                  0.0                0.375             0.555556             0.623077                  0.7   0.286231
response_rate_pull_request_comment                    float64      8              0.60161             0.333333             0.440909               0.5625                 0.75                  1.0   0.222926
response_rate_pull_request_opened                     float64      6                  1.0                  1.0                  1.0                  1.0                  1.0                  1.0        0.0
response_rate_issue_opened                            float64      1                  1.0                  1.0                  1.0                  1.0                  1.0                  1.0           
mean_days_to_respond_pull_request_comment             float64      8             0.705601             0.000017             0.371051             0.824537             0.824537             1.851894   0.586848
mean_days_to_respond_to_last_comment                  float64      8            97.700389             2.181319            68.498408           105.737432           157.056264           159.416262  64.181595
mean_days_to_respond_pull_request_opened              float64      6             5.902186             0.015833             7.079456             7.079456             7.079456             7.079456   2.883712
mean_days_to_respond_issue_comment                    float64      6           128.571639            91.913809           110.195854           123.855215           123.855215           202.307644  38.401207
mean_days_to_respond_issue_opened                     float64      1             0.061366             0.061366             0.061366             0.061366             0.061366             0.061366           
pull_request_comment_pos_sentiment_avg                float64     13             0.379495             0.165608             0.241462             0.333679             0.381274                  1.0   0.224434
pull_request_comment_neg_sentiment_avg                float64     13             0.055366                  0.0             0.024846             0.051042             0.076761                0.154    0.03993
pull_request_comment_ov_sentiment_avg                 float64     13             0.153857             0.026681             0.069779              0.11976             0.208724               0.4404   0.108286
pull_request_opened_pos_sentiment_avg                 float64     13             0.073618                  0.0             0.049333             0.075357               0.0991             0.128375    0.03678
pull_request_opened_neg_sentiment_avg                 float64     13             0.140833             0.025833             0.067639             0.153196             0.183683             0.273333   0.076187
pull_request_opened_ov_sentiment_avg                  float64     13              0.00021            -0.172667            -0.053503             0.021763             0.058914             0.094448   0.076202
issue_comment_pos_sentiment_avg                       float64     13             0.137779             0.037981             0.102164             0.107988             0.158483                0.369   0.084492
issue_comment_neg_sentiment_avg                       float64     13             0.018923                  0.0             0.012296               0.0176             0.018118             0.057333   0.013218
issue_comment_ov_sentiment_avg                        float64     13             0.143814             0.062106             0.105556             0.116256             0.168802               0.3506   0.075136
issue_opened_pos_sentiment_avg                        float64     13             0.059702              0.01314             0.015017             0.051119             0.082329             0.143367   0.041789
issue_opened_neg_sentiment_avg                        float64     13             0.038817             0.016893             0.028179             0.033786             0.051144              0.05575   0.013798
issue_opened_ov_sentiment_avg                         float64     13              0.04429            -0.059082            -0.008936             0.038665             0.091127             0.193307   0.072616
avg_pull_request_comment_count                        float64      8             2.245833                  1.0                1.225             1.833333                  3.0                  5.0   1.368922
avg_all_disc_count                                    float64      8             2.245833                  1.0                1.225             1.833333                  3.0                  5.0   1.368922
avg_all_disc_exclude_opener_count                     float64      7                  1.0                  1.0                  1.0                  1.0                  1.0                  1.0        0.0
avg_pull_request_comment_exclude_opener_count         float64      7                  1.0                  1.0                  1.0                  1.0                  1.0                  1.0        0.0
clustering_coefficient                                float64     12                  0.0                  0.0                  0.0                  0.0                  0.0                  0.0        0.0

