File: drive/output/derived/org_outcomes_practices/repo_discussion_quality/important_degree_z2/rolling5/materialsproject___custodian.parquet

MD5 hash: 06167c5acbf79c6afb2a37798d87faba

Keys: time_period 

                                                                   type  count                           mean                  min                  25%                  50%                  75%                  max        std
time_period                                              datetime64[ns]     21  2019-12-31 17:08:34.285714176  2015-01-01 00:00:00  2017-07-01 00:00:00  2020-01-01 00:00:00  2022-07-01 00:00:00  2025-01-01 00:00:00           
response_rate                                                   float64     20                       0.736021                  0.5             0.700837             0.742542             0.797201              0.84127   0.076942
mean_days_to_respond                                            float64     20                       29.46113              0.09283             6.949678            18.710834            40.025541           123.922825  34.294673
pos_sentiment_avg                                               float64     21                       0.116385                  0.0             0.094994              0.13603             0.146141             0.157125   0.039898
neg_sentiment_avg                                               float64     21                       0.048135             0.037088             0.040158             0.047844              0.05363                0.083   0.010229
ov_sentiment_avg                                                float64     21                       0.040547              -0.4019             0.028414             0.051613             0.088085             0.120944   0.108203
response_rate_issue_comment                                     float64     20                       0.666799                  0.0             0.614583             0.719608             0.801389             0.842105   0.191681
response_rate_pull_request_comment                              float64     20                       0.771189             0.631579             0.682975             0.753036             0.833333                  1.0   0.109799
response_rate_issue_opened                                      float64      9                            1.0                  1.0                  1.0                  1.0                  1.0                  1.0        0.0
response_rate_pull_request_review_comment                       float64     16                       0.639633             0.428571                  0.5                  0.5                0.875                  1.0   0.210335
response_rate_pull_request_opened                               float64      4                       0.960526             0.947368             0.947368             0.947368             0.960526                  1.0   0.026316
mean_days_to_respond_pull_request_comment                       float64     20                      44.250385              0.09283             4.465053             12.27241            46.248258            189.15594  64.728348
mean_days_to_respond_to_last_comment                            float64     20                      58.315862              0.09283             9.000501            28.192669             75.38903           235.618987  70.812205
mean_days_to_respond_issue_comment                              float64     19                      33.368568             0.047057             0.230349             3.534785            68.231515            92.109691  36.973905
mean_days_to_respond_issue_opened                               float64      9                      30.453314              0.00695              0.00695              0.00695            59.612025            95.208997  37.714213
mean_days_to_respond_pull_request_review_comment                float64     16                       1.408872             0.007355             0.007355             0.020554             1.351727             6.266458   2.477219
mean_days_to_respond_pull_request_opened                        float64      4                       0.035582             0.030546             0.035582             0.037261             0.037261             0.037261   0.003358
pull_request_opened_pos_sentiment_avg                           float64     21                       0.053731                  0.0             0.037213             0.063407             0.068064              0.08117   0.019913
pull_request_opened_neg_sentiment_avg                           float64     21                       0.057219              0.02075             0.045677              0.06007             0.066826             0.096404   0.019995
pull_request_opened_ov_sentiment_avg                            float64     21                      -0.004824              -0.4019            -0.010976             0.014386             0.044871             0.062414   0.096981
issue_comment_pos_sentiment_avg                                 float64     20                       0.117701             0.066789             0.097783             0.119121             0.136347             0.156286   0.024204
issue_comment_neg_sentiment_avg                                 float64     20                       0.042385             0.028369              0.03871             0.044452             0.046598             0.062411   0.007479
issue_comment_ov_sentiment_avg                                  float64     20                       0.080238             0.018612             0.037059             0.094323             0.106198              0.13647    0.03713
issue_opened_pos_sentiment_avg                                  float64     20                       0.053402              0.02524             0.044152             0.054252             0.061059             0.086767   0.017307
issue_opened_neg_sentiment_avg                                  float64     20                       0.045524             0.013917             0.035844             0.040776             0.057335             0.080591   0.016967
issue_opened_ov_sentiment_avg                                   float64     20                      -0.001684            -0.086441            -0.050769             0.022252             0.036861             0.077525   0.049509
pull_request_comment_pos_sentiment_avg                          float64     20                       0.159937             0.024512             0.118733             0.174517             0.199073             0.233807   0.053825
pull_request_comment_neg_sentiment_avg                          float64     20                       0.052713             0.034112             0.038434             0.050798               0.0657             0.076434   0.014991
pull_request_comment_ov_sentiment_avg                           float64     20                       0.065836            -0.065349            -0.009513             0.074467             0.134637             0.174526   0.080726
pull_request_review_comment_pos_sentiment_avg                   float64     16                       0.160856             0.102571             0.113968             0.145602              0.20089              0.26299   0.054242
pull_request_review_comment_neg_sentiment_avg                   float64     16                       0.032238             0.019917             0.026317             0.029758             0.041102             0.044435   0.008606
pull_request_review_comment_ov_sentiment_avg                    float64     16                        0.10614             0.058225             0.076502             0.098445             0.120383             0.179179   0.041437
pull_request_review_changes_requested_pos_sentiment_avg         float64      4                       0.180437                  0.0             0.180437             0.240583             0.240583             0.240583   0.120292
pull_request_review_changes_requested_neg_sentiment_avg         float64      4                            0.0                  0.0                  0.0                  0.0                  0.0                  0.0        0.0
pull_request_review_changes_requested_ov_sentiment_avg          float64      4                       0.164494                  0.0             0.164494             0.219325             0.219325             0.219325   0.109662
pull_request_review_approved_pos_sentiment_avg                  float64      3                       0.449389             0.449389             0.449389             0.449389             0.449389             0.449389        0.0
pull_request_review_approved_neg_sentiment_avg                  float64      3                        0.01275              0.01275              0.01275              0.01275              0.01275              0.01275        0.0
pull_request_review_approved_ov_sentiment_avg                   float64      3                       0.291681             0.291681             0.291681             0.291681             0.291681             0.291681        0.0
pull_request_review_commented_pos_sentiment_avg                 float64      3                       0.217333                0.163                0.163                0.163               0.2445                0.326   0.094108
pull_request_review_commented_neg_sentiment_avg                 float64      3                       0.021778                  0.0             0.016333             0.032667             0.032667             0.032667    0.01886
pull_request_review_commented_ov_sentiment_avg                  float64      3                       0.260711             0.170867             0.170867             0.170867             0.305633               0.4404   0.155615
pct_merged_with_approved                                        float64     10                       0.019993                  0.0                  0.0                  0.0             0.042155             0.066667   0.027162
pct_merged_with_review                                          float64     10                       0.030616                  0.0             0.005208             0.023268             0.053763             0.068182   0.027213
avg_pull_request_comment_count                                  float64     20                       2.032858                  1.0             1.764423             1.970563             2.236111                  3.0   0.482818
avg_all_disc_count                                              float64     20                       2.588016                  1.0             2.449095             2.679487                  3.0                  3.5   0.584947
avg_pull_request_review_comment_count                           float64     16                       0.551953             0.176471             0.271212                0.625             0.713675             1.166667    0.28105
avg_pull_request_review_count                                   float64      9                       0.252436             0.153846             0.181818             0.235294             0.333333             0.384615   0.084154
avg_pull_request_comment_exclude_opener_count                   float64     20                       1.985767                  1.0             1.685625             1.839744             2.236111                  3.0    0.49821
avg_all_disc_exclude_opener_count                               float64     20                       2.559786                  1.0              2.39375             2.606061                  3.0                  3.5   0.589273
avg_pull_request_review_comment_exclude_opener_count            float64     16                       0.561648             0.176471             0.319545                0.625             0.713675             1.166667   0.271004
avg_pull_request_review_exclude_opener_count                    float64      9                       0.277113             0.153846             0.181818             0.235294                  0.4             0.416667   0.111433
clustering_coefficient                                          float64     20                            0.0                  0.0                  0.0                  0.0                  0.0                  0.0        0.0

