File: drive/output/derived/org_outcomes_practices/repo_discussion_quality/important_degree_z2/rolling5/matplotlib___basemap.parquet

MD5 hash: c2aeab8c880b62841c3fea913991458b

Keys: time_period 

                                                                type  count                           mean                  min                  25%                  50%                  75%                  max        std
time_period                                           datetime64[ns]     21  2019-12-31 17:08:34.285714176  2015-01-01 00:00:00  2017-07-01 00:00:00  2020-01-01 00:00:00  2022-07-01 00:00:00  2025-01-01 00:00:00           
response_rate                                                float64     14                       0.609036             0.386364             0.520833             0.616667             0.699653             0.772727   0.128128
mean_days_to_respond                                         float64     14                        8.80985              0.03075             1.149169             1.502549             1.696825            44.175841   15.46179
pos_sentiment_avg                                            float64     19                       0.114751             0.074266             0.085285              0.11706             0.135241              0.19583   0.031749
neg_sentiment_avg                                            float64     19                       0.043566             0.029476             0.038487             0.041452             0.044261             0.092731   0.012715
ov_sentiment_avg                                             float64     19                       0.071723             0.030183             0.049749             0.078835             0.086949             0.117646   0.024832
response_rate_pull_request_comment                           float64     14                        0.62134             0.384615             0.486364             0.642125              0.71875              0.83871   0.143628
response_rate_pull_request_opened                            float64     14                        0.92619             0.666667             0.833333                  1.0                  1.0                  1.0   0.110305
response_rate_pull_request_review_comment                    float64     14                       0.258511                  0.0                  0.0             0.338068             0.413616             0.538462   0.209536
mean_days_to_respond_pull_request_comment                    float64     14                       1.763224             0.029621             1.355539             1.812489             2.476333             3.510961   1.097861
mean_days_to_respond_pull_request_opened                     float64     14                      25.722241             0.015671             0.412582             1.344821             5.544316           125.505602  48.570164
mean_days_to_respond_pull_request_review_comment             float64      9                       0.418147             0.037136             0.046152              0.33114             0.664338             1.103511   0.408124
mean_days_to_respond_to_last_comment                         float64     14                      13.986097             0.045269             1.377065             1.826609             2.708249            65.033073   24.92229
pull_request_comment_pos_sentiment_avg                       float64     19                       0.180303             0.085509             0.113694             0.177094             0.186198             0.564333   0.112279
pull_request_comment_neg_sentiment_avg                       float64     19                        0.03048                  0.0             0.030831             0.033459             0.036492             0.040703    0.01161
pull_request_comment_ov_sentiment_avg                        float64     19                       0.144751             0.033112             0.096744             0.121303             0.132064             0.498683   0.119955
pull_request_opened_pos_sentiment_avg                        float64     19                       0.029237             0.004878              0.01805              0.03063             0.040316             0.057882   0.014899
pull_request_opened_neg_sentiment_avg                        float64     19                       0.078548             0.043712             0.052803             0.066367             0.084241             0.278192   0.051403
pull_request_opened_ov_sentiment_avg                         float64     19                      -0.049285            -0.166585            -0.061236            -0.042157            -0.029167             0.011394   0.038073
pull_request_review_comment_pos_sentiment_avg                float64     19                       0.107699                0.032             0.086483              0.10075             0.103898             0.262711   0.049109
pull_request_review_comment_neg_sentiment_avg                float64     19                       0.036723                  0.0             0.006813             0.028105             0.067734              0.09375   0.037436
pull_request_review_comment_ov_sentiment_avg                 float64     19                       0.084132             0.015475             0.036214             0.067433              0.12401             0.226861   0.060404
pull_request_review_commented_pos_sentiment_avg              float64      1                          0.039                0.039                0.039                0.039                0.039                0.039           
pull_request_review_commented_neg_sentiment_avg              float64      1                          0.048                0.048                0.048                0.048                0.048                0.048           
pull_request_review_commented_ov_sentiment_avg               float64      1                       -0.05135             -0.05135             -0.05135             -0.05135             -0.05135             -0.05135           
pct_merged_with_approved                                     float64      5                        0.24817                  0.2             0.222222             0.235294                 0.25             0.333333   0.051028
pct_merged_with_review                                       float64      5                        0.24817                  0.2             0.222222             0.235294                 0.25             0.333333   0.051028
avg_pull_request_comment_count                               float64     14                        2.49168              1.47619             1.902895             2.043198              2.59375             4.666667   1.063331
avg_pull_request_review_comment_count                        float64     14                       0.364503                0.125             0.166667             0.405556             0.503027             0.684211   0.190254
avg_all_disc_count                                           float64     14                       3.025826                  2.0             2.313912             2.516667             2.853618             5.666667   1.228615
avg_pull_request_review_count                                float64      5                          0.475                0.125                0.125                  0.5                0.625                  1.0   0.368697
avg_pull_request_comment_exclude_opener_count                float64     14                        2.38845                  1.0              1.67663              1.89898             2.221284                  5.4   1.328386
avg_pull_request_review_comment_exclude_opener_count         float64     14                       0.456256             0.142857               0.2125              0.49009             0.649346               0.8125    0.22908
avg_all_disc_exclude_opener_count                            float64     14                       3.042155               1.6875               2.2125             2.397619             2.959037                  6.2   1.473737
avg_pull_request_review_exclude_opener_count                 float64      5                       0.552857                  0.2                 0.25                  0.6             0.714286                  1.0   0.333335
clustering_coefficient                                       float64     20                            0.0                  0.0                  0.0                  0.0                  0.0                  0.0        0.0

