File: drive/output/derived/org_outcomes_practices/repo_discussion_quality/important_degree_z2/rolling5/mrts___django-admin-list-filter-dropdown.parquet

MD5 hash: fdda947cdea4a8a089605f1649a21f80

Keys: time_period 

                                                         type  count                 mean                  min                  25%                  50%                  75%                  max        std
time_period                                    datetime64[ns]     18  2020-09-30 16:00:00  2016-07-01 00:00:00  2018-08-16 00:00:00  2020-10-01 00:00:00  2022-11-16 00:00:00  2025-01-01 00:00:00           
response_rate                                         float64     11             0.634385             0.545455             0.585714             0.608696             0.654762             0.833333   0.081103
mean_days_to_respond                                  float64     11            41.801314              8.18484            16.127826            40.965624            60.571722            86.225773  27.630762
pos_sentiment_avg                                     float64     15              0.16338             0.114778             0.141618             0.153556              0.17824             0.252273   0.035785
neg_sentiment_avg                                     float64     15             0.033893                  0.0             0.022507               0.0367             0.047428              0.06231   0.019874
ov_sentiment_avg                                      float64     15             0.208943             0.153026             0.187387              0.20095             0.213203             0.332173   0.047784
response_rate_issue_comment                           float64     11             0.653418                  0.5                  0.6                0.625             0.696154                  0.8   0.090872
response_rate_pull_request_comment                    float64     10             0.459167                  0.0                  0.5                 0.55                  0.6             0.666667   0.248714
response_rate_issue_opened                            float64      2                  1.0                  1.0                  1.0                  1.0                  1.0                  1.0        0.0
mean_days_to_respond_issue_comment                    float64     11            37.796135             10.23077            14.750513             37.01166            46.822153           107.781936  29.640184
mean_days_to_respond_pull_request_comment             float64      8            68.669226            13.242993            19.790472            47.555565            83.235408           219.118426  69.134809
mean_days_to_respond_to_last_comment                  float64     11            50.752974             0.634705            14.932006            52.837781            74.532502           125.911952  40.586407
mean_days_to_respond_issue_opened                     float64      2             0.001123             0.001123             0.001123             0.001123             0.001123             0.001123        0.0
issue_comment_pos_sentiment_avg                       float64     15             0.188676             0.124718             0.162069             0.187478             0.213978             0.253607   0.038531
issue_comment_neg_sentiment_avg                       float64     15             0.008344                  0.0             0.004228             0.010746             0.012527              0.01512   0.004807
issue_comment_ov_sentiment_avg                        float64     15             0.278135              0.20095              0.23712             0.268291             0.315394             0.373716   0.051812
issue_opened_pos_sentiment_avg                        float64     15             0.074071                  0.0             0.046333             0.070929             0.106135                0.139    0.04015
issue_opened_neg_sentiment_avg                        float64     15             0.022369                  0.0             0.007583                0.015             0.037183             0.062583   0.019976
issue_opened_ov_sentiment_avg                         float64     15             0.108448            -0.052967             0.060633              0.10115             0.181094               0.2092   0.077095
pull_request_comment_pos_sentiment_avg                float64     14              0.27764             0.156889             0.224302             0.247333             0.308667              0.51825   0.099916
pull_request_comment_neg_sentiment_avg                float64     14              0.02397                  0.0              0.02131             0.026569             0.029333             0.046333   0.011619
pull_request_comment_ov_sentiment_avg                 float64     14             0.311911             0.108616             0.212092             0.256708             0.455681               0.4765   0.138069
pull_request_opened_pos_sentiment_avg                 float64     13             0.056085                  0.0                0.017             0.075943                0.083               0.1432   0.043858
pull_request_opened_neg_sentiment_avg                 float64     13              0.25215                  0.0               0.2318                0.262                0.324                0.524   0.133889
pull_request_opened_ov_sentiment_avg                  float64     13            -0.056981               -0.296               -0.148             -0.05905            -0.022597              0.20095   0.136445
pull_request_review_comment_pos_sentiment_avg         float64      5             0.026729             0.026729             0.026729             0.026729             0.026729             0.026729        0.0
pull_request_review_comment_neg_sentiment_avg         float64      5             0.064293             0.064293             0.064293             0.064293             0.064293             0.064293        0.0
pull_request_review_comment_ov_sentiment_avg          float64      5            -0.051617            -0.051617            -0.051617            -0.051617            -0.051617            -0.051617        0.0
pct_merged_with_approved                              float64      0                                                                                                                                         
pct_merged_with_review                                float64      0                                                                                                                                         
avg_pull_request_comment_count                        float64     11             1.418182                  1.0                  1.0             1.333333             1.666667             2.333333   0.428852
avg_all_disc_count                                    float64     11             1.418182                  1.0                  1.0             1.333333             1.666667             2.333333   0.428852
avg_pull_request_comment_exclude_opener_count         float64     11             1.365152                  1.0                  1.0             1.333333             1.633333                  2.0   0.347247
avg_all_disc_exclude_opener_count                     float64     11             1.365152                  1.0                  1.0             1.333333             1.633333                  2.0   0.347247
clustering_coefficient                                float64     17                  0.0                  0.0                  0.0                  0.0                  0.0                  0.0        0.0

