File: drive/output/derived/org_outcomes_practices/repo_discussion_quality/important_degree_z2/rolling5/naturalhistorymuseum___pyzbar.parquet

MD5 hash: cec769268d10d060053f00f91bd7c776

Keys: time_period 

                                                                type  count                 mean                  min                  25%                  50%                  75%                  max         std
time_period                                           datetime64[ns]     18  2020-09-30 16:00:00  2016-07-01 00:00:00  2018-08-16 00:00:00  2020-10-01 00:00:00  2022-11-16 00:00:00  2025-01-01 00:00:00            
response_rate                                                float64     15             0.753254                  0.5             0.684333             0.785714              0.81717             0.916667    0.105818
mean_days_to_respond                                         float64     15             179.6844            52.286775            69.660818           207.704203           256.145109           304.726262   91.703901
pos_sentiment_avg                                            float64     18             0.099979             0.027857             0.101389             0.110562             0.115727             0.132019    0.031575
neg_sentiment_avg                                            float64     18             0.030011                  0.0             0.022574             0.036816             0.041612             0.050123    0.016306
ov_sentiment_avg                                             float64     18             0.095872             0.058543              0.09108             0.098027             0.103491             0.119484     0.01547
response_rate_issue_comment                                  float64     15              0.78037             0.666667             0.730769                 0.75             0.815341                  1.0    0.080482
response_rate_issue_opened                                   float64      6                  1.0                  1.0                  1.0                  1.0                  1.0                  1.0         0.0
response_rate_pull_request_comment                           float64     15             0.531111                  0.0                  0.0                  0.8                  1.0                  1.0    0.466576
response_rate_pull_request_opened                            float64      7                  1.0                  1.0                  1.0                  1.0                  1.0                  1.0         0.0
response_rate_pull_request_review_comment                    float64      8              0.40625                  0.0                  0.0                0.125                  1.0                  1.0    0.494388
mean_days_to_respond_issue_comment                           float64     15           177.285437            52.286775            78.814378           194.187148           220.645671           382.343285   96.134345
mean_days_to_respond_issue_opened                            float64      6           330.344925            28.383704           357.795945           357.795945           357.795945           522.502066  161.937753
mean_days_to_respond_pull_request_opened                     float64      7           155.588525             0.002306            80.878383           161.749954           194.098582           377.413484  130.865004
mean_days_to_respond_to_last_comment                         float64     15           238.397218            35.230382            91.466353             279.1415           331.420318           473.904736  137.069058
mean_days_to_respond_pull_request_review_comment             float64      5           349.449815           349.449815           349.449815           349.449815           349.449815           349.449815         0.0
mean_days_to_respond_pull_request_comment                    float64      9           288.937179             8.114753             22.25309           301.296509           301.296509          1306.860451  406.626027
issue_opened_pos_sentiment_avg                               float64     18             0.074347                  0.0             0.067765             0.075557             0.097968             0.125215    0.039641
issue_opened_neg_sentiment_avg                               float64     18             0.024993                  0.0             0.020737             0.027463             0.033093             0.042653    0.013216
issue_opened_ov_sentiment_avg                                float64     18             0.071079                  0.0              0.04679             0.069551             0.101075              0.14472    0.044543
pull_request_comment_pos_sentiment_avg                       float64     18             0.126151             0.055714             0.108495             0.125245             0.145277               0.2205    0.040537
pull_request_comment_neg_sentiment_avg                       float64     18             0.012418                  0.0                  0.0             0.015618             0.020336             0.039833    0.012192
pull_request_comment_ov_sentiment_avg                        float64     18             0.149717             0.083194             0.125405             0.147052             0.172793             0.204521    0.031934
pull_request_opened_pos_sentiment_avg                        float64     18             0.035183                  0.0             0.017646             0.028533             0.049257             0.091174    0.024372
pull_request_opened_neg_sentiment_avg                        float64     18             0.080589                  0.0             0.000232             0.017099             0.079583                0.393    0.124413
pull_request_opened_ov_sentiment_avg                         float64     18            -0.003989            -0.187054            -0.038095             0.007341             0.048457             0.107696    0.085739
issue_comment_pos_sentiment_avg                              float64     15             0.137708             0.103865             0.119178              0.13747              0.14727             0.191574    0.023386
issue_comment_neg_sentiment_avg                              float64     15             0.040626             0.014557             0.032959             0.040664             0.051557             0.069396    0.015063
issue_comment_ov_sentiment_avg                               float64     15             0.117262             0.071514             0.106986             0.115574             0.128249             0.181074    0.028971
pull_request_review_comment_pos_sentiment_avg                float64     10             0.156322             0.021056             0.023688             0.085869                0.217                0.434    0.166731
pull_request_review_comment_neg_sentiment_avg                float64     10             0.011582                  0.0             0.006625             0.009702             0.016333              0.02675     0.00962
pull_request_review_comment_ov_sentiment_avg                 float64     10              0.07745            -0.012824             0.014173             0.022999               0.0447               0.3182    0.128407
pct_merged_with_approved                                     float64      0                                                                                                                                          
pct_merged_with_review                                       float64      0                                                                                                                                          
avg_pull_request_comment_count                               float64     15                 1.11                  0.5                  1.0                  1.0                 1.25                  1.5    0.244365
avg_pull_request_review_comment_count                        float64      8               3.4625                  0.2                 0.25                  3.0                  7.0                  7.0    3.190471
avg_all_disc_count                                           float64     15             2.956667                  1.0                  1.1                  1.5                3.875                  8.0    2.778544
avg_pull_request_comment_exclude_opener_count                float64     15             1.043333                  0.5                  1.0                  1.0                  1.2                 1.25    0.186956
avg_pull_request_review_comment_exclude_opener_count         float64      8               3.4625                  0.2                 0.25                  3.0                  7.0                  7.0    3.190471
avg_all_disc_exclude_opener_count                            float64     15                 2.89                  1.0                  1.0                  1.4                3.875                  8.0    2.821233
clustering_coefficient                                       float64     15                  0.0                  0.0                  0.0                  0.0                  0.0                  0.0         0.0

