File: drive/output/derived/org_outcomes_practices/repo_discussion_quality/important_degree_z2/rolling5/orokusaki___pycard.parquet

MD5 hash: 5addc9dba017a3c5cfb867b3a6643735

Keys: time_period 

                                                         type  count                 mean                  min                  25%                  50%                  75%                  max       std
time_period                                    datetime64[ns]      9  2017-07-01 10:40:00  2015-07-01 00:00:00  2016-07-01 00:00:00  2017-07-01 00:00:00  2018-07-01 00:00:00  2019-07-01 00:00:00          
response_rate                                         float64      1                  0.0                  0.0                  0.0                  0.0                  0.0                  0.0          
mean_days_to_respond                                  float64      0                                                                                                                                        
pos_sentiment_avg                                     float64      6             0.221548             0.005125             0.183515             0.224814             0.282543                0.403  0.132715
neg_sentiment_avg                                     float64      6              0.13142             0.074857             0.089996             0.104836             0.122915                 0.29  0.079779
ov_sentiment_avg                                      float64      6             0.118579            -0.182887             0.096179             0.152094             0.201474               0.2947  0.164145
response_rate_pull_request_comment                    float64      1                  0.0                  0.0                  0.0                  0.0                  0.0                  0.0          
pull_request_comment_pos_sentiment_avg                float64      6             0.341965              0.01025             0.319012             0.400179             0.459339             0.470167  0.174813
pull_request_comment_neg_sentiment_avg                float64      6               0.0112                  0.0                  0.0                  0.0               0.0084                0.056    0.0224
pull_request_comment_ov_sentiment_avg                 float64      6             0.279866            -0.069775             0.271617             0.355567              0.38968              0.39315  0.179612
pull_request_opened_pos_sentiment_avg                 float64      6             0.015075                  0.0             0.003375              0.01485             0.019238               0.0405  0.015043
pull_request_opened_neg_sentiment_avg                 float64      6             0.332539               0.1645               0.2428             0.273167             0.464083                0.524  0.153684
pull_request_opened_ov_sentiment_avg                  float64      6            -0.154296               -0.296            -0.255992            -0.119963            -0.067952              -0.0379  0.115108
pull_request_review_comment_pos_sentiment_avg         float64      4             0.031167             0.031167             0.031167             0.031167             0.031167             0.031167       0.0
pull_request_review_comment_neg_sentiment_avg         float64      4             0.235417             0.235417             0.235417             0.235417             0.235417             0.235417       0.0
pull_request_review_comment_ov_sentiment_avg          float64      4            -0.087608            -0.087608            -0.087608            -0.087608            -0.087608            -0.087608       0.0
avg_pull_request_comment_count                        float64      1                  1.0                  1.0                  1.0                  1.0                  1.0                  1.0          
avg_all_disc_count                                    float64      1                  1.0                  1.0                  1.0                  1.0                  1.0                  1.0          
avg_pull_request_comment_exclude_opener_count         float64      1                  1.0                  1.0                  1.0                  1.0                  1.0                  1.0          
avg_all_disc_exclude_opener_count                     float64      1                  1.0                  1.0                  1.0                  1.0                  1.0                  1.0          
clustering_coefficient                                float64      5                  0.0                  0.0                  0.0                  0.0                  0.0                  0.0       0.0

