File: drive/output/derived/org_outcomes_practices/repo_discussion_quality/important_degree_z2/rolling5/peterbe___django-cache-memoize.parquet

MD5 hash: b6b36eb8a424dd5e8c93b1517cc14e93

Keys: time_period 

                                                                   type  count                 mean                  min                  25%                  50%                  75%                  max       std
time_period                                              datetime64[ns]     15  2021-01-24 06:24:00  2017-07-01 00:00:00  2019-04-01 12:00:00  2021-01-01 00:00:00  2022-10-01 00:00:00  2025-01-01 00:00:00          
response_rate                                                   float64      6             0.690159                  0.6             0.678571             0.717143                 0.72                 0.72  0.048855
mean_days_to_respond                                            float64      6             2.376353             0.529031             0.529031             0.538915             2.510063             8.958412  3.391794
pos_sentiment_avg                                               float64     15             0.124159             0.087306             0.112914             0.121188             0.129534                0.186  0.026997
neg_sentiment_avg                                               float64     15             0.142926             0.053133             0.066629             0.084295             0.219755                0.393   0.11247
ov_sentiment_avg                                                float64     15             0.043821              -0.1119            -0.014552             0.088538             0.099972             0.117072  0.078959
response_rate_pull_request_comment                              float64      6             0.662322                  0.6             0.615385             0.615385             0.716346             0.777778  0.079386
response_rate_pull_request_opened                               float64      6                  1.0                  1.0                  1.0                  1.0                  1.0                  1.0       0.0
response_rate_pull_request_review_comment                       float64      6             0.642677             0.272727               0.5625             0.763889             0.777778             0.777778  0.211421
mean_days_to_respond_pull_request_comment                       float64      6             2.836351             0.061474             0.128313             0.128313             3.949563            11.348382  4.644408
mean_days_to_respond_pull_request_opened                        float64      6             0.263384              0.00642              0.00642              0.00642             0.237688              1.23985  0.494014
mean_days_to_respond_pull_request_review_comment                float64      6             1.052644             0.378071             1.050917             1.210971             1.210971             1.307313  0.345873
mean_days_to_respond_to_last_comment                            float64      6             1.992347             0.286466             0.319634             0.319634             0.916087             9.593808  3.737808
pull_request_comment_pos_sentiment_avg                          float64     15             0.166623                  0.0               0.1242             0.139282             0.149305                0.744  0.181118
pull_request_comment_neg_sentiment_avg                          float64     15             0.055386                  0.0             0.030607             0.036721             0.039601                0.153  0.051463
pull_request_comment_ov_sentiment_avg                           float64     15             0.103742               -0.148             0.115046             0.138051             0.153903               0.4404  0.152137
pull_request_opened_pos_sentiment_avg                           float64     15             0.059445                  0.0             0.046426             0.055518             0.068508              0.11075  0.029384
pull_request_opened_neg_sentiment_avg                           float64     15             0.230661             0.107984             0.156694             0.205463              0.26531                0.524  0.116251
pull_request_opened_ov_sentiment_avg                            float64     15            -0.056419               -0.296            -0.082439            -0.036358             0.000872             0.042905  0.084998
pull_request_review_comment_pos_sentiment_avg                   float64     10             0.163978               0.0495             0.145343             0.159608             0.208318             0.231357  0.054033
pull_request_review_comment_neg_sentiment_avg                   float64     10             0.065943             0.031873             0.033586             0.046287             0.065742                0.237  0.061922
pull_request_review_comment_ov_sentiment_avg                    float64     10             0.113932             -0.05295              0.09836              0.13053             0.159032             0.159343  0.065095
pull_request_review_changes_requested_pos_sentiment_avg         float64      5             0.078667             0.078667             0.078667             0.078667             0.078667             0.078667       0.0
pull_request_review_changes_requested_neg_sentiment_avg         float64      5             0.039667             0.039667             0.039667             0.039667             0.039667             0.039667       0.0
pull_request_review_changes_requested_ov_sentiment_avg          float64      5             0.110267             0.110267             0.110267             0.110267             0.110267             0.110267       0.0
pull_request_review_commented_pos_sentiment_avg                 float64      5             0.148333             0.148333             0.148333             0.148333             0.148333             0.148333       0.0
pull_request_review_commented_neg_sentiment_avg                 float64      5               0.0655               0.0655               0.0655               0.0655               0.0655               0.0655       0.0
pull_request_review_commented_ov_sentiment_avg                  float64      5              0.13545              0.13545              0.13545              0.13545              0.13545              0.13545       0.0
pull_request_review_approved_pos_sentiment_avg                  float64      5                 0.05                 0.05                 0.05                 0.05                 0.05                 0.05       0.0
pull_request_review_approved_neg_sentiment_avg                  float64      5                  0.0                  0.0                  0.0                  0.0                  0.0                  0.0       0.0
pull_request_review_approved_ov_sentiment_avg                   float64      5               0.2162               0.2162               0.2162               0.2162               0.2162               0.2162       0.0
pct_merged_with_approved                                        float64      2             0.733333             0.666667                  0.7             0.733333             0.766667                  0.8  0.094281
pct_merged_with_review                                          float64      2             0.733333             0.666667                  0.7             0.733333             0.766667                  0.8  0.094281
avg_pull_request_comment_count                                  float64      7             2.082328                  1.0             2.058824             2.285714             2.336466                  2.5  0.503054
avg_all_disc_count                                              float64      7             3.010488                  1.0             2.705882             3.071429             3.723684             4.142857  1.051267
avg_pull_request_review_comment_count                           float64      6             0.819696             0.647059             0.681723             0.785714             0.946429             1.052632  0.172444
avg_pull_request_review_count                                   float64      2             0.789474             0.578947             0.684211             0.789474             0.894737                  1.0  0.297729
avg_pull_request_comment_exclude_opener_count                   float64      7             1.913806                  1.0             1.941176                  2.0             2.107143                  2.3  0.422379
avg_all_disc_exclude_opener_count                               float64      7             2.664737                  1.0             2.588235             2.928571              3.12406                  3.3  0.783037
avg_pull_request_review_comment_exclude_opener_count            float64      6             0.716313             0.428571             0.647059             0.716387             0.788534                  1.0  0.191329
avg_pull_request_review_exclude_opener_count                    float64      2             0.479323             0.315789             0.397556             0.479323              0.56109             0.642857  0.231272
clustering_coefficient                                          float64     10              0.16047                  0.0                  0.0              0.16047             0.320941             0.320941  0.169151

