File: drive/output/derived/org_outcomes_practices/repo_discussion_quality/important_degree_z2/rolling5/phgz___emotion.parquet

MD5 hash: e8e22a1882c218d70e088650cc01ae1c

Keys: time_period 

                                                                   type  count                 mean                  min                  25%                  50%                  75%                  max       std
time_period                                              datetime64[ns]      6  2023-04-01 16:00:00  2022-01-01 00:00:00  2022-08-16 00:00:00  2023-04-01 12:00:00  2023-11-16 00:00:00  2024-07-01 00:00:00          
response_rate                                                   float64      2             0.133929                0.125             0.129464             0.133929             0.138393             0.142857  0.012627
mean_days_to_respond                                            float64      2             0.001435             0.000845              0.00114             0.001435              0.00173             0.002025  0.000835
pos_sentiment_avg                                               float64      2             0.004821                  0.0             0.002411             0.004821             0.007232             0.009643  0.006819
neg_sentiment_avg                                               float64      2              0.29527             0.291111              0.29319              0.29527             0.297349             0.299429  0.005881
ov_sentiment_avg                                                float64      2            -0.157032            -0.164444            -0.160738            -0.157032            -0.153325            -0.149619  0.010483
response_rate_pull_request_opened                               float64      2             0.126984             0.111111             0.119048             0.126984             0.134921             0.142857  0.022448
response_rate_pull_request_review_comment                       float64      2                  0.1                  0.0                 0.05                  0.1                 0.15                  0.2  0.141421
mean_days_to_respond_pull_request_opened                        float64      2             0.000845             0.000845             0.000845             0.000845             0.000845             0.000845       0.0
mean_days_to_respond_to_last_comment                            float64      2             0.001435             0.000845              0.00114             0.001435              0.00173             0.002025  0.000835
mean_days_to_respond_pull_request_review_comment                float64      1             0.003206             0.003206             0.003206             0.003206             0.003206             0.003206          
pull_request_comment_pos_sentiment_avg                          float64      2                  0.0                  0.0                  0.0                  0.0                  0.0                  0.0       0.0
pull_request_comment_neg_sentiment_avg                          float64      2                  0.0                  0.0                  0.0                  0.0                  0.0                  0.0       0.0
pull_request_comment_ov_sentiment_avg                           float64      2                  0.0                  0.0                  0.0                  0.0                  0.0                  0.0       0.0
pull_request_opened_pos_sentiment_avg                           float64      2             0.003617                  0.0             0.001808             0.003617             0.005425             0.007233  0.005115
pull_request_opened_neg_sentiment_avg                           float64      2             0.411138             0.403077             0.407108             0.411138             0.415169               0.4192  0.011401
pull_request_opened_ov_sentiment_avg                            float64      2            -0.226226            -0.227692            -0.226959            -0.226226            -0.225493             -0.22476  0.002073
pull_request_review_comment_pos_sentiment_avg                   float64      1               0.0376               0.0376               0.0376               0.0376               0.0376               0.0376          
pull_request_review_comment_neg_sentiment_avg                   float64      1                  0.0                  0.0                  0.0                  0.0                  0.0                  0.0          
pull_request_review_comment_ov_sentiment_avg                    float64      1              0.09176              0.09176              0.09176              0.09176              0.09176              0.09176          
pull_request_review_commented_pos_sentiment_avg                 float64      2                  0.0                  0.0                  0.0                  0.0                  0.0                  0.0       0.0
pull_request_review_commented_neg_sentiment_avg                 float64      2                  0.0                  0.0                  0.0                  0.0                  0.0                  0.0       0.0
pull_request_review_commented_ov_sentiment_avg                  float64      2                  0.0                  0.0                  0.0                  0.0                  0.0                  0.0       0.0
pull_request_review_changes_requested_pos_sentiment_avg         float64      1                  0.0                  0.0                  0.0                  0.0                  0.0                  0.0          
pull_request_review_changes_requested_neg_sentiment_avg         float64      1                  0.0                  0.0                  0.0                  0.0                  0.0                  0.0          
pull_request_review_changes_requested_ov_sentiment_avg          float64      1                  0.0                  0.0                  0.0                  0.0                  0.0                  0.0          
pct_merged_with_approved                                        float64      2             0.204167                  0.2             0.202083             0.204167              0.20625             0.208333  0.005893
pct_merged_with_review                                          float64      2             0.204167                  0.2             0.202083             0.204167              0.20625             0.208333  0.005893
avg_pull_request_comment_count                                  float64      2                  0.5             0.333333             0.416667                  0.5             0.583333             0.666667  0.235702
avg_pull_request_review_count                                   float64      2             1.833333             1.666667                 1.75             1.833333             1.916667                  2.0  0.235702
avg_pull_request_review_comment_count                           float64      2             0.833333             0.666667                 0.75             0.833333             0.916667                  1.0  0.235702
avg_all_disc_count                                              float64      2             3.166667                  3.0             3.083333             3.166667                 3.25             3.333333  0.235702
avg_pull_request_review_exclude_opener_count                    float64      2                 2.45                  2.4                2.425                 2.45                2.475                  2.5  0.070711
avg_pull_request_review_comment_exclude_opener_count            float64      2                  1.1                  1.0                 1.05                  1.1                 1.15                  1.2  0.141421
avg_all_disc_exclude_opener_count                               float64      2                 3.55                  3.5                3.525                 3.55                3.575                  3.6  0.070711
clustering_coefficient                                          float64      6                  0.0                  0.0                  0.0                  0.0                  0.0                  0.0       0.0

