File: drive/output/derived/org_outcomes_practices/repo_discussion_quality/important_degree_z2/rolling5/plone___plone.schemaeditor.parquet

MD5 hash: 22fa5319232f7cb3eb2c1f8fd875ae60

Keys: time_period 

                                                                type  count                           mean                  min                  25%                  50%                  75%                  max         std
time_period                                           datetime64[ns]     21  2019-12-31 17:08:34.285714176  2015-01-01 00:00:00  2017-07-01 00:00:00  2020-01-01 00:00:00  2022-07-01 00:00:00  2025-01-01 00:00:00            
response_rate                                                float64     15                        0.69129             0.592593             0.633971             0.666667                0.725                0.875    0.084042
mean_days_to_respond                                         float64     15                      10.391719             0.587912             1.386391             3.119208            15.055524            38.513891   12.534746
pos_sentiment_avg                                            float64     21                       0.148546             0.075769             0.085234             0.173452             0.200623             0.229538    0.057008
neg_sentiment_avg                                            float64     21                       0.073227             0.024678              0.04956             0.067772             0.097834             0.141808    0.033333
ov_sentiment_avg                                             float64     21                       0.100041            -0.003527             0.015853             0.117575               0.1637             0.213957    0.079424
response_rate_pull_request_comment                           float64     15                       0.618846                  0.4             0.516667             0.588235                 0.75             0.857143    0.150016
response_rate_pull_request_opened                            float64     15                            1.0                  1.0                  1.0                  1.0                  1.0                  1.0         0.0
response_rate_issue_comment                                  float64     12                       0.422222                  0.0             0.321429             0.535714                  0.6             0.666667    0.262053
response_rate_pull_request_review_comment                    float64     11                       0.454545                  0.0                  0.0                  0.5                 0.75                  1.0    0.384353
response_rate_issue_opened                                   float64      8                            1.0                  1.0                  1.0                  1.0                  1.0                  1.0         0.0
mean_days_to_respond_pull_request_comment                    float64     15                       1.155501             0.021971             0.189481             0.285015              2.02273             3.574649    1.177146
mean_days_to_respond_pull_request_opened                     float64     15                       0.455786             0.000046             0.000058             0.303086             0.960755             1.012367    0.459298
mean_days_to_respond_to_last_comment                         float64     15                      16.798318             0.153305             1.372135             5.874653            26.074949            60.440129   20.354693
mean_days_to_respond_issue_comment                           float64      9                      19.390357             0.249001             0.249001             9.845216            27.311131            79.708877   26.027604
mean_days_to_respond_pull_request_review_comment             float64      7                       0.119936              0.02287              0.02287             0.192735             0.192735             0.192735    0.090797
mean_days_to_respond_issue_opened                            float64      8                     158.343897             0.109514             0.954142           105.880645           263.330731           421.263461  186.365139
pull_request_comment_pos_sentiment_avg                       float64     21                       0.222382             0.068008             0.122429             0.267772             0.298976             0.361503    0.098881
pull_request_comment_neg_sentiment_avg                       float64     21                       0.027254             0.005325             0.020729             0.027924             0.033159             0.046669     0.01123
pull_request_comment_ov_sentiment_avg                        float64     21                       0.197891             0.003717             0.060137             0.217398             0.285084             0.379751    0.131274
pull_request_opened_pos_sentiment_avg                        float64     21                       0.037085                  0.0             0.006864             0.028101             0.040821             0.126652    0.042961
pull_request_opened_neg_sentiment_avg                        float64     21                       0.217357             0.083814             0.180944             0.232429             0.271416             0.305696    0.070011
pull_request_opened_ov_sentiment_avg                         float64     21                      -0.105446             -0.21096            -0.159401            -0.107829            -0.078648             0.033671     0.07269
pull_request_review_comment_pos_sentiment_avg                float64     20                        0.05936                  0.0             0.033423             0.074317             0.100881             0.108667    0.039156
pull_request_review_comment_neg_sentiment_avg                float64     20                       0.044199                  0.0                  0.0             0.035287             0.039372                0.167    0.052656
pull_request_review_comment_ov_sentiment_avg                 float64     20                      -0.008641                -0.34            -0.007257             0.000993             0.117148               0.1468    0.136767
issue_comment_pos_sentiment_avg                              float64     20                       0.081415             0.021611             0.049392             0.066087             0.125615               0.1696    0.045714
issue_comment_neg_sentiment_avg                              float64     20                       0.036471             0.005812             0.009625             0.012115             0.019454             0.256917    0.060441
issue_comment_ov_sentiment_avg                               float64     20                       0.107615            -0.057575             0.061296             0.119591             0.175801             0.226494    0.078093
issue_opened_pos_sentiment_avg                               float64     20                        0.03308                  0.0             0.020778             0.033583             0.048524             0.066156    0.019603
issue_opened_neg_sentiment_avg                               float64     20                       0.012543                  0.0             0.003562             0.007482             0.020983             0.036192    0.012645
issue_opened_ov_sentiment_avg                                float64     20                       0.038048             -0.07859            -0.002643             0.035356             0.084233             0.154003    0.064277
pull_request_review_approved_pos_sentiment_avg               float64      9                       0.433836              0.19769             0.247603             0.320446              0.55625                0.857    0.262943
pull_request_review_approved_neg_sentiment_avg               float64      9                       0.029256                  0.0             0.025444             0.030533             0.042733               0.0575    0.019136
pull_request_review_approved_ov_sentiment_avg                float64      9                       0.241462              0.13201             0.132917              0.18068               0.2974              0.46655     0.13734
pct_merged_with_approved                                     float64      7                       0.261905                  0.0                  0.0             0.333333                  0.5                  0.5    0.251976
pct_merged_with_review                                       float64      7                       0.261905                  0.0                  0.0             0.333333                  0.5                  0.5    0.251976
avg_pull_request_comment_count                               float64     15                       1.999503                  1.0             1.714286                  2.0             2.333333             2.818182    0.515801
avg_all_disc_count                                           float64     15                       2.315524             1.133333                  2.0             2.071429             2.732143                  3.5    0.608703
avg_pull_request_review_comment_count                        float64     11                       0.349719             0.071429             0.141667             0.285714             0.472222                  1.0    0.276234
avg_pull_request_review_count                                float64      4                       0.223352             0.133333             0.158333              0.22619             0.291209             0.307692    0.086253
avg_pull_request_comment_exclude_opener_count                float64     15                       1.529714                  0.5             0.954545                 1.75                  2.0             2.333333    0.610685
avg_all_disc_exclude_opener_count                            float64     15                       1.776178                  1.0              1.20202                  2.0               2.0625                  3.0    0.648894
avg_pull_request_review_comment_exclude_opener_count         float64      7                       0.404762                 0.25             0.291667             0.333333                  0.5             0.666667    0.155371
avg_pull_request_review_exclude_opener_count                 float64      4                       0.215909             0.090909             0.147727             0.219697             0.287879             0.333333    0.108115
clustering_coefficient                                       float64     21                            0.0                  0.0                  0.0                  0.0                  0.0                  0.0         0.0

