File: drive/output/derived/org_outcomes_practices/repo_discussion_quality/important_degree_z2/rolling5/ppfeufer___aa-example-plugin.parquet

MD5 hash: 0c86c6106f207a3d16bfc41843378ed4

Keys: time_period 

                                                        type  count                 mean                  min                  25%                  50%                  75%                  max       std
time_period                                   datetime64[ns]      4  2024-04-01 00:00:00  2023-07-01 00:00:00  2023-11-16 00:00:00  2024-04-01 00:00:00  2024-08-16 00:00:00  2025-01-01 00:00:00          
response_rate                                        float64      0                                                                                                                                        
mean_days_to_respond                                 float64      0                                                                                                                                        
pos_sentiment_avg                                    float64      4              0.00825                  0.0             0.006188              0.00825             0.010313               0.0165  0.006736
neg_sentiment_avg                                    float64      4               0.0655                  0.0                  0.0               0.0655                0.131                0.131  0.075633
ov_sentiment_avg                                     float64      4             0.063475                  0.0             0.019856             0.026475             0.070094              0.20095  0.092496
pull_request_opened_pos_sentiment_avg                float64      4              0.00825                  0.0             0.006188              0.00825             0.010313               0.0165  0.006736
pull_request_opened_neg_sentiment_avg                float64      4               0.0655                  0.0                  0.0               0.0655                0.131                0.131  0.075633
pull_request_opened_ov_sentiment_avg                 float64      4             0.063475                  0.0             0.019856             0.026475             0.070094              0.20095  0.092496
pct_merged_with_approved                             float64      2                 0.75             0.666667             0.708333                 0.75             0.791667             0.833333  0.117851
pct_merged_with_review                               float64      2                 0.75             0.666667             0.708333                 0.75             0.791667             0.833333  0.117851
avg_pull_request_review_count                        float64      2                  1.0                  1.0                  1.0                  1.0                  1.0                  1.0       0.0
avg_all_disc_count                                   float64      2                  1.0                  1.0                  1.0                  1.0                  1.0                  1.0       0.0
avg_pull_request_review_exclude_opener_count         float64      2                  1.0                  1.0                  1.0                  1.0                  1.0                  1.0       0.0
avg_all_disc_exclude_opener_count                    float64      2                  1.0                  1.0                  1.0                  1.0                  1.0                  1.0       0.0
clustering_coefficient                               float64      4                  0.0                  0.0                  0.0                  0.0                  0.0                  0.0       0.0

