File: drive/output/derived/org_outcomes_practices/repo_discussion_quality/important_degree_z2/rolling5/prefecthq___prefect.parquet

MD5 hash: 879f1e08e0f940dc4ec2dc56f791df0a

Keys: time_period 

                                                                   type  count                           mean                  min                  25%                  50%                  75%                  max       std
time_period                                              datetime64[ns]     13  2021-12-31 05:32:18.461538560  2019-01-01 00:00:00  2020-07-01 00:00:00  2022-01-01 00:00:00  2023-07-01 00:00:00  2025-01-01 00:00:00          
response_rate                                                   float64     13                       0.536267             0.436961             0.498684             0.536148             0.592213             0.615584  0.060254
mean_days_to_respond                                            float64     13                      15.026871             7.856154            12.054775            14.426518            18.072145            22.672235  4.810679
pos_sentiment_avg                                               float64     13                       0.122638             0.115313              0.12007             0.123247             0.125471             0.127668   0.00391
neg_sentiment_avg                                               float64     13                       0.038029              0.03455             0.036191             0.037035             0.039486             0.043908  0.002599
ov_sentiment_avg                                                float64     13                       0.114668             0.103816              0.11011             0.114622             0.120505             0.122008  0.006587
response_rate_issue_comment                                     float64     13                       0.693501             0.625961              0.67622             0.680611             0.727273             0.746977  0.035366
response_rate_issue_opened                                      float64     13                            1.0                  1.0                  1.0                  1.0                  1.0                  1.0       0.0
response_rate_pull_request_comment                              float64     13                       0.553658             0.477477             0.508961             0.549491             0.604396               0.6337  0.053479
response_rate_pull_request_opened                               float64     13                       0.806132             0.640333             0.703863             0.814505             0.923077             0.978177   0.11987
response_rate_pull_request_review_comment                       float64     13                       0.280871             0.200105             0.210076             0.293096             0.328253             0.388316  0.063793
mean_days_to_respond_issue_comment                              float64     13                      35.593242            22.772407            32.002285            36.389654            40.659216            46.618535  7.145682
mean_days_to_respond_issue_opened                               float64     13                      51.019845            33.053544            47.897575             49.45933            57.934854            66.095455   9.75302
mean_days_to_respond_pull_request_comment                       float64     13                       4.990027             1.138245             4.842848             5.557131              5.68379             6.939682  1.646303
mean_days_to_respond_pull_request_opened                        float64     13                       0.535246             0.124396             0.232847              0.48065             0.777847             1.272892  0.336821
mean_days_to_respond_pull_request_review_comment                float64     13                       0.917301             0.105076             0.304119             0.474552             1.720816             2.145067  0.796461
mean_days_to_respond_to_last_comment                            float64     13                      19.750759             8.146777            16.168777            17.230916            22.967603            31.427839  7.192997
issue_comment_pos_sentiment_avg                                 float64     13                       0.125328             0.119873             0.122297             0.123075             0.125716             0.136723  0.005436
issue_comment_neg_sentiment_avg                                 float64     13                       0.027003             0.024172             0.025515             0.027954             0.028726             0.029143  0.001903
issue_comment_ov_sentiment_avg                                  float64     13                       0.147223             0.131404             0.133837             0.150108             0.158022             0.171224   0.01424
issue_opened_pos_sentiment_avg                                  float64     13                       0.048558             0.028745             0.031955             0.055989             0.063161             0.069717  0.016741
issue_opened_neg_sentiment_avg                                  float64     13                       0.037665             0.025819             0.028946              0.03399             0.043489              0.06232  0.011118
issue_opened_ov_sentiment_avg                                   float64     13                       0.034987            -0.044788            -0.019842              0.06678             0.083721              0.10496  0.055975
pull_request_comment_pos_sentiment_avg                          float64     13                       0.148409             0.141999             0.147431             0.148994             0.150966             0.153245  0.003535
pull_request_comment_neg_sentiment_avg                          float64     13                       0.040008             0.035652             0.038084             0.038476             0.039458             0.050953  0.004261
pull_request_comment_ov_sentiment_avg                           float64     13                       0.142555             0.132524             0.136839             0.140463             0.148917              0.15449  0.007054
pull_request_opened_pos_sentiment_avg                           float64     13                       0.062796              0.03857             0.040781             0.058716             0.077192             0.105874  0.023042
pull_request_opened_neg_sentiment_avg                           float64     13                       0.065913             0.050102             0.056214             0.062535             0.078194             0.081764  0.012107
pull_request_opened_ov_sentiment_avg                            float64     13                       0.033618             0.010801             0.023695             0.028146             0.031777             0.090181  0.020579
pull_request_review_comment_pos_sentiment_avg                   float64     13                        0.12444              0.10975             0.117334              0.12404             0.128889             0.145992  0.009657
pull_request_review_comment_neg_sentiment_avg                   float64     13                       0.035548             0.032696             0.033882              0.03544             0.036702             0.038114  0.001728
pull_request_review_comment_ov_sentiment_avg                    float64     13                       0.114344             0.102435             0.110441             0.115244             0.118475             0.122845  0.006602
pull_request_review_approved_pos_sentiment_avg                  float64     10                       0.427628             0.326959             0.353947             0.401682             0.518801             0.535253  0.086718
pull_request_review_approved_neg_sentiment_avg                  float64     10                       0.008883             0.006091             0.008098             0.009191             0.010338             0.010702  0.001667
pull_request_review_approved_ov_sentiment_avg                   float64     10                        0.29657             0.229833             0.252955             0.282389              0.35285             0.364177  0.053972
pull_request_review_changes_requested_pos_sentiment_avg         float64     10                        0.18637              0.14997             0.168178             0.194142              0.20193             0.214233  0.022224
pull_request_review_changes_requested_neg_sentiment_avg         float64     10                       0.016656             0.005291             0.008798             0.018456             0.023849              0.02741  0.008533
pull_request_review_changes_requested_ov_sentiment_avg          float64     10                       0.257135             0.224911             0.240392              0.25419             0.274742             0.291595  0.021773
pull_request_review_commented_pos_sentiment_avg                 float64     10                       0.236069             0.212415             0.221582             0.232051             0.245306             0.273271  0.019676
pull_request_review_commented_neg_sentiment_avg                 float64     10                       0.018107             0.010996             0.011792             0.016536             0.024158             0.029596  0.007069
pull_request_review_commented_ov_sentiment_avg                  float64     10                       0.260334             0.230597             0.235042             0.256549             0.276102             0.302121  0.027925
pull_request_review_dismissed_pos_sentiment_avg                 float64     10                       0.299369               0.0865             0.321546             0.339925             0.362976              0.38159  0.110344
pull_request_review_dismissed_neg_sentiment_avg                 float64     10                       0.008914             0.004557              0.00631             0.008753             0.010226             0.014752  0.003253
pull_request_review_dismissed_ov_sentiment_avg                  float64     10                       0.282983             0.137614             0.233379             0.290762             0.336912             0.417526  0.088911
pct_merged_with_approved                                        float64     10                       0.718721             0.656379             0.667288             0.718754             0.754904              0.80417  0.052633
pct_merged_with_review                                          float64     10                       0.763319             0.660494             0.739954             0.747132             0.804089             0.854941  0.056988
avg_pull_request_comment_count                                  float64     13                       1.321874             0.996823             1.238922             1.298797             1.455035             1.583001  0.178583
avg_pull_request_review_comment_count                           float64     13                       1.488555             1.204948             1.242096             1.389338              1.52051             2.818182  0.423441
avg_all_disc_count                                              float64     13                        3.84286             2.986538             3.784599             3.988257             4.117508             4.217083  0.392009
avg_pull_request_review_count                                   float64     10                       1.342159              0.50996             1.032163             1.583724             1.652964             1.700243  0.426632
avg_pull_request_comment_exclude_opener_count                   float64     13                       1.157287             0.905015             1.037679             1.184673             1.255814             1.385501  0.151923
avg_pull_request_review_comment_exclude_opener_count            float64     13                       1.162269             0.911094             0.986861              1.06407             1.166033             2.397849  0.382957
avg_all_disc_exclude_opener_count                               float64     13                       3.196919             2.403194             3.105502             3.301634             3.440591              3.59799  0.376447
avg_pull_request_review_exclude_opener_count                    float64     10                       1.140572             0.453252             0.897143             1.342678             1.390814             1.405775  0.350619
clustering_coefficient                                          float64     13                       0.188712             0.055895             0.067557             0.116713             0.237058             0.564999  0.177509

