File: drive/output/derived/org_outcomes_practices/repo_discussion_quality/important_degree_z2/rolling5/pulumi___pulumi-kubernetes.parquet

MD5 hash: c1c8a1bea32463694c330be113023f10

Keys: time_period 

                                                                   type  count                 mean                  min                  25%                  50%                  75%                  max        std
time_period                                              datetime64[ns]     15  2021-07-01 14:24:00  2018-01-01 00:00:00  2019-10-01 00:00:00  2021-07-01 00:00:00  2023-04-01 12:00:00  2025-01-01 00:00:00           
response_rate                                                   float64     14             0.383605             0.171171             0.305373             0.364804             0.495351             0.558651    0.11349
mean_days_to_respond                                            float64     14             4.481538             0.576033             1.027419             2.623335             7.244168            14.821116   4.491012
pos_sentiment_avg                                               float64     15             0.076682                  0.0             0.072293             0.077436              0.09083              0.09634   0.023375
neg_sentiment_avg                                               float64     15             0.065421             0.033881             0.038158             0.044735             0.068256                0.262   0.056923
ov_sentiment_avg                                                float64     15             0.048235               -0.148             0.043965             0.056122             0.079408             0.092366   0.057421
response_rate_pull_request_comment                              float64     14             0.636901             0.461538              0.53512             0.642663             0.738874             0.779412   0.120115
response_rate_pull_request_opened                               float64     14              0.49807             0.164179             0.374962             0.448683             0.682784             0.777311   0.191253
response_rate_pull_request_review_comment                       float64     14             0.210738             0.123223             0.191408               0.2201             0.243135             0.295455   0.051554
mean_days_to_respond_pull_request_comment                       float64     14             1.393621             0.241889             0.565845             1.067339             1.776359             4.232321   1.135894
mean_days_to_respond_pull_request_opened                        float64     14            13.268171             0.009495             0.073421             7.043773            21.694481            47.363489  15.741842
mean_days_to_respond_pull_request_review_comment                float64     14             0.286217             0.093606             0.260363              0.29861             0.336082              0.36928    0.07037
mean_days_to_respond_to_last_comment                            float64     14             5.295562             0.512745             1.123313             3.052449             9.289018            16.280087   5.237311
pull_request_opened_pos_sentiment_avg                           float64     15              0.02648                  0.0             0.025163             0.025912             0.029437             0.039705   0.008889
pull_request_opened_neg_sentiment_avg                           float64     15             0.107845             0.039547             0.046546             0.064379             0.143898                0.262   0.079467
pull_request_opened_ov_sentiment_avg                            float64     15            -0.033281               -0.148            -0.056061            -0.009183            -0.001638             0.022022   0.050413
pull_request_comment_pos_sentiment_avg                          float64     14             0.093776             0.054629             0.089456             0.098114             0.100125             0.114499   0.014367
pull_request_comment_neg_sentiment_avg                          float64     14             0.038164              0.03158             0.034281             0.037747             0.041418             0.047781   0.005164
pull_request_comment_ov_sentiment_avg                           float64     14             0.085062             0.046182             0.073504             0.079167             0.105007             0.113935   0.019656
pull_request_review_comment_pos_sentiment_avg                   float64     14             0.095893             0.082584             0.087534             0.094788              0.10221             0.111517   0.009389
pull_request_review_comment_neg_sentiment_avg                   float64     14             0.036988             0.034756             0.035293             0.036966             0.038169             0.039868   0.001746
pull_request_review_comment_ov_sentiment_avg                    float64     14             0.084653             0.061495             0.074774             0.083881             0.094539              0.10396   0.014279
pull_request_review_approved_pos_sentiment_avg                  float64     10             0.203843             0.124313             0.189427             0.207816             0.232099             0.245295   0.036049
pull_request_review_approved_neg_sentiment_avg                  float64     10             0.014376             0.007153             0.008898             0.011404             0.017784             0.029407   0.007941
pull_request_review_approved_ov_sentiment_avg                   float64     10             0.218288             0.175899             0.194912             0.214319             0.244911             0.262132   0.031658
pull_request_review_changes_requested_pos_sentiment_avg         float64     10             0.182885             0.117768             0.147857             0.163612             0.193265               0.3305    0.06336
pull_request_review_changes_requested_neg_sentiment_avg         float64     10             0.026133                  0.0             0.017863             0.029013              0.03558             0.046246   0.014802
pull_request_review_changes_requested_ov_sentiment_avg          float64     10             0.203357             0.099027             0.157673             0.174437             0.238752             0.412575   0.094054
pull_request_review_commented_pos_sentiment_avg                 float64     10             0.169736              0.13775             0.156254             0.169959             0.178111             0.211333   0.020227
pull_request_review_commented_neg_sentiment_avg                 float64     10             0.019338                  0.0             0.010667             0.018118             0.030021              0.03437   0.011793
pull_request_review_commented_ov_sentiment_avg                  float64     10             0.189016             0.157966             0.170306             0.194574             0.206717             0.212701    0.01994
pull_request_review_dismissed_pos_sentiment_avg                 float64      5                0.175                0.175                0.175                0.175                0.175                0.175        0.0
pull_request_review_dismissed_neg_sentiment_avg                 float64      5                  0.0                  0.0                  0.0                  0.0                  0.0                  0.0        0.0
pull_request_review_dismissed_ov_sentiment_avg                  float64      5               0.2553               0.2553               0.2553               0.2553               0.2553               0.2553        0.0
pct_merged_with_approved                                        float64     10             0.260355             0.067416             0.202447             0.284543             0.309219             0.432203   0.113364
pct_merged_with_review                                          float64     10             0.413387             0.134831             0.389364             0.432587             0.505285             0.605932   0.145172
avg_pull_request_comment_count                                  float64     14             1.415635              0.12426             1.026586              1.07175             2.008415             2.373259   0.678413
avg_pull_request_review_comment_count                           float64     14             1.221832             0.649025             0.726079             1.171767             1.621411             2.414634   0.532131
avg_all_disc_count                                              float64     14             3.291203             2.575658             2.772616             3.262529             3.867999             4.112994   0.574446
avg_pull_request_review_count                                   float64     10             0.915231             0.118644             0.785659             0.987476                1.103             1.662722   0.451613
avg_pull_request_comment_exclude_opener_count                   float64     14             1.326386             0.125984             0.675021             0.958985             2.211404             2.401869   0.820816
avg_pull_request_review_comment_exclude_opener_count            float64     14             0.966218             0.273381             0.351127             0.785997             1.542929             2.133333   0.652026
avg_all_disc_exclude_opener_count                               float64     14             2.851517             1.937008             2.448854             2.652294             3.473965             3.802395   0.616533
avg_pull_request_review_exclude_opener_count                    float64     10             0.782477             0.282828             0.729004             0.784469             0.889788             1.291339    0.25812
clustering_coefficient                                          float64     14                  0.0                  0.0                  0.0                  0.0                  0.0                  0.0        0.0

