File: drive/output/derived/org_outcomes_practices/repo_discussion_quality/important_degree_z2/rolling5/pypa___sampleproject.parquet

MD5 hash: d30a0e77588b8da5779f75288399f5b6

Keys: time_period 

                                                                   type  count                           mean                  min                  25%                  50%                  75%                  max        std
time_period                                              datetime64[ns]     21  2019-12-31 17:08:34.285714176  2015-01-01 00:00:00  2017-07-01 00:00:00  2020-01-01 00:00:00  2022-07-01 00:00:00  2025-01-01 00:00:00           
response_rate                                                   float64     20                       0.686673             0.509434             0.588703             0.651484             0.768182             0.923077   0.132515
mean_days_to_respond                                            float64     20                      55.342425             2.648752            35.638269            54.302442            72.577186           124.311065  32.403496
pos_sentiment_avg                                               float64     21                       0.115814             0.077451             0.097168             0.109765             0.137261             0.158886   0.023788
neg_sentiment_avg                                               float64     21                       0.055002              0.03732             0.046685             0.054583             0.063264             0.081297   0.011781
ov_sentiment_avg                                                float64     21                       0.090836             0.054659             0.071719             0.088753             0.105809             0.132229   0.022443
response_rate_issue_comment                                     float64     20                       0.749348                  0.2             0.635294             0.756536                  1.0                  1.0    0.25266
response_rate_issue_opened                                      float64     20                            1.0                  1.0                  1.0                  1.0                  1.0                  1.0        0.0
response_rate_pull_request_review_comment                       float64     20                       0.252889                  0.0                  0.0                 0.15             0.471154             0.833333   0.277722
response_rate_pull_request_comment                              float64     19                        0.70525             0.333333             0.541667                  0.8             0.848077                  1.0   0.204584
response_rate_pull_request_opened                               float64     15                       0.905556                  0.5             0.916667                  1.0                  1.0                  1.0   0.180571
mean_days_to_respond_issue_comment                              float64     20                      94.573948             2.912921            50.984106            84.635059            166.14011           189.236052  65.321699
mean_days_to_respond_issue_opened                               float64     20                      13.857546             0.009641             0.009654             0.106424             6.447151           111.079641  30.833184
mean_days_to_respond_to_last_comment                            float64     20                      93.787334             4.751106            50.968575             81.00216           136.121822           221.549087  64.098244
mean_days_to_respond_pull_request_comment                       float64     19                      57.222726             0.008403             0.242668            17.122222            78.303908           358.811247  91.977532
mean_days_to_respond_pull_request_opened                        float64     15                       4.723321              0.76787             1.257182             1.912234             3.056597            17.823698   5.999774
mean_days_to_respond_pull_request_review_comment                float64     10                       0.467125             0.029815             0.047943             0.502267             0.872286             0.872286   0.428116
issue_comment_pos_sentiment_avg                                 float64     21                       0.117526             0.089093             0.101687             0.109391             0.139292             0.164102   0.022718
issue_comment_neg_sentiment_avg                                 float64     21                       0.030039             0.009733             0.025402             0.031425             0.034371             0.042016   0.007458
issue_comment_ov_sentiment_avg                                  float64     21                       0.124156              0.06483              0.10188             0.124449             0.154978             0.161328   0.030883
issue_opened_pos_sentiment_avg                                  float64     21                       0.092761             0.041217              0.07908             0.101674             0.119393             0.135086   0.031046
issue_opened_neg_sentiment_avg                                  float64     21                       0.020855             0.011125             0.015333             0.018111             0.026231              0.04075   0.007985
issue_opened_ov_sentiment_avg                                   float64     21                        0.13838              0.00923             0.095458             0.138645             0.174632             0.256533   0.067215
pull_request_comment_pos_sentiment_avg                          float64     21                       0.191952             0.052437             0.148721             0.171481             0.259055                0.326   0.073693
pull_request_comment_neg_sentiment_avg                          float64     21                       0.035567                  0.0             0.014079             0.041385             0.049762             0.072755     0.0223
pull_request_comment_ov_sentiment_avg                           float64     21                       0.164222              0.04296             0.109305             0.142832             0.195198               0.4404   0.088953
pull_request_opened_pos_sentiment_avg                           float64     21                       0.018829                  0.0             0.007568             0.015039             0.028821              0.04013    0.01311
pull_request_opened_neg_sentiment_avg                           float64     21                        0.17495             0.106642             0.141652             0.174667             0.198389              0.24925   0.039007
pull_request_opened_ov_sentiment_avg                            float64     21                      -0.094708            -0.132711            -0.108356            -0.092457            -0.081118            -0.052681   0.021387
pull_request_review_comment_pos_sentiment_avg                   float64     21                       0.072226                  0.0             0.061319              0.07682              0.08681              0.13075   0.025752
pull_request_review_comment_neg_sentiment_avg                   float64     21                        0.04272                  0.0             0.020673             0.044589             0.062578             0.096792   0.023166
pull_request_review_comment_ov_sentiment_avg                    float64     21                       0.053643            -0.026859             0.030396             0.045067             0.071751             0.138826   0.052251
pull_request_review_commented_pos_sentiment_avg                 float64      5                         0.1062               0.1062               0.1062               0.1062               0.1062               0.1062        0.0
pull_request_review_commented_neg_sentiment_avg                 float64      5                            0.0                  0.0                  0.0                  0.0                  0.0                  0.0        0.0
pull_request_review_commented_ov_sentiment_avg                  float64      5                        0.26758              0.26758              0.26758              0.26758              0.26758              0.26758        0.0
pull_request_review_approved_pos_sentiment_avg                  float64      6                       0.611111                  0.0             0.541667             0.708333                 0.75                  1.0   0.340207
pull_request_review_approved_neg_sentiment_avg                  float64      6                            0.0                  0.0                  0.0                  0.0                  0.0                  0.0        0.0
pull_request_review_approved_ov_sentiment_avg                   float64      6                       0.269133                  0.0              0.23855              0.31195               0.3303               0.4404   0.149827
pull_request_review_changes_requested_pos_sentiment_avg         float64      5                         0.0935               0.0935               0.0935               0.0935               0.0935               0.0935        0.0
pull_request_review_changes_requested_neg_sentiment_avg         float64      5                            0.0                  0.0                  0.0                  0.0                  0.0                  0.0        0.0
pull_request_review_changes_requested_ov_sentiment_avg          float64      5                         0.1591               0.1591               0.1591               0.1591               0.1591               0.1591        0.0
pct_merged_with_approved                                        float64      8                       0.398363                  0.2               0.2875             0.316667             0.388393                  1.0   0.253085
pct_merged_with_review                                          float64      8                       0.398363                  0.2               0.2875             0.316667             0.388393                  1.0   0.253085
avg_pull_request_review_comment_count                           float64     20                       1.059236             0.166667               0.6875             0.961538             1.134615                  2.6   0.725389
avg_all_disc_count                                              float64     20                       3.032151                  1.0             1.590909             2.076923              3.09375                  8.2   2.381896
avg_pull_request_comment_count                                  float64     19                       1.561224                  0.5             0.933761             1.230769             1.895833                  3.4   0.885361
avg_pull_request_review_count                                   float64      9                       1.088339               0.0625             0.090909             1.333333             1.857143                 2.25   0.990983
avg_pull_request_review_comment_exclude_opener_count            float64     19                       0.980666                  0.2             0.763889                  1.0             1.285714                  2.0   0.517069
avg_all_disc_exclude_opener_count                               float64     20                       2.470695                  1.0                  1.4             1.923077             2.589286                  6.0   1.520267
avg_pull_request_comment_exclude_opener_count                   float64     18                       1.314204             0.666667             0.958333             1.165385             1.685714                  2.2   0.441806
avg_pull_request_review_exclude_opener_count                    float64      9                        0.79173               0.0625             0.090909                  0.4                  1.5                  1.8   0.779034
clustering_coefficient                                          float64     21                       0.065041                  0.0                  0.0                  0.0                  0.0              0.47247   0.146555

