File: drive/output/derived/org_outcomes_practices/repo_discussion_quality/important_degree_z2/rolling5/python-lsp___python-lsp-jsonrpc.parquet

MD5 hash: 0533acfb775fc0701ced5225055d38a0

Keys: time_period 

                                                                type  count                 mean                  min                  25%                  50%                  75%                  max        std
time_period                                           datetime64[ns]      9  2022-12-31 13:20:00  2021-01-01 00:00:00  2022-01-01 00:00:00  2023-01-01 00:00:00  2024-01-01 00:00:00  2025-01-01 00:00:00           
response_rate                                                float64      5             0.333333                  0.0             0.166667                0.375                0.375                 0.75   0.281057
mean_days_to_respond                                         float64      4            62.268422             1.193501            37.999677            50.268403            74.537147            147.34338  61.253286
pos_sentiment_avg                                            float64      8             0.191161             0.139874             0.144995             0.175629             0.219105             0.300857   0.056855
neg_sentiment_avg                                            float64      8             0.043114                  0.0             0.026817             0.039166              0.06922             0.085574   0.032619
ov_sentiment_avg                                             float64      8             0.169751             0.131933             0.138422             0.145963              0.17222             0.282629   0.053526
response_rate_pull_request_review_comment                    float64      4                  0.0                  0.0                  0.0                  0.0                  0.0                  0.0        0.0
response_rate_pull_request_comment                           float64      4             0.379167                 0.25               0.3125             0.333333                  0.4                  0.6   0.152373
response_rate_issue_comment                                  float64      3                  1.0                  1.0                  1.0                  1.0                  1.0                  1.0        0.0
response_rate_pull_request_opened                            float64      1                  1.0                  1.0                  1.0                  1.0                  1.0                  1.0           
mean_days_to_respond_pull_request_comment                    float64      4           110.779277             1.086968           110.779277            147.34338            147.34338            147.34338  73.128206
mean_days_to_respond_to_last_comment                         float64      4            62.263096             1.172199            37.994352            50.268403            74.537147            147.34338  61.260367
mean_days_to_respond_issue_comment                           float64      3             1.730914             1.730914             1.730914             1.730914             1.730914             1.730914        0.0
mean_days_to_respond_pull_request_opened                     float64      1             0.438275             0.438275             0.438275             0.438275             0.438275             0.438275           
issue_opened_pos_sentiment_avg                               float64      6             0.025463                  0.0             0.007639             0.030556             0.042014             0.045833   0.020873
issue_opened_neg_sentiment_avg                               float64      6                  0.0                  0.0                  0.0                  0.0                  0.0                  0.0        0.0
issue_opened_ov_sentiment_avg                                float64      6             0.068065                  0.0             0.020419             0.081678             0.112307             0.122517   0.055797
pull_request_opened_pos_sentiment_avg                        float64      8             0.029943                  0.0              0.01775             0.032108             0.046119             0.058484   0.021893
pull_request_opened_neg_sentiment_avg                        float64      8             0.094663                  0.0              0.05385             0.079778             0.170094             0.185313   0.074213
pull_request_opened_ov_sentiment_avg                         float64      8            -0.011485            -0.061507            -0.028073                  0.0             0.002678              0.02047   0.026023
pull_request_review_approved_pos_sentiment_avg               float64      8             0.613319                0.527               0.5508             0.578275              0.66105                0.744   0.087662
pull_request_review_approved_neg_sentiment_avg               float64      8             0.010725                  0.0                  0.0              0.00825               0.0231               0.0231   0.011667
pull_request_review_approved_ov_sentiment_avg                float64      8             0.476766               0.4404              0.45399              0.45852             0.509381               0.5347   0.036752
pull_request_review_comment_pos_sentiment_avg                float64      6             0.106212             0.076939             0.083444             0.083444             0.137111                0.155   0.037875
pull_request_review_comment_neg_sentiment_avg                float64      6             0.016818                  0.0             0.006167             0.024667             0.024667             0.026909   0.013056
pull_request_review_comment_ov_sentiment_avg                 float64      6             0.171073             0.096117             0.112774             0.112774             0.250193                0.296   0.096983
pull_request_review_commented_pos_sentiment_avg              float64      5               0.2315               0.2315               0.2315               0.2315               0.2315               0.2315        0.0
pull_request_review_commented_neg_sentiment_avg              float64      5                  0.0                  0.0                  0.0                  0.0                  0.0                  0.0        0.0
pull_request_review_commented_ov_sentiment_avg               float64      5               0.4008               0.4008               0.4008               0.4008               0.4008               0.4008        0.0
pull_request_comment_pos_sentiment_avg                       float64      6             0.169664             0.114556             0.114613             0.151726             0.222292             0.251923     0.0637
pull_request_comment_neg_sentiment_avg                       float64      6             0.049284             0.029714             0.039301              0.04837             0.059429             0.069856   0.015286
pull_request_comment_ov_sentiment_avg                        float64      6             0.124115             0.078119             0.088096             0.129527              0.15316             0.172192   0.039902
issue_comment_pos_sentiment_avg                              float64      4             0.137542             0.137542             0.137542             0.137542             0.137542             0.137542        0.0
issue_comment_neg_sentiment_avg                              float64      4             0.015992             0.015992             0.015992             0.015992             0.015992             0.015992        0.0
issue_comment_ov_sentiment_avg                               float64      4             0.211778             0.211778             0.211778             0.211778             0.211778             0.211778        0.0
pct_merged_with_approved                                     float64      5             0.620879             0.461538                  0.5             0.571429             0.571429                  1.0   0.217155
pct_merged_with_review                                       float64      5             0.620879             0.461538                  0.5             0.571429             0.571429                  1.0   0.217155
avg_pull_request_review_count                                float64      5                0.975             0.666667                0.875                  1.0                  1.0             1.333333   0.242241
avg_pull_request_review_comment_count                        float64      4             0.360119                 0.25               0.3125             0.380952             0.428571             0.428571   0.086053
avg_all_disc_count                                           float64      5             1.734524                1.625             1.666667             1.666667             1.857143             1.857143    0.11322
avg_pull_request_comment_count                               float64      4             0.589286             0.428571             0.428571             0.464286                0.625                  1.0   0.275872
avg_pull_request_review_exclude_opener_count                 float64      5             1.001667                  0.8                0.875                  1.0                  1.0             1.333333   0.204158
avg_pull_request_review_comment_exclude_opener_count         float64      4             0.360119                 0.25               0.3125             0.380952             0.428571             0.428571   0.086053
avg_all_disc_exclude_opener_count                            float64      5              1.64119                  1.2                1.625             1.666667             1.857143             1.857143   0.268715
avg_pull_request_comment_exclude_opener_count                float64      4             0.439286                  0.4             0.421429             0.428571             0.446429                  0.5   0.042658
clustering_coefficient                                       float64      9                  0.0                  0.0                  0.0                  0.0                  0.0                  0.0        0.0

