File: drive/output/derived/org_outcomes_practices/repo_discussion_quality/important_degree_z2/rolling5/python-kasa___python-kasa.parquet

MD5 hash: 6aa6c69f63afc89dbc192729c685542b

Keys: time_period 

                                                                   type  count                 mean                  min                  25%                  50%                  75%                  max       std
time_period                                              datetime64[ns]     12  2022-04-01 12:00:00  2019-07-01 00:00:00  2020-11-16 00:00:00  2022-04-01 12:00:00  2023-08-16 00:00:00  2025-01-01 00:00:00          
response_rate                                                   float64     11             0.434633             0.224218             0.351348             0.496063             0.526346             0.564286  0.127643
mean_days_to_respond                                            float64     11             1.463838             0.981565             1.155116              1.38703             1.693083             2.166763  0.397981
pos_sentiment_avg                                               float64     12             0.095265             0.044286             0.095866             0.100258             0.102096             0.108259  0.016734
neg_sentiment_avg                                               float64     12             0.054834              0.04018             0.045863             0.057244             0.058703             0.077071  0.009941
ov_sentiment_avg                                                float64     12             0.069179            -0.111314             0.072797             0.079479             0.099315             0.103525  0.058343
response_rate_pull_request_comment                              float64     11             0.516902             0.413793              0.44787             0.493506             0.554712             0.741935  0.097196
response_rate_pull_request_opened                               float64     11             0.719557             0.059028             0.592446                 0.92             0.948864             0.980392  0.378946
response_rate_pull_request_review_comment                       float64     11             0.267614             0.229167             0.244524             0.261993             0.280788             0.363636    0.0381
mean_days_to_respond_pull_request_comment                       float64     11              1.61607             0.797322              1.35942              1.45196             1.800146             2.763793  0.547322
mean_days_to_respond_pull_request_opened                        float64     11             1.188898             0.658389              0.88099             1.065143             1.502936             1.885688  0.418725
mean_days_to_respond_pull_request_review_comment                float64     11             1.793947             0.247308             0.907991             1.072729             2.556678             4.469189  1.488633
mean_days_to_respond_to_last_comment                            float64     11             1.275358             0.860355             1.048088             1.180786             1.566734             1.727069  0.304328
pull_request_comment_pos_sentiment_avg                          float64     12             0.106279                0.062             0.099184             0.108761             0.122316             0.126245   0.01902
pull_request_comment_neg_sentiment_avg                          float64     12             0.037682             0.028152              0.02837             0.030946             0.035612               0.1039  0.021163
pull_request_comment_ov_sentiment_avg                           float64     12              0.09007             -0.14901              0.09844              0.11195             0.122199             0.145503  0.077893
pull_request_opened_pos_sentiment_avg                           float64     12             0.048091                  0.0              0.04229             0.048159             0.057035             0.073077   0.01845
pull_request_opened_neg_sentiment_avg                           float64     12             0.113015                 0.01             0.116278             0.123688             0.127045             0.128899  0.032986
pull_request_opened_ov_sentiment_avg                            float64     12             0.005343            -0.017075            -0.002173              0.00521             0.012912             0.023783  0.012511
pull_request_review_comment_pos_sentiment_avg                   float64     11             0.091183             0.065761             0.083253               0.0858             0.095108              0.13801   0.02002
pull_request_review_comment_neg_sentiment_avg                   float64     11             0.041272             0.025999             0.030124             0.045914             0.049252             0.051897  0.010413
pull_request_review_comment_ov_sentiment_avg                    float64     11             0.073503             0.047614              0.06361             0.071895             0.086501             0.089999  0.015049
pull_request_review_changes_requested_pos_sentiment_avg         float64     10             0.212012             0.121813             0.144103             0.190223             0.262738               0.3775  0.087525
pull_request_review_changes_requested_neg_sentiment_avg         float64     10             0.039944                  0.0             0.018247             0.037921               0.0548             0.091333  0.028189
pull_request_review_changes_requested_ov_sentiment_avg          float64     10             0.331901             0.025618             0.211109             0.282092             0.377009              0.80885  0.226089
pull_request_review_commented_pos_sentiment_avg                 float64     10             0.135436               0.0365             0.138631             0.144943             0.149424             0.184051  0.040343
pull_request_review_commented_neg_sentiment_avg                 float64     10             0.028042             0.009167             0.024205             0.027876             0.032312             0.040152  0.009094
pull_request_review_commented_ov_sentiment_avg                  float64     10             0.186114              0.06575             0.169305             0.199689             0.227058             0.250816  0.055749
pull_request_review_approved_pos_sentiment_avg                  float64      9             0.358889             0.230308             0.247774             0.364314             0.456344             0.475833  0.101491
pull_request_review_approved_neg_sentiment_avg                  float64      9             0.017524             0.006707             0.007773             0.014368             0.020438               0.0545  0.015016
pull_request_review_approved_ov_sentiment_avg                   float64      9             0.275328             0.176983             0.245575             0.276469             0.323097             0.337533  0.051772
pull_request_review_dismissed_pos_sentiment_avg                 float64      2             0.175833             0.175833             0.175833             0.175833             0.175833             0.175833       0.0
pull_request_review_dismissed_neg_sentiment_avg                 float64      2                  0.0                  0.0                  0.0                  0.0                  0.0                  0.0       0.0
pull_request_review_dismissed_ov_sentiment_avg                  float64      2             0.369617             0.369617             0.369617             0.369617             0.369617             0.369617       0.0
pct_merged_with_approved                                        float64     10             0.241214                  0.0             0.145833             0.157524             0.338452              0.52954  0.179544
pct_merged_with_review                                          float64     10             0.327018             0.076923             0.202083             0.215817             0.474561             0.656965  0.208622
avg_pull_request_comment_count                                  float64     11             0.856281              0.07906              0.52068             1.046154              1.24026             1.289474  0.479658
avg_pull_request_review_comment_count                           float64     11             1.661652             0.676923             0.957912             1.106383             2.617066             3.117521  0.971667
avg_all_disc_count                                              float64     11             3.707318             2.121212             2.707856             2.815789             5.214885             5.955128  1.512803
avg_pull_request_review_count                                   float64     10             1.308323             0.263158             0.541446             0.830769             2.142736             2.758547  0.993515
avg_pull_request_comment_exclude_opener_count                   float64     11             0.896502             0.072993             0.507963             1.018519             1.268717                  1.6  0.533704
avg_pull_request_review_comment_exclude_opener_count            float64     11             1.941413              0.77193             1.503902                  1.8             2.477494             2.869159  0.714483
avg_all_disc_exclude_opener_count                               float64     11             4.116062             2.666667             3.536735             3.818182             4.640163              5.72449  0.966684
avg_pull_request_review_exclude_opener_count                    float64     10             1.405962             0.714286             0.946623              1.02184             2.101938             2.252336  0.654843
clustering_coefficient                                          float64     11                  0.0                  0.0                  0.0                  0.0                  0.0                  0.0       0.0

