File: drive/output/derived/org_outcomes_practices/repo_discussion_quality/important_degree_z2/rolling5/python-hyper___h11.parquet

MD5 hash: 5b084b78056d683b767a43ec6b54ba9c

Keys: time_period 

                                                                   type  count                 mean                  min                  25%                  50%                  75%                  max        std
time_period                                              datetime64[ns]     15  2021-07-01 14:24:00  2018-01-01 00:00:00  2019-10-01 00:00:00  2021-07-01 00:00:00  2023-04-01 12:00:00  2025-01-01 00:00:00           
response_rate                                                   float64     13                0.496                0.125             0.384615             0.432836             0.568627                  1.0   0.221789
mean_days_to_respond                                            float64     13             6.602545             0.376266             2.311012             3.245455             6.988472            28.296146   7.944008
pos_sentiment_avg                                               float64     15             0.153707             0.088794             0.125896             0.148585             0.162638             0.314467   0.050963
neg_sentiment_avg                                               float64     15              0.05914             0.044614             0.047475             0.058102             0.063594               0.1104   0.016839
ov_sentiment_avg                                                float64     15             0.103331               0.0343             0.091961             0.106092             0.119619              0.15743   0.030599
response_rate_pull_request_comment                              float64     13             0.555389                  0.0             0.333333             0.666667             0.692308                  1.0   0.266874
response_rate_pull_request_opened                               float64     13             0.823127             0.571429                  0.6                  1.0                  1.0                  1.0   0.203932
response_rate_pull_request_review_comment                       float64     11             0.104916                  0.0                  0.0                0.125             0.190524                 0.25    0.10447
mean_days_to_respond_pull_request_comment                       float64     12            10.888468             0.938362             2.904831             4.311801            11.638682            44.743345  14.077857
mean_days_to_respond_pull_request_opened                        float64     13             1.765035               0.0011             0.001641             1.522432             2.637669             6.988472   2.049484
mean_days_to_respond_to_last_comment                            float64     13             8.686696             0.470058             3.182539             5.250379             6.829216             46.88669  12.322325
mean_days_to_respond_pull_request_review_comment                float64      6             2.678233             0.261901             0.865984             2.678233             2.678233             7.510897   2.646959
pull_request_comment_pos_sentiment_avg                          float64     14             0.218491             0.141598             0.156491             0.201892             0.227448                0.498   0.095485
pull_request_comment_neg_sentiment_avg                          float64     14              0.04102                  0.0             0.032446             0.036902             0.048486              0.08202   0.020448
pull_request_comment_ov_sentiment_avg                           float64     14              0.14641             0.033354             0.121266             0.136485             0.170512             0.299733    0.05812
pull_request_opened_pos_sentiment_avg                           float64     15             0.047463             0.023392             0.040049             0.053215             0.059009             0.060467   0.014021
pull_request_opened_neg_sentiment_avg                           float64     15             0.127343             0.041728             0.084183             0.115511             0.159373                0.276   0.067529
pull_request_opened_ov_sentiment_avg                            float64     15             0.001988            -0.065849            -0.020621            -0.002696             0.032081             0.078123   0.041249
pull_request_review_comment_pos_sentiment_avg                   float64     14             0.095918             0.028095             0.080631             0.107977               0.1171             0.123944   0.029962
pull_request_review_comment_neg_sentiment_avg                   float64     14             0.057761             0.026519             0.032084             0.047534              0.06132             0.155667   0.037021
pull_request_review_comment_ov_sentiment_avg                    float64     14             0.080215            -0.062589             0.051133             0.095219             0.108512             0.212039   0.063271
pull_request_review_approved_pos_sentiment_avg                  float64     10             0.283437             0.252567             0.277357             0.278713             0.291167             0.323333    0.02234
pull_request_review_approved_neg_sentiment_avg                  float64     10             0.003795                  0.0                  0.0             0.002864             0.006682               0.0105    0.00424
pull_request_review_approved_ov_sentiment_avg                   float64     10             0.281523               0.1806             0.236587             0.294379             0.327837             0.386222   0.071706
pull_request_review_changes_requested_pos_sentiment_avg         float64      5               0.2725               0.2725               0.2725               0.2725               0.2725               0.2725        0.0
pull_request_review_changes_requested_neg_sentiment_avg         float64      5               0.2085               0.2085               0.2085               0.2085               0.2085               0.2085        0.0
pull_request_review_changes_requested_ov_sentiment_avg          float64      5             -0.01325             -0.01325             -0.01325             -0.01325             -0.01325             -0.01325        0.0
pull_request_review_commented_pos_sentiment_avg                 float64      7             0.186943                0.164             0.177383             0.190767             0.197458              0.20415   0.016777
pull_request_review_commented_neg_sentiment_avg                 float64      7             0.009057                  0.0             0.005283             0.010567             0.013208              0.01585   0.006623
pull_request_review_commented_ov_sentiment_avg                  float64      7             0.186709               0.1468              0.17008              0.19336                0.205              0.21664   0.029183
pct_merged_with_approved                                        float64      8             0.250665             0.083333             0.111111             0.157576             0.365385             0.538462   0.190624
pct_merged_with_review                                          float64      8             0.335521             0.181818              0.20625             0.277778             0.480769             0.538462   0.152637
avg_pull_request_comment_count                                  float64     13             1.339228             0.411765                  1.2                  1.4             1.631579             1.833333   0.435739
avg_all_disc_count                                              float64     13             2.772018                  1.0             1.555556             2.090909             3.733333             5.222222   1.468086
avg_pull_request_review_comment_count                           float64     11             0.895066             0.066667             0.316667                  1.0             1.291762             1.833333   0.627322
avg_pull_request_review_count                                   float64      8             1.097568             0.684211             0.754085             1.030435             1.481579             1.555556   0.390526
avg_all_disc_exclude_opener_count                               float64     12             2.255679               1.1875             1.545673               1.9375             2.972356             3.727273   0.955705
avg_pull_request_comment_exclude_opener_count                   float64     12             1.130773                0.375             1.110577             1.272059             1.348011                  1.5   0.397283
avg_pull_request_review_comment_exclude_opener_count            float64     10             0.770097             0.076923                0.375             0.816176             1.073317             1.363636   0.452894
avg_pull_request_review_exclude_opener_count                    float64      8             0.724738             0.538462             0.581801             0.739011             0.836648             0.909091   0.151232
clustering_coefficient                                          float64     15                  0.0                  0.0                  0.0                  0.0                  0.0                  0.0        0.0

