File: drive/output/derived/org_outcomes_practices/repo_discussion_quality/important_degree_z2/rolling5/pywbem___nocaselist.parquet

MD5 hash: 5c3e8aad5a628f43fb5d262aeb4439b0

Keys: time_period 

                                                           type  count                 mean                  min                  25%                  50%                  75%                  max       std
time_period                                      datetime64[ns]     10  2022-10-01 04:48:00  2020-07-01 00:00:00  2021-08-16 00:00:00  2022-10-01 00:00:00  2023-11-16 00:00:00  2025-01-01 00:00:00          
response_rate                                           float64      2             0.801136             0.727273             0.764205             0.801136             0.838068                0.875  0.104459
mean_days_to_respond                                    float64      2             3.015616             1.013277             2.014447             3.015616             4.016786             5.017956  2.831735
pos_sentiment_avg                                       float64     10             0.053562             0.009646             0.020432             0.055404             0.083047             0.101607  0.035427
neg_sentiment_avg                                       float64     10             0.238396             0.144647             0.166443             0.218872             0.307705             0.366968  0.085011
ov_sentiment_avg                                        float64     10            -0.093703            -0.200628            -0.158758            -0.083446            -0.030487             0.001519  0.076382
response_rate_pull_request_comment                      float64      2                  0.0                  0.0                  0.0                  0.0                  0.0                  0.0       0.0
response_rate_pull_request_opened                       float64      2                 0.98                 0.96                 0.97                 0.98                 0.99                  1.0  0.028284
response_rate_pull_request_review_comment               float64      1                  0.0                  0.0                  0.0                  0.0                  0.0                  0.0          
mean_days_to_respond_pull_request_opened                float64      2             3.015616             1.013277             2.014447             3.015616             4.016786             5.017956  2.831735
mean_days_to_respond_to_last_comment                    float64      2             3.015616             1.013277             2.014447             3.015616             4.016786             5.017956  2.831735
pull_request_comment_pos_sentiment_avg                  float64     10             0.011977             0.004727             0.006668             0.010961             0.014607             0.025815  0.006878
pull_request_comment_neg_sentiment_avg                  float64     10                  0.0                  0.0                  0.0                  0.0                  0.0                  0.0       0.0
pull_request_comment_ov_sentiment_avg                   float64     10             0.024761             0.012325             0.017385             0.024087             0.027167             0.048011  0.011057
pull_request_opened_pos_sentiment_avg                   float64     10              0.09129             0.008946             0.027278             0.094717             0.149813             0.180122   0.06754
pull_request_opened_neg_sentiment_avg                   float64     10             0.385536             0.280959             0.325172             0.392112             0.447244             0.470378  0.071835
pull_request_opened_ov_sentiment_avg                    float64     10            -0.157764            -0.255463            -0.244786             -0.16143            -0.082792            -0.031547   0.08941
pull_request_review_comment_pos_sentiment_avg           float64     10                  0.0                  0.0                  0.0                  0.0                  0.0                  0.0       0.0
pull_request_review_comment_neg_sentiment_avg           float64     10              0.02265                  0.0                  0.0              0.02265               0.0453               0.0453  0.023875
pull_request_review_comment_ov_sentiment_avg            float64     10             -0.02183             -0.04366             -0.04366             -0.02183                  0.0                  0.0  0.023011
pull_request_review_commented_pos_sentiment_avg         float64     10               0.1718               0.0846               0.0846               0.1718                0.259                0.259  0.091917
pull_request_review_commented_neg_sentiment_avg         float64     10                  0.0                  0.0                  0.0                  0.0                  0.0                  0.0       0.0
pull_request_review_commented_ov_sentiment_avg          float64     10              0.24035               0.0592               0.0592              0.24035               0.4215               0.4215  0.190949
pct_merged_with_approved                                float64      2                  0.0                  0.0                  0.0                  0.0                  0.0                  0.0       0.0
pct_merged_with_review                                  float64      2             0.013889                  0.0             0.006944             0.013889             0.020833             0.027778  0.019642
avg_pull_request_comment_count                          float64      2                 1.25                  0.5                0.875                 1.25                1.625                  2.0   1.06066
avg_pull_request_review_count                           float64      1                 0.25                 0.25                 0.25                 0.25                 0.25                 0.25          
avg_pull_request_review_comment_count                   float64      1                  1.5                  1.5                  1.5                  1.5                  1.5                  1.5          
avg_all_disc_count                                      float64      2                2.125                  2.0               2.0625                2.125               2.1875                 2.25  0.176777
avg_all_disc_exclude_opener_count                       float64      0                                                                                                                                        
clustering_coefficient                                  float64     10                  0.0                  0.0                  0.0                  0.0                  0.0                  0.0       0.0

