File: drive/output/derived/org_outcomes_practices/repo_discussion_quality/important_degree_z2/rolling5/raiden-network___raiden.parquet

MD5 hash: a401aa1a3df71670374e1d316367f691

Keys: time_period 

                                                                   type  count                 mean                  min                  25%                  50%                  75%                  max       std
time_period                                              datetime64[ns]     18  2020-04-01 00:00:00  2016-01-01 00:00:00  2018-02-15 06:00:00  2020-04-01 00:00:00  2022-05-16 18:00:00  2024-07-01 00:00:00          
response_rate                                                   float64     13             0.415943             0.339441               0.3678             0.417722             0.440989             0.611765   0.07172
mean_days_to_respond                                            float64     13             1.403267             0.547295             0.763431             1.307743             1.921705             2.941128   0.77489
pos_sentiment_avg                                               float64     15             0.083588             0.045261             0.081368             0.084251             0.087921             0.102574  0.012239
neg_sentiment_avg                                               float64     15             0.059375             0.044642             0.051667             0.055925             0.058324             0.130633  0.020318
ov_sentiment_avg                                                float64     15             0.036691            -0.052073             0.036212             0.040109             0.048242             0.055901  0.025538
response_rate_pull_request_comment                              float64     13             0.481911             0.406015             0.434316             0.481848             0.511952             0.615385  0.063286
response_rate_pull_request_opened                               float64     13             0.662317             0.175676             0.583333             0.707692             0.771523             0.958333  0.206913
response_rate_pull_request_review_comment                       float64     13             0.338662               0.2725              0.30033                0.328             0.371429             0.445312  0.053009
mean_days_to_respond_pull_request_comment                       float64     13             2.149067             0.235869             1.000525             1.496104             2.996871             5.683401  1.584765
mean_days_to_respond_pull_request_opened                        float64     13             2.527898             0.558001             1.109908             2.003883              3.31242             6.797643  1.782357
mean_days_to_respond_pull_request_review_comment                float64     13             0.488612             0.295638             0.405503             0.453258             0.603349             0.638442  0.118903
mean_days_to_respond_to_last_comment                            float64     13             1.399495             0.561181             0.795909             1.313106             1.927549             2.808965  0.760571
pull_request_opened_pos_sentiment_avg                           float64     15              0.04351             0.035152             0.041019             0.043644             0.045436             0.054546  0.004618
pull_request_opened_neg_sentiment_avg                           float64     15             0.107001             0.063963             0.091313             0.108055             0.130461             0.139626  0.026004
pull_request_opened_ov_sentiment_avg                            float64     15            -0.025938            -0.052814            -0.044594            -0.021184            -0.016503              0.01989  0.021052
pull_request_comment_pos_sentiment_avg                          float64     14             0.105952             0.086869             0.094398             0.096414             0.111943             0.147967  0.019521
pull_request_comment_neg_sentiment_avg                          float64     14             0.040786             0.028826             0.033249             0.039221             0.045149             0.064548  0.010219
pull_request_comment_ov_sentiment_avg                           float64     14             0.074015             0.016928             0.056726             0.066685             0.091126             0.129031  0.030801
pull_request_review_comment_pos_sentiment_avg                   float64     14             0.090629             0.077452             0.090474             0.091633             0.093278             0.101196  0.006196
pull_request_review_comment_neg_sentiment_avg                   float64     14             0.041386             0.032557             0.040637             0.041488             0.042893             0.052175  0.004241
pull_request_review_comment_ov_sentiment_avg                    float64     14             0.049786             0.016423             0.049241             0.050537             0.054019             0.061176  0.010399
pull_request_review_approved_pos_sentiment_avg                  float64      6             0.192562             0.180867              0.18298             0.183848             0.189618             0.232575  0.019924
pull_request_review_approved_neg_sentiment_avg                  float64      6             0.019146             0.008983             0.018149              0.02186             0.022108             0.023067   0.00543
pull_request_review_approved_ov_sentiment_avg                   float64      6             0.160826             0.152095             0.153852             0.155775             0.165483             0.179383  0.010817
pull_request_review_changes_requested_pos_sentiment_avg         float64      6             0.138414             0.089603             0.127754             0.127754             0.145467             0.206248  0.038711
pull_request_review_changes_requested_neg_sentiment_avg         float64      6             0.027493             0.021245             0.027219             0.028528             0.028528             0.031346  0.003394
pull_request_review_changes_requested_ov_sentiment_avg          float64      6             0.156259             0.122989             0.153481             0.160081             0.160081             0.183043  0.019457
pull_request_review_commented_pos_sentiment_avg                 float64      6             0.184545             0.160913             0.166869             0.166869             0.187417             0.251481  0.034845
pull_request_review_commented_neg_sentiment_avg                 float64      6             0.017403                0.012             0.018284             0.018536             0.018536             0.018609  0.002651
pull_request_review_commented_ov_sentiment_avg                  float64      6             0.225528             0.188981             0.199288             0.199288             0.234847              0.31962  0.050404
pull_request_review_dismissed_pos_sentiment_avg                 float64      4                0.078                0.078                0.078                0.078                0.078                0.078       0.0
pull_request_review_dismissed_neg_sentiment_avg                 float64      4                0.039                0.039                0.039                0.039                0.039                0.039       0.0
pull_request_review_dismissed_ov_sentiment_avg                  float64      4              -0.0188              -0.0188              -0.0188              -0.0188              -0.0188              -0.0188       0.0
pct_merged_with_approved                                        float64      5             0.551415             0.413793             0.524823             0.597222             0.610619             0.610619  0.084787
pct_merged_with_review                                          float64      5             0.611743             0.482759             0.595745             0.652778             0.663717             0.663717  0.077426
avg_pull_request_comment_count                                  float64     13             0.943353             0.303644             0.920502             1.036022             1.080056             1.115385  0.241216
avg_pull_request_review_comment_count                           float64     13             1.462348             0.538462             0.926829             1.342991             2.104072             2.592357  0.704437
avg_all_disc_count                                              float64     13             2.563808             1.733184              2.02439             2.379013             3.219457             3.656051   0.66198
avg_pull_request_review_count                                   float64      5             0.411076             0.063556             0.156546             0.243724             0.567265             1.024291  0.391788
avg_pull_request_comment_exclude_opener_count                   float64     13             0.936799              0.24424             0.893215             1.055402             1.093359             1.147826  0.264638
avg_pull_request_review_comment_exclude_opener_count            float64     13             1.431512             0.382488              0.88165             1.196676             2.231884             2.747826  0.827536
avg_all_disc_exclude_opener_count                               float64     13             2.517726             1.577608             1.782609             2.252078              3.37971             3.826087  0.837793
avg_pull_request_review_exclude_opener_count                    float64      5             0.388481             0.056926             0.138979             0.215795             0.544529             0.986175  0.381965
clustering_coefficient                                          float64     17                  0.0                  0.0                  0.0                  0.0                  0.0                  0.0       0.0

