File: drive/output/derived/org_outcomes_practices/repo_discussion_quality/important_degree_z2/rolling5/scijava___scyjava.parquet

MD5 hash: d41a19846cb80da33e217731b940825b

Keys: time_period 

                                                                   type  count                 mean                  min                  25%                  50%                  75%                  max         std
time_period                                              datetime64[ns]     15  2021-07-01 14:24:00  2018-01-01 00:00:00  2019-10-01 00:00:00  2021-07-01 00:00:00  2023-04-01 12:00:00  2025-01-01 00:00:00            
response_rate                                                   float64     11             0.668382              0.46875             0.563821             0.636364             0.767267             0.860465    0.129465
mean_days_to_respond                                            float64     11            38.480782            14.235633            20.126199             30.14831              39.2429           136.354067   33.959023
pos_sentiment_avg                                               float64     15             0.096043                0.037             0.083618             0.098294             0.108663             0.147427    0.026428
neg_sentiment_avg                                               float64     15             0.046233             0.023347             0.029234             0.038558             0.044224             0.156571    0.033232
ov_sentiment_avg                                                float64     15             0.084854              -0.0911             0.055831             0.108712             0.120813             0.154249    0.061986
response_rate_issue_comment                                     float64     11             0.645441                  0.0             0.533333             0.736842             0.847319             0.897436    0.285483
response_rate_pull_request_comment                              float64     11             0.555563             0.272727                  0.5             0.538462             0.645833                 0.75    0.130227
response_rate_pull_request_review_comment                       float64     11             0.268398                  0.0             0.142857             0.333333             0.416667                  0.5    0.189608
response_rate_issue_opened                                      float64      8                  1.0                  1.0                  1.0                  1.0                  1.0                  1.0         0.0
response_rate_pull_request_opened                               float64      5                 0.95                 0.75                  1.0                  1.0                  1.0                  1.0    0.111803
mean_days_to_respond_pull_request_comment                       float64     11            14.786622             0.237418             10.53242            14.067247            20.662394            29.968187    9.026014
mean_days_to_respond_pull_request_review_comment                float64      9             0.010534             0.004294             0.004294             0.006215             0.006215             0.034149    0.011034
mean_days_to_respond_to_last_comment                            float64     11            76.035736            17.226938            34.210284            53.537657           106.515319            190.87731   56.417835
mean_days_to_respond_issue_comment                              float64     10            74.297672             0.018623            23.791105            43.536809            44.502059           433.097523  128.082496
mean_days_to_respond_issue_opened                               float64      8            35.787165             5.538627              6.83825            14.115926            79.608173            80.419379   36.688054
mean_days_to_respond_pull_request_opened                        float64      5             0.937036             0.276782             0.736021             0.736021             1.468177             1.468177    0.519849
issue_comment_pos_sentiment_avg                                 float64     15             0.078719             0.043167             0.062957             0.082599             0.090346             0.130807    0.021991
issue_comment_neg_sentiment_avg                                 float64     15             0.047703             0.021225             0.023826             0.038001             0.055465               0.1144    0.030272
issue_comment_ov_sentiment_avg                                  float64     15              0.06045             -0.06834             0.031563             0.067432             0.123315             0.132187    0.067713
issue_opened_pos_sentiment_avg                                  float64     15              0.06922                  0.0             0.036524             0.058016             0.100579             0.147064     0.04955
issue_opened_neg_sentiment_avg                                  float64     15             0.015223                  0.0             0.010046             0.014932             0.022974               0.0305    0.009891
issue_opened_ov_sentiment_avg                                   float64     15             0.085639                  0.0             0.051428             0.096066             0.122804             0.174252    0.055715
pull_request_opened_pos_sentiment_avg                           float64     15             0.053365                  0.0             0.017556             0.033882             0.098178             0.107446    0.042051
pull_request_opened_neg_sentiment_avg                           float64     15             0.105727                  0.0             0.035564             0.085818             0.100007                0.524    0.132361
pull_request_opened_ov_sentiment_avg                            float64     15             0.013523               -0.296            -0.046857             0.063668             0.090932             0.130513    0.112178
pull_request_comment_pos_sentiment_avg                          float64     14             0.120455             0.070286             0.109472             0.117472             0.132567             0.157549    0.022079
pull_request_comment_neg_sentiment_avg                          float64     14             0.029729             0.017453             0.020655             0.031559             0.037092             0.043035    0.008892
pull_request_comment_ov_sentiment_avg                           float64     14             0.119649             0.088479             0.106733             0.120637             0.131794             0.144938    0.018363
pull_request_review_comment_pos_sentiment_avg                   float64     13              0.16038             0.107875              0.13025             0.169783              0.19464             0.209104     0.03894
pull_request_review_comment_neg_sentiment_avg                   float64     13             0.038812             0.012447             0.016938                0.047             0.057444             0.062667    0.020995
pull_request_review_comment_ov_sentiment_avg                    float64     13             0.136105            -0.000775              0.05795               0.1754             0.214871             0.234645    0.096518
pull_request_review_changes_requested_pos_sentiment_avg         float64     10             0.199818             0.104333             0.104333             0.208165             0.291129                  0.3    0.090606
pull_request_review_changes_requested_neg_sentiment_avg         float64     10             0.065426                  0.0             0.006471             0.061524             0.126333             0.126333    0.058028
pull_request_review_changes_requested_ov_sentiment_avg          float64     10             0.303838              -0.0152              -0.0152             0.257219             0.646184               0.7184    0.323939
pull_request_review_commented_pos_sentiment_avg                 float64      7             0.062328             0.027259             0.027259             0.027259              0.08863                 0.15    0.059891
pull_request_review_commented_neg_sentiment_avg                 float64      7             0.049384              0.03675             0.045594             0.054437             0.054437             0.054437     0.00863
pull_request_review_commented_ov_sentiment_avg                  float64      7             0.062109             0.018643             0.018643             0.018643             0.094709             0.170775    0.074233
pull_request_review_approved_pos_sentiment_avg                  float64      6             0.331217             0.240352             0.265133             0.339478             0.339478             0.488167     0.09094
pull_request_review_approved_neg_sentiment_avg                  float64      6             0.003847                  0.0             0.003644             0.003644             0.005467             0.006074    0.002229
pull_request_review_approved_ov_sentiment_avg                   float64      6              0.46148             0.389524             0.409148             0.468021             0.468021             0.585767    0.072015
pct_merged_with_approved                                        float64      9             0.038408                  0.0                  0.0                  0.0             0.083333                  0.1    0.046144
pct_merged_with_review                                          float64      9             0.540384             0.230769             0.285714             0.363636                  1.0                  1.0    0.348676
avg_pull_request_comment_count                                  float64     11             1.973193                  1.5             1.519231                  2.2             2.366667                  2.5    0.437303
avg_pull_request_review_comment_count                           float64     11             0.566783                  0.2                  0.5                  0.6             0.633333                  0.9    0.178599
avg_all_disc_count                                              float64     11             3.158858             2.230769                 2.95                  3.2                  3.3                  4.2    0.488303
avg_pull_request_review_count                                   float64      9              0.75641                  0.2             0.307692                  0.5                  1.1                  1.8    0.549462
avg_pull_request_comment_exclude_opener_count                   float64     11             1.958333                  1.0                1.375                 2.25             2.416667                  3.0    0.654313
avg_pull_request_review_comment_exclude_opener_count            float64     11             0.731061                 0.25             0.666667                 0.75               0.8125             1.333333    0.304688
avg_all_disc_exclude_opener_count                               float64     11             3.488636                  2.0                  3.0                3.375               3.6875                  5.0    0.835641
avg_pull_request_review_exclude_opener_count                    float64      9             0.976852                0.125                 0.25                  1.0                1.375                 2.25    0.715075
clustering_coefficient                                          float64     13             0.129101                  0.0                  0.0                  0.0             0.353329             0.353329    0.171493

