File: drive/output/derived/org_outcomes_practices/repo_discussion_quality/important_degree_z2/rolling5/secnot___rectpack.parquet

MD5 hash: 94990ba58a59e5376e2970bdae07f178

Keys: time_period 

                                                         type  count                 mean                  min                  25%                  50%                  75%                  max        std
time_period                                    datetime64[ns]     17  2020-12-31 00:00:00  2017-01-01 00:00:00  2019-01-01 00:00:00  2021-01-01 00:00:00  2023-01-01 00:00:00  2025-01-01 00:00:00           
response_rate                                         float64      8             0.678113             0.608696                0.625             0.657658             0.694444             0.806452   0.073674
mean_days_to_respond                                  float64      8            44.192112             0.882583            28.376384            44.558504            65.437979            75.064357  26.037118
pos_sentiment_avg                                     float64     17             0.142587             0.114507             0.129958               0.1435             0.153882             0.166268   0.016006
neg_sentiment_avg                                     float64     17             0.044202             0.025861             0.041138             0.043664             0.050508             0.054933   0.007263
ov_sentiment_avg                                      float64     17             0.145592             0.093028                 0.12             0.133893             0.180972             0.192541   0.033204
response_rate_issue_comment                           float64      8             0.701106             0.611111             0.659091              0.68871              0.72234             0.833333   0.073629
response_rate_pull_request_comment                    float64      8              0.38125                  0.0                  0.0                 0.55                  0.6                 0.75   0.322864
mean_days_to_respond_issue_comment                    float64      8            49.281278             0.304786            29.154937            55.060205             70.54607            81.410823  28.255588
mean_days_to_respond_pull_request_comment             float64      5              1.03201             0.088924             1.267782             1.267782             1.267782             1.267782   0.527201
mean_days_to_respond_to_last_comment                  float64      8             55.66974             0.184861            16.236263            53.365712            92.566554           111.483736  44.132817
issue_comment_pos_sentiment_avg                       float64     17             0.173339             0.129278             0.137122             0.172045             0.196804             0.258556   0.037859
issue_comment_neg_sentiment_avg                       float64     17             0.040081             0.023567             0.037903             0.039453             0.045756             0.054254   0.007755
issue_comment_ov_sentiment_avg                        float64     17             0.147262             0.049428             0.131159             0.146754             0.177367             0.199312    0.03609
issue_opened_pos_sentiment_avg                        float64     17             0.111398             0.049548             0.103852             0.117524             0.122663             0.155023   0.027193
issue_opened_neg_sentiment_avg                        float64     17             0.010957             0.004111             0.007589             0.009565                0.014             0.021189   0.005149
issue_opened_ov_sentiment_avg                         float64     17             0.209865             0.078164              0.16614             0.207925             0.265359             0.361727   0.079747
pull_request_comment_pos_sentiment_avg                float64     17             0.200681               0.0935             0.157352             0.166625                0.205              0.40375   0.102209
pull_request_comment_neg_sentiment_avg                float64     17             0.117067             0.046875             0.062787             0.063556              0.15925               0.3185   0.078266
pull_request_comment_ov_sentiment_avg                 float64     17             0.074935             -0.27985             0.040675             0.131951             0.133756             0.148326    0.10463
pull_request_opened_pos_sentiment_avg                 float64     15             0.006721                  0.0                  0.0                  0.0             0.017533             0.021917   0.009922
pull_request_opened_neg_sentiment_avg                 float64     15             0.260902               0.0526              0.06575             0.224778             0.461722                0.524   0.196411
pull_request_opened_ov_sentiment_avg                  float64     15            -0.195891            -0.524775               -0.296            -0.190078              -0.0301             -0.02408    0.14877
pct_merged_with_approved                              float64      0                                                                                                                                         
pct_merged_with_review                                float64      0                                                                                                                                         
avg_pull_request_comment_count                        float64      8             2.854167                  1.0                  1.0             3.166667                  4.5                  4.5   1.634056
avg_all_disc_count                                    float64      8             2.854167                  1.0                  1.0             3.166667                  4.5                  4.5   1.634056
avg_pull_request_comment_exclude_opener_count         float64      8             2.854167                  1.0                  1.0             3.166667                  4.5                  4.5   1.634056
avg_all_disc_exclude_opener_count                     float64      8             2.854167                  1.0                  1.0             3.166667                  4.5                  4.5   1.634056
clustering_coefficient                                float64     14                  0.0                  0.0                  0.0                  0.0                  0.0                  0.0        0.0

