File: drive/output/derived/org_outcomes_practices/repo_discussion_quality/important_degree_z2/rolling5/sequence-toolbox___sequence.parquet

MD5 hash: 000b21ad009731f332a13d66579db697

Keys: time_period 

                                                            type  count                 mean                  min                  25%                  50%                  75%                  max        std
time_period                                       datetime64[ns]     10  2022-10-01 04:48:00  2020-07-01 00:00:00  2021-08-16 00:00:00  2022-10-01 00:00:00  2023-11-16 00:00:00  2025-01-01 00:00:00           
response_rate                                            float64      9             0.553764             0.192308                 0.35              0.72093             0.753247             0.791045   0.252458
mean_days_to_respond                                     float64      9            41.729206             1.695368             2.648575            44.047391            50.750548           115.076518   36.99847
pos_sentiment_avg                                        float64     10             0.082372             0.068053             0.078038             0.081871             0.083759             0.101667   0.009753
neg_sentiment_avg                                        float64     10             0.060988              0.03801             0.053198             0.056778             0.061611             0.097254   0.019146
ov_sentiment_avg                                         float64     10             0.057003             0.014752             0.045303              0.06292             0.070399             0.088163   0.021967
response_rate_issue_comment                              float64      9             0.538379             0.222222                  0.3              0.71875             0.733333               0.8125   0.251772
response_rate_issue_opened                               float64      9                  1.0                  1.0                  1.0                  1.0                  1.0                  1.0        0.0
response_rate_pull_request_comment                       float64      9             0.541389                  0.0                0.375             0.666667             0.791667               0.8125   0.334681
response_rate_pull_request_opened                        float64      9             0.285975                  0.0                  0.0             0.384615             0.454545                  0.6   0.234236
response_rate_pull_request_review_comment                float64      7             0.464286                  0.0                0.125                 0.75                 0.75                 0.75   0.358776
mean_days_to_respond_issue_comment                       float64      9            24.911804             0.051551             1.058931             3.540359            53.268678            55.689457  28.081432
mean_days_to_respond_issue_opened                        float64      9             2.511923             2.340344             2.340344             2.585278             2.585278              2.90482   0.191588
mean_days_to_respond_pull_request_comment                float64      7            107.17299             0.012037            75.361679            99.185912           116.767818           266.753989  81.603725
mean_days_to_respond_pull_request_opened                 float64      6             1.673918             0.825625              1.34061              1.67784              1.67784             2.956163   0.715886
mean_days_to_respond_to_last_comment                     float64      9            67.665298             1.516227             4.347845            89.658342            99.942711           133.824091  50.803288
mean_days_to_respond_pull_request_review_comment         float64      6             0.685777             0.116235             0.116235             0.116235             1.397704             1.824861   0.882331
issue_comment_pos_sentiment_avg                          float64     10              0.12214             0.085023             0.103964             0.108397             0.139855             0.176956   0.031273
issue_comment_neg_sentiment_avg                          float64     10             0.018143             0.007992             0.016572             0.018042             0.019818             0.027326   0.004809
issue_comment_ov_sentiment_avg                           float64     10             0.128475             0.100682             0.116789             0.122182             0.132476             0.169048   0.021538
issue_opened_pos_sentiment_avg                           float64     10             0.068009             0.057716             0.061906             0.063788             0.065587             0.111459   0.015534
issue_opened_neg_sentiment_avg                           float64     10              0.01839                0.011             0.012689             0.014215             0.022789             0.032091   0.007698
issue_opened_ov_sentiment_avg                            float64     10             0.078582            -0.016211             0.052009             0.100272             0.106351              0.11541   0.044138
pull_request_comment_pos_sentiment_avg                   float64     10             0.159689             0.100441             0.124354             0.131325             0.138797               0.2937   0.071357
pull_request_comment_neg_sentiment_avg                   float64     10              0.02332               0.0076             0.017102             0.024343             0.028648             0.036958   0.009076
pull_request_comment_ov_sentiment_avg                    float64     10             0.141776             0.062993             0.127915             0.135456             0.162699              0.22227    0.04369
pull_request_opened_pos_sentiment_avg                    float64     10             0.030998             0.013084              0.02381             0.029075             0.031963             0.055187   0.012557
pull_request_opened_neg_sentiment_avg                    float64     10             0.140226             0.099245             0.126966             0.135309             0.139734             0.199802   0.029251
pull_request_opened_ov_sentiment_avg                     float64     10            -0.042904            -0.062704            -0.056599            -0.045496            -0.042723              0.01052   0.020964
pull_request_review_approved_pos_sentiment_avg           float64      9             0.186034                  0.0             0.091111             0.104238                0.183                0.796   0.235116
pull_request_review_approved_neg_sentiment_avg           float64      9             0.065984                  0.0             0.048056             0.051762                0.074                0.223   0.063258
pull_request_review_approved_ov_sentiment_avg            float64      9             0.164755              -0.3182             0.106164             0.138012               0.3291               0.4404   0.216209
pull_request_review_comment_pos_sentiment_avg            float64     10             0.116744                  0.0             0.064163             0.128762             0.158751              0.19613   0.066258
pull_request_review_comment_neg_sentiment_avg            float64     10             0.005676                  0.0             0.000476             0.002005             0.004444             0.020976   0.008226
pull_request_review_comment_ov_sentiment_avg             float64     10              0.06774                  0.0              0.02684             0.081731             0.097615             0.113783   0.043835
pull_request_review_commented_pos_sentiment_avg          float64      7             0.171273             0.065146             0.065146             0.065146             0.223165                0.492   0.165257
pull_request_review_commented_neg_sentiment_avg          float64      7             0.008629                  0.0             0.008367             0.010917             0.010917             0.010917   0.003996
pull_request_review_commented_ov_sentiment_avg           float64      7             0.160251             0.068298             0.068298             0.068298             0.204081               0.4404   0.143572
pct_merged_with_approved                                 float64      9             0.089653                  0.0             0.033333             0.083333             0.136364                  0.2   0.078346
pct_merged_with_review                                   float64      9               0.1779             0.038462               0.0625             0.138889             0.227273                  0.4   0.141515
avg_pull_request_comment_count                           float64      9             0.882799             0.458333             0.794118             0.814815             0.833333             1.545455   0.307047
avg_pull_request_review_count                            float64      9             0.826329             0.333333             0.636364             0.823529                0.875             1.571429   0.344071
avg_pull_request_review_comment_count                    float64      7             0.453184             0.114286             0.132898             0.166667             0.598485             1.428571    0.50108
avg_all_disc_count                                       float64      9             2.061604             1.333333             1.666667             1.735294             2.545455             3.714286   0.774039
avg_pull_request_comment_exclude_opener_count            float64      9             0.823411             0.409091              0.62069             0.888889                  1.0                 1.25    0.26805
avg_pull_request_review_exclude_opener_count             float64      8             0.597902             0.111111             0.364583             0.677778             0.826462             0.954545    0.30031
avg_all_disc_exclude_opener_count                        float64      9              1.35488                  1.0             1.333333             1.433333             1.444444                1.625   0.189787
clustering_coefficient                                   float64     10                  0.0                  0.0                  0.0                  0.0                  0.0                  0.0        0.0

