File: drive/output/derived/org_outcomes_practices/repo_discussion_quality/important_degree_z2/rolling5/sizmailov___pybind11-stubgen.parquet

MD5 hash: 89c07ae4d34be6b83c192c345d7e8496

Keys: time_period 

                                                                   type  count                           mean                  min                  25%                  50%                  75%                  max       std
time_period                                              datetime64[ns]     13  2021-12-31 05:32:18.461538560  2019-01-01 00:00:00  2020-07-01 00:00:00  2022-01-01 00:00:00  2023-07-01 00:00:00  2025-01-01 00:00:00          
response_rate                                                   float64      7                       0.467878             0.384615             0.434874             0.466667             0.504329             0.545455  0.055717
mean_days_to_respond                                            float64      7                       0.755959             0.293904             0.513184             0.852688             0.955521              1.20771   0.33963
pos_sentiment_avg                                               float64     13                       0.133542              0.06789             0.107833             0.121162             0.166109             0.242259  0.049225
neg_sentiment_avg                                               float64     13                        0.08496             0.036941             0.051139             0.059131             0.133963             0.161446  0.047956
ov_sentiment_avg                                                float64     13                       0.054769            -0.037774             0.013375             0.055967             0.082222             0.142519  0.054951
response_rate_pull_request_comment                              float64      7                       0.526426             0.384615                  0.5              0.52381             0.554945             0.666667  0.085923
response_rate_pull_request_opened                               float64      5                            1.0                  1.0                  1.0                  1.0                  1.0                  1.0       0.0
response_rate_pull_request_review_comment                       float64      5                       0.158333                0.125             0.166667             0.166667             0.166667             0.166667  0.018634
mean_days_to_respond_pull_request_comment                       float64      7                       0.824526              0.35455             0.542126             0.958866             1.083151              1.20771  0.349164
mean_days_to_respond_pull_request_opened                        float64      5                       0.036299             0.004259             0.004259             0.004259             0.004259              0.16446  0.071644
mean_days_to_respond_pull_request_review_comment                float64      5                       0.344609             0.015127             0.426979             0.426979             0.426979             0.426979  0.184186
mean_days_to_respond_to_last_comment                            float64      7                        0.79958             0.335551             0.541856             0.914843             1.027621              1.20771   0.33721
pull_request_comment_pos_sentiment_avg                          float64     13                       0.229739             0.149612             0.179856             0.197035             0.248806             0.415667  0.080684
pull_request_comment_neg_sentiment_avg                          float64     13                       0.021272             0.014894               0.0177             0.018398             0.023779             0.034467  0.005484
pull_request_comment_ov_sentiment_avg                           float64     13                       0.159636             0.111638             0.132958             0.147037              0.16835             0.259512  0.042366
pull_request_opened_pos_sentiment_avg                           float64     13                        0.03625             0.015222             0.027132             0.038683             0.045596             0.053934  0.012062
pull_request_opened_neg_sentiment_avg                           float64     13                       0.145439             0.071427             0.095333             0.145698             0.206182             0.223188  0.056719
pull_request_opened_ov_sentiment_avg                            float64     13                      -0.050852            -0.108272            -0.092829            -0.051852             -0.01643             0.013507  0.040521
pull_request_review_comment_pos_sentiment_avg                   float64     11                       0.145459             0.031686              0.09158             0.104533             0.105433                0.421  0.138924
pull_request_review_comment_neg_sentiment_avg                   float64     11                       0.062565                  0.0             0.064764             0.065733              0.07965             0.094132  0.032755
pull_request_review_comment_ov_sentiment_avg                    float64     11                       0.085532            -0.068383            -0.001924             0.086297             0.091797               0.3636  0.150037
pull_request_review_changes_requested_pos_sentiment_avg         float64      7                       0.117143                  0.0                0.082                0.164                0.164                0.164  0.080024
pull_request_review_changes_requested_neg_sentiment_avg         float64      7                       0.079286                  0.0               0.0555                0.111                0.111                0.111  0.054162
pull_request_review_changes_requested_ov_sentiment_avg          float64      7                      -0.107786              -0.1509              -0.1509              -0.1509             -0.07545                  0.0  0.073632
pull_request_review_commented_pos_sentiment_avg                 float64      4                       0.360333             0.360333             0.360333             0.360333             0.360333             0.360333       0.0
pull_request_review_commented_neg_sentiment_avg                 float64      4                            0.0                  0.0                  0.0                  0.0                  0.0                  0.0       0.0
pull_request_review_commented_ov_sentiment_avg                  float64      4                         0.2672               0.2672               0.2672               0.2672               0.2672               0.2672       0.0
pct_merged_with_approved                                        float64      5                           0.04                  0.0                  0.0                  0.0             0.066667             0.133333  0.059628
pct_merged_with_review                                          float64      5                       0.046667                  0.0                  0.0                  0.0                  0.1             0.133333  0.064979
avg_pull_request_comment_count                                  float64      7                       1.391983             0.866667             1.068478             1.285714             1.393939             2.666667  0.595737
avg_pull_request_review_comment_count                           float64      5                       0.702466             0.285714             0.333333             0.347826             0.545455                  2.0  0.732113
avg_all_disc_count                                              float64      7                       1.984428                 1.05             1.319048             1.666667             1.934783             4.666667   1.23793
avg_pull_request_review_count                                   float64      2                       0.317391                  0.2             0.258696             0.317391             0.376087             0.434783  0.166016
avg_pull_request_comment_exclude_opener_count                   float64      7                       1.392548             0.866667             1.070455             1.285714             1.393939             2.666667  0.595402
avg_pull_request_review_comment_exclude_opener_count            float64      5                       0.705628             0.285714             0.333333             0.363636             0.545455                  2.0   0.73023
avg_all_disc_exclude_opener_count                               float64      7                       1.990074                 1.05             1.319048             1.666667             1.954545             4.666667  1.237409
avg_pull_request_review_exclude_opener_count                    float64      2                       0.327273                  0.2             0.263636             0.327273             0.390909             0.454545  0.179991
clustering_coefficient                                          float64     11                            0.0                  0.0                  0.0                  0.0                  0.0                  0.0       0.0

