File: drive/output/derived/org_outcomes_practices/repo_discussion_quality/important_degree_z2/rolling5/starkbank___sdk-python.parquet

MD5 hash: 9bf697166176ac98c676c0237ff576af

Keys: time_period 

                                                                type  count                           mean                  min                  25%                  50%                  75%                  max        std
time_period                                           datetime64[ns]     11  2022-07-01 21:49:05.454545408  2020-01-01 00:00:00  2021-04-01 12:00:00  2022-07-01 00:00:00  2023-10-01 00:00:00  2025-01-01 00:00:00           
response_rate                                                float64      9                       0.072256                  0.0              0.05618               0.0625             0.083333                  0.2   0.056317
mean_days_to_respond                                         float64      8                        5.54542             0.021863             0.021863             0.021863             7.109933            30.034178  10.400158
pos_sentiment_avg                                            float64     11                       0.036224             0.006118               0.0303             0.032994              0.03982             0.075059   0.016754
neg_sentiment_avg                                            float64     11                       0.237152             0.139126             0.173576             0.260759             0.289206             0.382794   0.078226
ov_sentiment_avg                                             float64     11                      -0.128991             -0.22437            -0.151914            -0.134055            -0.095606            -0.077018   0.043363
response_rate_pull_request_comment                           float64      5                            0.0                  0.0                  0.0                  0.0                  0.0                  0.0        0.0
response_rate_pull_request_opened                            float64      9                       0.059921                  0.0                  0.0             0.041667                 0.05             0.333333   0.105916
response_rate_pull_request_review_comment                    float64      9                       0.093101                  0.0             0.080645             0.090909             0.133333             0.181818   0.053383
response_rate_issue_comment                                  float64      4                            0.0                  0.0                  0.0                  0.0                  0.0                  0.0        0.0
mean_days_to_respond_pull_request_opened                     float64      5                       0.052674             0.052674             0.052674             0.052674             0.052674             0.052674        0.0
mean_days_to_respond_pull_request_review_comment             float64      8                       5.535792             0.006458             0.006458             0.006458             7.109933            30.034178  10.406004
mean_days_to_respond_to_last_comment                         float64      8                       5.880422             0.021863             0.021863             0.021863             8.449939            30.034178  10.475975
issue_comment_pos_sentiment_avg                              float64     10                       0.208167                  0.0                  0.0             0.208167             0.416333             0.416333   0.219427
issue_comment_neg_sentiment_avg                              float64     10                            0.0                  0.0                  0.0                  0.0                  0.0                  0.0        0.0
issue_comment_ov_sentiment_avg                               float64     10                       0.191633                  0.0                  0.0             0.191633             0.383267             0.383267   0.201999
issue_opened_pos_sentiment_avg                               float64     10                       0.089196             0.072271             0.072271             0.093438                0.104                0.104   0.015922
issue_opened_neg_sentiment_avg                               float64     10                          0.078                 0.02                 0.02                0.086                0.132                0.132   0.057232
issue_opened_ov_sentiment_avg                                float64     10                       -0.05563            -0.173333            -0.173333            -0.075073             0.071794             0.071794   0.124913
pull_request_opened_pos_sentiment_avg                        float64     11                       0.002195                  0.0                  0.0                  0.0             0.004241             0.008354   0.003411
pull_request_opened_neg_sentiment_avg                        float64     11                        0.49571             0.455393             0.490496             0.497993             0.504793                0.524   0.018303
pull_request_opened_ov_sentiment_avg                         float64     11                      -0.280025               -0.296            -0.286143            -0.279948            -0.274135            -0.260068   0.009838
pull_request_review_comment_pos_sentiment_avg                float64     11                       0.073944                  0.0             0.035595             0.044281             0.099334             0.238095   0.064991
pull_request_review_comment_neg_sentiment_avg                float64     11                       0.017022                  0.0             0.002034              0.01188             0.033079             0.040189   0.015894
pull_request_review_comment_ov_sentiment_avg                 float64     11                       0.006375            -0.030946            -0.023021                  0.0             0.028432             0.070476   0.032972
pull_request_comment_pos_sentiment_avg                       float64      5                            0.0                  0.0                  0.0                  0.0                  0.0                  0.0        0.0
pull_request_comment_neg_sentiment_avg                       float64      5                       0.010667             0.010667             0.010667             0.010667             0.010667             0.010667        0.0
pull_request_comment_ov_sentiment_avg                        float64      5                      -0.049333            -0.049333            -0.049333            -0.049333            -0.049333            -0.049333        0.0
pct_merged_with_approved                                     float64      9                       0.347582             0.212121             0.333333             0.358491             0.380952             0.421053   0.063232
pct_merged_with_review                                       float64      9                       0.391705             0.242424             0.352941             0.377358              0.47619             0.526316   0.088505
avg_pull_request_comment_count                               float64      5                       0.121706             0.071429             0.074074             0.086957             0.153846             0.222222   0.065461
avg_pull_request_review_count                                float64      9                       1.687779             1.217391             1.296296             1.428571             1.619048             2.882353   0.620179
avg_pull_request_review_comment_count                        float64      9                       1.522666             0.652174             0.821429             1.153846             1.238095             3.473684     1.1237
avg_all_disc_count                                           float64      9                        3.27806             1.956522             2.185185             2.692308             2.888889             6.352941   1.704925
avg_pull_request_comment_exclude_opener_count                float64      5                       0.075238             0.041667             0.041667                 0.05                  0.1             0.142857   0.044935
avg_pull_request_review_exclude_opener_count                 float64      9                       1.669328             1.235294             1.352941             1.416667             1.857143             2.428571   0.431221
avg_pull_request_review_comment_exclude_opener_count         float64      9                       1.465437             0.588235             0.833333             0.941176             1.428571                  3.4     1.0804
avg_all_disc_exclude_opener_count                            float64      9                       3.176564             1.823529             2.291667             2.294118             3.428571             5.666667   1.491527
clustering_coefficient                                       float64     10                            0.0                  0.0                  0.0                  0.0                  0.0                  0.0        0.0

