File: drive/output/derived/org_outcomes_practices/repo_discussion_quality/important_degree_z2/rolling5/tardyp___rs-bp.parquet

MD5 hash: 5c3ceccf5a65ea752794ded81279098b

Keys: time_period 

                                                         type  count                 mean                  min                  25%                  50%                  75%                  max       std
time_period                                    datetime64[ns]      3  2024-07-01 16:00:00  2024-01-01 00:00:00  2024-04-01 00:00:00  2024-07-01 00:00:00  2024-10-01 00:00:00  2025-01-01 00:00:00          
response_rate                                         float64      1                  0.5                  0.5                  0.5                  0.5                  0.5                  0.5          
mean_days_to_respond                                  float64      1             0.069884             0.069884             0.069884             0.069884             0.069884             0.069884          
pos_sentiment_avg                                     float64      3             0.092558               0.0615              0.08222             0.102939             0.108086             0.113233  0.027385
neg_sentiment_avg                                     float64      3             0.113483             0.098667               0.1036             0.108533             0.120892              0.13325  0.017815
ov_sentiment_avg                                      float64      3             0.007183            -0.029675            -0.002641             0.024392             0.025612             0.026832  0.031943
response_rate_issue_comment                           float64      1                  0.0                  0.0                  0.0                  0.0                  0.0                  0.0          
response_rate_pull_request_comment                    float64      1                  1.0                  1.0                  1.0                  1.0                  1.0                  1.0          
mean_days_to_respond_pull_request_comment             float64      1             0.069884             0.069884             0.069884             0.069884             0.069884             0.069884          
mean_days_to_respond_to_last_comment                  float64      1             0.069884             0.069884             0.069884             0.069884             0.069884             0.069884          
issue_comment_pos_sentiment_avg                       float64      3             0.212778                0.123             0.190333             0.257667             0.257667             0.257667   0.07775
issue_comment_neg_sentiment_avg                       float64      3             0.148056             0.088833             0.088833             0.088833             0.177667               0.2665  0.102576
issue_comment_ov_sentiment_avg                        float64      3             0.086672             -0.05935             0.050167             0.159683             0.159683             0.159683  0.126459
issue_opened_pos_sentiment_avg                        float64      3                  0.0                  0.0                  0.0                  0.0                  0.0                  0.0       0.0
issue_opened_neg_sentiment_avg                        float64      3                  0.0                  0.0                  0.0                  0.0                  0.0                  0.0       0.0
issue_opened_ov_sentiment_avg                         float64      3                  0.0                  0.0                  0.0                  0.0                  0.0                  0.0       0.0
pull_request_comment_pos_sentiment_avg                float64      2             0.076944             0.076944             0.076944             0.076944             0.076944             0.076944       0.0
pull_request_comment_neg_sentiment_avg                float64      2             0.079444             0.079444             0.079444             0.079444             0.079444             0.079444       0.0
pull_request_comment_ov_sentiment_avg                 float64      2            -0.028694            -0.028694            -0.028694            -0.028694            -0.028694            -0.028694       0.0
pull_request_opened_pos_sentiment_avg                 float64      2             0.053542             0.042833             0.048188             0.053542             0.058896              0.06425  0.015144
pull_request_opened_neg_sentiment_avg                 float64      2             0.241875               0.1935             0.217688             0.241875             0.266062              0.29025  0.068413
pull_request_opened_ov_sentiment_avg                  float64      2            -0.051937            -0.062325            -0.057131            -0.051937            -0.046744             -0.04155   0.01469
pct_merged_with_approved                              float64      1                  0.0                  0.0                  0.0                  0.0                  0.0                  0.0          
pct_merged_with_review                                float64      1                  0.0                  0.0                  0.0                  0.0                  0.0                  0.0          
avg_pull_request_comment_count                        float64      1                  1.0                  1.0                  1.0                  1.0                  1.0                  1.0          
avg_all_disc_count                                    float64      1                  1.0                  1.0                  1.0                  1.0                  1.0                  1.0          
avg_pull_request_comment_exclude_opener_count         float64      1                  1.0                  1.0                  1.0                  1.0                  1.0                  1.0          
avg_all_disc_exclude_opener_count                     float64      1                  1.0                  1.0                  1.0                  1.0                  1.0                  1.0          
clustering_coefficient                                float64      2                  0.0                  0.0                  0.0                  0.0                  0.0                  0.0       0.0

