File: drive/output/derived/org_outcomes_practices/repo_discussion_quality/important_degree_z2/rolling5/tensorflow___models.parquet

MD5 hash: 50a6cbad4422fe982e783a21b2e734a1

Keys: time_period 

                                                                   type  count                           mean                  min                  25%                  50%                  75%                  max        std
time_period                                              datetime64[ns]     19  2020-07-01 08:50:31.578947328  2016-01-01 00:00:00  2018-04-01 12:00:00  2020-07-01 00:00:00  2022-10-01 00:00:00  2025-01-01 00:00:00           
response_rate                                                   float64     18                       0.344636             0.141176             0.255998             0.339956             0.426633             0.674419    0.13044
mean_days_to_respond                                            float64     18                      26.874586             8.808329            16.411271             22.88067            34.883292            60.517603  13.698088
pos_sentiment_avg                                               float64     19                       0.109584             0.089438             0.103056              0.11279              0.11581              0.13119   0.010178
neg_sentiment_avg                                               float64     19                       0.065342             0.030016             0.043326             0.065111             0.072756             0.134945   0.027823
ov_sentiment_avg                                                float64     19                       0.068284             0.029456             0.055839             0.062443             0.083628             0.104726   0.020012
response_rate_pull_request_comment                              float64     18                       0.371848                  0.0              0.24484             0.381174             0.532633                0.725    0.19959
response_rate_pull_request_review_comment                       float64     18                       0.202815                  0.0             0.144194             0.217231             0.254293             0.367647   0.084154
response_rate_pull_request_opened                               float64     17                       0.599742             0.333333             0.521739             0.642857             0.714286             0.818182   0.155734
mean_days_to_respond_pull_request_comment                       float64     16                      27.777968            10.975785            20.833935             24.85267            31.281604            60.517603  12.781013
mean_days_to_respond_to_last_comment                            float64     18                      30.842001             9.331356            17.774086            29.687171            39.290339            78.596299  16.467059
mean_days_to_respond_pull_request_opened                        float64     17                      12.831181             1.067278             2.676715            11.846584            20.998676            41.392292  11.275377
mean_days_to_respond_pull_request_review_comment                float64     17                      18.849954             0.283231             0.600662             0.690611            42.294246              85.1177   28.44435
pull_request_comment_pos_sentiment_avg                          float64     19                        0.17807               0.1362             0.152929             0.163019             0.186403              0.33474   0.047431
pull_request_comment_neg_sentiment_avg                          float64     19                       0.023685             0.012531             0.017993             0.025796             0.028515             0.033962   0.006728
pull_request_comment_ov_sentiment_avg                           float64     19                       0.131864             0.107281             0.114409             0.123564             0.135495              0.23014   0.030337
pull_request_opened_pos_sentiment_avg                           float64     19                       0.054833             0.026308             0.034391             0.049894             0.073282             0.088721   0.023232
pull_request_opened_neg_sentiment_avg                           float64     19                       0.144023             0.043478             0.083936             0.163106             0.184945             0.238712   0.063256
pull_request_opened_ov_sentiment_avg                            float64     19                       0.001068            -0.091555            -0.059098            -0.019571              0.06276             0.116048   0.074769
pull_request_review_comment_pos_sentiment_avg                   float64     19                       0.089954             0.059509             0.080681             0.093338             0.098552                0.126    0.01476
pull_request_review_comment_neg_sentiment_avg                   float64     19                       0.024374             0.010846             0.020787             0.026796             0.028581             0.030228   0.005481
pull_request_review_comment_ov_sentiment_avg                    float64     19                        0.06752             0.041411             0.057487             0.065189             0.078821             0.100018   0.014905
pull_request_review_approved_pos_sentiment_avg                  float64     10                       0.528714             0.382786             0.535305             0.547307             0.559946             0.589136   0.061914
pull_request_review_approved_neg_sentiment_avg                  float64     10                       0.006402             0.002381             0.005083             0.006571             0.007433             0.011267    0.00249
pull_request_review_approved_ov_sentiment_avg                   float64     10                       0.334479             0.276336             0.299062             0.350275             0.364234             0.381474   0.040374
pull_request_review_changes_requested_pos_sentiment_avg         float64     10                       0.204824             0.096222             0.128415              0.23788             0.271055             0.290872   0.078624
pull_request_review_changes_requested_neg_sentiment_avg         float64     10                       0.009629                  0.0                  0.0             0.000642             0.000713             0.092667   0.029179
pull_request_review_changes_requested_ov_sentiment_avg          float64     10                         0.2193             0.068994             0.171441             0.253421             0.275634             0.285663   0.075614
pull_request_review_commented_pos_sentiment_avg                 float64     10                        0.22245             0.056389             0.114065             0.261934             0.317462             0.343175   0.112173
pull_request_review_commented_neg_sentiment_avg                 float64     10                       0.001173                  0.0                  0.0             0.000903              0.00204             0.003611   0.001328
pull_request_review_commented_ov_sentiment_avg                  float64     10                       0.221523             0.088389             0.132966             0.254359             0.296176             0.321212   0.092294
pull_request_review_dismissed_pos_sentiment_avg                 float64      9                        0.41523                  0.0               0.2976              0.46925             0.625667             0.755333   0.288466
pull_request_review_dismissed_neg_sentiment_avg                 float64      9                            0.0                  0.0                  0.0                  0.0                  0.0                  0.0        0.0
pull_request_review_dismissed_ov_sentiment_avg                  float64      9                       0.286175                  0.0              0.17616             0.319025             0.425367             0.557133   0.212556
pct_merged_with_approved                                        float64     10                       0.548145             0.333333             0.554167             0.576623             0.590031             0.701754   0.105218
pct_merged_with_review                                          float64     10                       0.569336             0.333333             0.582517             0.595918                  0.6             0.701754   0.095856
avg_pull_request_comment_count                                  float64     19                       1.340053             0.109091             1.031269             1.567619             1.774756             2.096953   0.591047
avg_all_disc_count                                              float64     19                       2.052722             1.664474               1.8816               2.0464             2.252865             2.422535   0.230279
avg_pull_request_review_comment_count                           float64     18                       0.409827             0.024194             0.168064             0.393724             0.621165             0.887324   0.258935
avg_pull_request_review_count                                   float64     10                       0.616383             0.024658             0.167737             0.556706             0.978034             1.436364   0.514397
avg_pull_request_comment_exclude_opener_count                   float64     19                       1.346276             0.111111             1.015943             1.586498             1.779235             2.112069   0.595833
avg_all_disc_exclude_opener_count                               float64     19                       1.995605             1.641593             1.845451             2.018519             2.178472             2.292431   0.199771
avg_pull_request_review_comment_exclude_opener_count            float64     18                       0.357632             0.024194             0.152593             0.326276             0.532798             0.797101   0.228061
avg_pull_request_review_exclude_opener_count                    float64     10                       0.589986             0.027356             0.174661             0.561126             0.943211             1.296296    0.47003
clustering_coefficient                                          float64     18                            0.0                  0.0                  0.0                  0.0                  0.0                  0.0        0.0

