File: drive/output/derived/org_outcomes_practices/repo_discussion_quality/important_degree_z2/rolling5/the-swarm-corporation___swarm-models.parquet

MD5 hash: 4f2d42d25b6c81411f1036fca326c4a1

Keys: time_period 

                                                         type  count                 mean                  min                  25%                  50%                  75%                  max       std
time_period                                    datetime64[ns]      2  2024-10-01 00:00:00  2024-07-01 00:00:00  2024-08-16 00:00:00  2024-10-01 00:00:00  2024-11-16 00:00:00  2025-01-01 00:00:00          
response_rate                                         float64      0                                                                                                                                        
mean_days_to_respond                                  float64      0                                                                                                                                        
pos_sentiment_avg                                     float64      2             0.095013              0.07986             0.087437             0.095013              0.10259             0.110167   0.02143
neg_sentiment_avg                                     float64      2              0.00394                  0.0              0.00197              0.00394              0.00591              0.00788  0.005572
ov_sentiment_avg                                      float64      2              0.21738              0.18011             0.198745              0.21738             0.236015              0.25465  0.052708
issue_comment_pos_sentiment_avg                       float64      2               0.0975               0.0975               0.0975               0.0975               0.0975               0.0975       0.0
issue_comment_neg_sentiment_avg                       float64      2                  0.0                  0.0                  0.0                  0.0                  0.0                  0.0       0.0
issue_comment_ov_sentiment_avg                        float64      2              0.08895              0.08895              0.08895              0.08895              0.08895              0.08895       0.0
issue_opened_pos_sentiment_avg                        float64      2                0.113                0.113                0.113                0.113                0.113                0.113       0.0
issue_opened_neg_sentiment_avg                        float64      2                  0.0                  0.0                  0.0                  0.0                  0.0                  0.0       0.0
issue_opened_ov_sentiment_avg                         float64      2               0.3182               0.3182               0.3182               0.3182               0.3182               0.3182       0.0
pull_request_opened_pos_sentiment_avg                 float64      2             0.091467             0.062933               0.0772             0.091467             0.105733                 0.12  0.040352
pull_request_opened_neg_sentiment_avg                 float64      2             0.006567                  0.0             0.003283             0.006567              0.00985             0.013133  0.009287
pull_request_opened_ov_sentiment_avg                  float64      2             0.260633             0.164467              0.21255             0.260633             0.308717               0.3568     0.136
pct_merged_with_approved                              float64      0                                                                                                                                        
pct_merged_with_review                                float64      0                                                                                                                                        
avg_pull_request_review_count                         float64      2             0.722222             0.444444             0.583333             0.722222             0.861111                  1.0  0.392837
avg_all_disc_count                                    float64      2                  1.0                  1.0                  1.0                  1.0                  1.0                  1.0       0.0
avg_pull_request_comment_count                        float64      1             0.555556             0.555556             0.555556             0.555556             0.555556             0.555556          
avg_pull_request_review_exclude_opener_count          float64      2             0.722222             0.444444             0.583333             0.722222             0.861111                  1.0  0.392837
avg_all_disc_exclude_opener_count                     float64      2                  1.0                  1.0                  1.0                  1.0                  1.0                  1.0       0.0
avg_pull_request_comment_exclude_opener_count         float64      1             0.555556             0.555556             0.555556             0.555556             0.555556             0.555556          

