File: drive/output/derived/org_outcomes_practices/repo_discussion_quality/important_degree_z2/rolling5/tiangolo___poetry-version-plugin.parquet

MD5 hash: 7ff7f2cb350387e2adf9093cd04997ce

Keys: time_period 

                                                                type  count                 mean                  min                  25%                  50%                  75%                  max         std
time_period                                           datetime64[ns]      9  2022-12-31 13:20:00  2021-01-01 00:00:00  2022-01-01 00:00:00  2023-01-01 00:00:00  2024-01-01 00:00:00  2025-01-01 00:00:00            
response_rate                                                float64      6             0.836745             0.342105             0.814327             0.944444                  1.0                  1.0    0.256741
mean_days_to_respond                                         float64      6           127.713622             1.495635            27.594197           143.501382           212.752855           252.988185  109.579197
pos_sentiment_avg                                            float64      8              0.14645             0.122253             0.128117             0.145423             0.153547             0.195806    0.023601
neg_sentiment_avg                                            float64      8              0.02687             0.017626             0.022673             0.025459             0.029017             0.039786    0.007436
ov_sentiment_avg                                             float64      8             0.163347             0.120202             0.137391             0.168788             0.176393             0.213977    0.030995
response_rate_issue_comment                                  float64      6             0.864815                  0.3             0.916667                  1.0                  1.0                  1.0    0.280248
response_rate_pull_request_opened                            float64      6                  1.0                  1.0                  1.0                  1.0                  1.0                  1.0         0.0
response_rate_issue_opened                                   float64      5                  1.0                  1.0                  1.0                  1.0                  1.0                  1.0         0.0
response_rate_pull_request_comment                           float64      3             0.027778                  0.0                  0.0                  0.0             0.041667             0.083333    0.048113
response_rate_pull_request_review_comment                    float64      3                  1.0                  1.0                  1.0                  1.0                  1.0                  1.0         0.0
mean_days_to_respond_issue_comment                           float64      6           142.215996             4.909439            26.732675           133.974119           261.465213           285.490529  129.571444
mean_days_to_respond_pull_request_opened                     float64      6            85.873517             0.000903             0.001831            67.795585           176.265034             189.8236   96.130017
mean_days_to_respond_to_last_comment                         float64      6           151.400003             1.249747             35.73951            170.09011           254.047062           293.981362  128.426137
mean_days_to_respond_issue_opened                            float64      5           527.864907             0.013206             0.013206           879.766042           879.766042           879.766042  481.860473
mean_days_to_respond_pull_request_review_comment             float64      3             0.011875             0.011875             0.011875             0.011875             0.011875             0.011875         0.0
mean_days_to_respond_pull_request_comment                    float64      1             0.000463             0.000463             0.000463             0.000463             0.000463             0.000463            
issue_comment_pos_sentiment_avg                              float64      8             0.189368             0.146619              0.15192             0.180115             0.212495               0.2765    0.046076
issue_comment_neg_sentiment_avg                              float64      8             0.007218             0.001275             0.005227             0.006113             0.008554                0.016    0.004303
issue_comment_ov_sentiment_avg                               float64      8             0.357597             0.222213             0.286706             0.307033              0.33858               0.7836     0.17786
issue_opened_pos_sentiment_avg                               float64      8             0.069946                0.035             0.059614             0.076913             0.079361             0.090596    0.017738
issue_opened_neg_sentiment_avg                               float64      8             0.042792             0.020067             0.032708             0.042825             0.048218             0.073708    0.016439
issue_opened_ov_sentiment_avg                                float64      8             0.046251             -0.06902             0.002534             0.066028             0.099877             0.110717    0.065167
pull_request_opened_pos_sentiment_avg                        float64      8             0.152728             0.077485             0.085866             0.158341             0.195002                0.248    0.065213
pull_request_opened_neg_sentiment_avg                        float64      8             0.044113             0.027667             0.031207             0.038065             0.051246             0.071561    0.017848
pull_request_opened_ov_sentiment_avg                         float64      8              0.08439             0.039775             0.048556             0.065152             0.131677             0.148578    0.045734
pull_request_comment_pos_sentiment_avg                       float64      5              0.14204               0.0555               0.0555             0.171624              0.17792             0.249657    0.084738
pull_request_comment_neg_sentiment_avg                       float64      5             0.021917             0.005724               0.0139              0.01946              0.03525              0.03525    0.013116
pull_request_comment_ov_sentiment_avg                        float64      5             0.122315             0.002225             0.002225             0.142492             0.218266             0.246368    0.116024
pull_request_review_approved_pos_sentiment_avg               float64      5               0.1835               0.1835               0.1835               0.1835               0.1835               0.1835         0.0
pull_request_review_approved_neg_sentiment_avg               float64      5                  0.0                  0.0                  0.0                  0.0                  0.0                  0.0         0.0
pull_request_review_approved_ov_sentiment_avg                float64      5               0.2202               0.2202               0.2202               0.2202               0.2202               0.2202         0.0
pull_request_review_comment_pos_sentiment_avg                float64      3               0.1169               0.1169               0.1169               0.1169               0.1169               0.1169         0.0
pull_request_review_comment_neg_sentiment_avg                float64      3                  0.0                  0.0                  0.0                  0.0                  0.0                  0.0         0.0
pull_request_review_comment_ov_sentiment_avg                 float64      3              0.15817              0.15817              0.15817              0.15817              0.15817              0.15817         0.0
pct_merged_with_approved                                     float64      6                  0.0                  0.0                  0.0                  0.0                  0.0                  0.0         0.0
pct_merged_with_review                                       float64      6                  0.0                  0.0                  0.0                  0.0                  0.0                  0.0         0.0
avg_all_disc_count                                           float64      4             1.333333                  1.0                1.125             1.333333             1.541667             1.666667     0.30429
avg_pull_request_review_count                                float64      4               0.5625             0.083333             0.395833             0.583333                 0.75                  1.0    0.381123
avg_pull_request_comment_count                               float64      3             0.805556             0.666667             0.708333                 0.75                0.875                  1.0    0.173472
avg_pull_request_review_comment_count                        float64      3             0.222222             0.083333             0.166667                 0.25             0.291667             0.333333    0.127294
avg_all_disc_exclude_opener_count                            float64      4             1.333333                  1.0                1.125             1.333333             1.541667             1.666667     0.30429
avg_pull_request_review_exclude_opener_count                 float64      4               0.5625             0.083333             0.395833             0.583333                 0.75                  1.0    0.381123
avg_pull_request_comment_exclude_opener_count                float64      3             0.805556             0.666667             0.708333                 0.75                0.875                  1.0    0.173472
avg_pull_request_review_comment_exclude_opener_count         float64      3             0.222222             0.083333             0.166667                 0.25             0.291667             0.333333    0.127294
clustering_coefficient                                       float64      9                  0.0                  0.0                  0.0                  0.0                  0.0                  0.0         0.0

