File: drive/output/derived/org_outcomes_practices/repo_discussion_quality/important_degree_z2/rolling5/tlambert03___napari-omero.parquet

MD5 hash: 979c9c8a7afdd7e02f56611c6638ff48

Keys: time_period 

                                                                   type  count                 mean                  min                  25%                  50%                  75%                  max        std
time_period                                              datetime64[ns]     10  2022-04-19 21:36:00  2020-01-01 00:00:00  2021-02-15 06:00:00  2022-04-01 12:00:00  2023-05-16 18:00:00  2025-01-01 00:00:00           
response_rate                                                   float64      6              0.58123                  0.2             0.624329             0.658915             0.666667               0.6875   0.188301
mean_days_to_respond                                            float64      6             4.396711             0.521558             1.989887             2.231567             4.685463             13.98282   4.968395
pos_sentiment_avg                                               float64     10             0.112618             0.091288             0.095634             0.109725             0.127153              0.14719   0.019427
neg_sentiment_avg                                               float64     10             0.048366              0.01664             0.025241             0.036708             0.074793             0.098933   0.030272
ov_sentiment_avg                                                float64     10             0.067964            -0.004394             0.047314              0.08436             0.086344             0.100021   0.033971
response_rate_pull_request_comment                              float64      5             0.677685             0.555556             0.681818             0.681818                  0.7             0.769231   0.077182
response_rate_pull_request_opened                               float64      6             0.833333                  0.0                  1.0                  1.0                  1.0                  1.0   0.408248
response_rate_pull_request_review_comment                       float64      6              0.12037                  0.0             0.111111             0.118056                0.125                 0.25   0.079382
mean_days_to_respond_pull_request_comment                       float64      5             0.359467              0.22859              0.33385              0.33385             0.356676             0.544368   0.114714
mean_days_to_respond_pull_request_opened                        float64      5            12.157129             4.112593              4.48612              4.48612            11.320574            36.380239  13.873196
mean_days_to_respond_pull_request_review_comment                float64      5             0.353515             0.311505             0.311505             0.311505             0.311505             0.521558   0.093939
mean_days_to_respond_to_last_comment                            float64      6             4.453558             0.079455             0.107157             2.181046             5.918527            15.699583   6.120568
pull_request_comment_pos_sentiment_avg                          float64      9              0.13929             0.107774             0.111841             0.117228             0.140667             0.253083   0.046944
pull_request_comment_neg_sentiment_avg                          float64      9             0.027079             0.013913             0.025465             0.025992             0.028889             0.040416   0.007306
pull_request_comment_ov_sentiment_avg                           float64      9             0.128742             0.086376             0.103756             0.109873             0.137504             0.244397   0.048981
pull_request_opened_pos_sentiment_avg                           float64     10             0.029584              0.00537             0.005768               0.0373             0.047728             0.055023   0.021219
pull_request_opened_neg_sentiment_avg                           float64     10             0.075544             0.026679             0.034166              0.06228              0.11067             0.138796   0.044814
pull_request_opened_ov_sentiment_avg                            float64     10            -0.029949            -0.097771            -0.092524            -0.010281             0.020482              0.03414   0.056729
pull_request_review_comment_pos_sentiment_avg                   float64      7             0.069879                  0.0             0.068014             0.068014              0.07935             0.126413   0.037696
pull_request_review_comment_neg_sentiment_avg                   float64      7             0.012323                  0.0             0.009712             0.009712              0.01133             0.034465   0.010566
pull_request_review_comment_ov_sentiment_avg                    float64      7             0.078103                  0.0             0.075827             0.075827             0.088465             0.142311   0.042372
pull_request_review_approved_pos_sentiment_avg                  float64      6             0.884676             0.308057                  1.0                  1.0                  1.0                  1.0   0.282484
pull_request_review_approved_neg_sentiment_avg                  float64      6             0.000567                  0.0                  0.0                  0.0                  0.0               0.0034   0.001388
pull_request_review_approved_ov_sentiment_avg                   float64      6             0.412225              0.27135               0.4404               0.4404               0.4404               0.4404   0.069014
pull_request_review_changes_requested_pos_sentiment_avg         float64      1             0.064278             0.064278             0.064278             0.064278             0.064278             0.064278           
pull_request_review_changes_requested_neg_sentiment_avg         float64      1             0.076528             0.076528             0.076528             0.076528             0.076528             0.076528           
pull_request_review_changes_requested_ov_sentiment_avg          float64      1            -0.178528            -0.178528            -0.178528            -0.178528            -0.178528            -0.178528           
pull_request_review_dismissed_pos_sentiment_avg                 float64      1               0.0445               0.0445               0.0445               0.0445               0.0445               0.0445           
pull_request_review_dismissed_neg_sentiment_avg                 float64      1              0.06775              0.06775              0.06775              0.06775              0.06775              0.06775           
pull_request_review_dismissed_ov_sentiment_avg                  float64      1             -0.15775             -0.15775             -0.15775             -0.15775             -0.15775             -0.15775           
pct_merged_with_approved                                        float64      5                  0.2                  0.0                  0.0             0.333333             0.333333             0.333333   0.182574
pct_merged_with_review                                          float64      5                  0.2                  0.0                  0.0             0.333333             0.333333             0.333333   0.182574
avg_pull_request_comment_count                                  float64      5             2.385238             1.416667             2.142857             2.666667                  2.7                  3.0   0.623115
avg_pull_request_review_comment_count                           float64      6             1.108898             0.083333             0.785714               1.0625              1.40625             2.230769   0.725421
avg_all_disc_count                                              float64      6             3.732952                 1.75             3.278571               4.0125              4.15625             5.384615   1.222082
avg_pull_request_review_count                                   float64      4             0.954533                  0.2             0.210714             0.232143             0.975962             3.153846    1.46636
avg_pull_request_comment_exclude_opener_count                   float64      5              1.90116             1.416667             1.692308                  2.0             2.111111             2.285714    0.34644
avg_pull_request_review_comment_exclude_opener_count            float64      6              1.11975             0.083333             0.769231             1.071429             1.635714                  2.0   0.708424
avg_all_disc_exclude_opener_count                               float64      6             3.321215                 1.75             2.794872             3.380952             3.857143                  4.8   1.060768
avg_pull_request_review_exclude_opener_count                    float64      4             0.925748             0.222222             0.228632             0.240385               0.9375                  3.0   1.382884
clustering_coefficient                                          float64     10                  0.0                  0.0                  0.0                  0.0                  0.0                  0.0        0.0

