File: drive/output/derived/org_outcomes_practices/repo_discussion_quality/important_degree_z2/rolling5/tonybaloney___perflint.parquet

MD5 hash: af30d8823ce6634d68438aafeb1f2de0

Keys: time_period 

                                                         type  count                           mean                  min                  25%                  50%                  75%                  max       std
time_period                                    datetime64[ns]      7  2023-07-02 03:25:42.857142784  2022-01-01 00:00:00  2022-10-01 00:00:00  2023-07-01 00:00:00  2024-04-01 00:00:00  2025-01-01 00:00:00          
response_rate                                         float64      2                           0.55                  0.5                0.525                 0.55                0.575                  0.6  0.070711
mean_days_to_respond                                  float64      2                      12.450386             8.159099            10.304743            12.450386             14.59603            16.741674  6.068797
pos_sentiment_avg                                     float64      7                       0.091394             0.085953             0.089075             0.091845             0.094058              0.09569  0.003494
neg_sentiment_avg                                     float64      7                       0.080576              0.04819             0.064905             0.090336             0.095207             0.105283  0.022796
ov_sentiment_avg                                      float64      7                       0.048991             0.015414             0.028906             0.031501             0.071013             0.096184   0.03187
response_rate_issue_comment                           float64      2                       0.631868             0.571429             0.601648             0.631868             0.662088             0.692308  0.085474
response_rate_issue_opened                            float64      2                            1.0                  1.0                  1.0                  1.0                  1.0                  1.0       0.0
response_rate_pull_request_comment                    float64      2                            0.1                  0.0                 0.05                  0.1                 0.15                  0.2  0.141421
response_rate_pull_request_opened                     float64      1                            1.0                  1.0                  1.0                  1.0                  1.0                  1.0          
mean_days_to_respond_issue_comment                    float64      2                      14.646371             9.544646            12.095509            14.646371            17.197234            19.748096  7.214928
mean_days_to_respond_issue_opened                     float64      2                       4.715984             4.715984             4.715984             4.715984             4.715984             4.715984       0.0
mean_days_to_respond_to_last_comment                  float64      2                      13.796293            10.850912            12.323602            13.796293            15.268983            16.741674  4.165398
mean_days_to_respond_pull_request_comment             float64      1                       0.000787             0.000787             0.000787             0.000787             0.000787             0.000787          
mean_days_to_respond_pull_request_opened              float64      1                       7.290602             7.290602             7.290602             7.290602             7.290602             7.290602          
issue_comment_pos_sentiment_avg                       float64      7                       0.134608             0.101807             0.125829             0.140613             0.145022              0.15813  0.018706
issue_comment_neg_sentiment_avg                       float64      7                       0.024039             0.021333              0.02264              0.02353              0.02547             0.027187  0.002085
issue_comment_ov_sentiment_avg                        float64      7                       0.166654             0.150783             0.163498             0.165027             0.170677             0.182421  0.009711
issue_opened_pos_sentiment_avg                        float64      7                       0.048978             0.041026             0.043592              0.04584             0.047913             0.072968  0.010911
issue_opened_neg_sentiment_avg                        float64      7                       0.036718             0.028895             0.032049             0.034735             0.041345             0.046609  0.007057
issue_opened_ov_sentiment_avg                         float64      7                       0.027423             0.012454             0.024638             0.029448              0.03268             0.035424  0.007908
pull_request_comment_pos_sentiment_avg                float64      7                       0.548872             0.168933             0.257586               0.7895               0.7895               0.7895   0.30588
pull_request_comment_neg_sentiment_avg                float64      7                         0.0076                  0.0                  0.0                  0.0               0.0168               0.0196  0.009661
pull_request_comment_ov_sentiment_avg                 float64      7                       0.264583             0.107847             0.144419              0.36385              0.36385              0.36385  0.126185
pull_request_opened_pos_sentiment_avg                 float64      7                       0.006481             0.002203             0.002203             0.002203             0.010341             0.015875  0.006487
pull_request_opened_neg_sentiment_avg                 float64      7                       0.230642             0.188875              0.21348             0.249664             0.249664             0.249664  0.028844
pull_request_opened_ov_sentiment_avg                  float64      7                      -0.134543            -0.143632            -0.143632            -0.143632            -0.126343            -0.114587  0.013781
pct_merged_with_approved                              float64      2                            0.0                  0.0                  0.0                  0.0                  0.0                  0.0       0.0
pct_merged_with_review                                float64      2                            0.0                  0.0                  0.0                  0.0                  0.0                  0.0       0.0
avg_pull_request_comment_count                        float64      2                          1.125                  1.0               1.0625                1.125               1.1875                 1.25  0.176777
avg_all_disc_count                                    float64      2                          1.125                  1.0               1.0625                1.125               1.1875                 1.25  0.176777
avg_pull_request_comment_exclude_opener_count         float64      2                       1.166667                  1.0             1.083333             1.166667                 1.25             1.333333  0.235702
avg_all_disc_exclude_opener_count                     float64      2                       1.166667                  1.0             1.083333             1.166667                 1.25             1.333333  0.235702
clustering_coefficient                                float64      7                            0.0                  0.0                  0.0                  0.0                  0.0                  0.0       0.0

