File: drive/output/derived/org_outcomes_practices/repo_discussion_quality/important_degree_z2/rolling5/v3io___v3io-py.parquet

MD5 hash: 8433eb854f4b58147298b2a8d0a54a04

Keys: time_period 

                                                                   type  count                           mean                  min                  25%                  50%                  75%                  max       std
time_period                                              datetime64[ns]     13  2021-12-31 05:32:18.461538560  2019-01-01 00:00:00  2020-07-01 00:00:00  2022-01-01 00:00:00  2023-07-01 00:00:00  2025-01-01 00:00:00          
response_rate                                                   float64      5                            0.0                  0.0                  0.0                  0.0                  0.0                  0.0       0.0
mean_days_to_respond                                            float64      0                                                                                                                                                  
pos_sentiment_avg                                               float64     13                        0.01818                  0.0             0.005136             0.006492             0.022265             0.057386  0.021141
neg_sentiment_avg                                               float64     13                       0.367012             0.088522             0.316047             0.418029              0.43348                0.524  0.128559
ov_sentiment_avg                                                float64     13                      -0.187344               -0.296            -0.233796            -0.230275            -0.138015            -0.003429  0.092849
response_rate_pull_request_opened                               float64      5                            0.0                  0.0                  0.0                  0.0                  0.0                  0.0       0.0
response_rate_pull_request_review_comment                       float64      5                            0.0                  0.0                  0.0                  0.0                  0.0                  0.0       0.0
pull_request_opened_pos_sentiment_avg                           float64     13                       0.008754                  0.0             0.003082             0.003822             0.011163              0.03408  0.010492
pull_request_opened_neg_sentiment_avg                           float64     13                       0.412253             0.147134             0.394765              0.44949             0.458017                0.524  0.099983
pull_request_opened_ov_sentiment_avg                            float64     13                      -0.219849               -0.296            -0.256507            -0.251982            -0.196264            -0.031421  0.073139
pull_request_review_comment_pos_sentiment_avg                   float64     10                       0.040191               0.0306             0.033953             0.037819             0.048119                0.051  0.008296
pull_request_review_comment_neg_sentiment_avg                   float64     10                       0.025648                  0.0             0.023104             0.027295               0.0342             0.050866  0.015663
pull_request_review_comment_ov_sentiment_avg                    float64     10                       0.058246            -0.011692             0.009946             0.043446             0.075545             0.167433  0.063732
pull_request_review_commented_pos_sentiment_avg                 float64      6                       0.250361                0.126                0.189             0.258667             0.328333               0.3415  0.093233
pull_request_review_commented_neg_sentiment_avg                 float64      6                       0.003167                  0.0                  0.0                  0.0                  0.0                0.019  0.007757
pull_request_review_commented_ov_sentiment_avg                  float64      6                       0.153814             0.079233              0.11885             0.159533             0.200217              0.20552  0.054749
pull_request_review_approved_pos_sentiment_avg                  float64      3                            0.0                  0.0                  0.0                  0.0                  0.0                  0.0       0.0
pull_request_review_approved_neg_sentiment_avg                  float64      3                            0.0                  0.0                  0.0                  0.0                  0.0                  0.0       0.0
pull_request_review_approved_ov_sentiment_avg                   float64      3                            0.0                  0.0                  0.0                  0.0                  0.0                  0.0       0.0
pull_request_review_changes_requested_pos_sentiment_avg         float64      0                                                                                                                                                  
pull_request_review_changes_requested_neg_sentiment_avg         float64      0                                                                                                                                                  
pull_request_review_changes_requested_ov_sentiment_avg          float64      0                                                                                                                                                  
pct_merged_with_approved                                        float64      5                       0.340207             0.185185             0.227273              0.34375             0.344828                  0.6  0.161487
pct_merged_with_review                                          float64      5                       0.377259             0.259259             0.272727                0.375              0.37931                  0.6  0.136449
avg_pull_request_review_count                                   float64      5                       1.371699             1.266667                 1.35             1.352941             1.388889                  1.5  0.084574
avg_pull_request_review_comment_count                           float64      5                       0.255229             0.055556             0.166667                 0.25             0.333333             0.470588  0.158288
avg_all_disc_count                                              float64      5                       1.626928             1.444444                  1.6                  1.6             1.666667             1.823529  0.136914
avg_pull_request_review_exclude_opener_count                    float64      5                       1.358254             1.266667             1.285714                 1.35             1.388889                  1.5  0.093205
avg_pull_request_review_comment_exclude_opener_count            float64      5                       0.204921             0.055556             0.166667                 0.25             0.266667             0.285714   0.09506
avg_all_disc_exclude_opener_count                               float64      5                       1.563175             1.444444             1.533333             1.571429                  1.6             1.666667  0.082344
clustering_coefficient                                          float64      8                            0.0                  0.0                  0.0                  0.0                  0.0                  0.0       0.0

