File: drive/output/derived/org_outcomes_practices/repo_discussion_quality/important_degree_z2/rolling5/vega___vegafusion.parquet

MD5 hash: 7ddc54dfc0c8cf1564f41bc24fec4228

Keys: time_period 

                                                          type  count                           mean                  min                  25%                  50%                  75%                  max       std
time_period                                     datetime64[ns]      7  2023-07-02 03:25:42.857142784  2022-01-01 00:00:00  2022-10-01 00:00:00  2023-07-01 00:00:00  2024-04-01 00:00:00  2025-01-01 00:00:00          
response_rate                                          float64      7                       0.600007             0.576271             0.580036             0.587156             0.611351             0.653846   0.02905
mean_days_to_respond                                   float64      7                      10.710485             1.997028             7.104687            13.753063              14.6416             15.73073  6.047072
pos_sentiment_avg                                      float64      7                       0.096364             0.094401             0.094961             0.095237              0.09809             0.098806  0.001888
neg_sentiment_avg                                      float64      7                       0.050688             0.039211             0.048493             0.052406             0.053979             0.058256  0.006312
ov_sentiment_avg                                       float64      7                       0.105863             0.099947             0.103426             0.103449             0.107041             0.116714   0.00565
response_rate_issue_comment                            float64      7                       0.679469                0.625             0.662338             0.688889             0.704022             0.709677  0.034428
response_rate_issue_opened                             float64      7                            1.0                  1.0                  1.0                  1.0                  1.0                  1.0       0.0
response_rate_pull_request_comment                     float64      7                       0.208897                  0.0                  0.0                  0.0             0.441667             0.578947  0.271822
response_rate_pull_request_opened                      float64      7                       0.723871             0.454545             0.609848             0.642857                0.875                  1.0   0.20804
response_rate_pull_request_review_comment              float64      5                            0.0                  0.0                  0.0                  0.0                  0.0                  0.0       0.0
mean_days_to_respond_issue_comment                     float64      7                      13.626999             2.142831             8.728038            17.996212            19.150509            19.492859  7.949158
mean_days_to_respond_issue_opened                      float64      7                       0.517541             0.202865             0.202865             0.389097             0.753547             1.117998   0.41856
mean_days_to_respond_pull_request_opened               float64      7                       1.908988             1.267941             1.569025              1.78037             2.268865             2.638822  0.496282
mean_days_to_respond_to_last_comment                   float64      7                      17.050467             2.858907            10.994047             21.16141            23.063074            27.218709  9.939323
mean_days_to_respond_pull_request_comment              float64      3                        1.24869             0.301473             1.011885             1.722298             1.722298             1.722298  0.820314
issue_comment_pos_sentiment_avg                        float64      7                       0.152246             0.134481             0.147803             0.155566             0.157476             0.165121  0.010236
issue_comment_neg_sentiment_avg                        float64      7                       0.023991             0.018904             0.020566             0.021588             0.026822             0.032667   0.00545
issue_comment_ov_sentiment_avg                         float64      7                       0.198615              0.17516             0.193167              0.19772              0.20881             0.213474  0.013673
issue_opened_pos_sentiment_avg                         float64      7                       0.085852             0.069217             0.081567             0.084277             0.091366             0.101605  0.010823
issue_opened_neg_sentiment_avg                         float64      7                       0.027685             0.023036             0.025292             0.028722             0.030302             0.030846  0.003124
issue_opened_ov_sentiment_avg                          float64      7                       0.114472             0.087137             0.103885             0.111152             0.125026             0.145196  0.020697
pull_request_comment_pos_sentiment_avg                 float64      7                       0.181293             0.159163             0.170998             0.178898             0.193369             0.202255  0.016037
pull_request_comment_neg_sentiment_avg                 float64      7                       0.026594                  0.0             0.024844             0.030799             0.034001             0.037668   0.01297
pull_request_comment_ov_sentiment_avg                  float64      7                       0.185998             0.145518             0.158107             0.170545             0.183126             0.303456  0.053869
pull_request_opened_pos_sentiment_avg                  float64      7                       0.040984             0.038748             0.040083             0.040794             0.041843             0.043492  0.001566
pull_request_opened_neg_sentiment_avg                  float64      7                       0.085392             0.056123             0.084105             0.090086             0.092116             0.099095  0.013936
pull_request_opened_ov_sentiment_avg                   float64      7                       0.013345              0.00491             0.009739             0.011581             0.013761             0.029927  0.007978
pull_request_review_comment_pos_sentiment_avg          float64      7                       0.085058             0.080769             0.082247              0.08269                0.086             0.095455  0.004994
pull_request_review_comment_neg_sentiment_avg          float64      7                       0.023843                  0.0             0.013302             0.026603             0.035392             0.042909  0.017244
pull_request_review_comment_ov_sentiment_avg           float64      7                       0.223047             0.103338             0.115232               0.1176             0.308014               0.4939  0.185115
pull_request_review_approved_pos_sentiment_avg         float64      2                            1.0                  1.0                  1.0                  1.0                  1.0                  1.0       0.0
pull_request_review_approved_neg_sentiment_avg         float64      2                            0.0                  0.0                  0.0                  0.0                  0.0                  0.0       0.0
pull_request_review_approved_ov_sentiment_avg          float64      2                         0.4404               0.4404               0.4404               0.4404               0.4404               0.4404       0.0
pct_merged_with_approved                               float64      7                        0.00128                  0.0                  0.0                  0.0             0.002041             0.004878  0.002198
pct_merged_with_review                                 float64      7                       0.018825                  0.0             0.006098             0.014151             0.030764             0.043902  0.017126
avg_pull_request_comment_count                         float64      7                       1.322934                  1.0             1.236111                 1.36             1.464158                  1.5  0.179416
avg_all_disc_count                                     float64      7                       2.224493                  1.0             1.833333                 2.25             2.723226             3.208333  0.773281
avg_pull_request_review_count                          float64      5                       0.638484                  0.5                  0.5                 0.64             0.677419                0.875  0.154769
avg_pull_request_review_comment_count                  float64      5                       0.623699                  0.5                  0.5                 0.64             0.645161             0.833333  0.137182
avg_all_disc_exclude_opener_count                      float64      6                          2.125                  1.0                  1.0                1.875             3.258929             3.571429  1.263246
avg_pull_request_comment_exclude_opener_count          float64      6                       2.077381                  1.0                  1.0                1.875             3.151786             3.428571  1.201703
avg_pull_request_review_exclude_opener_count           float64      2                       0.142857             0.142857             0.142857             0.142857             0.142857             0.142857       0.0
clustering_coefficient                                 float64      7                            0.0                  0.0                  0.0                  0.0                  0.0                  0.0       0.0

