File: drive/output/derived/org_outcomes_practices/repo_discussion_quality/important_degree_z2/rolling5/victoryhb___streamlit-option-menu.parquet

MD5 hash: 00fa0693c19e6ad3347a1492f27f9287

Keys: time_period 

                                                                type  count                           mean                  min                  25%                  50%                  75%                  max        std
time_period                                           datetime64[ns]      7  2023-07-02 03:25:42.857142784  2022-01-01 00:00:00  2022-10-01 00:00:00  2023-07-01 00:00:00  2024-04-01 00:00:00  2025-01-01 00:00:00           
response_rate                                                float64      6                       0.607968             0.583333             0.585648             0.606641             0.623922             0.642857   0.024977
mean_days_to_respond                                         float64      6                      14.220815             1.229899             11.20694            15.991206            19.240231            22.177151    7.63208
pos_sentiment_avg                                            float64      7                       0.166125              0.12152             0.140329             0.162226             0.194963             0.208548   0.034833
neg_sentiment_avg                                            float64      7                       0.033625             0.021518              0.03283             0.034153              0.03692             0.040205   0.005974
ov_sentiment_avg                                             float64      7                       0.161048             0.110879             0.129915             0.158943             0.179006             0.239672   0.044311
response_rate_issue_comment                                  float64      6                       0.570524             0.517241             0.562857             0.573593             0.581439             0.615385   0.032108
response_rate_issue_opened                                   float64      5                            1.0                  1.0                  1.0                  1.0                  1.0                  1.0        0.0
response_rate_pull_request_opened                            float64      4                            1.0                  1.0                  1.0                  1.0                  1.0                  1.0        0.0
response_rate_pull_request_comment                           float64      3                       0.933333                  0.8                  0.9                  1.0                  1.0                  1.0    0.11547
response_rate_pull_request_review_comment                    float64      3                            0.0                  0.0                  0.0                  0.0                  0.0                  0.0        0.0
mean_days_to_respond_issue_comment                           float64      6                      17.990225             1.229899            12.741803            21.051772             24.62989            28.813499  10.294442
mean_days_to_respond_to_last_comment                         float64      6                      14.288875             1.431958            12.249609             15.91597            19.044971            21.353891   7.228275
mean_days_to_respond_issue_opened                            float64      5                       4.336447             4.336447             4.336447             4.336447             4.336447             4.336447        0.0
mean_days_to_respond_pull_request_opened                     float64      4                       0.184664             0.184664             0.184664             0.184664             0.184664             0.184664        0.0
mean_days_to_respond_pull_request_comment                    float64      3                       1.882283             1.882283             1.882283             1.882283             1.882283             1.882283        0.0
issue_comment_pos_sentiment_avg                              float64      7                       0.168876              0.09593             0.127976             0.166062             0.212355             0.239475   0.056188
issue_comment_neg_sentiment_avg                              float64      7                        0.04751             0.023717             0.047702             0.050751             0.052226             0.058246   0.011147
issue_comment_ov_sentiment_avg                               float64      7                       0.148849             0.077187             0.104824             0.148148             0.174721             0.257523   0.062139
issue_opened_pos_sentiment_avg                               float64      7                       0.137153             0.102684             0.123999             0.141344             0.152379             0.163285   0.021937
issue_opened_neg_sentiment_avg                               float64      7                       0.020218             0.018025             0.019648             0.020146             0.020927             0.022202   0.001358
issue_opened_ov_sentiment_avg                                float64      7                       0.158178              0.10835              0.13204             0.160883             0.181305             0.211321   0.037921
pull_request_comment_pos_sentiment_avg                       float64      5                       0.320009             0.205482             0.225197             0.225197             0.230168                0.714   0.220451
pull_request_comment_neg_sentiment_avg                       float64      5                       0.007449                  0.0             0.009054             0.009054             0.009389              0.00975   0.004174
pull_request_comment_ov_sentiment_avg                        float64      5                       0.227017             0.186295             0.195707             0.195942             0.195942               0.3612   0.075125
pull_request_opened_pos_sentiment_avg                        float64      5                       0.147136             0.116557             0.116557             0.116557             0.124008                0.262   0.064292
pull_request_opened_neg_sentiment_avg                        float64      5                            0.0                  0.0                  0.0                  0.0                  0.0                  0.0        0.0
pull_request_opened_ov_sentiment_avg                         float64      5                       0.198502             0.185608             0.185608             0.185608             0.188553             0.247133   0.027216
pull_request_review_comment_pos_sentiment_avg                float64      4                       0.089167             0.089167             0.089167             0.089167             0.089167             0.089167        0.0
pull_request_review_comment_neg_sentiment_avg                float64      4                       0.012333             0.012333             0.012333             0.012333             0.012333             0.012333        0.0
pull_request_review_comment_ov_sentiment_avg                 float64      4                         0.0843               0.0843               0.0843               0.0843               0.0843               0.0843        0.0
pct_merged_with_approved                                     float64      3                            0.0                  0.0                  0.0                  0.0                  0.0                  0.0        0.0
pct_merged_with_review                                       float64      3                            0.5                  0.5                  0.5                  0.5                  0.5                  0.5        0.0
avg_all_disc_count                                           float64      3                       4.166667                  4.0                  4.0                  4.0                 4.25                  4.5   0.288675
avg_pull_request_comment_count                               float64      3                       2.166667                  2.0                  2.0                  2.0                 2.25                  2.5   0.288675
avg_pull_request_review_count                                float64      3                            1.5                  1.5                  1.5                  1.5                  1.5                  1.5        0.0
avg_pull_request_review_comment_count                        float64      3                            0.5                  0.5                  0.5                  0.5                  0.5                  0.5        0.0
avg_all_disc_exclude_opener_count                            float64      3                       4.166667                  4.0                  4.0                  4.0                 4.25                  4.5   0.288675
avg_pull_request_comment_exclude_opener_count                float64      3                       2.166667                  2.0                  2.0                  2.0                 2.25                  2.5   0.288675
avg_pull_request_review_exclude_opener_count                 float64      3                            1.5                  1.5                  1.5                  1.5                  1.5                  1.5        0.0
avg_pull_request_review_comment_exclude_opener_count         float64      3                            0.5                  0.5                  0.5                  0.5                  0.5                  0.5        0.0
clustering_coefficient                                       float64      7                            0.0                  0.0                  0.0                  0.0                  0.0                  0.0        0.0

