File: drive/output/derived/org_outcomes_practices/repo_discussion_quality/important_degree_z2/rolling5/yannvgn___laserembeddings.parquet

MD5 hash: a1f0a44a4cbc1a3385192c519c85c5be

Keys: time_period 

                                                          type  count                 mean                  min                  25%                  50%                  75%                  max       std
time_period                                     datetime64[ns]      9  2021-07-01 10:40:00  2019-07-01 00:00:00  2020-07-01 00:00:00  2021-07-01 00:00:00  2022-07-01 00:00:00  2023-07-01 00:00:00          
response_rate                                          float64      5             0.448889                  0.4                  0.4             0.444444                  0.5                  0.5  0.050062
mean_days_to_respond                                   float64      5             1.124088             0.670301             0.823163             1.124643             1.397373             1.604959  0.388072
pos_sentiment_avg                                      float64      9             0.140224             0.110375             0.130008             0.143096             0.152104             0.159221  0.016591
neg_sentiment_avg                                      float64      9             0.078459             0.012455             0.028645             0.078967             0.110788             0.207125  0.062975
ov_sentiment_avg                                       float64      9             0.141175             0.001594             0.090201             0.137413             0.203129              0.22921  0.074926
response_rate_issue_comment                            float64      5             0.585772             0.411765             0.461538                  0.5             0.555556                  1.0   0.23747
response_rate_pull_request_comment                     float64      5                  0.0                  0.0                  0.0                  0.0                  0.0                  0.0       0.0
response_rate_issue_opened                             float64      1                  1.0                  1.0                  1.0                  1.0                  1.0                  1.0          
mean_days_to_respond_issue_comment                     float64      5             1.082895             0.670301             0.823163             1.124643             1.397373             1.398998  0.331004
mean_days_to_respond_to_last_comment                   float64      5             1.127978             0.491065              0.70717             1.217387             1.397373             1.826894  0.536607
mean_days_to_respond_issue_opened                      float64      1              3.04669              3.04669              3.04669              3.04669              3.04669              3.04669          
issue_comment_pos_sentiment_avg                        float64      9             0.250623             0.192546             0.222431             0.229261              0.23313              0.43375   0.07134
issue_comment_neg_sentiment_avg                        float64      9             0.024054                  0.0             0.025472             0.026718             0.028264             0.031171  0.009443
issue_comment_ov_sentiment_avg                         float64      9             0.291199             0.240751             0.255559             0.269807             0.278476             0.483525  0.074588
issue_opened_pos_sentiment_avg                         float64      9             0.097036             0.069792             0.071853             0.074747             0.094676                0.223  0.048695
issue_opened_neg_sentiment_avg                         float64      9             0.001385                  0.0                  0.0             0.001513             0.002054             0.004107  0.001536
issue_opened_ov_sentiment_avg                          float64      9             0.178897             0.112819             0.133855             0.155821             0.219319               0.3182    0.0692
pull_request_comment_pos_sentiment_avg                 float64      8             0.266545              0.26475              0.26475             0.266056             0.268667             0.268667  0.001838
pull_request_comment_neg_sentiment_avg                 float64      8             0.012061             0.005625             0.005625             0.010306             0.019667             0.019667   0.00659
pull_request_comment_ov_sentiment_avg                  float64      8             0.373805             0.178206             0.178206              0.32046             0.604967             0.604967  0.200277
pull_request_opened_pos_sentiment_avg                  float64      9             0.035489              0.01124             0.022272             0.025814             0.028212             0.107837  0.029557
pull_request_opened_neg_sentiment_avg                  float64      9             0.184906              0.00852              0.11872             0.243971             0.271079             0.285923   0.11382
pull_request_opened_ov_sentiment_avg                   float64      9            -0.062089            -0.136518             -0.12655             -0.11972            -0.051756             0.152227  0.108514
pull_request_review_approved_pos_sentiment_avg         float64      5                0.556                0.556                0.556                0.556                0.556                0.556       0.0
pull_request_review_approved_neg_sentiment_avg         float64      5                  0.0                  0.0                  0.0                  0.0                  0.0                  0.0       0.0
pull_request_review_approved_ov_sentiment_avg          float64      5               0.3612               0.3612               0.3612               0.3612               0.3612               0.3612       0.0
pct_merged_with_approved                               float64      3                 0.25                  0.0                0.125                 0.25                0.375                  0.5      0.25
pct_merged_with_review                                 float64      3                 0.25                  0.0                0.125                 0.25                0.375                  0.5      0.25
avg_pull_request_comment_count                         float64      5                  1.8                  1.5                  1.5                  2.0                  2.0                  2.0  0.273861
avg_all_disc_count                                     float64      5                  2.0                  2.0                  2.0                  2.0                  2.0                  2.0       0.0
avg_pull_request_review_count                          float64      2                  0.5                  0.5                  0.5                  0.5                  0.5                  0.5       0.0
avg_pull_request_comment_exclude_opener_count          float64      5                  1.8                  1.5                  1.5                  2.0                  2.0                  2.0  0.273861
avg_all_disc_exclude_opener_count                      float64      5                  2.0                  2.0                  2.0                  2.0                  2.0                  2.0       0.0
avg_pull_request_review_exclude_opener_count           float64      2                  0.5                  0.5                  0.5                  0.5                  0.5                  0.5       0.0
clustering_coefficient                                 float64      9                  0.0                  0.0                  0.0                  0.0                  0.0                  0.0       0.0

