File: drive/output/derived/org_outcomes_practices/repo_discussion_quality/important_degree_z2/rolling5/zopefoundation___zc.lockfile.parquet

MD5 hash: 2ff7b554546c7459523d264021c4197d

Keys: time_period 

                                                                type  count                 mean                  min                  25%                  50%                  75%                  max         std
time_period                                           datetime64[ns]     20  2020-03-22 22:48:00  2015-01-01 00:00:00  2017-11-16 00:00:00  2020-04-01 00:00:00  2022-08-16 00:00:00  2025-01-01 00:00:00            
response_rate                                                float64      7             0.657265                  0.5                  0.5             0.653846             0.773504                  0.9    0.163395
mean_days_to_respond                                         float64      7            14.944234             0.523032             0.647404            13.189314            25.872798            37.856889   15.218221
pos_sentiment_avg                                            float64     12             0.119105             0.087043             0.097639             0.108999             0.124761             0.238875    0.040276
neg_sentiment_avg                                            float64     12             0.056927             0.040008             0.044931             0.049754             0.058647              0.10905     0.01984
ov_sentiment_avg                                             float64     12             0.101495             0.045296             0.086345             0.097585             0.118032             0.154738    0.031316
response_rate_issue_opened                                   float64      4                  1.0                  1.0                  1.0                  1.0                  1.0                  1.0         0.0
response_rate_pull_request_comment                           float64      6             0.635251                  0.0             0.678571             0.746032             0.777778                0.875    0.319025
response_rate_pull_request_opened                            float64      7             0.761905                  0.5             0.583333             0.666667                  1.0                  1.0    0.232879
response_rate_pull_request_review_comment                    float64      5                 0.33                  0.0                  0.0                 0.25                  0.4                  1.0    0.411704
response_rate_issue_comment                                  float64      5                  0.9                  0.5                  1.0                  1.0                  1.0                  1.0    0.223607
mean_days_to_respond_issue_opened                            float64      4           139.227487              0.09941              0.09941            92.851461           231.979538           371.107616  177.606657
mean_days_to_respond_pull_request_comment                    float64      5            19.625374             0.530377             0.530377             0.900748            21.870498            74.294873   31.912553
mean_days_to_respond_pull_request_opened                     float64      7            13.318657             0.014433             0.438464             1.874317            15.969725            58.525475   22.712515
mean_days_to_respond_to_last_comment                         float64      7            22.450068             0.523032             0.708787             1.917015            14.431866            124.42912    45.94525
mean_days_to_respond_issue_comment                           float64      5                1.906             1.031632             1.031632             2.488912             2.488912             2.488912    0.798185
mean_days_to_respond_pull_request_review_comment             float64      3             0.857112              0.31456             0.585836             0.857112             1.128388             1.399664    0.542552
pull_request_comment_pos_sentiment_avg                       float64     12             0.170879             0.068048             0.111373             0.163959             0.187603              0.47775    0.105508
pull_request_comment_neg_sentiment_avg                       float64     12             0.044182                  0.0             0.034756             0.038466             0.057904             0.088167    0.021518
pull_request_comment_ov_sentiment_avg                        float64     12             0.154012             0.051907              0.11246             0.131928             0.159846             0.394475    0.087576
pull_request_opened_pos_sentiment_avg                        float64     12             0.053003                  0.0             0.037031             0.050987             0.056044             0.161333    0.039773
pull_request_opened_neg_sentiment_avg                        float64     12             0.173995               0.0715             0.135469              0.15445             0.217919             0.301833    0.074318
pull_request_opened_ov_sentiment_avg                         float64     12            -0.068273            -0.186275            -0.156207            -0.089642             0.012654              0.07403     0.09894
issue_opened_pos_sentiment_avg                               float64     11             0.050594                  0.0             0.030175              0.06343             0.072313               0.0775    0.026975
issue_opened_neg_sentiment_avg                               float64     11             0.026995                  0.0             0.015875               0.0211              0.03225               0.0745    0.022126
issue_opened_ov_sentiment_avg                                float64     11             0.065223            -0.044475             0.042715             0.074812             0.100529             0.124917    0.051955
pull_request_review_comment_pos_sentiment_avg                float64      9             0.063863             0.042542             0.042542             0.071808              0.08117             0.089283    0.020695
pull_request_review_comment_neg_sentiment_avg                float64      9              0.03497             0.020583             0.030965             0.030965             0.037649              0.05734    0.009957
pull_request_review_comment_ov_sentiment_avg                 float64      9             0.081607             0.038347             0.064728             0.064728             0.096666             0.147208    0.031613
issue_comment_pos_sentiment_avg                              float64      9             0.136075               0.0875             0.098372             0.132716             0.163611             0.183475    0.037931
issue_comment_neg_sentiment_avg                              float64      9             0.042417             0.011279             0.037389             0.041234             0.057364             0.077625    0.021132
issue_comment_ov_sentiment_avg                               float64      9             0.138559             0.042348             0.092903             0.111419             0.168165             0.279938    0.074791
pct_merged_with_approved                                     float64      2                  0.0                  0.0                  0.0                  0.0                  0.0                  0.0         0.0
pct_merged_with_review                                       float64      2                  0.0                  0.0                  0.0                  0.0                  0.0                  0.0         0.0
avg_pull_request_comment_count                               float64      7             3.342857                  1.0                  1.0                  2.4                  5.0                  8.0    3.083211
avg_pull_request_review_comment_count                        float64      5             1.533333             0.666667                  1.5                  1.5                  2.0                  2.0    0.545181
avg_all_disc_count                                           float64      7             4.438095                  1.0             1.333333                  4.4                 6.75                  9.5    3.600022
avg_pull_request_comment_exclude_opener_count                float64      5             1.706667                  1.0                  1.2             1.333333                  2.0                  3.0    0.814589
avg_pull_request_review_comment_exclude_opener_count         float64      5             0.973333                  0.5                  0.5                  1.0                  1.2             1.666667    0.495199
avg_all_disc_exclude_opener_count                            float64      5                 2.68                  1.5                  2.4                  2.5                  3.0                  4.0    0.914877
clustering_coefficient                                       float64     19                  0.0                  0.0                  0.0                  0.0                  0.0                  0.0         0.0

