File: drive/output/derived/org_outcomes_practices/repo_collaboration/important_degree_top3/rolling5/abmantis___whirlpool-sixth-sense.parquet

MD5 hash: df0b81cdccc046d842c193d44f43969d

Keys: time_period 

                                                     type  count                 mean                  min                  25%                  50%                  75%                  max       std
time_period                                datetime64[ns]      6  2022-12-01 00:00:00  2021-07-01 00:00:00  2022-02-15 06:00:00  2022-10-01 00:00:00  2023-05-16 18:00:00  2025-01-01 00:00:00          
avg_members_per_problem                           float64      6              1.78872                  1.4             1.717988                 1.75               1.9375                2.125  0.252369
pct_members_multiple                              float64      6             0.690377             0.355556             0.618031             0.650974             0.821023                  1.0  0.224408
proj_hhi_discussion_comment                       float64      6             0.484525             0.431447             0.467479             0.480174             0.492458             0.555556  0.041166
proj_hhi_issue_closed                             float64      6                  1.0                  1.0                  1.0                  1.0                  1.0                  1.0       0.0
proj_hhi_issue_comment                            float64      6             0.648881             0.516667             0.563662             0.594223             0.624578                  1.0  0.176518
proj_hhi_issue_opened                             float64      6             0.721296                  0.5               0.5625             0.763889             0.794444                  1.0  0.192784
proj_hhi_pull_request_comment                     float64      6             0.549505             0.434766             0.448356             0.465508             0.482834                  1.0  0.221472
proj_hhi_pull_request_opened                      float64      6             0.686342             0.493827             0.506801             0.564985             0.896382                  1.0  0.245366
proj_hhi_pull_request_merged                      float64      5                  1.0                  1.0                  1.0                  1.0                  1.0                  1.0       0.0
proj_hhi_pull_request_review                      float64      5              0.50396             0.500927              0.50147             0.503472             0.504925             0.509005  0.003241
proj_hhi_pull_request_review_comment              float64      5             0.524156             0.496052             0.521471             0.521523             0.532909             0.548828  0.019296
proj_hhi_pull_request_closed                      float64      3             0.622685             0.555556             0.600694             0.645833              0.65625             0.666667  0.059062
proj_prob_hhi_discussion_comment                  float64      6             0.643947             0.518194             0.568184              0.57636             0.614574                  1.0  0.177752
proj_prob_hhi_issue_comment                       float64      6             0.696824             0.577778             0.626807              0.64701             0.678556                  1.0  0.152818
proj_prob_hhi_pull_request_comment                float64      6             0.601543             0.444444             0.528233             0.540609             0.554769                  1.0    0.1993
proj_prob_hhi_pull_request_review                 float64      5              0.56114             0.533339             0.557462             0.563492             0.570144             0.581264  0.017875
proj_prob_hhi_pull_request_review_comment         float64      5             0.592754             0.507591             0.570744             0.576326             0.598585             0.710526  0.074012
num_active_members                                  Int64      6             3.833333                  3.0                 3.25                  4.0                  4.0                  5.0  0.752773

