File: drive/output/derived/org_outcomes_practices/repo_collaboration/important_degree_top3/rolling5/adafruit___adafruit_circuitpython_mpl3115a2.parquet

MD5 hash: 37e0d33efc275da4cb9c5044ea2e6895

Keys: time_period 

                                                     type  count                 mean                  min                  25%                  50%                  75%                  max       std
time_period                                datetime64[ns]      4  2021-02-15 00:00:00  2018-01-01 00:00:00  2018-10-01 18:00:00  2020-12-31 12:00:00  2023-05-17 18:00:00  2024-07-01 00:00:00          
avg_members_per_problem                           float64      4             2.416667             1.666667             1.916667                  2.5                  3.0                  3.0  0.687184
pct_members_multiple                              float64      4             0.916667             0.666667             0.916667                  1.0                  1.0                  1.0  0.166667
proj_hhi_discussion_comment                       float64      4              0.33808             0.301299             0.335529             0.346939              0.34949             0.357143  0.024988
proj_hhi_issue_closed                             float64      4                0.925                  0.7                0.925                  1.0                  1.0                  1.0      0.15
proj_hhi_issue_comment                            float64      4                 0.55             0.311111             0.369444             0.444444                0.625                  1.0  0.309852
proj_hhi_issue_opened                             float64      4                  1.0                  1.0                  1.0                  1.0                  1.0                  1.0       0.0
proj_hhi_pull_request_comment                     float64      4             0.777778             0.555556             0.555556             0.777778                  1.0                  1.0    0.2566
proj_hhi_pull_request_merged                      float64      4             0.791667                  0.5                0.625             0.833333                  1.0                  1.0      0.25
proj_hhi_pull_request_opened                      float64      4                  1.0                  1.0                  1.0                  1.0                  1.0                  1.0       0.0
proj_hhi_pull_request_review                      float64      2             0.535714                  0.5             0.517857             0.535714             0.553571             0.571429  0.050508
proj_hhi_pull_request_review_comment              float64      2             0.555556             0.555556             0.555556             0.555556             0.555556             0.555556       0.0
proj_prob_hhi_discussion_comment                  float64      4             0.537987             0.342424             0.442749             0.571429             0.666667             0.666667  0.158304
proj_prob_hhi_issue_comment                       float64      4             0.608333             0.311111             0.369444             0.561111                  0.8                  1.0  0.319126
proj_prob_hhi_pull_request_comment                float64      4             0.777778             0.555556             0.555556             0.777778                  1.0                  1.0    0.2566
proj_prob_hhi_pull_request_review                 float64      2             0.793651             0.777778             0.785714             0.793651             0.801587             0.809524  0.022448
proj_prob_hhi_pull_request_review_comment         float64      2             0.666667             0.666667             0.666667             0.666667             0.666667             0.666667       0.0
num_active_members                                  Int64      4                 3.75                  3.0                 3.75                  4.0                  4.0                  4.0       0.5

