File: drive/output/derived/org_outcomes_practices/repo_collaboration/important_degree_top3/rolling5/adafruit___adafruit_circuitpython_wsgi.parquet

MD5 hash: f7ffe753d233ea373217c497422dd455

Keys: time_period 

                                                     type  count                 mean                  min                  25%                  50%                  75%                  max       std
time_period                                datetime64[ns]      5  2022-02-06 00:00:00  2019-07-01 00:00:00  2020-01-01 00:00:00  2022-01-01 00:00:00  2024-01-01 00:00:00  2025-01-01 00:00:00          
avg_members_per_problem                           float64      5             2.037374             1.777778                  1.8             1.909091                  2.2                  2.5   0.30849
pct_members_multiple                              float64      5             0.580202                  0.4                  0.4             0.545455             0.555556                  1.0   0.24647
proj_hhi_discussion_comment                       float64      5             0.388498             0.339549             0.360528             0.369771              0.39645              0.47619  0.053109
proj_hhi_issue_comment                            float64      5             0.440794             0.383333             0.388889                  0.4              0.47619             0.555556  0.074302
proj_hhi_issue_opened                             float64      4                  1.0                  1.0                  1.0                  1.0                  1.0                  1.0       0.0
proj_hhi_pull_request_comment                     float64      5             0.576714             0.378571                 0.38                  0.5                0.625                  1.0  0.257558
proj_hhi_pull_request_opened                      float64      5             0.722222                  0.5             0.555556             0.555556                  1.0                  1.0  0.254588
proj_hhi_pull_request_merged                      float64      4             0.522222                  0.5                  0.5             0.516667             0.538889             0.555556  0.027217
proj_hhi_issue_closed                             float64      3             0.740741             0.555556             0.611111             0.666667             0.833333                  1.0  0.231296
proj_hhi_pull_request_review                      float64      3             0.558185             0.337278             0.337278             0.337278             0.668639                  1.0  0.382623
proj_hhi_pull_request_review_comment              float64      2              0.34375              0.34375              0.34375              0.34375              0.34375              0.34375       0.0
proj_prob_hhi_discussion_comment                  float64      5             0.462736             0.314935             0.418831             0.420513             0.516541             0.642857  0.123384
proj_prob_hhi_issue_comment                       float64      5             0.498849               0.3125                  0.4             0.555556             0.583333             0.642857  0.137467
proj_prob_hhi_pull_request_comment                float64      5             0.576765             0.316327                 0.38             0.520833             0.666667                  1.0  0.272435
proj_prob_hhi_pull_request_review                 float64      3             0.669516             0.504274             0.504274             0.504274             0.752137                  1.0  0.286208
proj_prob_hhi_pull_request_review_comment         float64      2             0.416667             0.416667             0.416667             0.416667             0.416667             0.416667       0.0
num_active_members                                  Int64      5                  3.2                  3.0                  3.0                  3.0                  3.0                  4.0  0.447214

