File: drive/output/derived/org_outcomes_practices/repo_collaboration/important_degree_top3/rolling5/adefossez___julius.parquet

MD5 hash: 67471e5ec4743d00151533b72375080e

Keys: time_period 

                                                     type  count                 mean                  min                  25%                  50%                  75%                  max       std
time_period                                datetime64[ns]      4  2021-05-16 18:00:00  2020-07-01 00:00:00  2020-11-16 00:00:00  2021-04-01 12:00:00  2021-09-30 06:00:00  2022-07-01 00:00:00          
avg_members_per_problem                           float64      4             1.717424             1.636364             1.709091             1.741667                 1.75                 1.75  0.054609
pct_members_multiple                              float64      4             0.717424             0.636364             0.709091             0.741667                 0.75                 0.75  0.054609
proj_hhi_discussion_comment                       float64      4             0.388374             0.357488              0.35789             0.381059             0.411542             0.433889  0.037389
proj_hhi_issue_closed                             float64      4             0.454167                  0.4              0.44375             0.458333              0.46875                  0.5  0.041107
proj_hhi_issue_comment                            float64      4             0.355268             0.339744             0.342748              0.35092             0.363439             0.379487  0.017965
proj_hhi_issue_opened                             float64      4               0.4125                0.375                0.375               0.3875                0.425                  0.5  0.059512
proj_hhi_pull_request_comment                     float64      4             0.839286             0.657143             0.689286                 0.85                  1.0                  1.0    0.1864
proj_hhi_pull_request_merged                      float64      4                  1.0                  1.0                  1.0                  1.0                  1.0                  1.0       0.0
proj_hhi_pull_request_opened                      float64      4             0.603423                  0.5               0.5625             0.613095             0.654018               0.6875  0.081084
proj_hhi_pull_request_review                      float64      3                  1.0                  1.0                  1.0                  1.0                  1.0                  1.0       0.0
proj_hhi_pull_request_review_comment              float64      2                  1.0                  1.0                  1.0                  1.0                  1.0                  1.0       0.0
proj_prob_hhi_discussion_comment                  float64      4              0.59026             0.573913             0.576561             0.588008             0.601706             0.611111  0.017657
proj_prob_hhi_issue_comment                       float64      4             0.550165             0.533333             0.541954             0.552414             0.560625               0.5625  0.013671
proj_prob_hhi_pull_request_comment                float64      4             0.839286             0.657143             0.689286                 0.85                  1.0                  1.0    0.1864
proj_prob_hhi_pull_request_review                 float64      3                  1.0                  1.0                  1.0                  1.0                  1.0                  1.0       0.0
proj_prob_hhi_pull_request_review_comment         float64      2                  1.0                  1.0                  1.0                  1.0                  1.0                  1.0       0.0
num_active_members                                  Int64      4                  3.5                  2.0                  3.5                  4.0                  4.0                  4.0       1.0

