File: drive/output/derived/org_outcomes_practices/repo_collaboration/important_degree_top3/rolling5/aimclub___bamt.parquet

MD5 hash: 80a23bace8cf112e5611105915470559

Keys: time_period 

                                                     type  count                           mean                  min                  25%                  50%                  75%                  max       std
time_period                                datetime64[ns]      7  2023-07-02 03:25:42.857142784  2022-01-01 00:00:00  2022-10-01 00:00:00  2023-07-01 00:00:00  2024-04-01 00:00:00  2025-01-01 00:00:00          
avg_members_per_problem                           float64      7                       1.733522             1.428571             1.694737               1.8125              1.81872             1.866667  0.159405
pct_members_multiple                              float64      7                       0.506157             0.428571             0.467105              0.51087             0.522222                0.625  0.063984
proj_hhi_discussion_comment                       float64      7                       0.367464             0.332443              0.35521             0.364802                0.375             0.414583  0.025398
proj_hhi_issue_closed                             float64      7                       0.723648             0.572829             0.585913             0.620879                 0.85                  1.0  0.193465
proj_hhi_issue_comment                            float64      7                       0.358097                 0.34             0.345238             0.346154                0.375             0.380051  0.017579
proj_hhi_issue_opened                             float64      7                        0.48993             0.457143             0.480351                  0.5             0.502917             0.505833  0.020601
proj_hhi_pull_request_merged                      float64      7                       0.722332             0.597973             0.664299              0.67663             0.726562                  1.0  0.130725
proj_hhi_pull_request_opened                      float64      7                       0.596864             0.444444             0.522485             0.543357             0.572637                  1.0   0.18306
proj_hhi_pull_request_comment                     float64      6                       0.717361             0.587128             0.645514             0.670635             0.721627                  1.0  0.146687
proj_hhi_pull_request_review                      float64      6                       0.401692             0.369772             0.382633             0.396264             0.399824              0.46875  0.034981
proj_hhi_pull_request_review_comment              float64      6                       0.551323                  0.5             0.548945             0.555283             0.564957             0.582362  0.028047
proj_hhi_pull_request_closed                      float64      1                       0.555556             0.555556             0.555556             0.555556             0.555556             0.555556          
proj_prob_hhi_discussion_comment                  float64      7                       0.705256                0.575             0.716004             0.720561             0.729611                 0.75  0.058839
proj_prob_hhi_issue_comment                       float64      7                       0.843074                 0.75                  0.8             0.850667             0.888889             0.923077  0.068349
proj_prob_hhi_pull_request_comment                float64      6                       0.862205             0.796875             0.814286             0.857143             0.860837                  1.0  0.073724
proj_prob_hhi_pull_request_review                 float64      6                       0.649483              0.60957             0.645755             0.656769             0.662971             0.666667  0.021286
proj_prob_hhi_pull_request_review_comment         float64      6                       0.663814             0.555556             0.656566             0.682228             0.687688             0.725356  0.058328
num_active_members                                  Int64      7                       4.428571                  3.0                  3.5                  4.0                  5.0                  7.0  1.397276

