File: drive/output/derived/org_outcomes_practices/repo_collaboration/important_degree_top3/rolling5/aio-libs___sort-all.parquet

MD5 hash: d0b9e2f6ad3d99be08136d75acae9d10

Keys: time_period 

                                              type  count                 mean                  min                  25%                  50%                  75%                  max       std
time_period                         datetime64[ns]      3  2023-11-01 08:00:00  2022-01-01 00:00:00  2023-04-02 00:00:00  2024-07-01 00:00:00  2024-10-01 00:00:00  2025-01-01 00:00:00          
avg_members_per_problem                    float64      2                  1.0                  1.0                  1.0                  1.0                  1.0                  1.0       0.0
pct_members_multiple                       float64      2                  0.0                  0.0                  0.0                  0.0                  0.0                  0.0       0.0
proj_hhi_discussion_comment                float64      3             0.533825                  0.5             0.505102             0.510204             0.550737              0.59127   0.05001
proj_hhi_pull_request_closed               float64      3                  1.0                  1.0                  1.0                  1.0                  1.0                  1.0       0.0
proj_hhi_pull_request_comment              float64      3              0.55679                  0.5             0.527778             0.555556             0.585185             0.614815  0.057417
proj_hhi_pull_request_opened               float64      3             0.770219             0.619048             0.655329              0.69161             0.845805                  1.0  0.202276
proj_hhi_issue_closed                      float64      2                  1.0                  1.0                  1.0                  1.0                  1.0                  1.0       0.0
proj_hhi_issue_comment                     float64      2                  1.0                  1.0                  1.0                  1.0                  1.0                  1.0       0.0
proj_hhi_pull_request_merged               float64      2                  1.0                  1.0                  1.0                  1.0                  1.0                  1.0       0.0
proj_hhi_pull_request_review               float64      2                  1.0                  1.0                  1.0                  1.0                  1.0                  1.0       0.0
proj_prob_hhi_discussion_comment           float64      3             0.818452             0.785714             0.799107               0.8125             0.834821             0.857143  0.036084
proj_prob_hhi_pull_request_comment         float64      3             0.806349             0.785714             0.792857                  0.8             0.816667             0.833333  0.024436
proj_prob_hhi_issue_comment                float64      2                  1.0                  1.0                  1.0                  1.0                  1.0                  1.0       0.0
proj_prob_hhi_pull_request_review          float64      2                  1.0                  1.0                  1.0                  1.0                  1.0                  1.0       0.0
num_active_members                           Int64      3             2.666667                  2.0                  2.5                  3.0                  3.0                  3.0   0.57735

