File: drive/output/derived/org_outcomes_practices/repo_collaboration/important_degree_top3/rolling5/amazon-braket___amazon-braket-default-simulator-python.parquet

MD5 hash: 400bcc1f26c09f1f8399b9ec552ff9d1

Keys: time_period 

                                                     type  count                 mean                  min                  25%                  50%                  75%                  max       std
time_period                                datetime64[ns]     10  2022-10-01 04:48:00  2020-07-01 00:00:00  2021-08-16 00:00:00  2022-10-01 00:00:00  2023-11-16 00:00:00  2025-01-01 00:00:00          
avg_members_per_problem                           float64     10              1.27618             1.127907             1.227089             1.265303             1.347857                  1.4   0.08516
pct_members_multiple                              float64     10             0.257629             0.127907             0.227089             0.256788             0.315329             0.333333  0.067457
proj_hhi_discussion_comment                       float64     10             0.399887             0.364493             0.389188             0.396948             0.408449              0.45105  0.023152
proj_hhi_pull_request_comment                     float64     10             0.772198             0.723906             0.735722             0.752296             0.769663             0.942907  0.065198
proj_hhi_pull_request_merged                      float64     10             0.669842             0.527377             0.622558             0.690526             0.733796             0.762803  0.077351
proj_hhi_pull_request_opened                      float64     10             0.598315             0.460938             0.542966             0.601581             0.666107             0.705772  0.079468
proj_hhi_pull_request_review                      float64     10             0.535138             0.397143             0.454288             0.579849             0.601236             0.613924  0.083901
proj_hhi_pull_request_review_comment              float64     10              0.54534             0.429363             0.477269             0.578504             0.611088             0.617501  0.075329
proj_hhi_issue_closed                             float64      9                  1.0                  1.0                  1.0                  1.0                  1.0                  1.0       0.0
proj_hhi_issue_comment                            float64      9             0.797172             0.552721             0.589286                 0.75                  1.0                  1.0  0.201638
proj_hhi_issue_opened                             float64      8                  1.0                  1.0                  1.0                  1.0                  1.0                  1.0       0.0
proj_hhi_pull_request_closed                      float64      9             0.926984             0.771429                  0.8                  1.0                  1.0                  1.0  0.109834
proj_prob_hhi_discussion_comment                  float64     10             0.650283             0.579655              0.61855             0.647525             0.694229             0.718138  0.049337
proj_prob_hhi_pull_request_comment                float64     10              0.85943              0.78655             0.839926              0.85613             0.890744             0.947059  0.048549
proj_prob_hhi_pull_request_review                 float64     10             0.747398             0.632712             0.717949             0.757563             0.792786             0.836385  0.062259
proj_prob_hhi_pull_request_review_comment         float64     10             0.691574               0.6034             0.663659             0.682221             0.735335              0.78847  0.060933
proj_prob_hhi_issue_comment                       float64      9             0.979541             0.904762                  1.0                  1.0                  1.0                  1.0  0.040627
num_active_members                                  Int64     10                  3.7                  3.0                  3.0                  3.5                  4.0                  5.0  0.823273

