File: drive/output/derived/org_outcomes_practices/repo_collaboration/important_degree_top3/rolling5/androguard___androguard.parquet

MD5 hash: 4b702c54022e8fa306f844d24c7830b2

Keys: time_period 

                                                     type  count                 mean                  min                  25%                  50%                  75%                  max       std
time_period                                datetime64[ns]     20  2019-12-04 08:24:00  2015-01-01 00:00:00  2017-05-16 18:00:00  2019-10-01 00:00:00  2022-08-16 00:00:00  2025-01-01 00:00:00          
avg_members_per_problem                           float64     20             1.284035             1.088398             1.217316             1.285134             1.364001             1.452096  0.098168
pct_members_multiple                              float64     20             0.247086             0.071823             0.190584             0.246744             0.302016             0.398204  0.086687
proj_hhi_discussion_comment                       float64     20               0.5037             0.336108              0.42878             0.532108             0.585224             0.701952  0.106043
proj_hhi_issue_closed                             float64     20             0.965332             0.839465             0.953576             0.986844                  1.0                  1.0  0.047656
proj_hhi_issue_comment                            float64     20             0.593016             0.339506             0.398543             0.590727             0.785697             0.842532  0.191009
proj_hhi_pull_request_closed                      float64     20             0.806427              0.52381             0.644444              0.85478                  1.0                  1.0  0.174655
proj_hhi_pull_request_comment                     float64     20             0.508665             0.354845             0.380833             0.439464             0.651295             0.931217   0.17238
proj_hhi_pull_request_merged                      float64     20             0.953202             0.792328              0.92006             0.974674                  1.0                  1.0  0.059849
proj_hhi_pull_request_opened                      float64     20             0.790459             0.537879             0.720737             0.798465             0.886673                  1.0  0.152972
proj_hhi_issue_opened                             float64     19              0.75182                  0.5             0.632862             0.756675              0.88161                  1.0  0.165046
proj_hhi_pull_request_review_comment              float64     15             0.515336                 0.36             0.383704             0.466667             0.626508                  1.0  0.171523
proj_hhi_pull_request_review                      float64      7             0.826371             0.570312             0.607143                  1.0                  1.0                  1.0  0.216901
proj_prob_hhi_discussion_comment                  float64     20              0.78325             0.735432             0.755203             0.769306             0.819261             0.846405  0.035713
proj_prob_hhi_issue_comment                       float64     20             0.800097             0.688095             0.746917             0.778912             0.867794             0.906496  0.068515
proj_prob_hhi_pull_request_comment                float64     20             0.770934              0.67029             0.707904             0.752381              0.84378              0.91358   0.07765
proj_prob_hhi_pull_request_review_comment         float64     15             0.626771             0.515873             0.554945                  0.6             0.655732                  1.0    0.1157
proj_prob_hhi_pull_request_review                 float64      7             0.835842              0.59375             0.628571                  1.0                  1.0                  1.0   0.20507
num_active_members                                  Int64     20                  3.6                  3.0                  3.0                  3.5                  4.0                  5.0  0.680557

