File: drive/output/derived/org_outcomes_practices/repo_collaboration/important_degree_top3/rolling5/antonagestam___collectfast.parquet

MD5 hash: 8ff9428fef25eb2090be98f940e461ac

Keys: time_period 

                                                     type  count                           mean                  min                  25%                  50%                  75%                  max       std
time_period                                datetime64[ns]     13  2018-10-08 05:32:18.461538560  2015-01-01 00:00:00  2017-01-01 00:00:00  2019-01-01 00:00:00  2020-07-01 00:00:00  2022-07-01 00:00:00          
avg_members_per_problem                           float64     13                       1.546033             1.186441             1.285714                  1.5             1.842105             1.916667  0.269467
pct_members_multiple                              float64     13                       0.433233             0.135593             0.233766             0.384615             0.622222             0.692308  0.203226
proj_hhi_discussion_comment                       float64     13                       0.477653             0.358176              0.46008             0.465829             0.503865             0.631236  0.066227
proj_hhi_pull_request_closed                      float64     13                            1.0                  1.0                  1.0                  1.0                  1.0                  1.0       0.0
proj_hhi_pull_request_comment                     float64     13                       0.457814             0.302785             0.404013              0.45101             0.544282             0.558974  0.085362
proj_hhi_pull_request_merged                      float64     12                            1.0                  1.0                  1.0                  1.0                  1.0                  1.0       0.0
proj_hhi_pull_request_opened                      float64     13                       0.726508               0.5671             0.639296             0.741004             0.828969             0.868687  0.107305
proj_hhi_issue_closed                             float64     12                       0.849893             0.555556             0.802656             0.867308             0.912045                  1.0   0.12164
proj_hhi_issue_comment                            float64     12                        0.52524             0.369214             0.438333             0.516468             0.575118             0.780405  0.119381
proj_hhi_issue_opened                             float64     12                       0.356956                 0.25             0.298611             0.323333             0.372321                 0.75    0.1313
proj_hhi_pull_request_review_comment              float64     10                       0.646059             0.508903             0.535706             0.561867             0.640702                  1.0   0.19156
proj_hhi_pull_request_review                      float64      2                          0.625                0.625                0.625                0.625                0.625                0.625       0.0
proj_prob_hhi_discussion_comment                  float64     13                       0.637741             0.493338             0.627848             0.646404             0.660278             0.757995  0.061046
proj_prob_hhi_pull_request_comment                float64     13                       0.696515             0.611111             0.657239             0.680342             0.746377             0.806202  0.065142
proj_prob_hhi_issue_comment                       float64     12                       0.649414             0.495614              0.58153             0.667619             0.690096             0.845045  0.097728
proj_prob_hhi_pull_request_review_comment         float64     10                       0.662603             0.508903             0.548206             0.588534             0.685614                  1.0  0.187778
proj_prob_hhi_pull_request_review                 float64      2                          0.625                0.625                0.625                0.625                0.625                0.625       0.0
num_active_members                                  Int64     13                       4.846154                  2.0                  3.0                  4.0                  5.0                 11.0  2.577019

