File: drive/output/derived/org_outcomes_practices/repo_collaboration/important_degree_top3/rolling5/astropy___astroquery.parquet

MD5 hash: 12af41580fbefd46afa207038975c085

Keys: time_period 

                                                     type  count                           mean                  min                  25%                  50%                  75%                  max       std
time_period                                datetime64[ns]     21  2019-12-31 17:08:34.285714176  2015-01-01 00:00:00  2017-07-01 00:00:00  2020-01-01 00:00:00  2022-07-01 00:00:00  2025-01-01 00:00:00          
avg_members_per_problem                           float64     21                        1.41775             1.223176             1.318248             1.367622             1.515695             1.747253   0.14833
pct_members_multiple                              float64     21                       0.371009             0.221951             0.309489             0.350759              0.44843             0.582418  0.106842
proj_hhi_discussion_comment                       float64     21                       0.441375             0.377052             0.404763              0.42076             0.479605             0.542552  0.048538
proj_hhi_issue_closed                             float64     21                        0.72571             0.601617             0.631462             0.672242             0.793616                  1.0  0.112457
proj_hhi_issue_comment                            float64     21                       0.507593             0.417958             0.446414             0.494161             0.570592             0.642894    0.0708
proj_hhi_issue_opened                             float64     21                       0.635033              0.40774             0.507204             0.608377             0.783788             0.884444  0.151672
proj_hhi_pull_request_closed                      float64     21                        0.76555             0.630952             0.669048             0.714286             0.821549                  1.0  0.128417
proj_hhi_pull_request_comment                     float64     21                       0.427879             0.367019             0.401009             0.432999             0.445875             0.497542  0.040384
proj_hhi_pull_request_merged                      float64     21                       0.757204             0.562979             0.642311             0.710807             0.919769                  1.0  0.153493
proj_hhi_pull_request_opened                      float64     21                       0.556778             0.464182             0.499721             0.517896             0.602909             0.741592  0.083546
proj_hhi_pull_request_review_comment              float64     21                       0.549902             0.473744             0.496477             0.539419             0.582768             0.689349  0.064229
proj_hhi_pull_request_review                      float64     10                       0.530204               0.4329              0.49223             0.539824             0.565127             0.617509  0.055282
proj_prob_hhi_discussion_comment                  float64     21                       0.666315             0.609431             0.631783             0.663034             0.693146             0.736258  0.039908
proj_prob_hhi_issue_comment                       float64     21                       0.783394             0.669961             0.716161             0.804105             0.847533             0.865504  0.070893
proj_prob_hhi_pull_request_comment                float64     21                       0.622269             0.560444             0.595143             0.617724             0.651895             0.693866  0.039252
proj_prob_hhi_pull_request_review_comment         float64     21                       0.760116             0.689791             0.742701             0.767222             0.797158             0.814103  0.039158
proj_prob_hhi_pull_request_review                 float64     10                       0.757258             0.730311             0.743931             0.757581             0.769348              0.78159  0.017019
num_active_members                                  Int64     21                       3.142857                  3.0                  3.0                  3.0                  3.0                  4.0  0.358569

