File: drive/output/derived/org_outcomes_practices/repo_collaboration/important_degree_top3/rolling5/asyrjasalo___restinstance.parquet

MD5 hash: ca6a1e5ef6c21d28bb5385a4daa84129

Keys: time_period 

                                                     type  count                           mean                  min                  25%                  50%                  75%                  max       std
time_period                                datetime64[ns]     13  2021-07-01 12:55:23.076923136  2018-01-01 00:00:00  2020-01-01 00:00:00  2021-07-01 00:00:00  2023-01-01 00:00:00  2025-01-01 00:00:00          
avg_members_per_problem                           float64     13                       1.380161             1.142857               1.3125             1.418605             1.466667             1.532258   0.11303
pct_members_multiple                              float64     13                       0.312918             0.142857                 0.25             0.324324             0.370968             0.422222  0.079068
proj_hhi_discussion_comment                       float64     13                       0.547708             0.440184             0.457787              0.50064             0.618742             0.768453  0.115059
proj_hhi_issue_closed                             float64     13                       0.716066                 0.44             0.576906             0.720478             0.797516                  1.0  0.179325
proj_hhi_issue_comment                            float64     13                       0.580506             0.428571             0.481897             0.529336              0.62722             0.901414  0.152341
proj_hhi_issue_opened                             float64     13                       0.674864             0.388889             0.431373                  0.6             0.857143                  1.0  0.253021
proj_hhi_pull_request_closed                      float64     12                            1.0                  1.0                  1.0                  1.0                  1.0                  1.0       0.0
proj_hhi_pull_request_comment                     float64     13                       0.738272             0.533333             0.627053             0.657143             0.851852                  1.0  0.174667
proj_hhi_pull_request_merged                      float64     12                            1.0                  1.0                  1.0                  1.0                  1.0                  1.0       0.0
proj_hhi_pull_request_opened                      float64     13                       0.873407                 0.52             0.657143                  1.0                  1.0                  1.0   0.20157
proj_hhi_pull_request_review_comment              float64      9                       0.722222                  0.5                  0.5                  0.5                  1.0                  1.0  0.263523
proj_hhi_pull_request_review                      float64      9                       0.784392             0.571429                0.625             0.666667                  1.0                  1.0  0.206557
proj_prob_hhi_discussion_comment                  float64     13                       0.781146             0.698179             0.720848             0.803922             0.830088             0.864198  0.060646
proj_prob_hhi_issue_comment                       float64     13                       0.791857             0.661815             0.747748             0.761905             0.847175             0.929825  0.086875
proj_prob_hhi_pull_request_comment                float64     13                       0.789569                  0.6             0.669565                 0.75             0.866667                  1.0  0.143844
proj_prob_hhi_pull_request_review_comment         float64      9                       0.722222                  0.5                  0.5                  0.5                  1.0                  1.0  0.263523
proj_prob_hhi_pull_request_review                 float64      9                       0.928131             0.857143                0.875             0.888889                  1.0                  1.0  0.068852
num_active_members                                  Int64     13                       3.384615                  2.0                  3.0                  3.0                  4.0                  5.0  0.767948

