File: drive/output/derived/org_outcomes_practices/repo_collaboration/important_degree_top3/rolling5/beancount___smart_importer.parquet

MD5 hash: 3abd6d5f066e9476f7ebfc82795ff5e0

Keys: time_period 

                                                     type  count                           mean                  min                  25%                  50%                  75%                  max       std
time_period                                datetime64[ns]     13  2021-02-25 05:32:18.461538560  2018-01-01 00:00:00  2019-07-01 00:00:00  2021-01-01 00:00:00  2022-07-01 00:00:00  2025-01-01 00:00:00          
avg_members_per_problem                           float64     13                       1.663748             1.333333             1.684211             1.714286             1.733333             1.821429  0.152699
pct_members_multiple                              float64     13                       0.541481             0.230769             0.547619             0.571429                  0.6             0.714286  0.146774
proj_hhi_discussion_comment                       float64     13                       0.438437             0.389917             0.404308             0.422997              0.43358             0.640083  0.066511
proj_hhi_issue_closed                             float64     13                       0.647635             0.333333             0.437229             0.711111                  0.8                  1.0  0.227541
proj_hhi_issue_comment                            float64     13                       0.438104             0.370563             0.392642             0.425655             0.489103             0.517949  0.051882
proj_hhi_issue_opened                             float64     13                       0.621883             0.397959             0.443878                  0.5                 0.75                  1.0   0.23753
proj_hhi_pull_request_closed                      float64     10                            1.0                  1.0                  1.0                  1.0                  1.0                  1.0       0.0
proj_hhi_pull_request_comment                     float64     13                       0.522948              0.44697             0.473958             0.491477             0.507812             0.923077  0.122511
proj_hhi_pull_request_merged                      float64     13                       0.697681             0.526627             0.571062             0.680272             0.733333                  1.0  0.155318
proj_hhi_pull_request_opened                      float64     13                       0.640141             0.481667             0.542222             0.607143             0.633333                  1.0  0.169856
proj_hhi_pull_request_review_comment              float64     12                       0.647222                  0.5                0.525                  0.6             0.666667                  1.0  0.179482
proj_hhi_pull_request_review                      float64      7                       0.673557             0.428571             0.566239             0.576923             0.788462                  1.0   0.22916
proj_prob_hhi_discussion_comment                  float64     13                       0.594292             0.536587             0.566883             0.578041             0.585373              0.78228  0.064573
proj_prob_hhi_issue_comment                       float64     13                       0.573924             0.510249             0.556905             0.563781             0.574328             0.682667  0.043819
proj_prob_hhi_pull_request_comment                float64     13                       0.690352             0.565278             0.577475             0.641088             0.718254                  1.0  0.148978
proj_prob_hhi_pull_request_review_comment         float64     12                       0.663889                  0.5                0.575             0.633333             0.666667                  1.0  0.170239
proj_prob_hhi_pull_request_review                 float64      7                       0.863713             0.794872             0.794872             0.809524             0.925926                  1.0  0.095256
num_active_members                                  Int64     13                       3.538462                  2.0                  3.0                  3.0                  4.0                  6.0  1.126601

