File: drive/output/derived/org_outcomes_practices/repo_collaboration/important_degree_top3/rolling5/benfred___py-spy.parquet

MD5 hash: 3bb8aebb36a40261b7040e411cac529d

Keys: time_period 

                                                     type  count                           mean                  min                  25%                  50%                  75%                  max       std
time_period                                datetime64[ns]     14  2021-09-30 20:34:17.142857216  2018-07-01 00:00:00  2020-02-15 12:00:00  2021-10-01 00:00:00  2023-05-16 18:00:00  2025-01-01 00:00:00          
avg_members_per_problem                           float64     14                       1.192525             1.104938             1.156734             1.184221               1.2125             1.367188  0.065743
pct_members_multiple                              float64     14                         0.1634             0.098765              0.13168             0.143648             0.205082             0.273438  0.050273
proj_hhi_discussion_comment                       float64     14                       0.547255             0.408367             0.479339             0.565803             0.623189             0.632717  0.080361
proj_hhi_issue_closed                             float64     14                       0.972404             0.931122              0.95202             0.976686             0.994643                  1.0  0.023298
proj_hhi_issue_comment                            float64     14                       0.541186             0.382994             0.440676             0.541292             0.646897             0.673762  0.105392
proj_hhi_issue_opened                             float64     14                        0.57142             0.259259             0.487578             0.541667              0.61875                  0.9  0.171578
proj_hhi_pull_request_comment                     float64     14                         0.6487             0.514137             0.594292              0.63387              0.68761                 0.85  0.095108
proj_hhi_pull_request_merged                      float64     14                            1.0                  1.0                  1.0                  1.0                  1.0                  1.0       0.0
proj_hhi_pull_request_opened                      float64     14                       0.746656             0.533069             0.680956             0.734617             0.864748             0.905882  0.122523
proj_hhi_pull_request_closed                      float64     13                        0.92033             0.666667             0.916667                  1.0                  1.0                  1.0   0.12912
proj_hhi_pull_request_review_comment              float64     12                       0.731326                  0.5                  0.6             0.726136             0.786364                  1.0  0.157417
proj_hhi_pull_request_review                      float64     10                       0.884027             0.733333             0.824435             0.878676             0.972222                  1.0  0.094463
proj_prob_hhi_discussion_comment                  float64     14                       0.797598               0.7163             0.781374             0.792749             0.805441              0.88483  0.037431
proj_prob_hhi_issue_comment                       float64     14                       0.804675             0.726217             0.788977             0.800301             0.828445             0.863051  0.033618
proj_prob_hhi_pull_request_comment                float64     14                       0.794719             0.669048              0.73173             0.772011             0.804598                  1.0  0.098946
proj_prob_hhi_pull_request_review_comment         float64     12                       0.773096                  0.5                  0.6             0.787879                0.925                  1.0  0.178657
proj_prob_hhi_pull_request_review                 float64     10                       0.936408                  0.8             0.907629             0.933511             0.993197                  1.0  0.062426
num_active_members                                  Int64     14                       5.357143                  3.0                  3.0                  4.0                 6.75                 12.0  2.790289

