File: drive/output/derived/org_outcomes_practices/repo_collaboration/important_degree_top3/rolling5/captin411___ofxclient.parquet

MD5 hash: 317edc4a56abad2c60720de8603bc28b

Keys: time_period 

                                                     type  count                           mean                  min                  25%                  50%                  75%                  max       std
time_period                                datetime64[ns]     11  2017-12-31 02:10:54.545454592  2015-07-01 00:00:00  2016-10-01 00:00:00  2018-01-01 00:00:00  2019-04-01 12:00:00  2020-07-01 00:00:00          
avg_members_per_problem                           float64     11                       1.876072                 1.75             1.803846             1.846154                 1.98                  2.0  0.100219
pct_members_multiple                              float64     11                         0.5601             0.458333                  0.5             0.583333             0.617216                 0.64  0.064853
proj_hhi_discussion_comment                       float64     11                       0.322188             0.256566             0.275843             0.321836             0.351976                0.412  0.048382
proj_hhi_issue_closed                             float64     11                        0.75404                  0.6             0.666667                 0.75             0.809524                  1.0  0.110332
proj_hhi_issue_comment                            float64     11                       0.319188             0.264687             0.280088             0.314421             0.346871             0.398246  0.041561
proj_hhi_issue_opened                             float64     11                       0.707953             0.333333              0.45406                  0.8             0.928571                  1.0  0.259953
proj_hhi_pull_request_closed                      float64      5                            1.0                  1.0                  1.0                  1.0                  1.0                  1.0       0.0
proj_hhi_pull_request_comment                     float64     10                       0.590884             0.346939             0.390476             0.528571             0.666667                  1.0  0.252134
proj_hhi_pull_request_merged                      float64      7                            1.0                  1.0                  1.0                  1.0                  1.0                  1.0       0.0
proj_hhi_pull_request_opened                      float64     10                       0.811111             0.555556             0.666667             0.833333                  1.0                  1.0  0.203198
proj_hhi_pull_request_review_comment              float64      5                            0.5                  0.5                  0.5                  0.5                  0.5                  0.5       0.0
proj_prob_hhi_discussion_comment                  float64     11                       0.536574             0.448571             0.497793             0.532877             0.553585                  0.7  0.065829
proj_prob_hhi_issue_comment                       float64     11                       0.541227             0.459158             0.506309             0.528173             0.561354               0.6875  0.058818
proj_prob_hhi_pull_request_comment                float64     10                        0.63854             0.447619             0.484444             0.575556             0.666667                  1.0  0.209527
proj_prob_hhi_pull_request_review_comment         float64      5                            0.5                  0.5                  0.5                  0.5                  0.5                  0.5       0.0
num_active_members                                  Int64     11                       4.727273                  3.0                  3.5                  4.0                  5.0                 11.0  2.284334

