File: drive/output/derived/org_outcomes_practices/repo_collaboration/important_degree_top3/rolling5/carlodepieri___pymailtm.parquet

MD5 hash: e7f5f016759654c18cfb6c9bde017f54

Keys: time_period 

                                              type  count                 mean                  min                  25%                  50%                  75%                  max       std
time_period                         datetime64[ns]      5  2022-04-19 19:12:00  2021-01-01 00:00:00  2021-07-01 00:00:00  2022-01-01 00:00:00  2022-07-01 00:00:00  2024-07-01 00:00:00          
avg_members_per_problem                    float64      5                 1.72             1.166667                  1.6             1.833333                  2.0                  2.0  0.350079
pct_members_multiple                       float64      5                 0.72             0.166667                  0.6             0.833333                  1.0                  1.0  0.350079
proj_hhi_discussion_comment                float64      5             0.504927             0.482716             0.483333                  0.5              0.50303             0.555556  0.029794
proj_hhi_pull_request_comment              float64      5             0.551825             0.533333             0.541667             0.547619             0.555556             0.580952  0.018201
proj_hhi_pull_request_merged               float64      5                  1.0                  1.0                  1.0                  1.0                  1.0                  1.0       0.0
proj_hhi_pull_request_opened               float64      5              0.63619                  0.5                  0.5             0.666667             0.714286                  0.8  0.133189
proj_hhi_issue_comment                     float64      4             0.711111             0.555556             0.555556             0.644444                  0.8                  1.0  0.210036
proj_hhi_issue_opened                      float64      3                  1.0                  1.0                  1.0                  1.0                  1.0                  1.0       0.0
proj_hhi_issue_closed                      float64      3                  1.0                  1.0                  1.0                  1.0                  1.0                  1.0       0.0
proj_hhi_pull_request_closed               float64      3                  1.0                  1.0                  1.0                  1.0                  1.0                  1.0       0.0
proj_hhi_pull_request_review               float64      1                  1.0                  1.0                  1.0                  1.0                  1.0                  1.0          
proj_prob_hhi_discussion_comment           float64      5             0.621176             0.583333             0.606061             0.607843             0.641975             0.666667  0.032941
proj_prob_hhi_pull_request_comment         float64      5             0.613687             0.555556                  0.6             0.621212                0.625             0.666667  0.040491
proj_prob_hhi_issue_comment                float64      4             0.711111             0.555556             0.555556             0.644444                  0.8                  1.0  0.210036
proj_prob_hhi_pull_request_review          float64      1                  1.0                  1.0                  1.0                  1.0                  1.0                  1.0          
num_active_members                           Int64      5                  2.8                  1.0                  3.0                  3.0                  3.0                  4.0  1.095445

