File: drive/output/derived/org_outcomes_practices/repo_collaboration/important_degree_top3/rolling5/cartodb___cartoframes.parquet

MD5 hash: 8cdee5b5f4d819b5990defbe8a55b7e1

Keys: time_period 

                                                     type  count                 mean                  min                  25%                  50%                  75%                  max       std
time_period                                datetime64[ns]     12  2019-10-31 20:00:00  2017-01-01 00:00:00  2018-05-16 18:00:00  2019-10-01 00:00:00  2021-02-15 06:00:00  2023-01-01 00:00:00          
avg_members_per_problem                           float64     12             1.423608             1.202454              1.40674             1.444289             1.472548                  1.5   0.08007
pct_members_multiple                              float64     12             0.372321             0.190184             0.368982             0.389853             0.406898             0.416667  0.061853
proj_hhi_discussion_comment                       float64     12             0.431313             0.340669             0.353494             0.425193              0.46413               0.5938  0.090022
proj_hhi_issue_closed                             float64     12             0.760687             0.467527             0.510255             0.843549              0.98443                  1.0   0.24318
proj_hhi_issue_comment                            float64     12             0.626419             0.407688              0.44138             0.578703             0.779659                  1.0  0.211106
proj_hhi_issue_opened                             float64     12             0.621844             0.387821             0.458752             0.586538             0.693264                  1.0  0.207344
proj_hhi_pull_request_comment                     float64     12             0.460781             0.328005             0.381622             0.456636             0.559567             0.597222  0.096439
proj_hhi_pull_request_merged                      float64     12             0.696207             0.446971             0.495001             0.585469             0.982358                  1.0  0.232128
proj_hhi_pull_request_opened                      float64     12             0.583022             0.379889             0.436399             0.565894             0.747582             0.780314  0.164364
proj_hhi_pull_request_review_comment              float64     12              0.50882             0.355182             0.363845             0.435011             0.669856             0.882812  0.175449
proj_hhi_pull_request_closed                      float64     10             0.746721             0.545635             0.549552             0.634503                  1.0                  1.0  0.220748
proj_hhi_pull_request_review                      float64      5             0.547628             0.509023             0.545572             0.550621             0.550621             0.582304  0.026053
proj_prob_hhi_discussion_comment                  float64     12             0.695588             0.545491             0.675627             0.697781             0.728883             0.787722  0.058754
proj_prob_hhi_issue_comment                       float64     12              0.83447             0.742458              0.76154             0.827841             0.878444                  1.0  0.084544
proj_prob_hhi_pull_request_comment                float64     12             0.733956             0.570833             0.737262             0.750315             0.754915             0.783252  0.055321
proj_prob_hhi_pull_request_review_comment         float64     12             0.671891             0.508995              0.63232              0.64424             0.714478                  0.9  0.093464
proj_prob_hhi_pull_request_review                 float64      5             0.721645             0.607784             0.731681             0.734662             0.734662             0.799435  0.069741
num_active_members                                  Int64     12             3.583333                  2.0                  3.0                  3.0                  4.0                  7.0  1.378954

