File: drive/output/derived/org_outcomes_practices/repo_collaboration/important_degree_top3/rolling5/cds-astro___mocpy.parquet

MD5 hash: 8e6adb268fe4d23fd7a1569f24baf394

Keys: time_period 

                                                     type  count                 mean                  min                  25%                  50%                  75%                  max       std
time_period                                datetime64[ns]     12  2021-07-01 12:00:00  2016-01-01 00:00:00  2019-11-16 00:00:00  2021-12-30 12:00:00  2023-08-16 00:00:00  2025-01-01 00:00:00          
avg_members_per_problem                           float64     12             1.487186             1.320755             1.380952             1.427108              1.58114             1.727273  0.144704
pct_members_multiple                              float64     12             0.413145             0.260417             0.312447              0.33908             0.455144             0.714286  0.161302
proj_hhi_discussion_comment                       float64     12             0.511337             0.389091             0.422947             0.473298             0.564019             0.785714  0.116268
proj_hhi_issue_closed                             float64     11             0.821445             0.547407             0.706352             0.801587                  1.0                  1.0  0.172655
proj_hhi_issue_comment                            float64     12             0.580166             0.311111             0.390164             0.523831             0.658066                  1.0  0.231345
proj_hhi_issue_opened                             float64     12             0.541942                0.375                  0.5                  0.5             0.576409             0.747475  0.094871
proj_hhi_pull_request_closed                      float64      7                  1.0                  1.0                  1.0                  1.0                  1.0                  1.0       0.0
proj_hhi_pull_request_comment                     float64     12             0.596227             0.357143             0.388889             0.542582              0.75463                  1.0  0.211841
proj_hhi_pull_request_merged                      float64     11             0.858419             0.613445             0.711429              0.89916                  1.0                  1.0  0.155536
proj_hhi_pull_request_opened                      float64     11             0.790835             0.657895             0.678571                 0.75             0.868739                  1.0  0.127159
proj_hhi_pull_request_review                      float64      6             0.628148             0.555556             0.633333             0.633333             0.633333                 0.68  0.040164
proj_hhi_pull_request_review_comment              float64      6                 0.85                  0.5                  0.9                  0.9                  0.9                  1.0  0.176068
proj_prob_hhi_discussion_comment                  float64     12             0.723488             0.638889             0.653691             0.694929             0.767875             0.864583  0.082532
proj_prob_hhi_issue_comment                       float64     12             0.748024             0.566667             0.613908             0.714413             0.842046                  1.0  0.156711
proj_prob_hhi_pull_request_comment                float64     12             0.735205                  0.5             0.611111             0.732967             0.858627                  1.0  0.157397
proj_prob_hhi_pull_request_review                 float64      6             0.861111             0.666667                0.875                0.875                0.875                  1.0  0.107583
proj_prob_hhi_pull_request_review_comment         float64      6                 0.85                  0.5                  0.9                  0.9                  0.9                  1.0  0.176068
num_active_members                                  Int64     12             3.333333                  1.0                  3.0                  3.0                  3.0                  6.0  1.370689

