File: drive/output/derived/org_outcomes_practices/repo_collaboration/important_degree_top3/rolling5/character-ai___prompt-poet.parquet

MD5 hash: 5db6d86056efc2768d29c4141e5b41b3

Keys: time_period 

                                                     type  count                 mean                  min                  25%                  50%                  75%                  max       std
time_period                                datetime64[ns]      2  2024-10-01 00:00:00  2024-07-01 00:00:00  2024-08-16 00:00:00  2024-10-01 00:00:00  2024-11-16 00:00:00  2025-01-01 00:00:00          
avg_members_per_problem                           float64      2             1.311966             1.277778             1.294872             1.311966              1.32906             1.346154  0.048349
pct_members_multiple                              float64      2             0.245726             0.222222             0.233974             0.245726             0.257479             0.269231   0.03324
proj_hhi_discussion_comment                       float64      2             0.593836             0.578205             0.586021             0.593836             0.601652             0.609467  0.022106
proj_hhi_issue_closed                             float64      2                  1.0                  1.0                  1.0                  1.0                  1.0                  1.0       0.0
proj_hhi_issue_comment                            float64      2             0.259259             0.259259             0.259259             0.259259             0.259259             0.259259       0.0
proj_hhi_issue_opened                             float64      2             0.333333             0.333333             0.333333             0.333333             0.333333             0.333333       0.0
proj_hhi_pull_request_closed                      float64      2                  1.0                  1.0                  1.0                  1.0                  1.0                  1.0       0.0
proj_hhi_pull_request_merged                      float64      2                  1.0                  1.0                  1.0                  1.0                  1.0                  1.0       0.0
proj_hhi_pull_request_opened                      float64      2             0.869048             0.738095             0.803571             0.869048             0.934524                  1.0  0.185195
proj_hhi_pull_request_review                      float64      2               0.9375                0.875              0.90625               0.9375              0.96875                  1.0  0.088388
proj_hhi_pull_request_review_comment              float64      2                  1.0                  1.0                  1.0                  1.0                  1.0                  1.0       0.0
proj_hhi_pull_request_comment                     float64      1                0.375                0.375                0.375                0.375                0.375                0.375          
proj_prob_hhi_discussion_comment                  float64      2             0.850641             0.816667             0.833654             0.850641             0.867628             0.884615  0.048047
proj_prob_hhi_issue_comment                       float64      2             0.666667             0.666667             0.666667             0.666667             0.666667             0.666667       0.0
proj_prob_hhi_pull_request_review                 float64      2                  1.0                  1.0                  1.0                  1.0                  1.0                  1.0       0.0
proj_prob_hhi_pull_request_review_comment         float64      2                  1.0                  1.0                  1.0                  1.0                  1.0                  1.0       0.0
proj_prob_hhi_pull_request_comment                float64      1                0.375                0.375                0.375                0.375                0.375                0.375          
num_active_members                                  Int64      2                  4.0                  3.0                  3.5                  4.0                  4.5                  5.0  1.414214

