File: drive/output/derived/org_outcomes_practices/repo_collaboration/important_degree_top3/rolling5/cvc5___cvc5.parquet

MD5 hash: 506685d2ea0d75fcc1a58704d326ded7

Keys: time_period 

                                                     type  count                 mean                  min                  25%                  50%                  75%                  max       std
time_period                                datetime64[ns]     18  2020-09-10 08:00:00  2015-07-01 00:00:00  2018-08-16 00:00:00  2020-10-01 00:00:00  2022-11-16 00:00:00  2025-01-01 00:00:00          
avg_members_per_problem                           float64     18             1.368343              1.25737             1.292019             1.352686             1.379028                 1.75  0.114046
pct_members_multiple                              float64     18             0.335436             0.252834              0.27946             0.332726             0.361369                  0.5  0.065908
proj_hhi_discussion_comment                       float64     18             0.395977             0.358818              0.38415             0.396872             0.406229             0.437492  0.022225
proj_hhi_pull_request_comment                     float64     18             0.453104             0.407407             0.426895             0.462056             0.475047             0.497467  0.027576
proj_hhi_pull_request_merged                      float64     18             0.529519             0.434877             0.476713             0.523646             0.572759             0.624293  0.055764
proj_hhi_pull_request_opened                      float64     18             0.534596             0.451994             0.487107              0.51683             0.566904             0.774603   0.07358
proj_hhi_pull_request_closed                      float64     17             0.477202                0.375             0.410952             0.467746             0.516946             0.605802   0.06871
proj_hhi_pull_request_review_comment              float64     17             0.394338             0.348093             0.376943             0.393889             0.401181             0.488074    0.0334
proj_hhi_issue_closed                             float64     16             0.537316             0.433492             0.488868             0.547214             0.577876             0.653107  0.058113
proj_hhi_issue_comment                            float64     16             0.477703             0.385225             0.429198             0.487774             0.514685             0.586801  0.056159
proj_hhi_issue_opened                             float64     16             0.739489             0.592119             0.616447             0.695049             0.805556                  1.0  0.150882
proj_hhi_pull_request_review                      float64     10             0.397768             0.347397             0.354134             0.381707             0.408088             0.552567  0.062827
proj_prob_hhi_discussion_comment                  float64     18             0.761966             0.444444             0.753259             0.797307             0.819638             0.852009  0.102092
proj_prob_hhi_pull_request_comment                float64     18             0.826977             0.444444             0.830162             0.873411             0.879944              0.89111  0.108667
proj_prob_hhi_pull_request_review_comment         float64     17             0.771049             0.560962             0.745711             0.782801             0.816481             0.848404  0.068553
proj_prob_hhi_issue_comment                       float64     16             0.913232             0.881393             0.895022             0.917726             0.928114             0.932936  0.016725
proj_prob_hhi_pull_request_review                 float64     10             0.871149             0.860683              0.86588             0.867921              0.87934             0.883694  0.008555
num_active_members                                  Int64     18             3.222222                  3.0                  3.0                  3.0                  3.0                  5.0  0.646762

