File: drive/output/derived/org_outcomes_practices/repo_collaboration/important_degree_top3/rolling5/dbcli___cli_helpers.parquet

MD5 hash: b6cabbafef4cf132a56ce8d025d3f322

Keys: time_period 

                                                     type  count                 mean                  min                  25%                  50%                  75%                  max       std
time_period                                datetime64[ns]      9  2019-05-02 08:00:00  2017-01-01 00:00:00  2018-01-01 00:00:00  2019-01-01 00:00:00  2020-07-01 00:00:00  2022-07-01 00:00:00          
avg_members_per_problem                           float64      9             2.144221             1.576923             1.833333             2.296296             2.428571             2.488372  0.372132
pct_members_multiple                              float64      9             0.736825             0.423077             0.541667             0.833333             0.892857             0.930233  0.197144
proj_hhi_discussion_comment                       float64      9             0.324539                0.209             0.287563             0.353084             0.368719              0.40074  0.068036
proj_hhi_issue_opened                             float64      8             0.802083                  0.5             0.729167                 0.75                  1.0                  1.0   0.18332
proj_hhi_pull_request_closed                      float64      5                  1.0                  1.0                  1.0                  1.0                  1.0                  1.0       0.0
proj_hhi_pull_request_comment                     float64      9             0.331684             0.243555              0.31099             0.342382             0.362302             0.414286  0.054285
proj_hhi_pull_request_merged                      float64      9              0.57809             0.418367             0.474937             0.491071             0.634921                0.875  0.154982
proj_hhi_pull_request_opened                      float64      9             0.503819             0.383766             0.484548             0.498677             0.544444                0.625   0.07318
proj_hhi_pull_request_review_comment              float64      8             0.593008             0.421309             0.470861             0.482194             0.785714             0.833333  0.178756
proj_hhi_issue_closed                             float64      5                0.745                0.625                  0.7                  0.7                  0.7                  1.0  0.146202
proj_hhi_issue_comment                            float64      7             0.591452                 0.36             0.436364             0.436364             0.735537                  1.0  0.281082
proj_hhi_pull_request_review                      float64      2                  1.0                  1.0                  1.0                  1.0                  1.0                  1.0       0.0
proj_prob_hhi_discussion_comment                  float64      9             0.524269             0.437701             0.465782             0.470987             0.512775                  0.8  0.113723
proj_prob_hhi_pull_request_comment                float64      9             0.521232             0.441101              0.45189             0.453414             0.532653             0.785714  0.117337
proj_prob_hhi_pull_request_review_comment         float64      8             0.643954             0.538104             0.544864             0.553298             0.785714             0.833333  0.135844
proj_prob_hhi_issue_comment                       float64      7             0.656115                  0.5             0.520833             0.520833             0.765152                  1.0  0.235095
proj_prob_hhi_pull_request_review                 float64      2                  1.0                  1.0                  1.0                  1.0                  1.0                  1.0       0.0
num_active_members                                  Int64      9             5.111111                  3.0                  4.0                  5.0                  7.0                  7.0  1.691482

