File: drive/output/derived/org_outcomes_practices/repo_collaboration/important_degree_top3/rolling5/dcos___dcos-cli.parquet

MD5 hash: dc498f83637162896f62f13ef6291aee

Keys: time_period 

                                                     type  count                           mean                  min                  25%                  50%                  75%                  max       std
time_period                                datetime64[ns]     11  2018-10-09 10:54:32.727272704  2016-01-01 00:00:00  2017-04-01 12:00:00  2018-07-01 00:00:00  2019-10-01 00:00:00  2024-01-01 00:00:00          
avg_members_per_problem                           float64     11                       1.446848             1.287565             1.348166             1.392361             1.467122                  2.0  0.195398
pct_members_multiple                              float64     11                       0.426378             0.284974             0.331365             0.361111             0.424573                  1.0  0.199628
proj_hhi_discussion_comment                       float64     11                       0.562967             0.427062             0.544759             0.575275             0.597688             0.638001   0.06053
proj_hhi_issue_closed                             float64     10                       0.880576             0.792388             0.841824             0.884154             0.921401             0.964593   0.05345
proj_hhi_issue_comment                            float64     11                       0.614714             0.500595             0.589084             0.629744             0.652443             0.686964  0.054071
proj_hhi_issue_opened                             float64      7                       0.678219                  0.6             0.620513             0.630769              0.63787                  1.0  0.142677
proj_hhi_pull_request_closed                      float64     10                       0.819806             0.641402             0.770296             0.826633             0.875982                  1.0  0.098118
proj_hhi_pull_request_comment                     float64     10                       0.546478             0.467407             0.524047             0.548561             0.572945             0.607996  0.039798
proj_hhi_pull_request_merged                      float64     10                       0.719233               0.5214             0.628966             0.750713             0.801919             0.870816  0.116202
proj_hhi_pull_request_opened                      float64     10                       0.654263             0.582409             0.620794              0.66604             0.676306             0.742926  0.045923
proj_hhi_pull_request_review_comment              float64     10                       0.599136             0.426521             0.579819             0.630775             0.658005             0.677022  0.085135
proj_hhi_pull_request_review                      float64      1                            1.0                  1.0                  1.0                  1.0                  1.0                  1.0          
proj_prob_hhi_discussion_comment                  float64     11                       0.750297             0.555556             0.750758             0.775023             0.796557             0.814441  0.080351
proj_prob_hhi_issue_comment                       float64     11                       0.838537             0.555556             0.831537             0.868421             0.877321             0.958333   0.10336
proj_prob_hhi_pull_request_comment                float64     10                       0.811549              0.72963             0.812785             0.820726             0.834886             0.856978  0.041618
proj_prob_hhi_pull_request_review_comment         float64     10                        0.77358             0.599962             0.763474             0.801565             0.816118             0.845525  0.078399
proj_prob_hhi_pull_request_review                 float64      1                            1.0                  1.0                  1.0                  1.0                  1.0                  1.0          
num_active_members                                  Int64     11                       3.090909                  2.0                  3.0                  3.0                  3.0                  5.0  0.700649

