File: drive/output/derived/org_outcomes_practices/repo_collaboration/important_degree_top3/rolling5/deontologician___restnavigator.parquet

MD5 hash: 7a96df9154bbd6eae4f432cdedc7ba87

Keys: time_period 

                                                     type  count                 mean                  min                  25%                  50%                  75%                  max       std
time_period                                datetime64[ns]      2  2015-04-01 12:00:00  2015-01-01 00:00:00  2015-02-15 06:00:00  2015-04-01 12:00:00  2015-05-16 18:00:00  2015-07-01 00:00:00          
avg_members_per_problem                           float64      2             1.914545             1.909091             1.911818             1.914545             1.917273                 1.92  0.007714
pct_members_multiple                              float64      2             0.658182             0.636364             0.647273             0.658182             0.669091                 0.68  0.030856
proj_hhi_discussion_comment                       float64      2             0.427108             0.425548             0.426328             0.427108             0.427888             0.428668  0.002206
proj_hhi_issue_closed                             float64      2                  1.0                  1.0                  1.0                  1.0                  1.0                  1.0       0.0
proj_hhi_issue_comment                            float64      2              0.59793             0.594298             0.596114              0.59793             0.599746             0.601562  0.005137
proj_hhi_issue_opened                             float64      2             0.452457             0.430556             0.441506             0.452457             0.463408             0.474359  0.030974
proj_hhi_pull_request_closed                      float64      2                0.625                0.625                0.625                0.625                0.625                0.625       0.0
proj_hhi_pull_request_comment                     float64      2             0.386195             0.374815             0.380505             0.386195             0.391886             0.397576  0.016094
proj_hhi_pull_request_merged                      float64      2                  1.0                  1.0                  1.0                  1.0                  1.0                  1.0       0.0
proj_hhi_pull_request_opened                      float64      2             0.298333                 0.28             0.289167             0.298333               0.3075             0.316667  0.025927
proj_hhi_pull_request_review_comment              float64      2                  1.0                  1.0                  1.0                  1.0                  1.0                  1.0       0.0
proj_prob_hhi_discussion_comment                  float64      2             0.542814             0.541623             0.542218             0.542814              0.54341             0.544006  0.001685
proj_prob_hhi_issue_comment                       float64      2             0.696272             0.684211             0.690241             0.696272             0.702303             0.708333  0.017057
proj_prob_hhi_pull_request_comment                float64      2             0.494853             0.488783             0.491818             0.494853             0.497888             0.500924  0.008585
proj_prob_hhi_pull_request_review_comment         float64      2                  1.0                  1.0                  1.0                  1.0                  1.0                  1.0       0.0
num_active_members                                  Int64      2                  4.5                  4.0                 4.25                  4.5                 4.75                  5.0  0.707107

