File: drive/output/derived/org_outcomes_practices/repo_collaboration/important_degree_top3/rolling5/django-compressor___django-appconf.parquet

MD5 hash: b248be1ae8ad53e610948a0d378647f6

Keys: time_period 

                                                     type  count                           mean                  min                  25%                  50%                  75%                  max       std
time_period                                datetime64[ns]     13  2019-05-20 20:18:27.692307712  2015-01-01 00:00:00  2017-01-01 00:00:00  2019-07-01 00:00:00  2021-07-01 00:00:00  2024-01-01 00:00:00          
avg_members_per_problem                           float64     13                       1.803391             1.272727               1.5625             1.761905                  2.0             2.666667    0.3848
pct_members_multiple                              float64     13                       0.458026             0.222222               0.3125             0.346154             0.571429             0.727273  0.189903
proj_hhi_discussion_comment                       float64     13                       0.442899               0.1875             0.371293             0.446032             0.531469             0.592593  0.109697
proj_hhi_issue_closed                             float64     13                       0.863864             0.657143             0.733333             0.904762                  1.0                  1.0  0.142085
proj_hhi_issue_comment                            float64     13                       0.458824               0.1875             0.424242             0.489583             0.503036             0.592593  0.100412
proj_hhi_pull_request_merged                      float64     13                            1.0                  1.0                  1.0                  1.0                  1.0                  1.0       0.0
proj_hhi_issue_opened                             float64     12                       0.792262                  0.5             0.533333                0.875                  1.0                  1.0  0.227249
proj_hhi_pull_request_closed                      float64      8                       0.855556             0.555556             0.688889                  1.0                  1.0                  1.0  0.206764
proj_hhi_pull_request_comment                     float64     11                       0.554961             0.358333             0.464361             0.574074             0.630278             0.777778   0.13467
proj_hhi_pull_request_opened                      float64     12                       0.756938                  0.5             0.666667             0.710678                  0.8                  1.0  0.158746
proj_hhi_pull_request_review_comment              float64      8                          0.875                  0.5                 0.75                  1.0                  1.0                  1.0  0.188982
proj_hhi_pull_request_review                      float64      4                            1.0                  1.0                  1.0                  1.0                  1.0                  1.0       0.0
proj_prob_hhi_discussion_comment                  float64     13                        0.56519               0.1875             0.514751             0.605051             0.647436             0.675926  0.134366
proj_prob_hhi_issue_comment                       float64     13                       0.543419               0.1875             0.494048             0.585082                 0.65             0.675926  0.136663
proj_prob_hhi_pull_request_comment                float64     11                       0.615246             0.461111             0.549089             0.574074             0.701389             0.777778  0.106597
proj_prob_hhi_pull_request_review_comment         float64      8                          0.875                  0.5                 0.75                  1.0                  1.0                  1.0  0.188982
proj_prob_hhi_pull_request_review                 float64      4                            1.0                  1.0                  1.0                  1.0                  1.0                  1.0       0.0
num_active_members                                  Int64     13                       3.923077                  3.0                  3.0                  3.0                  4.0                  7.0   1.60528

