File: drive/output/derived/org_outcomes_practices/repo_collaboration/important_degree_top3/rolling5/django-commons___django-click.parquet

MD5 hash: 4f783eb0da27fa8f920b478852afd9d5

Keys: time_period 

                                                     type  count                           mean                  min                  25%                  50%                  75%                  max       std
time_period                                datetime64[ns]      7  2019-04-15 03:25:42.857142784  2016-01-01 00:00:00  2016-10-01 00:00:00  2020-01-01 00:00:00  2020-10-01 00:00:00  2024-01-01 00:00:00          
avg_members_per_problem                           float64      7                       1.956675             1.538462             1.686275                  2.0             2.142857                  2.5  0.348599
pct_members_multiple                              float64      7                       0.807111             0.461538             0.594118                  1.0                  1.0                  1.0  0.244624
proj_hhi_discussion_comment                       float64      7                       0.464546             0.388889             0.397321             0.407407             0.533565              0.59375  0.087575
proj_hhi_issue_closed                             float64      7                            1.0                  1.0                  1.0                  1.0                  1.0                  1.0       0.0
proj_hhi_issue_comment                            float64      7                       0.503243                 0.36                  0.5                  0.5             0.539683             0.583333  0.070857
proj_hhi_issue_opened                             float64      7                       0.904762             0.666667             0.833333                  1.0                  1.0                  1.0   0.16265
proj_hhi_pull_request_comment                     float64      7                       0.761111             0.477778                0.625             0.766667             0.916667                  1.0  0.198626
proj_hhi_pull_request_merged                      float64      7                            1.0                  1.0                  1.0                  1.0                  1.0                  1.0       0.0
proj_hhi_pull_request_opened                      float64      7                       0.873016             0.666667             0.722222                  1.0                  1.0                  1.0  0.159456
proj_hhi_pull_request_review_comment              float64      3                            1.0                  1.0                  1.0                  1.0                  1.0                  1.0       0.0
proj_hhi_pull_request_closed                      float64      1                            1.0                  1.0                  1.0                  1.0                  1.0                  1.0          
proj_prob_hhi_discussion_comment                  float64      7                        0.71713             0.466667             0.637731             0.652778               0.8125                  1.0  0.172572
proj_prob_hhi_issue_comment                       float64      7                       0.679546                 0.36             0.587302             0.666667             0.777778                  1.0   0.20137
proj_prob_hhi_pull_request_comment                float64      7                       0.797487             0.574074             0.666667                  0.8               0.9375                  1.0    0.1694
proj_prob_hhi_pull_request_review_comment         float64      3                            1.0                  1.0                  1.0                  1.0                  1.0                  1.0       0.0
num_active_members                                  Int64      7                       3.142857                  3.0                  3.0                  3.0                  3.0                  4.0  0.377964

