File: drive/output/derived/org_outcomes_practices/repo_collaboration/important_degree_top3/rolling5/dpgaspar___flask-appbuilder.parquet

MD5 hash: 27e871f71f853b244c0c8249df965567

Keys: time_period 

                                                     type  count                           mean                  min                  25%                  50%                  75%                  max       std
time_period                                datetime64[ns]     21  2019-12-31 17:08:34.285714176  2015-01-01 00:00:00  2017-07-01 00:00:00  2020-01-01 00:00:00  2022-07-01 00:00:00  2025-01-01 00:00:00          
avg_members_per_problem                           float64     21                       1.203876             1.012085             1.034056             1.129151             1.396078             1.424731  0.177651
pct_members_multiple                              float64     21                       0.187467             0.012085              0.03096             0.116236             0.368627             0.397959  0.162682
proj_hhi_discussion_comment                       float64     21                       0.442794             0.379055             0.391457             0.414168             0.444454             0.629108  0.071583
proj_hhi_issue_closed                             float64     21                       0.762552             0.613308             0.679967             0.748958             0.829426             0.948052  0.112245
proj_hhi_issue_comment                            float64     21                       0.565335             0.503108              0.52934             0.557589             0.603155             0.691877  0.052297
proj_hhi_issue_opened                             float64     20                       0.870682             0.438919             0.752593                  1.0                  1.0                  1.0  0.189521
proj_hhi_pull_request_closed                      float64     21                       0.697401             0.555556              0.58825             0.609877             0.777778                  1.0  0.149259
proj_hhi_pull_request_comment                     float64     21                       0.487927              0.40256             0.424496             0.478379              0.53399             0.631962  0.064786
proj_hhi_pull_request_merged                      float64     21                        0.97188             0.866221             0.988536                  1.0                  1.0                  1.0  0.049198
proj_hhi_pull_request_opened                      float64     21                       0.828666             0.506494             0.659091             0.933857             0.955344                  1.0  0.175891
proj_hhi_pull_request_review_comment              float64     17                       0.962222             0.864434             0.898325                  1.0                  1.0                  1.0  0.055152
proj_hhi_pull_request_review                      float64     10                       0.994417             0.958454                  1.0                  1.0                  1.0                  1.0   0.01341
proj_prob_hhi_discussion_comment                  float64     21                       0.804875             0.748257              0.77848             0.801723             0.814866             0.889159  0.039979
proj_prob_hhi_issue_comment                       float64     21                       0.853266             0.749406             0.811691              0.86019             0.886313             0.942222  0.054673
proj_prob_hhi_pull_request_comment                float64     21                       0.738885             0.624603             0.690559             0.718287             0.759259             0.887381   0.07079
proj_prob_hhi_pull_request_review_comment         float64     17                       0.985536              0.92714             0.973958                  1.0                  1.0                  1.0   0.02527
proj_prob_hhi_pull_request_review                 float64     10                       0.998551             0.985507                  1.0                  1.0                  1.0                  1.0  0.004583
num_active_members                                  Int64     21                       3.666667                  3.0                  3.0                  3.0                  4.0                  7.0  1.154701

