File: drive/output/derived/org_outcomes_practices/repo_collaboration/important_degree_top3/rolling5/duburcqa___jiminy.parquet

MD5 hash: 29599704fc673829127c376ce26160fe

Keys: time_period 

                                                     type  count                 mean                  min                  25%                  50%                  75%                  max       std
time_period                                datetime64[ns]      9  2021-12-31 05:20:00  2020-01-01 00:00:00  2021-01-01 00:00:00  2022-01-01 00:00:00  2023-01-01 00:00:00  2024-01-01 00:00:00          
avg_members_per_problem                           float64      9             1.111608             1.082294             1.083624             1.095634             1.125382              1.19685  0.038425
pct_members_multiple                              float64      9               0.1084             0.076655             0.077307             0.093555             0.125382              0.19685  0.040783
proj_hhi_discussion_comment                       float64      9             0.630009             0.541718             0.583306             0.584254             0.677522              0.79508  0.079148
proj_hhi_issue_closed                             float64      9              0.87702             0.761061             0.836957             0.873947                 0.92                  1.0  0.072782
proj_hhi_issue_comment                            float64      9             0.632799             0.574074             0.602984             0.633333             0.648574             0.729345  0.044863
proj_hhi_issue_opened                             float64      9             0.761134             0.693281             0.724901             0.752115             0.786438             0.840787  0.053129
proj_hhi_pull_request_closed                      float64      9             0.722287                 0.58                 0.65             0.679221             0.781718             0.871901  0.106268
proj_hhi_pull_request_comment                     float64      9             0.688487             0.508722             0.586703              0.59316             0.818627             0.891481  0.148058
proj_hhi_pull_request_merged                      float64      9             0.994365             0.978497             0.992391             0.994862                  1.0                  1.0  0.007137
proj_hhi_pull_request_opened                      float64      9             0.866028             0.747084             0.846469             0.884021             0.904859             0.927166  0.057686
proj_hhi_pull_request_review_comment              float64      9             0.674057             0.567217             0.594205             0.601586             0.727731             0.834902  0.107368
proj_hhi_pull_request_review                      float64      8             0.531055             0.456528             0.463082             0.490152             0.564342             0.697031  0.095329
proj_prob_hhi_discussion_comment                  float64      9             0.707321             0.609808              0.66136             0.662617             0.769599             0.839472  0.074875
proj_prob_hhi_issue_comment                       float64      9              0.73698             0.690797             0.703704             0.747701             0.756111             0.788933   0.03532
proj_prob_hhi_pull_request_comment                float64      9             0.758942             0.606289             0.668783             0.673958             0.882353             0.922222   0.12794
proj_prob_hhi_pull_request_review_comment         float64      9             0.723255             0.636314             0.664166             0.670113             0.776711             0.845505  0.081831
proj_prob_hhi_pull_request_review                 float64      8             0.608636             0.549616             0.550009             0.575333             0.628999             0.759606  0.080446
num_active_members                                  Int64      9             4.333333                  3.0                  3.0                  4.0                  4.0                  8.0  1.658312

