File: drive/output/derived/org_outcomes_practices/repo_collaboration/important_degree_top3/rolling5/easyscience___easycrystallography.parquet

MD5 hash: 97d92cf7232316f2de9f0f38ba808c41

Keys: time_period 

                                                     type  count                 mean                  min                  25%                  50%                  75%                  max       std
time_period                                datetime64[ns]      6  2023-10-01 08:00:00  2022-07-01 00:00:00  2023-02-15 06:00:00  2023-10-01 00:00:00  2024-05-16 12:00:00  2025-01-01 00:00:00          
avg_members_per_problem                           float64      6              1.10173                  1.0             1.073276             1.116633             1.147876                 1.16  0.062078
pct_members_multiple                              float64      6              0.10173                  0.0             0.073276             0.116633             0.147876                 0.16  0.062078
proj_hhi_discussion_comment                       float64      6             0.744883                0.625             0.737132             0.743431             0.778333             0.832432  0.069391
proj_hhi_pull_request_closed                      float64      6              0.91875                  0.7             0.859375                  1.0                  1.0                  1.0  0.130803
proj_hhi_pull_request_comment                     float64      6             0.715026                0.625             0.710119             0.734722             0.744028             0.746667  0.047003
proj_hhi_pull_request_merged                      float64      6             0.938596             0.815789             0.861842                  1.0                  1.0                  1.0  0.095126
proj_hhi_pull_request_opened                      float64      6             0.534802                 0.44             0.477431             0.544444             0.597917             0.609091  0.072546
proj_hhi_pull_request_review                      float64      6             0.866291             0.784015             0.832373             0.841951             0.885973                  1.0  0.075112
proj_hhi_issue_closed                             float64      5                  1.0                  1.0                  1.0                  1.0                  1.0                  1.0       0.0
proj_hhi_issue_opened                             float64      5                  1.0                  1.0                  1.0                  1.0                  1.0                  1.0       0.0
proj_hhi_pull_request_review_comment              float64      3                  1.0                  1.0                  1.0                  1.0                  1.0                  1.0       0.0
proj_hhi_issue_comment                            float64      2                  1.0                  1.0                  1.0                  1.0                  1.0                  1.0       0.0
proj_prob_hhi_discussion_comment                  float64      6             0.850798                 0.75                0.835             0.853333             0.878431             0.932432  0.060817
proj_prob_hhi_pull_request_comment                float64      6             0.836746                 0.75                0.835                 0.84             0.852857                  0.9  0.048938
proj_prob_hhi_pull_request_review                 float64      6             0.915903             0.881667             0.891984             0.897039             0.921292                  1.0  0.044252
proj_prob_hhi_pull_request_review_comment         float64      3                  1.0                  1.0                  1.0                  1.0                  1.0                  1.0       0.0
proj_prob_hhi_issue_comment                       float64      2                  1.0                  1.0                  1.0                  1.0                  1.0                  1.0       0.0
num_active_members                                  Int64      6             3.666667                  3.0                  3.0                  3.5                  4.0                  5.0  0.816497

