File: drive/output/derived/org_outcomes_practices/repo_collaboration/important_degree_top3/rolling5/elephantrobotics___pymycobot.parquet

MD5 hash: 082dc32fb691b66779bb1553d713cdcd

Keys: time_period 

                                              type  count                 mean                  min                  25%                  50%                  75%                  max       std
time_period                         datetime64[ns]      9  2022-12-31 13:20:00  2021-01-01 00:00:00  2022-01-01 00:00:00  2023-01-01 00:00:00  2024-01-01 00:00:00  2025-01-01 00:00:00          
avg_members_per_problem                    float64      9             1.424787             1.246753             1.347826             1.454545                  1.5             1.529412  0.106807
pct_members_multiple                       float64      9             0.311531             0.181818              0.26087             0.333333             0.357143             0.411765  0.084374
proj_hhi_discussion_comment                float64      9             0.497036             0.453894             0.466944             0.478421              0.51779              0.59765  0.046588
proj_hhi_issue_closed                      float64      9             0.915771             0.809524             0.888889             0.904762             0.935961                  1.0  0.059403
proj_hhi_issue_comment                     float64      9             0.504862             0.462978             0.473963             0.479683             0.534332             0.593065  0.046779
proj_hhi_issue_opened                      float64      9             0.498824             0.416667             0.462963                  0.5             0.555556             0.583333  0.055969
proj_hhi_pull_request_comment              float64      9             0.754255             0.555556             0.645833             0.645833                  1.0                  1.0  0.188464
proj_hhi_pull_request_merged               float64      9             0.929945             0.857143             0.857143             0.923077                  1.0                  1.0   0.06946
proj_hhi_pull_request_opened               float64      7             0.730159             0.555556             0.611111             0.666667             0.833333                  1.0  0.190917
proj_hhi_pull_request_closed               float64      8                  1.0                  1.0                  1.0                  1.0                  1.0                  1.0       0.0
proj_hhi_pull_request_review               float64      5                  1.0                  1.0                  1.0                  1.0                  1.0                  1.0       0.0
proj_prob_hhi_discussion_comment           float64      9             0.697504             0.635417             0.675083             0.705087             0.723898             0.760813  0.039528
proj_prob_hhi_issue_comment                float64      9             0.686311             0.636111             0.671261              0.68955              0.70798             0.737364  0.032255
proj_prob_hhi_pull_request_comment         float64      9             0.873898             0.555556             0.833333             0.833333                  1.0                  1.0  0.147491
proj_prob_hhi_pull_request_review          float64      5                  1.0                  1.0                  1.0                  1.0                  1.0                  1.0       0.0
num_active_members                           Int64      9             4.111111                  2.0                  3.0                  3.0                  5.0                  8.0  1.900292

