File: drive/output/derived/org_outcomes_practices/repo_collaboration/important_degree_top3/rolling5/eternnoir___pytelegrambotapi.parquet

MD5 hash: 1a6a135ee5961fa2095b23850486c1c7

Keys: time_period 

                                                     type  count                           mean                  min                  25%                  50%                  75%                  max       std
time_period                                datetime64[ns]     21  2019-12-31 17:08:34.285714176  2015-01-01 00:00:00  2017-07-01 00:00:00  2020-01-01 00:00:00  2022-07-01 00:00:00  2025-01-01 00:00:00          
avg_members_per_problem                           float64     21                       1.332168             1.103865             1.211712             1.344051             1.441247             1.615385  0.152176
pct_members_multiple                              float64     21                       0.312593             0.091787             0.193694             0.324759             0.405276             0.615385  0.145069
proj_hhi_discussion_comment                       float64     21                       0.470913             0.356407             0.379573             0.458446             0.499578               0.6666  0.097032
proj_hhi_issue_closed                             float64     21                       0.772384             0.306122             0.642079             0.844444             0.943934             0.989258  0.206516
proj_hhi_issue_comment                            float64     21                        0.46317             0.333333             0.369501             0.456694             0.508462             0.620582  0.092973
proj_hhi_issue_opened                             float64     21                       0.565949             0.209877             0.439394             0.521299             0.688889                  1.0   0.20251
proj_hhi_pull_request_comment                     float64     21                       0.557872             0.455644             0.495258             0.507937              0.56746             0.931304  0.118135
proj_hhi_pull_request_merged                      float64     21                       0.909016             0.604502             0.876923             0.947932                  1.0                  1.0  0.124083
proj_hhi_pull_request_opened                      float64     21                       0.590635             0.458182              0.48686             0.574603             0.667489             0.890909  0.111587
proj_hhi_pull_request_closed                      float64     20                       0.762133             0.387755             0.673336             0.715834             0.886513                  1.0  0.164006
proj_hhi_pull_request_review_comment              float64     19                        0.75564                  0.5             0.549424             0.666667                  1.0                  1.0  0.221062
proj_hhi_pull_request_review                      float64     10                       0.607728             0.474179             0.514614              0.55108             0.654834                  1.0  0.155008
proj_prob_hhi_discussion_comment                  float64     21                        0.77857             0.598039             0.687007             0.772884             0.888766             0.938412  0.104143
proj_prob_hhi_issue_comment                       float64     21                       0.802237             0.555556             0.740417             0.816602             0.901513             0.926624  0.106996
proj_prob_hhi_pull_request_comment                float64     21                       0.772904             0.611369             0.695327             0.780556             0.840909             0.983607  0.106674
proj_prob_hhi_pull_request_review_comment         float64     19                       0.913135             0.654785             0.796577                  1.0                  1.0                  1.0  0.136182
proj_prob_hhi_pull_request_review                 float64     10                       0.863422             0.659681              0.76537             0.872549             0.987374                  1.0  0.128219
num_active_members                                  Int64     21                        3.52381                  3.0                  3.0                  3.0                  3.0                  7.0  1.123345

