File: drive/output/derived/org_outcomes_practices/repo_collaboration/important_degree_top3/rolling5/evansd___whitenoise.parquet

MD5 hash: 0f511b6e3441fc893753cad806fcab5d

Keys: time_period 

                                                     type  count                 mean                  min                  25%                  50%                  75%                  max       std
time_period                                datetime64[ns]     20  2019-10-01 08:24:00  2015-01-01 00:00:00  2017-05-16 18:00:00  2019-10-01 00:00:00  2022-02-15 06:00:00  2024-07-01 00:00:00          
avg_members_per_problem                           float64     20             1.409138             1.091743             1.255993              1.49505             1.533754             1.721311  0.189934
pct_members_multiple                              float64     20             0.307002             0.061983              0.16334             0.360149             0.410862              0.57377  0.154938
proj_hhi_discussion_comment                       float64     20             0.455712             0.367461             0.425465             0.450785             0.484098             0.564482  0.054777
proj_hhi_issue_closed                             float64     20             0.852802             0.555556             0.824576             0.867424             0.920858                  1.0  0.099221
proj_hhi_issue_comment                            float64     20             0.446634             0.303308             0.383294              0.44075             0.482013             0.688574  0.099555
proj_hhi_issue_opened                             float64     20             0.477474                  0.2             0.308422             0.377135             0.594444                  1.0  0.256021
proj_hhi_pull_request_closed                      float64     19             0.864984             0.510204             0.635714                  1.0                  1.0                  1.0  0.207426
proj_hhi_pull_request_comment                     float64     20             0.649905              0.41656             0.556861             0.591688             0.708278                  1.0  0.153915
proj_hhi_pull_request_merged                      float64     20                  1.0                  1.0                  1.0                  1.0                  1.0                  1.0       0.0
proj_hhi_pull_request_opened                      float64     19             0.837908                 0.55             0.658333             0.910151             0.955316                  1.0  0.159125
proj_hhi_pull_request_review_comment              float64     17             0.860254             0.714286             0.786797             0.833333                  1.0                  1.0  0.101232
proj_hhi_pull_request_review                      float64      7             0.540265             0.346939             0.483418             0.546218             0.620653             0.680556  0.115668
proj_prob_hhi_discussion_comment                  float64     20             0.679233             0.623447             0.651138             0.676517             0.699037             0.757591  0.035665
proj_prob_hhi_issue_comment                       float64     20             0.665436             0.568441             0.633286             0.649197             0.682042             0.880503  0.075237
proj_prob_hhi_pull_request_comment                float64     20             0.792617             0.585185             0.686124             0.790038             0.871936                  1.0  0.120107
proj_prob_hhi_pull_request_review_comment         float64     17             0.853181             0.583333                  0.8             0.850794                  1.0                  1.0  0.122803
proj_prob_hhi_pull_request_review                 float64      7             0.776515              0.59375             0.736842             0.823529              0.84375             0.857143  0.103577
num_active_members                                  Int64     20                 6.45                  3.0                  4.0                  6.0                  8.0                 16.0  3.203206

