File: drive/output/derived/org_outcomes_practices/repo_collaboration/important_degree_top3/rolling5/eyeseast___python-frontmatter.parquet

MD5 hash: 6b735fa54fc6a2635691e5561a2e7447

Keys: time_period 

                                                     type  count                 mean                  min                  25%                  50%                  75%                  max       std
time_period                                datetime64[ns]     18  2020-03-01 14:40:00  2015-01-01 00:00:00  2017-08-16 00:00:00  2020-04-01 00:00:00  2022-11-16 00:00:00  2025-01-01 00:00:00          
avg_members_per_problem                           float64     18             1.631067              1.28125             1.488782             1.606481             1.733553                  2.1  0.218285
pct_members_multiple                              float64     18             0.469537              0.28125             0.409317             0.467611             0.554167             0.631579  0.102929
proj_hhi_discussion_comment                       float64     18              0.45785             0.314103             0.453778             0.476236             0.507928             0.554368  0.076869
proj_hhi_issue_closed                             float64     18              0.97418             0.902256             0.933673                  1.0                  1.0                  1.0  0.042869
proj_hhi_issue_comment                            float64     18             0.469555             0.323077             0.454204              0.47309             0.535888              0.59375  0.083558
proj_hhi_issue_opened                             float64     18             0.520766             0.321429             0.497091             0.529857              0.57619             0.636364  0.080022
proj_hhi_pull_request_closed                      float64      9                  1.0                  1.0                  1.0                  1.0                  1.0                  1.0       0.0
proj_hhi_pull_request_comment                     float64     18             0.800232             0.459184             0.610714             0.863636                  1.0                  1.0  0.214671
proj_hhi_pull_request_merged                      float64     18                  1.0                  1.0                  1.0                  1.0                  1.0                  1.0       0.0
proj_hhi_pull_request_opened                      float64     18             0.706503                0.375             0.642361             0.763889             0.805556                0.875  0.152127
proj_hhi_pull_request_review                      float64      6                  1.0                  1.0                  1.0                  1.0                  1.0                  1.0       0.0
proj_hhi_pull_request_review_comment              float64      5                  1.0                  1.0                  1.0                  1.0                  1.0                  1.0       0.0
proj_prob_hhi_discussion_comment                  float64     18             0.604364             0.501852             0.585938             0.598742             0.639898                  0.7  0.054793
proj_prob_hhi_issue_comment                       float64     18             0.596586             0.474747              0.56246             0.603626             0.636534             0.708333   0.06743
proj_prob_hhi_pull_request_comment                float64     18             0.814032             0.511905             0.610714                 0.88                  1.0                  1.0  0.198929
proj_prob_hhi_pull_request_review                 float64      6                  1.0                  1.0                  1.0                  1.0                  1.0                  1.0       0.0
proj_prob_hhi_pull_request_review_comment         float64      5                  1.0                  1.0                  1.0                  1.0                  1.0                  1.0       0.0
num_active_members                                  Int64     18             4.277778                  2.0                  3.0                  4.0                  6.0                  7.0   1.48742

