File: drive/output/derived/org_outcomes_practices/repo_collaboration/important_degree_top3/rolling5/feramance___qbitrr.parquet

MD5 hash: fa8547a5623243e2fe7fc8a484eb74a1

Keys: time_period 

                                                     type  count                 mean                  min                  25%                  50%                  75%                  max       std
time_period                                datetime64[ns]      4  2024-04-01 00:00:00  2023-07-01 00:00:00  2023-11-16 00:00:00  2024-04-01 00:00:00  2024-08-16 00:00:00  2025-01-01 00:00:00          
avg_members_per_problem                           float64      4             1.258795             1.217391             1.240189             1.248894               1.2675                 1.32  0.043431
pct_members_multiple                              float64      4             0.236911             0.188406             0.213031             0.235619               0.2595                0.288  0.042347
proj_hhi_discussion_comment                       float64      4             0.435081             0.294528             0.430134             0.478715             0.483661             0.488366  0.093853
proj_hhi_issue_closed                             float64      4             0.787049             0.755102             0.768744             0.790271             0.808576              0.81255  0.027497
proj_hhi_issue_comment                            float64      4             0.493295             0.426612             0.478081             0.503922             0.519136             0.538723  0.047914
proj_hhi_issue_opened                             float64      4             0.348612              0.15625             0.273438             0.369593             0.444768             0.499012  0.149469
proj_hhi_pull_request_closed                      float64      4                 0.72                 0.68                 0.72             0.733333             0.733333             0.733333  0.026667
proj_hhi_pull_request_comment                     float64      4             0.683929                0.625                0.625               0.6625             0.721429             0.785714  0.076515
proj_hhi_pull_request_merged                      float64      4                  1.0                  1.0                  1.0                  1.0                  1.0                  1.0       0.0
proj_hhi_pull_request_opened                      float64      4              0.66638                 0.36                  0.6              0.73697             0.803349             0.831579  0.214178
proj_hhi_pull_request_review                      float64      4             0.579201             0.570248             0.570248             0.570248             0.579201             0.606061  0.017906
proj_hhi_pull_request_review_comment              float64      4               0.9232               0.9232               0.9232               0.9232               0.9232               0.9232       0.0
proj_prob_hhi_discussion_comment                  float64      4             0.677596              0.66674             0.666915             0.674487             0.685168              0.69467  0.013437
proj_prob_hhi_issue_comment                       float64      4             0.635791             0.549214             0.628044             0.662026             0.669773             0.669896  0.058178
proj_prob_hhi_pull_request_comment                float64      4             0.683929                0.625                0.625               0.6625             0.721429             0.785714  0.076515
proj_prob_hhi_pull_request_review                 float64      4              0.82197             0.818182             0.818182             0.818182              0.82197             0.833333  0.007576
proj_prob_hhi_pull_request_review_comment         float64      4             0.927273             0.927273             0.927273             0.927273             0.927273             0.927273       0.0
num_active_members                                  Int64      4                  6.5                  3.0                  4.5                  6.5                  8.5                 10.0  3.109126

