File: drive/output/derived/org_outcomes_practices/repo_collaboration/important_degree_top3/rolling5/firefighterblu3___python-pam.parquet

MD5 hash: dae6d8b07db0d1508d5624ca0bbbb81d

Keys: time_period 

                                                     type  count                 mean                  min                  25%                  50%                  75%                  max       std
time_period                                datetime64[ns]     10  2021-02-05 14:24:00  2016-01-01 00:00:00  2019-09-30 12:00:00  2021-04-01 12:00:00  2023-02-14 12:00:00  2025-01-01 00:00:00          
avg_members_per_problem                           float64     10             1.579996                  1.2             1.465909              1.58502             1.666667                  2.0  0.208071
pct_members_multiple                              float64     10             0.431511                  0.2             0.321678             0.460526                  0.5                 0.75  0.156011
proj_hhi_discussion_comment                       float64     10             0.567319             0.283333             0.485088             0.515809             0.643333                  1.0  0.196677
proj_hhi_pull_request_comment                     float64     10              0.76381             0.571429              0.63125             0.708333               0.9375                  1.0  0.171812
proj_hhi_pull_request_merged                      float64      9                  1.0                  1.0                  1.0                  1.0                  1.0                  1.0       0.0
proj_hhi_pull_request_opened                      float64     10             0.916667             0.666667               0.8125                  1.0                  1.0                  1.0  0.136083
proj_hhi_issue_closed                             float64      9             0.922222                 0.75                  0.8                  1.0                  1.0                  1.0  0.117556
proj_hhi_issue_comment                            float64      9             0.545868             0.388889             0.504365             0.540741             0.559259             0.761905  0.113209
proj_hhi_issue_opened                             float64      7             0.626984             0.333333             0.472222             0.555556             0.777778                  1.0  0.265883
proj_hhi_pull_request_review                      float64      5              0.75873             0.555556             0.619048             0.619048                  1.0                  1.0  0.221768
proj_hhi_pull_request_closed                      float64      3                  1.0                  1.0                  1.0                  1.0                  1.0                  1.0       0.0
proj_hhi_pull_request_review_comment              float64      4                0.625                  0.5                  0.5                  0.5                0.625                  1.0      0.25
proj_prob_hhi_discussion_comment                  float64     10             0.689635             0.552707             0.600143             0.666667             0.693651                  1.0  0.136341
proj_prob_hhi_pull_request_comment                float64     10             0.821369             0.642857             0.703125             0.816667             0.958333                  1.0  0.139556
proj_prob_hhi_issue_comment                       float64      9             0.631556             0.549603             0.577912             0.595238             0.666667             0.857143  0.095985
proj_prob_hhi_pull_request_review                 float64      5             0.699524             0.457143             0.457143             0.583333                  1.0                  1.0  0.279092
proj_prob_hhi_pull_request_review_comment         float64      4                0.625                  0.5                  0.5                  0.5                0.625                  1.0      0.25
num_active_members                                  Int64     10                  3.5                  1.0                 2.25                  3.0                 4.75                  7.0  1.779513

