File: drive/output/derived/org_outcomes_practices/repo_collaboration/important_degree_top3/rolling5/flake8-implicit-str-concat___flake8-implicit-str-concat.parquet

MD5 hash: b183aac08e122ad3bc10016ebda12903

Keys: time_period 

                                                     type  count                 mean                  min                  25%                  50%                  75%                  max       std
time_period                                datetime64[ns]      9  2022-05-01 16:00:00  2019-07-01 00:00:00  2021-07-01 00:00:00  2022-07-01 00:00:00  2023-07-01 00:00:00  2024-07-01 00:00:00          
avg_members_per_problem                           float64      9             1.827573             1.409091             1.666667             1.777778             2.153846             2.210526  0.293549
pct_members_multiple                              float64      9             0.714635             0.363636             0.666667             0.777778             0.842105             0.884615  0.171105
proj_hhi_discussion_comment                       float64      9             0.459882             0.357331             0.365466             0.455939             0.478395             0.647059  0.093536
proj_hhi_issue_closed                             float64      8                  1.0                  1.0                  1.0                  1.0                  1.0                  1.0       0.0
proj_hhi_issue_comment                            float64      9              0.51734             0.392485              0.41399             0.555556             0.555556             0.666667  0.092506
proj_hhi_issue_opened                             float64      9             0.895448             0.666667             0.805556                  1.0                  1.0                  1.0  0.130479
proj_hhi_pull_request_comment                     float64      9             0.542024                 0.42             0.470833             0.541667              0.55839              0.78022  0.108483
proj_hhi_pull_request_merged                      float64      9             0.845612                  0.6                 0.76             0.866667                  1.0                  1.0  0.148267
proj_hhi_pull_request_opened                      float64      9             0.566079             0.404959             0.532468                 0.56             0.611765             0.727273  0.098703
proj_hhi_pull_request_review_comment              float64      8             0.494331              0.39229              0.39229             0.555556             0.555556             0.555556  0.084498
proj_hhi_pull_request_review                      float64      8             0.591775                 0.43             0.489744             0.529281             0.603889                  1.0  0.186876
proj_prob_hhi_discussion_comment                  float64      9             0.606857             0.479533             0.499283             0.632184             0.637037                  0.8  0.103332
proj_prob_hhi_issue_comment                       float64      9             0.614746             0.481738             0.493627             0.652778             0.652778                 0.75  0.099555
proj_prob_hhi_pull_request_comment                float64      9             0.668343             0.642857             0.647619                 0.65              0.65625             0.815385  0.055489
proj_prob_hhi_pull_request_review_comment         float64      8             0.512018             0.439456             0.439456             0.555556             0.555556             0.555556  0.060087
proj_prob_hhi_pull_request_review                 float64      8             0.909813             0.846154             0.866667             0.891176               0.9375                  1.0   0.05969
num_active_members                                  Int64      9             3.444444                  3.0                  3.0                  3.0                  4.0                  5.0  0.726483

