File: drive/output/derived/org_outcomes_practices/repo_collaboration/important_degree_top3/rolling5/fox-it___dissect.volume.parquet

MD5 hash: cf51fa73202ec961b203395473e18a88

Keys: time_period 

                                                     type  count                 mean                  min                  25%                  50%                  75%                  max       std
time_period                                datetime64[ns]      6  2023-10-01 08:00:00  2022-07-01 00:00:00  2023-02-15 06:00:00  2023-10-01 00:00:00  2024-05-16 12:00:00  2025-01-01 00:00:00          
avg_members_per_problem                           float64      6             1.238408             1.166667             1.177807              1.20202             1.262452             1.407407  0.092099
pct_members_multiple                              float64      6             0.238408             0.166667             0.177807              0.20202             0.262452             0.407407  0.092099
proj_hhi_discussion_comment                       float64      6             0.768401             0.630102              0.65467             0.663228             0.917328                  1.0  0.179846
proj_hhi_pull_request_comment                     float64      6             0.854631             0.753086              0.78836              0.79317             0.949495                  1.0  0.113639
proj_hhi_pull_request_merged                      float64      6             0.692032                  0.6             0.680833              0.69246             0.720851                 0.76  0.054117
proj_hhi_pull_request_opened                      float64      6             0.739868             0.630303             0.731863             0.764059             0.772333             0.784568  0.057742
proj_hhi_pull_request_review                      float64      6             0.925162             0.751833             0.849354                  1.0                  1.0                  1.0    0.1169
proj_hhi_pull_request_review_comment              float64      4             0.898783             0.791909             0.800396             0.901612                  1.0                  1.0  0.116966
proj_hhi_issue_opened                             float64      3                  1.0                  1.0                  1.0                  1.0                  1.0                  1.0       0.0
proj_hhi_issue_closed                             float64      2                  1.0                  1.0                  1.0                  1.0                  1.0                  1.0       0.0
proj_prob_hhi_discussion_comment                  float64      6             0.821901             0.703588              0.72959             0.750322             0.940954                  1.0  0.139299
proj_prob_hhi_pull_request_comment                float64      6              0.91823             0.861111             0.880952             0.883658             0.971591                  1.0  0.063922
proj_prob_hhi_pull_request_review                 float64      6             0.932903             0.797281             0.850102                  1.0                  1.0                  1.0   0.10395
proj_prob_hhi_pull_request_review_comment         float64      4              0.90241             0.798925             0.807768             0.905358                  1.0                  1.0   0.11279
num_active_members                                  Int64      6             3.333333                  3.0                  3.0                  3.0                 3.75                  4.0  0.516398

