File: drive/output/derived/org_outcomes_practices/repo_collaboration/important_degree_top3/rolling5/fox-it___dissect.hypervisor.parquet

MD5 hash: 0eb43f4f76c2b381dc37fde15d4147d0

Keys: time_period 

                                                     type  count                 mean                  min                  25%                  50%                  75%                  max       std
time_period                                datetime64[ns]      6  2023-10-01 08:00:00  2022-07-01 00:00:00  2023-02-15 06:00:00  2023-10-01 00:00:00  2024-05-16 12:00:00  2025-01-01 00:00:00          
avg_members_per_problem                           float64      6             1.381391             1.230769             1.338235             1.372123             1.457826                  1.5  0.099695
pct_members_multiple                              float64      6             0.381391             0.230769             0.338235             0.372123             0.457826                  0.5  0.099695
proj_hhi_discussion_comment                       float64      6             0.440827             0.351474             0.418196              0.44812              0.46699             0.515746  0.056064
proj_hhi_pull_request_comment                     float64      6             0.872109                0.775             0.811659             0.878005             0.903577                  1.0   0.08197
proj_hhi_pull_request_merged                      float64      6             0.556211                 0.44             0.501667              0.57193             0.580236             0.692157  0.088285
proj_hhi_pull_request_opened                      float64      6              0.58592                  0.5             0.533267             0.610041             0.633333             0.646667  0.064908
proj_hhi_pull_request_review                      float64      6             0.581153             0.502222             0.580384             0.582884             0.607735             0.623362  0.042876
proj_hhi_pull_request_review_comment              float64      6             0.626938             0.507812             0.627964              0.63414              0.63414              0.72549  0.069369
proj_hhi_issue_closed                             float64      4                  1.0                  1.0                  1.0                  1.0                  1.0                  1.0       0.0
proj_hhi_issue_comment                            float64      4                  1.0                  1.0                  1.0                  1.0                  1.0                  1.0       0.0
proj_hhi_issue_opened                             float64      4                  1.0                  1.0                  1.0                  1.0                  1.0                  1.0       0.0
proj_hhi_pull_request_closed                      float64      2                  1.0                  1.0                  1.0                  1.0                  1.0                  1.0       0.0
proj_prob_hhi_discussion_comment                  float64      6             0.686341                0.625             0.676625             0.692184             0.711511             0.719283  0.034768
proj_prob_hhi_pull_request_comment                float64      6              0.90991             0.818182             0.855769             0.930288             0.944901                  1.0  0.070331
proj_prob_hhi_pull_request_review                 float64      6             0.674178             0.533333             0.665455             0.689444             0.709338              0.75942  0.076714
proj_prob_hhi_pull_request_review_comment         float64      6             0.660793             0.507812             0.642742             0.642742             0.686637             0.827451  0.103724
proj_prob_hhi_issue_comment                       float64      4                  1.0                  1.0                  1.0                  1.0                  1.0                  1.0       0.0
num_active_members                                  Int64      6             3.666667                  3.0                  3.0                  3.5                  4.0                  5.0  0.816497

