File: drive/output/derived/org_outcomes_practices/repo_collaboration/important_degree_top3/rolling5/francof2a___fxpmath.parquet

MD5 hash: c339495ade323ab7e21be21f3762469f

Keys: time_period 

                                              type  count                 mean                  min                  25%                  50%                  75%                  max       std
time_period                         datetime64[ns]      8  2021-11-15 12:00:00  2020-01-01 00:00:00  2020-11-16 00:00:00  2021-10-01 00:00:00  2022-09-30 06:00:00  2024-01-01 00:00:00          
avg_members_per_problem                    float64      8             1.679491             1.571429                 1.65             1.686291             1.731352             1.754386  0.065767
pct_members_multiple                       float64      8             0.619304                 0.55             0.580357             0.625874             0.656013             0.684211   0.04741
proj_hhi_discussion_comment                float64      8             0.514668                 0.38             0.511438             0.537109             0.542273             0.554257  0.056735
proj_hhi_issue_closed                      float64      8             0.772395             0.597222             0.631071             0.747435             0.920594                  1.0  0.158533
proj_hhi_issue_comment                     float64      8             0.524663             0.432099             0.529908             0.536851             0.543837             0.554257  0.039487
proj_hhi_issue_opened                      float64      8             0.453031             0.211618             0.308903             0.382623             0.587973                 0.85   0.21513
proj_hhi_pull_request_closed               float64      6                  1.0                  1.0                  1.0                  1.0                  1.0                  1.0       0.0
proj_hhi_pull_request_comment              float64      7             0.946429                0.625                  1.0                  1.0                  1.0                  1.0  0.141737
proj_hhi_pull_request_merged               float64      8                  1.0                  1.0                  1.0                  1.0                  1.0                  1.0       0.0
proj_hhi_pull_request_opened               float64      8             0.700198                  0.5                  0.5             0.722222             0.814286                  1.0  0.189682
proj_hhi_pull_request_review               float64      1                  1.0                  1.0                  1.0                  1.0                  1.0                  1.0          
proj_prob_hhi_discussion_comment           float64      8             0.677945             0.626667             0.674672              0.67813             0.684129             0.717886  0.025746
proj_prob_hhi_issue_comment                float64      8             0.666602             0.585185             0.667493             0.670139              0.67839             0.703419  0.036317
proj_prob_hhi_pull_request_comment         float64      7             0.946429                0.625                  1.0                  1.0                  1.0                  1.0  0.141737
proj_prob_hhi_pull_request_review          float64      1                  1.0                  1.0                  1.0                  1.0                  1.0                  1.0          
num_active_members                           Int64      8                  5.5                  3.0                  3.0                  4.0                  8.0                 11.0  3.070598

