File: drive/output/derived/org_outcomes_practices/repo_collaboration/important_degree_top3/rolling5/frictionlessdata___tabulator-py.parquet

MD5 hash: 013ae338a8f6706b5dd1644cb03a3f9c

Keys: time_period 

                                                     type  count                 mean                  min                  25%                  50%                  75%                  max       std
time_period                                datetime64[ns]     12  2018-04-01 12:00:00  2015-07-01 00:00:00  2016-11-16 00:00:00  2018-04-01 12:00:00  2019-08-16 00:00:00  2021-01-01 00:00:00          
avg_members_per_problem                           float64     12             1.423307             1.295238             1.329213             1.374068             1.493387             1.722222  0.132084
pct_members_multiple                              float64     12             0.335473             0.247619             0.287256             0.304211             0.383368                  0.5  0.074722
proj_hhi_discussion_comment                       float64     12             0.484559             0.365617             0.429428             0.477788              0.55817             0.586396  0.081532
proj_hhi_issue_closed                             float64     12              0.93374               0.8496             0.924179             0.945469             0.955277             0.978261  0.039563
proj_hhi_issue_comment                            float64     12              0.57187               0.4463             0.490188             0.541042             0.655693             0.766414  0.107221
proj_hhi_issue_opened                             float64     12             0.633659             0.465876             0.600264             0.643786             0.669321             0.812127   0.09646
proj_hhi_pull_request_merged                      float64     12                  1.0                  1.0                  1.0                  1.0                  1.0                  1.0       0.0
proj_hhi_pull_request_opened                      float64     12             0.743284             0.377778             0.676875             0.778016             0.796505                  1.0  0.151488
proj_hhi_pull_request_closed                      float64     11                  1.0                  1.0                  1.0                  1.0                  1.0                  1.0       0.0
proj_hhi_pull_request_comment                     float64     11              0.46532                0.324               0.4025             0.415531             0.515053             0.644541  0.103361
proj_hhi_pull_request_review_comment              float64     11             0.526795             0.291429             0.404427             0.564916             0.666063             0.733333  0.163056
proj_hhi_pull_request_review                      float64      2                  1.0                  1.0                  1.0                  1.0                  1.0                  1.0       0.0
proj_prob_hhi_discussion_comment                  float64     12             0.668269             0.464715             0.627038             0.674689             0.744081             0.770144  0.090488
proj_prob_hhi_issue_comment                       float64     12             0.732362             0.596661             0.642754             0.734563             0.814175              0.88125  0.094882
proj_prob_hhi_pull_request_comment                float64     11             0.633844             0.384732             0.566656             0.636151             0.713579             0.774256  0.112985
proj_prob_hhi_pull_request_review_comment         float64     11              0.67011             0.294643             0.475982             0.743612             0.898551                  1.0  0.253056
proj_prob_hhi_pull_request_review                 float64      2                  1.0                  1.0                  1.0                  1.0                  1.0                  1.0       0.0
num_active_members                                  Int64     12             3.666667                  3.0                  3.0                  3.0                  4.0                  7.0  1.154701

