File: drive/output/derived/org_outcomes_practices/repo_collaboration/important_degree_top3/rolling5/gmrukwa___divik.parquet

MD5 hash: 602a81ff33c9840ca4c0207e10d84a06

Keys: time_period 

                                                     type  count                 mean                  min                  25%                  50%                  75%                  max       std
time_period                                datetime64[ns]      6  2021-11-30 20:00:00  2020-01-01 00:00:00  2020-09-30 06:00:00  2021-10-01 00:00:00  2022-10-01 18:00:00  2024-07-01 00:00:00          
avg_members_per_problem                           float64      6             1.093824                  1.0                  1.0             1.010638             1.036569                  1.5  0.199685
pct_members_multiple                              float64      6             0.093824                  0.0                  0.0             0.010638             0.036569                  0.5  0.199685
proj_hhi_discussion_comment                       float64      6             0.887443             0.653501             0.885796             0.922989             0.962782             0.975734  0.120858
proj_hhi_pull_request_comment                     float64      6             0.850923             0.606481             0.818582             0.893165             0.946937             0.954145  0.133401
proj_hhi_pull_request_merged                      float64      6                  1.0                  1.0                  1.0                  1.0                  1.0                  1.0       0.0
proj_hhi_pull_request_opened                      float64      6             0.953874             0.905138             0.908104             0.955473                  1.0                  1.0  0.050563
proj_hhi_pull_request_review_comment              float64      6                  1.0                  1.0                  1.0                  1.0                  1.0                  1.0       0.0
proj_hhi_pull_request_review                      float64      5                  1.0                  1.0                  1.0                  1.0                  1.0                  1.0       0.0
proj_hhi_issue_comment                            float64      3             0.611111                  0.5             0.583333             0.666667             0.666667             0.666667  0.096225
proj_hhi_issue_opened                             float64      3                  1.0                  1.0                  1.0                  1.0                  1.0                  1.0       0.0
proj_hhi_issue_closed                             float64      2                  1.0                  1.0                  1.0                  1.0                  1.0                  1.0       0.0
proj_hhi_pull_request_closed                      float64      2                  1.0                  1.0                  1.0                  1.0                  1.0                  1.0       0.0
proj_prob_hhi_discussion_comment                  float64      6             0.917119             0.702463             0.894706             0.958459             0.997024                  1.0  0.115006
proj_prob_hhi_pull_request_comment                float64      6             0.888753                0.625             0.829657              0.95098                  1.0                  1.0  0.150857
proj_prob_hhi_pull_request_review_comment         float64      6                  1.0                  1.0                  1.0                  1.0                  1.0                  1.0       0.0
proj_prob_hhi_pull_request_review                 float64      5                  1.0                  1.0                  1.0                  1.0                  1.0                  1.0       0.0
proj_prob_hhi_issue_comment                       float64      3             0.537037                  0.5             0.527778             0.555556             0.555556             0.555556  0.032075
num_active_members                                  Int64      6             2.666667                  1.0                  3.0                  3.0                  3.0                  3.0  0.816497

