File: drive/output/derived/org_outcomes_practices/repo_collaboration/important_degree_top3/rolling5/googleapis___google-cloud-datastore.parquet

MD5 hash: 89a3c52448b8b6eedd465a3e6be46e9e

Keys: time_period 

                                                     type  count                 mean                  min                  25%                  50%                  75%                  max       std
time_period                                datetime64[ns]     18  2019-05-02 06:40:00  2015-01-01 00:00:00  2017-02-15 06:00:00  2019-04-01 12:00:00  2021-05-16 18:00:00  2025-01-01 00:00:00          
avg_members_per_problem                           float64     18             1.532773             1.255319             1.429762             1.477273             1.631749             2.056604  0.191951
pct_members_multiple                              float64     18             0.308121             0.186047             0.218197             0.326119             0.363387                  0.5  0.091016
proj_hhi_discussion_comment                       float64     18              0.43103             0.238046             0.319386             0.392374             0.522199                  1.0  0.174996
proj_hhi_issue_closed                             float64     18             0.836565             0.537815             0.747988             0.875418             0.933449                  1.0  0.148003
proj_hhi_issue_comment                            float64     18             0.455452             0.239018             0.312624              0.38387             0.494469                  1.0  0.220038
proj_hhi_issue_opened                             float64     18             0.657839             0.348958             0.440972                  0.7             0.770833                  1.0  0.237077
proj_hhi_pull_request_merged                      float64     17             0.758951                  0.5             0.695614                 0.75             0.888889                  1.0  0.155243
proj_hhi_pull_request_comment                     float64     17             0.583589             0.291667             0.416667                  0.6             0.666667                  1.0  0.167612
proj_hhi_pull_request_opened                      float64     17             0.724214              0.47619              0.64381             0.745578             0.777311                  1.0  0.128145
proj_hhi_pull_request_review_comment              float64     16              0.77172             0.575569             0.623869             0.659091                  1.0                  1.0  0.179426
proj_hhi_pull_request_closed                      float64     15             0.877778                  0.5             0.666667                  1.0                  1.0                  1.0  0.183297
proj_hhi_pull_request_review                      float64      5                  1.0                  1.0                  1.0                  1.0                  1.0                  1.0       0.0
proj_prob_hhi_discussion_comment                  float64     18             0.699191             0.468005             0.614941             0.706944             0.772786                  1.0  0.124988
proj_prob_hhi_issue_comment                       float64     18             0.672876             0.422487             0.559847             0.652055             0.733289                  1.0  0.160946
proj_prob_hhi_pull_request_comment                float64     17             0.805952             0.533333             0.666667                 0.75                  1.0                  1.0  0.162709
proj_prob_hhi_pull_request_review_comment         float64     16             0.890797              0.62963             0.836759              0.89304                  1.0                  1.0  0.109512
proj_prob_hhi_pull_request_review                 float64      5                  1.0                  1.0                  1.0                  1.0                  1.0                  1.0       0.0
num_active_members                                  Int64     18             6.111111                  2.0                  3.0                  4.0                  6.0                 23.0  5.356567

