File: drive/output/derived/org_outcomes_practices/repo_collaboration/important_degree_top3/rolling5/google___neuroglancer.parquet

MD5 hash: 33cb270108a0ff691c2a163eeb78173c

Keys: time_period 

                                                     type  count                           mean                  min                  25%                  50%                  75%                  max       std
time_period                                datetime64[ns]     19  2020-07-01 08:50:31.578947328  2016-01-01 00:00:00  2018-04-01 12:00:00  2020-07-01 00:00:00  2022-10-01 00:00:00  2025-01-01 00:00:00          
avg_members_per_problem                           float64     19                       1.353218             1.172727             1.220736             1.271739             1.362279                  2.0  0.238218
pct_members_multiple                              float64     19                       0.334385             0.163636             0.209109              0.26087             0.322418                  1.0  0.242185
proj_hhi_discussion_comment                       float64     19                       0.570256             0.290123             0.540719             0.600781             0.627401             0.730959  0.107209
proj_hhi_pull_request_closed                      float64     19                       0.887363             0.666667             0.821429                  0.9                  1.0                  1.0  0.107008
proj_hhi_pull_request_comment                     float64     19                        0.48364             0.271111             0.454545             0.467054             0.541936             0.626755  0.093422
proj_hhi_pull_request_merged                      float64     19                            1.0                  1.0                  1.0                  1.0                  1.0                  1.0       0.0
proj_hhi_pull_request_opened                      float64     19                       0.633243                  0.5             0.577778              0.64411             0.696008             0.761905  0.085598
proj_hhi_pull_request_review_comment              float64     19                       0.891194             0.742177             0.805103             0.917884             0.964006                  1.0  0.089308
proj_hhi_issue_closed                             float64     18                       0.803358             0.557217             0.700366             0.845459             0.875025                  1.0  0.126991
proj_hhi_issue_comment                            float64     18                       0.580484             0.443239             0.532299             0.587819             0.622314             0.808824  0.084927
proj_hhi_issue_opened                             float64     18                       0.477023                 0.25              0.40468             0.458333             0.549308             0.681818  0.110119
proj_hhi_pull_request_review                      float64      9                       0.787296             0.715583             0.755593             0.770969             0.816652             0.880489  0.057117
proj_prob_hhi_discussion_comment                  float64     19                       0.735562             0.459259             0.723866             0.754788             0.790497             0.833889  0.096503
proj_prob_hhi_pull_request_comment                float64     19                       0.687623             0.426316             0.643973             0.699485             0.760101             0.829855  0.107685
proj_prob_hhi_pull_request_review_comment         float64     19                       0.923459             0.811666             0.864387             0.944654             0.974324                  1.0  0.061969
proj_prob_hhi_issue_comment                       float64     18                       0.733655             0.675895             0.693295             0.724335             0.756957             0.862745  0.049669
proj_prob_hhi_pull_request_review                 float64      9                       0.858947                 0.78             0.821464              0.85215             0.896917             0.952688   0.05482
num_active_members                                  Int64     19                       4.473684                  3.0                  3.0                  4.0                  5.0                 12.0  2.318247

