File: drive/output/derived/org_outcomes_practices/repo_collaboration/important_degree_top3/rolling5/h5py___h5py.parquet

MD5 hash: da668b816e3adeb5ec3f3308a7ec82b4

Keys: time_period 

                                                     type  count                           mean                  min                  25%                  50%                  75%                  max       std
time_period                                datetime64[ns]     21  2019-12-31 17:08:34.285714176  2015-01-01 00:00:00  2017-07-01 00:00:00  2020-01-01 00:00:00  2022-07-01 00:00:00  2025-01-01 00:00:00          
avg_members_per_problem                           float64     21                       1.369775                 1.15             1.339726             1.386334             1.424936             1.532895  0.097231
pct_members_multiple                              float64     21                       0.325186             0.141667             0.317808             0.344284             0.378531             0.423246   0.07693
proj_hhi_discussion_comment                       float64     21                        0.48563             0.387044             0.440861             0.474897             0.499551              0.65969  0.074882
proj_hhi_issue_closed                             float64     21                        0.64272             0.465017             0.496814             0.601769             0.695054                  1.0  0.180249
proj_hhi_issue_comment                            float64     21                       0.494515             0.365447             0.439338             0.493079              0.56819             0.612203  0.073691
proj_hhi_issue_opened                             float64     21                       0.760343             0.591837             0.714286             0.761905              0.81746             0.921409  0.079133
proj_hhi_pull_request_closed                      float64     21                       0.746793             0.541093             0.697012             0.748221             0.771709                  1.0  0.130346
proj_hhi_pull_request_comment                     float64     21                       0.519355             0.392082             0.430096             0.466489             0.496386             0.928705  0.151109
proj_hhi_pull_request_merged                      float64     21                       0.669719             0.499974             0.555346             0.641134             0.708164                  1.0  0.160318
proj_hhi_pull_request_opened                      float64     21                       0.746052             0.597989             0.684579             0.729997               0.7763                  1.0  0.102806
proj_hhi_pull_request_review_comment              float64     21                       0.602194             0.425424             0.526188             0.612692             0.668209             0.781818  0.083671
proj_hhi_pull_request_review                      float64     10                       0.508333             0.450586             0.466922             0.491705             0.520148                 0.68  0.066388
proj_prob_hhi_discussion_comment                  float64     21                       0.737284             0.669794             0.692002             0.721339             0.763385             0.862836  0.056963
proj_prob_hhi_issue_comment                       float64     21                       0.772848             0.712752             0.742211             0.781296             0.808222             0.838302  0.038943
proj_prob_hhi_pull_request_comment                float64     21                       0.706209             0.580999             0.610298             0.718203             0.738999             0.952991   0.10917
proj_prob_hhi_pull_request_review_comment         float64     21                       0.832001                  0.6             0.804313             0.839084             0.872727             0.933333  0.069623
proj_prob_hhi_pull_request_review                 float64     10                       0.851623             0.811577             0.828954             0.848826             0.877369             0.901667  0.031202
num_active_members                                  Int64     21                       3.142857                  3.0                  3.0                  3.0                  3.0                  4.0  0.358569

