File: drive/output/derived/org_outcomes_practices/repo_collaboration/important_degree_top3/rolling5/hackingmaterials___matminer.parquet

MD5 hash: 22b5e38ebe78a941bfcc6786918d48dd

Keys: time_period 

                                                     type  count                           mean                  min                  25%                  50%                  75%                  max       std
time_period                                datetime64[ns]     17  2020-07-01 07:03:31.764705792  2016-07-01 00:00:00  2018-07-01 00:00:00  2020-07-01 00:00:00  2022-07-01 00:00:00  2024-07-01 00:00:00          
avg_members_per_problem                           float64     17                       1.459701             1.163934              1.22093                  1.5             1.575758             1.944444  0.229851
pct_members_multiple                              float64     17                       0.385971             0.141304             0.180233             0.457447             0.504132             0.722222  0.178862
proj_hhi_discussion_comment                       float64     17                       0.433963             0.367028             0.399605             0.426469             0.452821              0.51398   0.04669
proj_hhi_issue_closed                             float64     17                       0.871795             0.604722             0.779762             0.909091                 0.95                  1.0  0.112861
proj_hhi_issue_comment                            float64     17                       0.501495             0.394315             0.439305             0.472727             0.504543                  1.0  0.136819
proj_hhi_issue_opened                             float64     17                       0.606231             0.466667             0.506667             0.560133              0.64799                  1.0  0.143188
proj_hhi_pull_request_comment                     float64     17                       0.438696             0.379793             0.416086             0.431997             0.471944             0.489405  0.033687
proj_hhi_pull_request_merged                      float64     17                       0.787468             0.531138             0.730647             0.819178             0.858974             0.972789  0.122967
proj_hhi_pull_request_opened                      float64     17                       0.547659              0.31746             0.494958             0.554167             0.612782             0.698639  0.099232
proj_hhi_pull_request_closed                      float64     16                       0.829402             0.607143             0.678733             0.845238                  1.0                  1.0   0.15403
proj_hhi_pull_request_review_comment              float64     13                       0.643747             0.460382             0.509655              0.53125             0.773157                  1.0  0.195547
proj_hhi_pull_request_review                      float64      8                       0.900415             0.536657             0.916667                  1.0                  1.0                  1.0   0.18764
proj_prob_hhi_discussion_comment                  float64     17                       0.650727             0.511111             0.615041             0.645977             0.694794             0.744526   0.06561
proj_prob_hhi_issue_comment                       float64     17                       0.701353             0.613475             0.664103             0.687258              0.70584                  1.0  0.084291
proj_prob_hhi_pull_request_comment                float64     17                        0.63725             0.491556             0.596152              0.62016             0.692029             0.752143  0.071897
proj_prob_hhi_pull_request_review_comment         float64     13                       0.810123              0.53125             0.771921              0.78454             0.883721                  1.0    0.1437
proj_prob_hhi_pull_request_review                 float64      8                       0.926747             0.680645             0.933333                  1.0                  1.0                  1.0  0.136367
num_active_members                                  Int64     17                       4.058824                  3.0                  3.0                  4.0                  4.0                  7.0  1.297622

