File: drive/output/derived/org_outcomes_practices/repo_collaboration/important_degree_top3/rolling5/henols___firestarter_app.parquet

MD5 hash: a3846e570e0df58a89017a9aa963dcd4

Keys: time_period 

                                                     type  count                 mean                  min                  25%                  50%                  75%                  max       std
time_period                                datetime64[ns]      2  2024-10-01 00:00:00  2024-07-01 00:00:00  2024-08-16 00:00:00  2024-10-01 00:00:00  2024-11-16 00:00:00  2025-01-01 00:00:00          
avg_members_per_problem                           float64      2             1.541667             1.416667             1.479167             1.541667             1.604167             1.666667  0.176777
pct_members_multiple                              float64      2             0.479167                0.375             0.427083             0.479167              0.53125             0.583333  0.147314
proj_hhi_discussion_comment                       float64      2             0.479652             0.466865             0.473258             0.479652             0.486046             0.492439  0.018084
proj_hhi_issue_closed                             float64      2             0.611111             0.555556             0.583333             0.611111             0.638889             0.666667  0.078567
proj_hhi_issue_comment                            float64      2             0.521128             0.492439             0.506783             0.521128             0.535472             0.549816  0.040572
proj_hhi_issue_opened                             float64      2             0.705357                0.625             0.665179             0.705357             0.745536             0.785714  0.113642
proj_hhi_pull_request_merged                      float64      2                  1.0                  1.0                  1.0                  1.0                  1.0                  1.0       0.0
proj_hhi_pull_request_opened                      float64      2             0.694444             0.555556                0.625             0.694444             0.763889             0.833333  0.196419
proj_hhi_pull_request_review                      float64      2                  1.0                  1.0                  1.0                  1.0                  1.0                  1.0       0.0
proj_hhi_pull_request_comment                     float64      1              0.53125              0.53125              0.53125              0.53125              0.53125              0.53125          
proj_hhi_pull_request_review_comment              float64      1                  1.0                  1.0                  1.0                  1.0                  1.0                  1.0          
proj_prob_hhi_discussion_comment                  float64      2             0.624368             0.579353             0.601861             0.624368             0.646876             0.669383  0.063661
proj_prob_hhi_issue_comment                       float64      2             0.625788             0.579353              0.60257             0.625788             0.649005             0.672222  0.065668
proj_prob_hhi_pull_request_review                 float64      2                  1.0                  1.0                  1.0                  1.0                  1.0                  1.0       0.0
proj_prob_hhi_pull_request_comment                float64      1              0.53125              0.53125              0.53125              0.53125              0.53125              0.53125          
proj_prob_hhi_pull_request_review_comment         float64      1                  1.0                  1.0                  1.0                  1.0                  1.0                  1.0          
num_active_members                                  Int64      2                  3.0                  3.0                  3.0                  3.0                  3.0                  3.0       0.0

