File: drive/output/derived/org_outcomes_practices/repo_collaboration/important_degree_top3/rolling5/hgrecco___pint.parquet

MD5 hash: 449dadb937f45b7c06eba1cb2f0cf148

Keys: time_period 

                                                     type  count                           mean                  min                  25%                  50%                  75%                  max       std
time_period                                datetime64[ns]     21  2019-12-31 17:08:34.285714176  2015-01-01 00:00:00  2017-07-01 00:00:00  2020-01-01 00:00:00  2022-07-01 00:00:00  2025-01-01 00:00:00          
avg_members_per_problem                           float64     21                       1.305156              1.10514              1.23384             1.322368             1.384181             1.463158  0.097156
pct_members_multiple                              float64     21                       0.254514             0.095794             0.200893             0.268041             0.316667             0.372632   0.07752
proj_hhi_discussion_comment                       float64     21                        0.54459             0.384157             0.464331             0.484884             0.658032             0.732603  0.110558
proj_hhi_issue_closed                             float64     21                       0.885714             0.597083             0.837465             0.916824             0.975309                  1.0  0.107112
proj_hhi_issue_comment                            float64     21                       0.570226             0.388009             0.509918             0.559444             0.670369             0.694589  0.096009
proj_hhi_issue_opened                             float64     21                        0.46654             0.388158             0.425402             0.439161                 0.48             0.764706  0.082734
proj_hhi_pull_request_closed                      float64     21                       0.790414             0.583333              0.69246             0.751603             0.866667                  1.0  0.133193
proj_hhi_pull_request_comment                     float64     21                       0.560889             0.391982             0.416094             0.519442              0.62914             0.864777  0.149518
proj_hhi_pull_request_merged                      float64     21                       0.880622             0.644899             0.732443                  1.0                  1.0                  1.0   0.14598
proj_hhi_pull_request_opened                      float64     21                       0.555569             0.436073             0.446286             0.563889             0.623016             0.841135  0.117373
proj_hhi_pull_request_review_comment              float64     20                       0.660559             0.413878             0.478141             0.535334                  1.0                  1.0  0.242844
proj_hhi_pull_request_review                      float64     10                        0.59387             0.428302             0.459251             0.498465             0.701838                  1.0  0.196262
proj_prob_hhi_discussion_comment                  float64     21                       0.767542             0.687824             0.711196             0.756937             0.819122             0.862115  0.059966
proj_prob_hhi_issue_comment                       float64     21                       0.799397             0.712682             0.755487              0.80122             0.821486             0.923535  0.050254
proj_prob_hhi_pull_request_comment                float64     21                       0.740539             0.636161             0.674315             0.708393             0.789683             0.919761  0.090626
proj_prob_hhi_pull_request_review_comment         float64     20                       0.796506                0.604             0.664169             0.734828                  1.0                  1.0    0.1598
proj_prob_hhi_pull_request_review                 float64     10                       0.795302             0.688956             0.697096             0.731143             0.877778                  1.0   0.12639
num_active_members                                  Int64     21                       3.714286                  3.0                  3.0                  3.0                  3.0                  8.0  1.553797

