File: drive/output/derived/org_outcomes_practices/repo_collaboration/important_degree_top3/rolling5/hochfrequenz___python-generics.parquet

MD5 hash: b7f57ca6b7e14ec2458a0be0c2cf996e

Keys: time_period 

                                                     type  count                 mean                  min                  25%                  50%                  75%                  max       std
time_period                                datetime64[ns]      3  2023-12-31 08:00:00  2023-07-01 00:00:00  2023-10-01 00:00:00  2024-01-01 00:00:00  2024-04-01 00:00:00  2024-07-01 00:00:00          
avg_members_per_problem                           float64      3               1.2875               1.1875              1.24375                  1.3               1.3375                1.375  0.094373
pct_members_multiple                              float64      3             0.256944               0.1875              0.21875                 0.25             0.291667             0.333333  0.073164
proj_hhi_discussion_comment                       float64      3             0.403281                0.375             0.393382             0.411765             0.417421             0.423077  0.025136
proj_hhi_issue_comment                            float64      3             0.916667                 0.75                0.875                  1.0                  1.0                  1.0  0.144338
proj_hhi_issue_opened                             float64      3                  1.0                  1.0                  1.0                  1.0                  1.0                  1.0       0.0
proj_hhi_pull_request_closed                      float64      3                  1.0                  1.0                  1.0                  1.0                  1.0                  1.0       0.0
proj_hhi_pull_request_comment                     float64      3             0.388889                0.375                0.375                0.375             0.395833             0.416667  0.024056
proj_hhi_pull_request_merged                      float64      3             0.685781                  0.5             0.626959             0.753918             0.778672             0.803425  0.162784
proj_hhi_pull_request_opened                      float64      3             0.740877              0.66821             0.712861             0.757513              0.77721             0.796907  0.065942
proj_hhi_pull_request_review                      float64      3             0.768497             0.526627             0.704075             0.881523             0.889432              0.89734  0.209614
proj_hhi_pull_request_review_comment              float64      3             0.510204             0.510204             0.510204             0.510204             0.510204             0.510204       0.0
proj_hhi_issue_closed                             float64      2                  1.0                  1.0                  1.0                  1.0                  1.0                  1.0       0.0
proj_prob_hhi_discussion_comment                  float64      3             0.752137             0.714286             0.738095             0.761905             0.771062              0.78022  0.034035
proj_prob_hhi_issue_comment                       float64      3             0.916667                 0.75                0.875                  1.0                  1.0                  1.0  0.144338
proj_prob_hhi_pull_request_comment                float64      3             0.722222             0.666667             0.708333                 0.75                 0.75                 0.75  0.048113
proj_prob_hhi_pull_request_review                 float64      3             0.949237             0.876923              0.92905             0.981176             0.985393              0.98961  0.062767
proj_prob_hhi_pull_request_review_comment         float64      3             0.771429             0.771429             0.771429             0.771429             0.771429             0.771429       0.0
num_active_members                                  Int64      3             4.333333                  3.0                  4.0                  5.0                  5.0                  5.0  1.154701

