File: drive/output/derived/org_outcomes_practices/repo_collaboration/important_degree_top3/rolling5/jamespfennell___transiter.parquet

MD5 hash: e9536894dee314dccbb9fd40923ff87e

Keys: time_period 

                                                     type  count                 mean                  min                  25%                  50%                  75%                  max       std
time_period                                datetime64[ns]      3  2024-05-01 08:00:00  2023-07-01 00:00:00  2023-12-31 00:00:00  2024-07-01 00:00:00  2024-10-01 00:00:00  2025-01-01 00:00:00          
avg_members_per_problem                           float64      3             1.691504             1.586207             1.648367             1.710526             1.744152             1.777778  0.097192
pct_members_multiple                              float64      3             0.640243             0.551724             0.604809             0.657895             0.684503             0.711111  0.081146
proj_hhi_discussion_comment                       float64      3             0.493907             0.475039             0.485209             0.495379             0.503341             0.511303  0.018176
proj_hhi_issue_closed                             float64      3                  1.0                  1.0                  1.0                  1.0                  1.0                  1.0       0.0
proj_hhi_issue_comment                            float64      3             0.505602             0.470139             0.490625             0.511111             0.523333             0.535556  0.033054
proj_hhi_issue_opened                             float64      3             0.596785             0.561224              0.57585             0.590476             0.614566             0.638655  0.039099
proj_hhi_pull_request_closed                      float64      3                  1.0                  1.0                  1.0                  1.0                  1.0                  1.0       0.0
proj_hhi_pull_request_comment                     float64      3             0.512006             0.506115             0.509436             0.512757             0.514952             0.517147  0.005554
proj_hhi_pull_request_merged                      float64      3             0.633799              0.59127             0.622795             0.654321             0.655064             0.655806  0.036839
proj_hhi_pull_request_opened                      float64      3              0.71093             0.694664             0.698572             0.702479             0.719063             0.735646  0.021759
proj_hhi_pull_request_review                      float64      3             0.527475             0.514863             0.521538             0.528213              0.53378             0.539347  0.012259
proj_hhi_pull_request_review_comment              float64      3             0.507911               0.5072               0.5072               0.5072             0.508267             0.509333  0.001232
proj_prob_hhi_discussion_comment                  float64      3             0.569134             0.550178              0.55806             0.565943             0.578613             0.591283  0.020738
proj_prob_hhi_issue_comment                       float64      3             0.591803             0.546429             0.570205             0.593981             0.614491                0.635  0.044326
proj_prob_hhi_pull_request_comment                float64      3             0.573383             0.560847             0.562544             0.564241             0.579651             0.595062  0.018851
proj_prob_hhi_pull_request_review                 float64      3             0.683838             0.658772             0.675691              0.69261             0.696372             0.700133  0.022031
proj_prob_hhi_pull_request_review_comment         float64      3             0.542519             0.539869             0.541856             0.543843             0.543843             0.543843  0.002294
num_active_members                                  Int64      3             3.333333                  3.0                  3.0                  3.0                  3.5                  4.0   0.57735

