File: drive/output/derived/org_outcomes_practices/repo_collaboration/important_degree_top3/rolling5/jazzband___django-sortedm2m.parquet

MD5 hash: 2f71e58c2bed4311de3acbb4f63fe10c

Keys: time_period 

                                                     type  count                           mean                  min                  25%                  50%                  75%                  max       std
time_period                                datetime64[ns]     19  2019-07-21 07:34:44.210526208  2015-01-01 00:00:00  2017-04-01 12:00:00  2019-07-01 00:00:00  2021-10-01 00:00:00  2024-07-01 00:00:00          
avg_members_per_problem                           float64     19                       1.439932             1.142857             1.354839             1.469388             1.540509              1.62069  0.140923
pct_members_multiple                              float64     19                       0.316901             0.071429             0.259266             0.326087             0.407785             0.482759  0.117505
proj_hhi_discussion_comment                       float64     19                       0.528629             0.336571             0.365979             0.519283             0.644317             0.869203  0.167163
proj_hhi_issue_closed                             float64     18                       0.873318             0.666667             0.872464             0.880357             0.915278                  1.0   0.08845
proj_hhi_issue_comment                            float64     19                       0.487308             0.304549             0.372391             0.498553             0.615608             0.773438  0.142289
proj_hhi_issue_opened                             float64     19                       0.862907                  0.6                0.775                0.875                  1.0                  1.0   0.14053
proj_hhi_pull_request_comment                     float64     19                       0.616943              0.37641             0.471764             0.529789             0.771752                  1.0  0.209511
proj_hhi_pull_request_merged                      float64     19                       0.914669                 0.75              0.83527             0.888889                  1.0                  1.0  0.088994
proj_hhi_pull_request_review_comment              float64     19                       0.861947                  0.5             0.741667                  1.0                  1.0                  1.0  0.163266
proj_hhi_pull_request_closed                      float64     18                       0.952469             0.805556               0.9125                  1.0                  1.0                  1.0  0.080372
proj_hhi_pull_request_opened                      float64     17                        0.68231             0.555556             0.611111             0.666667             0.740196                0.875  0.100602
proj_hhi_pull_request_review                      float64      8                       0.490087                0.375             0.411932             0.509788             0.560556             0.590476  0.091081
proj_prob_hhi_discussion_comment                  float64     19                       0.711468             0.555229             0.632029              0.68018             0.785361             0.913793   0.09966
proj_prob_hhi_issue_comment                       float64     19                       0.645579             0.439847             0.566526             0.646875             0.728163              0.84375  0.110244
proj_prob_hhi_pull_request_comment                float64     19                       0.764795             0.626751             0.667935             0.739316             0.840466                  1.0  0.125937
proj_prob_hhi_pull_request_review_comment         float64     19                       0.952548             0.733333                  1.0                  1.0                  1.0                  1.0   0.09527
proj_prob_hhi_pull_request_review                 float64      8                       0.646065             0.541667              0.59375             0.666667             0.703704             0.733333  0.073804
num_active_members                                  Int64     19                       3.631579                  2.0                  3.0                  3.0                  4.0                  6.0   1.06513

