File: drive/output/derived/org_outcomes_practices/repo_collaboration/important_degree_top3/rolling5/jdoiro3___mkdocs-multirepo-plugin.parquet

MD5 hash: ffe8205f0c9ca5532fbfe0c02ce2ad66

Keys: time_period 

                                                     type  count                           mean                  min                  25%                  50%                  75%                  max       std
time_period                                datetime64[ns]      7  2023-07-02 03:25:42.857142784  2022-01-01 00:00:00  2022-10-01 00:00:00  2023-07-01 00:00:00  2024-04-01 00:00:00  2025-01-01 00:00:00          
avg_members_per_problem                           float64      7                       1.257914             1.196429             1.240943             1.255319              1.28282             1.306122  0.036708
pct_members_multiple                              float64      7                       0.217679             0.178571             0.198967             0.212766             0.234589             0.265306  0.030535
proj_hhi_discussion_comment                       float64      7                       0.510288             0.421143             0.467864             0.498497             0.537123               0.6424  0.074958
proj_hhi_issue_closed                             float64      7                       0.801137             0.727273             0.765306             0.803571             0.830393             0.885714  0.053817
proj_hhi_issue_comment                            float64      7                       0.574252             0.490743             0.522515             0.568425             0.602339             0.710884  0.076815
proj_hhi_issue_opened                             float64      7                        0.50817             0.285714             0.370629             0.423077             0.553571                  1.0  0.245638
proj_hhi_pull_request_closed                      float64      7                            1.0                  1.0                  1.0                  1.0                  1.0                  1.0       0.0
proj_hhi_pull_request_comment                     float64      7                       0.534843                  0.5             0.517005             0.532143             0.555507             0.566736  0.025678
proj_hhi_pull_request_merged                      float64      7                            1.0                  1.0                  1.0                  1.0                  1.0                  1.0       0.0
proj_hhi_pull_request_opened                      float64      7                       0.867103             0.615385              0.81723             0.891304             0.964286                  1.0   0.13566
proj_hhi_pull_request_review                      float64      6                       0.919679             0.848485             0.877804             0.898897              0.97549                  1.0  0.065034
proj_hhi_pull_request_review_comment              float64      6                       0.845503             0.619048             0.812698             0.822222             0.955556                  1.0  0.142407
proj_prob_hhi_discussion_comment                  float64      7                       0.746483             0.690844             0.726247             0.734265             0.768604             0.810571  0.043031
proj_prob_hhi_issue_comment                       float64      7                       0.742904             0.707584             0.717286              0.72854             0.759715             0.810204  0.039932
proj_prob_hhi_pull_request_comment                float64      7                       0.793012             0.717117             0.788141             0.812179             0.813826             0.817857  0.037589
proj_prob_hhi_pull_request_review                 float64      6                       0.951807             0.909091             0.926683             0.939338             0.985294                  1.0   0.03902
proj_prob_hhi_pull_request_review_comment         float64      6                       0.922751             0.809524             0.906349             0.911111             0.977778                  1.0  0.071204
num_active_members                                  Int64      7                       4.285714                  3.0                  3.0                  3.0                  4.5                  9.0   2.21467

