File: drive/output/derived/org_outcomes_practices/repo_collaboration/important_degree_top3/rolling5/laminlabs___lamindb-setup.parquet

MD5 hash: 65519691b75737a5a4f7129b526ddd60

Keys: time_period 

                                                     type  count                 mean                  min                  25%                  50%                  75%                  max       std
time_period                                datetime64[ns]      5  2023-12-31 19:12:00  2023-01-01 00:00:00  2023-07-01 00:00:00  2024-01-01 00:00:00  2024-07-01 00:00:00  2025-01-01 00:00:00          
avg_members_per_problem                           float64      5             1.080297                  1.0                  1.0             1.111111             1.141204             1.149171  0.074663
pct_members_multiple                              float64      5             0.080297                  0.0                  0.0             0.111111             0.141204             0.149171  0.074663
proj_hhi_discussion_comment                       float64      5             0.340276             0.338223             0.340001             0.340471             0.341095             0.341592  0.001297
proj_hhi_issue_comment                            float64      5             0.723201             0.535144             0.536035             0.544828                  1.0                  1.0   0.25271
proj_hhi_issue_opened                             float64      5             0.745995             0.552645             0.565564             0.611765                  1.0                  1.0  0.232913
proj_hhi_pull_request_closed                      float64      5             0.772331             0.603175             0.614035             0.644444                  1.0                  1.0  0.208382
proj_hhi_pull_request_comment                     float64      5             0.378854             0.341225             0.367801             0.384252             0.395399             0.405591  0.025278
proj_hhi_pull_request_merged                      float64      5              0.86497             0.737804             0.753098              0.83395                  1.0                  1.0  0.128564
proj_hhi_pull_request_opened                      float64      5             0.847065             0.713608             0.729394             0.792323                  1.0                  1.0  0.142682
proj_hhi_pull_request_review                      float64      5             0.771527             0.587634             0.618843             0.651156                  1.0                  1.0  0.209773
proj_hhi_pull_request_review_comment              float64      5             0.763485             0.578154             0.603549              0.63572                  1.0                  1.0   0.21687
proj_hhi_issue_closed                             float64      4             0.796706             0.571429             0.740513             0.807697             0.863889                  1.0  0.175646
proj_prob_hhi_discussion_comment                  float64      5             0.636165             0.615684             0.622825             0.636404             0.639406             0.666506  0.019548
proj_prob_hhi_issue_comment                       float64      5              0.79948             0.625287             0.684706             0.687407                  1.0                  1.0  0.184725
proj_prob_hhi_pull_request_comment                float64      5             0.658421             0.611784             0.653015             0.657961             0.677378             0.691966  0.030369
proj_prob_hhi_pull_request_review                 float64      5             0.819407             0.683912             0.691955             0.721166                  1.0                  1.0   0.16544
proj_prob_hhi_pull_request_review_comment         float64      5             0.808606             0.663354             0.677321             0.702357                  1.0                  1.0  0.175276
num_active_members                                  Int64      5                  3.0                  3.0                  3.0                  3.0                  3.0                  3.0       0.0

