File: drive/output/derived/org_outcomes_practices/repo_collaboration/important_degree_top3/rolling5/lemonsaurus___django-simple-bulma.parquet

MD5 hash: 8bcf433bdb50846bf1c520c9f4ff91da

Keys: time_period 

                                                     type  count                 mean                  min                  25%                  50%                  75%                  max       std
time_period                                datetime64[ns]     10  2021-11-06 09:36:00  2019-01-01 00:00:00  2020-08-16 00:00:00  2021-10-01 00:00:00  2023-03-31 18:00:00  2025-01-01 00:00:00          
avg_members_per_problem                           float64     10             1.679453             1.473684             1.531655             1.584432             1.621854             2.181818   0.26185
pct_members_multiple                              float64     10               0.5985             0.263158             0.502193             0.548964             0.572355                  1.0  0.229491
proj_hhi_discussion_comment                       float64     10             0.512575             0.393939             0.482708             0.505106             0.542108             0.637051  0.068487
proj_hhi_issue_closed                             float64     10             0.934524             0.666667             0.964286                  1.0                  1.0                  1.0  0.121697
proj_hhi_issue_comment                            float64     10             0.549085             0.385965             0.516422             0.550894             0.601226             0.727811  0.094567
proj_hhi_issue_opened                             float64     10             0.397789             0.277778             0.317602             0.384297             0.405521             0.733333  0.127942
proj_hhi_pull_request_comment                     float64     10             0.510888             0.441622             0.476939             0.492437                 0.53                  0.7  0.074188
proj_hhi_pull_request_merged                      float64     10                  1.0                  1.0                  1.0                  1.0                  1.0                  1.0       0.0
proj_hhi_pull_request_opened                      float64     10             0.721007             0.564881              0.57415             0.611372                0.925                  1.0   0.19648
proj_hhi_pull_request_review_comment              float64      9              0.68247              0.53125             0.558824             0.566667                 0.68                  1.0  0.187726
proj_hhi_pull_request_closed                      float64      5                  1.0                  1.0                  1.0                  1.0                  1.0                  1.0       0.0
proj_hhi_pull_request_review                      float64      8                  1.0                  1.0                  1.0                  1.0                  1.0                  1.0       0.0
proj_prob_hhi_discussion_comment                  float64     10             0.676991             0.625641              0.64165             0.654668              0.69511             0.804348  0.055789
proj_prob_hhi_issue_comment                       float64     10             0.716586             0.633333             0.684099             0.709435             0.726257             0.884615  0.071408
proj_prob_hhi_pull_request_comment                float64     10             0.667397                  0.5             0.546591             0.599565             0.673469                  1.0    0.1842
proj_prob_hhi_pull_request_review_comment         float64      9             0.698318             0.552381             0.578711             0.587528                  0.7                  1.0  0.179056
proj_prob_hhi_pull_request_review                 float64      8             0.958333             0.666667                  1.0                  1.0                  1.0                  1.0  0.117851
num_active_members                                  Int64     10                  4.0                  2.0                  3.0                  3.0                 4.75                  9.0       2.0

