File: drive/output/derived/org_outcomes_practices/repo_collaboration/important_degree_top3/rolling5/letterror___ufoprocessor.parquet

MD5 hash: 3ce9f6c8398b005312121b1ac2cacefe

Keys: time_period 

                                                     type  count                 mean                  min                  25%                  50%                  75%                  max       std
time_period                                datetime64[ns]      9  2021-09-20 21:20:00  2018-07-01 00:00:00  2020-01-01 00:00:00  2022-01-01 00:00:00  2023-07-01 00:00:00  2024-07-01 00:00:00          
avg_members_per_problem                           float64      9             1.583535             1.285714             1.588235                  1.6             1.631579               1.6875  0.117695
pct_members_multiple                              float64      9             0.477994             0.285714                  0.4             0.473684             0.551724                0.625  0.109634
proj_hhi_discussion_comment                       float64      9              0.39626             0.352778             0.375249             0.381336             0.399531             0.510204  0.045926
proj_hhi_issue_closed                             float64      9             0.609494             0.433333             0.518519              0.62963             0.666667             0.809524   0.12261
proj_hhi_issue_comment                            float64      9             0.475714             0.403227             0.415307             0.480769              0.52381             0.532051  0.052794
proj_hhi_issue_opened                             float64      9             0.694805             0.414286                  0.5                  0.6                  1.0                  1.0  0.243385
proj_hhi_pull_request_merged                      float64      9             0.819066                  0.5                 0.75                  0.9                  1.0                  1.0  0.190406
proj_hhi_pull_request_opened                      float64      8              0.53724              0.40625                0.425                  0.5             0.635417                 0.75  0.128089
proj_hhi_pull_request_comment                     float64      8             0.497688             0.289941             0.304951               0.4375               0.6875                  0.8  0.213885
proj_hhi_pull_request_review                      float64      4             0.888889             0.555556             0.888889                  1.0                  1.0                  1.0  0.222222
proj_hhi_pull_request_review_comment              float64      1             0.555556             0.555556             0.555556             0.555556             0.555556             0.555556          
proj_prob_hhi_discussion_comment                  float64      9              0.56436             0.464444             0.487097             0.586957             0.630719             0.666667  0.079661
proj_prob_hhi_issue_comment                       float64      9              0.60804             0.558974             0.595726             0.608108             0.611111             0.666667  0.029777
proj_prob_hhi_pull_request_comment                float64      8             0.615031             0.346154             0.351244               0.4375                  1.0                  1.0  0.322652
proj_prob_hhi_pull_request_review                 float64      4             0.904762             0.619048             0.904762                  1.0                  1.0                  1.0  0.190476
proj_prob_hhi_pull_request_review_comment         float64      1             0.555556             0.555556             0.555556             0.555556             0.555556             0.555556          
num_active_members                                  Int64      9             3.333333                  2.0                  3.0                  3.0                  4.0                  5.0  0.866025

