File: drive/output/derived/org_outcomes_practices/repo_collaboration/important_degree_top3/rolling5/lit26___finvizfinance.parquet

MD5 hash: 2c0394f8049cf002ee2165ad071d879d

Keys: time_period 

                                                     type  count                 mean                  min                  25%                  50%                  75%                  max       std
time_period                                datetime64[ns]      8  2022-10-01 03:00:00  2021-01-01 00:00:00  2021-11-16 00:00:00  2022-10-01 00:00:00  2023-08-16 00:00:00  2024-07-01 00:00:00          
avg_members_per_problem                           float64      8             1.632631             1.435484             1.554161             1.686061             1.715714             1.736842  0.112128
pct_members_multiple                              float64      8             0.579439             0.354839             0.479251             0.635124             0.681053             0.714286  0.132756
proj_hhi_discussion_comment                       float64      8             0.578323             0.551718             0.567801             0.579286              0.58781             0.601134  0.016095
proj_hhi_issue_closed                             float64      8             0.856179             0.609467             0.792173             0.847601                  1.0                  1.0  0.141676
proj_hhi_issue_comment                            float64      8             0.573724             0.545042             0.562849             0.573423             0.588487             0.597755  0.018145
proj_hhi_issue_opened                             float64      8             0.218323              0.12426             0.134406             0.152509             0.269182                  0.5  0.130934
proj_hhi_pull_request_closed                      float64      8             0.770833                  0.5             0.729167                 0.75               0.8125                  1.0  0.165172
proj_hhi_pull_request_comment                     float64      8             0.791612             0.636364             0.651461             0.699888                  1.0                  1.0  0.174592
proj_hhi_pull_request_merged                      float64      8                  1.0                  1.0                  1.0                  1.0                  1.0                  1.0       0.0
proj_hhi_pull_request_opened                      float64      8             0.590359              0.46875             0.524855             0.565774              0.68127             0.703297  0.089357
proj_hhi_pull_request_review                      float64      6             0.738642             0.638655             0.692857             0.696429             0.705612                  1.0  0.130355
proj_hhi_pull_request_review_comment              float64      6             0.612669                  0.5             0.567598             0.643512              0.66369             0.676282  0.072267
proj_prob_hhi_discussion_comment                  float64      8             0.699048             0.662193             0.690899             0.700279             0.711566             0.728828  0.020248
proj_prob_hhi_issue_comment                       float64      8              0.69873             0.669921             0.681918              0.69253             0.709474             0.744048  0.024493
proj_prob_hhi_pull_request_comment                float64      8             0.826472             0.666667             0.730952             0.743984                  1.0                  1.0  0.145752
proj_prob_hhi_pull_request_review                 float64      6             0.826427             0.752101             0.789286             0.794303             0.821259                  1.0  0.088488
proj_prob_hhi_pull_request_review_comment         float64      6             0.687889                  0.5             0.687026             0.724484             0.740079             0.758547  0.096177
num_active_members                                  Int64      8                6.875                  3.0                 3.75                  5.5                 9.75                 13.0   3.97986

