File: drive/output/derived/org_outcomes_practices/repo_collaboration/important_degree_top3/rolling5/madpilot___amberelectric.py.parquet

MD5 hash: 648d43f0819184dfcb518150df2c9e77

Keys: time_period 

                                              type  count                 mean                  min                  25%                  50%                  75%                  max       std
time_period                         datetime64[ns]      3  2023-05-02 00:00:00  2021-07-01 00:00:00  2022-10-01 00:00:00  2024-01-01 00:00:00  2024-04-01 00:00:00  2024-07-01 00:00:00          
avg_members_per_problem                    float64      3                 1.45                 1.25                1.375                  1.5                 1.55                  1.6  0.180278
pct_members_multiple                       float64      3             0.383333                 0.25                0.325                  0.4                 0.45                  0.5  0.125831
proj_hhi_discussion_comment                float64      3             0.561376                  0.5             0.527778             0.555556             0.592063             0.628571  0.064483
proj_hhi_issue_closed                      float64      3                  1.0                  1.0                  1.0                  1.0                  1.0                  1.0       0.0
proj_hhi_issue_comment                     float64      3             0.751852             0.555556             0.627778                  0.7                 0.85                  1.0  0.226714
proj_hhi_issue_opened                      float64      3                  1.0                  1.0                  1.0                  1.0                  1.0                  1.0       0.0
proj_hhi_pull_request_merged               float64      2                  1.0                  1.0                  1.0                  1.0                  1.0                  1.0       0.0
proj_hhi_pull_request_opened               float64      2                  1.0                  1.0                  1.0                  1.0                  1.0                  1.0       0.0
proj_hhi_pull_request_review               float64      2                  1.0                  1.0                  1.0                  1.0                  1.0                  1.0       0.0
proj_hhi_pull_request_comment              float64      2                  1.0                  1.0                  1.0                  1.0                  1.0                  1.0       0.0
proj_hhi_pull_request_closed               float64      1                  1.0                  1.0                  1.0                  1.0                  1.0                  1.0          
proj_prob_hhi_discussion_comment           float64      3              0.81746             0.666667              0.72619             0.785714             0.892857                  1.0  0.168919
proj_prob_hhi_issue_comment                float64      3             0.788889             0.666667             0.683333                  0.7                 0.85                  1.0  0.183586
proj_prob_hhi_pull_request_review          float64      2                  1.0                  1.0                  1.0                  1.0                  1.0                  1.0       0.0
proj_prob_hhi_pull_request_comment         float64      2                  1.0                  1.0                  1.0                  1.0                  1.0                  1.0       0.0
num_active_members                           Int64      3             2.666667                  2.0                  2.5                  3.0                  3.0                  3.0   0.57735

