File: drive/output/derived/org_outcomes_practices/repo_collaboration/important_degree_top3/rolling5/maxfordham___ipyautoui.parquet

MD5 hash: 7c84a31765e2230f197bae33a2988f80

Keys: time_period 

                                                     type  count                 mean                  min                  25%                  50%                  75%                  max       std
time_period                                datetime64[ns]      6  2023-10-01 08:00:00  2022-07-01 00:00:00  2023-02-15 06:00:00  2023-10-01 00:00:00  2024-05-16 12:00:00  2025-01-01 00:00:00          
avg_members_per_problem                           float64      6               1.1383             1.051724              1.11127             1.150463              1.17241             1.199219  0.054183
pct_members_multiple                              float64      6             0.137076             0.051724              0.11127             0.150463             0.169833             0.195312  0.052808
proj_hhi_discussion_comment                       float64      6             0.583966             0.407407             0.585119             0.601677             0.634515             0.667974  0.092133
proj_hhi_issue_closed                             float64      6             0.744829                0.625             0.713031             0.724423             0.801776             0.858333  0.085056
proj_hhi_issue_comment                            float64      6             0.653442             0.407407             0.676287             0.696438             0.704174             0.744048  0.122865
proj_hhi_issue_opened                             float64      6             0.442508             0.416338             0.425781             0.433983              0.45477                0.486  0.026055
proj_hhi_pull_request_closed                      float64      6                  1.0                  1.0                  1.0                  1.0                  1.0                  1.0       0.0
proj_hhi_pull_request_merged                      float64      6             0.580208             0.501385             0.582949             0.586453             0.600219             0.620366  0.041212
proj_hhi_pull_request_opened                      float64      6             0.545102             0.510204             0.543915             0.545724             0.553984              0.56891  0.019586
proj_hhi_pull_request_review                      float64      6             0.875926             0.698413                0.775             0.892857                  1.0                  1.0  0.139106
proj_hhi_pull_request_comment                     float64      5             0.510119             0.416667                  0.5             0.535714             0.535714               0.5625  0.056766
proj_hhi_pull_request_review_comment              float64      3             0.514739             0.510204             0.510204             0.510204             0.517007              0.52381  0.007855
proj_prob_hhi_discussion_comment                  float64      6               0.8667             0.831418             0.839918             0.850268              0.89265                0.925  0.039078
proj_prob_hhi_issue_comment                       float64      6             0.885696             0.851852             0.872141             0.878704             0.908399             0.916667   0.02611
proj_prob_hhi_pull_request_review                 float64      6             0.913765             0.792593               0.8425                0.925                  1.0                  1.0  0.096436
proj_prob_hhi_pull_request_comment                float64      5             0.846429             0.761905             0.761905             0.833333                0.875                  1.0  0.098565
proj_prob_hhi_pull_request_review_comment         float64      3             0.646984             0.626667             0.641905             0.657143             0.657143             0.657143  0.017595
num_active_members                                  Int64      6             3.666667                  3.0                  3.0                  3.0                  4.5                  5.0  1.032796

