File: drive/output/derived/org_outcomes_practices/repo_collaboration/important_degree_top3/rolling5/mental32___spotify.py.parquet

MD5 hash: 60cdc775945543f2afce5bd61a2173bf

Keys: time_period 

                                                     type  count                 mean                  min                  25%                  50%                  75%                  max       std
time_period                                datetime64[ns]      4  2019-11-16 06:00:00  2019-01-01 00:00:00  2019-05-16 18:00:00  2019-10-01 00:00:00  2020-04-01 12:00:00  2021-01-01 00:00:00          
avg_members_per_problem                           float64      4             1.535965                  1.5                  1.5              1.52193             1.557895                  1.6  0.047433
pct_members_multiple                              float64      4             0.432436                  0.4               0.4125              0.42803             0.447967             0.473684  0.031888
proj_hhi_discussion_comment                       float64      4              0.51249              0.46875             0.507044             0.520024             0.525469             0.541162  0.030816
proj_hhi_issue_closed                             float64      4             0.910432             0.849206             0.880051              0.89626             0.926641                  1.0  0.063883
proj_hhi_issue_comment                            float64      4             0.538934              0.46875             0.536488             0.559127             0.561573             0.568733  0.047008
proj_hhi_issue_opened                             float64      4             0.483392             0.295455             0.295455             0.319056             0.506993                  1.0  0.345124
proj_hhi_pull_request_closed                      float64      3             0.691667                0.625               0.6625                  0.7                0.725                 0.75  0.062915
proj_hhi_pull_request_comment                     float64      3             0.464074             0.441928             0.441928             0.441928             0.475147             0.508366  0.038357
proj_hhi_pull_request_merged                      float64      3                  1.0                  1.0                  1.0                  1.0                  1.0                  1.0       0.0
proj_hhi_pull_request_opened                      float64      3             0.368056              0.34375              0.34375              0.34375             0.380208             0.416667  0.042098
proj_hhi_pull_request_review_comment              float64      3             0.572212             0.560491             0.560491             0.560491             0.578072             0.595652    0.0203
proj_hhi_pull_request_review                      float64      1                  1.0                  1.0                  1.0                  1.0                  1.0                  1.0          
proj_prob_hhi_discussion_comment                  float64      4             0.641962             0.583333             0.635982             0.654193             0.660173             0.676127  0.040434
proj_prob_hhi_issue_comment                       float64      4             0.685334             0.583333              0.67912              0.71576             0.721974             0.726484  0.068297
proj_prob_hhi_pull_request_comment                float64      3             0.589053             0.572072             0.572072             0.572072             0.597544             0.623016  0.029412
proj_prob_hhi_pull_request_review_comment         float64      3             0.689662             0.681159             0.681159             0.681159             0.693913             0.706667  0.014727
proj_prob_hhi_pull_request_review                 float64      1                  1.0                  1.0                  1.0                  1.0                  1.0                  1.0          
num_active_members                                  Int64      4                  4.0                  2.0                 2.75                  4.0                 5.25                  6.0  1.825742

