File: drive/output/derived/org_outcomes_practices/repo_collaboration/important_degree_top3/rolling5/microsoft___qdk.parquet

MD5 hash: bfdb945c99704f23c1c641fafedc8516

Keys: time_period 

                                                     type  count                 mean                  min                  25%                  50%                  75%                  max       std
time_period                                datetime64[ns]      5  2023-12-31 19:12:00  2023-01-01 00:00:00  2023-07-01 00:00:00  2024-01-01 00:00:00  2024-07-01 00:00:00  2025-01-01 00:00:00          
avg_members_per_problem                           float64      5             1.424027             1.363953             1.392089             1.404019             1.454545             1.505525   0.05613
pct_members_multiple                              float64      5             0.387088             0.327907             0.349957             0.358281             0.444751             0.454545  0.058281
proj_hhi_discussion_comment                       float64      5             0.358333             0.347415             0.350888             0.351242             0.354362             0.387755  0.016631
proj_hhi_issue_opened                             float64      5             0.513068              0.36992             0.391437             0.399541              0.40444                  1.0  0.272524
proj_hhi_pull_request_merged                      float64      5              0.44832             0.380302             0.385831             0.392694             0.402771                 0.68  0.129784
proj_hhi_pull_request_opened                      float64      5             0.480286             0.400789             0.411004             0.423071             0.444345             0.722222  0.136215
proj_hhi_pull_request_review                      float64      5              0.36188             0.346551             0.352327             0.354348             0.357848             0.398323  0.020781
proj_hhi_pull_request_review_comment              float64      5             0.364713             0.354177             0.358444             0.360626             0.362563             0.387755  0.013253
proj_hhi_issue_closed                             float64      4              0.47515             0.467357             0.471302             0.472709             0.476557             0.487827   0.00882
proj_hhi_issue_comment                            float64      4             0.389815             0.372374             0.383027             0.391273             0.398061             0.404339  0.013705
proj_hhi_pull_request_closed                      float64      4             0.423616             0.370242             0.395769             0.404732             0.432579             0.514757    0.0629
proj_hhi_pull_request_comment                     float64      4             0.370129             0.357422             0.365261             0.369324             0.374191             0.384445  0.011134
proj_prob_hhi_discussion_comment                  float64      5             0.724675             0.612161             0.671409             0.770089             0.780671             0.789044  0.078801
proj_prob_hhi_pull_request_review                 float64      5              0.70348             0.650026             0.651265             0.727564             0.739698             0.748848  0.048821
proj_prob_hhi_pull_request_review_comment         float64      5             0.717815             0.612161             0.648671             0.762755             0.775109             0.790378  0.081412
proj_prob_hhi_issue_comment                       float64      4             0.875482             0.836059             0.845652             0.858297             0.888127             0.949275  0.050888
proj_prob_hhi_pull_request_comment                float64      4             0.866924             0.846875             0.859768             0.868203             0.875359             0.884416  0.015763
num_active_members                                  Int64      5                  3.0                  3.0                  3.0                  3.0                  3.0                  3.0       0.0

