File: drive/output/derived/org_outcomes_practices/repo_collaboration/important_degree_top3/rolling5/milvus-io___pymilvus.parquet

MD5 hash: 7dabc4293138845b95327f3b6db7c3ca

Keys: time_period 

                                                     type  count                           mean                  min                  25%                  50%                  75%                  max       std
time_period                                datetime64[ns]     13  2021-12-31 05:32:18.461538560  2019-01-01 00:00:00  2020-07-01 00:00:00  2022-01-01 00:00:00  2023-07-01 00:00:00  2025-01-01 00:00:00          
avg_members_per_problem                           float64     13                       1.244606              1.06397             1.179088             1.195787              1.24773              1.72973  0.166075
pct_members_multiple                              float64     13                       0.243082              0.06397             0.179088             0.195787              0.24773              0.72973  0.165524
proj_hhi_discussion_comment                       float64     13                       0.540691             0.454158             0.462465             0.496056             0.643604                 0.68  0.090112
proj_hhi_issue_closed                             float64     13                       0.675092              0.53453                0.625             0.698868             0.713928             0.808663   0.07097
proj_hhi_issue_opened                             float64     13                        0.74747             0.701515             0.716394                0.745             0.764631              0.82357  0.037214
proj_hhi_pull_request_comment                     float64     13                       0.651171             0.537943                 0.56             0.624492             0.722222             0.833333  0.110271
proj_hhi_pull_request_merged                      float64     13                       0.847403             0.543253             0.785037             0.860545             0.982103             0.985301  0.133019
proj_hhi_pull_request_opened                      float64     13                       0.720803             0.605965              0.64621             0.731557             0.778083             0.889273  0.085681
proj_hhi_pull_request_review_comment              float64     13                       0.681427                0.504             0.607998             0.644912             0.680878                  1.0  0.151625
proj_hhi_issue_comment                            float64     12                       0.695282             0.614744             0.669932             0.687488             0.722323             0.773401  0.047314
proj_hhi_pull_request_closed                      float64     12                       0.770924             0.619048             0.664286             0.757085             0.837121                  1.0  0.134159
proj_hhi_pull_request_review                      float64     10                       0.627813             0.510974             0.580615             0.598836             0.626764             0.833919  0.094816
proj_prob_hhi_discussion_comment                  float64     13                       0.798601              0.67906             0.699138             0.730399             0.911157                  1.0  0.115778
proj_prob_hhi_pull_request_comment                float64     13                        0.79911             0.653368             0.675264             0.715528                  1.0                  1.0  0.154388
proj_prob_hhi_pull_request_review_comment         float64     13                       0.877718                  0.7              0.81396             0.928571             0.953642                  1.0   0.10656
proj_prob_hhi_issue_comment                       float64     12                       0.927091             0.891626             0.920633              0.92633             0.938818              0.94774   0.01546
proj_prob_hhi_pull_request_review                 float64     10                       0.936207             0.878917             0.921112             0.932528             0.955903             0.978851   0.03068
num_active_members                                  Int64     13                       3.230769                  3.0                  3.0                  3.0                  3.0                  5.0  0.599145

