File: drive/output/derived/org_outcomes_practices/repo_collaboration/important_degree_top3/rolling5/mseitzer___pytorch-fid.parquet

MD5 hash: 7f0008e576715c406f795a91bdbfa8a4

Keys: time_period 

                                                     type  count                 mean                  min                  25%                  50%                  75%                  max       std
time_period                                datetime64[ns]     11  2021-09-06 00:00:00  2019-01-01 00:00:00  2020-04-01 00:00:00  2021-07-01 00:00:00  2023-04-01 12:00:00  2024-07-01 00:00:00          
avg_members_per_problem                           float64     11             1.479657             1.291667             1.393921             1.440678             1.585227             1.692308  0.134056
pct_members_multiple                              float64     11             0.344913             0.229167             0.299679             0.327586             0.386441             0.533333  0.091493
proj_hhi_discussion_comment                       float64     11             0.392462             0.239286             0.328343             0.404911             0.470389             0.526666  0.091745
proj_hhi_issue_closed                             float64     11             0.950822              0.86749             0.892603                  1.0                  1.0                  1.0  0.058926
proj_hhi_issue_comment                            float64     11             0.383767             0.207722              0.30435             0.430335             0.444705             0.507547  0.098492
proj_hhi_issue_opened                             float64     11             0.564286                 0.25              0.36746             0.533333             0.633333                  1.0   0.24965
proj_hhi_pull_request_comment                     float64     11             0.684834                 0.36             0.463333             0.714286             0.888889                  1.0  0.253749
proj_hhi_pull_request_merged                      float64     11                  1.0                  1.0                  1.0                  1.0                  1.0                  1.0       0.0
proj_hhi_pull_request_opened                      float64     11             0.772727                  0.5             0.638889             0.777778                  1.0                  1.0  0.201008
proj_hhi_pull_request_closed                      float64      4                  1.0                  1.0                  1.0                  1.0                  1.0                  1.0       0.0
proj_hhi_pull_request_review                      float64      5                  1.0                  1.0                  1.0                  1.0                  1.0                  1.0       0.0
proj_hhi_pull_request_review_comment              float64      5                  1.0                  1.0                  1.0                  1.0                  1.0                  1.0       0.0
proj_prob_hhi_discussion_comment                  float64     11             0.671277             0.504167             0.601808             0.711111             0.751788              0.77312  0.094691
proj_prob_hhi_issue_comment                       float64     11             0.663716             0.463964             0.602183             0.705128              0.75234             0.776034  0.106275
proj_prob_hhi_pull_request_comment                float64     11             0.748906                  0.6             0.622222             0.666667             0.863426                  1.0  0.157026
proj_prob_hhi_pull_request_review                 float64      5                  1.0                  1.0                  1.0                  1.0                  1.0                  1.0       0.0
proj_prob_hhi_pull_request_review_comment         float64      5                  1.0                  1.0                  1.0                  1.0                  1.0                  1.0       0.0
num_active_members                                  Int64     11             6.454545                  2.0                  3.5                  4.0                 10.0                 13.0  4.107643

