File: drive/output/derived/org_outcomes_practices/repo_collaboration/important_degree_top3/rolling5/nabucasa___universal-silabs-flasher.parquet

MD5 hash: 6474ab66f33622e9c214377f1b5c81ea

Keys: time_period 

                                                     type  count                 mean                  min                  25%                  50%                  75%                  max       std
time_period                                datetime64[ns]      5  2023-12-31 19:12:00  2023-01-01 00:00:00  2023-07-01 00:00:00  2024-01-01 00:00:00  2024-07-01 00:00:00  2025-01-01 00:00:00          
avg_members_per_problem                           float64      5             1.512318             1.416667             1.432432                 1.54             1.552239             1.620253  0.085937
pct_members_multiple                              float64      5             0.430788             0.333333             0.351351                 0.46             0.477612             0.531646  0.085185
proj_hhi_discussion_comment                       float64      5             0.423741             0.388825             0.406836             0.429688             0.434461             0.458897  0.026885
proj_hhi_issue_closed                             float64      5             0.812912                0.625             0.833333             0.842593             0.863636                  0.9  0.108127
proj_hhi_issue_comment                            float64      5             0.556862             0.494276             0.530175             0.545991             0.598765             0.615104  0.049738
proj_hhi_issue_opened                             float64      5             0.823521              0.69697             0.777778             0.809524             0.833333                  1.0  0.111293
proj_hhi_pull_request_comment                     float64      5             0.482756              0.40625             0.453125             0.482919             0.517532             0.553953   0.05703
proj_hhi_pull_request_merged                      float64      5                  1.0                  1.0                  1.0                  1.0                  1.0                  1.0       0.0
proj_hhi_pull_request_opened                      float64      5             0.657502             0.612346             0.644444             0.668468                 0.68             0.682251  0.029362
proj_hhi_pull_request_review                      float64      5             0.534303                 0.52             0.533333             0.539394             0.539394             0.539394  0.008415
proj_hhi_pull_request_review_comment              float64      5             0.534303                 0.52             0.533333             0.539394             0.539394             0.539394  0.008415
proj_hhi_pull_request_closed                      float64      2                  1.0                  1.0                  1.0                  1.0                  1.0                  1.0       0.0
proj_prob_hhi_discussion_comment                  float64      5             0.713904             0.665497             0.692917             0.698214             0.746226             0.766667  0.041408
proj_prob_hhi_issue_comment                       float64      5             0.757577             0.699256             0.709596             0.748188             0.788251             0.842593  0.059077
proj_prob_hhi_pull_request_comment                float64      5             0.726589             0.641667             0.707246                 0.75             0.761481             0.772549  0.053535
proj_prob_hhi_pull_request_review                 float64      5             0.582121             0.575758             0.575758             0.575758             0.583333                  0.6  0.010519
proj_prob_hhi_pull_request_review_comment         float64      5             0.582121             0.575758             0.575758             0.575758             0.583333                  0.6  0.010519
num_active_members                                  Int64      5                  4.6                  3.0                  3.0                  3.0                  6.0                  8.0  2.302173

