File: drive/output/derived/org_outcomes_practices/repo_collaboration/important_degree_top3/rolling5/ngt-labs___ngt.parquet

MD5 hash: f68d521d744549b555088d3d418b17b4

Keys: time_period 

                                                     type  count                 mean                  min                  25%                  50%                  75%                  max       std
time_period                                datetime64[ns]     16  2021-03-09 10:30:00  2016-07-01 00:00:00  2019-05-16 18:00:00  2021-04-01 12:00:00  2023-02-15 06:00:00  2025-01-01 00:00:00          
avg_members_per_problem                           float64     16             1.831691             1.595745             1.789828              1.82605             1.913372             1.952381  0.094389
pct_members_multiple                              float64     16             0.803554             0.574468              0.76279             0.772868             0.869272             0.952381   0.09943
proj_hhi_discussion_comment                       float64     16             0.418865             0.336714             0.366253             0.394367             0.463337                 0.52   0.06306
proj_hhi_issue_closed                             float64     16             0.520961             0.273024             0.320155             0.443421             0.682484                  1.0  0.232767
proj_hhi_issue_comment                            float64     16             0.425747             0.324913             0.385418             0.404765             0.463282             0.555556  0.063959
proj_hhi_issue_opened                             float64     16             0.283801             0.141555             0.185141             0.208036             0.313745             0.595238  0.160545
proj_hhi_pull_request_comment                     float64     16             0.800415                  0.5             0.632212                0.775                  1.0                  1.0  0.179743
proj_hhi_pull_request_merged                      float64     16             0.828889                  0.5                 0.52                  1.0                  1.0                  1.0  0.232431
proj_hhi_pull_request_opened                      float64     16             0.699735                0.625                0.625             0.690476                 0.75             0.814815  0.072097
proj_hhi_pull_request_closed                      float64      7                  1.0                  1.0                  1.0                  1.0                  1.0                  1.0       0.0
proj_hhi_pull_request_review                      float64      5                  1.0                  1.0                  1.0                  1.0                  1.0                  1.0       0.0
proj_hhi_pull_request_review_comment              float64      5                  1.0                  1.0                  1.0                  1.0                  1.0                  1.0       0.0
proj_prob_hhi_discussion_comment                  float64     16             0.660935             0.574583             0.604398             0.636072             0.676616                  1.0     0.102
proj_prob_hhi_issue_comment                       float64     16             0.644249             0.564233             0.593089             0.622807             0.651949                  1.0  0.101864
proj_prob_hhi_pull_request_comment                float64     16              0.88315             0.666667             0.710714                  1.0                  1.0                  1.0  0.143612
proj_prob_hhi_pull_request_review                 float64      5                  1.0                  1.0                  1.0                  1.0                  1.0                  1.0       0.0
proj_prob_hhi_pull_request_review_comment         float64      5                  1.0                  1.0                  1.0                  1.0                  1.0                  1.0       0.0
num_active_members                                  Int64     16               7.6875                  3.0                 4.75                  6.5                 9.25                 19.0  4.316152

