File: drive/output/derived/org_outcomes_practices/repo_collaboration/important_degree_top3/rolling5/nickw444___flask-ldap3-login.parquet

MD5 hash: 5430defc6a7a4a5029056f55031621a5

Keys: time_period 

                                                     type  count                 mean                  min                  25%                  50%                  75%                  max       std
time_period                                datetime64[ns]     18  2019-10-21 16:00:00  2015-01-01 00:00:00  2017-08-16 00:00:00  2019-10-01 00:00:00  2021-11-16 00:00:00  2024-07-01 00:00:00          
avg_members_per_problem                           float64     18             1.915868             1.642857             1.807143             1.882353             1.908381                  3.0  0.286707
pct_members_multiple                              float64     18             0.614478             0.357143              0.56392             0.585714             0.658188                  1.0  0.145032
proj_hhi_discussion_comment                       float64     18             0.462795             0.352259             0.435416             0.457408             0.472358             0.583592  0.053119
proj_hhi_pull_request_comment                     float64     18             0.460968             0.331868             0.367356              0.42551             0.517778                0.875   0.13979
proj_hhi_pull_request_merged                      float64     18             0.927851             0.660606             0.892857                  1.0                  1.0                  1.0  0.117718
proj_hhi_pull_request_opened                      float64     18             0.673535                  0.5             0.579167             0.642857             0.722917                  1.0  0.143235
proj_hhi_issue_closed                             float64     17             0.896621             0.742424               0.8125             0.873016                  1.0                  1.0  0.106164
proj_hhi_issue_comment                            float64     17             0.679375             0.399306              0.58153             0.648112             0.731707                  1.0  0.176261
proj_hhi_issue_opened                             float64     17             0.726331             0.457143                0.525                 0.64                  1.0                  1.0  0.221974
proj_hhi_pull_request_closed                      float64     15             0.888254                  0.5             0.828571                  1.0                  1.0                  1.0  0.185975
proj_hhi_pull_request_review_comment              float64     12             0.714334                  0.5             0.625533             0.725188             0.809524                  1.0  0.154621
proj_hhi_pull_request_review                      float64      8             0.691386                 0.52             0.625962             0.642256             0.726116                  1.0  0.146485
proj_prob_hhi_discussion_comment                  float64     18             0.614178             0.533333             0.591159             0.613005             0.643453             0.680952  0.040435
proj_prob_hhi_pull_request_comment                float64     18             0.563067             0.456044             0.521365             0.544581             0.582108                0.875  0.097311
proj_prob_hhi_issue_comment                       float64     17             0.773752                 0.44             0.730769             0.763158             0.836102                  1.0  0.151006
proj_prob_hhi_pull_request_review_comment         float64     12             0.718995                  0.5             0.633333              0.73183             0.809524                  1.0  0.151558
proj_prob_hhi_pull_request_review                 float64      8             0.726475                 0.56             0.670833             0.694501             0.766741                  1.0  0.130807
num_active_members                                  Int64     18             3.833333                  2.0                  3.0                  3.0                  4.0                  7.0  1.465285

