File: drive/output/derived/org_outcomes_practices/repo_collaboration/important_degree_top3/rolling5/nylas___nylas-python.parquet

MD5 hash: 83cc6932bc00bdb4d1e6d95d0b62d4d6

Keys: time_period 

                                                     type  count                 mean                  min                  25%                  50%                  75%                  max       std
time_period                                datetime64[ns]     19  2020-01-20 00:00:00  2015-01-01 00:00:00  2017-04-01 12:00:00  2020-01-01 00:00:00  2022-10-01 00:00:00  2025-01-01 00:00:00          
avg_members_per_problem                           float64     19             1.579464              1.16875             1.298039                  1.6              1.80108                  2.0  0.269395
pct_members_multiple                              float64     19             0.492601               0.1625             0.264052                  0.5              0.65496                  1.0   0.23065
proj_hhi_discussion_comment                       float64     19             0.415162             0.325309             0.370219             0.403215             0.443118             0.582013  0.063177
proj_hhi_issue_closed                             float64     19             0.879068             0.666667             0.800855                 0.84                  1.0                  1.0  0.104884
proj_hhi_issue_comment                            float64     19             0.737309                  0.5             0.550481               0.7875               0.8692                  1.0  0.195307
proj_hhi_issue_opened                             float64     19             0.741596                  0.5             0.547253                 0.68                  1.0                  1.0  0.214525
proj_hhi_pull_request_comment                     float64     19             0.537078             0.333333             0.504306              0.57213             0.608521             0.662698   0.10242
proj_hhi_pull_request_merged                      float64     19               0.8914             0.729659             0.817905             0.931818             0.970792                  1.0  0.097685
proj_hhi_pull_request_opened                      float64     19             0.763302             0.505556             0.659795             0.776738             0.892379             0.938526  0.146409
proj_hhi_pull_request_closed                      float64     17             0.930719                  0.6                  1.0                  1.0                  1.0                  1.0  0.134229
proj_hhi_pull_request_review_comment              float64     16             0.666774                  0.5             0.535114             0.579769             0.756505                  1.0   0.16491
proj_hhi_pull_request_review                      float64      9             0.472799             0.252275              0.35529                  0.5             0.581492             0.699567  0.152125
proj_prob_hhi_discussion_comment                  float64     19             0.721822               0.6056             0.649908             0.736508             0.761751             0.897995  0.078101
proj_prob_hhi_issue_comment                       float64     19             0.876504                0.625             0.777778             0.916667             0.961857                  1.0  0.111006
proj_prob_hhi_pull_request_comment                float64     19             0.746833                  0.5             0.717054             0.779825             0.825858             0.872316  0.114351
proj_prob_hhi_pull_request_review_comment         float64     16             0.796201              0.65625             0.704085             0.735632             0.908571                  1.0  0.119016
proj_prob_hhi_pull_request_review                 float64      9             0.798328             0.623932             0.698718             0.775439             0.932035             0.942373  0.125492
num_active_members                                  Int64     19             4.263158                  2.0                  3.0                  3.0                  4.5                 12.0  2.329571

