File: drive/output/derived/org_outcomes_practices/repo_collaboration/important_degree_top3/rolling5/openedx___codejail.parquet

MD5 hash: 37485cc1e322a913a9fc5c5b97d362d3

Keys: time_period 

                                                     type  count                 mean                  min                  25%                  50%                  75%                  max       std
time_period                                datetime64[ns]     18  2020-07-21 16:00:00  2015-01-01 00:00:00  2018-08-16 00:00:00  2020-10-01 00:00:00  2022-11-16 00:00:00  2025-01-01 00:00:00          
avg_members_per_problem                           float64     18             1.719583                1.425             1.536458             1.617378             1.867308                  2.3  0.283058
pct_members_multiple                              float64     18             0.401719                 0.25             0.340278             0.419617             0.454861             0.538462  0.088392
proj_hhi_discussion_comment                       float64     18             0.427141             0.279917             0.386794             0.416694             0.488118             0.529518   0.07326
proj_hhi_issue_comment                            float64     15             0.624407                  0.5                  0.5             0.510204             0.711364                  1.0  0.166024
proj_hhi_pull_request_closed                      float64     18             0.844179             0.565278              0.65836             0.921405                  1.0                  1.0  0.178005
proj_hhi_pull_request_comment                     float64     18             0.470388              0.26087             0.369171             0.498798             0.558032             0.632501  0.118635
proj_hhi_pull_request_merged                      float64     18             0.770095             0.555556             0.630837             0.698373                  1.0                  1.0   0.17627
proj_hhi_pull_request_opened                      float64     18             0.715828             0.532609             0.587526             0.720833             0.790441                  1.0  0.140387
proj_hhi_pull_request_review_comment              float64     18             0.607324             0.366864             0.528197             0.636639             0.689286             0.884615  0.133292
proj_hhi_issue_opened                             float64      9             0.977778                  0.8                  1.0                  1.0                  1.0                  1.0  0.066667
proj_hhi_issue_closed                             float64     12                  1.0                  1.0                  1.0                  1.0                  1.0                  1.0       0.0
proj_hhi_pull_request_review                      float64     10             0.523769             0.416374             0.494509             0.529092             0.554172             0.597816  0.052626
proj_prob_hhi_discussion_comment                  float64     18             0.653178             0.471815             0.521933             0.692275             0.776115             0.795889  0.123747
proj_prob_hhi_issue_comment                       float64     15             0.889033             0.581818             0.803571                  1.0                  1.0                  1.0  0.157557
proj_prob_hhi_pull_request_comment                float64     18             0.662713             0.350649             0.541948             0.652778             0.826716             0.897721  0.166839
proj_prob_hhi_pull_request_review_comment         float64     18             0.648798             0.372781             0.550228             0.665832             0.776891             0.884615  0.147825
proj_prob_hhi_pull_request_review                 float64     10             0.673029             0.546667             0.599452             0.660569             0.751682             0.795062   0.08954
num_active_members                                  Int64     18             3.722222                  2.0                  3.0                  3.0                  4.0                  7.0  1.178511

