File: drive/output/derived/org_outcomes_practices/repo_collaboration/important_degree_top3/rolling5/openaddresses___pyesridump.parquet

MD5 hash: 08c2ef4a6fdef0e34b77d2a8a67366a3

Keys: time_period 

                                                     type  count                           mean                  min                  25%                  50%                  75%                  max       std
time_period                                datetime64[ns]     14  2020-05-10 01:42:51.428571392  2016-07-01 00:00:00  2018-02-15 06:00:00  2020-04-01 00:00:00  2022-05-16 18:00:00  2024-07-01 00:00:00          
avg_members_per_problem                           float64     14                       1.601455             1.384615             1.467391             1.645833             1.728571             1.769231  0.142318
pct_members_multiple                              float64     14                        0.52268             0.307692             0.386288              0.56087                0.625             0.714286  0.147989
proj_hhi_discussion_comment                       float64     14                       0.442144             0.324444             0.404438             0.444721             0.476534             0.555159  0.068231
proj_hhi_issue_closed                             float64     14                       0.803993             0.591837             0.670635             0.759019                  1.0                  1.0  0.160065
proj_hhi_issue_comment                            float64     14                       0.441687             0.333333             0.395376             0.455266             0.461142             0.627273  0.081936
proj_hhi_issue_opened                             float64     14                        0.65646             0.428571             0.542735                  0.6             0.745238                  1.0  0.172941
proj_hhi_pull_request_closed                      float64      9                       0.753086             0.555556             0.555556             0.555556                  1.0                  1.0  0.234243
proj_hhi_pull_request_comment                     float64     14                       0.669586                 0.42             0.516667              0.58249             0.916667                  1.0  0.225922
proj_hhi_pull_request_merged                      float64     14                            1.0                  1.0                  1.0                  1.0                  1.0                  1.0       0.0
proj_hhi_pull_request_opened                      float64     14                       0.561406                  0.3             0.390625             0.597619             0.692194             0.736842  0.169954
proj_hhi_pull_request_review_comment              float64     14                       0.695902                  0.5             0.555556             0.755102             0.772109                  1.0  0.172449
proj_hhi_pull_request_review                      float64      7                       0.626984                  0.5                  0.5             0.722222             0.722222             0.722222  0.118783
proj_prob_hhi_discussion_comment                  float64     14                       0.639076             0.586667             0.616885             0.626802              0.65439                 0.72  0.040113
proj_prob_hhi_issue_comment                       float64     14                       0.611646                  0.5             0.592623             0.605265              0.63955             0.727273  0.053376
proj_prob_hhi_pull_request_comment                float64     14                         0.7592             0.573099             0.663194             0.688034             0.923611                  1.0  0.160991
proj_prob_hhi_pull_request_review_comment         float64     14                       0.732313                  0.5             0.666667             0.771429             0.817857                  1.0  0.162831
proj_prob_hhi_pull_request_review                 float64      7                        0.65873                  0.5                  0.5             0.777778             0.777778             0.777778  0.148478
num_active_members                                  Int64     14                       3.857143                  3.0                  3.0                  4.0                  4.0                  6.0  0.949262

