File: drive/output/derived/org_outcomes_practices/repo_collaboration/important_degree_top3/rolling5/pthom___imgui_bundle.parquet

MD5 hash: 54512fa01f03730e48c0061529b1084b

Keys: time_period 

                                              type  count                 mean                  min                  25%                  50%                  75%                  max       std
time_period                         datetime64[ns]      6  2023-10-01 08:00:00  2022-07-01 00:00:00  2023-02-15 06:00:00  2023-10-01 00:00:00  2024-05-16 12:00:00  2025-01-01 00:00:00          
avg_members_per_problem                    float64      6             1.607021             1.416667             1.511694             1.636223             1.713747             1.743243  0.134831
pct_members_multiple                       float64      6             0.565829             0.348039             0.460181              0.60614             0.681718             0.716216  0.151512
proj_hhi_discussion_comment                float64      6             0.479286             0.423467             0.439977             0.466138             0.519713             0.551143  0.052683
proj_hhi_issue_closed                      float64      6             0.771075             0.714331             0.728863             0.750478             0.783454             0.895062  0.066632
proj_hhi_issue_comment                     float64      6             0.488724             0.437998             0.454432             0.479467             0.526325             0.547382  0.045809
proj_hhi_issue_opened                      float64      6             0.365774             0.230111             0.298175             0.329901             0.384546             0.614367  0.133911
proj_hhi_pull_request_closed               float64      6             0.565058             0.346939             0.496032             0.526862             0.609661             0.866667  0.174269
proj_hhi_pull_request_comment              float64      6              0.50132             0.423643             0.431964             0.458848               0.5477              0.66626  0.097732
proj_hhi_pull_request_merged               float64      6                  1.0                  1.0                  1.0                  1.0                  1.0                  1.0       0.0
proj_hhi_pull_request_opened               float64      6             0.494615             0.411264             0.452777             0.510781             0.515188             0.584762  0.062647
proj_hhi_pull_request_review               float64      5                  1.0                  1.0                  1.0                  1.0                  1.0                  1.0       0.0
proj_prob_hhi_discussion_comment           float64      6             0.639556             0.576744             0.591613             0.624669             0.680268              0.73186  0.062671
proj_prob_hhi_issue_comment                float64      6              0.62583             0.561069             0.574241             0.611177              0.66969             0.720432  0.065608
proj_prob_hhi_pull_request_comment         float64      6             0.736616             0.679048             0.688469             0.716477             0.767614             0.843902  0.064365
proj_prob_hhi_pull_request_review          float64      5                  1.0                  1.0                  1.0                  1.0                  1.0                  1.0       0.0
num_active_members                           Int64      6                 10.5                  3.0                  5.5                 10.0                15.25                 19.0  6.534524

