File: drive/output/derived/org_outcomes_practices/repo_collaboration/important_degree_top3/rolling5/pwwang___datar.parquet

MD5 hash: 32bd64b0996469bb21d1ff35f1123ce2

Keys: time_period 

                                              type  count                 mean                  min                  25%                  50%                  75%                  max       std
time_period                         datetime64[ns]      6  2022-10-01 00:00:00  2021-07-01 00:00:00  2022-02-15 06:00:00  2022-10-01 00:00:00  2023-05-16 18:00:00  2024-01-01 00:00:00          
avg_members_per_problem                    float64      6             1.385843             1.282353              1.34292             1.384253             1.415278             1.509434  0.077884
pct_members_multiple                       float64      6             0.367328             0.258824             0.322871             0.367467             0.400595             0.490566  0.079895
proj_hhi_discussion_comment                float64      6             0.554027             0.462697             0.526573             0.559711             0.591263             0.624736  0.057966
proj_hhi_issue_closed                      float64      6              0.72764             0.627586             0.679756             0.715891             0.789158             0.825182  0.077098
proj_hhi_issue_comment                     float64      6             0.552882              0.46346             0.527014             0.556875             0.590548             0.621247  0.056603
proj_hhi_issue_opened                      float64      6             0.374036             0.300454             0.346012             0.372689             0.394568             0.459402  0.054115
proj_hhi_pull_request_merged               float64      6                  1.0                  1.0                  1.0                  1.0                  1.0                  1.0       0.0
proj_hhi_pull_request_opened               float64      6             0.978393             0.944444             0.962729             0.981707                  1.0                  1.0  0.024617
proj_hhi_pull_request_comment              float64      5             0.866667             0.666667             0.666667                  1.0                  1.0                  1.0  0.182574
proj_hhi_pull_request_review               float64      5                  1.0                  1.0                  1.0                  1.0                  1.0                  1.0       0.0
proj_prob_hhi_discussion_comment           float64      6             0.675766             0.623284             0.659365             0.676749             0.697674             0.719597  0.034275
proj_prob_hhi_issue_comment                float64      6             0.674099              0.62219              0.65841             0.673912             0.697072             0.716549  0.033886
proj_prob_hhi_pull_request_comment         float64      5             0.866667             0.666667             0.666667                  1.0                  1.0                  1.0  0.182574
proj_prob_hhi_pull_request_review          float64      5                  1.0                  1.0                  1.0                  1.0                  1.0                  1.0       0.0
num_active_members                           Int64      6             5.833333                  3.0                 3.75                  6.0                 6.75                 10.0  2.639444

