File: drive/output/derived/org_outcomes_practices/repo_collaboration/important_degree_top3/rolling5/pybuilder___pybuilder.parquet

MD5 hash: 159f25d61dbcb0b79edec44cc471616f

Keys: time_period 

                                                     type  count                           mean                  min                  25%                  50%                  75%                  max       std
time_period                                datetime64[ns]     21  2019-12-31 17:08:34.285714176  2015-01-01 00:00:00  2017-07-01 00:00:00  2020-01-01 00:00:00  2022-07-01 00:00:00  2025-01-01 00:00:00          
avg_members_per_problem                           float64     21                       1.517217              1.26087             1.434389             1.555556             1.590909             1.651235  0.106178
pct_members_multiple                              float64     21                       0.463742              0.26087             0.380645             0.512195             0.535714             0.568182  0.091775
proj_hhi_discussion_comment                       float64     21                       0.435101             0.364636             0.400766             0.417516             0.449714             0.687433  0.067737
proj_hhi_issue_closed                             float64     21                       0.747693              0.55615             0.607565             0.690476             0.941176                  1.0  0.165484
proj_hhi_issue_comment                            float64     21                       0.512983             0.414215             0.442966             0.473563              0.54942             0.915062  0.111814
proj_hhi_issue_opened                             float64     21                       0.515691              0.30251             0.375327             0.488462             0.637753                  1.0  0.172252
proj_hhi_pull_request_comment                     float64     21                       0.461928             0.400257             0.423292             0.461538             0.487099              0.59375  0.046931
proj_hhi_pull_request_merged                      float64     21                       0.900668             0.622486             0.785049                  1.0                  1.0                  1.0  0.139696
proj_hhi_pull_request_review_comment              float64     21                       0.691015             0.555556             0.555556             0.649012              0.66477                  1.0  0.161159
proj_hhi_pull_request_closed                      float64     20                       0.827025                0.625             0.751603             0.833333             0.904762                  1.0  0.129389
proj_hhi_pull_request_opened                      float64     20                        0.79753             0.572293             0.707807             0.794463             0.907298                  1.0  0.120054
proj_hhi_pull_request_review                      float64      6                       0.843814              0.65812              0.69246             0.861111                  1.0                  1.0  0.172313
proj_prob_hhi_discussion_comment                  float64     21                       0.677906             0.586652             0.621813             0.684091             0.727927             0.763017  0.053734
proj_prob_hhi_issue_comment                       float64     21                       0.667285             0.555392             0.581023             0.635213             0.730028             0.931481   0.09464
proj_prob_hhi_pull_request_comment                float64     21                       0.729235             0.609162             0.659669             0.728632             0.783333             0.916667  0.079913
proj_prob_hhi_pull_request_review_comment         float64     21                       0.715707                 0.52             0.555556             0.712443             0.727565                  1.0  0.159832
proj_prob_hhi_pull_request_review                 float64      6                       0.828792             0.608392             0.681999              0.84127                  1.0                  1.0  0.189475
num_active_members                                  Int64     21                       4.238095                  3.0                  3.0                  3.0                  5.0                 11.0  1.921061

