File: drive/output/derived/org_outcomes_practices/repo_collaboration/important_degree_top3/rolling5/pyca___pynacl.parquet

MD5 hash: 3f688643190f8d4de8ebe0cba3fa207c

Keys: time_period 

                                                     type  count                           mean                  min                  25%                  50%                  75%                  max       std
time_period                                datetime64[ns]     21  2019-12-31 17:08:34.285714176  2015-01-01 00:00:00  2017-07-01 00:00:00  2020-01-01 00:00:00  2022-07-01 00:00:00  2025-01-01 00:00:00          
avg_members_per_problem                           float64     21                       1.632026             1.318519              1.39521             1.517857             1.842282             2.067708  0.258294
pct_members_multiple                              float64     21                       0.512868             0.288889             0.368687             0.497409             0.627517             0.764706  0.154782
proj_hhi_discussion_comment                       float64     21                       0.426275             0.246259             0.342442             0.410207             0.495631             0.610072   0.10223
proj_hhi_issue_closed                             float64     21                       0.676593                  0.5             0.628718             0.676136             0.716954                  1.0  0.100284
proj_hhi_issue_comment                            float64     21                       0.469018             0.313492               0.4375             0.484852             0.511665             0.557614  0.066526
proj_hhi_issue_opened                             float64     21                       0.760594             0.571429             0.657143                 0.75             0.809524                  1.0   0.15518
proj_hhi_pull_request_comment                     float64     21                       0.478348                 0.25             0.384622             0.505845              0.55482                 0.75  0.133675
proj_hhi_pull_request_merged                      float64     21                       0.557994             0.333333              0.47367             0.569016             0.607937             0.689422  0.089155
proj_hhi_pull_request_opened                      float64     21                       0.495896             0.305785             0.467352             0.524483             0.540514             0.581492  0.074277
proj_hhi_pull_request_closed                      float64     20                       0.620618             0.470175             0.503125             0.577402             0.641071                  1.0  0.163447
proj_hhi_pull_request_review_comment              float64     20                       0.658916             0.355372             0.487474             0.516832             0.850893                  1.0  0.222834
proj_hhi_pull_request_review                      float64     10                       0.597521                 0.52             0.598373              0.60994             0.621661             0.643386  0.041528
proj_prob_hhi_discussion_comment                  float64     21                       0.688021             0.550283             0.590476             0.702345             0.763875             0.855178  0.100786
proj_prob_hhi_issue_comment                       float64     21                       0.735437                 0.55             0.725419             0.737428             0.792214             0.827778  0.071585
proj_prob_hhi_pull_request_comment                float64     21                        0.71208             0.554702             0.612597             0.713104             0.816667             0.893333  0.108179
proj_prob_hhi_pull_request_review_comment         float64     20                       0.741932             0.472727             0.599058             0.660862             0.908189                  1.0   0.17897
proj_prob_hhi_pull_request_review                 float64     10                       0.920492             0.777419             0.915643              0.92671             0.966771             0.979167  0.060829
num_active_members                                  Int64     21                       4.047619                  2.0                  3.0                  3.0                  5.0                  9.0  1.802115

