File: drive/output/derived/org_outcomes_practices/repo_collaboration/important_degree_top3/rolling5/qubvel___segmentation_models.parquet

MD5 hash: 6ccc931f0e77b9cef8eae118551609c3

Keys: time_period 

                                                     type  count                 mean                  min                  25%                  50%                  75%                  max       std
time_period                                datetime64[ns]     12  2021-04-01 04:00:00  2018-07-01 00:00:00  2019-11-16 00:00:00  2021-04-01 12:00:00  2022-08-16 00:00:00  2024-01-01 00:00:00          
avg_members_per_problem                           float64     12             1.186322             1.079038             1.085067             1.108523             1.271636             1.446429   0.13826
pct_members_multiple                              float64     12             0.146853             0.072165             0.078216             0.087039             0.229462             0.306452  0.094164
proj_hhi_discussion_comment                       float64     12             0.531542             0.173515             0.353273             0.629443             0.695359             0.807379  0.223063
proj_hhi_issue_closed                             float64     12             0.826954                  0.6                 0.75             0.893688             0.900814                  1.0  0.127093
proj_hhi_issue_comment                            float64     12             0.528013             0.173515              0.36109             0.627916             0.684362             0.788363  0.216447
proj_hhi_issue_opened                             float64     12             0.476051             0.235294             0.366071             0.550835             0.587273             0.642857   0.15211
proj_hhi_pull_request_comment                     float64     11             0.877273                  0.5                 0.75                  1.0                  1.0                  1.0  0.167874
proj_hhi_pull_request_merged                      float64      8                  1.0                  1.0                  1.0                  1.0                  1.0                  1.0       0.0
proj_hhi_pull_request_opened                      float64     12             0.847222                  0.5                0.625                  1.0                  1.0                  1.0  0.229826
proj_hhi_pull_request_closed                      float64      6                  1.0                  1.0                  1.0                  1.0                  1.0                  1.0       0.0
proj_hhi_pull_request_review_comment              float64      7                  1.0                  1.0                  1.0                  1.0                  1.0                  1.0       0.0
proj_prob_hhi_discussion_comment                  float64     12             0.853758             0.688148              0.81212             0.895468             0.910126             0.917933  0.082096
proj_prob_hhi_issue_comment                       float64     12             0.849129             0.688148             0.806613             0.891126             0.906148             0.909581  0.081758
proj_prob_hhi_pull_request_comment                float64     11                  1.0                  1.0                  1.0                  1.0                  1.0                  1.0       0.0
proj_prob_hhi_pull_request_review_comment         float64      7                  1.0                  1.0                  1.0                  1.0                  1.0                  1.0       0.0
num_active_members                                  Int64     12                  6.5                  3.0                  3.0                  4.5                 7.25                 24.0  5.838742

