File: drive/output/derived/org_outcomes_practices/repo_collaboration/important_degree_top3/rolling5/sartography___spiffworkflow.parquet

MD5 hash: d99e8382c16e7691c0c4e232125e0fa9

Keys: time_period 

                                                     type  count                           mean                  min                  25%                  50%                  75%                  max       std
time_period                                datetime64[ns]     17  2020-07-12 01:24:42.352941056  2015-07-01 00:00:00  2018-01-01 00:00:00  2021-01-01 00:00:00  2023-01-01 00:00:00  2025-01-01 00:00:00          
avg_members_per_problem                           float64     17                       1.621394             1.181818             1.445055             1.597015             1.714286             2.103448  0.289196
pct_members_multiple                              float64     17                       0.499604             0.113636             0.368132             0.538835              0.69697             0.793103  0.214315
proj_hhi_discussion_comment                       float64     17                       0.482314              0.37369             0.456173             0.468457             0.506725             0.638889  0.064889
proj_hhi_issue_closed                             float64     17                       0.781338             0.529915             0.666701             0.729167                  1.0                  1.0  0.157441
proj_hhi_issue_comment                            float64     17                       0.556995             0.453125             0.506173             0.572877             0.590345                  0.7  0.064977
proj_hhi_issue_opened                             float64     17                       0.682892              0.30303             0.368827             0.555556                  1.0                  1.0  0.314892
proj_hhi_pull_request_comment                     float64     17                       0.670732                0.408             0.483851             0.708444             0.769811                  1.0  0.190886
proj_hhi_pull_request_merged                      float64     17                        0.90897             0.713983               0.7642                  1.0                  1.0                  1.0  0.124523
proj_hhi_pull_request_opened                      float64     17                       0.605693                0.375             0.555556             0.597105             0.705254             0.804094  0.128661
proj_hhi_pull_request_review_comment              float64     14                       0.735181             0.370068             0.405892               0.9375                  1.0                  1.0   0.30087
proj_hhi_pull_request_closed                      float64     10                       0.757252             0.526667             0.642399             0.678788             0.964286                  1.0  0.190465
proj_hhi_pull_request_review                      float64      8                       0.545274             0.413775             0.424736             0.433742             0.549775                  1.0   0.21559
proj_prob_hhi_discussion_comment                  float64     17                       0.771666             0.589706             0.679532             0.794872             0.869123             0.904139  0.111901
proj_prob_hhi_issue_comment                       float64     17                       0.767686             0.506173             0.612917             0.829592             0.895062                  1.0  0.153021
proj_prob_hhi_pull_request_comment                float64     17                       0.801478             0.516667             0.606061             0.894419             0.923624                  1.0  0.168829
proj_prob_hhi_pull_request_review_comment         float64     14                       0.869701             0.651515             0.731151               0.9375                  1.0                  1.0    0.1429
proj_prob_hhi_pull_request_review                 float64      8                       0.819829             0.734127             0.768801             0.773788             0.859101                  1.0  0.089373
num_active_members                                  Int64     17                       4.117647                  1.0                  3.0                  4.0                  5.0                 10.0   1.99632

