File: drive/output/derived/org_outcomes_practices/repo_collaboration/important_degree_top3/rolling5/scarletcafe___jishaku.parquet

MD5 hash: b04976cbd70f81b21b8c6988d6a01d64

Keys: time_period 

                                                     type  count                 mean                  min                  25%                  50%                  75%                  max       std
time_period                                datetime64[ns]     12  2021-09-30 20:00:00  2019-01-01 00:00:00  2020-05-16 12:00:00  2021-10-01 00:00:00  2023-02-15 06:00:00  2024-07-01 00:00:00          
avg_members_per_problem                           float64     12             1.395046              1.19802             1.273945                 1.32             1.536401             1.692308  0.176104
pct_members_multiple                              float64     12             0.333117             0.147727             0.163805                 0.27             0.470467             0.615385  0.179129
proj_hhi_discussion_comment                       float64     12             0.519972             0.423608             0.437492             0.534351             0.570312             0.624104    0.0758
proj_hhi_issue_closed                             float64     12             0.843157             0.555556             0.759722             0.895835             0.928676             0.957219  0.126262
proj_hhi_issue_comment                            float64     12             0.516573             0.386243             0.395334             0.551048             0.597451             0.643094  0.104928
proj_hhi_issue_opened                             float64     12             0.661706             0.333333             0.428571                0.625                0.875                  1.0  0.267428
proj_hhi_pull_request_closed                      float64     12             0.843794                0.625             0.720455             0.869318                  1.0                  1.0  0.138903
proj_hhi_pull_request_comment                     float64     12             0.624301              0.57716             0.591651             0.602098             0.641333             0.733871  0.048514
proj_hhi_pull_request_merged                      float64     12                  1.0                  1.0                  1.0                  1.0                  1.0                  1.0       0.0
proj_hhi_pull_request_opened                      float64     12             0.764377                  0.5             0.595238             0.800748             0.890625                  1.0  0.167773
proj_hhi_pull_request_review                      float64      7             0.833333             0.333333                 0.75                  1.0                  1.0                  1.0  0.288675
proj_hhi_pull_request_review_comment              float64      7             0.857143                  0.5                 0.75                  1.0                  1.0                  1.0  0.243975
proj_prob_hhi_discussion_comment                  float64     12               0.8015             0.757143             0.781171             0.798158             0.808759             0.902778  0.037902
proj_prob_hhi_issue_comment                       float64     12             0.786091             0.714286             0.765709             0.786559             0.804925             0.888889  0.044518
proj_prob_hhi_pull_request_comment                float64     12             0.856425             0.727273             0.845142             0.868534             0.894231             0.924731  0.062199
proj_prob_hhi_pull_request_review                 float64      7                  1.0                  1.0                  1.0                  1.0                  1.0                  1.0       0.0
proj_prob_hhi_pull_request_review_comment         float64      7                  1.0                  1.0                  1.0                  1.0                  1.0                  1.0       0.0
num_active_members                                  Int64     12             3.666667                  3.0                  3.0                  3.0                 4.25                  5.0  0.887625

