File: drive/output/derived/org_outcomes_practices/repo_collaboration/important_degree_top3/rolling5/sebp___scikit-survival.parquet

MD5 hash: 6f8ed8f6b2ec8a58f85880b1066b3800

Keys: time_period 

                                                     type  count                 mean                  min                  25%                  50%                  75%                  max       std
time_period                                datetime64[ns]     16  2021-04-01 06:00:00  2017-07-01 00:00:00  2019-05-16 18:00:00  2021-04-01 12:00:00  2023-02-15 06:00:00  2025-01-01 00:00:00          
avg_members_per_problem                           float64     16             1.296211             1.134146             1.166614             1.250889             1.419394             1.533333  0.138808
pct_members_multiple                              float64     16             0.234291                0.125             0.158163             0.187148             0.321195                  0.4  0.099366
proj_hhi_discussion_comment                       float64     16             0.522187              0.41915             0.463865             0.537519             0.561215             0.611891  0.065697
proj_hhi_issue_closed                             float64     16             0.957201             0.834711             0.942972             0.951853                  1.0                  1.0  0.045302
proj_hhi_issue_comment                            float64     16             0.662506                 0.52             0.604872             0.633272             0.734748             0.824407  0.088545
proj_hhi_issue_opened                             float64     16             0.609432             0.277778             0.514385             0.618182               0.6875                  1.0  0.195488
proj_hhi_pull_request_closed                      float64     16              0.95689             0.778571             0.922917                  1.0                  1.0                  1.0  0.072991
proj_hhi_pull_request_opened                      float64     16             0.823294             0.590136             0.630011             0.838246                  1.0                  1.0    0.1701
proj_hhi_pull_request_comment                     float64     15             0.520719             0.394822             0.435718             0.453646             0.478088                  1.0  0.196584
proj_hhi_pull_request_merged                      float64     13                  1.0                  1.0                  1.0                  1.0                  1.0                  1.0       0.0
proj_hhi_pull_request_review_comment              float64     12              0.75019              0.50963             0.573811             0.716667             0.931818                  1.0   0.19336
proj_hhi_pull_request_review                      float64      9             0.551182                  0.5             0.519841             0.533333              0.55929             0.672992  0.052894
proj_prob_hhi_discussion_comment                  float64     16             0.751305             0.708333             0.737127             0.747709             0.766391             0.812563  0.026588
proj_prob_hhi_issue_comment                       float64     16             0.791681             0.708333             0.740476             0.778294             0.860723             0.887324  0.065148
proj_prob_hhi_pull_request_comment                float64     15             0.772839             0.666667             0.715269             0.742486             0.778637                  1.0  0.103058
proj_prob_hhi_pull_request_review_comment         float64     12             0.777385             0.574074             0.638002             0.744444             0.931818                  1.0  0.165869
proj_prob_hhi_pull_request_review                 float64      9             0.592603                  0.5             0.533333              0.59387             0.631687             0.724373  0.070287
num_active_members                                  Int64     16                  4.5                  3.0                 3.75                  4.0                  6.0                  7.0  1.316561

