File: drive/output/derived/org_outcomes_practices/repo_collaboration/important_degree_top3/rolling5/shidenggui___easytrader.parquet

MD5 hash: e2c0d52782321375a9a984c96af2624f

Keys: time_period 

                                                     type  count                 mean                  min                  25%                  50%                  75%                  max       std
time_period                                datetime64[ns]     18  2020-05-11 14:40:00  2016-01-01 00:00:00  2018-02-15 06:00:00  2020-04-01 00:00:00  2022-05-16 18:00:00  2025-01-01 00:00:00          
avg_members_per_problem                           float64     18             1.363376             1.173333             1.204427             1.360465             1.411932                 1.88   0.19716
pct_members_multiple                              float64     18             0.260982             0.142222             0.169978             0.244832             0.291591                 0.52  0.116425
proj_hhi_discussion_comment                       float64     18             0.430197              0.16869             0.254731               0.4585             0.609881             0.650967  0.182294
proj_hhi_issue_closed                             float64     16             0.977096             0.947028             0.957122             0.972295                  1.0                  1.0  0.022069
proj_hhi_issue_comment                            float64     18             0.443563              0.16869             0.254432             0.477447             0.638161             0.688581  0.195005
proj_hhi_issue_opened                             float64     18             0.427701             0.248889             0.382937             0.414587             0.468487             0.666667  0.115777
proj_hhi_pull_request_closed                      float64     10             0.742922                0.625             0.677296             0.720988             0.778061                  1.0   0.10411
proj_hhi_pull_request_comment                     float64     15              0.66092             0.481481             0.556615             0.604766             0.733333                  1.0  0.158587
proj_hhi_pull_request_merged                      float64     15                  1.0                  1.0                  1.0                  1.0                  1.0                  1.0       0.0
proj_hhi_pull_request_opened                      float64     13             0.797391             0.358025             0.534722                  1.0                  1.0                  1.0  0.250293
proj_hhi_pull_request_review_comment              float64     10                  1.0                  1.0                  1.0                  1.0                  1.0                  1.0       0.0
proj_prob_hhi_discussion_comment                  float64     18             0.767871             0.641667             0.722001             0.760097             0.822794             0.845142  0.060534
proj_prob_hhi_issue_comment                       float64     18             0.771427             0.641667             0.722001             0.777221              0.82542             0.869748  0.065308
proj_prob_hhi_pull_request_comment                float64     15             0.821612             0.622222             0.759615                  0.8             0.881944                  1.0  0.101045
proj_prob_hhi_pull_request_review_comment         float64     10                  1.0                  1.0                  1.0                  1.0                  1.0                  1.0       0.0
num_active_members                                  Int64     18             7.111111                  3.0                  5.0                  6.0                 8.75                 14.0  3.445182

