File: drive/output/derived/org_outcomes_practices/repo_collaboration/important_degree_top3/rolling5/snaipe___python-rst2ansi.parquet

MD5 hash: 32d6ff5e2e960b93c2ab0960e96fd7c9

Keys: time_period 

                                                     type  count                 mean                  min                  25%                  50%                  75%                  max       std
time_period                                datetime64[ns]      2  2018-07-02 12:00:00  2016-01-01 00:00:00  2017-04-01 18:00:00  2018-07-02 12:00:00  2019-10-02 06:00:00  2021-01-01 00:00:00          
avg_members_per_problem                           float64      2                  2.0                  2.0                  2.0                  2.0                  2.0                  2.0       0.0
pct_members_multiple                              float64      2                 0.75                  0.5                0.625                 0.75                0.875                  1.0  0.353553
proj_hhi_discussion_comment                       float64      2               0.5275                0.375              0.45125               0.5275              0.60375                 0.68  0.215668
proj_hhi_issue_closed                             float64      2             0.527778                  0.5             0.513889             0.527778             0.541667             0.555556  0.039284
proj_hhi_issue_comment                            float64      2             0.465278                0.375             0.420139             0.465278             0.510417             0.555556  0.127672
proj_hhi_issue_opened                             float64      2             0.777778             0.555556             0.666667             0.777778             0.888889                  1.0   0.31427
proj_hhi_pull_request_closed                      float64      1                  1.0                  1.0                  1.0                  1.0                  1.0                  1.0          
proj_hhi_pull_request_comment                     float64      1                 0.68                 0.68                 0.68                 0.68                 0.68                 0.68          
proj_hhi_pull_request_merged                      float64      1                  1.0                  1.0                  1.0                  1.0                  1.0                  1.0          
proj_hhi_pull_request_opened                      float64      1                  1.0                  1.0                  1.0                  1.0                  1.0                  1.0          
proj_hhi_pull_request_review_comment              float64      1                  1.0                  1.0                  1.0                  1.0                  1.0                  1.0          
proj_prob_hhi_discussion_comment                  float64      2             0.576389                0.375             0.475694             0.576389             0.677083             0.777778  0.284807
proj_prob_hhi_issue_comment                       float64      2             0.493056                0.375             0.434028             0.493056             0.552083             0.611111  0.166956
proj_prob_hhi_pull_request_comment                float64      1                  1.0                  1.0                  1.0                  1.0                  1.0                  1.0          
proj_prob_hhi_pull_request_review_comment         float64      1                  1.0                  1.0                  1.0                  1.0                  1.0                  1.0          
num_active_members                                  Int64      2                  3.0                  3.0                  3.0                  3.0                  3.0                  3.0       0.0

