File: drive/output/derived/org_outcomes_practices/repo_collaboration/important_degree_top3/rolling5/soxoj___socid-extractor.parquet

MD5 hash: cd27f2b56962ea7d37a47454781e803e

Keys: time_period 

                                                     type  count                 mean                  min                  25%                  50%                  75%                  max       std
time_period                                datetime64[ns]      2  2022-04-01 12:00:00  2021-01-01 00:00:00  2021-08-16 18:00:00  2022-04-01 12:00:00  2022-11-15 06:00:00  2023-07-01 00:00:00          
avg_members_per_problem                           float64      2             1.103501              1.09589             1.099696             1.103501             1.107306             1.111111  0.010763
pct_members_multiple                              float64      2             0.103501              0.09589             0.099696             0.103501             0.107306             0.111111  0.010763
proj_hhi_discussion_comment                       float64      2             0.523204              0.47929             0.501247             0.523204             0.545161             0.567118  0.062104
proj_hhi_issue_closed                             float64      2                 0.83                 0.66                0.745                 0.83                0.915                  1.0  0.240416
proj_hhi_issue_comment                            float64      2             0.549478             0.543401             0.546439             0.549478             0.552517             0.555556  0.008595
proj_hhi_issue_opened                             float64      2              0.34375               0.1875             0.265625              0.34375             0.421875                  0.5  0.220971
proj_hhi_pull_request_closed                      float64      2                  1.0                  1.0                  1.0                  1.0                  1.0                  1.0       0.0
proj_hhi_pull_request_comment                     float64      2                 0.76                 0.52                 0.64                 0.76                 0.88                  1.0  0.339411
proj_hhi_pull_request_merged                      float64      2                  1.0                  1.0                  1.0                  1.0                  1.0                  1.0       0.0
proj_hhi_pull_request_opened                      float64      2             0.717778                  0.5             0.608889             0.717778             0.826667             0.935556  0.307984
proj_hhi_pull_request_review                      float64      1                  1.0                  1.0                  1.0                  1.0                  1.0                  1.0          
proj_hhi_pull_request_review_comment              float64      1                  1.0                  1.0                  1.0                  1.0                  1.0                  1.0          
proj_prob_hhi_discussion_comment                  float64      2             0.645947             0.589744             0.617845             0.645947             0.674049             0.702151  0.079484
proj_prob_hhi_issue_comment                       float64      2             0.674138             0.666667             0.670402             0.674138             0.677874             0.681609  0.010566
proj_prob_hhi_pull_request_comment                float64      2             0.783333             0.566667                0.675             0.783333             0.891667                  1.0  0.306413
proj_prob_hhi_pull_request_review                 float64      1                  1.0                  1.0                  1.0                  1.0                  1.0                  1.0          
proj_prob_hhi_pull_request_review_comment         float64      1                  1.0                  1.0                  1.0                  1.0                  1.0                  1.0          
num_active_members                                  Int64      2                  5.5                  4.0                 4.75                  5.5                 6.25                  7.0   2.12132

