File: drive/output/derived/org_outcomes_practices/repo_collaboration/important_degree_top3/rolling5/spider-rs___spider-clients.parquet

MD5 hash: 99967745e78af822fda31255eadc0cfa

Keys: time_period 

                                              type  count                 mean                  min                  25%                  50%                  75%                  max       std
time_period                         datetime64[ns]      3  2024-07-01 16:00:00  2024-01-01 00:00:00  2024-04-01 00:00:00  2024-07-01 00:00:00  2024-10-01 00:00:00  2025-01-01 00:00:00          
avg_members_per_problem                    float64      3             1.853462             1.777778             1.780193             1.782609             1.891304                  2.0  0.126928
pct_members_multiple                       float64      3             0.796321              0.73913             0.739936             0.740741             0.824916             0.909091  0.097665
proj_hhi_discussion_comment                float64      3             0.354809             0.333333             0.335784             0.338235             0.365546             0.392857  0.033042
proj_hhi_issue_closed                      float64      3             0.471111                 0.44                 0.44                 0.44             0.486667             0.533333  0.053886
proj_hhi_issue_comment                     float64      3             0.513889                  0.5                  0.5                  0.5             0.520833             0.541667  0.024056
proj_hhi_issue_opened                      float64      3             0.662857             0.628571             0.654286                 0.68                 0.68                 0.68  0.029692
proj_hhi_pull_request_comment              float64      3             0.728395             0.592593             0.592593             0.592593             0.796296                  1.0  0.235217
proj_hhi_pull_request_merged               float64      3             0.866071             0.785714             0.799107               0.8125              0.90625                  1.0  0.116756
proj_hhi_pull_request_opened               float64      3             0.805902             0.700535             0.708853             0.717172             0.858586                  1.0  0.168299
proj_hhi_pull_request_review               float64      3                  1.0                  1.0                  1.0                  1.0                  1.0                  1.0       0.0
proj_hhi_pull_request_closed               float64      2                0.375                0.375                0.375                0.375                0.375                0.375       0.0
proj_prob_hhi_discussion_comment           float64      3             0.805789             0.753968             0.764239              0.77451             0.831699             0.888889  0.072696
proj_prob_hhi_issue_comment                float64      3             0.733796             0.680556             0.684028               0.6875             0.760417             0.833333  0.086272
proj_prob_hhi_pull_request_comment         float64      3             0.901235             0.851852             0.851852             0.851852             0.925926                  1.0  0.085533
proj_prob_hhi_pull_request_review          float64      3                  1.0                  1.0                  1.0                  1.0                  1.0                  1.0       0.0
num_active_members                           Int64      3             4.333333                  4.0                  4.0                  4.0                  4.5                  5.0   0.57735

