File: drive/output/derived/org_outcomes_practices/repo_collaboration/important_degree_top3/rolling5/tayler6000___pyvoip.parquet

MD5 hash: 3066e36add043a6d9435984c9d338389

Keys: time_period 

                                                     type  count                 mean                  min                  25%                  50%                  75%                  max       std
time_period                                datetime64[ns]      8  2023-04-01 18:00:00  2021-07-01 00:00:00  2022-05-16 18:00:00  2023-04-01 12:00:00  2024-02-15 12:00:00  2025-01-01 00:00:00          
avg_members_per_problem                           float64      8              1.30207             1.171429             1.196772             1.204601             1.218066                  2.0  0.282562
pct_members_multiple                              float64      8             0.283521                 0.16             0.164613             0.187087             0.200352                  1.0  0.290048
proj_hhi_discussion_comment                       float64      8             0.510563             0.452251              0.50853             0.518549              0.52136             0.543814  0.027467
proj_hhi_issue_closed                             float64      8              0.90751                  0.5             0.943452             0.970143             0.974174                  1.0  0.166384
proj_hhi_issue_comment                            float64      8             0.495935             0.463805             0.489506             0.495485             0.506551                 0.52  0.016847
proj_hhi_issue_opened                             float64      8             0.521711             0.442982             0.458211             0.518787             0.563095             0.641176  0.072727
proj_hhi_pull_request_closed                      float64      7             0.864324             0.777778             0.793651             0.833333             0.925926                  1.0  0.096536
proj_hhi_pull_request_comment                     float64      7             0.864695             0.593333             0.774209             0.911111                  1.0                  1.0  0.158218
proj_hhi_pull_request_merged                      float64      7                  1.0                  1.0                  1.0                  1.0                  1.0                  1.0       0.0
proj_hhi_pull_request_opened                      float64      7             0.726911                 0.68             0.714408             0.732079             0.740705             0.766071  0.027579
proj_hhi_pull_request_review                      float64      7             0.866001             0.636364             0.712821                  1.0                  1.0                  1.0  0.169473
proj_hhi_pull_request_review_comment              float64      7             0.831429                 0.52                 0.65                  1.0                  1.0                  1.0  0.216597
proj_prob_hhi_discussion_comment                  float64      8             0.757209             0.557143              0.73557             0.808157             0.817543             0.826829  0.097839
proj_prob_hhi_issue_comment                       float64      8             0.750125             0.557143             0.708447             0.792684             0.821235             0.838686  0.102814
proj_prob_hhi_pull_request_comment                float64      7             0.906082             0.711111             0.852767             0.925926                  1.0                  1.0  0.111014
proj_prob_hhi_pull_request_review                 float64      7             0.886101             0.690909             0.755897                  1.0                  1.0                  1.0  0.144052
proj_prob_hhi_pull_request_review_comment         float64      7             0.836111             0.533333             0.659722                  1.0                  1.0                  1.0   0.21058
num_active_members                                  Int64      8                  4.0                  3.0                  3.0                  3.0                  4.0                  9.0  2.070197

