File: drive/output/derived/org_outcomes_practices/repo_collaboration/important_degree_top3/rolling5/tehmaze___diagram.parquet

MD5 hash: b80ce10a14d0f45c79d0b455d13e50ff

Keys: time_period 

                                                     type  count                 mean                  min                  25%                  50%                  75%                  max       std
time_period                                datetime64[ns]      3  2019-12-31 08:00:00  2018-07-01 00:00:00  2018-12-30 12:00:00  2019-07-01 00:00:00  2020-09-30 12:00:00  2022-01-01 00:00:00          
avg_members_per_problem                           float64      3             1.587302             1.333333             1.380952             1.428571             1.714286                  2.0  0.360566
pct_members_multiple                              float64      3             0.587302             0.333333             0.380952             0.428571             0.714286                  1.0  0.360566
proj_hhi_discussion_comment                       float64      3              0.47449             0.459184             0.461735             0.464286             0.482143                  0.5  0.022239
proj_hhi_issue_closed                             float64      3                  1.0                  1.0                  1.0                  1.0                  1.0                  1.0       0.0
proj_hhi_issue_comment                            float64      3                0.775                0.625               0.6625                  0.7                 0.85                  1.0  0.198431
proj_hhi_issue_opened                             float64      2                  0.5                  0.5                  0.5                  0.5                  0.5                  0.5       0.0
proj_hhi_pull_request_comment                     float64      3             0.704861              0.53125             0.557292             0.583333             0.791667                  1.0  0.256921
proj_hhi_pull_request_merged                      float64      3                  1.0                  1.0                  1.0                  1.0                  1.0                  1.0       0.0
proj_hhi_pull_request_opened                      float64      3                  1.0                  1.0                  1.0                  1.0                  1.0                  1.0       0.0
proj_hhi_pull_request_review_comment              float64      2                  1.0                  1.0                  1.0                  1.0                  1.0                  1.0       0.0
proj_hhi_pull_request_closed                      float64      1                  1.0                  1.0                  1.0                  1.0                  1.0                  1.0          
proj_prob_hhi_discussion_comment                  float64      3              0.77619             0.661905             0.664286             0.666667             0.833333                  1.0  0.193839
proj_prob_hhi_issue_comment                       float64      3                 0.85                 0.75                0.775                  0.8                  0.9                  1.0  0.132288
proj_prob_hhi_pull_request_comment                float64      3             0.783951             0.666667             0.675926             0.685185             0.842593                  1.0  0.187333
proj_prob_hhi_pull_request_review_comment         float64      2                  1.0                  1.0                  1.0                  1.0                  1.0                  1.0       0.0
num_active_members                                  Int64      3             2.333333                  2.0                  2.0                  2.0                  2.5                  3.0   0.57735

