File: drive/output/derived/org_outcomes_practices/repo_collaboration/important_degree_top3/rolling5/uber___petastorm.parquet

MD5 hash: 473555643a7465d57f69e1da3ed1e0d7

Keys: time_period 

                                                     type  count                           mean                  min                  25%                  50%                  75%                  max       std
time_period                                datetime64[ns]     13  2021-07-01 11:04:36.923076864  2018-07-01 00:00:00  2020-01-01 00:00:00  2021-07-01 00:00:00  2023-01-01 00:00:00  2024-07-01 00:00:00          
avg_members_per_problem                           float64     13                       1.255862             1.156051             1.171717             1.244444             1.293194             1.458333  0.094306
pct_members_multiple                              float64     13                       0.229992             0.146497             0.161616             0.226667             0.272251                0.375  0.071907
proj_hhi_discussion_comment                       float64     13                       0.489805             0.345774             0.473314             0.508426              0.51854             0.573328   0.06183
proj_hhi_issue_closed                             float64     13                       0.670583                0.375             0.592308              0.73454             0.754839             0.857988  0.147586
proj_hhi_issue_comment                            float64     13                       0.782272             0.548413             0.726545             0.816242             0.852765             0.939114  0.114907
proj_hhi_issue_opened                             float64     13                       0.702745                  0.4             0.611111             0.802469             0.819652             0.866667  0.170227
proj_hhi_pull_request_closed                      float64     12                       0.846584             0.718095             0.740663             0.802956                  1.0                  1.0  0.118411
proj_hhi_pull_request_comment                     float64     13                        0.40634              0.36455             0.391726             0.405986             0.425119             0.441331  0.024213
proj_hhi_pull_request_merged                      float64     13                       0.809346             0.657143             0.739598             0.828571             0.880943              0.96129  0.098835
proj_hhi_pull_request_opened                      float64     13                       0.727395             0.472222             0.694338             0.720588             0.768999             0.895161  0.098013
proj_hhi_pull_request_review_comment              float64     13                       0.673923             0.505659             0.557043             0.658929             0.769231             0.926829  0.136655
proj_hhi_pull_request_review                      float64      9                       0.870762             0.619048                 0.75             0.897436                  1.0                  1.0   0.14722
proj_prob_hhi_discussion_comment                  float64     13                       0.752699             0.703504             0.735792             0.757092             0.770791             0.784493  0.027045
proj_prob_hhi_issue_comment                       float64     13                       0.912733              0.83908             0.904167             0.919643             0.938948             0.962329  0.039163
proj_prob_hhi_pull_request_comment                float64     13                       0.718456             0.617486             0.696032             0.733815             0.747737                  0.8  0.062678
proj_prob_hhi_pull_request_review_comment         float64     13                        0.79063             0.638889             0.742038             0.776025              0.84279             0.929539  0.077831
proj_prob_hhi_pull_request_review                 float64      9                       0.931266             0.809524                0.875             0.948718                  1.0                  1.0  0.079651
num_active_members                                  Int64     13                       3.769231                  3.0                  3.0                  3.0                  4.0                  7.0  1.363442

