File: drive/output/derived/org_outcomes_practices/repo_collaboration/important_degree_top3/rolling5/wemake-services___wemake-python-styleguide.parquet

MD5 hash: fddd43739026e6cc22c2c7863e880056

Keys: time_period 

                                                     type  count                 mean                  min                  25%                  50%                  75%                  max       std
time_period                                datetime64[ns]     15  2021-07-01 14:24:00  2018-01-01 00:00:00  2019-10-01 00:00:00  2021-07-01 00:00:00  2023-04-01 12:00:00  2025-01-01 00:00:00          
avg_members_per_problem                           float64     15             1.189073             1.036145             1.055223             1.201502              1.29238                 1.48  0.142185
pct_members_multiple                              float64     15             0.173855             0.033467             0.049413             0.197747             0.277295                 0.36  0.124581
proj_hhi_discussion_comment                       float64     15             0.531641             0.390219             0.455142             0.528496             0.607584             0.635416  0.083196
proj_hhi_issue_closed                             float64     15             0.973314             0.834711             0.971415              0.98415             0.994744                  1.0  0.040809
proj_hhi_issue_comment                            float64     15             0.783028             0.413194             0.720186             0.819534             0.865686             0.909632  0.123588
proj_hhi_issue_opened                             float64     15             0.784216             0.533464             0.700373             0.798107             0.895335             0.987563  0.147731
proj_hhi_pull_request_comment                     float64     15             0.584791             0.440246             0.492216             0.566142             0.685786             0.726692  0.105304
proj_hhi_pull_request_merged                      float64     15                  1.0                  1.0                  1.0                  1.0                  1.0                  1.0       0.0
proj_hhi_pull_request_opened                      float64     15              0.81368             0.555556             0.768736             0.845238             0.887325             0.924712  0.101271
proj_hhi_pull_request_closed                      float64     14             0.930954             0.791304             0.867407              0.95513                  1.0                  1.0  0.070032
proj_hhi_pull_request_review_comment              float64     14             0.921173             0.772582             0.898554             0.945642             0.974763                  1.0  0.074201
proj_hhi_pull_request_review                      float64     10             0.961522             0.878253             0.938701              0.98539             0.990605             0.994245  0.041854
proj_prob_hhi_discussion_comment                  float64     15              0.84798             0.601173             0.855116             0.865953             0.873289             0.882247  0.069284
proj_prob_hhi_issue_comment                       float64     15             0.871345             0.609848              0.83901             0.897884             0.920875             0.947478  0.083121
proj_prob_hhi_pull_request_comment                float64     15              0.83109             0.571429             0.792906             0.841733             0.904754             0.922222  0.091756
proj_prob_hhi_pull_request_review_comment         float64     14             0.956013             0.887086             0.932565             0.968717             0.979727                  1.0  0.035414
proj_prob_hhi_pull_request_review                 float64     10             0.975227             0.923441             0.963246             0.988308             0.992902             0.995652   0.02575
num_active_members                                  Int64     15             3.666667                  3.0                  3.0                  3.0                  3.0                  9.0  1.632993

