File: drive/output/derived/org_outcomes_practices/repo_collaboration/important_degree_top3/rolling5/wialon___gmqtt.parquet

MD5 hash: b9da973a062b19f1e951665629d9b5c3

Keys: time_period 

                                                     type  count                           mean                  min                  25%                  50%                  75%                  max       std
time_period                                datetime64[ns]     11  2021-02-18 17:27:16.363636480  2018-07-01 00:00:00  2019-10-01 00:00:00  2021-01-01 00:00:00  2022-07-02 12:00:00  2024-01-01 00:00:00          
avg_members_per_problem                           float64     11                       1.464107             1.135135             1.377388             1.489796             1.566667                 1.75  0.198155
pct_members_multiple                              float64     11                       0.354712             0.135135             0.297663             0.346939             0.439583               0.5625  0.133963
proj_hhi_discussion_comment                       float64     11                       0.363587                0.275             0.322346             0.360351             0.385481                  0.5  0.064515
proj_hhi_issue_comment                            float64     11                       0.487157             0.343743             0.386541             0.393939             0.505083                  1.0  0.192421
proj_hhi_issue_opened                             float64     11                       0.562834              0.34375             0.454963                  0.5                  0.5                  1.0  0.221207
proj_hhi_pull_request_closed                      float64     11                            1.0                  1.0                  1.0                  1.0                  1.0                  1.0       0.0
proj_hhi_pull_request_comment                     float64     11                       0.675208             0.366667             0.555556             0.757619             0.807519             0.828571  0.172342
proj_hhi_pull_request_merged                      float64     11                       0.815554             0.571429             0.675676             0.733333                  1.0                  1.0  0.180828
proj_hhi_pull_request_opened                      float64     11                       0.854438             0.666667               0.8125             0.898148             0.914729              0.94086  0.087016
proj_hhi_issue_closed                             float64     10                       0.705576             0.486275             0.623282             0.654023             0.783333                  1.0  0.179291
proj_hhi_pull_request_review_comment              float64      9                       0.554796             0.512465             0.536842             0.536842             0.555556             0.666667  0.044156
proj_hhi_pull_request_review                      float64      5                       0.711111             0.555556             0.666667             0.666667             0.666667                  1.0  0.168508
proj_prob_hhi_discussion_comment                  float64     11                       0.728059             0.646518             0.651306             0.665306             0.766667                  1.0  0.111509
proj_prob_hhi_issue_comment                       float64     11                       0.742996             0.627445             0.632563             0.642056             0.840278                  1.0  0.150978
proj_prob_hhi_pull_request_comment                float64     11                       0.927946             0.666667                  0.9                  1.0                  1.0                  1.0  0.126971
proj_prob_hhi_pull_request_review_comment         float64      9                       0.554796             0.512465             0.536842             0.536842             0.555556             0.666667  0.044156
proj_prob_hhi_pull_request_review                 float64      5                       0.711111             0.555556             0.666667             0.666667             0.666667                  1.0  0.168508
num_active_members                                  Int64     11                       4.727273                  2.0                  3.0                  4.0                  6.0                  9.0  2.284334

