File:  issue/event_study/graphs_all/project_clus_ov_imp_imp_comm/mean_cluster_overlap_2p_back_bin_third_1_imp_to_imp_overall_2p_back_bin_median_0_controls_all.csv 
MD5:   413807ab9dee12b1a08eef11c1ae16b5 
Key:   repo_name 
 
 ========================================================= 
 variable_name   type      N   uniqueN mean  sd  min  max  
 --------------------------------------------------------- 
 repo_name     character 6,092  6,092  NULL NULL NULL NULL 
 treated        logical  6,092    2    NULL NULL NULL NULL 
 --------------------------------------------------------- 

File:  issue/event_study/graphs_all/project_clus_ov_imp_imp_comm/mean_cluster_overlap_2p_back_bin_third_1_imp_to_imp_overall_2p_back_bin_median_1_controls_all.csv 
MD5:   2f6e32353735e41d3aa04d0564245ea3 
Key:   repo_name 
 
 ========================================================= 
 variable_name   type      N   uniqueN mean  sd  min  max  
 --------------------------------------------------------- 
 repo_name     character 6,084  6,084  NULL NULL NULL NULL 
 treated        logical  6,084    2    NULL NULL NULL NULL 
 --------------------------------------------------------- 

File:  issue/event_study/graphs_all/project_clus_ov_imp_imp_comm/mean_cluster_overlap_2p_back_bin_third_2_imp_to_imp_overall_2p_back_bin_median_0_controls_all.csv 
MD5:   3fb8f17e77510b2a01c6fbd7c678a1e9 
Key:   repo_name 
 
 ========================================================= 
 variable_name   type      N   uniqueN mean  sd  min  max  
 --------------------------------------------------------- 
 repo_name     character 6,131  6,131  NULL NULL NULL NULL 
 treated        logical  6,131    2    NULL NULL NULL NULL 
 --------------------------------------------------------- 

File:  issue/event_study/graphs_all/project_clus_ov_imp_imp_comm/mean_cluster_overlap_2p_back_bin_third_2_imp_to_imp_overall_2p_back_bin_median_1_controls_all.csv 
MD5:   7c9005cf033614751ee451905576bf09 
Key:   repo_name 
 
 ========================================================= 
 variable_name   type      N   uniqueN mean  sd  min  max  
 --------------------------------------------------------- 
 repo_name     character 6,116  6,116  NULL NULL NULL NULL 
 treated        logical  6,116    2    NULL NULL NULL NULL 
 --------------------------------------------------------- 

File:  issue/event_study/graphs_all/project_clus_ov_imp_imp_comm/mean_cluster_overlap_2p_back_bin_third_3_imp_to_imp_overall_2p_back_bin_median_0_controls_all.csv 
MD5:   ae5a18adce5463bc67f983aab0062afa 
Key:   repo_name 
 
 ========================================================= 
 variable_name   type      N   uniqueN mean  sd  min  max  
 --------------------------------------------------------- 
 repo_name     character 6,114  6,114  NULL NULL NULL NULL 
 treated        logical  6,114    2    NULL NULL NULL NULL 
 --------------------------------------------------------- 

File:  issue/event_study/graphs_all/project_clus_ov_imp_imp_comm/mean_cluster_overlap_2p_back_bin_third_3_imp_to_imp_overall_2p_back_bin_median_1_controls_all.csv 
MD5:   83cc9c88dcca3f0596ad77238b782f87 
Key:   repo_name 
 
 ========================================================= 
 variable_name   type      N   uniqueN mean  sd  min  max  
 --------------------------------------------------------- 
 repo_name     character 6,136  6,136  NULL NULL NULL NULL 
 treated        logical  6,136    2    NULL NULL NULL NULL 
 --------------------------------------------------------- 

File:  issue/event_study/graphs_all/project_clus_ov_imp_imp_comm/mean_cluster_overlap_2p_back_bin_median_0_imp_to_imp_overall_2p_back_bin_median_0_controls_exact.csv 
MD5:   636c776e8b4ff67d57d5136fd3611450 
Key:   repo_name 
 
 ======================================================= 
 variable_name   type     N  uniqueN mean  sd  min  max  
 ------------------------------------------------------- 
 repo_name     character 616   616   NULL NULL NULL NULL 
 treated        logical  616    2    NULL NULL NULL NULL 
 ------------------------------------------------------- 

File:  issue/event_study/graphs_all/project_clus_ov_imp_imp_comm/mean_cluster_overlap_2p_back_bin_median_0_imp_to_imp_overall_2p_back_bin_median_1_controls_exact.csv 
MD5:   fa341bf99432e58c8e3a9d447b7b4aac 
Key:   repo_name 
 
 ======================================================= 
 variable_name   type     N  uniqueN mean  sd  min  max  
 ------------------------------------------------------- 
 repo_name     character 119   119   NULL NULL NULL NULL 
 treated        logical  119    2    NULL NULL NULL NULL 
 ------------------------------------------------------- 

File:  issue/event_study/graphs_all/project_clus_ov_imp_imp_comm/mean_cluster_overlap_2p_back_bin_median_1_imp_to_imp_overall_2p_back_bin_median_0_controls_exact.csv 
MD5:   83445f1133c1d8e8458ce75879475f9f 
Key:   repo_name 
 
 ======================================================= 
 variable_name   type     N  uniqueN mean  sd  min  max  
 ------------------------------------------------------- 
 repo_name     character 325   325   NULL NULL NULL NULL 
 treated        logical  325    2    NULL NULL NULL NULL 
 ------------------------------------------------------- 

File:  issue/event_study/graphs_all/project_clus_ov_imp_imp_comm/mean_cluster_overlap_2p_back_bin_median_1_imp_to_imp_overall_2p_back_bin_median_1_controls_exact.csv 
MD5:   05f72f6536b3ed0f33aad23c1c1900d5 
Key:   repo_name 
 
 ======================================================= 
 variable_name   type     N  uniqueN mean  sd  min  max  
 ------------------------------------------------------- 
 repo_name     character 367   367   NULL NULL NULL NULL 
 treated        logical  367    2    NULL NULL NULL NULL 
 ------------------------------------------------------- 

File:  issue/event_study/graphs_all/project_clus_ov_imp_imp_comm/mean_cluster_overlap_2p_back_bin_third_1_imp_to_imp_overall_2p_back_bin_median_0_controls_exact.csv 
MD5:   04d40bb9af63f216a9763afb5ab1bcf9 
Key:   repo_name 
 
 ======================================================= 
 variable_name   type     N  uniqueN mean  sd  min  max  
 ------------------------------------------------------- 
 repo_name     character 254   254   NULL NULL NULL NULL 
 treated        logical  254    2    NULL NULL NULL NULL 
 ------------------------------------------------------- 

File:  issue/event_study/graphs_all/project_clus_ov_imp_imp_comm/mean_cluster_overlap_2p_back_bin_third_1_imp_to_imp_overall_2p_back_bin_median_1_controls_exact.csv 
MD5:   9e29f12f3d34a853eef684641774d96d 
Key:   repo_name 
 
 ====================================================== 
 variable_name   type    N  uniqueN mean  sd  min  max  
 ------------------------------------------------------ 
 repo_name     character 11   11    NULL NULL NULL NULL 
 treated        logical  11    1    NULL NULL NULL NULL 
 ------------------------------------------------------ 

File:  issue/event_study/graphs_all/project_clus_ov_imp_imp_comm/mean_cluster_overlap_2p_back_bin_third_2_imp_to_imp_overall_2p_back_bin_median_0_controls_exact.csv 
MD5:   f9bea33802e1c8718e175e114e526215 
Key:   repo_name 
 
 ======================================================= 
 variable_name   type     N  uniqueN mean  sd  min  max  
 ------------------------------------------------------- 
 repo_name     character 511   511   NULL NULL NULL NULL 
 treated        logical  511    2    NULL NULL NULL NULL 
 ------------------------------------------------------- 

File:  issue/event_study/graphs_all/project_clus_ov_imp_imp_comm/mean_cluster_overlap_2p_back_bin_third_2_imp_to_imp_overall_2p_back_bin_median_1_controls_exact.csv 
MD5:   3bbc733839168fe6541fd25c62ed139f 
Key:   repo_name 
 
 ======================================================= 
 variable_name   type     N  uniqueN mean  sd  min  max  
 ------------------------------------------------------- 
 repo_name     character 217   217   NULL NULL NULL NULL 
 treated        logical  217    2    NULL NULL NULL NULL 
 ------------------------------------------------------- 

File:  issue/event_study/graphs_all/project_clus_ov_imp_imp_comm/mean_cluster_overlap_2p_back_bin_third_3_imp_to_imp_overall_2p_back_bin_median_0_controls_exact.csv 
MD5:   9aee530e7a383c7a2ba02968e33f0f1d 
Key:   repo_name 
 
 ======================================================= 
 variable_name   type     N  uniqueN mean  sd  min  max  
 ------------------------------------------------------- 
 repo_name     character 176   176   NULL NULL NULL NULL 
 treated        logical  176    2    NULL NULL NULL NULL 
 ------------------------------------------------------- 

File:  issue/event_study/graphs_all/project_clus_ov_imp_imp_comm/mean_cluster_overlap_2p_back_bin_third_3_imp_to_imp_overall_2p_back_bin_median_1_controls_exact.csv 
MD5:   5f074c07238caf59560219c3c97c4d01 
Key:   repo_name 
 
 ======================================================= 
 variable_name   type     N  uniqueN mean  sd  min  max  
 ------------------------------------------------------- 
 repo_name     character 258   258   NULL NULL NULL NULL 
 treated        logical  258    2    NULL NULL NULL NULL 
 ------------------------------------------------------- 

File:  issue/event_study/graphs_all/project_clus_ov_imp_imp_comm/mean_cluster_overlap_2p_back_bin_median_0_imp_to_imp_overall_2p_back_bin_median_0_controls_exact.csv 
MD5:   636c776e8b4ff67d57d5136fd3611450 
Key:   repo_name 
 
 ======================================================= 
 variable_name   type     N  uniqueN mean  sd  min  max  
 ------------------------------------------------------- 
 repo_name     character 616   616   NULL NULL NULL NULL 
 treated        logical  616    2    NULL NULL NULL NULL 
 ------------------------------------------------------- 

File:  issue/event_study/graphs_all/project_clus_ov_imp_imp_comm/mean_cluster_overlap_2p_back_bin_median_0_imp_to_imp_overall_2p_back_bin_median_1_controls_exact.csv 
MD5:   fa341bf99432e58c8e3a9d447b7b4aac 
Key:   repo_name 
 
 ======================================================= 
 variable_name   type     N  uniqueN mean  sd  min  max  
 ------------------------------------------------------- 
 repo_name     character 119   119   NULL NULL NULL NULL 
 treated        logical  119    2    NULL NULL NULL NULL 
 ------------------------------------------------------- 

File:  issue/event_study/graphs_all/project_clus_ov_imp_imp_comm/mean_cluster_overlap_2p_back_bin_median_1_imp_to_imp_overall_2p_back_bin_median_0_controls_exact.csv 
MD5:   83445f1133c1d8e8458ce75879475f9f 
Key:   repo_name 
 
 ======================================================= 
 variable_name   type     N  uniqueN mean  sd  min  max  
 ------------------------------------------------------- 
 repo_name     character 325   325   NULL NULL NULL NULL 
 treated        logical  325    2    NULL NULL NULL NULL 
 ------------------------------------------------------- 

File:  issue/event_study/graphs_all/project_clus_ov_imp_imp_comm/mean_cluster_overlap_2p_back_bin_median_1_imp_to_imp_overall_2p_back_bin_median_1_controls_exact.csv 
MD5:   05f72f6536b3ed0f33aad23c1c1900d5 
Key:   repo_name 
 
 ======================================================= 
 variable_name   type     N  uniqueN mean  sd  min  max  
 ------------------------------------------------------- 
 repo_name     character 367   367   NULL NULL NULL NULL 
 treated        logical  367    2    NULL NULL NULL NULL 
 ------------------------------------------------------- 

File:  issue/event_study/graphs_all/project_clus_ov_imp_imp_comm/mean_cluster_overlap_2p_back_bin_third_1_imp_to_imp_overall_2p_back_bin_median_0_controls_exact.csv 
MD5:   04d40bb9af63f216a9763afb5ab1bcf9 
Key:   repo_name 
 
 ======================================================= 
 variable_name   type     N  uniqueN mean  sd  min  max  
 ------------------------------------------------------- 
 repo_name     character 254   254   NULL NULL NULL NULL 
 treated        logical  254    2    NULL NULL NULL NULL 
 ------------------------------------------------------- 

File:  issue/event_study/graphs_all/project_clus_ov_imp_imp_comm/mean_cluster_overlap_2p_back_bin_third_1_imp_to_imp_overall_2p_back_bin_median_1_controls_exact.csv 
MD5:   9e29f12f3d34a853eef684641774d96d 
Key:   repo_name 
 
 ====================================================== 
 variable_name   type    N  uniqueN mean  sd  min  max  
 ------------------------------------------------------ 
 repo_name     character 11   11    NULL NULL NULL NULL 
 treated        logical  11    1    NULL NULL NULL NULL 
 ------------------------------------------------------ 

File:  issue/event_study/graphs_all/project_clus_ov_imp_imp_comm/mean_cluster_overlap_2p_back_bin_third_2_imp_to_imp_overall_2p_back_bin_median_0_controls_exact.csv 
MD5:   f9bea33802e1c8718e175e114e526215 
Key:   repo_name 
 
 ======================================================= 
 variable_name   type     N  uniqueN mean  sd  min  max  
 ------------------------------------------------------- 
 repo_name     character 511   511   NULL NULL NULL NULL 
 treated        logical  511    2    NULL NULL NULL NULL 
 ------------------------------------------------------- 

File:  issue/event_study/graphs_all/project_clus_ov_imp_imp_comm/mean_cluster_overlap_2p_back_bin_third_2_imp_to_imp_overall_2p_back_bin_median_1_controls_exact.csv 
MD5:   3bbc733839168fe6541fd25c62ed139f 
Key:   repo_name 
 
 ======================================================= 
 variable_name   type     N  uniqueN mean  sd  min  max  
 ------------------------------------------------------- 
 repo_name     character 217   217   NULL NULL NULL NULL 
 treated        logical  217    2    NULL NULL NULL NULL 
 ------------------------------------------------------- 

File:  issue/event_study/graphs_all/project_clus_ov_imp_imp_comm/mean_cluster_overlap_2p_back_bin_third_3_imp_to_imp_overall_2p_back_bin_median_0_controls_exact.csv 
MD5:   9aee530e7a383c7a2ba02968e33f0f1d 
Key:   repo_name 
 
 ======================================================= 
 variable_name   type     N  uniqueN mean  sd  min  max  
 ------------------------------------------------------- 
 repo_name     character 176   176   NULL NULL NULL NULL 
 treated        logical  176    2    NULL NULL NULL NULL 
 ------------------------------------------------------- 

File:  issue/event_study/graphs_all/project_clus_ov_imp_imp_comm/mean_cluster_overlap_2p_back_bin_third_3_imp_to_imp_overall_2p_back_bin_median_1_controls_exact.csv 
MD5:   5f074c07238caf59560219c3c97c4d01 
Key:   repo_name 
 
 ======================================================= 
 variable_name   type     N  uniqueN mean  sd  min  max  
 ------------------------------------------------------- 
 repo_name     character 258   258   NULL NULL NULL NULL 
 treated        logical  258    2    NULL NULL NULL NULL 
 ------------------------------------------------------- 

File:  issue/event_study/graphs_all/project_clus_ov_imp_imp_comm/mean_cluster_overlap_2p_back_bin_median_0_imp_to_imp_overall_2p_back_bin_median_0_controls_restrictive.csv 
MD5:   636c776e8b4ff67d57d5136fd3611450 
Key:   repo_name 
 
 ======================================================= 
 variable_name   type     N  uniqueN mean  sd  min  max  
 ------------------------------------------------------- 
 repo_name     character 616   616   NULL NULL NULL NULL 
 treated        logical  616    2    NULL NULL NULL NULL 
 ------------------------------------------------------- 

File:  issue/event_study/graphs_all/project_clus_ov_imp_imp_comm/mean_cluster_overlap_2p_back_bin_median_0_imp_to_imp_overall_2p_back_bin_median_1_controls_restrictive.csv 
MD5:   fa341bf99432e58c8e3a9d447b7b4aac 
Key:   repo_name 
 
 ======================================================= 
 variable_name   type     N  uniqueN mean  sd  min  max  
 ------------------------------------------------------- 
 repo_name     character 119   119   NULL NULL NULL NULL 
 treated        logical  119    2    NULL NULL NULL NULL 
 ------------------------------------------------------- 

File:  issue/event_study/graphs_all/project_clus_ov_imp_imp_comm/mean_cluster_overlap_2p_back_bin_median_1_imp_to_imp_overall_2p_back_bin_median_0_controls_restrictive.csv 
MD5:   83445f1133c1d8e8458ce75879475f9f 
Key:   repo_name 
 
 ======================================================= 
 variable_name   type     N  uniqueN mean  sd  min  max  
 ------------------------------------------------------- 
 repo_name     character 325   325   NULL NULL NULL NULL 
 treated        logical  325    2    NULL NULL NULL NULL 
 ------------------------------------------------------- 

File:  issue/event_study/graphs_all/project_clus_ov_imp_imp_comm/mean_cluster_overlap_2p_back_bin_median_1_imp_to_imp_overall_2p_back_bin_median_1_controls_restrictive.csv 
MD5:   05f72f6536b3ed0f33aad23c1c1900d5 
Key:   repo_name 
 
 ======================================================= 
 variable_name   type     N  uniqueN mean  sd  min  max  
 ------------------------------------------------------- 
 repo_name     character 367   367   NULL NULL NULL NULL 
 treated        logical  367    2    NULL NULL NULL NULL 
 ------------------------------------------------------- 

File:  issue/event_study/graphs_all/project_clus_ov_imp_imp_comm/mean_cluster_overlap_2p_back_bin_third_1_imp_to_imp_overall_2p_back_bin_median_0_controls_restrictive.csv 
MD5:   04d40bb9af63f216a9763afb5ab1bcf9 
Key:   repo_name 
 
 ======================================================= 
 variable_name   type     N  uniqueN mean  sd  min  max  
 ------------------------------------------------------- 
 repo_name     character 254   254   NULL NULL NULL NULL 
 treated        logical  254    2    NULL NULL NULL NULL 
 ------------------------------------------------------- 

File:  issue/event_study/graphs_all/project_clus_ov_imp_imp_comm/mean_cluster_overlap_2p_back_bin_third_1_imp_to_imp_overall_2p_back_bin_median_1_controls_restrictive.csv 
MD5:   9e29f12f3d34a853eef684641774d96d 
Key:   repo_name 
 
 ====================================================== 
 variable_name   type    N  uniqueN mean  sd  min  max  
 ------------------------------------------------------ 
 repo_name     character 11   11    NULL NULL NULL NULL 
 treated        logical  11    1    NULL NULL NULL NULL 
 ------------------------------------------------------ 

File:  issue/event_study/graphs_all/project_clus_ov_imp_imp_comm/mean_cluster_overlap_2p_back_bin_third_2_imp_to_imp_overall_2p_back_bin_median_0_controls_restrictive.csv 
MD5:   f9bea33802e1c8718e175e114e526215 
Key:   repo_name 
 
 ======================================================= 
 variable_name   type     N  uniqueN mean  sd  min  max  
 ------------------------------------------------------- 
 repo_name     character 511   511   NULL NULL NULL NULL 
 treated        logical  511    2    NULL NULL NULL NULL 
 ------------------------------------------------------- 

File:  issue/event_study/graphs_all/project_clus_ov_imp_imp_comm/mean_cluster_overlap_2p_back_bin_third_2_imp_to_imp_overall_2p_back_bin_median_1_controls_restrictive.csv 
MD5:   3bbc733839168fe6541fd25c62ed139f 
Key:   repo_name 
 
 ======================================================= 
 variable_name   type     N  uniqueN mean  sd  min  max  
 ------------------------------------------------------- 
 repo_name     character 217   217   NULL NULL NULL NULL 
 treated        logical  217    2    NULL NULL NULL NULL 
 ------------------------------------------------------- 

File:  issue/event_study/graphs_all/project_clus_ov_imp_imp_comm/mean_cluster_overlap_2p_back_bin_third_3_imp_to_imp_overall_2p_back_bin_median_0_controls_restrictive.csv 
MD5:   9aee530e7a383c7a2ba02968e33f0f1d 
Key:   repo_name 
 
 ======================================================= 
 variable_name   type     N  uniqueN mean  sd  min  max  
 ------------------------------------------------------- 
 repo_name     character 176   176   NULL NULL NULL NULL 
 treated        logical  176    2    NULL NULL NULL NULL 
 ------------------------------------------------------- 

File:  issue/event_study/graphs_all/project_clus_ov_imp_imp_comm/mean_cluster_overlap_2p_back_bin_third_3_imp_to_imp_overall_2p_back_bin_median_1_controls_restrictive.csv 
MD5:   5f074c07238caf59560219c3c97c4d01 
Key:   repo_name 
 
 ======================================================= 
 variable_name   type     N  uniqueN mean  sd  min  max  
 ------------------------------------------------------- 
 repo_name     character 258   258   NULL NULL NULL NULL 
 treated        logical  258    2    NULL NULL NULL NULL 
 ------------------------------------------------------- 

File:  issue/event_study/graphs_all/project_clus_ov_imp_imp_comm/mean_cluster_overlap_2p_back_bin_median_0_imp_to_imp_overall_2p_back_bin_median_0_controls_restrictive.csv 
MD5:   636c776e8b4ff67d57d5136fd3611450 
Key:   repo_name 
 
 ======================================================= 
 variable_name   type     N  uniqueN mean  sd  min  max  
 ------------------------------------------------------- 
 repo_name     character 616   616   NULL NULL NULL NULL 
 treated        logical  616    2    NULL NULL NULL NULL 
 ------------------------------------------------------- 

File:  issue/event_study/graphs_all/project_clus_ov_imp_imp_comm/mean_cluster_overlap_2p_back_bin_median_0_imp_to_imp_overall_2p_back_bin_median_1_controls_restrictive.csv 
MD5:   fa341bf99432e58c8e3a9d447b7b4aac 
Key:   repo_name 
 
 ======================================================= 
 variable_name   type     N  uniqueN mean  sd  min  max  
 ------------------------------------------------------- 
 repo_name     character 119   119   NULL NULL NULL NULL 
 treated        logical  119    2    NULL NULL NULL NULL 
 ------------------------------------------------------- 

File:  issue/event_study/graphs_all/project_clus_ov_imp_imp_comm/mean_cluster_overlap_2p_back_bin_median_1_imp_to_imp_overall_2p_back_bin_median_0_controls_restrictive.csv 
MD5:   83445f1133c1d8e8458ce75879475f9f 
Key:   repo_name 
 
 ======================================================= 
 variable_name   type     N  uniqueN mean  sd  min  max  
 ------------------------------------------------------- 
 repo_name     character 325   325   NULL NULL NULL NULL 
 treated        logical  325    2    NULL NULL NULL NULL 
 ------------------------------------------------------- 

File:  issue/event_study/graphs_all/project_clus_ov_imp_imp_comm/mean_cluster_overlap_2p_back_bin_median_1_imp_to_imp_overall_2p_back_bin_median_1_controls_restrictive.csv 
MD5:   05f72f6536b3ed0f33aad23c1c1900d5 
Key:   repo_name 
 
 ======================================================= 
 variable_name   type     N  uniqueN mean  sd  min  max  
 ------------------------------------------------------- 
 repo_name     character 367   367   NULL NULL NULL NULL 
 treated        logical  367    2    NULL NULL NULL NULL 
 ------------------------------------------------------- 

File:  issue/event_study/graphs_all/project_clus_ov_imp_imp_comm/mean_cluster_overlap_2p_back_bin_third_1_imp_to_imp_overall_2p_back_bin_median_0_controls_restrictive.csv 
MD5:   04d40bb9af63f216a9763afb5ab1bcf9 
Key:   repo_name 
 
 ======================================================= 
 variable_name   type     N  uniqueN mean  sd  min  max  
 ------------------------------------------------------- 
 repo_name     character 254   254   NULL NULL NULL NULL 
 treated        logical  254    2    NULL NULL NULL NULL 
 ------------------------------------------------------- 

File:  issue/event_study/graphs_all/project_clus_ov_imp_imp_comm/mean_cluster_overlap_2p_back_bin_third_1_imp_to_imp_overall_2p_back_bin_median_1_controls_restrictive.csv 
MD5:   9e29f12f3d34a853eef684641774d96d 
Key:   repo_name 
 
 ====================================================== 
 variable_name   type    N  uniqueN mean  sd  min  max  
 ------------------------------------------------------ 
 repo_name     character 11   11    NULL NULL NULL NULL 
 treated        logical  11    1    NULL NULL NULL NULL 
 ------------------------------------------------------ 

File:  issue/event_study/graphs_all/project_clus_ov_imp_imp_comm/mean_cluster_overlap_2p_back_bin_third_2_imp_to_imp_overall_2p_back_bin_median_0_controls_restrictive.csv 
MD5:   f9bea33802e1c8718e175e114e526215 
Key:   repo_name 
 
 ======================================================= 
 variable_name   type     N  uniqueN mean  sd  min  max  
 ------------------------------------------------------- 
 repo_name     character 511   511   NULL NULL NULL NULL 
 treated        logical  511    2    NULL NULL NULL NULL 
 ------------------------------------------------------- 

File:  issue/event_study/graphs_all/project_clus_ov_imp_imp_comm/mean_cluster_overlap_2p_back_bin_third_2_imp_to_imp_overall_2p_back_bin_median_1_controls_restrictive.csv 
MD5:   3bbc733839168fe6541fd25c62ed139f 
Key:   repo_name 
 
 ======================================================= 
 variable_name   type     N  uniqueN mean  sd  min  max  
 ------------------------------------------------------- 
 repo_name     character 217   217   NULL NULL NULL NULL 
 treated        logical  217    2    NULL NULL NULL NULL 
 ------------------------------------------------------- 

File:  issue/event_study/graphs_all/project_clus_ov_imp_imp_comm/mean_cluster_overlap_2p_back_bin_third_3_imp_to_imp_overall_2p_back_bin_median_0_controls_restrictive.csv 
MD5:   9aee530e7a383c7a2ba02968e33f0f1d 
Key:   repo_name 
 
 ======================================================= 
 variable_name   type     N  uniqueN mean  sd  min  max  
 ------------------------------------------------------- 
 repo_name     character 176   176   NULL NULL NULL NULL 
 treated        logical  176    2    NULL NULL NULL NULL 
 ------------------------------------------------------- 

File:  issue/event_study/graphs_all/project_clus_ov_imp_imp_comm/mean_cluster_overlap_2p_back_bin_third_3_imp_to_imp_overall_2p_back_bin_median_1_controls_restrictive.csv 
MD5:   5f074c07238caf59560219c3c97c4d01 
Key:   repo_name 
 
 ======================================================= 
 variable_name   type     N  uniqueN mean  sd  min  max  
 ------------------------------------------------------- 
 repo_name     character 258   258   NULL NULL NULL NULL 
 treated        logical  258    2    NULL NULL NULL NULL 
 ------------------------------------------------------- 
