File: drive/output/scrape/extract_github_data/repo_level_data/issue/a-minos___nonebot-plugin-tetris-stats.parquet

MD5 hash: fedbb9e335c0b5db74853d837212e384

Keys: issue_number type created_at actor_id 

                           type  count unique             mean               std           min            25%           50%            75%           max
issue_number              int64    253              246.142292         163.61585           1.0           95.0         212.0          375.0         548.0
type                     object    253      2                                                                                                           
created_at               object    253    251                                                                                                           
actor_id                  int64    253         47314485.300395    9494904.316154    22429695.0     49699333.0    49699333.0     51957264.0    62456622.0
repo_id                   int64    253             495644324.0               0.0   495644324.0    495644324.0   495644324.0    495644324.0   495644324.0
repo_name                object    253      1                                                                                                           
actor_login              object    253      8                                                                                                           
issue_body               object     35     16                                                                                                           
issue_title              object     35     22                                                                                                           
issue_action             object     35      2                                                                                                           
issue_state              object     35      2                                                                                                           
issue_comment_id        float64    218            1954795093.5  431479292.448859  1220833601.0  1588338199.75  1873455394.5  2268125795.75  2997790986.0
issue_user_id             int64    253         50155376.865613    5800721.156256    29139614.0     49699333.0    49699333.0     51957264.0    66853113.0
issue_comment_body       object    218    153                                                                                                           
latest_issue_assignees   object    218      3                                                                                                           
latest_issue_assignee    object    218      1                                                                                                           
latest_issue_labels      object    218      7                                                                                                           
actor_type               object    218      2                                                                                                           

