File: drive/output/scrape/extract_github_data/repo_level_data/issue/adafruit___adafruit_circuitpython_ssd1322.parquet

MD5 hash: 168a1c093fde3cd57d5e79acc2ea1562

Keys: issue_number type created_at actor_id 

                           type  count unique               mean               std          min           25%           50%           75%           max
issue_number              int64     31                 13.516129          7.566906          2.0           3.0          15.0          20.0          23.0
type                     object     31      2                                                                                                          
created_at               object     31     29                                                                                                          
actor_id                  int64     31           21435808.290323   29513885.497736       2020.0     2406189.0     6533164.0    30732255.0    89490472.0
repo_id                   int64     31               198729763.0               0.0  198729763.0   198729763.0   198729763.0   198729763.0   198729763.0
repo_name                object     31      1                                                                                                          
actor_login              object     31     12                                                                                                          
issue_body               object     13     10                                                                                                          
issue_title              object     13      8                                                                                                          
issue_action             object     13      2                                                                                                          
issue_state              object     13      2                                                                                                          
issue_comment_id        float64     18         1285612277.277778  690262355.590833  537758465.0  669390761.25  1067702842.5  2008970804.5  2444459005.0
issue_user_id             int64     31           22441203.774194   22575100.407364     106355.0     6533164.0    30732255.0    30732255.0    89490472.0
issue_comment_body       object     18     18                                                                                                          
latest_issue_assignees   object     18      1                                                                                                          
latest_issue_assignee    object     18      1                                                                                                          
latest_issue_labels      object     18      1                                                                                                          
actor_type               object     18      1                                                                                                          

