File: drive/output/scrape/extract_github_data/repo_level_data/issue/aio-libs___aiohttp-security.parquet

MD5 hash: 7fe42b81e80247f95164e17046925d72

Keys: issue_number type created_at actor_id 

                           type  count unique              mean               std          min          25%          50%          75%           max
issue_number              int64    849               290.031802        210.666396          1.0        130.0        236.0        416.0         896.0
type                     object    849      2                                                                                                      
created_at               object    849    837                                                                                                      
actor_id                  int64    849          19507850.651355   14371386.020174      35878.0    8655789.0   22429695.0   22429695.0    52256544.0
repo_id                   int64    849               38769230.0               0.0   38769230.0   38769230.0   38769230.0   38769230.0    38769230.0
repo_name                object    849      1                                                                                                      
actor_login              object    849     56                                                                                                      
issue_body               object     70     50                                                                                                      
issue_title              object     70     45                                                                                                      
issue_action             object     70      2                                                                                                      
issue_state              object     70      2                                                                                                      
issue_comment_id        float64    779         760890955.636714  561480957.788843  152765565.0  370616534.5  529469834.0  961772548.0  2955530154.0
issue_user_id             int64    849          22576110.806832    16718571.34418      35878.0   10052339.0   16239342.0   27856297.0    52256544.0
issue_comment_body       object    779    746                                                                                                      
latest_issue_assignees   object    779      3                                                                                                      
latest_issue_assignee    object    779      1                                                                                                      
latest_issue_labels      object    779      8                                                                                                      
actor_type               object    779      2                                                                                                      

