File: drive/output/scrape/extract_github_data/repo_level_data/issue/alibaba___mnn.parquet

MD5 hash: 94520d24558c2dc4e4a08c289af36ab1

Keys: issue_number type created_at actor_id 

                           type  count unique               mean               std          min           25%           50%           75%           max
issue_number            float64  13242               1642.030811       1015.883509          3.0         735.0        1601.0       2495.75        3673.0
type                     object  13242      2                                                                                                          
created_at               object  13242  12674                                                                                                          
actor_id                  int64  13242           26318343.143407    29641663.44623      37062.0     5484403.0    16486922.0   38796761.25   217941907.0
repo_id                   int64  13242               181436799.0               0.0  181436799.0   181436799.0   181436799.0   181436799.0   181436799.0
repo_name                object  13242      1                                                                                                          
actor_login              object  13242   1989                                                                                                          
issue_body               object   5002   2976                                                                                                          
issue_title              object   5002   2831                                                                                                          
issue_action             object   5002      3                                                                                                          
issue_state              object   5002      2                                                                                                          
issue_comment_id        float64   8240         1289006551.972209  723749672.637676  498082056.0  639393442.75  1136131149.5  1805080801.5  3018599553.0
issue_user_id           float64  13237           36858026.584951   34881227.358467      10137.0    15263824.0    26928415.0    46441997.0   217941907.0
issue_comment_body       object   8240   7662                                                                                                          
latest_issue_assignees   object   8240     15                                                                                                          
latest_issue_assignee    object   8240      1                                                                                                          
latest_issue_labels      object   8240    196                                                                                                          
actor_type               object   8240      3                                                                                                          

