File: drive/output/scrape/extract_github_data/repo_level_data/issue/ambitioneng___django-pgtrigger.parquet

MD5 hash: d3e203153e112e665bb4a2320d3829ed

Keys: issue_number type created_at actor_id 

                           type  count unique               mean               std          min           25%           50%           75%           max
issue_number              int64    474                 83.658228         64.186084          2.0          26.0          67.0         132.0         211.0
type                     object    474      2                                                                                                          
created_at               object    474    443                                                                                                          
actor_id                  int64    474            8360094.137131   18568778.601033       9599.0     1497710.0     1497710.0     3155599.0   117468510.0
repo_id                   int64    474               275277603.0               0.0  275277603.0   275277603.0   275277603.0   275277603.0   275277603.0
repo_name                object    474      1                                                                                                          
actor_login              object    474     76                                                                                                          
issue_body               object    154     99                                                                                                          
issue_title              object    154     90                                                                                                          
issue_action             object    154      3                                                                                                          
issue_state              object    154      2                                                                                                          
issue_comment_id        float64    320         1442940182.715625  672834379.322007  660177058.0  899097277.75  1214241419.0  1823796513.0  2960103350.0
issue_user_id             int64    474           13685108.008439   23095000.806028       9599.0    1400463.75     2429141.0    14252381.0   117468510.0
issue_comment_body       object    320    311                                                                                                          
latest_issue_assignees   object    320      5                                                                                                          
latest_issue_assignee    object    320      1                                                                                                          
latest_issue_labels      object    320     10                                                                                                          
actor_type               object    320      2                                                                                                          

