File: drive/output/scrape/extract_github_data/repo_level_data/issue/ansible___ansible-lint.parquet

MD5 hash: 0d1e471c305dad31409e29edf4a4c3f6

Keys: issue_number type created_at actor_id 

                           type  count unique             mean               std         min          25%          50%            75%           max
issue_number              int64   9101             1870.371278       1427.266225        21.0        562.0       1587.0         3010.0        4669.0
type                     object   9101      2                                                                                                      
created_at               object   9101   8732                                                                                                      
actor_id                  int64   9101          9635375.135699   19439464.129431       887.0     102495.0     618191.0      9056568.0   177223454.0
repo_id                   int64   9101              12106931.0               0.0  12106931.0   12106931.0   12106931.0     12106931.0    12106931.0
repo_name                object   9101      1                                                                                                      
actor_login              object   9101   1377                                                                                                      
issue_body               object   2559   1679                                                                                                      
issue_title              object   2559   1530                                                                                                      
issue_action             object   2559      3                                                                                                      
issue_state              object   2559      2                                                                                                      
issue_comment_id        float64   6542         1059899769.8262  678828724.056563  68503959.0  575899524.0  844201766.5  1434909036.25  3013523698.0
issue_user_id           float64   9100         13074305.206154    23380293.04648       887.0     456007.0    2985996.5     15180737.0   180345456.0
issue_comment_body       object   6542   6164                                                                                                      
latest_issue_assignees   object   6541     61                                                                                                      
latest_issue_assignee    object   6541      1                                                                                                      
latest_issue_labels      object   6541    292                                                                                                      
actor_type               object   6541      2                                                                                                      

