File: drive/output/scrape/extract_github_data/repo_level_data/issue/ansys___ansys-templates.parquet

MD5 hash: 0b1a0fc69e3989b631696dea1c02ba9c

Keys: issue_number type created_at actor_id 

                           type  count unique               mean               std           min            25%           50%            75%           max
issue_number              int64    524                243.828244        179.275697           4.0          83.75         195.0          418.5         549.0
type                     object    524      2                                                                                                             
created_at               object    524    518                                                                                                             
actor_id                  int64    524           56360896.921756   39653075.440044     5692808.0     28702884.0    37798125.0     83248080.0   161940470.0
repo_id                   int64    524               460773822.0               0.0   460773822.0    460773822.0   460773822.0    460773822.0   460773822.0
repo_name                object    524      1                                                                                                             
actor_login              object    524     57                                                                                                             
issue_body               object    120     85                                                                                                             
issue_title              object    120     84                                                                                                             
issue_action             object    120      3                                                                                                             
issue_state              object    120      2                                                                                                             
issue_comment_id        float64    404         1610346036.185644  517843379.107141  1072222130.0  1141847607.25  1498443450.0  1960552041.75  2919642612.0
issue_user_id             int64    524           56109649.980916   38662571.863144     5692808.0     28702884.0    49699333.0     83248080.0   194089975.0
issue_comment_body       object    404    367                                                                                                             
latest_issue_assignees   object    404     15                                                                                                             
latest_issue_assignee    object    404      1                                                                                                             
latest_issue_labels      object    404     39                                                                                                             
actor_type               object    404      2                                                                                                             

