File: drive/output/scrape/extract_github_data/repo_level_data/issue/aoirint___matvtoolpy.parquet

MD5 hash: 90ede4ce846bd68b94a320e2afe6e4b3

Keys: issue_number type created_at actor_id 

                           type  count unique               mean               std           min           25%           50%           75%           max
issue_number              int64     57                 37.578947         14.465411           9.0          27.0          40.0          47.0          67.0
type                     object     57      2                                                                                                           
created_at               object     57     56                                                                                                           
actor_id                  int64     57                27213639.0               0.0    27213639.0    27213639.0    27213639.0    27213639.0    27213639.0
repo_id                   int64     57               527433108.0               0.0   527433108.0   527433108.0   527433108.0   527433108.0   527433108.0
repo_name                object     57      1                                                                                                           
actor_login              object     57      1                                                                                                           
issue_body               object     26     12                                                                                                           
issue_title              object     26     21                                                                                                           
issue_action             object     26      2                                                                                                           
issue_state              object     26      2                                                                                                           
issue_comment_id        float64     31         1382097537.322581  235134930.851346  1237530932.0  1238350591.0  1242602224.0  1646951345.5  1902492885.0
issue_user_id             int64     57                27213639.0               0.0    27213639.0    27213639.0    27213639.0    27213639.0    27213639.0
issue_comment_body       object     31     31                                                                                                           
latest_issue_assignees   object     31      1                                                                                                           
latest_issue_assignee    object     31      1                                                                                                           
latest_issue_labels      object     31      1                                                                                                           
actor_type               object     31      1                                                                                                           

