File: drive/output/scrape/extract_github_data/repo_level_data/issue/apeworx___ape-ens.parquet

MD5 hash: b3567d52875b669ce435bc5ac4ca4322

Keys: issue_number type created_at actor_id 

                           type  count unique               mean               std          min           25%           50%           75%           max
issue_number              int64     42                 22.309524         15.461184          1.0          7.25          24.5          31.0          49.0
type                     object     42      2                                                                                                          
created_at               object     42     41                                                                                                          
actor_id                  int64     42           20592537.285714   10564860.331204    3859395.0    19540978.0    19540978.0    25874089.0    44709815.0
repo_id                   int64     42               385744060.0               0.0  385744060.0   385744060.0   385744060.0   385744060.0   385744060.0
repo_name                object     42      1                                                                                                          
actor_login              object     42      7                                                                                                          
issue_body               object     21     16                                                                                                          
issue_title              object     21     15                                                                                                          
issue_action             object     21      2                                                                                                          
issue_state              object     21      2                                                                                                          
issue_comment_id        float64     21         1450520531.285714  551079083.225043  985212346.0  1038668079.0  1258734435.0  1793142886.0  2786670648.0
issue_user_id             int64     42           21483447.666667   15965837.568099    3859395.0    19540978.0    19540978.0    19540978.0   108302637.0
issue_comment_body       object     21     21                                                                                                          
latest_issue_assignees   object     21      2                                                                                                          
latest_issue_assignee    object     21      1                                                                                                          
latest_issue_labels      object     21      2                                                                                                          
actor_type               object     21      2                                                                                                          

