File: drive/output/scrape/extract_github_data/repo_level_data/issue/apmechev___grid_lrt.parquet

MD5 hash: 7382c2c529bfad0aa472fa88da09eeae

Keys: issue_number type created_at actor_id 

                           type  count unique              mean               std          min          25%          50%          75%          max
issue_number              int64     14                 9.785714          6.738849          2.0         3.25         10.0         16.5         20.0
type                     object     14      2                                                                                                     
created_at               object     14     14                                                                                                     
actor_id                  int64     14          11791149.357143    7189248.445351    2464769.0    5056220.0   12447565.5   16239342.0   22429695.0
repo_id                   int64     14               53421495.0               0.0   53421495.0   53421495.0   53421495.0   53421495.0   53421495.0
repo_name                object     14      1                                                                                                     
actor_login              object     14      6                                                                                                     
issue_body               object      5      3                                                                                                     
issue_title              object      5      3                                                                                                     
issue_action             object      5      2                                                                                                     
issue_state              object      5      2                                                                                                     
issue_comment_id        float64      9         524149785.444444  176000368.490406  400490569.0  402884276.0  439058712.0  572994043.0  922120529.0
issue_user_id             int64     14               13517678.5    6017268.980502    2464769.0   16239342.0   16239342.0   16239342.0   17849557.0
issue_comment_body       object      9      9                                                                                                     
latest_issue_assignees   object      9      1                                                                                                     
latest_issue_assignee    object      9      1                                                                                                     
latest_issue_labels      object      9      1                                                                                                     
actor_type               object      9      2                                                                                                     

