File: drive/output/scrape/extract_github_data/repo_level_data/issue/asdf-format___asdf.parquet

MD5 hash: 6d3e9c64d274e8edae3b76cc2f387119

Keys: issue_number type created_at actor_id 

                           type  count unique              mean               std         min           25%          50%            75%           max
issue_number              int64   4440               805.543243        520.749599         4.0         382.0        681.0         1216.0        1928.0
type                     object   4440      2                                                                                                        
created_at               object   4440   4282                                                                                                        
actor_id                  int64   4440           8108252.301126   12758073.253286     16249.0      676149.0    2458487.0     13506487.0   101193271.0
repo_id                   int64   4440               18112754.0               0.0  18112754.0    18112754.0   18112754.0     18112754.0    18112754.0
repo_name                object   4440      1                                                                                                        
actor_login              object   4440    111                                                                                                        
issue_body               object   1016    643                                                                                                        
issue_title              object   1016    588                                                                                                        
issue_action             object   1016      3                                                                                                        
issue_state              object   1016      2                                                                                                        
issue_comment_id        float64   3424         788095575.722255  631436426.735606  69602306.0  345891718.25  510950628.0  1266350138.25  3014184281.0
issue_user_id             int64   4440           6102946.516441   12706239.600447     19779.0      397223.0    2458487.0      2895013.0   101193271.0
issue_comment_body       object   3424   3172                                                                                                        
latest_issue_assignees   object   3424     16                                                                                                        
latest_issue_assignee    object   3424      1                                                                                                        
latest_issue_labels      object   3424    112                                                                                                        
actor_type               object   3424      2                                                                                                        

