File: drive/output/scrape/extract_github_data/repo_level_data/issue/autodistill___autodistill.parquet

MD5 hash: cdb6c5dd996135cfd13d1031b734ff38

Keys: issue_number type created_at actor_id 

                           type  count unique               mean               std           min           25%           50%           75%           max
issue_number            float64    543                 82.381215         51.267731           3.0          40.5          70.0         124.0         196.0
type                     object    543      2                                                                                                           
created_at               object    543    531                                                                                                           
actor_id                  int64    543           41236025.464088   34200635.823718       33120.0    23631821.0    37276661.0    39228103.0   180148473.0
repo_id                   int64    543               650318075.0               0.0   650318075.0   650318075.0   650318075.0   650318075.0   650318075.0
repo_name                object    543      1                                                                                                           
actor_login              object    543    114                                                                                                           
issue_body               object    132     98                                                                                                           
issue_title              object    132     91                                                                                                           
issue_action             object    132      3                                                                                                           
issue_state              object    132      2                                                                                                           
issue_comment_id        float64    411         1874297845.591241  221828883.546213  1583967969.0  1719500246.0  1820828851.0  1953761054.5  2878596528.0
issue_user_id           float64    543            47849144.13628   41677530.977138        6478.0    16690056.0    37276661.0    62364738.0   180148473.0
issue_comment_body       object    411    409                                                                                                           
latest_issue_assignees   object    411      4                                                                                                           
latest_issue_assignee    object    411      1                                                                                                           
latest_issue_labels      object    411      8                                                                                                           
actor_type               object    411      1                                                                                                           

