File: drive/output/scrape/extract_github_data/repo_level_data/issue/bloodaxe___pytorch-toolbelt.parquet

MD5 hash: 1763399618e52c973dbd04e762c68068

Keys: issue_number type created_at actor_id 

                           type  count unique               mean               std          min          25%          50%           75%           max
issue_number              int64    119                 55.613445         30.154998          2.0         26.5         52.0          90.0         108.0
type                     object    119      2                                                                                                        
created_at               object    119    110                                                                                                        
actor_id                  int64    119           20142415.361345   29167852.153455     532320.0     532320.0    5481618.0    34584548.0   135236744.0
repo_id                   int64    119               175851515.0               0.0  175851515.0  175851515.0  175851515.0   175851515.0   175851515.0
repo_name                object    119      1                                                                                                        
actor_login              object    119     43                                                                                                        
issue_body               object     52     34                                                                                                        
issue_title              object     52     33                                                                                                        
issue_action             object     52      2                                                                                                        
issue_state              object     52      2                                                                                                        
issue_comment_id        float64     67         1210146650.731343  688009221.389666  487100137.0  632561913.5  928254849.0  1610797934.0  2888785760.0
issue_user_id             int64    119           29954647.487395   32645778.500411     532320.0    5481618.0   21340794.0    38718224.0   116349651.0
issue_comment_body       object     67     67                                                                                                        
latest_issue_assignees   object     67      1                                                                                                        
latest_issue_assignee    object     67      1                                                                                                        
latest_issue_labels      object     67      1                                                                                                        
actor_type               object     67      2                                                                                                        

