File: drive/output/scrape/extract_github_data/repo_level_data/issue/bm32esrf___lauetools.parquet

MD5 hash: d41aaa717404b249719c8451a51eebbb

Keys: issue_number type created_at actor_id 

                           type  count unique             mean              std           min           25%           50%           75%           max
issue_number              int64      3                     3.0              0.0           3.0           3.0           3.0           3.0           3.0
type                     object      3      2                                                                                                        
created_at               object      3      2                                                                                                        
actor_id                  int64      3         71972283.666667  25240758.417106    57399525.0    57399525.0    57399525.0    79258663.0   101117801.0
repo_id                   int64      3             549551333.0              0.0   549551333.0   549551333.0   549551333.0   549551333.0   549551333.0
repo_name                object      3      1                                                                                                        
actor_login              object      3      2                                                                                                        
issue_body               object      2      1                                                                                                        
issue_title              object      2      1                                                                                                        
issue_action             object      2      2                                                                                                        
issue_state              object      2      2                                                                                                        
issue_comment_id        float64      1            2757289383.0                   2757289383.0  2757289383.0  2757289383.0  2757289383.0  2757289383.0
issue_user_id             int64      3             101117801.0              0.0   101117801.0   101117801.0   101117801.0   101117801.0   101117801.0
issue_comment_body       object      1      1                                                                                                        
latest_issue_assignees   object      1      1                                                                                                        
latest_issue_assignee    object      1      1                                                                                                        
latest_issue_labels      object      1      1                                                                                                        
actor_type               object      1      1                                                                                                        

