File: drive/output/scrape/extract_github_data/repo_level_data/issue/calmjs___calmjs.parse.parquet

MD5 hash: 6cbf0b2727352a1ecfbeb22c58d4a08c

Keys: issue_number type created_at actor_id 

                           type  count unique             mean               std          min          25%          50%           75%           max
issue_number              int64     94               29.765957         13.493468          1.0         25.0         34.0         41.75          47.0
type                     object     94      2                                                                                                      
created_at               object     94     90                                                                                                      
actor_id                  int64     94          3857524.010638    7929225.047194     372914.0     372914.0     432519.0     2354108.0    40072254.0
repo_id                   int64     94              93148919.0               0.0   93148919.0   93148919.0   93148919.0    93148919.0    93148919.0
repo_name                object     94      1                                                                                                      
actor_login              object     94     13                                                                                                      
issue_body               object     25     15                                                                                                      
issue_title              object     25     14                                                                                                      
issue_action             object     25      2                                                                                                      
issue_state              object     25      2                                                                                                      
issue_comment_id        float64     69         923947379.84058  636559456.237597  308069718.0  405485438.0  659038867.0  1173068009.0  2620995887.0
issue_user_id             int64     94               8031117.0   11649391.656044     372914.0     432519.0    2403587.5     7834336.0    40072254.0
issue_comment_body       object     69     67                                                                                                      
latest_issue_assignees   object     69      1                                                                                                      
latest_issue_assignee    object     69      1                                                                                                      
latest_issue_labels      object     69     10                                                                                                      
actor_type               object     69      1                                                                                                      

