File: drive/output/scrape/extract_github_data/repo_level_data/issue/chartbeat-labs___textacy.parquet

MD5 hash: e0df4909470902a8fd7d5cc0eaf08d07

Keys: issue_number type created_at actor_id 

                           type  count unique              mean               std          min          25%          50%          75%           max
issue_number            float64   1272               159.261792        104.993139          1.0         69.0        145.0       245.25         386.0
type                     object   1272      2                                                                                                      
created_at               object   1272   1173                                                                                                      
actor_id                  int64   1272           7721657.853774    12006683.81548      26015.0    2514535.0    2514535.0   7678517.75   128324454.0
repo_id                   int64   1272               51014761.0               0.0   51014761.0   51014761.0   51014761.0   51014761.0    51014761.0
repo_name                object   1272      1                                                                                                      
actor_login              object   1272    243                                                                                                      
issue_body               object    473    308                                                                                                      
issue_title              object    473    261                                                                                                      
issue_action             object    473      3                                                                                                      
issue_state              object    473      2                                                                                                      
issue_comment_id        float64    799         425397527.972466  262419682.728758  185786201.0  284174956.5  339835277.0  470904803.0  1900061324.0
issue_user_id           float64   1271           12920292.52321   14581254.425122      26015.0    2409605.0    7991125.0   16958366.0   128324454.0
issue_comment_body       object    799    797                                                                                                      
latest_issue_assignees   object    799      3                                                                                                      
latest_issue_assignee    object    799      1                                                                                                      
latest_issue_labels      object    799     15                                                                                                      
actor_type               object    799      2                                                                                                      

