File: drive/output/scrape/extract_github_data/repo_level_data/issue/chasleslr___dbt-junitxml.parquet

MD5 hash: 690b4a6039fba0c6e6db1d45e266c8ef

Keys: issue_number type created_at actor_id 

                           type  count unique               mean               std           min           25%           50%           75%           max
issue_number              int64     14                  4.285714          2.198901           1.0           3.0           5.0           5.0           8.0
type                     object     14      2                                                                                                           
created_at               object     14     13                                                                                                           
actor_id                  int64     14           15487776.928571   21480941.685486     1522630.0    1738759.75     5605692.0    11751205.5    54685896.0
repo_id                   int64     14               478302172.0               0.0   478302172.0   478302172.0   478302172.0   478302172.0   478302172.0
repo_name                object     14      1                                                                                                           
actor_login              object     14      6                                                                                                           
issue_body               object      5      3                                                                                                           
issue_title              object      5      3                                                                                                           
issue_action             object      5      2                                                                                                           
issue_state              object      5      2                                                                                                           
issue_comment_id        float64      9         1632780582.777778  416625521.643942  1119109277.0  1581140134.0  1581701634.0  1583621756.0  2496258409.0
issue_user_id             int64     14           10447376.285714   13561224.831943     1522630.0     2543395.5     5605692.0   10826699.25    47478345.0
issue_comment_body       object      9      9                                                                                                           
latest_issue_assignees   object      9      1                                                                                                           
latest_issue_assignee    object      9      1                                                                                                           
latest_issue_labels      object      9      1                                                                                                           
actor_type               object      9      1                                                                                                           

