File: drive/output/scrape/extract_github_data/repo_level_data/issue/circuitsacul___apgorm.parquet

MD5 hash: af942e728f7eed086395c063e9879cb4

Keys: issue_number type created_at actor_id 

                           type  count unique               mean              std          min            25%           50%           75%           max
issue_number              int64     62                  65.83871         25.47142          6.0           48.0          67.5         84.75         109.0
type                     object     62      2                                                                                                          
created_at               object     62     61                                                                                                          
actor_id                  int64     62           58484634.322581   6462407.730142   49699333.0     55721663.0    55721663.0    65553080.0    65553080.0
repo_id                   int64     62               435577913.0              0.0  435577913.0    435577913.0   435577913.0   435577913.0   435577913.0
repo_name                object     62      1                                                                                                          
actor_login              object     62      3                                                                                                          
issue_body               object     16      7                                                                                                          
issue_title              object     16     12                                                                                                          
issue_action             object     16      2                                                                                                          
issue_state              object     16      2                                                                                                          
issue_comment_id        float64     46         1226747878.130435  250097128.00716  999963376.0  1030804069.25  1145288608.5  1311265591.0  2241266565.0
issue_user_id             int64     62           53001901.064516   3021497.654094   49699333.0     49699333.0    55721663.0    55721663.0    55721663.0
issue_comment_body       object     46     44                                                                                                          
latest_issue_assignees   object     46      1                                                                                                          
latest_issue_assignee    object     46      1                                                                                                          
latest_issue_labels      object     46      4                                                                                                          
actor_type               object     46      2                                                                                                          

