File: drive/output/scrape/extract_github_data/repo_level_data/issue/citiususc___pyplexity.parquet

MD5 hash: d227ca506d89839a17ce0d900cd3d6cc

Keys: issue_number type created_at actor_id 

                           type  count unique         mean              std          min          25%          50%          75%          max
issue_number              int64      2                 3.5         0.707107          3.0         3.25          3.5         3.75          4.0
type                     object      2      1                                                                                               
created_at               object      2      2                                                                                               
actor_id                  int64      2          44436688.5  33616026.790343   20666568.0  32551628.25   44436688.5  56321748.75   68206809.0
repo_id                   int64      2         462290971.0              0.0  462290971.0  462290971.0  462290971.0  462290971.0  462290971.0
repo_name                object      2      1                                                                                               
actor_login              object      2      2                                                                                               
issue_body               object      2      2                                                                                               
issue_title              object      2      2                                                                                               
issue_action             object      2      1                                                                                               
issue_state              object      2      1                                                                                               
issue_comment_id        float64      0                                                                                                      
issue_user_id             int64      2          44436688.5  33616026.790343   20666568.0  32551628.25   44436688.5  56321748.75   68206809.0
issue_comment_body       object      0      0                                                                                               
latest_issue_assignees   object      0      0                                                                                               
latest_issue_assignee    object      0      0                                                                                               
latest_issue_labels      object      0      0                                                                                               
actor_type               object      0      0                                                                                               

