File: drive/output/scrape/extract_github_data/repo_level_data/issue/cmsis-svd___cmsis-svd.parquet

MD5 hash: ce4ef8744bcd20ce0a0a33e31331ced3

Keys: issue_number type created_at actor_id 

                           type  count unique            mean              std          min           25%          50%            75%           max
issue_number              int64    487              92.685832        68.875281          3.0          24.5         73.0          172.0         193.0
type                     object    487      2                                                                                                      
created_at               object    487    475                                                                                                      
actor_id                  int64    487         6636257.946612  14890701.225015       5520.0       41714.0     743988.0     10760132.0   187409359.0
repo_id                   int64    487             37240503.0              0.0   37240503.0    37240503.0   37240503.0     37240503.0    37240503.0
repo_name                object    487      1                                                                                                      
actor_login              object    487     86                                                                                                      
issue_body               object     87     63                                                                                                      
issue_title              object     87     58                                                                                                      
issue_action             object     87      3                                                                                                      
issue_state              object     87      2                                                                                                      
issue_comment_id        float64    400           987375581.96  863659649.71229  123495586.0  193891047.75  569777763.0  1751551856.75  2788968384.0
issue_user_id             int64    487         9695833.720739  19374210.627342       5520.0      729697.0    4939609.0     10760132.0   147804786.0
issue_comment_body       object    400    379                                                                                                      
latest_issue_assignees   object    400      3                                                                                                      
latest_issue_assignee    object    400      1                                                                                                      
latest_issue_labels      object    400      2                                                                                                      
actor_type               object    400      1                                                                                                      

