File: drive/output/scrape/extract_github_data/repo_level_data/issue/colcon___colcon-devtools.parquet

MD5 hash: ee865b4d0c1c0f7dba726f3bb5d8c2e5

Keys: issue_number type created_at actor_id 

                           type  count unique               mean              std          min          25%           50%           75%           max
issue_number              int64     12                      25.0         5.624621         12.0         20.0          28.0          28.0          30.0
type                     object     12      2                                                                                                        
created_at               object     12     12                                                                                                        
actor_id                  int64     12            1695747.916667   1109638.652643     358882.0    1144588.0     1144588.0     1843335.5     3717345.0
repo_id                   int64     12               119795559.0              0.0  119795559.0  119795559.0   119795559.0   119795559.0   119795559.0
repo_name                object     12      1                                                                                                        
actor_login              object     12      5                                                                                                        
issue_body               object      3      2                                                                                                        
issue_title              object      3      2                                                                                                        
issue_action             object      3      2                                                                                                        
issue_state              object      3      2                                                                                                        
issue_comment_id        float64      9         1499975575.555556  843914742.20315  548795960.0  742233675.0  1928680188.0  1930301012.0  3020048292.0
issue_user_id             int64     12            3343169.916667   3154036.903643     279701.0    339086.75     3367244.0     3367244.0     9358295.0
issue_comment_body       object      9      8                                                                                                        
latest_issue_assignees   object      9      2                                                                                                        
latest_issue_assignee    object      9      1                                                                                                        
latest_issue_labels      object      9      1                                                                                                        
actor_type               object      9      1                                                                                                        

