File: drive/output/scrape/extract_github_data/repo_level_data/issue/collective___collective.recipe.backup.parquet

MD5 hash: b37221c5f3c03fb253c5dd70a8604ed4

Keys: issue_number type created_at actor_id 

                           type  count unique              mean               std          min          25%          50%           75%           max
issue_number              int64    117                51.222222         17.710367         18.0         38.0         51.0          64.0          88.0
type                     object    117      2                                                                                                       
created_at               object    117    111                                                                                                       
actor_id                  int64    117           1732849.888889     7827423.62506      49014.0     210587.0     210587.0      817365.0    49699333.0
repo_id                   int64    117                5325492.0               0.0    5325492.0    5325492.0    5325492.0     5325492.0     5325492.0
repo_name                object    117      1                                                                                                       
actor_login              object    117     14                                                                                                       
issue_body               object     47     29                                                                                                       
issue_title              object     47     26                                                                                                       
issue_action             object     47      2                                                                                                       
issue_state              object     47      2                                                                                                       
issue_comment_id        float64     70         904566670.114286  623757249.594798  167998172.0  352320604.5  872553622.0  1307382907.5  2783012572.0
issue_user_id             int64    117           2620059.837607    9998895.766422     210587.0     210587.0     210587.0     1069235.0    49699333.0
issue_comment_body       object     70     68                                                                                                       
latest_issue_assignees   object     70      6                                                                                                       
latest_issue_assignee    object     70      1                                                                                                       
latest_issue_labels      object     70      9                                                                                                       
actor_type               object     70      2                                                                                                       

