File: drive/output/scrape/extract_github_data/repo_level_data/issue/crowdcomms___faker-e164.parquet

MD5 hash: e8e269d4392bc65d7a942f6659096cc8

Keys: issue_number type created_at actor_id 

                           type  count unique         mean               std          min          25%          50%          75%           max
issue_number              int64     15                 8.0           2.80306          5.0          6.5          7.0          9.0          14.0
type                     object     15      2                                                                                                 
created_at               object     15     15                                                                                                 
actor_id                  int64     15           2792800.0    2014774.255649     736985.0    1378224.0    2116020.0    3818566.5     6783539.0
repo_id                   int64     15          89900770.0               0.0   89900770.0   89900770.0   89900770.0   89900770.0    89900770.0
repo_name                object     15      1                                                                                                 
actor_login              object     15      6                                                                                                 
issue_body               object      8      6                                                                                                 
issue_title              object      8      6                                                                                                 
issue_action             object      8      2                                                                                                 
issue_state              object      8      2                                                                                                 
issue_comment_id        float64      7         652285023.0  691833717.601593  319016025.0  390542148.5  390568570.0  428537406.0  2218251457.0
issue_user_id             int64     15           2598956.2    1819905.818428     736985.0    1747122.0    2116020.0    2116020.0     6783539.0
issue_comment_body       object      7      7                                                                                                 
latest_issue_assignees   object      7      1                                                                                                 
latest_issue_assignee    object      7      1                                                                                                 
latest_issue_labels      object      7      1                                                                                                 
actor_type               object      7      1                                                                                                 

