File: drive/output/scrape/extract_github_data/repo_level_data/issue/cython___backports_abc.parquet

MD5 hash: 3b16a154d2a4ddaaed9e4a08d33fab0e

Keys: issue_number type created_at actor_id 

                           type  count unique              mean              std          min           25%          50%           75%           max
issue_number              int64     28                 4.857143         2.876653          1.0           2.0          5.0          7.25           9.0
type                     object     28      2                                                                                                       
created_at               object     28     25                                                                                                       
actor_id                  int64     28           1094682.357143   1330066.048973      79732.0      486017.0     491659.0     1165249.5     4647429.0
repo_id                   int64     28               38009492.0              0.0   38009492.0    38009492.0   38009492.0    38009492.0    38009492.0
repo_name                object     28      1                                                                                                       
actor_login              object     28      9                                                                                                       
issue_body               object     10      6                                                                                                       
issue_title              object     10      5                                                                                                       
issue_action             object     10      2                                                                                                       
issue_state              object     10      2                                                                                                       
issue_comment_id        float64     18         338606231.555556  320860311.74031  139985113.0  140186858.25  255030903.5  259831708.25  1025073225.0
issue_user_id             int64     28           2035509.178571   1798340.390492      79732.0      160562.0    2128080.0     4312421.0     4647429.0
issue_comment_body       object     18     18                                                                                                       
latest_issue_assignees   object     18      2                                                                                                       
latest_issue_assignee    object     18      1                                                                                                       
latest_issue_labels      object     18      1                                                                                                       
actor_type               object     18      1                                                                                                       

