File: drive/output/scrape/extract_github_data/repo_level_data/issue/datarobot___airflow-provider-datarobot.parquet

MD5 hash: 8cd5bbef95394a99119aa819617549cf

Keys: issue_number type created_at actor_id 

                           type  count unique               mean               std           min           25%           50%           75%           max
issue_number              int64    326                107.368098         68.138994           2.0          52.0         105.0         159.0         240.0
type                     object    326      2                                                                                                           
created_at               object    326    325                                                                                                           
actor_id                  int64    326           40983218.168712   22638654.446191     1099971.0    38953450.0    49866430.0    49866430.0   186977650.0
repo_id                   int64    326               465637205.0               0.0   465637205.0   465637205.0   465637205.0   465637205.0   465637205.0
repo_name                object    326      1                                                                                                           
actor_login              object    326     24                                                                                                           
issue_body               object      3      3                                                                                                           
issue_title              object      3      2                                                                                                           
issue_action             object      3      2                                                                                                           
issue_state              object      3      2                                                                                                           
issue_comment_id        float64    323         2246818572.343653  528920830.094601  1082052045.0  1671457227.5  2602308110.0  2670555306.5  3001191794.0
issue_user_id             int64    326           33288376.177914   39443130.853307     1099971.0     2752623.0    21118431.0    49866430.0   197639761.0
issue_comment_body       object    323    180                                                                                                           
latest_issue_assignees   object    323      5                                                                                                           
latest_issue_assignee    object    323      1                                                                                                           
latest_issue_labels      object    323     39                                                                                                           
actor_type               object    323      2                                                                                                           

