File: drive/output/scrape/extract_github_data/repo_level_data/issue/davidvujic___poetry-multiproject-plugin.parquet

MD5 hash: b4da8b8f670bb81f573b8283fb43d744

Keys: issue_number type created_at actor_id 

                           type  count unique               mean               std           min            25%           50%            75%           max
issue_number              int64    164                 46.414634         16.564395           7.0           37.0          47.0           62.0          75.0
type                     object    164      2                                                                                                             
created_at               object    164    163                                                                                                             
actor_id                  int64    164           15961943.414634   22499120.660003       51115.0       301286.0      862794.0     39514782.0   111874229.0
repo_id                   int64    164               451124396.0               0.0   451124396.0    451124396.0   451124396.0    451124396.0   451124396.0
repo_name                object    164      1                                                                                                             
actor_login              object    164     22                                                                                                             
issue_body               object     44     25                                                                                                             
issue_title              object     44     23                                                                                                             
issue_action             object     44      3                                                                                                             
issue_state              object     44      2                                                                                                             
issue_comment_id        float64    120         1946017780.241667  350646409.960481  1030579132.0  1614902845.25  1978927931.5  2205470133.25  2576129090.0
issue_user_id             int64    164           12754687.243902   20391839.776053       51115.0       301286.0     2043940.0     20010620.0    74669957.0
issue_comment_body       object    120    103                                                                                                             
latest_issue_assignees   object    120      3                                                                                                             
latest_issue_assignee    object    120      1                                                                                                             
latest_issue_labels      object    120      4                                                                                                             
actor_type               object    120      2                                                                                                             

