File: drive/output/scrape/extract_github_data/repo_level_data/issue/django-admin-tools___django-admin-tools.parquet

MD5 hash: 560736adc69249492d2155d3a5288c89

Keys: issue_number type created_at actor_id 

                           type  count unique              mean               std          min           25%          50%          75%           max
issue_number              int64    383                58.725849         36.235566          1.0          29.0         58.0         90.0         129.0
type                     object    383      2                                                                                                       
created_at               object    383    360                                                                                                       
actor_id                  int64    383           4810049.968668   12489877.934517       1610.0       40856.0     123720.0    3793809.0   132431582.0
repo_id                   int64    383               37767159.0               0.0   37767159.0    37767159.0   37767159.0   37767159.0    37767159.0
repo_name                object    383      1                                                                                                       
actor_login              object    383    106                                                                                                       
issue_body               object    135     87                                                                                                       
issue_title              object    135     80                                                                                                       
issue_action             object    135      2                                                                                                       
issue_state              object    135      2                                                                                                       
issue_comment_id        float64    248         407788728.060484  368713629.030834  114088690.0  154013878.75  242582656.5  575948640.0  2063349956.0
issue_user_id             int64    383           5929403.874674    9428569.018285      15092.0      149145.0    1429221.0    8298454.0    57659794.0
issue_comment_body       object    248    238                                                                                                       
latest_issue_assignees   object    248      2                                                                                                       
latest_issue_assignee    object    248      1                                                                                                       
latest_issue_labels      object    248      6                                                                                                       
actor_type               object    248      1                                                                                                       

