File: drive/output/scrape/extract_github_data/repo_level_data/issue/dotnet___csharplang.parquet

MD5 hash: 57b0cae3384abaf744074754abe02780

Keys: issue_number type created_at actor_id 

                           type  count unique              mean               std          min          25%          50%          75%           max
issue_number            float64  62976              2001.070027        1800.66323          1.0        568.0       1567.0       2889.0        9482.0
type                     object  62976      2                                                                                                      
created_at               object  62976  62223                                                                                                      
actor_id                  int64  62976           9476552.873793   12385634.228387       2892.0    2152967.0    5264714.0   10694013.0   210461678.0
repo_id                   int64  62976               75990888.0               0.0   75990888.0   75990888.0   75990888.0   75990888.0    75990888.0
repo_name                object  62976      1                                                                                                      
actor_login              object  62976   3431                                                                                                      
issue_body               object   6951   4926                                                                                                      
issue_title              object   6951   4069                                                                                                      
issue_action             object   6951      3                                                                                                      
issue_state              object   6951      2                                                                                                      
issue_comment_id        float64  56025         618415231.791093  453512849.071878  276792054.0  345595252.0  457841946.0  655523295.0  3004079921.0
issue_user_id           float64  62951           9871292.144446   12024028.627467       3548.0    3105979.0    5840134.0   12262952.0   174189988.0
issue_comment_body       object  56025  55734                                                                                                      
latest_issue_assignees   object  56025    145                                                                                                      
latest_issue_assignee    object  56025      1                                                                                                      
latest_issue_labels      object  56025    143                                                                                                      
actor_type               object  56025      4                                                                                                      

