File: drive/output/scrape/extract_github_data/repo_level_data/issue/elastic___elasticsearch-py-async.parquet

MD5 hash: 44174dc8fd4c767ca8f92e5d70a54a39

Keys: issue_number type created_at actor_id 

                           type  count unique              mean               std          min          25%          50%          75%           max
issue_number              int64    301                38.910299         24.741233          1.0         15.0         39.0         62.0          85.0
type                     object    301      2                                                                                                      
created_at               object    301    282                                                                                                      
actor_id                  int64    301           8499724.372093   11437596.560388       4790.0     146550.0    2060823.0   18519037.0    68611111.0
repo_id                   int64    301               53985669.0               0.0   53985669.0   53985669.0   53985669.0   53985669.0    53985669.0
repo_name                object    301      1                                                                                                      
actor_login              object    301     93                                                                                                      
issue_body               object     92     58                                                                                                      
issue_title              object     92     49                                                                                                      
issue_action             object     92      2                                                                                                      
issue_state              object     92      2                                                                                                      
issue_comment_id        float64    209         440862665.607656  154783875.770457  198758894.0  317702211.0  390209479.0  550312136.0  1054974444.0
issue_user_id             int64    301           6164462.993355    8857409.184858       9855.0     802148.0    1926776.0    7000830.0    42371914.0
issue_comment_body       object    209    208                                                                                                      
latest_issue_assignees   object    209      3                                                                                                      
latest_issue_assignee    object    209      1                                                                                                      
latest_issue_labels      object    209      2                                                                                                      
actor_type               object    209      2                                                                                                      

