File: drive/output/scrape/extract_github_data/repo_level_data/issue/ethereum___evmdasm.parquet

MD5 hash: 3c5fcef4f4a2fe5242e55f05e3874965

Keys: issue_number type created_at actor_id 

                           type  count unique         mean              std          min          25%          50%          75%          max
issue_number              int64      4                4.25         3.947573          1.0          1.0          3.5         6.75          9.0
type                     object      4      1                                                                                               
created_at               object      4      4                                                                                               
actor_id                  int64      4          37738962.5  52344463.177114    2865694.0    2865694.0   17259555.0   52132823.5  113571046.0
repo_id                   int64      4         151755916.0              0.0  151755916.0  151755916.0  151755916.0  151755916.0  151755916.0
repo_name                object      4      1                                                                                               
actor_login              object      4      3                                                                                               
issue_body               object      4      3                                                                                               
issue_title              object      4      3                                                                                               
issue_action             object      4      2                                                                                               
issue_state              object      4      2                                                                                               
issue_comment_id        float64      0                                                                                                      
issue_user_id             int64      4          37738962.5  52344463.177114    2865694.0    2865694.0   17259555.0   52132823.5  113571046.0
issue_comment_body       object      0      0                                                                                               
latest_issue_assignees   object      0      0                                                                                               
latest_issue_assignee    object      0      0                                                                                               
latest_issue_labels      object      0      0                                                                                               
actor_type               object      0      0                                                                                               

