File: drive/output/scrape/extract_github_data/repo_level_data/issue/facebook___watchman.parquet

MD5 hash: b69ad027909dba110bc877f09aa45f18

Keys: issue_number type created_at actor_id 

                           type  count unique              mean               std         min           25%          50%           75%           max
issue_number              int64   5890               582.708489        347.692664        13.0         282.0        529.0         888.0        1292.0
type                     object   5890      2                                                                                                       
created_at               object   5890   5632                                                                                                       
actor_id                  int64   5890          10023935.630051   21233930.361507        82.0      117777.0    2363295.0     8397364.0   211123435.0
repo_id                   int64   5890                6930489.0               0.0   6930489.0     6930489.0    6930489.0     6930489.0     6930489.0
repo_name                object   5890      1                                                                                                       
actor_login              object   5890   1422                                                                                                       
issue_body               object   1148    760                                                                                                       
issue_title              object   1148    709                                                                                                       
issue_action             object   1148      3                                                                                                       
issue_state              object   1148      2                                                                                                       
issue_comment_id        float64   4742         641405159.055251  639842980.593432  69037305.0  232074819.75  330138216.5  884849572.75  3021188705.0
issue_user_id             int64   5890          11988270.041935   21733066.901554      1299.0      231804.0    2043940.0    13101897.0   185783767.0
issue_comment_body       object   4742   4033                                                                                                       
latest_issue_assignees   object   4742      7                                                                                                       
latest_issue_assignee    object   4742      1                                                                                                       
latest_issue_labels      object   4742     46                                                                                                       
actor_type               object   4742      2                                                                                                       

