File: drive/output/scrape/extract_github_data/repo_level_data/issue/fish-ball___django-fullclean.parquet

MD5 hash: 3c98f4fd93f52d24ed0f1f647b4633ff

Keys: issue_number type created_at actor_id 

                           type  count unique              mean               std          min          25%          50%          75%           max
issue_number              int64     15                      3.2          1.373213          1.0          2.0          3.0          4.0           5.0
type                     object     15      2                                                                                                      
created_at               object     15     15                                                                                                      
actor_id                  int64     15          32827398.533333   29912799.102866     128536.0    2227971.0   37490393.0   55522532.5    73554672.0
repo_id                   int64     15               61135659.0               0.0   61135659.0   61135659.0   61135659.0   61135659.0    61135659.0
repo_name                object     15      1                                                                                                      
actor_login              object     15      5                                                                                                      
issue_body               object      3      2                                                                                                      
issue_title              object      3      2                                                                                                      
issue_action             object      3      2                                                                                                      
issue_state              object      3      2                                                                                                      
issue_comment_id        float64     12         895667073.416667  110852423.977504  667528141.0  850943818.0  860658203.5  976112533.5  1067211395.0
issue_user_id             int64     15          18175869.933333   18713265.120169     128536.0    1963938.0    1963938.0   37490393.0    37490393.0
issue_comment_body       object     12     11                                                                                                      
latest_issue_assignees   object     12      1                                                                                                      
latest_issue_assignee    object     12      1                                                                                                      
latest_issue_labels      object     12      1                                                                                                      
actor_type               object     12      1                                                                                                      

