File: drive/output/scrape/extract_github_data/repo_level_data/issue/flared___dramatiq-abort.parquet

MD5 hash: b2b69f24f58e1e97896d4075f68df54e

Keys: issue_number type created_at actor_id 

                           type  count unique               mean               std          min           25%           50%            75%           max
issue_number              int64    112                 14.794643         10.070149          1.0           4.0          14.0           22.0          34.0
type                     object    112      2                                                                                                           
created_at               object    112    108                                                                                                           
actor_id                  int64    112           15954396.732143   31985063.712749     175722.0     1420974.0     2761712.0     13348041.0   177201399.0
repo_id                   int64    112               229998130.0               0.0  229998130.0   229998130.0   229998130.0    229998130.0   229998130.0
repo_name                object    112      1                                                                                                           
actor_login              object    112     23                                                                                                           
issue_body               object     28     18                                                                                                           
issue_title              object     28     17                                                                                                           
issue_action             object     28      3                                                                                                           
issue_state              object     28      2                                                                                                           
issue_comment_id        float64     84         1297841329.285714  569425304.150495  669791765.0  829443357.75  1111968259.0  1534756754.75  2590198092.0
issue_user_id             int64    112              25802485.375   36677091.755531     175722.0     2761712.0    12383029.0     24298204.0   177201399.0
issue_comment_body       object     84     84                                                                                                           
latest_issue_assignees   object     84      1                                                                                                           
latest_issue_assignee    object     84      1                                                                                                           
latest_issue_labels      object     84      2                                                                                                           
actor_type               object     84      1                                                                                                           

