File: drive/output/scrape/extract_github_data/repo_level_data/issue/frgfm___torch-cam.parquet

MD5 hash: 50e2b7e2e81d83f9f532f9a783454e21

Keys: issue_number type created_at actor_id 

                           type  count unique               mean               std          min           25%           50%           75%           max
issue_number              int64    596                165.122483          93.83155          2.0         78.75         174.5         240.5         334.0
type                     object    596      2                                                                                                          
created_at               object    596    583                                                                                                          
actor_id                  int64    596           40052314.058725   28865155.559521    1225441.0    22429695.0    26927750.0    49699333.0   131012537.0
repo_id                   int64    596               249513553.0               0.0  249513553.0   249513553.0   249513553.0   249513553.0   249513553.0
repo_name                object    596      1                                                                                                          
actor_login              object    596     60                                                                                                          
issue_body               object     90     62                                                                                                          
issue_title              object     90     55                                                                                                          
issue_action             object     90      2                                                                                                          
issue_state              object     90      2                                                                                                          
issue_comment_id        float64    506         1561115771.598814  695131435.600794  602949281.0  955698240.75  1463325277.5  2266768986.5  2983319845.0
issue_user_id             int64    596           42777425.932886   22430485.314081    1225441.0    26927750.0    38511723.0    49699333.0   116422902.0
issue_comment_body       object    506    461                                                                                                          
latest_issue_assignees   object    506      5                                                                                                          
latest_issue_assignee    object    506      1                                                                                                          
latest_issue_labels      object    506    115                                                                                                          
actor_type               object    506      2                                                                                                          

