File: drive/output/scrape/extract_github_data/repo_level_data/issue/gaogaotiantian___coredumpy.parquet

MD5 hash: ecbc2a3817a0b2c08ebae11cef9b5db3

Keys: issue_number type created_at actor_id 

                           type  count unique               mean               std           min           25%           50%            75%           max
issue_number              int64    130                 47.276923          25.69409           1.0         27.25          49.5           70.0          86.0
type                     object    130      2                                                                                                            
created_at               object    130    128                                                                                                            
actor_id                  int64    130           28781129.538462   25547685.057702       38700.0    13121107.0    22429695.0     30951234.0   203601260.0
repo_id                   int64    130               789870534.0               0.0   789870534.0   789870534.0   789870534.0    789870534.0   789870534.0
repo_name                object    130      1                                                                                                            
actor_login              object    130     14                                                                                                            
issue_body               object     42     13                                                                                                            
issue_title              object     42     23                                                                                                            
issue_action             object     42      2                                                                                                            
issue_state              object     42      2                                                                                                            
issue_comment_id        float64     88         2586101395.306818  297003360.387163  2068460354.0  2563574366.5  2729545509.0  2745183621.75  2911895160.0
issue_user_id             int64    130           24650441.684615   32007947.964241    13083856.0    13121107.0    13121107.0     17878022.0   203601260.0
issue_comment_body       object     88     88                                                                                                            
latest_issue_assignees   object     88      1                                                                                                            
latest_issue_assignee    object     88      1                                                                                                            
latest_issue_labels      object     88      1                                                                                                            
actor_type               object     88      2                                                                                                            

