File: drive/output/scrape/extract_github_data/repo_level_data/issue/google___timecast.parquet

MD5 hash: 13b8aafff7623f4356e78b5f3f80e665

Keys: issue_number type created_at actor_id 

                           type  count unique         mean              std          min          25%          50%          75%          max
issue_number              int64      4                2.25         0.957427          1.0         1.75          2.5          3.0          3.0
type                     object      4      2                                                                                               
created_at               object      4      4                                                                                               
actor_id                  int64      4         16383341.75       27381551.5    2692566.0    2692566.0    2692566.0  16383341.75   57455669.0
repo_id                   int64      4         280181242.0              0.0  280181242.0  280181242.0  280181242.0  280181242.0  280181242.0
repo_name                object      4      1                                                                                               
actor_login              object      4      2                                                                                               
issue_body               object      3      2                                                                                               
issue_title              object      3      3                                                                                               
issue_action             object      3      1                                                                                               
issue_state              object      3      1                                                                                               
issue_comment_id        float64      1         753519165.0                   753519165.0  753519165.0  753519165.0  753519165.0  753519165.0
issue_user_id             int64      4          30074117.5  31617492.258709    2692566.0    2692566.0   30074117.5   57455669.0   57455669.0
issue_comment_body       object      1      1                                                                                               
latest_issue_assignees   object      1      1                                                                                               
latest_issue_assignee    object      1      1                                                                                               
latest_issue_labels      object      1      1                                                                                               
actor_type               object      1      1                                                                                               

