File: drive/output/scrape/extract_github_data/repo_level_data/issue/google-deepmind___einshape.parquet

MD5 hash: 18227fb1fff09d9db3d6074db8618d6f

Keys: issue_number type created_at actor_id 

                           type  count unique             mean               std           min           25%           50%           75%           max
issue_number              int64      7                2.142857          1.214986           1.0           1.0           2.0           3.0           4.0
type                     object      7      2                                                                                                         
created_at               object      7      7                                                                                                         
actor_id                  int64      7         15786881.142857   18790329.887973      108653.0     6646504.5    13184356.0    14032023.0    55858104.0
repo_id                   int64      7             388529693.0               0.0   388529693.0   388529693.0   388529693.0   388529693.0   388529693.0
repo_name                object      7      1                                                                                                         
actor_login              object      7      4                                                                                                         
issue_body               object      2      2                                                                                                         
issue_title              object      2      2                                                                                                         
issue_action             object      2      2                                                                                                         
issue_state              object      2      2                                                                                                         
issue_comment_id        float64      5            1145938364.8  121057976.070723  1078763975.0  1079526472.0  1079528137.0  1133492021.0  1358381219.0
issue_user_id             int64      7          3161390.142857    5440160.475957      108653.0      108653.0     1009873.0     2957104.5    14879690.0
issue_comment_body       object      5      5                                                                                                         
latest_issue_assignees   object      5      1                                                                                                         
latest_issue_assignee    object      5      1                                                                                                         
latest_issue_labels      object      5      1                                                                                                         
actor_type               object      5      2                                                                                                         

