File: drive/output/scrape/extract_github_data/repo_level_data/issue/google___transitfeed.parquet

MD5 hash: 82f88a1f06693a73177e65314b2ada11

Keys: issue_number type created_at actor_id 

                           type  count unique              mean               std         min          25%          50%          75%           max
issue_number              int64    337               442.884273         48.429578       216.0        412.0        434.0        484.0         522.0
type                     object    337      2                                                                                                     
created_at               object    337    330                                                                                                     
actor_id                  int64    337           10770760.48368   15531953.710714     25829.0    1094793.0    5384588.0   11464115.0    89352176.0
repo_id                   int64    337               24061376.0               0.0  24061376.0   24061376.0   24061376.0   24061376.0    24061376.0
repo_name                object    337      1                                                                                                     
actor_login              object    337    133                                                                                                     
issue_body               object     92     70                                                                                                     
issue_title              object     92     71                                                                                                     
issue_action             object     92      3                                                                                                     
issue_state              object     92      2                                                                                                     
issue_comment_id        float64    245         442692037.934694  210897176.424455  77724558.0  290614595.0  462090045.0  549197328.0  1817127944.0
issue_user_id             int64    337          11693220.587537   15932605.133392     97706.0    1006477.0    4050339.0   14967714.0    89352176.0
issue_comment_body       object    245    218                                                                                                     
latest_issue_assignees   object    245      2                                                                                                     
latest_issue_assignee    object    245      1                                                                                                     
latest_issue_labels      object    245      8                                                                                                     
actor_type               object    245      2                                                                                                     

