File: drive/output/scrape/extract_github_data/repo_level_data/issue/greaterwms___greaterwms.parquet

MD5 hash: fafd189e6696a65055c22dc4890a524c

Keys: issue_number type created_at actor_id 

                           type  count unique               mean               std          min           25%           50%            75%           max
issue_number              int64    383                284.926893         66.287648          1.0         251.0         276.0          341.0         391.0
type                     object    383      2                                                                                                           
created_at               object    383    377                                                                                                           
actor_id                  int64    383            47123399.10705   30961586.701028     294107.0    38828089.0    38828089.0     49699333.0   207741732.0
repo_id                   int64    383               266941405.0               0.0  266941405.0   266941405.0   266941405.0    266941405.0   266941405.0
repo_name                object    383      1                                                                                                           
actor_login              object    383     76                                                                                                           
issue_body               object    137     83                                                                                                           
issue_title              object    137     81                                                                                                           
issue_action             object    137      3                                                                                                           
issue_state              object    137      2                                                                                                           
issue_comment_id        float64    246         1602346800.215447  314643286.425887  663387699.0  1416077238.0  1535522935.0  1829739699.75  2938283958.0
issue_user_id             int64    383            59421005.62141   42711539.734966      92367.0    29155327.0    51271594.0     95006268.0   207741732.0
issue_comment_body       object    246    241                                                                                                           
latest_issue_assignees   object    246      1                                                                                                           
latest_issue_assignee    object    246      1                                                                                                           
latest_issue_labels      object    246      7                                                                                                           
actor_type               object    246      2                                                                                                           

