File: drive/output/scrape/extract_github_data/repo_level_data/issue/gyllstromk___flask-whooshalchemy.parquet

MD5 hash: 4e34eec28d0cd73de55ec63558e611f5

Keys: issue_number type created_at actor_id 

                           type  count unique              mean               std         min          25%          50%          75%           max
issue_number              int64    153                 41.24183         17.070298         8.0         28.0         45.0         55.0          71.0
type                     object    153      2                                                                                                     
created_at               object    153    131                                                                                                     
actor_id                  int64    153           6304710.267974    7425397.116946      4424.0    1376648.0    4560482.0    8639922.0    54446518.0
repo_id                   int64    153                3602001.0               0.0   3602001.0    3602001.0    3602001.0    3602001.0     3602001.0
repo_name                object    153      1                                                                                                     
actor_login              object    153     55                                                                                                     
issue_body               object     64     48                                                                                                     
issue_title              object     64     40                                                                                                     
issue_action             object     64      3                                                                                                     
issue_state              object     64      2                                                                                                     
issue_comment_id        float64     89         258971840.865169  208775820.782612  68640511.0  121118296.0  220502002.0  260510729.0  1530108425.0
issue_user_id             int64    153           7267945.169935    7847369.159742     10137.0    1154044.0    5273579.0   12607586.0    49699333.0
issue_comment_body       object     89     86                                                                                                     
latest_issue_assignees   object     89      3                                                                                                     
latest_issue_assignee    object     89      1                                                                                                     
latest_issue_labels      object     89      3                                                                                                     
actor_type               object     89      2                                                                                                     

