File: drive/output/scrape/extract_github_data/repo_level_data/issue/heitzmann___gdstk.parquet

MD5 hash: 98325ded1839318d0cc6980dc9b4b13c

Keys: issue_number type created_at actor_id 

                           type  count unique               mean               std          min          25%           50%           75%           max
issue_number              int64   1144                141.130245         87.384998          1.0         59.0         142.5         221.0         305.0
type                     object   1144      2                                                                                                         
created_at               object   1144   1103                                                                                                         
actor_id                  int64   1144           33567165.125874   43285056.190552       5268.0    5938451.0     5938451.0    61932438.0   192686417.0
repo_id                   int64   1144               287123767.0               0.0  287123767.0  287123767.0   287123767.0   287123767.0   287123767.0
repo_name                object   1144      1                                                                                                         
actor_login              object   1144    152                                                                                                         
issue_body               object    365    238                                                                                                         
issue_title              object    365    219                                                                                                         
issue_action             object    365      3                                                                                                         
issue_state              object    365      2                                                                                                         
issue_comment_id        float64    779         1458407415.614891  546652322.264325  690420963.0  931681130.5  1421705800.0  1863981233.0  2897152994.0
issue_user_id           float64   1142           49590988.248687   46207491.833375     271906.0    4514346.0    26599175.0    92756888.0   175406682.0
issue_comment_body       object    779    774                                                                                                         
latest_issue_assignees   object    779      2                                                                                                         
latest_issue_assignee    object    779      1                                                                                                         
latest_issue_labels      object    779      8                                                                                                         
actor_type               object    779      3                                                                                                         

