File: drive/output/scrape/extract_github_data/repo_level_data/issue/highfestiva___bcp47.py.parquet

MD5 hash: fdb75016c74ebf8fa09eb879692d9e4b

Keys: issue_number type created_at actor_id 

                           type  count unique            mean               std          min          25%          50%            75%           max
issue_number              int64     34               2.911765          1.712125          1.0          2.0          2.0            4.0           7.0
type                     object     34      2                                                                                                      
created_at               object     34     33                                                                                                      
actor_id                  int64     34         1971875.970588    4704430.289163      76750.0      76750.0     160303.0       303786.0    15717621.0
repo_id                   int64     34            211331291.0               0.0  211331291.0  211331291.0  211331291.0    211331291.0   211331291.0
repo_name                object     34      1                                                                                                      
actor_login              object     34      7                                                                                                      
issue_body               object      4      4                                                                                                      
issue_title              object      4      4                                                                                                      
issue_action             object      4      2                                                                                                      
issue_state              object      4      2                                                                                                      
issue_comment_id        float64     30           1066779403.9  703377471.881357  540025836.0  545712660.0  726101982.5  1804816065.25  2503565005.0
issue_user_id             int64     34         9508534.823529   19596548.637625      76750.0      76750.0      76750.0    14441961.75    68407517.0
issue_comment_body       object     30     30                                                                                                      
latest_issue_assignees   object     30      1                                                                                                      
latest_issue_assignee    object     30      1                                                                                                      
latest_issue_labels      object     30      1                                                                                                      
actor_type               object     30      1                                                                                                      

