File: drive/output/scrape/extract_github_data/repo_level_data/issue/jannikmi___timezonefinderl.parquet

MD5 hash: 6296461f5828d244270f9fa763d31345

Keys: issue_number type created_at actor_id 

                           type  count unique         mean      std          min          25%          50%          75%          max
issue_number              int64      3            1.333333  0.57735          1.0          1.0          1.0          1.5          2.0
type                     object      3      2                                                                                       
created_at               object      3      3                                                                                       
actor_id                  int64      3          15111305.0      0.0   15111305.0   15111305.0   15111305.0   15111305.0   15111305.0
repo_id                   int64      3          87571536.0      0.0   87571536.0   87571536.0   87571536.0   87571536.0   87571536.0
repo_name                object      3      1                                                                                       
actor_login              object      3      1                                                                                       
issue_body               object      2      1                                                                                       
issue_title              object      2      1                                                                                       
issue_action             object      2      2                                                                                       
issue_state              object      2      2                                                                                       
issue_comment_id        float64      1         504706880.0           504706880.0  504706880.0  504706880.0  504706880.0  504706880.0
issue_user_id             int64      3          15111305.0      0.0   15111305.0   15111305.0   15111305.0   15111305.0   15111305.0
issue_comment_body       object      1      1                                                                                       
latest_issue_assignees   object      1      1                                                                                       
latest_issue_assignee    object      1      1                                                                                       
latest_issue_labels      object      1      1                                                                                       
actor_type               object      1      1                                                                                       

