File: drive/output/scrape/extract_github_data/repo_level_data/issue/jelmer___aiohttp-openmetrics.parquet

MD5 hash: 36ad79afb9b928f1c2014c27e4ee1bb7

Keys: issue_number type created_at actor_id 

                           type  count unique         mean       std          min          25%          50%          75%          max
issue_number              int64      4               20.75  2.061553         19.0         19.0         20.5        22.25         23.0
type                     object      4      1                                                                                        
created_at               object      4      4                                                                                        
actor_id                  int64      4           1396852.5  898547.0      49032.0    1396852.5    1846126.0    1846126.0    1846126.0
repo_id                   int64      4         443662417.0       0.0  443662417.0  443662417.0  443662417.0  443662417.0  443662417.0
repo_name                object      4      1                                                                                        
actor_login              object      4      2                                                                                        
issue_body               object      4      3                                                                                        
issue_title              object      4      3                                                                                        
issue_action             object      4      2                                                                                        
issue_state              object      4      2                                                                                        
issue_comment_id        float64      0                                                                                               
issue_user_id             int64      4           1846126.0       0.0    1846126.0    1846126.0    1846126.0    1846126.0    1846126.0
issue_comment_body       object      0      0                                                                                        
latest_issue_assignees   object      0      0                                                                                        
latest_issue_assignee    object      0      0                                                                                        
latest_issue_labels      object      0      0                                                                                        
actor_type               object      0      0                                                                                        

