File: drive/output/scrape/extract_github_data/repo_level_data/issue/jmcarpenter2___swifter.parquet

MD5 hash: a29e6648de3a3530f63511e724ea8861

Keys: issue_number type created_at actor_id 

                           type  count unique              mean               std          min          25%          50%            75%           max
issue_number              int64    772               102.119171          68.40225          1.0         43.0         97.0          161.0         236.0
type                     object    772      2                                                                                                        
created_at               object    772    715                                                                                                        
actor_id                  int64    772           27763721.42487   19107709.602108      67044.0  14965923.75   29585347.0     29585347.0   181973968.0
repo_id                   int64    772              128570698.0               0.0  128570698.0  128570698.0  128570698.0    128570698.0   128570698.0
repo_name                object    772      1                                                                                                        
actor_login              object    772    209                                                                                                        
issue_body               object    238    174                                                                                                        
issue_title              object    238    136                                                                                                        
issue_action             object    238      3                                                                                                        
issue_state              object    238      2                                                                                                        
issue_comment_id        float64    534         808552798.406367  409548105.859803  384112571.0  486505928.0  638969973.5  1069612688.25  2749016455.0
issue_user_id             int64    772          22403716.874352   21753371.880512      67044.0    5717250.0   16154787.0     34034762.0   181973968.0
issue_comment_body       object    534    526                                                                                                        
latest_issue_assignees   object    534      4                                                                                                        
latest_issue_assignee    object    534      1                                                                                                        
latest_issue_labels      object    534      9                                                                                                        
actor_type               object    534      2                                                                                                        

