File: drive/output/scrape/extract_github_data/repo_level_data/issue/jpype-project___jpype.parquet

MD5 hash: 8acd0e763ed9575eee36b9293b6dba59

Keys: issue_number type created_at actor_id 

                           type  count unique              mean               std         min          25%          50%          75%           max
issue_number              int64   6222               693.320315        346.376937        18.0        369.0        714.0        983.0        1304.0
type                     object   6222      2                                                                                                     
created_at               object   6222   6050                                                                                                     
actor_id                  int64   6222          20760834.314529   18742548.480407     15092.0     846232.0   29045329.0   29045329.0   187373738.0
repo_id                   int64   6222                5244012.0               0.0   5244012.0    5244012.0    5244012.0    5244012.0     5244012.0
repo_name                object   6222      1                                                                                                     
actor_login              object   6222    453                                                                                                     
issue_body               object   1157    761                                                                                                     
issue_title              object   1157    681                                                                                                     
issue_action             object   1157      3                                                                                                     
issue_state              object   1157      2                                                                                                     
issue_comment_id        float64   5065         897631456.553998  707840412.748894  68600448.0  493975097.0  626008194.0  985005804.0  3008972287.0
issue_user_id             int64   6222          20734833.780296   21321130.957672     10137.0    1634164.0   22512174.0   29045329.0   187373738.0
issue_comment_body       object   5065   5035                                                                                                     
latest_issue_assignees   object   5065      9                                                                                                     
latest_issue_assignee    object   5065      1                                                                                                     
latest_issue_labels      object   5065     40                                                                                                     
actor_type               object   5065      2                                                                                                     

