File: drive/output/scrape/extract_github_data/repo_level_data/issue/jsonpickle___jsonpickle.parquet

MD5 hash: 5cb934f49736421831c7735a47183568

Keys: issue_number type created_at actor_id 

                           type  count unique              mean               std         min           25%          50%            75%           max
issue_number            float64   1570               305.496815        134.166341        -1.0         182.0        311.0          412.0         564.0
type                     object   1570      2                                                                                                        
created_at               object   1570   1526                                                                                                        
actor_id                  int64   1570          16277839.352866   23308483.601042       335.0       13196.0    2363820.0     43764914.0   162295717.0
repo_id                   int64   1570                 412420.0               0.0    412420.0      412420.0     412420.0       412420.0      412420.0
repo_name                object   1570      1                                                                                                        
actor_login              object   1570    285                                                                                                        
issue_body               object    428    288                                                                                                        
issue_title              object    428    255                                                                                                        
issue_action             object    428      3                                                                                                        
issue_state              object    428      3                                                                                                        
issue_comment_id        float64   1142         994637223.165499  747744943.527634  68562637.0  388361053.75  770034945.5  1371037711.25  2960790781.0
issue_user_id           float64   1567          16339964.834078   24810432.590532       335.0      828456.0    3346413.0     21624816.0   162295717.0
issue_comment_body       object   1142   1129                                                                                                        
latest_issue_assignees   object   1142      2                                                                                                        
latest_issue_assignee    object   1142      1                                                                                                        
latest_issue_labels      object   1142     38                                                                                                        
actor_type               object   1142      2                                                                                                        

