File: drive/output/scrape/extract_github_data/repo_level_data/issue/kayvane1___brave-api.parquet

MD5 hash: 6f84a458cbc8023d7f37b08d1dc4cb28

Keys: issue_number type created_at actor_id 

                           type  count unique               mean               std           min           25%           50%            75%           max
issue_number              int64     31                 31.064516           8.53204          21.0          24.0          29.0           40.0          46.0
type                     object     31      2                                                                                                            
created_at               object     31     31                                                                                                            
actor_id                  int64     31           38380917.064516   42640975.453044      661618.0     5330413.0    42403093.0     42403093.0   146192816.0
repo_id                   int64     31               725573070.0               0.0   725573070.0   725573070.0   725573070.0    725573070.0   725573070.0
repo_name                object     31      1                                                                                                            
actor_login              object     31     12                                                                                                            
issue_body               object     13     12                                                                                                            
issue_title              object     13     11                                                                                                            
issue_action             object     13      2                                                                                                            
issue_state              object     13      2                                                                                                            
issue_comment_id        float64     18         2062448168.722222  192147414.733052  1883526055.0  1975379627.0  1989489949.5  2080916283.75  2734691120.0
issue_user_id             int64     31           31221016.967742   46389306.033651      661618.0     5330413.0    11528851.0     34707780.5   146192816.0
issue_comment_body       object     18     17                                                                                                            
latest_issue_assignees   object     18      1                                                                                                            
latest_issue_assignee    object     18      1                                                                                                            
latest_issue_labels      object     18      1                                                                                                            
actor_type               object     18      1                                                                                                            

