File: drive/output/scrape/extract_github_data/repo_level_data/issue/kazhala___inquirerpy.parquet

MD5 hash: fe6b2901cb29924c6dc6f2b2e12e6b64

Keys: issue_number type created_at actor_id 

                           type  count unique              mean               std          min          25%           50%           75%           max
issue_number              int64    202                33.480198         20.284595          1.0         16.0          31.0         47.75          83.0
type                     object    202      2                                                                                                        
created_at               object    202    193                                                                                                        
actor_id                  int64    202          35627900.356436   28350018.256062       4018.0    8158661.0    43941510.0    43941510.0   152328777.0
repo_id                   int64    202              295703510.0               0.0  295703510.0  295703510.0   295703510.0   295703510.0   295703510.0
repo_name                object    202      1                                                                                                        
actor_login              object    202     60                                                                                                        
issue_body               object     84     63                                                                                                        
issue_title              object     84     60                                                                                                        
issue_action             object     84      3                                                                                                        
issue_state              object     84      2                                                                                                        
issue_comment_id        float64    118         1103348469.20339  293480773.267776  771186878.0  901522145.0  1004182903.0  1136695248.0  2185501460.0
issue_user_id             int64    202          29786654.574257   32922926.528313       4018.0   6386152.25    11435099.0    44609630.0   152328777.0
issue_comment_body       object    118    118                                                                                                        
latest_issue_assignees   object    118      1                                                                                                        
latest_issue_assignee    object    118      1                                                                                                        
latest_issue_labels      object    118      6                                                                                                        
actor_type               object    118      1                                                                                                        

