File: drive/output/scrape/extract_github_data/repo_level_data/issue/kellyjonbrazil___jc.parquet

MD5 hash: ca71b20155555b87a281a36e84cbf147

Keys: issue_number type created_at actor_id 

                           type  count unique               mean               std          min           25%           50%           75%           max
issue_number              int64   2852                348.931627        176.836357          7.0         222.0         348.0         500.0         660.0
type                     object   2852      2                                                                                                          
created_at               object   2852   2716                                                                                                          
actor_id                  int64   2852           22655234.907083   20524551.224337       7529.0    10435695.0    24423665.0    24423665.0   203873103.0
repo_id                   int64   2852               215404927.0               0.0  215404927.0   215404927.0   215404927.0   215404927.0   215404927.0
repo_name                object   2852      1                                                                                                          
actor_login              object   2852    247                                                                                                          
issue_body               object    639    402                                                                                                          
issue_title              object    639    366                                                                                                          
issue_action             object    639      3                                                                                                          
issue_state              object    639      2                                                                                                          
issue_comment_id        float64   2213         1501054535.377768  561703845.275511  549059845.0  1109150578.0  1426355751.0  1876625223.0  2988768291.0
issue_user_id             int64   2852           18471719.414446   26006334.210813       7529.0     1776972.5     8339298.0    24423665.0   158787506.0
issue_comment_body       object   2213   2065                                                                                                          
latest_issue_assignees   object   2213      4                                                                                                          
latest_issue_assignee    object   2213      1                                                                                                          
latest_issue_labels      object   2213     23                                                                                                          
actor_type               object   2213      1                                                                                                          

