File: drive/output/scrape/extract_github_data/repo_level_data/issue/khoj-ai___khoj.parquet

MD5 hash: aec8f9f652570803e8c86ad5a7317ea4

Keys: issue_number type created_at actor_id 

                           type  count unique               mean               std          min           25%           50%           75%           max
issue_number              int64   2711                554.603836        337.508086          2.0         255.0         507.0         826.0        1203.0
type                     object   2711      2                                                                                                          
created_at               object   2711   2584                                                                                                          
actor_id                  int64   2711           39321824.216894   40234679.210613       3998.0     6413477.0    23148907.0    65192171.0   203498383.0
repo_id                   int64   2711               396569538.0               0.0  396569538.0   396569538.0   396569538.0   396569538.0   396569538.0
repo_name                object   2711      1                                                                                                          
actor_login              object   2711    402                                                                                                          
issue_body               object    967    597                                                                                                          
issue_title              object    967    578                                                                                                          
issue_action             object    967      3                                                                                                          
issue_state              object    967      2                                                                                                          
issue_comment_id        float64   1744         1961354260.928899  452907571.481136  981140503.0  1632710078.0  1890888323.5  2328430324.0  3014419514.0
issue_user_id             int64   2711           46576229.683512   46241328.197823       9973.0     6413477.0    35700301.0    65192171.0   203434067.0
issue_comment_body       object   1744   1726                                                                                                          
latest_issue_assignees   object   1744     10                                                                                                          
latest_issue_assignee    object   1744      1                                                                                                          
latest_issue_labels      object   1744     40                                                                                                          
actor_type               object   1744      2                                                                                                          

