File: drive/output/scrape/extract_github_data/repo_level_data/issue/lindera___lindera-python.parquet

MD5 hash: f7318a7c7ce970a226684bb3172a6683

Keys: issue_number type created_at actor_id 

                           type  count unique             mean               std           min           25%           50%           75%           max
issue_number              int64     29               43.862069         25.573038           1.0          20.0          55.0          64.0          77.0
type                     object     29      2                                                                                                         
created_at               object     29     27                                                                                                         
actor_id                  int64     29         29535863.344828   24424129.103484      970948.0      970948.0    49699333.0    49699333.0    49699333.0
repo_id                   int64     29             575805769.0               0.0   575805769.0   575805769.0   575805769.0   575805769.0   575805769.0
repo_name                object     29      1                                                                                                         
actor_login              object     29      2                                                                                                         
issue_body               object      4      3                                                                                                         
issue_title              object      4      2                                                                                                         
issue_action             object      4      2                                                                                                         
issue_state              object      4      2                                                                                                         
issue_comment_id        float64     25           2685934641.44  306951952.764291  1465044484.0  2521848903.0  2754444187.0  2837909524.0  3016184264.0
issue_user_id             int64     29         39618989.551724   20085545.512242      970948.0    49699333.0    49699333.0    49699333.0    49699333.0
issue_comment_body       object     25     16                                                                                                         
latest_issue_assignees   object     25      1                                                                                                         
latest_issue_assignee    object     25      1                                                                                                         
latest_issue_labels      object     25      2                                                                                                         
actor_type               object     25      2                                                                                                         

