File: drive/output/scrape/extract_github_data/repo_level_data/issue/malaysia-ai___malaya.parquet

MD5 hash: da0e173bcbfe84366ecfa41183d68b0c

Keys: issue_number type created_at actor_id 

                           type  count unique               mean               std          min          25%           50%           75%           max
issue_number              int64    668                101.543413         57.579301          1.0         56.0         102.0         137.0         247.0
type                     object    668      2                                                                                                         
created_at               object    668    600                                                                                                         
actor_id                  int64    668           35422498.510479   25802597.837273     145605.0   19810909.0    19810909.0    49699333.0   194048290.0
repo_id                   int64    668               124822342.0               0.0  124822342.0  124822342.0   124822342.0   124822342.0   124822342.0
repo_name                object    668      1                                                                                                         
actor_login              object    668     99                                                                                                         
issue_body               object    261    155                                                                                                         
issue_title              object    261    144                                                                                                         
issue_action             object    261      3                                                                                                         
issue_state              object    261      2                                                                                                         
issue_comment_id        float64    407         1230599094.454545  627086901.560323  426244379.0  738188018.0  1084316706.0  1681673660.5  2982096792.0
issue_user_id             int64    668           42866809.693114   27586211.499538     145605.0   19810909.0    42687320.0    58158761.0   194048290.0
issue_comment_body       object    407    317                                                                                                         
latest_issue_assignees   object    407      2                                                                                                         
latest_issue_assignee    object    407      1                                                                                                         
latest_issue_labels      object    407     13                                                                                                         
actor_type               object    407      2                                                                                                         

