File: drive/output/scrape/extract_github_data/repo_level_data/issue/manrajgrover___py-spinners.parquet

MD5 hash: cf188f5a9a418aea090bdcaadfc8ac0f

Keys: issue_number type created_at actor_id 

                           type  count unique              mean               std          min           25%          50%          75%           max
issue_number              int64     49                13.591837         10.295465          1.0           5.0         11.0         27.0          30.0
type                     object     49      2                                                                                                       
created_at               object     49     40                                                                                                       
actor_id                  int64     49           6453241.428571    4316493.560057      22371.0     5673050.0    5673050.0    5673050.0    29627898.0
repo_id                   int64     49              103160344.0               0.0  103160344.0   103160344.0  103160344.0  103160344.0   103160344.0
repo_name                object     49      1                                                                                                       
actor_login              object     49      7                                                                                                       
issue_body               object     27     15                                                                                                       
issue_title              object     27     15                                                                                                       
issue_action             object     27      2                                                                                                       
issue_state              object     27      2                                                                                                       
issue_comment_id        float64     22         569320900.227273  409057586.095246  329969662.0  333916436.25  466010254.5  590726399.0  2249535204.0
issue_user_id             int64     49           6872364.693878    7140215.248096      22371.0     5673050.0    5673050.0    5673050.0    49561051.0
issue_comment_body       object     22     22                                                                                                       
latest_issue_assignees   object     22      1                                                                                                       
latest_issue_assignee    object     22      1                                                                                                       
latest_issue_labels      object     22      2                                                                                                       
actor_type               object     22      1                                                                                                       

