File: drive/output/scrape/extract_github_data/repo_level_data/issue/mattipv4___pydmxcontrol.parquet

MD5 hash: d15c9f4ccef7b5180b8ff09a6ddd1f98

Keys: issue_number type created_at actor_id 

                           type  count unique               mean              std          min          25%           50%           75%           max
issue_number              int64    160                  38.35625        13.776448          1.0         28.0          42.0          47.0          59.0
type                     object    160      2                                                                                                        
created_at               object    160    155                                                                                                        
actor_id                  int64    160                25386800.3  32676841.183735      67360.0   12371363.0    12371363.0    18813881.5   127630392.0
repo_id                   int64    160               119889777.0              0.0  119889777.0  119889777.0   119889777.0   119889777.0   119889777.0
repo_name                object    160      1                                                                                                        
actor_login              object    160     29                                                                                                        
issue_body               object     39     30                                                                                                        
issue_title              object     39     28                                                                                                        
issue_action             object     39      2                                                                                                        
issue_state              object     39      2                                                                                                        
issue_comment_id        float64    121         1253056293.834711  534027508.50733  402473827.0  544286621.0  1500758403.0  1646512867.0  2422175087.0
issue_user_id             int64    160             30641378.7125  33678972.921645      67360.0    4933032.0    12371363.0    46503991.0   127630392.0
issue_comment_body       object    121    120                                                                                                        
latest_issue_assignees   object    121      2                                                                                                        
latest_issue_assignee    object    121      1                                                                                                        
latest_issue_labels      object    121      8                                                                                                        
actor_type               object    121      1                                                                                                        

