File: drive/output/scrape/extract_github_data/repo_level_data/issue/miccoli___pyownet.parquet

MD5 hash: f363c444879b10fa6d197be67ce9b0d1

Keys: issue_number type created_at actor_id 

                           type  count unique              mean               std         min          25%          50%          75%           max
issue_number              int64     63                  6.84127          3.198822         2.0          4.0          7.0          9.0          12.0
type                     object     63      2                                                                                                     
created_at               object     63     60                                                                                                     
actor_id                  int64     63           7013079.111111    7320348.027139    496236.0    3408131.0    6403904.0    6403904.0    42828703.0
repo_id                   int64     63               16030692.0               0.0  16030692.0   16030692.0   16030692.0   16030692.0    16030692.0
repo_name                object     63      1                                                                                                     
actor_login              object     63     12                                                                                                     
issue_body               object     16     10                                                                                                     
issue_title              object     16     11                                                                                                     
issue_action             object     16      2                                                                                                     
issue_state              object     16      2                                                                                                     
issue_comment_id        float64     47         337981899.042553  384922886.673602  72870576.0  170002152.0  176079882.0  313147010.0  1871419251.0
issue_user_id             int64     63           8340860.428571    9193220.192567   1099712.0    3408131.0    6403904.0    7920955.0    30721394.0
issue_comment_body       object     47     47                                                                                                     
latest_issue_assignees   object     47      2                                                                                                     
latest_issue_assignee    object     47      1                                                                                                     
latest_issue_labels      object     47      8                                                                                                     
actor_type               object     47      1                                                                                                     

