File: drive/output/scrape/extract_github_data/repo_level_data/issue/michalc___stream-inflate.parquet

MD5 hash: 6f2b489dc1c5dcb30965ce50ee1bd1d9

Keys: issue_number type created_at actor_id 

                           type  count unique               mean              std           min           25%           50%           75%           max
issue_number              int64     15                 97.533333         3.136574          93.0          94.0         100.0         100.0         100.0
type                     object     15      2                                                                                                          
created_at               object     15     15                                                                                                          
actor_id                  int64     15           17231959.066667  31286585.126242       13877.0       13877.0       13877.0    36160004.0   113700600.0
repo_id                   int64     15               417838045.0              0.0   417838045.0   417838045.0   417838045.0   417838045.0   417838045.0
repo_name                object     15      1                                                                                                          
actor_login              object     15      3                                                                                                          
issue_body               object      2      1                                                                                                          
issue_title              object      2      1                                                                                                          
issue_action             object      2      2                                                                                                          
issue_state              object      2      2                                                                                                          
issue_comment_id        float64     13         2444602461.076923  44119581.624211  2366889447.0  2387644230.0  2472598603.0  2472797721.0  2472899438.0
issue_user_id             int64     15           59597127.533333  40646368.001973       13877.0    36160004.0    36160004.0   113700600.0   113700600.0
issue_comment_body       object     13     13                                                                                                          
latest_issue_assignees   object     13      1                                                                                                          
latest_issue_assignee    object     13      1                                                                                                          
latest_issue_labels      object     13      1                                                                                                          
actor_type               object     13      1                                                                                                          

