File: drive/output/scrape/extract_github_data/repo_level_data/issue/minchulkim87___pandas_read_xml.parquet

MD5 hash: 841db25bbbc77abb2a66d902d82cd092

Keys: issue_number type created_at actor_id 

                           type  count unique              mean              std          min          25%          50%           75%           max
issue_number              int64     57                 8.614035         5.246612          1.0          4.0          9.0          13.0          18.0
type                     object     57      2                                                                                                      
created_at               object     57     54                                                                                                      
actor_id                  int64     57          31441174.403509  24712741.750582     950575.0   22385101.0   22385101.0    39741388.0    93311864.0
repo_id                   int64     57              260057408.0              0.0  260057408.0  260057408.0  260057408.0   260057408.0   260057408.0
repo_name                object     57      1                                                                                                      
actor_login              object     57     13                                                                                                      
issue_body               object     23     17                                                                                                      
issue_title              object     23     14                                                                                                      
issue_action             object     23      2                                                                                                      
issue_state              object     23      2                                                                                                      
issue_comment_id        float64     34         809164362.882353  155254124.45436  646349550.0  683416299.0  847832787.5  853007882.75  1196639232.0
issue_user_id             int64     57          40498946.052632  31028717.653654     950575.0    2667575.0   39741388.0    74471606.0    93311864.0
issue_comment_body       object     34     34                                                                                                      
latest_issue_assignees   object     34      1                                                                                                      
latest_issue_assignee    object     34      1                                                                                                      
latest_issue_labels      object     34      2                                                                                                      
actor_type               object     34      1                                                                                                      

