File: drive/output/scrape/extract_github_data/repo_level_data/issue/mithaystack___digital_rf.parquet

MD5 hash: 88163a18cbcb8aef447027b26832401b

Keys: issue_number type created_at actor_id 

                           type  count unique               mean               std          min          25%          50%           75%           max
issue_number              int64    167                 31.946108         21.082814          1.0         13.0         28.0          54.0          75.0
type                     object    167      2                                                                                                        
created_at               object    167    157                                                                                                        
actor_id                  int64    167            14636952.91018   19150624.455147     539797.0    4391207.0    4391207.0    16102494.0   101270230.0
repo_id                   int64    167                94592436.0               0.0   94592436.0   94592436.0   94592436.0    94592436.0    94592436.0
repo_name                object    167      1                                                                                                        
actor_login              object    167     27                                                                                                        
issue_body               object     52     39                                                                                                        
issue_title              object     52     36                                                                                                        
issue_action             object     52      2                                                                                                        
issue_state              object     52      2                                                                                                        
issue_comment_id        float64    115         1201413485.191304  736356170.347871  310736655.0  608363173.5  847888768.0  2129385646.5  2634243122.0
issue_user_id             int64    167           21086179.568862   20993337.488024    1280245.0    4501328.0   11846824.0    34211940.0   101270230.0
issue_comment_body       object    115    115                                                                                                        
latest_issue_assignees   object    115      2                                                                                                        
latest_issue_assignee    object    115      1                                                                                                        
latest_issue_labels      object    115      5                                                                                                        
actor_type               object    115      2                                                                                                        

