File: drive/output/scrape/extract_github_data/repo_level_data/issue/mjishnu___pypdl.parquet

MD5 hash: ab6c131827d4b493d5961a27a0c15ca5

Keys: issue_number type created_at actor_id 

                           type  count unique               mean               std           min           25%           50%           75%           max
issue_number              int64    164                 21.487805         10.878858           3.0          12.0          20.0         32.25          40.0
type                     object    164      2                                                                                                           
created_at               object    164    155                                                                                                           
actor_id                  int64    164           64347461.182927   31080622.589494      391364.0    47294266.0    83004520.0    83004520.0   140808788.0
repo_id                   int64    164               616403668.0               0.0   616403668.0   616403668.0   616403668.0   616403668.0   616403668.0
repo_name                object    164      1                                                                                                           
actor_login              object    164     26                                                                                                           
issue_body               object     55     33                                                                                                           
issue_title              object     55     31                                                                                                           
issue_action             object     55      3                                                                                                           
issue_state              object     55      2                                                                                                           
issue_comment_id        float64    109         2294027020.137615  360186274.610573  1702291320.0  1986909333.0  2174085378.0  2600992684.0  2921370757.0
issue_user_id             int64    164           38052367.396341    32759623.97982      391364.0     8470449.0    38199900.0   64723760.25   104592646.0
issue_comment_body       object    109    107                                                                                                           
latest_issue_assignees   object    109      4                                                                                                           
latest_issue_assignee    object    109      1                                                                                                           
latest_issue_labels      object    109      6                                                                                                           
actor_type               object    109      1                                                                                                           

