File: drive/output/scrape/extract_github_data/repo_level_data/issue/moble___quaternion.parquet

MD5 hash: a7bf9edb111083254f6e7b5f7f8783d4

Keys: issue_number type created_at actor_id 

                           type  count unique              mean              std          min          25%          50%           75%           max
issue_number              int64    756               109.343915        63.364316          1.0         56.0        101.5         152.0         251.0
type                     object    756      2                                                                                                      
created_at               object    756    692                                                                                                      
actor_id                  int64    756           7394060.220899  16730672.212153     228361.0    1470769.0    1470769.0     5639197.0   171830685.0
repo_id                   int64    756               27896013.0              0.0   27896013.0   27896013.0   27896013.0    27896013.0    27896013.0
repo_name                object    756      1                                                                                                      
actor_login              object    756    147                                                                                                      
issue_body               object    298    191                                                                                                      
issue_title              object    298    163                                                                                                      
issue_action             object    298      3                                                                                                      
issue_state              object    298      2                                                                                                      
issue_comment_id        float64    458         685958049.150655  530384104.60723  127797875.0  356009711.5  475522212.0  792705626.25  2985160578.0
issue_user_id             int64    756          15263296.228836  22580271.619302     228361.0    1538165.0    7334866.0    19534713.0   171830685.0
issue_comment_body       object    458    453                                                                                                      
latest_issue_assignees   object    458      2                                                                                                      
latest_issue_assignee    object    458      1                                                                                                      
latest_issue_labels      object    458      7                                                                                                      
actor_type               object    458      1                                                                                                      

