File: drive/output/scrape/extract_github_data/repo_level_data/issue/new-village___jp-corpreg-loader.parquet

MD5 hash: c622e362c27a9568f619c981c1bb8708

Keys: issue_number type created_at actor_id 

                           type  count unique               mean               std           min           25%           50%            75%           max
issue_number              int64     49                  6.387755           3.69581           1.0           3.0           6.0           10.0          13.0
type                     object     49      2                                                                                                            
created_at               object     49     47                                                                                                            
actor_id                  int64     49                 3105234.0               0.0     3105234.0     3105234.0     3105234.0      3105234.0     3105234.0
repo_id                   int64     49               586487099.0               0.0   586487099.0   586487099.0   586487099.0    586487099.0   586487099.0
repo_name                object     49      1                                                                                                            
actor_login              object     49      1                                                                                                            
issue_body               object     21     15                                                                                                            
issue_title              object     21     13                                                                                                            
issue_action             object     21      2                                                                                                            
issue_state              object     21      2                                                                                                            
issue_comment_id        float64     28         2007961017.142857  259903739.924657  1382824470.0  2108995693.5  2115325163.0  2118888094.75  2119231611.0
issue_user_id             int64     49                 3105234.0               0.0     3105234.0     3105234.0     3105234.0      3105234.0     3105234.0
issue_comment_body       object     28     28                                                                                                            
latest_issue_assignees   object     28      2                                                                                                            
latest_issue_assignee    object     28      1                                                                                                            
latest_issue_labels      object     28      1                                                                                                            
actor_type               object     28      1                                                                                                            

