File: drive/output/scrape/extract_github_data/repo_level_data/issue/nomonosound___numpy-rms.parquet

MD5 hash: 59da21c616bca0214973a230d6f79eb5

Keys: issue_number type created_at actor_id 

                           type  count unique               mean               std           min           25%           50%           75%           max
issue_number              int64     15                 12.333333          2.581989           6.0          11.0          14.0          14.0          14.0
type                     object     15      2                                                                                                           
created_at               object     15     15                                                                                                           
actor_id                  int64     15           14962324.466667   19048165.229043     1470603.0     1470603.0     1470603.0    15893011.0    49699333.0
repo_id                   int64     15               782511694.0               0.0   782511694.0   782511694.0   782511694.0   782511694.0   782511694.0
repo_name                object     15      1                                                                                                           
actor_login              object     15      3                                                                                                           
issue_body               object      2      1                                                                                                           
issue_title              object      2      2                                                                                                           
issue_action             object      2      1                                                                                                           
issue_state              object      2      1                                                                                                           
issue_comment_id        float64     13         2653110287.230769  170815271.869069  2242278550.0  2718232219.0  2724507102.0  2724699460.0  2724850749.0
issue_user_id             int64     15                19769793.8    16533900.46861     1470603.0    15893011.0    15893011.0    15893011.0    49699333.0
issue_comment_body       object     13     13                                                                                                           
latest_issue_assignees   object     13      1                                                                                                           
latest_issue_assignee    object     13      1                                                                                                           
latest_issue_labels      object     13      2                                                                                                           
actor_type               object     13      2                                                                                                           

