File: drive/output/scrape/extract_github_data/repo_level_data/issue/octodns___octodns-bind.parquet

MD5 hash: 31a7152e1a514fe0e125e94c0b4303fc

Keys: issue_number type created_at actor_id 

                           type  count unique               mean               std           min           25%           50%           75%           max
issue_number              int64    143                 37.923077         24.019967           1.0          18.0          36.0          65.0          82.0
type                     object    143      2                                                                                                           
created_at               object    143    139                                                                                                           
actor_id                  int64    143            12352526.41958   26770050.291298       12789.0       12789.0     3869511.0     4641041.0   182650254.0
repo_id                   int64    143               540189087.0               0.0   540189087.0   540189087.0   540189087.0   540189087.0   540189087.0
repo_name                object    143      1                                                                                                           
actor_login              object    143     20                                                                                                           
issue_body               object     38     24                                                                                                           
issue_title              object     38     24                                                                                                           
issue_action             object     38      3                                                                                                           
issue_state              object     38      2                                                                                                           
issue_comment_id        float64    105         1871394696.390476  503343076.425416  1256653625.0  1537522398.0  1710793414.0  1917501786.0  3005930737.0
issue_user_id             int64    143           16662974.881119   36747369.333235       12789.0      195980.0     3869511.0     6958684.0   182650254.0
issue_comment_body       object    105     96                                                                                                           
latest_issue_assignees   object    105      4                                                                                                           
latest_issue_assignee    object    105      1                                                                                                           
latest_issue_labels      object    105      8                                                                                                           
actor_type               object    105      2                                                                                                           

