File: drive/output/scrape/extract_github_data/repo_level_data/issue/openwallet-foundation___acapy.parquet

MD5 hash: d0621c64008a18bf5580d8222bc3b4ea

Keys: issue_number type created_at actor_id 

                           type  count unique               mean               std          min          25%           50%           75%           max
issue_number              int64  15539               2045.113778        990.946638          1.0       1292.0        2175.0        2830.0        3803.0
type                     object  15539      2                                                                                                         
created_at               object  15539  15183                                                                                                         
actor_id                  int64  15539           23647958.924513   22518249.140236      41721.0    1852309.0    22032832.0    39514782.0   185771454.0
repo_id                   int64  15539               193556007.0               0.0  193556007.0  193556007.0   193556007.0   193556007.0   193556007.0
repo_name                object  15539      1                                                                                                         
actor_login              object  15539    467                                                                                                         
issue_body               object   2427   1530                                                                                                         
issue_title              object   2427   1422                                                                                                         
issue_action             object   2427      3                                                                                                         
issue_state              object   2427      2                                                                                                         
issue_comment_id        float64  13112         1555299980.515482  669931097.668069  505212204.0  934187828.0  1620676260.5  2062510484.5  3013075445.0
issue_user_id             int64  15539           24870526.062488   26118024.085669      61970.0    2395873.0    22032832.0    32819299.0   185771454.0
issue_comment_body       object  13112  10725                                                                                                         
latest_issue_assignees   object  13112     50                                                                                                         
latest_issue_assignee    object  13112      1                                                                                                         
latest_issue_labels      object  13112     59                                                                                                         
actor_type               object  13112      2                                                                                                         

