File: drive/output/scrape/extract_github_data/repo_level_data/issue/openedx___xss-utils.parquet

MD5 hash: 389ba2bc37d879585cba85f0d7233370

Keys: issue_number type created_at actor_id 

                           type  count unique               mean               std          min            25%           50%           75%           max
issue_number              int64    288                206.534722         65.198588          1.0         171.75         216.0        257.25         297.0
type                     object    288      2                                                                                                           
created_at               object    288    288                                                                                                           
actor_id                  int64    288           46536876.961806   10062924.677233     373677.0     49161187.0    49161187.0    49161187.0    49161187.0
repo_id                   int64    288               144587624.0               0.0  144587624.0    144587624.0   144587624.0   144587624.0   144587624.0
repo_name                object    288      1                                                                                                           
actor_login              object    288     14                                                                                                           
issue_body               object      2      2                                                                                                           
issue_title              object      2      2                                                                                                           
issue_action             object      2      2                                                                                                           
issue_state              object      2      2                                                                                                           
issue_comment_id        float64    286         1967793675.146853  556689970.680943  414146663.0  1578639319.25  1944845732.0  2409900933.0  3017715311.0
issue_user_id             int64    288           47549674.340278    8117928.135333     118837.0     49161187.0    49161187.0    49161187.0    49523567.0
issue_comment_body       object    286    178                                                                                                           
latest_issue_assignees   object    286      1                                                                                                           
latest_issue_assignee    object    286      1                                                                                                           
latest_issue_labels      object    286      5                                                                                                           
actor_type               object    286      1                                                                                                           

