File: drive/output/scrape/extract_github_data/repo_level_data/issue/openedx___crowdsourcehinter.parquet

MD5 hash: 7f66a6e70480f5b9b008556ca5321b7c

Keys: issue_number type created_at actor_id 

                           type  count unique               mean               std          min           25%           50%           75%           max
issue_number              int64    353                136.784703         57.678617          2.0          87.0         143.0         189.0         221.0
type                     object    353      2                                                                                                          
created_at               object    353    353                                                                                                          
actor_id                  int64    353           45813660.492918    11197018.36489      23789.0    49161187.0    49161187.0    49161187.0    55205405.0
repo_id                   int64    353               174595974.0               0.0  174595974.0   174595974.0   174595974.0   174595974.0   174595974.0
repo_name                object    353      1                                                                                                          
actor_login              object    353     17                                                                                                          
issue_body               object      8      4                                                                                                          
issue_title              object      8      4                                                                                                          
issue_action             object      8      2                                                                                                          
issue_state              object      8      2                                                                                                          
issue_comment_id        float64    345         1982728763.542029  593934838.881872  473247842.0  1510534492.0  2002676966.0  2496449842.0  3017348095.0
issue_user_id             int64    353           46614360.427762    9517548.159183     781561.0    49161187.0    49161187.0    49161187.0    51848298.0
issue_comment_body       object    345    172                                                                                                          
latest_issue_assignees   object    345      1                                                                                                          
latest_issue_assignee    object    345      1                                                                                                          
latest_issue_labels      object    345      8                                                                                                          
actor_type               object    345      2                                                                                                          

