File: drive/output/scrape/extract_github_data/repo_level_data/issue/pberkes___big_o.parquet

MD5 hash: 0d35c16612ae343698e9a334c0e17d21

Keys: issue_number type created_at actor_id 

                           type  count unique               mean               std          min          25%           50%           75%           max
issue_number              int64    175                      35.4         16.614286          2.0         23.0          36.0          49.0          65.0
type                     object    175      2                                                                                                         
created_at               object    175    169                                                                                                         
actor_id                  int64    175           10601605.051429   23836190.943829      56778.0     314633.0      314633.0     7785207.0   200589030.0
repo_id                   int64    175                 1249267.0               0.0    1249267.0    1249267.0     1249267.0     1249267.0     1249267.0
repo_name                object    175      1                                                                                                         
actor_login              object    175     27                                                                                                         
issue_body               object     54     29                                                                                                         
issue_title              object     54     32                                                                                                         
issue_action             object     54      2                                                                                                         
issue_state              object     54      2                                                                                                         
issue_comment_id        float64    121         1193157087.380165  605767797.197164  284213274.0  633526996.0  1278561639.0  1294767515.0  2871102525.0
issue_user_id             int64    175               23427890.96   35529204.922363      56778.0     314633.0     7785207.0    34807905.0   200589030.0
issue_comment_body       object    121    119                                                                                                         
latest_issue_assignees   object    121      4                                                                                                         
latest_issue_assignee    object    121      1                                                                                                         
latest_issue_labels      object    121      3                                                                                                         
actor_type               object    121      1                                                                                                         

