File: drive/output/scrape/extract_github_data/repo_level_data/issue/pglass___py-openapi-schema-to-json-schema.parquet

MD5 hash: 327b5e2b1014348f8448a69857efd768

Keys: issue_number type created_at actor_id 

                           type  count unique           mean              std          min          25%          50%           75%          max
issue_number              int64     19             10.473684          2.50263          4.0         10.0         10.0          12.5         15.0
type                     object     19      2                                                                                                  
created_at               object     19     19                                                                                                  
actor_id                  int64     19         870256.368421   1035777.970032      15092.0      15092.0    1077740.0     1077740.0    4574087.0
repo_id                   int64     19           138369054.0              0.0  138369054.0  138369054.0  138369054.0   138369054.0  138369054.0
repo_name                object     19      1                                                                                                  
actor_login              object     19      3                                                                                                  
issue_body               object      7      5                                                                                                  
issue_title              object      7      4                                                                                                  
issue_action             object      7      2                                                                                                  
issue_state              object      7      2                                                                                                  
issue_comment_id        float64     12           641284347.0  75024966.847922  403127677.0  662933017.5  663500108.0  663806779.25  664571582.0
issue_user_id             int64     19         422825.631579   1080468.266634      15092.0      15092.0      15092.0       15092.0    4574087.0
issue_comment_body       object     12     12                                                                                                  
latest_issue_assignees   object     12      1                                                                                                  
latest_issue_assignee    object     12      1                                                                                                  
latest_issue_labels      object     12      1                                                                                                  
actor_type               object     12      1                                                                                                  

