File: drive/output/scrape/extract_github_data/repo_level_data/issue/port-labs___ocean.parquet

MD5 hash: f7f9b13fcad4c7e9002d8ec4006f2264

Keys: issue_number type created_at actor_id 

                           type  count unique               mean               std           min           25%           50%           75%           max
issue_number            float64   1434               1213.026499          558.7295          62.0        632.25        1522.5       1655.75        1847.0
type                     object   1434      2                                                                                                           
created_at               object   1434   1385                                                                                                           
actor_id                  int64   1434           70086955.396095   45002803.794492       77775.0    41898282.0    49699333.0    63305203.0   206951365.0
repo_id                   int64   1434               643971174.0               0.0   643971174.0   643971174.0   643971174.0   643971174.0   643971174.0
repo_name                object   1434      1                                                                                                           
actor_login              object   1434     56                                                                                                           
issue_body               object     42     30                                                                                                           
issue_title              object     42     31                                                                                                           
issue_action             object     42      3                                                                                                           
issue_state              object     42      2                                                                                                           
issue_comment_id        float64   1392         2570422392.524426  407418529.680497  1682022505.0  2180950443.0  2767430975.0  2900367472.5  3018912275.0
issue_user_id           float64   1430           82288197.711189    56789036.65497       77775.0    49699333.0    51760613.0   110599342.0   203803828.0
issue_comment_body       object   1392   1071                                                                                                           
latest_issue_assignees   object   1392      9                                                                                                           
latest_issue_assignee    object   1392      1                                                                                                           
latest_issue_labels      object   1392     59                                                                                                           
actor_type               object   1392      3                                                                                                           

