File: drive/output/scrape/extract_github_data/repo_level_data/issue/psqlpy-python___psqlpy.parquet

MD5 hash: 4cd4a9e620108cbc9d508d8ce8e3fc30

Keys: issue_number type created_at actor_id 

                           type  count unique               mean               std           min           25%           50%            75%           max
issue_number              int64    246                 86.272358         32.584255           2.0          67.0          88.5          117.0         146.0
type                     object    246      2                                                                                                            
created_at               object    246    245                                                                                                            
actor_id                  int64    246           58483010.382114   40703794.608292      164828.0    37884879.0    62915291.0     62915291.0   181821877.0
repo_id                   int64    246               751043395.0               0.0   751043395.0   751043395.0   751043395.0    751043395.0   751043395.0
repo_name                object    246      1                                                                                                            
actor_login              object    246     26                                                                                                            
issue_body               object     88     47                                                                                                            
issue_title              object     88     48                                                                                                            
issue_action             object     88      3                                                                                                            
issue_state              object     88      2                                                                                                            
issue_comment_id        float64    158         2425458283.411392  254319405.197925  1973559698.0  2214867117.0  2375120771.0  2603650463.75  3020037361.0
issue_user_id             int64    246            56070823.03252   61032974.830581      274645.0     7247249.0    27877470.0     89091351.0   181821877.0
issue_comment_body       object    158    158                                                                                                            
latest_issue_assignees   object    158      4                                                                                                            
latest_issue_assignee    object    158      1                                                                                                            
latest_issue_labels      object    158      3                                                                                                            
actor_type               object    158      1                                                                                                            

