File: drive/output/scrape/extract_github_data/repo_level_data/issue/pwwang___diot.parquet

MD5 hash: 37ea816ba597806b1fdaccd5a4db1a9d

Keys: issue_number type created_at actor_id 

                           type  count unique             mean                std          min           25%          50%            75%           max
issue_number              int64     14                3.071429           1.685426          1.0          1.25          3.0            5.0           5.0
type                     object     14      2                                                                                                         
created_at               object     14     12                                                                                                         
actor_id                  int64     14         19458458.857143    36007551.190218    1188067.0     1188067.0    1369140.5      1618530.0    85898717.0
repo_id                   int64     14             225976927.0                0.0  225976927.0   225976927.0  225976927.0    225976927.0   225976927.0
repo_name                object     14      1                                                                                                         
actor_login              object     14      4                                                                                                         
issue_body               object      6      4                                                                                                         
issue_title              object      6      3                                                                                                         
issue_action             object      6      2                                                                                                         
issue_state              object      6      2                                                                                                         
issue_comment_id        float64      8           1586427173.25  1021620033.454535  734400615.0  875628246.25  925221760.0  2816477841.25  2816500949.0
issue_user_id             int64     14         31699077.928571    41923022.113351    1550214.0     1567293.0    1618530.0     85898717.0    85898717.0
issue_comment_body       object      8      8                                                                                                         
latest_issue_assignees   object      8      1                                                                                                         
latest_issue_assignee    object      8      1                                                                                                         
latest_issue_labels      object      8      2                                                                                                         
actor_type               object      8      1                                                                                                         

