File: drive/output/scrape/extract_github_data/repo_level_data/issue/py-sdl___py-sdl2.parquet

MD5 hash: f167f3bd5737d112aaba6a8058972976

Keys: issue_number type created_at actor_id 

                           type  count unique              mean              std          min           25%          50%            75%           max
issue_number              int64    550               182.287273        59.379865          3.0         137.0        171.0         231.75         285.0
type                     object    550      2                                                                                                        
created_at               object    550    512                                                                                                        
actor_id                  int64    550          17096021.518182  19175436.914139       6637.0     5418180.0   18648066.0     18648066.0   108157737.0
repo_id                   int64    550              100607832.0              0.0  100607832.0   100607832.0  100607832.0    100607832.0   100607832.0
repo_name                object    550      1                                                                                                        
actor_login              object    550     76                                                                                                        
issue_body               object    166    115                                                                                                        
issue_title              object    166    103                                                                                                        
issue_action             object    166      3                                                                                                        
issue_state              object    166      2                                                                                                        
issue_comment_id        float64    384         998778759.052083  584376534.93298  323599452.0  573809994.75  890345433.0  1201366001.75  2859236510.0
issue_user_id             int64    550          15854738.278182  24706277.033101       6637.0      777285.0    5418180.0     18648066.0   106883655.0
issue_comment_body       object    384    382                                                                                                        
latest_issue_assignees   object    384      5                                                                                                        
latest_issue_assignee    object    384      1                                                                                                        
latest_issue_labels      object    384     25                                                                                                        
actor_type               object    384      1                                                                                                        

