File: drive/output/scrape/extract_github_data/repo_level_data/issue/pydicom___pydicom.parquet

MD5 hash: 07b5c7c19a450faf598907c09273b02d

Keys: issue_number type created_at actor_id 

                           type  count unique             mean               std         min          25%          50%          75%           max
issue_number              int64   9612             1018.450583        567.733733         7.0        523.0        945.5       1441.0        2240.0
type                     object   9612      2                                                                                                    
created_at               object   9612   9359                                                                                                    
actor_id                  int64   9612         10923244.749272   17196136.442182     14287.0     725299.0    5577120.0   10226372.0   197844022.0
repo_id                   int64   9612              14006067.0               0.0  14006067.0   14006067.0   14006067.0   14006067.0    14006067.0
repo_name                object   9612      1                                                                                                    
actor_login              object   9612    616                                                                                                    
issue_body               object   1820   1234                                                                                                    
issue_title              object   1820   1029                                                                                                    
issue_action             object   1820      3                                                                                                    
issue_state              object   1820      2                                                                                                    
issue_comment_id        float64   7792         766787108.98691  586150395.006909  69212377.0  366520071.5  553087069.0  894681197.5  2988632016.0
issue_user_id             int64   9612         15703848.507074   22953771.467043     14287.0    1478710.0    7454015.0   15098537.0   197844022.0
issue_comment_body       object   7792   7715                                                                                                    
latest_issue_assignees   object   7792     19                                                                                                    
latest_issue_assignee    object   7792      1                                                                                                    
latest_issue_labels      object   7792    124                                                                                                    
actor_type               object   7792      2                                                                                                    

