File: drive/output/scrape/extract_github_data/repo_level_data/issue/python-trio___sphinxcontrib-trio.parquet

MD5 hash: 6809bd1c5503cf1626b372b21884e6fd

Keys: issue_number type created_at actor_id 

                           type  count unique              mean               std          min          25%          50%          75%           max
issue_number              int64    579               179.735751        118.687623          1.0         70.5        184.0        278.0         398.0
type                     object    579      2                                                                                                      
created_at               object    579    572                                                                                                      
actor_id                  int64    579          21796305.146805   13801383.517444       9766.0   21784558.0   22429695.0   22429695.0    65789180.0
repo_id                   int64    579               91061935.0               0.0   91061935.0   91061935.0   91061935.0   91061935.0    91061935.0
repo_name                object    579      1                                                                                                      
actor_login              object    579     27                                                                                                      
issue_body               object     38     24                                                                                                      
issue_title              object     38     23                                                                                                      
issue_action             object     38      3                                                                                                      
issue_state              object     38      2                                                                                                      
issue_comment_id        float64    541         731901922.194085  263294425.411897  304493511.0  558940425.0  678077637.0  880046566.0  2431582230.0
issue_user_id             int64    579          27647815.709845    16416499.11232       9766.0   15711730.0   27856297.0   49699333.0    49699333.0
issue_comment_body       object    541    520                                                                                                      
latest_issue_assignees   object    541      1                                                                                                      
latest_issue_assignee    object    541      1                                                                                                      
latest_issue_labels      object    541      4                                                                                                      
actor_type               object    541      2                                                                                                      

