File: drive/output/scrape/extract_github_data/repo_level_data/issue/pyvrp___pyvrp.parquet

MD5 hash: 87f0b59a41850c527936ee2b0eab2b61

Keys: issue_number type created_at actor_id 

                           type  count unique               mean               std           min           25%           50%           75%           max
issue_number              int64   2581                401.379698        223.095205           4.0         205.0         391.0         565.0         865.0
type                     object   2581      2                                                                                                           
created_at               object   2581   2558                                                                                                           
actor_id                  int64   2581           24793165.559861   25165104.845594      708533.0    16272507.0    16272507.0    22429695.0   196087854.0
repo_id                   int64   2581               565752037.0               0.0   565752037.0   565752037.0   565752037.0   565752037.0   565752037.0
repo_name                object   2581      1                                                                                                           
actor_login              object   2581     50                                                                                                           
issue_body               object    325    241                                                                                                           
issue_title              object    325    231                                                                                                           
issue_action             object    325      3                                                                                                           
issue_state              object    325      2                                                                                                           
issue_comment_id        float64   2256         1973751440.330674  452312898.210748  1416803284.0  1630510749.5  1917975020.0  2195355514.5  3019049121.0
issue_user_id             int64   2581            23998102.58117   27376733.185762      708533.0    16272507.0    16272507.0    30997278.0   187405192.0
issue_comment_body       object   2256   2252                                                                                                           
latest_issue_assignees   object   2256      8                                                                                                           
latest_issue_assignee    object   2256      1                                                                                                           
latest_issue_labels      object   2256     65                                                                                                           
actor_type               object   2256      2                                                                                                           

