File: drive/output/scrape/extract_github_data/repo_level_data/issue/qntm___greenery.parquet

MD5 hash: c52e47709617495ee93ca593d61d81ad

Keys: issue_number type created_at actor_id 

                           type  count unique              mean               std          min          25%           50%           75%           max
issue_number              int64    280                61.946429         31.090353          9.0        33.75          59.0          94.0         112.0
type                     object    280      2                                                                                                        
created_at               object    280    251                                                                                                        
actor_id                  int64    280           6256716.814286   11677125.177867      26471.0    1735353.0     1735353.0     5072771.0    95649812.0
repo_id                   int64    280                5143160.0               0.0    5143160.0    5143160.0     5143160.0     5143160.0     5143160.0
repo_name                object    280      1                                                                                                        
actor_login              object    280     36                                                                                                        
issue_body               object     95     68                                                                                                        
issue_title              object     95     51                                                                                                        
issue_action             object     95      3                                                                                                        
issue_state              object     95      2                                                                                                        
issue_comment_id        float64    185         1115196346.45946  649714657.210404  139378654.0  383729268.0  1433572418.0  1606222401.0  2920300190.0
issue_user_id             int64    280           8918399.182143   14393582.240676      26471.0     946355.0     2983969.0    11436148.0    79099626.0
issue_comment_body       object    185    180                                                                                                        
latest_issue_assignees   object    185      5                                                                                                        
latest_issue_assignee    object    185      1                                                                                                        
latest_issue_labels      object    185     10                                                                                                        
actor_type               object    185      1                                                                                                        

