File: drive/output/scrape/extract_github_data/repo_level_data/issue/rdpackages___rdrobust.parquet

MD5 hash: d7c3247e2f9d618cf575172834b67cfe

Keys: issue_number type created_at actor_id 

                           type  count unique               mean               std          min          25%          50%           75%           max
issue_number              int64     19                  3.315789          3.074133          1.0          1.0          1.0           5.0          10.0
type                     object     19      2                                                                                                        
created_at               object     19     19                                                                                                        
actor_id                  int64     19           49147256.631579   29290372.249656   24854721.0   24854721.0   24854721.0    81192329.0    85641028.0
repo_id                   int64     19               285824538.0               0.0  285824538.0  285824538.0  285824538.0   285824538.0   285824538.0
repo_name                object     19      1                                                                                                        
actor_login              object     19      4                                                                                                        
issue_body               object      4      3                                                                                                        
issue_title              object      4      3                                                                                                        
issue_action             object      4      2                                                                                                        
issue_state              object      4      2                                                                                                        
issue_comment_id        float64     15         1013523664.533333  292072848.455711  804413062.0  804428475.0  805137934.0  1158426016.5  1661042447.0
issue_user_id             int64     19                66854789.0   29834327.767906     650534.0   77483742.0   81192329.0    81192329.0    85641028.0
issue_comment_body       object     15     15                                                                                                        
latest_issue_assignees   object     15      1                                                                                                        
latest_issue_assignee    object     15      1                                                                                                        
latest_issue_labels      object     15      1                                                                                                        
actor_type               object     15      1                                                                                                        

