File: drive/output/scrape/extract_github_data/repo_level_data/issue/realmteam___django-rest-framework-social-oauth2.parquet

MD5 hash: 959c2e8a48ad29df2a8259a38d5f93df

Keys: issue_number type created_at actor_id 

                           type  count unique             mean               std         min          25%          50%          75%           max
issue_number            float64   1036              109.490347         74.391151         1.0         52.0         94.5        171.0         260.0
type                     object   1036      2                                                                                                    
created_at               object   1036    953                                                                                                    
actor_id                  int64   1036          11487305.11583   15141057.357259     15092.0    5165169.0    5165169.0   10871358.0   108393650.0
repo_id                   int64   1036              31625947.0               0.0  31625947.0   31625947.0   31625947.0   31625947.0    31625947.0
repo_name                object   1036      1                                                                                                    
actor_login              object   1036    297                                                                                                    
issue_body               object    367    230                                                                                                    
issue_title              object    367    207                                                                                                    
issue_action             object    367      3                                                                                                    
issue_state              object    367      2                                                                                                    
issue_comment_id        float64    669         416368664.64574  325438651.033591  90982297.0  220793677.0  317426912.0  515761980.0  2173367327.0
issue_user_id           float64   1036         12445125.209459   15537856.813165     15092.0    2512126.0    6158850.0   14030907.5   108393650.0
issue_comment_body       object    669    626                                                                                                    
latest_issue_assignees   object    669      4                                                                                                    
latest_issue_assignee    object    669      1                                                                                                    
latest_issue_labels      object    669     23                                                                                                    
actor_type               object    669      1                                                                                                    

