File: drive/output/scrape/extract_github_data/repo_level_data/issue/rickypc___robotframework-extendedselenium2library.parquet

MD5 hash: b070d16632865868d4ed81617924ec63

Keys: issue_number type created_at actor_id 

                           type  count unique              mean               std          min          25%          50%          75%          max
issue_number              int64    118                13.364407          9.060731          1.0          5.0         11.0         24.0         29.0
type                     object    118      2                                                                                                     
created_at               object    118    109                                                                                                     
actor_id                  int64    118          14809426.127119    13032564.37341     795860.0    1145955.0   13412711.5   24063190.0   47800778.0
repo_id                   int64    118               38150684.0               0.0   38150684.0   38150684.0   38150684.0   38150684.0   38150684.0
repo_name                object    118      1                                                                                                     
actor_login              object    118     37                                                                                                     
issue_body               object     39     32                                                                                                     
issue_title              object     39     28                                                                                                     
issue_action             object     39      2                                                                                                     
issue_state              object     39      2                                                                                                     
issue_comment_id        float64     79         282048084.974684  119664964.430804  116099031.0  183425838.0  205326057.0  383406361.5  669020568.0
issue_user_id             int64    118          15714076.144068   10120947.779024     795860.0   11085469.0   16764966.0   18586375.0   47800778.0
issue_comment_body       object     79     79                                                                                                     
latest_issue_assignees   object     79      3                                                                                                     
latest_issue_assignee    object     79      1                                                                                                     
latest_issue_labels      object     79      5                                                                                                     
actor_type               object     79      1                                                                                                     

