File: drive/output/scrape/extract_github_data/repo_level_data/issue/rivian___python-plin.parquet

MD5 hash: b6aa06dd2e198193028b9f4ac32a677f

Keys: issue_number type created_at actor_id 

                          type  count unique          mean std           min           25%           50%           75%           max
issue_number             int64      1                  1.0               1.0           1.0           1.0           1.0           1.0
type                    object      1      1                                                                                        
created_at              object      1      1                                                                                        
actor_id                 int64      1            8996428.0         8996428.0     8996428.0     8996428.0     8996428.0     8996428.0
repo_id                  int64      1          624166895.0       624166895.0   624166895.0   624166895.0   624166895.0   624166895.0
repo_name               object      1      1                                                                                        
actor_login             object      1      1                                                                                        
issue_body              object      0      0                                                                                        
issue_title             object      0      0                                                                                        
issue_action            object      0      0                                                                                        
issue_state             object      0      0                                                                                        
issue_comment_id         int64      1         2050338245.0      2050338245.0  2050338245.0  2050338245.0  2050338245.0  2050338245.0
issue_user_id            int64      1           28100662.0        28100662.0    28100662.0    28100662.0    28100662.0    28100662.0
issue_comment_body      object      1      1                                                                                        
latest_issue_assignees  object      1      1                                                                                        
latest_issue_assignee   object      1      1                                                                                        
latest_issue_labels     object      1      1                                                                                        
actor_type              object      1      1                                                                                        

