File: drive/output/scrape/extract_github_data/repo_level_data/issue/sbrunner___deskew.parquet

MD5 hash: 182ae62bce7478b6f09edcb0670acfeb

Keys: issue_number type created_at actor_id 

                           type  count unique               mean               std          min           25%           50%           75%           max
issue_number              int64    199                254.095477        181.543567          4.0          41.5         240.0         400.5         634.0
type                     object    199      2                                                                                                          
created_at               object    199    198                                                                                                          
actor_id                  int64    199           26304775.291457   26128244.263647     353872.0      353872.0    27856297.0    41898282.0   146321879.0
repo_id                   int64    199               182077504.0               0.0  182077504.0   182077504.0   182077504.0   182077504.0   182077504.0
repo_name                object    199      1                                                                                                          
actor_login              object    199     40                                                                                                          
issue_body               object     50     35                                                                                                          
issue_title              object     50     30                                                                                                          
issue_action             object     50      3                                                                                                          
issue_state              object     50      2                                                                                                          
issue_comment_id        float64    149         1328958267.885906  498353293.736889  599033432.0  1147029785.0  1221191434.0  1496460711.0  3012702775.0
issue_user_id             int64    199           32315550.211055   32103897.572835      10137.0     3208269.0    29139614.0    49699333.0   146321879.0
issue_comment_body       object    149    109                                                                                                          
latest_issue_assignees   object    149      1                                                                                                          
latest_issue_assignee    object    149      1                                                                                                          
latest_issue_labels      object    149      6                                                                                                          
actor_type               object    149      2                                                                                                          

