File: drive/output/scrape/extract_github_data/repo_level_data/issue/scout24___succubus.parquet

MD5 hash: 131a944d530f2277e8bb8b9b212b5775

Keys: issue_number type created_at actor_id 

                           type  count unique           mean              std          min          25%          50%          75%          max
issue_number              int64     13              3.692308         1.377474          1.0          3.0          4.0          5.0          5.0
type                     object     13      2                                                                                                 
created_at               object     13     12                                                                                                 
actor_id                  int64     13         911471.307692   1004473.854712      41563.0      41563.0    1327310.0    1327310.0    3428555.0
repo_id                   int64     13            48180852.0              0.0   48180852.0   48180852.0   48180852.0   48180852.0   48180852.0
repo_name                object     13      1                                                                                                 
actor_login              object     13      4                                                                                                 
issue_body               object      5      4                                                                                                 
issue_title              object      5      4                                                                                                 
issue_action             object      5      2                                                                                                 
issue_state              object      5      2                                                                                                 
issue_comment_id        float64      8          231851219.25  64217295.740084  182578481.0  185811877.5  186224957.5  309368820.0  309417738.0
issue_user_id             int64     13         773760.230769    706468.966722      41563.0      41563.0    1327310.0    1430977.0    1430977.0
issue_comment_body       object      8      8                                                                                                 
latest_issue_assignees   object      8      2                                                                                                 
latest_issue_assignee    object      8      1                                                                                                 
latest_issue_labels      object      8      1                                                                                                 
actor_type               object      8      1                                                                                                 

