File: drive/output/scrape/extract_github_data/repo_level_data/issue/sdpython___pyquickhelper.parquet

MD5 hash: d35466c035d0b900c0d86b2e486a2547

Keys: issue_number type created_at actor_id 

                           type  count unique            mean               std          min          25%          50%          75%          max
issue_number              int64    604             159.826159         97.044029          3.0         74.0        152.5        247.0        341.0
type                     object    604      2                                                                                                   
created_at               object    604    603                                                                                                   
actor_id                  int64    604         4881881.187086     2557978.78764     494951.0    4695832.0    4695832.0    4695832.0   49699333.0
repo_id                   int64    604             15485118.0               0.0   15485118.0   15485118.0   15485118.0   15485118.0   15485118.0
repo_name                object    604      1                                                                                                   
actor_login              object    604      6                                                                                                   
issue_body               object    579     39                                                                                                   
issue_title              object    579    319                                                                                                   
issue_action             object    579      3                                                                                                   
issue_state              object    579      2                                                                                                   
issue_comment_id        float64     25           496261993.36  209414882.471084  133210903.0  331000068.0  410443654.0  715296973.0  848998945.0
issue_user_id             int64    604         4761459.892384    2265334.554702     494951.0    4695832.0    4695832.0    4695832.0   49699333.0
issue_comment_body       object     25     24                                                                                                   
latest_issue_assignees   object     25      2                                                                                                   
latest_issue_assignee    object     25      1                                                                                                   
latest_issue_labels      object     25     10                                                                                                   
actor_type               object     25      2                                                                                                   

