File: drive/output/scrape/extract_github_data/repo_level_data/issue/sigmmma___refinery.parquet

MD5 hash: 016f74a937c165f9e8568c52da23afc6

Keys: issue_number type created_at actor_id 

                           type  count unique              mean               std          min          25%          50%          75%           max
issue_number              int64     39                13.948718          11.11175          1.0          5.0         13.0         17.5          38.0
type                     object     39      2                                                                                                      
created_at               object     39     37                                                                                                      
actor_id                  int64     39          28526863.871795   15509394.721747    1642417.0   24233409.0   24233409.0   29311834.0    87925705.0
repo_id                   int64     39              205771416.0               0.0  205771416.0  205771416.0  205771416.0  205771416.0   205771416.0
repo_name                object     39      1                                                                                                      
actor_login              object     39      9                                                                                                      
issue_body               object     26     21                                                                                                      
issue_title              object     26     19                                                                                                      
issue_action             object     26      2                                                                                                      
issue_state              object     26      2                                                                                                      
issue_comment_id        float64     13         661215067.153846  370647753.306647  528536507.0  533680035.0  571352665.0  596031201.0  1891315658.0
issue_user_id             int64     39          29247666.589744   18210342.860513    4564002.0   24233409.0   24233409.0   36333141.5    87925705.0
issue_comment_body       object     13     13                                                                                                      
latest_issue_assignees   object     13      2                                                                                                      
latest_issue_assignee    object     13      1                                                                                                      
latest_issue_labels      object     13      1                                                                                                      
actor_type               object     13      1                                                                                                      

