File: drive/output/scrape/extract_github_data/repo_level_data/issue/sorairolake___abcrypt.parquet

MD5 hash: ccab0553e58c184427de16abcefafdbd

Keys: issue_number type created_at actor_id 

                           type  count unique              mean               std           min           25%           50%           75%           max
issue_number              int64    526                342.30038        181.183278           1.0        186.25         349.5        499.75         740.0
type                     object    526      2                                                                                                          
created_at               object    526    526                                                                                                          
actor_id                  int64    526          49378615.230038    3722991.283553    14161646.0    48999343.0    48999343.0    49699333.0    93978113.0
repo_id                   int64    526              682854777.0               0.0   682854777.0   682854777.0   682854777.0   682854777.0   682854777.0
repo_name                object    526      1                                                                                                          
actor_login              object    526      4                                                                                                          
issue_body               object      9      8                                                                                                          
issue_title              object      9      5                                                                                                          
issue_action             object      9      2                                                                                                          
issue_state              object      9      2                                                                                                          
issue_comment_id        float64    517         2061261631.84913  246553079.589908  1692807257.0  1873174183.0  2022058457.0  2235111476.0  2931674863.0
issue_user_id             int64    526          49891614.019011    4440565.914791    14161646.0    49699333.0    49699333.0    49699333.0    93978113.0
issue_comment_body       object    517    132                                                                                                          
latest_issue_assignees   object    517      1                                                                                                          
latest_issue_assignee    object    517      1                                                                                                          
latest_issue_labels      object    517      6                                                                                                          
actor_type               object    517      2                                                                                                          

