File: drive/output/scrape/extract_github_data/repo_level_data/issue/sparkpost___python-sparkpost.parquet

MD5 hash: 7950e08548c36e7ea60f003cb72e6cde

Keys: issue_number type created_at actor_id 

                           type  count unique              mean               std         min          25%          50%           75%           max
issue_number              int64    443               100.758465         56.601672         1.0         53.5        107.0         144.5         230.0
type                     object    443      2                                                                                                      
created_at               object    443    410                                                                                                      
actor_id                  int64    443           2703701.611738     8341688.17516      7777.0      34866.0      90999.0     1473777.0    82358087.0
repo_id                   int64    443               30055479.0               0.0  30055479.0   30055479.0   30055479.0    30055479.0    30055479.0
repo_name                object    443      1                                                                                                      
actor_login              object    443     80                                                                                                      
issue_body               object    177    118                                                                                                      
issue_title              object    177    100                                                                                                      
issue_action             object    177      3                                                                                                      
issue_state              object    177      2                                                                                                      
issue_comment_id        float64    266         266180640.037594  214444074.786993  73445863.0  188854497.0  211910658.5  283246347.75  2356650889.0
issue_user_id           float64    442           3561565.328054    8340802.555226     34866.0      90999.0     981130.0     2683798.5    82358087.0
issue_comment_body       object    266    264                                                                                                      
latest_issue_assignees   object    266     10                                                                                                      
latest_issue_assignee    object    266      2                                                                                                      
latest_issue_labels      object    266     17                                                                                                      
actor_type               object    266      2                                                                                                      

