File: drive/output/scrape/extract_github_data/repo_level_data/issue/ssciwr___hammingdist.parquet

MD5 hash: fea18afd526bad142202dfcd0b1760d0

Keys: issue_number type created_at actor_id 

                           type  count unique             mean               std          min          25%           50%           75%           max
issue_number              int64     57               63.859649         45.177601          8.0         17.0          54.0         110.0         134.0
type                     object     57      2                                                                                                       
created_at               object     57     57                                                                                                       
actor_id                  int64     57         20413472.280702   32427732.246176    4989908.0   12845624.0    12845624.0    12845624.0   153014178.0
repo_id                   int64     57             308676358.0               0.0  308676358.0  308676358.0   308676358.0   308676358.0   308676358.0
repo_name                object     57      1                                                                                                       
actor_login              object     57      4                                                                                                       
issue_body               object     42     22                                                                                                       
issue_title              object     42     24                                                                                                       
issue_action             object     42      2                                                                                                       
issue_state              object     42      2                                                                                                       
issue_comment_id        float64     15            1439208809.6  554164154.659275  866060354.0  866934864.5  1571633068.0  1883293230.0  2299108914.0
issue_user_id             int64     57         20854940.736842   33167525.075695    4471699.0   12845624.0    12845624.0    12845624.0   153014178.0
issue_comment_body       object     15     15                                                                                                       
latest_issue_assignees   object     15      1                                                                                                       
latest_issue_assignee    object     15      1                                                                                                       
latest_issue_labels      object     15      4                                                                                                       
actor_type               object     15      2                                                                                                       

