File: drive/output/scrape/extract_github_data/repo_level_data/issue/superdesk___eve-elastic.parquet

MD5 hash: e6331c6d0cbbe544af42fac615f9dd75

Keys: issue_number type created_at actor_id 

                          type  count unique               mean              std           min           25%           50%           75%           max
issue_number             int64      9                125.444444        14.543995         104.0         115.0         129.0         136.0         143.0
type                    object      9      1                                                                                                          
created_at              object      9      9                                                                                                          
actor_id                 int64      9           33192638.333333       24760042.0      179249.0      179249.0    49699333.0    49699333.0    49699333.0
repo_id                  int64      9                14489530.0              0.0    14489530.0    14489530.0    14489530.0    14489530.0    14489530.0
repo_name               object      9      1                                                                                                          
actor_login             object      9      2                                                                                                          
issue_body              object      0      0                                                                                                          
issue_title             object      0      0                                                                                                          
issue_action            object      0      0                                                                                                          
issue_state             object      0      0                                                                                                          
issue_comment_id         int64      9         2612313828.111111  373399565.80021  1986085939.0  2552869364.0  2783631556.0  2837759108.0  2958040294.0
issue_user_id            int64      9           44197101.444444  16506694.666667      179249.0    49699333.0    49699333.0    49699333.0    49699333.0
issue_comment_body      object      9      7                                                                                                          
latest_issue_assignees  object      9      1                                                                                                          
latest_issue_assignee   object      9      1                                                                                                          
latest_issue_labels     object      9      3                                                                                                          
actor_type              object      9      2                                                                                                          

