File: drive/output/scrape/extract_github_data/repo_level_data/issue/tencentcloud___tencentcloud-sdk-python.parquet

MD5 hash: 065a5367fdd0442ebd8c59547a2f4129

Keys: issue_number type created_at actor_id 

                           type  count unique              mean               std          min          25%          50%           75%           max
issue_number              int64    390                76.333333          53.00169          1.0        33.25         65.0         114.0         217.0
type                     object    390      2                                                                                                       
created_at               object    390    352                                                                                                       
actor_id                  int64    390          15963953.164103   23075307.625785     224438.0    2180987.0    2180987.0    24715727.0   169354264.0
repo_id                   int64    390              130147399.0               0.0  130147399.0  130147399.0  130147399.0   130147399.0   130147399.0
repo_name                object    390      1                                                                                                       
actor_login              object    390    115                                                                                                       
issue_body               object    196    104                                                                                                       
issue_title              object    196    111                                                                                                       
issue_action             object    196      3                                                                                                       
issue_state              object    196      2                                                                                                       
issue_comment_id        float64    194         818104669.783505  508914679.275864  386969818.0  515533196.5  643950190.5  878896473.75  2871669796.0
issue_user_id             int64    390          24107853.330769   23697497.999101     224438.0    8422947.0   16513834.0    35055407.0   169354264.0
issue_comment_body       object    194    191                                                                                                       
latest_issue_assignees   object    194      1                                                                                                       
latest_issue_assignee    object    194      1                                                                                                       
latest_issue_labels      object    194      1                                                                                                       
actor_type               object    194      1                                                                                                       

