File: drive/output/scrape/extract_github_data/repo_level_data/issue/thejcannon___mypy-typing-asserts.parquet

MD5 hash: 5c84ce00c1a1c20d69ff317cc7bee0c1

Keys: issue_number type created_at actor_id 

                           type  count unique          mean           std           min            25%           50%            75%           max
issue_number              int64      5                  4.6      0.894427           3.0            5.0           5.0            5.0           5.0
type                     object      5      2                                                                                                    
created_at               object      5      4                                                                                                    
actor_id                  int64      5            3979331.4  20618.467955     3956745.0      3956745.0     3994389.0      3994389.0     3994389.0
repo_id                   int64      5          460150717.0           0.0   460150717.0    460150717.0   460150717.0    460150717.0   460150717.0
repo_name                object      5      1                                                                                                    
actor_login              object      5      2                                                                                                    
issue_body               object      3      2                                                                                                    
issue_title              object      3      2                                                                                                    
issue_action             object      3      2                                                                                                    
issue_state              object      3      2                                                                                                    
issue_comment_id        float64      2         1222661463.5  119375.88812  1222577052.0  1222619257.75  1222661463.5  1222703669.25  1222745875.0
issue_user_id             int64      5            3986860.2  16834.908589     3956745.0      3994389.0     3994389.0      3994389.0     3994389.0
issue_comment_body       object      2      2                                                                                                    
latest_issue_assignees   object      2      1                                                                                                    
latest_issue_assignee    object      2      1                                                                                                    
latest_issue_labels      object      2      1                                                                                                    
actor_type               object      2      1                                                                                                    

