File: drive/output/scrape/extract_github_data/repo_level_data/issue/thriftrw___thriftrw-python.parquet

MD5 hash: f0f7b33868d0aeebeee90ec9d65f5a9a

Keys: issue_number type created_at actor_id 

                           type  count unique              mean               std          min           25%          50%           75%           max
issue_number              int64    475                83.896842         45.818527          4.0          41.0         86.0         122.0         172.0
type                     object    475      2                                                                                                        
created_at               object    475    460                                                                                                        
actor_id                  int64    475            984365.212632    1933593.006685      13552.0       41730.0     263587.0      848843.0    11571300.0
repo_id                   int64    475               40150496.0               0.0   40150496.0    40150496.0   40150496.0    40150496.0    40150496.0
repo_name                object    475      1                                                                                                        
actor_login              object    475     22                                                                                                        
issue_body               object     91     63                                                                                                        
issue_title              object     91     56                                                                                                        
issue_action             object     91      3                                                                                                        
issue_state              object     91      2                                                                                                        
issue_comment_id        float64    384         215212167.453125  153975258.920608  135564870.0  147855352.25  165303223.0  238623003.75  1452821047.0
issue_user_id             int64    475            962654.153684    2075259.163895      13552.0       41730.0      41730.0      848843.0    10720216.0
issue_comment_body       object    384    319                                                                                                        
latest_issue_assignees   object    384      3                                                                                                        
latest_issue_assignee    object    384      1                                                                                                        
latest_issue_labels      object    384      6                                                                                                        
actor_type               object    384      1                                                                                                        

