File: drive/output/scrape/extract_github_data/repo_level_data/issue/todofixthis___class-registry.parquet

MD5 hash: 25c5caadbf619486005d2d9d0c1904d1

Keys: issue_number type created_at actor_id 

                           type  count unique               mean               std           min            25%           50%           75%           max
issue_number              int64     46                 36.826087         19.145414           3.0           19.0          41.0          53.0          72.0
type                     object     46      2                                                                                                            
created_at               object     46     46                                                                                                            
actor_id                  int64     46           26556756.347826   26175503.976145      202040.0       202040.0    23892620.5    49699333.0    59771928.0
repo_id                   int64     46               122112192.0               0.0   122112192.0    122112192.0   122112192.0   122112192.0   122112192.0
repo_name                object     46      1                                                                                                            
actor_login              object     46      6                                                                                                            
issue_body               object     12     10                                                                                                            
issue_title              object     12      9                                                                                                            
issue_action             object     12      2                                                                                                            
issue_state              object     12      2                                                                                                            
issue_comment_id        float64     34         2197036691.088235  271128878.962492  1384574124.0  2025757654.25  2289586239.5  2414073953.0  2559107365.0
issue_user_id             int64     46           42979878.086957   24045143.648172      202040.0    21269123.75    49699333.0    59771928.0   104635999.0
issue_comment_body       object     34     33                                                                                                            
latest_issue_assignees   object     34      1                                                                                                            
latest_issue_assignee    object     34      1                                                                                                            
latest_issue_labels      object     34      3                                                                                                            
actor_type               object     34      2                                                                                                            

