File: drive/output/scrape/extract_github_data/repo_level_data/issue/turall___opa-python-client.parquet

MD5 hash: b55f710f47af1f1ff2612a483cd9ecd1

Keys: issue_number type created_at actor_id 

                           type  count unique               mean               std          min            25%           50%            75%           max
issue_number              int64     36                 19.388889          6.694466          6.0          13.75          20.0          24.25          32.0
type                     object     36      2                                                                                                            
created_at               object     36     35                                                                                                            
actor_id                  int64     36           35636126.333333   16075186.200516     793982.0     32899328.0    32899328.0    49304076.25    76963169.0
repo_id                   int64     36               225400958.0               0.0  225400958.0    225400958.0   225400958.0    225400958.0   225400958.0
repo_name                object     36      1                                                                                                            
actor_login              object     36     10                                                                                                            
issue_body               object     12      9                                                                                                            
issue_title              object     12      9                                                                                                            
issue_action             object     12      2                                                                                                            
issue_state              object     12      2                                                                                                            
issue_comment_id        float64     24         1555907398.583333  561255220.670534  589993595.0  1114904675.25  1596736877.0  1774248299.75  2794950336.0
issue_user_id             int64     36           34311559.055556   22688169.479585    1755886.0     14217276.0    44379968.0     49699333.0    76963169.0
issue_comment_body       object     24     20                                                                                                            
latest_issue_assignees   object     24      1                                                                                                            
latest_issue_assignee    object     24      1                                                                                                            
latest_issue_labels      object     24      2                                                                                                            
actor_type               object     24      2                                                                                                            

