File: drive/output/scrape/extract_github_data/repo_level_data/issue/wamp-proto___wamp-xbr.parquet

MD5 hash: 36e50f42105bc23b5af58fe401d31ee8

Keys: issue_number type created_at actor_id 

                           type  count unique              mean              std          min          25%          50%          75%          max
issue_number              int64    330                62.924242        42.222421          3.0        26.25         52.5         97.0        151.0
type                     object    330      2                                                                                                    
created_at               object    330    293                                                                                                    
actor_id                  int64    330           1728370.633333   7518365.082069     233340.0     233340.0     233340.0     233340.0   65553080.0
repo_id                   int64    330              110762083.0              0.0  110762083.0  110762083.0  110762083.0  110762083.0  110762083.0
repo_name                object    330      1                                                                                                    
actor_login              object    330     10                                                                                                    
issue_body               object    162    114                                                                                                    
issue_title              object    162    112                                                                                                    
issue_action             object    162      3                                                                                                    
issue_state              object    162      2                                                                                                    
issue_comment_id        float64    168         580304506.916667  78513149.855459  441270141.0  526334383.0  594269176.0  611751315.0  872391371.0
issue_user_id             int64    330           3342710.206061  11301686.676458     145599.0     233340.0     233340.0     233340.0   60780188.0
issue_comment_body       object    168    161                                                                                                    
latest_issue_assignees   object    168      7                                                                                                    
latest_issue_assignee    object    168      1                                                                                                    
latest_issue_labels      object    168     31                                                                                                    
actor_type               object    168      1                                                                                                    

