File: drive/output/scrape/extract_github_data/repo_level_data/issue/wbond___pymeta3.parquet

MD5 hash: 099f63275bc2d1ef5f8274f488c2f27e

Keys: issue_number type created_at actor_id 

                          type  count unique         mean std          min          25%          50%          75%          max
issue_number             int64      1                 2.0              2.0          2.0          2.0          2.0          2.0
type                    object      1      1                                                                                  
created_at              object      1      1                                                                                  
actor_id                 int64      1             15092.0          15092.0      15092.0      15092.0      15092.0      15092.0
repo_id                  int64      1           8827768.0        8827768.0    8827768.0    8827768.0    8827768.0    8827768.0
repo_name               object      1      1                                                                                  
actor_login             object      1      1                                                                                  
issue_body              object      0      0                                                                                  
issue_title             object      0      0                                                                                  
issue_action            object      0      0                                                                                  
issue_state             object      0      0                                                                                  
issue_comment_id         int64      1         454665134.0      454665134.0  454665134.0  454665134.0  454665134.0  454665134.0
issue_user_id            int64      1             15092.0          15092.0      15092.0      15092.0      15092.0      15092.0
issue_comment_body      object      1      1                                                                                  
latest_issue_assignees  object      1      1                                                                                  
latest_issue_assignee   object      1      1                                                                                  
latest_issue_labels     object      1      1                                                                                  
actor_type              object      1      1                                                                                  

