File: drive/output/scrape/extract_github_data/repo_level_data/issue/wheelodex___wheel-inspect.parquet

MD5 hash: d24eef575c08758bc4abb5b3f5723f64

Keys: issue_number type created_at actor_id 

                           type  count unique               mean               std          min            25%           50%            75%           max
issue_number              int64     36                 20.277778          13.78117          1.0            5.0          21.0          33.25          40.0
type                     object     36      2                                                                                                            
created_at               object     36     35                                                                                                            
actor_id                  int64     36            6291627.527778   10830392.751225      98207.0        98207.0       98207.0      8786017.0    49699333.0
repo_id                   int64     36               152797011.0               0.0  152797011.0    152797011.0   152797011.0    152797011.0   152797011.0
repo_name                object     36      1                                                                                                            
actor_login              object     36      9                                                                                                            
issue_body               object     22     17                                                                                                            
issue_title              object     22     17                                                                                                            
issue_action             object     22      2                                                                                                            
issue_state              object     22      2                                                                                                            
issue_comment_id        float64     14         1653086441.642857  633703365.490791  622490899.0  1124905147.75  1817908364.0  2051675765.25  2507855432.0
issue_user_id             int64     36            9896925.361111   16667296.734224      98207.0        98207.0      998625.0     9063417.75    49699333.0
issue_comment_body       object     14     14                                                                                                            
latest_issue_assignees   object     14      1                                                                                                            
latest_issue_assignee    object     14      1                                                                                                            
latest_issue_labels      object     14      5                                                                                                            
actor_type               object     14      2                                                                                                            

