File: drive/output/scrape/extract_github_data/repo_level_data/issue/yingkaisha___keras-unet-collection.parquet

MD5 hash: 18d583cd42b472aef51048f082d84367

Keys: issue_number type created_at actor_id 

                           type  count unique              mean               std          min          25%          50%          75%           max
issue_number              int64    238                24.567227          16.42942          1.0         12.0         23.0        34.75          69.0
type                     object    238      2                                                                                                      
created_at               object    238    235                                                                                                      
actor_id                  int64    238          30653885.331933   29761876.300779    1561285.0    8646219.0   10078176.5  56734005.25   113059513.0
repo_id                   int64    238              323426984.0               0.0  323426984.0  323426984.0  323426984.0  323426984.0   323426984.0
repo_name                object    238      1                                                                                                      
actor_login              object    238     54                                                                                                      
issue_body               object     96     67                                                                                                      
issue_title              object     96     62                                                                                                      
issue_action             object     96      2                                                                                                      
issue_state              object     96      2                                                                                                      
issue_comment_id        float64    142         918023665.971831  171611177.980275  759660649.0  842927727.5  873087458.0  961070961.5  2435379886.0
issue_user_id             int64    238          45746768.365546   28280577.534296     423552.0   20655721.0   38161537.0   62731294.0   113059513.0
issue_comment_body       object    142    142                                                                                                      
latest_issue_assignees   object    142      1                                                                                                      
latest_issue_assignee    object    142      1                                                                                                      
latest_issue_labels      object    142      6                                                                                                      
actor_type               object    142      1                                                                                                      

