File: drive/output/scrape/extract_github_data/repo_level_data/issue/zopefoundation___five.customerize.parquet

MD5 hash: bc0e1a3b65973b29ba0be9402e85e02a

Keys: issue_number type created_at actor_id 

                           type  count unique               mean               std          min          25%           50%           75%           max
issue_number              int64     48                 14.895833          5.968854          1.0        14.75          17.0          18.0          22.0
type                     object     48      2                                                                                                         
created_at               object     48     47                                                                                                         
actor_id                  int64     48               669084.6875     558077.531989      49014.0    312376.25      386619.0     1215784.0     2354108.0
repo_id                   int64     48                 8513985.0               0.0    8513985.0    8513985.0     8513985.0     8513985.0     8513985.0
repo_name                object     48      1                                                                                                         
actor_login              object     48     10                                                                                                         
issue_body               object      5      3                                                                                                         
issue_title              object      5      3                                                                                                         
issue_action             object      5      2                                                                                                         
issue_state              object      5      2                                                                                                         
issue_comment_id        float64     43         1080394445.581395  467798110.152429  180999915.0  860976769.5  1170849052.0  1191876849.0  2162275532.0
issue_user_id             int64     48             480157.479167     287940.491597     170891.0     386619.0      386619.0      386619.0     1155680.0
issue_comment_body       object     43     41                                                                                                         
latest_issue_assignees   object     43      4                                                                                                         
latest_issue_assignee    object     43      1                                                                                                         
latest_issue_labels      object     43      4                                                                                                         
actor_type               object     43      1                                                                                                         

