File: drive/output/scrape/extract_github_data/repo_level_data/issue/zopefoundation___acquisition.parquet

MD5 hash: 19d8a62233d270dd2e1aa3e1846edb03

Keys: issue_number type created_at actor_id 

                           type  count unique              mean               std         min          25%          50%          75%           max
issue_number              int64    169                30.207101         21.482517         2.0         12.0         25.0         49.0          76.0
type                     object    169      2                                                                                                     
created_at               object    169    163                                                                                                     
actor_id                  int64    169           2491766.485207    4869235.590261     49014.0     386619.0     483109.0    1256082.0    31396984.0
repo_id                   int64    169                8411282.0               0.0   8411282.0    8411282.0    8411282.0    8411282.0     8411282.0
repo_name                object    169      1                                                                                                     
actor_login              object    169     16                                                                                                     
issue_body               object     34     24                                                                                                     
issue_title              object     34     19                                                                                                     
issue_action             object     34      3                                                                                                     
issue_state              object     34      2                                                                                                     
issue_comment_id        float64    135         609014303.674074  608831187.551426  74732354.0  274863961.5  346423956.0  873163925.5  2884348342.0
issue_user_id             int64    169            3575288.08284     6070080.36002    242750.0     386619.0    1215784.0    1256082.0    31396984.0
issue_comment_body       object    135    131                                                                                                     
latest_issue_assignees   object    135      8                                                                                                     
latest_issue_assignee    object    135      1                                                                                                     
latest_issue_labels      object    135      6                                                                                                     
actor_type               object    135      1                                                                                                     

