File: drive/output/scrape/extract_github_data/repo_level_data/issue/zopefoundation___z3c.breadcrumb.parquet

MD5 hash: 29d2ed5f28ff3039324d4b62716c5ee8

Keys: issue_number type created_at actor_id 

                           type  count unique           mean               std          min           25%           50%           75%           max
issue_number              int64      7              4.428571          1.133893          2.0           4.5           5.0           5.0           5.0
type                     object      7      2                                                                                                      
created_at               object      7      6                                                                                                      
actor_id                  int64      7         349139.142857      84471.830722     159967.0      368765.5      386619.0      386619.0      386619.0
repo_id                   int64      7             8456422.0               0.0    8456422.0     8456422.0     8456422.0     8456422.0     8456422.0
repo_name                object      7      1                                                                                                      
actor_login              object      7      3                                                                                                      
issue_body               object      2      1                                                                                                      
issue_title              object      2      1                                                                                                      
issue_action             object      2      2                                                                                                      
issue_state              object      2      2                                                                                                      
issue_comment_id        float64      5          1309937249.6  300555913.713642  772297646.0  1442877509.0  1443284561.0  1443551127.0  1447675405.0
issue_user_id             int64      7              386619.0               0.0     386619.0      386619.0      386619.0      386619.0      386619.0
issue_comment_body       object      5      4                                                                                                      
latest_issue_assignees   object      5      2                                                                                                      
latest_issue_assignee    object      5      1                                                                                                      
latest_issue_labels      object      5      2                                                                                                      
actor_type               object      5      1                                                                                                      

