File: drive/output/derived/org_outcomes_practices/repo_discussion_quality/important_degree_top3/rolling5/academysoftwarefoundation___openexr.parquet

MD5 hash: d81f9647ff538dce9e004382e0b6ac1e

Keys: time_period 

                                                                   type  count                           mean                  min                  25%                  50%                  75%                  max         std
time_period                                              datetime64[ns]     21  2019-12-31 17:08:34.285714176  2015-01-01 00:00:00  2017-07-01 00:00:00  2020-01-01 00:00:00  2022-07-01 00:00:00  2025-01-01 00:00:00            
response_rate                                                   float64     21                       0.682014             0.549277             0.565642             0.595941             0.813333                  1.0    0.149493
mean_days_to_respond                                            float64     21                      89.396821             7.415757            12.432028            33.470842           163.472026           272.018233   99.957132
pos_sentiment_avg                                               float64     21                       0.098901             0.088152             0.092248             0.096126             0.102268             0.113179    0.008001
neg_sentiment_avg                                               float64     21                       0.045106             0.034799             0.039588             0.040643             0.049046             0.076616    0.009883
ov_sentiment_avg                                                float64     21                       0.069977             0.011096             0.044632             0.082299             0.088197             0.095234    0.027896
response_rate_issue_comment                                     float64     21                       0.778484             0.612583             0.702602             0.734884             0.883333                  1.0    0.118139
response_rate_issue_opened                                      float64     21                            1.0                  1.0                  1.0                  1.0                  1.0                  1.0         0.0
response_rate_pull_request_comment                              float64     21                         0.7105             0.546875             0.663102             0.677419              0.71875                  1.0     0.12404
response_rate_pull_request_opened                               float64     21                       0.671426             0.293578             0.381679             0.721311                  1.0                  1.0    0.287623
response_rate_pull_request_review_comment                       float64     19                       0.331106                  0.0             0.307677             0.333333             0.373754                  0.5    0.098198
mean_days_to_respond_issue_comment                              float64     21                     139.562963             9.739668             25.05656            66.311886           214.130572           511.195773  157.477322
mean_days_to_respond_issue_opened                               float64     21                     102.978677             0.202045             4.398752            13.091758            59.688073           539.455411   172.29206
mean_days_to_respond_pull_request_comment                       float64     21                      45.782292             0.150625             5.474784             9.897054            81.466431           185.517785   62.079112
mean_days_to_respond_pull_request_opened                        float64     21                       7.652664             0.005799             3.333785             6.747532             8.147404            37.859142    8.203522
mean_days_to_respond_to_last_comment                            float64     21                     202.581164             9.410806            21.761333            52.090992           325.009739           883.566577  263.826527
mean_days_to_respond_pull_request_review_comment                float64     18                       1.924007             0.734144             1.140179             1.372894             2.458322             5.688137    1.248331
issue_comment_pos_sentiment_avg                                 float64     21                       0.108659             0.082964             0.100921             0.110766               0.1156               0.1326    0.011197
issue_comment_neg_sentiment_avg                                 float64     21                       0.039091             0.030932              0.03302             0.035541             0.038882             0.066242    0.009698
issue_comment_ov_sentiment_avg                                  float64     21                        0.08957             0.005052             0.070272             0.103302             0.109489              0.12408    0.030898
issue_opened_pos_sentiment_avg                                  float64     21                       0.072155             0.042269             0.059296             0.072914             0.080013             0.122039    0.017326
issue_opened_neg_sentiment_avg                                  float64     21                       0.038517             0.030558              0.03379             0.038847             0.042759             0.046934    0.005227
issue_opened_ov_sentiment_avg                                   float64     21                       0.038405              0.00106             0.012839             0.034667             0.061785             0.076332    0.025188
pull_request_comment_pos_sentiment_avg                          float64     21                       0.139457             0.117329              0.13135             0.135548             0.142836                0.227    0.021848
pull_request_comment_neg_sentiment_avg                          float64     21                       0.039078             0.024239             0.031119             0.035973             0.039653             0.094667    0.014879
pull_request_comment_ov_sentiment_avg                           float64     21                       0.120781             0.041978             0.115713              0.13638             0.141769             0.148575     0.02952
pull_request_opened_pos_sentiment_avg                           float64     21                       0.034429                  0.0             0.030094             0.034222             0.041129             0.054432    0.010985
pull_request_opened_neg_sentiment_avg                           float64     21                        0.08689             0.045542             0.069184              0.07887             0.104618             0.148989    0.026708
pull_request_opened_ov_sentiment_avg                            float64     21                      -0.031076            -0.130733            -0.061054             -0.01183            -0.010038             -0.00005    0.034363
pull_request_review_comment_pos_sentiment_avg                   float64     19                       0.099384             0.063658             0.086699             0.093152             0.102589             0.140003    0.023701
pull_request_review_comment_neg_sentiment_avg                   float64     19                       0.027644             0.015506             0.026307             0.028023             0.031419              0.03479    0.005297
pull_request_review_comment_ov_sentiment_avg                    float64     19                       0.109248            -0.017837             0.071837             0.078473             0.088987             0.267912    0.088156
pull_request_review_approved_pos_sentiment_avg                  float64     10                       0.178913             0.111855             0.122784             0.169537             0.232373             0.256958    0.059448
pull_request_review_approved_neg_sentiment_avg                  float64     10                       0.013604             0.006167             0.012792             0.014139             0.015612             0.016043    0.002942
pull_request_review_approved_ov_sentiment_avg                   float64     10                       0.152529             0.080707             0.099499             0.135252             0.216022             0.222603    0.059156
pull_request_review_changes_requested_pos_sentiment_avg         float64     10                        0.20658             0.176528             0.182004              0.19746             0.219313               0.2793    0.032627
pull_request_review_changes_requested_neg_sentiment_avg         float64     10                       0.015663                  0.0             0.005958             0.014844             0.021833             0.044045      0.0129
pull_request_review_changes_requested_ov_sentiment_avg          float64     10                       0.231402              0.16584             0.207422             0.228802             0.258701             0.301247     0.04406
pull_request_review_commented_pos_sentiment_avg                 float64     10                       0.087959             0.050605              0.06202             0.093523             0.106309             0.135996    0.027894
pull_request_review_commented_neg_sentiment_avg                 float64     10                       0.034167                  0.0             0.019166             0.037391             0.042483             0.063902    0.019936
pull_request_review_commented_ov_sentiment_avg                  float64     10                       0.115996             0.084034             0.095399             0.121078              0.13106             0.148874    0.022083
pct_merged_with_approved                                        float64     10                       0.637388             0.225806              0.63483             0.674419             0.698884             0.766551    0.152006
pct_merged_with_review                                          float64     10                       0.669603             0.258065             0.671006             0.707367             0.723074             0.797909     0.15108
avg_pull_request_comment_count                                  float64     21                       1.475466             0.841642             0.967742             1.722222             1.838235                  2.0    0.455795
avg_all_disc_count                                              float64     21                       2.535366             1.809524             1.981481             2.842857             2.937888             3.194631    0.517338
avg_pull_request_review_comment_count                           float64     19                       0.529645              0.02381             0.158333             0.591429             0.783638             1.046296     0.35105
avg_pull_request_review_count                                   float64     10                       1.219466              0.36413             1.189906             1.339869             1.405536             1.478006    0.339273
avg_pull_request_comment_exclude_opener_count                   float64     21                       1.222032             0.672727             0.808362             1.333333             1.590909              1.73913    0.406013
avg_all_disc_exclude_opener_count                               float64     21                       2.203898                  1.0             1.681818             2.509294             2.624242             2.967509    0.607579
avg_pull_request_review_comment_exclude_opener_count            float64     18                       0.477505             0.021277             0.150735             0.500644             0.774217              0.92638     0.30865
avg_pull_request_review_exclude_opener_count                    float64     10                       1.202409             0.411043             1.195917             1.304371             1.349389             1.448485    0.309089
clustering_coefficient                                          float64     21                       0.291193                  0.0             0.153607             0.185664             0.316682             0.900243    0.237171

