File: drive/output/derived/org_outcomes_practices/repo_discussion_quality/important_degree_top3/rolling5/adafruit___adafruit_circuitpython_connectionmanager.parquet

MD5 hash: a2b7a8330f550314aa7beb501c6849c3

Keys: time_period 

                                                                   type  count                 mean                  min                  25%                  50%                  75%                  max       std
time_period                                              datetime64[ns]      3  2024-07-01 16:00:00  2024-01-01 00:00:00  2024-04-01 00:00:00  2024-07-01 00:00:00  2024-10-01 00:00:00  2025-01-01 00:00:00          
response_rate                                                   float64      1             0.698113             0.698113             0.698113             0.698113             0.698113             0.698113          
mean_days_to_respond                                            float64      1              0.20673              0.20673              0.20673              0.20673              0.20673              0.20673          
pos_sentiment_avg                                               float64      3             0.109029             0.108421             0.108699             0.108977             0.109333             0.109689  0.000635
neg_sentiment_avg                                               float64      3             0.023203             0.022283             0.022383             0.022484             0.023663             0.024843  0.001424
ov_sentiment_avg                                                float64      3             0.125891             0.124646             0.125435             0.126224             0.126514             0.126803  0.001116
response_rate_issue_comment                                     float64      1                0.875                0.875                0.875                0.875                0.875                0.875          
response_rate_issue_opened                                      float64      1                  1.0                  1.0                  1.0                  1.0                  1.0                  1.0          
response_rate_pull_request_comment                              float64      1             0.833333             0.833333             0.833333             0.833333             0.833333             0.833333          
response_rate_pull_request_opened                               float64      1             0.555556             0.555556             0.555556             0.555556             0.555556             0.555556          
response_rate_pull_request_review_comment                       float64      1             0.441176             0.441176             0.441176             0.441176             0.441176             0.441176          
mean_days_to_respond_issue_comment                              float64      1             0.096851             0.096851             0.096851             0.096851             0.096851             0.096851          
mean_days_to_respond_issue_opened                               float64      1              0.02941              0.02941              0.02941              0.02941              0.02941              0.02941          
mean_days_to_respond_pull_request_comment                       float64      1             0.251359             0.251359             0.251359             0.251359             0.251359             0.251359          
mean_days_to_respond_pull_request_opened                        float64      1             1.166037             1.166037             1.166037             1.166037             1.166037             1.166037          
mean_days_to_respond_pull_request_review_comment                float64      1             0.029508             0.029508             0.029508             0.029508             0.029508             0.029508          
mean_days_to_respond_to_last_comment                            float64      1             0.193933             0.193933             0.193933             0.193933             0.193933             0.193933          
issue_comment_pos_sentiment_avg                                 float64      3             0.082358             0.081791             0.081791             0.081791             0.082642             0.083492  0.000982
issue_comment_neg_sentiment_avg                                 float64      3             0.031342             0.030967             0.030967             0.030967              0.03153             0.032093   0.00065
issue_comment_ov_sentiment_avg                                  float64      3             0.093291             0.091326               0.0928             0.094273             0.094273             0.094273  0.001701
issue_opened_pos_sentiment_avg                                  float64      3             0.041021             0.032672             0.038934             0.045195             0.045195             0.045195   0.00723
issue_opened_neg_sentiment_avg                                  float64      3             0.030311             0.030207             0.030207             0.030207             0.030363             0.030519   0.00018
issue_opened_ov_sentiment_avg                                   float64      3             0.027386              0.01543             0.024397             0.033364             0.033364             0.033364  0.010354
pull_request_comment_pos_sentiment_avg                          float64      3             0.115259             0.115259             0.115259             0.115259             0.115259             0.115259       0.0
pull_request_comment_neg_sentiment_avg                          float64      3             0.021436             0.021436             0.021436             0.021436             0.021436             0.021436       0.0
pull_request_comment_ov_sentiment_avg                           float64      3             0.159042             0.159042             0.159042             0.159042             0.159042             0.159042       0.0
pull_request_opened_pos_sentiment_avg                           float64      3              0.13465             0.127563             0.132879             0.138194             0.138194             0.138194  0.006137
pull_request_opened_neg_sentiment_avg                           float64      3             0.015614             0.002236             0.002236             0.002236             0.022303             0.042371  0.023172
pull_request_opened_ov_sentiment_avg                            float64      3             0.166222             0.141895             0.160141             0.178386             0.178386             0.178386  0.021068
pull_request_review_approved_pos_sentiment_avg                  float64      3             0.356667             0.356667             0.356667             0.356667             0.356667             0.356667       0.0
pull_request_review_approved_neg_sentiment_avg                  float64      3             0.009611             0.009611             0.009611             0.009611             0.009611             0.009611       0.0
pull_request_review_approved_ov_sentiment_avg                   float64      3             0.278528             0.278528             0.278528             0.278528             0.278528             0.278528       0.0
pull_request_review_changes_requested_pos_sentiment_avg         float64      3                0.075                0.075                0.075                0.075                0.075                0.075       0.0
pull_request_review_changes_requested_neg_sentiment_avg         float64      3                  0.0                  0.0                  0.0                  0.0                  0.0                  0.0       0.0
pull_request_review_changes_requested_ov_sentiment_avg          float64      3             0.114033             0.114033             0.114033             0.114033             0.114033             0.114033       0.0
pull_request_review_comment_pos_sentiment_avg                   float64      3             0.092269             0.092269             0.092269             0.092269             0.092269             0.092269       0.0
pull_request_review_comment_neg_sentiment_avg                   float64      3             0.026774             0.026774             0.026774             0.026774             0.026774             0.026774       0.0
pull_request_review_comment_ov_sentiment_avg                    float64      3             0.102973             0.102973             0.102973             0.102973             0.102973             0.102973       0.0
pull_request_review_commented_pos_sentiment_avg                 float64      3             0.097646             0.097646             0.097646             0.097646             0.097646             0.097646       0.0
pull_request_review_commented_neg_sentiment_avg                 float64      3                  0.0                  0.0                  0.0                  0.0                  0.0                  0.0       0.0
pull_request_review_commented_ov_sentiment_avg                  float64      3             0.109992             0.109992             0.109992             0.109992             0.109992             0.109992       0.0
pct_merged_with_approved                                        float64      1             0.888889             0.888889             0.888889             0.888889             0.888889             0.888889          
pct_merged_with_review                                          float64      1                  1.0                  1.0                  1.0                  1.0                  1.0                  1.0          
avg_pull_request_comment_count                                  float64      1             5.111111             5.111111             5.111111             5.111111             5.111111             5.111111          
avg_pull_request_review_count                                   float64      1             6.222222             6.222222             6.222222             6.222222             6.222222             6.222222          
avg_pull_request_review_comment_count                           float64      1             4.555556             4.555556             4.555556             4.555556             4.555556             4.555556          
avg_all_disc_count                                              float64      1            15.888889            15.888889            15.888889            15.888889            15.888889            15.888889          
avg_pull_request_comment_exclude_opener_count                   float64      1             1.444444             1.444444             1.444444             1.444444             1.444444             1.444444          
avg_pull_request_review_exclude_opener_count                    float64      1             3.777778             3.777778             3.777778             3.777778             3.777778             3.777778          
avg_pull_request_review_comment_exclude_opener_count            float64      1                  2.0                  2.0                  2.0                  2.0                  2.0                  2.0          
avg_all_disc_exclude_opener_count                               float64      1             7.222222             7.222222             7.222222             7.222222             7.222222             7.222222          
clustering_coefficient                                          float64      3              0.17331              0.17331              0.17331              0.17331              0.17331              0.17331       0.0

