File: drive/output/derived/org_outcomes_practices/repo_discussion_quality/important_degree_top3/rolling5/adafruit___adafruit_circuitpython_ov7670.parquet

MD5 hash: e0427e433ffcd4df4d7c4bb56e5ed0fc

Keys: time_period 

                                                                   type  count                 mean                  min                  25%                  50%                  75%                  max       std
time_period                                              datetime64[ns]      8  2022-11-15 21:00:00  2021-01-01 00:00:00  2021-11-16 00:00:00  2022-10-01 00:00:00  2023-09-30 12:00:00  2025-01-01 00:00:00          
response_rate                                                   float64      1             0.411765             0.411765             0.411765             0.411765             0.411765             0.411765          
mean_days_to_respond                                            float64      1             0.385074             0.385074             0.385074             0.385074             0.385074             0.385074          
pos_sentiment_avg                                               float64      7             0.123674             0.112211             0.116415             0.123767             0.130863             0.135184  0.009237
neg_sentiment_avg                                               float64      7             0.115367             0.040092             0.085976             0.135279             0.148998             0.162246  0.046045
ov_sentiment_avg                                                float64      7             0.065531            -0.027916            -0.014709             0.038203              0.14465             0.188547  0.092622
response_rate_issue_comment                                     float64      1                  0.0                  0.0                  0.0                  0.0                  0.0                  0.0          
response_rate_issue_opened                                      float64      1                  1.0                  1.0                  1.0                  1.0                  1.0                  1.0          
response_rate_pull_request_comment                              float64      1                  0.5                  0.5                  0.5                  0.5                  0.5                  0.5          
response_rate_pull_request_opened                               float64      1                  0.5                  0.5                  0.5                  0.5                  0.5                  0.5          
response_rate_pull_request_review_comment                       float64      1                  0.0                  0.0                  0.0                  0.0                  0.0                  0.0          
mean_days_to_respond_issue_opened                               float64      1             0.280787             0.280787             0.280787             0.280787             0.280787             0.280787          
mean_days_to_respond_pull_request_comment                       float64      1             0.694774             0.694774             0.694774             0.694774             0.694774             0.694774          
mean_days_to_respond_pull_request_opened                        float64      1             0.256296             0.256296             0.256296             0.256296             0.256296             0.256296          
mean_days_to_respond_to_last_comment                            float64      1             0.538264             0.538264             0.538264             0.538264             0.538264             0.538264          
issue_comment_pos_sentiment_avg                                 float64      7             0.100619             0.064878             0.064878             0.071998             0.136325              0.16505  0.046553
issue_comment_neg_sentiment_avg                                 float64      7             0.038881                  0.0                  0.0             0.059167                0.071                0.071   0.03661
issue_comment_ov_sentiment_avg                                  float64      7             0.098286             0.010244             0.010244              0.03587              0.19635               0.2287   0.10447
issue_opened_pos_sentiment_avg                                  float64      7              0.05154             0.013733             0.023471             0.067923             0.067923             0.096333   0.03118
issue_opened_neg_sentiment_avg                                  float64      7             0.047113             0.009667             0.026929              0.06506              0.06506             0.071083  0.026035
issue_opened_ov_sentiment_avg                                   float64      7             0.018405             -0.03992             0.009575             0.009575               0.0305             0.079029  0.035772
pull_request_comment_pos_sentiment_avg                          float64      7             0.205527             0.155152             0.155152              0.17866             0.264857             0.264857  0.056118
pull_request_comment_neg_sentiment_avg                          float64      7              0.03608             0.014857             0.014857             0.045691               0.0541               0.0541  0.020074
pull_request_comment_ov_sentiment_avg                           float64      7             0.159487             0.069213             0.069213             0.111341              0.26581              0.26581  0.100565
pull_request_opened_pos_sentiment_avg                           float64      7             0.016561                  0.0                  0.0             0.025069             0.028716             0.033426  0.015699
pull_request_opened_neg_sentiment_avg                           float64      7             0.359916                0.262             0.352917              0.37325             0.389977             0.398375  0.046893
pull_request_opened_ov_sentiment_avg                            float64      7            -0.194184               -0.222            -0.207366            -0.197333            -0.188611               -0.148  0.023874
pull_request_review_approved_pos_sentiment_avg                  float64      7             0.373866             0.372667             0.372667             0.373312              0.37525              0.37525  0.001315
pull_request_review_approved_neg_sentiment_avg                  float64      7             0.066786                  0.0                  0.0               0.0935             0.124667             0.124667  0.063437
pull_request_review_approved_ov_sentiment_avg                   float64      7             0.190794              -0.0129              -0.0129             0.096781             0.425825             0.425825  0.223245
pull_request_review_comment_pos_sentiment_avg                   float64      7             0.137776                0.119                0.119             0.130429                0.159                0.159  0.020261
pull_request_review_comment_neg_sentiment_avg                   float64      7             0.008914                  0.0                  0.0                0.012               0.0168               0.0168  0.008509
pull_request_review_comment_ov_sentiment_avg                    float64      7             0.237631              0.21075              0.21075             0.246936              0.26141              0.26141   0.02566
pull_request_review_changes_requested_pos_sentiment_avg         float64      4                0.162                0.162                0.162                0.162                0.162                0.162       0.0
pull_request_review_changes_requested_neg_sentiment_avg         float64      4                  0.0                  0.0                  0.0                  0.0                  0.0                  0.0       0.0
pull_request_review_changes_requested_ov_sentiment_avg          float64      4               0.4404               0.4404               0.4404               0.4404               0.4404               0.4404       0.0
pct_merged_with_approved                                        float64      1             0.428571             0.428571             0.428571             0.428571             0.428571             0.428571          
pct_merged_with_review                                          float64      1             0.571429             0.571429             0.571429             0.571429             0.571429             0.571429          
avg_pull_request_comment_count                                  float64      1                  1.0                  1.0                  1.0                  1.0                  1.0                  1.0          
avg_pull_request_review_count                                   float64      1                  1.2                  1.2                  1.2                  1.2                  1.2                  1.2          
avg_pull_request_review_comment_count                           float64      1                  0.4                  0.4                  0.4                  0.4                  0.4                  0.4          
avg_all_disc_count                                              float64      1                  2.6                  2.6                  2.6                  2.6                  2.6                  2.6          
avg_pull_request_comment_exclude_opener_count                   float64      1                  0.8                  0.8                  0.8                  0.8                  0.8                  0.8          
avg_pull_request_review_exclude_opener_count                    float64      1                  1.0                  1.0                  1.0                  1.0                  1.0                  1.0          
avg_pull_request_review_comment_exclude_opener_count            float64      1                  0.2                  0.2                  0.2                  0.2                  0.2                  0.2          
avg_all_disc_exclude_opener_count                               float64      1                  2.0                  2.0                  2.0                  2.0                  2.0                  2.0          
clustering_coefficient                                          float64      5             0.344306             0.344306             0.344306             0.344306             0.344306             0.344306       0.0

