File: drive/output/derived/org_outcomes_practices/repo_discussion_quality/important_degree_top3/rolling5/adafruit___adafruit_circuitpython_avrprog.parquet

MD5 hash: 6e9ba02d544eac211ce34b7e353378fa

Keys: time_period 

                                                                   type  count                 mean                  min                  25%                  50%                  75%                  max         std
time_period                                              datetime64[ns]     15  2021-07-01 14:24:00  2018-01-01 00:00:00  2019-10-01 00:00:00  2021-07-01 00:00:00  2023-04-01 12:00:00  2025-01-01 00:00:00            
response_rate                                                   float64      5             0.548454                0.125                  0.6             0.617647             0.692308             0.707317    0.241189
mean_days_to_respond                                            float64      5           135.680177             0.265368             0.265368            35.201887            75.506122           567.162141  243.191195
pos_sentiment_avg                                               float64     12             0.126291             0.054792             0.115489             0.133605             0.147949              0.17215    0.034493
neg_sentiment_avg                                               float64     12             0.062369             0.025687             0.034009             0.061871             0.079513               0.1048    0.028998
ov_sentiment_avg                                                float64     12             0.075302            -0.014057             0.061384             0.088499             0.104235             0.128124    0.046785
response_rate_issue_comment                                     float64      5             0.586667                  0.0             0.666667             0.666667                  0.8                  0.8    0.334664
response_rate_issue_opened                                      float64      4                  1.0                  1.0                  1.0                  1.0                  1.0                  1.0         0.0
response_rate_pull_request_comment                              float64      5              0.45641                  0.0                  0.5                  0.5             0.615385             0.666667    0.265326
response_rate_pull_request_opened                               float64      5             0.522222             0.333333             0.333333             0.444444                  0.5                  1.0    0.276664
response_rate_pull_request_review_comment                       float64      2                  0.0                  0.0                  0.0                  0.0                  0.0                  0.0         0.0
mean_days_to_respond_issue_comment                              float64      4            21.579642             0.094499             0.094499            17.282613            38.767756            51.658841   25.782171
mean_days_to_respond_issue_opened                               float64      4            77.186125             0.812824             0.812824              58.0928           134.466101           191.746076   93.537809
mean_days_to_respond_pull_request_comment                       float64      4             0.151461             0.130297             0.137352             0.153813             0.167922             0.167922    0.019392
mean_days_to_respond_pull_request_opened                        float64      5           144.730072             0.048819             0.048819             7.306126           149.084456           567.162141  244.549834
mean_days_to_respond_to_last_comment                            float64      5           175.892902             0.310345             0.310345            89.786741           221.894939           567.162141  236.791335
issue_comment_pos_sentiment_avg                                 float64     12             0.150646                  0.0             0.141063             0.171485             0.209495             0.212667    0.074843
issue_comment_neg_sentiment_avg                                 float64     12             0.010769                  0.0                  0.0             0.010185             0.018873              0.02425    0.009196
issue_comment_ov_sentiment_avg                                  float64     12             0.100261              -0.2126             0.115782             0.122342             0.134484             0.234911    0.112761
issue_opened_pos_sentiment_avg                                  float64     10             0.041474                0.013             0.038878             0.042189             0.054011             0.065806    0.017344
issue_opened_neg_sentiment_avg                                  float64     10             0.025395                  0.0             0.011414             0.027982             0.030714               0.0505    0.016862
issue_opened_ov_sentiment_avg                                   float64     10             0.064566            -0.034275             0.002942             0.038152             0.145934             0.190986    0.086531
pull_request_opened_pos_sentiment_avg                           float64     12              0.04608                  0.0             0.019481             0.042048             0.066944             0.153104    0.042683
pull_request_opened_neg_sentiment_avg                           float64     12             0.160565                0.031             0.092256             0.165433             0.223115             0.285818    0.088831
pull_request_opened_ov_sentiment_avg                            float64     12            -0.069764            -0.133637            -0.098667            -0.071131            -0.044377             0.000975    0.037787
pull_request_comment_pos_sentiment_avg                          float64     10             0.215657                  0.0             0.138263             0.167453              0.34838                  0.5    0.165006
pull_request_comment_neg_sentiment_avg                          float64     10             0.020445                  0.0             0.004361             0.017444              0.03803             0.039526    0.016815
pull_request_comment_ov_sentiment_avg                           float64     10             0.177974                  0.0             0.215379             0.217789              0.22835             0.230557    0.094009
pull_request_review_comment_pos_sentiment_avg                   float64      7             0.202857             0.141333             0.141333                0.249                0.249                0.249     0.05755
pull_request_review_comment_neg_sentiment_avg                   float64      7             0.028857                  0.0                  0.0               0.0505               0.0505               0.0505    0.026993
pull_request_review_comment_ov_sentiment_avg                    float64      7             0.427267             0.286756             0.286756              0.53265              0.53265              0.53265    0.131436
pull_request_review_approved_pos_sentiment_avg                  float64      6             0.236667             0.077556             0.077556             0.096944             0.296833                0.714    0.257975
pull_request_review_approved_neg_sentiment_avg                  float64      6                  0.0                  0.0                  0.0                  0.0                  0.0                  0.0         0.0
pull_request_review_approved_ov_sentiment_avg                   float64      6              0.21605             0.167667             0.167667             0.174133             0.233775               0.3612    0.078237
pull_request_review_changes_requested_pos_sentiment_avg         float64      3                  0.0                  0.0                  0.0                  0.0                  0.0                  0.0         0.0
pull_request_review_changes_requested_neg_sentiment_avg         float64      3                  0.0                  0.0                  0.0                  0.0                  0.0                  0.0         0.0
pull_request_review_changes_requested_ov_sentiment_avg          float64      3                  0.0                  0.0                  0.0                  0.0                  0.0                  0.0         0.0
pull_request_review_commented_pos_sentiment_avg                 float64      3               0.2568               0.2568               0.2568               0.2568               0.2568               0.2568         0.0
pull_request_review_commented_neg_sentiment_avg                 float64      3                0.016                0.016                0.016                0.016                0.016                0.016         0.0
pull_request_review_commented_ov_sentiment_avg                  float64      3              0.35242              0.35242              0.35242              0.35242              0.35242              0.35242         0.0
pct_merged_with_approved                                        float64      4             0.922619             0.833333              0.85119             0.928571                  1.0                  1.0    0.089879
pct_merged_with_review                                          float64      4             0.922619             0.833333              0.85119             0.928571                  1.0                  1.0    0.089879
avg_pull_request_comment_count                                  float64      5             1.436667             0.333333                 1.25                  1.3                  1.8                  2.5    0.795857
avg_all_disc_count                                              float64      5             2.323333                 1.75                  2.3                  2.4                  2.5             2.666667     0.34793
avg_pull_request_review_count                                   float64      4             0.783333                  0.5                  0.5                 0.65             0.933333             1.333333    0.392994
avg_pull_request_review_comment_count                           float64      2                 0.65                  0.3                0.475                 0.65                0.825                  1.0    0.494975
avg_pull_request_comment_exclude_opener_count                   float64      5             1.283333             0.333333             0.888889                 1.25             1.444444                  2.5    0.800848
avg_all_disc_exclude_opener_count                               float64      5             2.205556                 1.75                  2.0             2.111111                  2.5             2.666667    0.373505
avg_pull_request_review_exclude_opener_count                    float64      4             0.819444                  0.5             0.541667             0.722222                  1.0             1.333333    0.383226
avg_pull_request_review_comment_exclude_opener_count            float64      2             0.666667             0.333333                  0.5             0.666667             0.833333                  1.0    0.471405
clustering_coefficient                                          float64     12             0.194244                  0.0                  0.0                  0.0             0.490944             0.605707    0.279047

