File: drive/output/derived/org_outcomes_practices/repo_discussion_quality/important_degree_top3/rolling5/adbar___simplemma.parquet

MD5 hash: df361c5f63f33c47b4f9463965f88a7c

Keys: time_period 

                                                                   type  count                 mean                  min                  25%                  50%                  75%                  max       std
time_period                                              datetime64[ns]      9  2022-12-31 13:20:00  2021-01-01 00:00:00  2022-01-01 00:00:00  2023-01-01 00:00:00  2024-01-01 00:00:00  2025-01-01 00:00:00          
response_rate                                                   float64      6             0.657721             0.571429             0.662798             0.669418             0.671932             0.702703  0.044666
mean_days_to_respond                                            float64      6             4.227907             3.719214             3.871712             4.101196             4.528221             4.980058  0.493619
pos_sentiment_avg                                               float64      9             0.098368                  0.0             0.101846             0.122509             0.123088             0.124412  0.044584
neg_sentiment_avg                                               float64      9             0.031069             0.005687             0.023705             0.037772             0.039627             0.046124  0.014547
ov_sentiment_avg                                                float64      9             0.110353            -0.039775             0.125005              0.12852             0.131969             0.168576  0.059712
response_rate_issue_comment                                     float64      6             0.525277                 0.25             0.530538             0.578554             0.607781               0.6125   0.13964
response_rate_issue_opened                                      float64      6                  1.0                  1.0                  1.0                  1.0                  1.0                  1.0       0.0
response_rate_pull_request_comment                              float64      5             0.762019             0.718563             0.728324             0.742647             0.745562                0.875  0.064099
response_rate_pull_request_opened                               float64      5                  1.0                  1.0                  1.0                  1.0                  1.0                  1.0       0.0
response_rate_pull_request_review_comment                       float64      4             0.277149             0.261538             0.277149             0.282353             0.282353             0.282353  0.010407
mean_days_to_respond_issue_comment                              float64      6            12.662443             1.893843             9.229009            15.533753            16.543478            19.005825  6.625424
mean_days_to_respond_issue_opened                               float64      6             3.584337             2.729269             3.002839             3.239148              3.33398             6.008796  1.210129
mean_days_to_respond_to_last_comment                            float64      6             5.382517             1.586265             2.277028             4.560187               7.6059            11.451348  3.932616
mean_days_to_respond_pull_request_comment                       float64      5              1.29617             0.881996             0.951181             1.024565             1.024565             2.598543  0.730458
mean_days_to_respond_pull_request_opened                        float64      5             0.292418             0.000313             0.156769             0.399625             0.406151             0.499231  0.206716
mean_days_to_respond_pull_request_review_comment                float64      4             0.291267             0.273988             0.291267             0.297026             0.297026             0.297026  0.011519
issue_opened_pos_sentiment_avg                                  float64      9             0.066789                  0.0             0.071341             0.076378             0.083109             0.083422  0.027557
issue_opened_neg_sentiment_avg                                  float64      9             0.025663             0.005687             0.013536             0.030123             0.033587             0.037953  0.012179
issue_opened_ov_sentiment_avg                                   float64      9             0.094661            -0.039775              0.09158             0.113471             0.118106             0.145487  0.053445
issue_comment_pos_sentiment_avg                                 float64      7             0.122403              0.10299             0.112093              0.11831             0.132457             0.146417  0.016647
issue_comment_neg_sentiment_avg                                 float64      7             0.027741             0.019454             0.025129             0.026635             0.028171               0.0415  0.006792
issue_comment_ov_sentiment_avg                                  float64      7             0.154988             0.091465             0.154079             0.160031             0.162405             0.200449  0.032385
pull_request_comment_pos_sentiment_avg                          float64      6             0.143019             0.112518             0.137452              0.14456             0.155751             0.161912  0.017911
pull_request_comment_neg_sentiment_avg                          float64      6             0.034083              0.03295             0.033434             0.033923             0.034376             0.035906  0.001043
pull_request_comment_ov_sentiment_avg                           float64      6             0.158793             0.142354             0.149284             0.157704              0.16355             0.183019  0.014438
pull_request_opened_pos_sentiment_avg                           float64      6             0.056384                  0.0             0.061167             0.066328             0.069828             0.075205  0.028107
pull_request_opened_neg_sentiment_avg                           float64      6             0.146938             0.100419             0.113764             0.129753             0.145891                0.262  0.059075
pull_request_opened_ov_sentiment_avg                            float64      6             -0.00715               -0.148             0.002018             0.014912             0.028706             0.044251  0.070786
pull_request_review_approved_pos_sentiment_avg                  float64      5               0.4423               0.4423               0.4423               0.4423               0.4423               0.4423       0.0
pull_request_review_approved_neg_sentiment_avg                  float64      5                  0.0                  0.0                  0.0                  0.0                  0.0                  0.0       0.0
pull_request_review_approved_ov_sentiment_avg                   float64      5              0.29984              0.29984              0.29984              0.29984              0.29984              0.29984       0.0
pull_request_review_changes_requested_pos_sentiment_avg         float64      5             0.308733             0.266556             0.266556             0.266556                0.372                0.372  0.057754
pull_request_review_changes_requested_neg_sentiment_avg         float64      5             0.053533                0.052                0.052             0.054556             0.054556             0.054556    0.0014
pull_request_review_changes_requested_ov_sentiment_avg          float64      5             0.021153                  0.0                  0.0             0.035256             0.035256             0.035256   0.01931
pull_request_review_comment_pos_sentiment_avg                   float64      5             0.132412             0.127602             0.127602             0.127602             0.138623             0.140632  0.006625
pull_request_review_comment_neg_sentiment_avg                   float64      5             0.028812              0.02827              0.02827              0.02827             0.029411             0.029837  0.000757
pull_request_review_comment_ov_sentiment_avg                    float64      5             0.118131             0.116249             0.116249             0.116249             0.120083             0.121823  0.002649
pull_request_review_commented_pos_sentiment_avg                 float64      5                0.042                0.042                0.042                0.042                0.042                0.042       0.0
pull_request_review_commented_neg_sentiment_avg                 float64      5               0.0895               0.0895               0.0895               0.0895               0.0895               0.0895       0.0
pull_request_review_commented_ov_sentiment_avg                  float64      5             -0.13455             -0.13455             -0.13455             -0.13455             -0.13455             -0.13455       0.0
pct_merged_with_approved                                        float64      5             0.034376                  0.0             0.033898             0.033898             0.043478             0.060606  0.022097
pct_merged_with_review                                          float64      5             0.211324                  0.0             0.220339             0.220339             0.282609             0.333333  0.127268
avg_all_disc_count                                              float64      5              7.75388             6.031746             6.553846              8.02381                 8.16                 10.0  1.556332
avg_pull_request_comment_count                                  float64      5             3.547106                  2.8             3.380952             3.430769              4.02381                  4.1  0.532035
avg_pull_request_review_count                                   float64      5             1.255136                  0.6             1.238095             1.246154             1.571429                 1.62  0.407045
avg_pull_request_review_comment_count                           float64      5             2.951639             1.412698             1.876923             2.428571                 2.44                  6.6  2.083822
avg_all_disc_exclude_opener_count                               float64      5             4.465628                  3.5             4.114754                 4.25             5.173913             5.289474  0.755386
avg_pull_request_comment_exclude_opener_count                   float64      5             2.911749              2.47541             2.583333                  3.0                  3.0                  3.5   0.40616
avg_pull_request_review_exclude_opener_count                    float64      4              0.86595             0.721311             0.730328             0.844928             0.980549             1.052632  0.164885
avg_pull_request_review_comment_exclude_opener_count            float64      4               1.0764             0.918033             0.929508             1.075362             1.222254             1.236842  0.174326
clustering_coefficient                                          float64      7             0.075077                  0.0             0.023671             0.047341              0.07285             0.285155  0.097657

