File: drive/output/derived/org_outcomes_practices/repo_discussion_quality/important_degree_top3/rolling5/awslabs___cloudwatch-fluent-metrics.parquet

MD5 hash: 055c9e700f328b0f963e3b63d5afc08a

Keys: time_period 

                                                         type  count                 mean                  min                  25%                  50%                  75%                  max       std
time_period                                    datetime64[ns]     10  2019-04-20 04:48:00  2017-01-01 00:00:00  2018-02-15 06:00:00  2019-04-01 12:00:00  2020-05-16 12:00:00  2022-01-01 00:00:00          
response_rate                                         float64      2             0.535714                  0.5             0.517857             0.535714             0.553571             0.571429  0.050508
mean_days_to_respond                                  float64      2             3.926994             0.550877             2.238936             3.926994             5.615053             7.303112  4.774551
pos_sentiment_avg                                     float64     10             0.132348               0.0875             0.116057             0.120573             0.130374             0.210083  0.042773
neg_sentiment_avg                                     float64     10             0.047268                  0.0              0.03129             0.049806             0.063146             0.086132  0.025778
ov_sentiment_avg                                      float64     10             0.089376             0.030538             0.072341             0.079951             0.083392              0.18182  0.046988
response_rate_issue_comment                           float64      2               0.4375                0.375              0.40625               0.4375              0.46875                  0.5  0.088388
response_rate_issue_opened                            float64      2                  1.0                  1.0                  1.0                  1.0                  1.0                  1.0       0.0
response_rate_pull_request_comment                    float64      2                  0.0                  0.0                  0.0                  0.0                  0.0                  0.0       0.0
response_rate_pull_request_opened                     float64      2                  1.0                  1.0                  1.0                  1.0                  1.0                  1.0       0.0
mean_days_to_respond_issue_comment                    float64      2             4.107414             0.086904             2.097159             4.107414             6.117669             8.127924   5.68586
mean_days_to_respond_issue_opened                     float64      2             5.800073              0.89456             3.347317             5.800073              8.25283            10.705586  6.937443
mean_days_to_respond_pull_request_opened              float64      2              1.04866             0.962182             1.005421              1.04866               1.0919             1.135139  0.122299
mean_days_to_respond_to_last_comment                  float64      2             4.712543             0.436316             2.574429             4.712543             6.850657             8.988771  6.047499
issue_comment_pos_sentiment_avg                       float64      9             0.180583             0.065048             0.131146             0.137419               0.1965               0.3685   0.09964
issue_comment_neg_sentiment_avg                       float64      9             0.046067                  0.0             0.043244             0.046334             0.059917                0.067  0.019608
issue_comment_ov_sentiment_avg                        float64      9             0.092696             0.019457             0.060453             0.063177              0.11245              0.21075   0.06268
issue_opened_pos_sentiment_avg                        float64     10             0.162132                0.046             0.130991             0.150204             0.177704              0.30125  0.067071
issue_opened_neg_sentiment_avg                        float64     10             0.003277                  0.0             0.000881             0.004106             0.005565             0.005906  0.002518
issue_opened_ov_sentiment_avg                         float64     10             0.181034             0.113333             0.142168             0.159195               0.2181             0.309742  0.062001
pull_request_comment_pos_sentiment_avg                float64      8              0.21884                0.088                0.179             0.250067             0.267969             0.268375  0.065665
pull_request_comment_neg_sentiment_avg                float64      8             0.034533                  0.0                  0.0               0.0148             0.049333                0.148   0.05086
pull_request_comment_ov_sentiment_avg                 float64      8             0.167263              -0.3265               0.0703             0.248825             0.323763               0.3568  0.232102
pull_request_opened_pos_sentiment_avg                 float64      9             0.031911               0.0124             0.021857                0.031             0.038871              0.06145  0.015274
pull_request_opened_neg_sentiment_avg                 float64      9             0.105436             0.020905             0.033781             0.125836              0.15458             0.212547  0.073716
pull_request_opened_ov_sentiment_avg                  float64      9            -0.020461            -0.085254            -0.049107            -0.012401            -0.008849             0.069649  0.046105
avg_pull_request_comment_count                        float64      2                  1.0                  1.0                  1.0                  1.0                  1.0                  1.0       0.0
avg_all_disc_count                                    float64      2                  1.0                  1.0                  1.0                  1.0                  1.0                  1.0       0.0
avg_pull_request_comment_exclude_opener_count         float64      2                  1.0                  1.0                  1.0                  1.0                  1.0                  1.0       0.0
avg_all_disc_exclude_opener_count                     float64      2                  1.0                  1.0                  1.0                  1.0                  1.0                  1.0       0.0
clustering_coefficient                                float64      7                  0.0                  0.0                  0.0                  0.0                  0.0                  0.0       0.0

