File: drive/output/derived/org_outcomes_practices/repo_discussion_quality/important_degree_top3/rolling5/azure___azureml-examples.parquet

MD5 hash: 51f41940e78121aa4ae90a6c76093d1b

Keys: time_period 

                                                                   type  count                 mean                  min                  25%                  50%                  75%                  max        std
time_period                                              datetime64[ns]     10  2022-10-01 04:48:00  2020-07-01 00:00:00  2021-08-16 00:00:00  2022-10-01 00:00:00  2023-11-16 00:00:00  2025-01-01 00:00:00           
response_rate                                                   float64     10             0.260245             0.121813              0.14112             0.262329             0.354236             0.446667   0.122197
mean_days_to_respond                                            float64     10            18.679275             5.889358            10.803455            21.274864            25.072819            28.468012   8.508499
pos_sentiment_avg                                               float64     10             0.058317             0.052273             0.053894             0.058853              0.06254              0.06425   0.004647
neg_sentiment_avg                                               float64     10              0.04302             0.017228             0.018777             0.028645             0.055664             0.120849   0.033933
ov_sentiment_avg                                                float64     10             0.031703            -0.015346             0.021281             0.040737             0.049408             0.051117   0.022889
response_rate_issue_comment                                     float64     10             0.505488               0.4375                  0.5                  0.5             0.533701             0.545455   0.033656
response_rate_issue_opened                                      float64     10                  1.0                  1.0                  1.0                  1.0                  1.0                  1.0        0.0
response_rate_pull_request_comment                              float64     10             0.347915                 0.25             0.311941             0.353601             0.401888             0.416667   0.060709
response_rate_pull_request_opened                               float64     10             0.149235             0.012987             0.033621              0.10202             0.256539             0.363636   0.138762
response_rate_pull_request_review_comment                       float64     10             0.251023             0.169697             0.175276             0.255736             0.297361               0.3875   0.076986
mean_days_to_respond_issue_comment                              float64     10            26.977265             0.506563             0.748711            26.158957            35.992478            76.900022  28.099248
mean_days_to_respond_issue_opened                               float64     10           144.141841            58.657414             92.89629           111.554955           220.240556           220.240556  67.634694
mean_days_to_respond_pull_request_comment                       float64     10              6.56844             0.444398             2.823034             7.983071             9.012495            12.424613   4.106694
mean_days_to_respond_pull_request_opened                        float64     10            39.533299             0.081458             2.281315            30.446812            55.364763            132.21719  44.261096
mean_days_to_respond_pull_request_review_comment                float64     10             3.688419             0.966821             1.378729             3.724047             5.429436             7.598543   2.392402
mean_days_to_respond_to_last_comment                            float64     10            21.427003             6.492252            12.516317            24.845288            27.947017            31.879648   9.754016
issue_comment_pos_sentiment_avg                                 float64     10             0.099629             0.092041             0.094891             0.097215             0.103483             0.116619   0.007496
issue_comment_neg_sentiment_avg                                 float64     10             0.037808             0.025305             0.033594             0.037781             0.042401             0.049941   0.007226
issue_comment_ov_sentiment_avg                                  float64     10             0.105408             0.080364             0.083084             0.094042             0.128137             0.151317    0.02658
issue_opened_pos_sentiment_avg                                  float64     10             0.048624             0.045224             0.046542             0.048493             0.050661             0.053059    0.00261
issue_opened_neg_sentiment_avg                                  float64     10             0.043978             0.033162             0.036521              0.03922             0.049781             0.064308    0.01048
issue_opened_ov_sentiment_avg                                   float64     10             0.004366            -0.021243            -0.000861             0.007553             0.014633             0.018378   0.012927
pull_request_comment_pos_sentiment_avg                          float64     10             0.115449             0.101846             0.107765             0.111532             0.116419             0.142023   0.012586
pull_request_comment_neg_sentiment_avg                          float64     10             0.042941             0.028999             0.035937             0.044699             0.048857             0.054869   0.008679
pull_request_comment_ov_sentiment_avg                           float64     10             0.086325             0.060398             0.077745             0.082314             0.096104             0.117428   0.016837
pull_request_opened_pos_sentiment_avg                           float64     10             0.009685             0.005498             0.009154             0.010233             0.010928             0.012279   0.002292
pull_request_opened_neg_sentiment_avg                           float64     10             0.059241             0.008593             0.008922             0.026574             0.079325             0.236381   0.073828
pull_request_opened_ov_sentiment_avg                            float64     10            -0.021891            -0.123711            -0.028669            -0.004045             0.005147             0.008678   0.042468
pull_request_review_approved_pos_sentiment_avg                  float64     10             0.328345             0.213306             0.273584             0.292113             0.304123             0.658556   0.126128
pull_request_review_approved_neg_sentiment_avg                  float64     10             0.003884                  0.0             0.000429             0.004533             0.006918             0.007606   0.003226
pull_request_review_approved_ov_sentiment_avg                   float64     10             0.269391             0.193262             0.222847             0.237157             0.243189               0.5375   0.102762
pull_request_review_changes_requested_pos_sentiment_avg         float64     10             0.103941             0.051789             0.065653             0.093658             0.140317             0.178149   0.044103
pull_request_review_changes_requested_neg_sentiment_avg         float64     10             0.023854              0.01565              0.02286             0.024466               0.0258             0.029868   0.004003
pull_request_review_changes_requested_ov_sentiment_avg          float64     10             0.106005              0.03825              0.06091             0.114096             0.149248             0.157184   0.046562
pull_request_review_comment_pos_sentiment_avg                   float64     10             0.081471             0.071427             0.081384             0.082055             0.083446              0.08523   0.003837
pull_request_review_comment_neg_sentiment_avg                   float64     10             0.026942             0.021717             0.023373             0.026031             0.027977             0.035741   0.004855
pull_request_review_comment_ov_sentiment_avg                    float64     10             0.060741             0.044819             0.052547             0.061028             0.068723             0.074695    0.00982
pull_request_review_commented_pos_sentiment_avg                 float64     10             0.183289             0.119141             0.126014             0.146741             0.153132                0.367   0.097712
pull_request_review_commented_neg_sentiment_avg                 float64     10             0.017336                  0.0             0.006624             0.017756             0.028527             0.033989    0.01318
pull_request_review_commented_ov_sentiment_avg                  float64     10             0.173829             0.061474             0.066044             0.112756             0.162653               0.4678   0.159612
pull_request_review_dismissed_pos_sentiment_avg                 float64      7             0.126179              0.04325              0.04325             0.071625             0.223687               0.2345   0.095386
pull_request_review_dismissed_neg_sentiment_avg                 float64      7             0.035095                  0.0             0.005583               0.0335                0.067                0.067   0.031865
pull_request_review_dismissed_ov_sentiment_avg                  float64      7             0.104955              0.00555              0.00555             0.093075             0.193791             0.237381   0.105598
pct_merged_with_approved                                        float64     10             0.180125             0.050328             0.075835             0.155879             0.273244             0.346847   0.118141
pct_merged_with_review                                          float64     10             0.227467             0.089716             0.107925             0.201949             0.330873              0.40991   0.129069
avg_pull_request_comment_count                                  float64     10             0.453659             0.072874             0.103575             0.349553              0.81485                  1.0   0.378285
avg_pull_request_review_count                                   float64     10             1.750826             1.358156             1.593082             1.757854             1.858832             2.244444   0.248643
avg_pull_request_review_comment_count                           float64     10              1.04491             0.507937              0.56987             0.761799             1.600197             1.933333   0.581974
avg_all_disc_count                                              float64     10             3.249395             2.255319             2.441426             2.694953             4.130309             5.177778    1.08725
avg_pull_request_comment_exclude_opener_count                   float64     10             0.413436             0.055556             0.085031             0.297253             0.753623             0.971429   0.362969
avg_pull_request_review_exclude_opener_count                    float64     10             1.726574             1.257692             1.458072             1.711803             1.894394             2.457143    0.34654
avg_pull_request_review_comment_exclude_opener_count            float64     10              0.98658             0.473154             0.504274             0.646919             1.449718             2.057143   0.623413
avg_all_disc_exclude_opener_count                               float64     10              3.12659             1.980769             2.371229             2.544933             3.731918             5.485714   1.173359
clustering_coefficient                                          float64     10             0.089274                  0.0             0.050998             0.069756             0.102776             0.255188   0.070233

