File: drive/output/derived/org_outcomes_practices/repo_discussion_quality/important_degree_top3/rolling5/basedosdados___sdk.parquet

MD5 hash: 353032db6e16b0463dee80d7ceb63242

Keys: time_period 

                                                                   type  count                 mean                  min                  25%                  50%                  75%                  max       std
time_period                                              datetime64[ns]     10  2022-10-01 04:48:00  2020-07-01 00:00:00  2021-08-16 00:00:00  2022-10-01 00:00:00  2023-11-16 00:00:00  2025-01-01 00:00:00          
response_rate                                                   float64      8             0.312752             0.261814             0.305445             0.316487             0.329435             0.334771  0.023989
mean_days_to_respond                                            float64      8             4.830254             2.200718             4.327428             5.012852             5.847737             6.188814  1.330048
pos_sentiment_avg                                               float64     10             0.017189             0.013501             0.014327             0.017187             0.019011             0.023085  0.003327
neg_sentiment_avg                                               float64     10             0.070382             0.058283             0.061221             0.067816             0.071503             0.110032  0.014939
ov_sentiment_avg                                                float64     10            -0.038792            -0.055873            -0.041193            -0.038151            -0.034831            -0.028558  0.007338
response_rate_pull_request_comment                              float64      8             0.607455             0.529412             0.594792             0.626573             0.628555             0.648855  0.039846
response_rate_pull_request_opened                               float64      8             0.500409             0.377193             0.461408             0.503219             0.562562             0.596639  0.075189
response_rate_pull_request_review_comment                       float64      8             0.201024             0.176822             0.182531              0.18812             0.214669             0.261905  0.028802
mean_days_to_respond_pull_request_comment                       float64      8             5.174518             1.919861             4.991134             5.828267             6.196896             6.707265  1.719938
mean_days_to_respond_pull_request_opened                        float64      8            10.115754             3.245706             4.871755             9.739802            13.949871            20.828559  6.047055
mean_days_to_respond_pull_request_review_comment                float64      8             2.113156             1.829794             1.918556             2.031465             2.140772             2.892324   0.33566
mean_days_to_respond_to_last_comment                            float64      8             5.769181             2.564397             4.572775             5.722993             7.663342             7.851216  1.932927
pull_request_comment_pos_sentiment_avg                          float64     10             0.017512             0.003127             0.016928               0.0175             0.018969             0.028031  0.006128
pull_request_comment_neg_sentiment_avg                          float64     10             0.023141             0.018012             0.020659             0.023899             0.025347             0.027672  0.003089
pull_request_comment_ov_sentiment_avg                           float64     10            -0.012325            -0.031121            -0.016052            -0.015385            -0.013922             0.029085  0.015428
pull_request_opened_pos_sentiment_avg                           float64     10             0.008247             0.004803             0.006931             0.008643             0.009529             0.011463  0.002182
pull_request_opened_neg_sentiment_avg                           float64     10             0.249681             0.220607             0.240679             0.252453             0.253189             0.285195  0.019898
pull_request_opened_ov_sentiment_avg                            float64     10             -0.14185            -0.157975             -0.14607            -0.144731            -0.134371            -0.122535  0.010948
pull_request_review_approved_pos_sentiment_avg                  float64     10             0.013991             0.005917             0.007721             0.010925             0.013249               0.0465  0.011869
pull_request_review_approved_neg_sentiment_avg                  float64     10             0.006928                  0.0             0.005717             0.008857             0.009839             0.010042  0.003976
pull_request_review_approved_ov_sentiment_avg                   float64     10            -0.000863            -0.011608            -0.005921            -0.003691              -0.0021             0.027525  0.011312
pull_request_review_changes_requested_pos_sentiment_avg         float64     10             0.015699             0.003128             0.015831              0.01788             0.019045             0.019195  0.005268
pull_request_review_changes_requested_neg_sentiment_avg         float64     10              0.01426             0.010064             0.012564             0.014452             0.016111             0.019066  0.002784
pull_request_review_changes_requested_ov_sentiment_avg          float64     10             0.018045            -0.026051            -0.021895             0.004895              0.05313             0.102607  0.047904
pull_request_review_comment_pos_sentiment_avg                   float64     10             0.016791              0.00967             0.012385             0.017238             0.021102             0.023207  0.005052
pull_request_review_comment_neg_sentiment_avg                   float64     10             0.019894             0.014395             0.017782             0.020107             0.021117             0.025032  0.003119
pull_request_review_comment_ov_sentiment_avg                    float64     10            -0.012719            -0.014841            -0.013188              -0.0129            -0.012411            -0.010391  0.001155
pull_request_review_commented_pos_sentiment_avg                 float64     10             0.063784                  0.0             0.061584             0.070468             0.075453             0.095886  0.026792
pull_request_review_commented_neg_sentiment_avg                 float64     10             0.017777             0.006199             0.008917             0.014298             0.024422             0.043092  0.011665
pull_request_review_commented_ov_sentiment_avg                  float64     10             0.012995            -0.024667             0.004995             0.014062             0.021973             0.045501  0.019031
pull_request_review_dismissed_pos_sentiment_avg                 float64      5                0.186                0.186                0.186                0.186                0.186                0.186       0.0
pull_request_review_dismissed_neg_sentiment_avg                 float64      5                  0.0                  0.0                  0.0                  0.0                  0.0                  0.0       0.0
pull_request_review_dismissed_ov_sentiment_avg                  float64      5               0.1101               0.1101               0.1101               0.1101               0.1101               0.1101       0.0
pct_merged_with_approved                                        float64      8             0.487213             0.073529             0.445691             0.495844             0.625985             0.736842  0.204087
pct_merged_with_review                                          float64      8             0.546223             0.161765             0.498815             0.544614              0.67208              0.81203  0.194916
avg_pull_request_comment_count                                  float64      8             1.877665                  1.0              1.25451             1.771835             2.347098             3.260638  0.772635
avg_pull_request_review_count                                   float64      8             2.891217             2.145119             2.480392             2.846541             2.999206             4.430851  0.707377
avg_pull_request_review_comment_count                           float64      8             2.868607             2.308707             2.460516             2.635257             3.377966             3.693333  0.547874
avg_all_disc_count                                              float64      8             7.637489             5.878628             7.082501             7.550131             7.721792            11.164894  1.607158
avg_pull_request_comment_exclude_opener_count                   float64      8             1.726415             0.772727             1.024336              1.61844             2.264863             3.258242  0.862874
avg_pull_request_review_exclude_opener_count                    float64      8             2.739441             2.034582             2.320908             2.605583             2.946354              4.06044  0.668656
avg_pull_request_review_comment_exclude_opener_count            float64      8              2.74579             2.203046             2.305735             2.485586             3.206319             3.590909  0.582715
avg_all_disc_exclude_opener_count                               float64      8             7.211646             5.475504             6.648734             7.133065             7.387517            10.406593  1.515413
clustering_coefficient                                          float64     10             0.205008             0.141208             0.157709             0.205678              0.22136             0.359033  0.062606

