File: drive/output/derived/org_outcomes_practices/repo_discussion_quality/important_degree_top3/rolling5/beetbox___beets.parquet

MD5 hash: 5348a06f298bc90afa1abb31de7cd89b

Keys: time_period 

                                                                   type  count                           mean                  min                  25%                  50%                  75%                  max        std
time_period                                              datetime64[ns]     21  2019-12-31 17:08:34.285714176  2015-01-01 00:00:00  2017-07-01 00:00:00  2020-01-01 00:00:00  2022-07-01 00:00:00  2025-01-01 00:00:00           
response_rate                                                   float64     21                       0.617918             0.504744             0.565314             0.595997             0.687903             0.708218   0.069653
mean_days_to_respond                                            float64     21                      34.613303            12.226931            25.611336            29.672357            46.821816            55.577793  13.867536
pos_sentiment_avg                                               float64     21                        0.14903             0.129129             0.145465             0.150306             0.152358              0.16239   0.008247
neg_sentiment_avg                                               float64     21                       0.040068             0.036641             0.038084             0.039793             0.041759             0.045191    0.00247
ov_sentiment_avg                                                float64     21                       0.128775             0.107749             0.121686             0.127671             0.137456             0.146657   0.010593
response_rate_issue_comment                                     float64     21                        0.69503             0.530086             0.637348             0.682263             0.780401             0.798597    0.08485
response_rate_issue_opened                                      float64     21                            1.0                  1.0                  1.0                  1.0                  1.0                  1.0        0.0
response_rate_pull_request_comment                              float64     21                       0.702005             0.651438             0.678492             0.702929             0.726465             0.741554   0.028189
response_rate_pull_request_opened                               float64     21                       0.890224             0.684211             0.829545             0.939394              0.97619                  1.0   0.108939
response_rate_pull_request_review_comment                       float64     21                       0.300901             0.234962             0.271689             0.291572             0.330529             0.382126   0.044515
mean_days_to_respond_issue_comment                              float64     21                       48.14291            22.941872            35.286359            52.776908            55.500573            66.803935  13.143715
mean_days_to_respond_issue_opened                               float64     21                      24.768136              0.39287             1.490363            24.543196            39.964171            89.988345  26.825552
mean_days_to_respond_pull_request_comment                       float64     21                      35.751082            13.374569            21.459476            33.741852            48.527693            59.182048  16.121412
mean_days_to_respond_pull_request_opened                        float64     21                      13.649293              0.85659             7.442954            10.766548            21.015716            33.543646   9.535861
mean_days_to_respond_pull_request_review_comment                float64     21                       2.649352             0.592383             1.650867             2.315678              3.58517             5.763316   1.399633
mean_days_to_respond_to_last_comment                            float64     21                      69.307623            16.375507            37.070448            56.136719           112.588539           133.692125  39.367728
issue_comment_pos_sentiment_avg                                 float64     21                       0.142499             0.099944             0.137175             0.151837             0.152982             0.159882   0.018766
issue_comment_neg_sentiment_avg                                 float64     21                       0.039572             0.036279             0.038852             0.039569             0.040736             0.041974   0.001497
issue_comment_ov_sentiment_avg                                  float64     21                        0.12743             0.091134             0.126295             0.129267             0.133638             0.146411   0.013002
issue_opened_pos_sentiment_avg                                  float64     21                       0.053968             0.044985             0.049091             0.055005             0.057855             0.064994   0.005899
issue_opened_neg_sentiment_avg                                  float64     21                       0.063112             0.030792             0.058634             0.066271             0.074799             0.080381   0.015456
issue_opened_ov_sentiment_avg                                   float64     21                       -0.06182            -0.152603            -0.121433            -0.071039            -0.033428             0.067708   0.066648
pull_request_comment_pos_sentiment_avg                          float64     21                       0.201903             0.157609             0.194297             0.204931             0.216778             0.223386   0.018635
pull_request_comment_neg_sentiment_avg                          float64     21                       0.033438             0.030094             0.032397             0.033236              0.03484             0.036071   0.001702
pull_request_comment_ov_sentiment_avg                           float64     21                       0.194515             0.162719             0.181712             0.197121             0.207568             0.210364   0.014436
pull_request_opened_pos_sentiment_avg                           float64     21                       0.061853             0.051514             0.059148             0.063331             0.064483             0.071052   0.004553
pull_request_opened_neg_sentiment_avg                           float64     21                       0.059799             0.026348             0.029354              0.06377             0.077841             0.099435     0.0254
pull_request_opened_ov_sentiment_avg                            float64     21                       0.037234             0.021625              0.02967             0.036407             0.047592             0.052716   0.009767
pull_request_review_comment_pos_sentiment_avg                   float64     21                       0.119796             0.109878             0.113176             0.120391             0.124776             0.132131   0.006881
pull_request_review_comment_neg_sentiment_avg                   float64     21                       0.037466             0.034065              0.03642             0.037385             0.038747             0.041623   0.002028
pull_request_review_comment_ov_sentiment_avg                    float64     21                         0.1118             0.091356             0.103555              0.11573             0.120222             0.128205   0.011026
pull_request_review_approved_pos_sentiment_avg                  float64     10                       0.486361             0.396378             0.450555             0.480211             0.505053             0.637938   0.063863
pull_request_review_approved_neg_sentiment_avg                  float64     10                       0.016342             0.004986             0.013204             0.016955             0.019662             0.026686   0.006123
pull_request_review_approved_ov_sentiment_avg                   float64     10                       0.469852              0.42347             0.459343             0.471726             0.486987             0.493808   0.021034
pull_request_review_changes_requested_pos_sentiment_avg         float64     10                       0.198955             0.175442             0.189549             0.196612             0.203678             0.234477   0.017463
pull_request_review_changes_requested_neg_sentiment_avg         float64     10                       0.026146             0.009357             0.011622               0.0235             0.039744             0.050519   0.015314
pull_request_review_changes_requested_ov_sentiment_avg          float64     10                       0.237598             0.189173             0.217646             0.239305             0.252567              0.30162   0.033675
pull_request_review_commented_pos_sentiment_avg                 float64     10                       0.276875             0.215511             0.253232             0.285958             0.299876             0.317227    0.03375
pull_request_review_commented_neg_sentiment_avg                 float64     10                       0.019213             0.015405             0.016533             0.019752             0.021555             0.022637   0.002717
pull_request_review_commented_ov_sentiment_avg                  float64     10                       0.271242             0.228568             0.250433             0.274553             0.292037             0.310942      0.027
pct_merged_with_approved                                        float64     10                       0.326076             0.086207             0.298872              0.33562             0.389623             0.441315   0.097977
pct_merged_with_review                                          float64     10                       0.467883             0.224138             0.446289             0.472476             0.539352             0.586854   0.102209
avg_pull_request_comment_count                                  float64     21                       2.591283                1.872             2.228501             2.437299             3.038235               3.3875   0.514671
avg_pull_request_review_comment_count                           float64     21                       1.600838                1.176             1.451923             1.557641             1.733333             2.241071   0.217971
avg_all_disc_count                                              float64     21                       4.693489              3.85209             4.053619             4.536184             5.085174             7.166667    0.80932
avg_pull_request_review_count                                   float64     10                       1.052873             0.090439             0.563134             1.057048             1.347678             2.321429   0.690789
avg_pull_request_comment_exclude_opener_count                   float64     21                       2.148509             1.649315             1.925806             2.019672             2.470948             2.655246   0.334472
avg_pull_request_review_comment_exclude_opener_count            float64     21                       1.461382             1.139726              1.36129             1.485411             1.565749             1.724359   0.150991
avg_all_disc_exclude_opener_count                               float64     21                       4.050386             3.357377             3.744737             3.825758             4.310493             5.612179   0.533483
avg_pull_request_review_exclude_opener_count                    float64     10                       0.925039             0.082228             0.532517             0.995161             1.222184             1.810897   0.545535
clustering_coefficient                                          float64     21                       0.141892             0.034672             0.058824             0.132305             0.200695             0.324074   0.091048

