File: drive/output/derived/org_outcomes_practices/repo_discussion_quality/important_degree_top3/rolling5/biocpy___biocframe.parquet

MD5 hash: 8953aa2c1afce4d5359bd3f4ee53185a

Keys: time_period 

                                                                type  count                 mean                  min                  25%                  50%                  75%                  max       std
time_period                                           datetime64[ns]      6  2023-10-01 08:00:00  2022-07-01 00:00:00  2023-02-15 06:00:00  2023-10-01 00:00:00  2024-05-16 12:00:00  2025-01-01 00:00:00          
response_rate                                                float64      3             0.523223             0.518519             0.520129             0.521739             0.525575             0.529412  0.005596
mean_days_to_respond                                         float64      3             0.501349              0.45302             0.477867             0.502715             0.525513             0.548312  0.047661
pos_sentiment_avg                                            float64      6             0.034397                  0.0             0.030203             0.043074              0.04502             0.048653   0.01862
neg_sentiment_avg                                            float64      6             0.193466             0.167649             0.175336              0.18499             0.188032                0.262  0.034555
ov_sentiment_avg                                             float64      6            -0.100283               -0.148            -0.122074            -0.085246            -0.083544            -0.065883  0.032684
response_rate_issue_comment                                  float64      3              0.23433             0.222222             0.226496             0.230769             0.240385                 0.25  0.014227
response_rate_issue_opened                                   float64      3                  1.0                  1.0                  1.0                  1.0                  1.0                  1.0       0.0
response_rate_pull_request_comment                           float64      3                  0.0                  0.0                  0.0                  0.0                  0.0                  0.0       0.0
response_rate_pull_request_opened                            float64      3                  1.0                  1.0                  1.0                  1.0                  1.0                  1.0       0.0
response_rate_pull_request_review_comment                    float64      3                  0.0                  0.0                  0.0                  0.0                  0.0                  0.0       0.0
mean_days_to_respond_issue_comment                           float64      3              0.57388             0.432982             0.538655             0.644329             0.644329             0.644329  0.122021
mean_days_to_respond_issue_opened                            float64      3             0.248443             0.230909              0.23512             0.239332             0.257211             0.275089  0.023457
mean_days_to_respond_pull_request_opened                     float64      3             0.874817             0.839618             0.866017             0.892417             0.892417             0.892417  0.030483
mean_days_to_respond_to_last_comment                         float64      3              0.53459             0.494526             0.512425             0.530324             0.554621             0.578919  0.042358
issue_opened_pos_sentiment_avg                               float64      5             0.027686                  0.0             0.019368              0.03441              0.03441             0.050241   0.01894
issue_opened_neg_sentiment_avg                               float64      5              0.08618             0.041392             0.055189             0.055189             0.059131                 0.22   0.07511
issue_opened_ov_sentiment_avg                                float64      5             -0.11573              -0.4767            -0.065377            -0.033305            -0.033305             0.030035  0.204738
pull_request_opened_pos_sentiment_avg                        float64      6             0.027008                  0.0             0.023655             0.031637             0.036227              0.04002  0.014768
pull_request_opened_neg_sentiment_avg                        float64      6             0.279136                0.262             0.266483             0.280445             0.291198             0.295315  0.014875
pull_request_opened_ov_sentiment_avg                         float64      6            -0.149148            -0.163674            -0.158944            -0.149743            -0.147299            -0.123233  0.014454
issue_comment_pos_sentiment_avg                              float64      5             0.056067             0.041167             0.054381             0.057844             0.063471             0.063471  0.009188
issue_comment_neg_sentiment_avg                              float64      5             0.031899             0.020676             0.020676             0.021969             0.027341             0.068833  0.020829
issue_comment_ov_sentiment_avg                               float64      5             0.041505            -0.034183             0.043234             0.052378             0.073047             0.073047  0.044271
pull_request_comment_pos_sentiment_avg                       float64      4             0.081671             0.076867             0.076867             0.076867             0.081671             0.096083  0.009608
pull_request_comment_neg_sentiment_avg                       float64      4             0.088612               0.0834               0.0834               0.0834             0.088612              0.10425  0.010425
pull_request_comment_ov_sentiment_avg                        float64      4            -0.016589            -0.019517            -0.016589            -0.015613            -0.015613            -0.015613  0.001952
pull_request_review_comment_pos_sentiment_avg                float64      4                  0.0                  0.0                  0.0                  0.0                  0.0                  0.0       0.0
pull_request_review_comment_neg_sentiment_avg                float64      4                  0.0                  0.0                  0.0                  0.0                  0.0                  0.0       0.0
pull_request_review_comment_ov_sentiment_avg                 float64      4                  0.0                  0.0                  0.0                  0.0                  0.0                  0.0       0.0
pct_merged_with_approved                                     float64      3             0.026299             0.019608             0.024297             0.028986             0.029644             0.030303  0.005832
pct_merged_with_review                                       float64      3             0.042716             0.039216             0.041347             0.043478             0.044466             0.045455  0.003188
avg_pull_request_comment_count                               float64      3             2.228571             2.142857             2.142857             2.142857             2.271429                  2.4  0.148461
avg_pull_request_review_count                                float64      3             0.419048                  0.4             0.414286             0.428571             0.428571             0.428571  0.016496
avg_pull_request_review_comment_count                        float64      3             0.161905             0.142857             0.142857             0.142857             0.171429                  0.2  0.032991
avg_all_disc_count                                           float64      3             2.809524             2.714286             2.714286             2.714286             2.857143                  3.0  0.164957
avg_pull_request_comment_exclude_opener_count                float64      3             1.216667                  1.2                  1.2                  1.2                1.225                 1.25  0.028868
avg_pull_request_review_exclude_opener_count                 float64      3             0.566667                  0.5                 0.55                  0.6                  0.6                  0.6  0.057735
avg_pull_request_review_comment_exclude_opener_count         float64      3             0.216667                  0.2                  0.2                  0.2                0.225                 0.25  0.028868
avg_all_disc_exclude_opener_count                            float64      3                  2.0                  2.0                  2.0                  2.0                  2.0                  2.0       0.0
clustering_coefficient                                       float64      4                  0.0                  0.0                  0.0                  0.0                  0.0                  0.0       0.0

