File: drive/output/derived/org_outcomes_practices/repo_discussion_quality/important_degree_top3/rolling5/bodo-ai___bodo.parquet

MD5 hash: 72725208283041520be8d3e602315ad1

Keys: time_period 

                                                                   type  count                 mean                  min                  25%                  50%                  75%                  max       std
time_period                                              datetime64[ns]      2  2024-10-01 00:00:00  2024-07-01 00:00:00  2024-08-16 00:00:00  2024-10-01 00:00:00  2024-11-16 00:00:00  2025-01-01 00:00:00          
response_rate                                                   float64      2             0.334683             0.305882             0.320283             0.334683             0.349084             0.363484  0.040731
mean_days_to_respond                                            float64      2             1.175706             0.421848             0.798777             1.175706             1.552635             1.929565  1.066117
pos_sentiment_avg                                               float64      2             0.179805              0.16516             0.172483             0.179805             0.187128             0.194451  0.020712
neg_sentiment_avg                                               float64      2             0.026058             0.024764             0.025411             0.026058             0.026705             0.027353  0.001831
ov_sentiment_avg                                                float64      2             0.129394             0.125885             0.127639             0.129394             0.131148             0.132902  0.004962
response_rate_pull_request_comment                              float64      2             0.428571             0.428571             0.428571             0.428571             0.428571             0.428571       0.0
response_rate_pull_request_opened                               float64      2             0.448748             0.352941             0.400844             0.448748             0.496651             0.544554  0.135491
response_rate_pull_request_review_comment                       float64      2             0.249966             0.216216             0.233091             0.249966              0.26684             0.283715  0.047729
response_rate_issue_comment                                     float64      1             0.571429             0.571429             0.571429             0.571429             0.571429             0.571429          
mean_days_to_respond_pull_request_comment                       float64      2             0.937793              0.84615             0.891972             0.937793             0.983615             1.029437  0.129603
mean_days_to_respond_pull_request_opened                        float64      2             2.139308             0.636669             1.387988             2.139308             2.890627             3.641946  2.125052
mean_days_to_respond_pull_request_review_comment                float64      2             0.087619             0.036088             0.061854             0.087619             0.113385              0.13915  0.072876
mean_days_to_respond_to_last_comment                            float64      2              1.23597             0.421549              0.82876              1.23597              1.64318             2.050391  1.151765
mean_days_to_respond_issue_comment                              float64      1             2.865677             2.865677             2.865677             2.865677             2.865677             2.865677          
pull_request_comment_pos_sentiment_avg                          float64      2             0.086652             0.076223             0.081438             0.086652             0.091866              0.09708  0.014748
pull_request_comment_neg_sentiment_avg                          float64      2             0.055348             0.050707             0.053027             0.055348             0.057668             0.059989  0.006563
pull_request_comment_ov_sentiment_avg                           float64      2             0.032987             0.002931             0.017959             0.032987             0.048016             0.063044  0.042507
pull_request_opened_pos_sentiment_avg                           float64      2              0.04487              0.04067              0.04277              0.04487              0.04697              0.04907  0.005939
pull_request_opened_neg_sentiment_avg                           float64      2             0.015975             0.013065              0.01452             0.015975              0.01743             0.018884  0.004115
pull_request_opened_ov_sentiment_avg                            float64      2             0.059678             0.053322               0.0565             0.059678             0.062856             0.066035  0.008989
pull_request_review_approved_pos_sentiment_avg                  float64      2             0.514566             0.506204             0.510385             0.514566             0.518747             0.522928  0.011826
pull_request_review_approved_neg_sentiment_avg                  float64      2             0.004497             0.002771             0.003634             0.004497              0.00536             0.006223  0.002441
pull_request_review_approved_ov_sentiment_avg                   float64      2             0.373255             0.373232             0.373244             0.373255             0.373267             0.373278  0.000033
pull_request_review_changes_requested_pos_sentiment_avg         float64      2              0.24281             0.165286             0.204048              0.24281             0.281571             0.320333  0.109635
pull_request_review_changes_requested_neg_sentiment_avg         float64      2             0.026929                  0.0             0.013464             0.026929             0.040393             0.053857  0.038083
pull_request_review_changes_requested_ov_sentiment_avg          float64      2             0.141881             0.083929             0.112905             0.141881             0.170857             0.199833  0.081957
pull_request_review_comment_pos_sentiment_avg                   float64      2             0.076542             0.075823             0.076182             0.076542             0.076902             0.077261  0.001017
pull_request_review_comment_neg_sentiment_avg                   float64      2             0.034394              0.03437             0.034382             0.034394             0.034406             0.034419  0.000035
pull_request_review_comment_ov_sentiment_avg                    float64      2             0.048619             0.046972             0.047796             0.048619             0.049443             0.050267  0.002329
pull_request_review_commented_pos_sentiment_avg                 float64      2             0.321263             0.261637              0.29145             0.321263             0.351076             0.380889  0.084324
pull_request_review_commented_neg_sentiment_avg                 float64      2             0.018563             0.008459             0.013511             0.018563             0.023615             0.028667  0.014289
pull_request_review_commented_ov_sentiment_avg                  float64      2              0.29737             0.283985             0.290677              0.29737             0.304063             0.310756   0.01893
issue_comment_pos_sentiment_avg                                 float64      1             0.220063             0.220063             0.220063             0.220063             0.220063             0.220063          
issue_comment_neg_sentiment_avg                                 float64      1              0.02123              0.02123              0.02123              0.02123              0.02123              0.02123          
issue_comment_ov_sentiment_avg                                  float64      1             0.220829             0.220829             0.220829             0.220829             0.220829             0.220829          
issue_opened_pos_sentiment_avg                                  float64      1             0.047875             0.047875             0.047875             0.047875             0.047875             0.047875          
issue_opened_neg_sentiment_avg                                  float64      1              0.01575              0.01575              0.01575              0.01575              0.01575              0.01575          
issue_opened_ov_sentiment_avg                                   float64      1             0.048685             0.048685             0.048685             0.048685             0.048685             0.048685          
pct_merged_with_approved                                        float64      2             0.801478              0.78125             0.791364             0.801478             0.811592             0.821705  0.028606
pct_merged_with_review                                          float64      2             0.877422                0.875             0.876211             0.877422             0.878634             0.879845  0.003426
avg_pull_request_comment_count                                  float64      2             0.506116             0.367788             0.436952             0.506116              0.57528             0.644444  0.195625
avg_pull_request_review_count                                   float64      2             2.073104             1.711111             1.892107             2.073104               2.2541             2.435096  0.511935
avg_pull_request_review_comment_count                           float64      2             1.420112             0.866667             1.143389             1.420112             1.696835             1.973558   0.78269
avg_all_disc_count                                              float64      2             3.999332             3.222222             3.610777             3.999332             4.387887             4.776442     1.099
avg_pull_request_comment_exclude_opener_count                   float64      2             0.173834             0.147668             0.160751             0.173834             0.186917                  0.2  0.037004
avg_pull_request_review_exclude_opener_count                    float64      2             1.590803                 1.35             1.470402             1.590803             1.711205             1.831606  0.340547
avg_pull_request_review_comment_exclude_opener_count            float64      2             0.833031                 0.35             0.591516             0.833031             1.074547             1.316062  0.683109
avg_all_disc_exclude_opener_count                               float64      2             2.597668                  1.9             2.248834             2.597668             2.946503             3.295337  0.986652
clustering_coefficient                                          float64      2             0.297494             0.225584             0.261539             0.297494             0.333449             0.369405  0.101696

