File: drive/output/derived/org_outcomes_practices/repo_discussion_quality/important_degree_top3/rolling5/bradbase___xlcalculator.parquet

MD5 hash: 93b314cd98f4582720c573ce1d5709d8

Keys: time_period 

                                                                type  count                 mean                  min                  25%                  50%                  75%                  max       std
time_period                                           datetime64[ns]     10  2022-04-19 21:36:00  2020-01-01 00:00:00  2021-02-15 06:00:00  2022-04-01 12:00:00  2023-05-16 18:00:00  2025-01-01 00:00:00          
response_rate                                                float64      2             0.342857             0.285714             0.314286             0.342857             0.371429                  0.4  0.080812
mean_days_to_respond                                         float64      2             3.650576             0.735136             2.192856             3.650576             5.108297             6.566017  4.123055
pos_sentiment_avg                                            float64      8             0.062461                  0.0              0.05578             0.067952             0.083232             0.097709  0.030875
neg_sentiment_avg                                            float64      8             0.147749             0.070269             0.088655             0.093759              0.10737                0.524  0.152735
ov_sentiment_avg                                             float64      8            -0.021796               -0.296            -0.009394             0.012999             0.025678             0.056115   0.11298
response_rate_pull_request_comment                           float64      2                 0.25                  0.0                0.125                 0.25                0.375                  0.5  0.353553
response_rate_pull_request_opened                            float64      2             0.305556             0.166667             0.236111             0.305556                0.375             0.444444  0.196419
response_rate_pull_request_review_comment                    float64      2             0.344211                 0.32             0.332105             0.344211             0.356316             0.368421  0.034239
mean_days_to_respond_pull_request_opened                     float64      2             5.890998             0.338669             3.114834             5.890998             8.667163            11.443328  7.852179
mean_days_to_respond_pull_request_review_comment             float64      2              0.75194             0.712105             0.732022              0.75194             0.771857             0.791774  0.056335
mean_days_to_respond_to_last_comment                         float64      2             4.952148             0.839148             2.895648             4.952148             7.008647             9.065147  5.816659
mean_days_to_respond_pull_request_comment                    float64      1             9.981273             9.981273             9.981273             9.981273             9.981273             9.981273          
pull_request_opened_pos_sentiment_avg                        float64      8             0.042612                  0.0              0.02825             0.042372             0.071334             0.074404  0.030343
pull_request_opened_neg_sentiment_avg                        float64      8             0.208539             0.102952             0.137703             0.174175             0.199097                0.524  0.133576
pull_request_opened_ov_sentiment_avg                         float64      8            -0.063929               -0.296            -0.048687            -0.035269            -0.018814             0.003278  0.096474
pull_request_comment_pos_sentiment_avg                       float64      7              0.11902             0.079656             0.088333             0.112172             0.123852             0.216944   0.04702
pull_request_comment_neg_sentiment_avg                       float64      7             0.047658                  0.0             0.026333             0.062821             0.067483             0.083153  0.030157
pull_request_comment_ov_sentiment_avg                        float64      7             0.066304             0.019006             0.028514             0.048597               0.0743               0.1909  0.059261
pull_request_review_comment_pos_sentiment_avg                float64      6              0.07575               0.0135             0.057499             0.065499             0.113062              0.12625  0.043925
pull_request_review_comment_neg_sentiment_avg                float64      6             0.034447                  0.0             0.011546             0.048091                 0.05               0.0605  0.027105
pull_request_review_comment_ov_sentiment_avg                 float64      6             0.051499            -0.075625             0.027283             0.045993             0.115682             0.132675  0.078341
pull_request_review_commented_pos_sentiment_avg              float64      3                  0.0                  0.0                  0.0                  0.0                  0.0                  0.0       0.0
pull_request_review_commented_neg_sentiment_avg              float64      3                  0.0                  0.0                  0.0                  0.0                  0.0                  0.0       0.0
pull_request_review_commented_ov_sentiment_avg               float64      3                  0.0                  0.0                  0.0                  0.0                  0.0                  0.0       0.0
pct_merged_with_approved                                     float64      2             0.124542             0.095238              0.10989             0.124542             0.139194             0.153846  0.041442
pct_merged_with_review                                       float64      2             0.258242             0.230769             0.244505             0.258242             0.271978             0.285714  0.038852
avg_pull_request_comment_count                               float64      2             1.683333                  0.9             1.291667             1.683333                2.075             2.466667  1.107801
avg_pull_request_review_count                                float64      2                  1.8                  1.6                  1.7                  1.8                  1.9                  2.0  0.282843
avg_pull_request_review_comment_count                        float64      2             2.033333             1.866667                 1.95             2.033333             2.116667                  2.2  0.235702
avg_all_disc_count                                           float64      2             5.516667                  5.1             5.308333             5.516667                5.725             5.933333  0.589256
avg_pull_request_comment_exclude_opener_count                float64      2             1.211538                  0.5             0.855769             1.211538             1.567308             1.923077  1.006267
avg_pull_request_review_exclude_opener_count                 float64      2             1.326923             1.153846             1.240385             1.326923             1.413462                  1.5  0.244768
avg_pull_request_review_comment_exclude_opener_count         float64      2             1.706731             1.538462             1.622596             1.706731             1.790865                1.875  0.237969
avg_all_disc_exclude_opener_count                            float64      2             4.245192                3.875             4.060096             4.245192             4.430288             4.615385  0.523531
clustering_coefficient                                       float64      6             0.264535             0.253983             0.254561             0.254561             0.254561              0.31498  0.024714

