File: drive/output/derived/org_outcomes_practices/repo_discussion_quality/important_degree_top3/rolling5/byvoid___opencc.parquet

MD5 hash: 95c35ca41338e03da2d47e30dd041443

Keys: time_period 

                                                                   type  count                           mean                  min                  25%                  50%                  75%                  max         std
time_period                                              datetime64[ns]     21  2019-12-31 17:08:34.285714176  2015-01-01 00:00:00  2017-07-01 00:00:00  2020-01-01 00:00:00  2022-07-01 00:00:00  2025-01-01 00:00:00            
response_rate                                                   float64     21                       0.642319             0.560284               0.6341             0.640777             0.657895             0.723881    0.035572
mean_days_to_respond                                            float64     21                      79.605033              9.25461            37.522336            71.083043           114.942847            169.27577    46.13019
pos_sentiment_avg                                               float64     21                       0.052266             0.036801             0.047101             0.050322             0.056112             0.080915    0.009489
neg_sentiment_avg                                               float64     21                       0.033215             0.016552             0.023444             0.034694             0.042321              0.04975    0.010637
ov_sentiment_avg                                                float64     21                       0.021356             0.011863              0.01412             0.021087             0.026626              0.03248    0.006831
response_rate_issue_comment                                     float64     21                       0.669839              0.53012             0.623482             0.679487             0.708333                  0.8    0.064445
response_rate_issue_opened                                      float64     21                            1.0                  1.0                  1.0                  1.0                  1.0                  1.0         0.0
response_rate_pull_request_comment                              float64     21                        0.48381             0.166667             0.285714             0.534483             0.656934             0.727273    0.196112
response_rate_pull_request_opened                               float64     21                       0.810381                  0.6                  0.7             0.818182             0.857143                  1.0    0.122769
response_rate_pull_request_review_comment                       float64     19                       0.348097                  0.0             0.253968                  0.4             0.455121             0.615385    0.165111
mean_days_to_respond_issue_comment                              float64     21                      75.169552            11.973028             46.73992            78.555331           103.346541           137.255303   35.060181
mean_days_to_respond_issue_opened                               float64     21                     170.014258             1.176973             8.270554            66.821157           335.970833           475.090966  182.061914
mean_days_to_respond_pull_request_comment                       float64     21                      32.287742             0.121571             2.622326            39.971607            59.059176            67.816523   27.598557
mean_days_to_respond_pull_request_opened                        float64     21                      108.23584             0.748947             7.608002            22.954339           150.276782           476.963536   152.33311
mean_days_to_respond_to_last_comment                            float64     21                     128.027807            10.051167            82.544464            125.05846           172.060763           245.774878   60.401827
mean_days_to_respond_pull_request_review_comment                float64     17                       31.50003             0.090694             0.132286            12.125432            31.400237           174.332924   55.572045
issue_comment_pos_sentiment_avg                                 float64     21                       0.042707             0.029632             0.037492             0.044716             0.046392             0.051278    0.005997
issue_comment_neg_sentiment_avg                                 float64     21                       0.008678             0.002759             0.003605             0.008024             0.012202             0.020745    0.005477
issue_comment_ov_sentiment_avg                                  float64     21                       0.030067              0.01939             0.027021              0.02874             0.035011             0.040694    0.006025
issue_opened_pos_sentiment_avg                                  float64     21                       0.022827             0.013399             0.017747             0.022648             0.026858             0.036506    0.006742
issue_opened_neg_sentiment_avg                                  float64     21                       0.015628             0.006231             0.014028             0.015732             0.018066             0.023417    0.003871
issue_opened_ov_sentiment_avg                                   float64     21                       0.008922            -0.010832             0.000908             0.008704             0.013696              0.03703     0.01141
pull_request_comment_pos_sentiment_avg                          float64     21                       0.161044             0.052597             0.095648             0.138684             0.243333             0.318889    0.088832
pull_request_comment_neg_sentiment_avg                          float64     21                       0.017003             0.002722             0.010361             0.013584             0.024237             0.038939     0.01137
pull_request_comment_ov_sentiment_avg                           float64     21                       0.077469              0.01575             0.057481             0.062351             0.094258             0.152798    0.036983
pull_request_opened_pos_sentiment_avg                           float64     21                       0.025406             0.008767             0.011948             0.019224              0.03223             0.061094     0.01724
pull_request_opened_neg_sentiment_avg                           float64     21                        0.18577             0.127784             0.149775             0.175774              0.22565             0.262633    0.043848
pull_request_opened_ov_sentiment_avg                            float64     21                      -0.065325            -0.138671            -0.102833            -0.049309            -0.028081            -0.015471     0.04387
pull_request_review_comment_pos_sentiment_avg                   float64     21                       0.046096                  0.0             0.012357              0.06175             0.070376             0.082889    0.032135
pull_request_review_comment_neg_sentiment_avg                   float64     21                       0.010231                  0.0                  0.0             0.010296             0.016524               0.0291    0.009414
pull_request_review_comment_ov_sentiment_avg                    float64     21                       0.030846            -0.004095                  0.0             0.030032             0.053033             0.086484     0.02733
pull_request_review_changes_requested_pos_sentiment_avg         float64      8                         0.0833                  0.0                  0.0               0.0952             0.158667             0.158667    0.073815
pull_request_review_changes_requested_neg_sentiment_avg         float64      8                            0.0                  0.0                  0.0                  0.0                  0.0                  0.0         0.0
pull_request_review_changes_requested_ov_sentiment_avg          float64      8                       0.117933                  0.0                  0.0              0.13478             0.224633             0.224633    0.104504
pull_request_review_approved_pos_sentiment_avg                  float64      8                       0.417763                  0.0             0.335667               0.5277             0.531733             0.543833    0.191256
pull_request_review_approved_neg_sentiment_avg                  float64      8                       0.009183                  0.0                  0.0               0.0116             0.013533             0.019333    0.008251
pull_request_review_approved_ov_sentiment_avg                   float64      8                       0.294381                  0.0               0.2672              0.35255              0.37185              0.37185    0.127004
pull_request_review_commented_pos_sentiment_avg                 float64      6                            0.0                  0.0                  0.0                  0.0                  0.0                  0.0         0.0
pull_request_review_commented_neg_sentiment_avg                 float64      6                            0.0                  0.0                  0.0                  0.0                  0.0                  0.0         0.0
pull_request_review_commented_ov_sentiment_avg                  float64      6                            0.0                  0.0                  0.0                  0.0                  0.0                  0.0         0.0
pct_merged_with_approved                                        float64     10                       0.398941             0.058824             0.242857              0.34092             0.629076             0.774194    0.250358
pct_merged_with_review                                          float64     10                       0.406565             0.058824             0.247959             0.349395             0.632699             0.774194     0.24627
avg_pull_request_comment_count                                  float64     21                       1.491403                  1.0             1.173913                  1.5             1.692308             2.153846    0.324291
avg_all_disc_count                                              float64     21                       2.279713             1.083333                  2.0              2.45283             2.771429             3.230769    0.698414
avg_pull_request_review_comment_count                           float64     19                       0.559137             0.133333             0.246361                  0.6             0.834535                  1.1    0.327816
avg_pull_request_review_count                                   float64     10                       0.593093             0.051282             0.319304             0.567702              0.95334             1.057143    0.375824
avg_pull_request_comment_exclude_opener_count                   float64     21                       1.119584             0.909091                  1.0             1.088235             1.265823               1.4375    0.158721
avg_all_disc_exclude_opener_count                               float64     21                       1.800712             1.083333             1.285714                  1.9             2.294118             2.459459    0.535526
avg_pull_request_review_comment_exclude_opener_count            float64     19                       0.439919             0.142857             0.197585             0.333333             0.603743                1.175    0.317913
avg_pull_request_review_exclude_opener_count                    float64     10                       0.594523               0.0625             0.356329             0.590523             0.922516             1.029412    0.349471
clustering_coefficient                                          float64     21                       0.130846                  0.0             0.068228             0.124722             0.151427             0.293982    0.075809

