File: drive/output/derived/org_outcomes_practices/repo_discussion_quality/important_degree_top3/rolling5/chatmail___core.parquet

MD5 hash: 42563d85b91b6f1f75d08c2b28f09316

Keys: time_period 

                                                                   type  count                           mean                  min                  25%                  50%                  75%                  max       std
time_period                                              datetime64[ns]     13  2021-12-31 05:32:18.461538560  2019-01-01 00:00:00  2020-07-01 00:00:00  2022-01-01 00:00:00  2023-07-01 00:00:00  2025-01-01 00:00:00          
response_rate                                                   float64     13                       0.387493             0.311195             0.367581              0.38464             0.426966             0.433657  0.041058
mean_days_to_respond                                            float64     13                        4.16233             0.957093             3.118089             4.965302             5.808644             6.452224  1.847365
pos_sentiment_avg                                               float64     13                        0.08979             0.084041             0.088743             0.090382             0.091254             0.093772  0.002458
neg_sentiment_avg                                               float64     13                       0.071439             0.055854             0.058251               0.0622             0.084443             0.096097   0.01519
ov_sentiment_avg                                                float64     13                       0.052802             0.030965             0.037011             0.056581             0.068042              0.07081  0.015603
response_rate_pull_request_comment                              float64     13                       0.599426                  0.5             0.600547             0.607748             0.620448             0.652542    0.0372
response_rate_pull_request_opened                               float64     13                       0.380703             0.233831             0.264331             0.300131             0.492027                0.625  0.141927
response_rate_pull_request_review_comment                       float64     13                       0.292416             0.251701             0.291714             0.303844              0.30444             0.314024  0.022438
mean_days_to_respond_pull_request_comment                       float64     13                       6.864746             1.462085              4.38796             7.504767             9.960717            11.384945  3.403485
mean_days_to_respond_pull_request_opened                        float64     13                       5.054438             1.180168             3.243902             5.103893             6.270628             9.703292  2.583531
mean_days_to_respond_pull_request_review_comment                float64     13                       1.079369             0.164565             0.515797             1.116495             1.589672             2.233363  0.649342
mean_days_to_respond_to_last_comment                            float64     13                       5.200636             1.127434             3.642709              5.55539             7.026652             8.788616   2.39023
pull_request_comment_pos_sentiment_avg                          float64     13                       0.099263             0.084252             0.089763             0.094901             0.109383             0.116527  0.011297
pull_request_comment_neg_sentiment_avg                          float64     13                       0.047237             0.033418             0.046637              0.04743             0.049651             0.051313  0.004455
pull_request_comment_ov_sentiment_avg                           float64     13                       0.080412             0.072107             0.076562             0.077794              0.07958             0.106938   0.00852
pull_request_opened_pos_sentiment_avg                           float64     13                       0.044862             0.029885             0.041439             0.043788             0.049878              0.05171  0.006035
pull_request_opened_neg_sentiment_avg                           float64     13                       0.152708             0.097277             0.109861             0.125342             0.194469             0.228446  0.051027
pull_request_opened_ov_sentiment_avg                            float64     13                      -0.035902            -0.085979            -0.067177            -0.019968            -0.003044             0.005511  0.035846
pull_request_review_comment_pos_sentiment_avg                   float64     13                       0.095097             0.086296             0.088549             0.090495             0.101878             0.112128  0.008213
pull_request_review_comment_neg_sentiment_avg                   float64     13                       0.044236             0.033435             0.041695             0.044609              0.04714             0.050966  0.004752
pull_request_review_comment_ov_sentiment_avg                    float64     13                       0.065052             0.055188              0.05933             0.066371             0.068376              0.07569  0.006696
pull_request_review_approved_pos_sentiment_avg                  float64     10                       0.212847             0.193889             0.197946              0.20534             0.224379             0.243204  0.018435
pull_request_review_approved_neg_sentiment_avg                  float64     10                       0.023178             0.018942             0.020632             0.022664              0.02584             0.028246  0.003186
pull_request_review_approved_ov_sentiment_avg                   float64     10                       0.210859             0.183099             0.189352             0.196977             0.219234             0.265377  0.030489
pull_request_review_commented_pos_sentiment_avg                 float64     10                       0.108444             0.075105             0.102523             0.115787             0.117801             0.126904  0.016477
pull_request_review_commented_neg_sentiment_avg                 float64     10                       0.037502             0.032331             0.035044             0.036521              0.03924             0.046175  0.004288
pull_request_review_commented_ov_sentiment_avg                  float64     10                        0.14339             0.084081             0.129084             0.153076             0.165224             0.178969  0.030912
pull_request_review_dismissed_pos_sentiment_avg                 float64     10                        0.08486                  0.0                0.026               0.0918                0.142               0.1645   0.06977
pull_request_review_dismissed_neg_sentiment_avg                 float64     10                        0.03305                  0.0             0.029538             0.035875               0.0412                0.074  0.021366
pull_request_review_dismissed_ov_sentiment_avg                  float64     10                      -0.004629              -0.2144              -0.0804              0.02113              0.07442             0.106425  0.106568
pull_request_review_changes_requested_pos_sentiment_avg         float64      8                       0.094098              0.06488             0.090748             0.101043             0.103373             0.109333  0.017047
pull_request_review_changes_requested_neg_sentiment_avg         float64      8                       0.041142                  0.0             0.036448             0.048515             0.052137             0.055376  0.018167
pull_request_review_changes_requested_ov_sentiment_avg          float64      8                       0.161544             0.046457              0.14996             0.156382             0.205246               0.2202  0.055097
pct_merged_with_approved                                        float64     10                       0.488325             0.205202             0.392668             0.566672              0.61983             0.652568  0.169208
pct_merged_with_review                                          float64     10                       0.599744             0.415094             0.484145             0.653203             0.678549             0.747734  0.119992
avg_pull_request_comment_count                                  float64     13                       1.243213             0.939058             1.091314             1.145261             1.419562                 1.64  0.206617
avg_pull_request_review_comment_count                           float64     13                       1.751124             1.357282             1.471047              1.67825             1.924933             2.448753  0.345334
avg_all_disc_count                                              float64     13                       4.404273             3.298587                 3.76             4.153233             4.837416             6.263158  0.958549
avg_pull_request_review_count                                   float64     10                       1.832918             0.332046             1.242314             2.051587             2.330334             2.875346  0.826424
avg_pull_request_comment_exclude_opener_count                   float64     13                       0.832293             0.523013             0.671444             0.727083             0.952612             1.190821  0.221997
avg_pull_request_review_comment_exclude_opener_count            float64     13                       1.205528              0.85342             0.961783             1.283737                  1.4             1.547038  0.246415
avg_all_disc_exclude_opener_count                               float64     13                       3.154365             2.314286              2.86964             3.132292              3.36625             3.920415  0.442735
avg_pull_request_review_exclude_opener_count                    float64     10                       1.451507             0.358491             1.103646             1.670889             1.797576             1.986159  0.542709
clustering_coefficient                                          float64     13                       0.226558             0.136366             0.202708             0.228388             0.268296             0.328177  0.055092

