File: drive/output/derived/org_outcomes_practices/repo_discussion_quality/important_degree_top3/rolling5/cmu-delphi___delphi-epidata.parquet

MD5 hash: b329ea0a051e10ae9a494a957ed489aa

Keys: time_period 

                                                                   type  count                 mean                  min                  25%                  50%                  75%                  max       std
time_period                                              datetime64[ns]     15  2021-06-19 08:00:00  2017-07-01 00:00:00  2019-10-01 00:00:00  2021-07-01 00:00:00  2023-04-01 12:00:00  2025-01-01 00:00:00          
response_rate                                                   float64     12             0.334575             0.238532             0.330856             0.338929             0.363182             0.372247  0.039139
mean_days_to_respond                                            float64     12             2.725341             0.175299             1.984916             2.531369             4.119942             4.415111  1.519763
pos_sentiment_avg                                               float64     15             0.140075              0.08902             0.115116             0.122564               0.1247               0.4265  0.080287
neg_sentiment_avg                                               float64     15             0.070979             0.029617             0.037981             0.051957             0.078801                0.262  0.058514
ov_sentiment_avg                                                float64     15             0.096512             0.029173             0.079219              0.10036             0.111985              0.20215  0.038507
response_rate_pull_request_comment                              float64     12             0.530889                  0.0             0.615885             0.626933             0.638487             0.647577  0.232055
response_rate_pull_request_opened                               float64     12             0.444792              0.24186              0.26499             0.473077             0.580234                 0.75  0.177492
response_rate_pull_request_review_comment                       float64     12             0.248598                  0.2             0.242014             0.252484             0.262597             0.273954  0.022547
mean_days_to_respond_pull_request_opened                        float64     12              2.48005             0.022302             1.202296             2.611562             3.144253             6.190668  1.884082
mean_days_to_respond_pull_request_review_comment                float64     12             1.142139             0.163497             0.489125             0.811325             1.979434             2.310918  0.821607
mean_days_to_respond_to_last_comment                            float64     12             3.481403              0.18229              2.25041             3.213134             5.435053             5.972059  2.071957
mean_days_to_respond_pull_request_comment                       float64     11             5.460984             0.083819             2.722233             5.724937             8.384574             9.216685  3.248517
pull_request_comment_pos_sentiment_avg                          float64     15             0.212267               0.0798             0.103278              0.11059             0.250539                0.853  0.210543
pull_request_comment_neg_sentiment_avg                          float64     15             0.028921                  0.0              0.01375             0.034664             0.045781             0.048043  0.019134
pull_request_comment_ov_sentiment_avg                           float64     15             0.184488             0.058131             0.084464             0.103504             0.219274               0.7003  0.176983
pull_request_opened_pos_sentiment_avg                           float64     15             0.040706                  0.0             0.031646             0.048401             0.050384             0.059023  0.017162
pull_request_opened_neg_sentiment_avg                           float64     15             0.144109             0.023644             0.042144             0.106148             0.192325                0.524  0.135837
pull_request_opened_ov_sentiment_avg                            float64     15            -0.020138               -0.296            -0.094878             0.000166             0.084129             0.104129  0.117614
pull_request_review_comment_pos_sentiment_avg                   float64     14             0.105808             0.094174             0.096542             0.100595             0.103922             0.137919  0.015087
pull_request_review_comment_neg_sentiment_avg                   float64     14             0.033677             0.015789             0.031261             0.034201             0.037543             0.042739  0.006282
pull_request_review_comment_ov_sentiment_avg                    float64     14             0.089398             0.064112             0.075095              0.08588             0.094382             0.129333    0.0195
pull_request_review_approved_pos_sentiment_avg                  float64     10             0.334197             0.263025             0.327434             0.342631             0.345751              0.37356  0.028537
pull_request_review_approved_neg_sentiment_avg                  float64     10             0.016811              0.00812             0.010689             0.014903             0.020297             0.036486  0.008469
pull_request_review_approved_ov_sentiment_avg                   float64     10             0.252828             0.206206             0.238291             0.257122              0.27166             0.278229  0.023002
pull_request_review_changes_requested_pos_sentiment_avg         float64     10              0.20763             0.185901             0.200322              0.20398             0.214653             0.244284  0.015997
pull_request_review_changes_requested_neg_sentiment_avg         float64     10             0.034367             0.013103             0.016417             0.032581             0.047062             0.072706  0.020336
pull_request_review_changes_requested_ov_sentiment_avg          float64     10             0.223995             0.179581             0.198979             0.212462             0.257116             0.265025  0.032704
pull_request_review_commented_pos_sentiment_avg                 float64     10             0.118375             0.081814               0.0949             0.121267             0.140894               0.1487  0.025462
pull_request_review_commented_neg_sentiment_avg                 float64     10             0.037652              0.01775             0.023017             0.037218             0.053165             0.059056  0.016472
pull_request_review_commented_ov_sentiment_avg                  float64     10             0.110917             0.006739             0.031022             0.111007             0.192492             0.202557  0.084153
pull_request_review_dismissed_pos_sentiment_avg                 float64      9             0.243067              0.19575             0.233143             0.242775             0.257287             0.292335  0.031442
pull_request_review_dismissed_neg_sentiment_avg                 float64      9             0.035944             0.010424             0.011079             0.019151             0.042286                0.116  0.036572
pull_request_review_dismissed_ov_sentiment_avg                  float64      9             0.214564              0.08055             0.134743             0.260882             0.268968             0.290215   0.07985
pct_merged_with_approved                                        float64     10             0.694939              0.40708             0.662598             0.726848             0.779237             0.800604  0.122737
pct_merged_with_review                                          float64     10             0.752303             0.513274             0.731749             0.775921             0.816943             0.839879   0.09849
avg_pull_request_comment_count                                  float64     12             1.241286             0.693002             0.789726             1.053435             1.756167             2.069149  0.535456
avg_pull_request_review_comment_count                           float64     12             1.854048             1.215909             1.416846             1.589038             2.115652                  3.6  0.710807
avg_all_disc_count                                              float64     12             4.560352             3.689655             4.201545             4.581668             4.962092             5.305851  0.501195
avg_pull_request_review_count                                   float64     10             1.758021             1.503817             1.696702             1.768201             1.840712             1.919087  0.119355
avg_pull_request_comment_exclude_opener_count                   float64     12             1.005795             0.425428             0.476648             0.765909             1.614806             1.936782  0.608249
avg_pull_request_review_comment_exclude_opener_count            float64     12             1.504662             0.968391             1.121679             1.329338             1.754374                  3.0  0.588566
avg_all_disc_exclude_opener_count                               float64     12             3.793566             2.434783              3.46486             3.826991             4.232981             4.564033  0.595274
avg_pull_request_review_exclude_opener_count                    float64     10             1.539731             1.372727             1.478291             1.540589             1.603121             1.700224  0.095096
clustering_coefficient                                          float64     14             0.140599                  0.0             0.110731             0.175639             0.194203             0.247088  0.082657

