File: drive/output/derived/org_outcomes_practices/repo_discussion_quality/important_degree_top3/rolling5/codefortulsa___oscn.parquet

MD5 hash: 1edba7b7c0c7539464bc0a05734a69aa

Keys: time_period 

                                                                type  count                           mean                  min                  25%                  50%                  75%                  max       std
time_period                                           datetime64[ns]      7  2020-03-18 13:42:51.428571392  2018-07-01 00:00:00  2019-04-01 12:00:00  2020-01-01 00:00:00  2020-12-30 12:00:00  2022-07-01 00:00:00          
response_rate                                                float64      1                            0.2                  0.2                  0.2                  0.2                  0.2                  0.2          
mean_days_to_respond                                         float64      1                       0.148669             0.148669             0.148669             0.148669             0.148669             0.148669          
pos_sentiment_avg                                            float64      5                       0.087748             0.062762             0.070267             0.099252             0.099317             0.107145  0.019826
neg_sentiment_avg                                            float64      5                       0.194558             0.161571             0.191197             0.194297               0.2096             0.216125  0.021159
ov_sentiment_avg                                             float64      5                      -0.009472            -0.040275            -0.033628            -0.009176             0.017033             0.018687  0.027513
response_rate_pull_request_opened                            float64      1                            0.0                  0.0                  0.0                  0.0                  0.0                  0.0          
response_rate_pull_request_review_comment                    float64      1                           0.25                 0.25                 0.25                 0.25                 0.25                 0.25          
mean_days_to_respond_pull_request_review_comment             float64      1                       0.148669             0.148669             0.148669             0.148669             0.148669             0.148669          
mean_days_to_respond_to_last_comment                         float64      1                       0.227662             0.227662             0.227662             0.227662             0.227662             0.227662          
pull_request_opened_pos_sentiment_avg                        float64      5                       0.038139                  0.0             0.014667                0.043             0.062762             0.070267  0.030281
pull_request_opened_neg_sentiment_avg                        float64      5                       0.311734             0.161571               0.2096             0.300333             0.363167                0.524  0.142138
pull_request_opened_ov_sentiment_avg                         float64      5                      -0.108318               -0.296            -0.193033            -0.088278             0.017033             0.018687  0.136607
pull_request_review_comment_pos_sentiment_avg                float64      3                       0.150003             0.150003             0.150003             0.150003             0.150003             0.150003       0.0
pull_request_review_comment_neg_sentiment_avg                float64      3                       0.092975             0.092975             0.092975             0.092975             0.092975             0.092975       0.0
pull_request_review_comment_ov_sentiment_avg                 float64      3                       0.062015             0.062015             0.062015             0.062015             0.062015             0.062015       0.0
avg_pull_request_review_comment_count                        float64      1                            3.0                  3.0                  3.0                  3.0                  3.0                  3.0          
avg_all_disc_count                                           float64      1                            3.0                  3.0                  3.0                  3.0                  3.0                  3.0          
avg_pull_request_review_comment_exclude_opener_count         float64      1                            2.0                  2.0                  2.0                  2.0                  2.0                  2.0          
avg_all_disc_exclude_opener_count                            float64      1                            2.0                  2.0                  2.0                  2.0                  2.0                  2.0          
clustering_coefficient                                       float64      5                            0.0                  0.0                  0.0                  0.0                  0.0                  0.0       0.0

