File: drive/output/derived/org_outcomes_practices/repo_discussion_quality/important_degree_top3/rolling5/corteva___geocube.parquet

MD5 hash: d9903007490230201dd0a2ab725be711

Keys: time_period 

                                                           type  count                           mean                  min                  25%                  50%                  75%                  max       std
time_period                                      datetime64[ns]     13  2021-12-31 05:32:18.461538560  2019-01-01 00:00:00  2020-07-01 00:00:00  2022-01-01 00:00:00  2023-07-01 00:00:00  2025-01-01 00:00:00          
response_rate                                           float64      6                       0.498684             0.222222             0.512509             0.538826             0.564538             0.615385  0.140704
mean_days_to_respond                                    float64      6                       0.018893             0.013887             0.015812             0.018374             0.020113             0.027074  0.004682
pos_sentiment_avg                                       float64     13                       0.106127                  0.0             0.093921             0.106198             0.139929              0.14819   0.04075
neg_sentiment_avg                                       float64     13                       0.170272              0.08351             0.137652             0.177677             0.201657                0.262  0.051957
ov_sentiment_avg                                        float64     13                      -0.004145               -0.148            -0.009486            -0.001051             0.017289             0.075063  0.049741
response_rate_pull_request_comment                      float64      6                       0.294589                  0.0             0.207792             0.342857                  0.4                  0.5  0.181105
response_rate_pull_request_opened                       float64      6                       0.569329             0.352941             0.578526             0.597222             0.621528             0.666667  0.110813
response_rate_pull_request_review_comment               float64      1                            0.0                  0.0                  0.0                  0.0                  0.0                  0.0          
mean_days_to_respond_pull_request_comment               float64      5                       0.019693             0.019693             0.019693             0.019693             0.019693             0.019693       0.0
mean_days_to_respond_pull_request_opened                float64      6                       0.018607             0.013057             0.015151             0.018234             0.020249             0.027074  0.005018
mean_days_to_respond_to_last_comment                    float64      6                       0.011376             0.005098             0.005759             0.009012             0.012293             0.027074  0.008359
pull_request_opened_pos_sentiment_avg                   float64     13                       0.016995                  0.0             0.011552             0.014204             0.020904              0.03389  0.008699
pull_request_opened_neg_sentiment_avg                   float64     13                       0.222187             0.106861             0.180333             0.252053             0.267571             0.293119  0.063059
pull_request_opened_ov_sentiment_avg                    float64     13                      -0.121724            -0.154288            -0.144387            -0.122218            -0.113333             -0.05886  0.027396
pull_request_comment_pos_sentiment_avg                  float64     12                        0.39549             0.176389             0.311907             0.411242             0.485144                0.592  0.134035
pull_request_comment_neg_sentiment_avg                  float64     12                       0.018019                  0.0                  0.0             0.008111             0.029837             0.068306  0.022306
pull_request_comment_ov_sentiment_avg                   float64     12                       0.327694             0.077372             0.268725             0.370047             0.413209               0.4404  0.115281
pull_request_review_comment_pos_sentiment_avg           float64      8                       0.238469               0.2155               0.2155              0.25225              0.25225              0.25225   0.01902
pull_request_review_comment_neg_sentiment_avg           float64      8                            0.0                  0.0                  0.0                  0.0                  0.0                  0.0       0.0
pull_request_review_comment_ov_sentiment_avg            float64      8                       0.418331               0.2653               0.2653              0.51015              0.51015              0.51015  0.126722
pull_request_review_approved_pos_sentiment_avg          float64      3                          0.369                0.369                0.369                0.369                0.369                0.369       0.0
pull_request_review_approved_neg_sentiment_avg          float64      3                            0.0                  0.0                  0.0                  0.0                  0.0                  0.0       0.0
pull_request_review_approved_ov_sentiment_avg           float64      3                         0.3303               0.3303               0.3303               0.3303               0.3303               0.3303       0.0
pull_request_review_commented_pos_sentiment_avg         float64      2                            1.0                  1.0                  1.0                  1.0                  1.0                  1.0       0.0
pull_request_review_commented_neg_sentiment_avg         float64      2                            0.0                  0.0                  0.0                  0.0                  0.0                  0.0       0.0
pull_request_review_commented_ov_sentiment_avg          float64      2                         0.4215               0.4215               0.4215               0.4215               0.4215               0.4215       0.0
pct_merged_with_approved                                float64      6                         0.5763                 0.44             0.573308             0.592504             0.620265             0.636364  0.071377
pct_merged_with_review                                  float64      6                         0.5763                 0.44             0.573308             0.592504             0.620265             0.636364  0.071377
avg_pull_request_comment_count                          float64      6                       0.841023                 0.75             0.780702             0.814737             0.876667                  1.0  0.092205
avg_pull_request_review_count                           float64      6                       0.849216             0.741935             0.792105               0.8375             0.885417                  1.0  0.092168
avg_all_disc_count                                      float64      6                       1.727277             1.578947              1.62875             1.653333             1.723118             2.111111    0.1956
avg_pull_request_review_comment_count                   float64      1                       0.222222             0.222222             0.222222             0.222222             0.222222             0.222222          
avg_pull_request_comment_exclude_opener_count           float64      6                       0.655012             0.555556             0.614583               0.6525             0.683158             0.774194  0.075367
avg_pull_request_review_exclude_opener_count            float64      6                       0.812179             0.741935             0.780702             0.794737              0.85625             0.888889  0.057641
avg_all_disc_exclude_opener_count                       float64      6                       1.467191             1.388889             1.451754             1.476842                1.495             1.516129  0.045445
clustering_coefficient                                  float64     10                       0.239522                  0.0             0.191399             0.232489             0.350471             0.467295  0.155607

