File: drive/output/derived/org_outcomes_practices/repo_discussion_quality/important_degree_top3/rolling5/dahlb___blueair_api.parquet

MD5 hash: cb570bf8109a5fafaa5def22bc6d94c2

Keys: time_period 

                                                                   type  count                 mean                  min                  25%                  50%                  75%                  max       std
time_period                                              datetime64[ns]      4  2024-02-15 18:00:00  2023-01-01 00:00:00  2023-10-01 18:00:00  2024-04-01 00:00:00  2024-08-16 00:00:00  2025-01-01 00:00:00          
response_rate                                                   float64      1             0.566038             0.566038             0.566038             0.566038             0.566038             0.566038          
mean_days_to_respond                                            float64      1             0.771852             0.771852             0.771852             0.771852             0.771852             0.771852          
pos_sentiment_avg                                               float64      4             0.166521             0.094527             0.096215              0.16282             0.233125             0.245917  0.082132
neg_sentiment_avg                                               float64      4             0.054298             0.040492              0.04071             0.052891             0.066479             0.070917  0.015958
ov_sentiment_avg                                                float64      4             0.246146             0.157803             0.163465              0.23627             0.318952             0.354242  0.099571
response_rate_issue_comment                                     float64      1             0.666667             0.666667             0.666667             0.666667             0.666667             0.666667          
response_rate_issue_opened                                      float64      1                  1.0                  1.0                  1.0                  1.0                  1.0                  1.0          
response_rate_pull_request_comment                              float64      1             0.615385             0.615385             0.615385             0.615385             0.615385             0.615385          
response_rate_pull_request_opened                               float64      1             0.666667             0.666667             0.666667             0.666667             0.666667             0.666667          
response_rate_pull_request_review_comment                       float64      1             0.214286             0.214286             0.214286             0.214286             0.214286             0.214286          
mean_days_to_respond_issue_comment                              float64      1               1.1612               1.1612               1.1612               1.1612               1.1612               1.1612          
mean_days_to_respond_issue_opened                               float64      1             1.004039             1.004039             1.004039             1.004039             1.004039             1.004039          
mean_days_to_respond_pull_request_comment                       float64      1             0.231353             0.231353             0.231353             0.231353             0.231353             0.231353          
mean_days_to_respond_pull_request_opened                        float64      1              0.23217              0.23217              0.23217              0.23217              0.23217              0.23217          
mean_days_to_respond_pull_request_review_comment                float64      1             1.247951             1.247951             1.247951             1.247951             1.247951             1.247951          
mean_days_to_respond_to_last_comment                            float64      1             0.997121             0.997121             0.997121             0.997121             0.997121             0.997121          
pull_request_comment_pos_sentiment_avg                          float64      4             0.177324              0.09397             0.096487             0.171663               0.2525                0.272  0.094917
pull_request_comment_neg_sentiment_avg                          float64      4             0.051239             0.026245             0.026948             0.050806             0.075096               0.0771  0.028343
pull_request_comment_ov_sentiment_avg                           float64      4             0.246477             0.162615             0.166971             0.238726             0.318231              0.34584  0.094712
pull_request_opened_pos_sentiment_avg                           float64      4             0.113989             0.082612             0.087379             0.102234             0.128844             0.168875  0.039265
pull_request_opened_neg_sentiment_avg                           float64      4             0.050793                0.032                0.038             0.052044             0.064837             0.067082  0.017433
pull_request_opened_ov_sentiment_avg                            float64      4             0.217916             0.072302             0.094846             0.201555             0.324625              0.39625  0.156227
issue_comment_pos_sentiment_avg                                 float64      2             0.103752             0.103752             0.103752             0.103752             0.103752             0.103752       0.0
issue_comment_neg_sentiment_avg                                 float64      2             0.037191             0.037191             0.037191             0.037191             0.037191             0.037191       0.0
issue_comment_ov_sentiment_avg                                  float64      2             0.249079             0.249079             0.249079             0.249079             0.249079             0.249079       0.0
issue_opened_pos_sentiment_avg                                  float64      2             0.056768             0.056768             0.056768             0.056768             0.056768             0.056768       0.0
issue_opened_neg_sentiment_avg                                  float64      2             0.092887             0.092887             0.092887             0.092887             0.092887             0.092887       0.0
issue_opened_ov_sentiment_avg                                   float64      2            -0.000934            -0.000934            -0.000934            -0.000934            -0.000934            -0.000934       0.0
pull_request_review_changes_requested_pos_sentiment_avg         float64      2                0.339                0.339                0.339                0.339                0.339                0.339       0.0
pull_request_review_changes_requested_neg_sentiment_avg         float64      2                  0.0                  0.0                  0.0                  0.0                  0.0                  0.0       0.0
pull_request_review_changes_requested_ov_sentiment_avg          float64      2                0.802                0.802                0.802                0.802                0.802                0.802       0.0
pull_request_review_comment_pos_sentiment_avg                   float64      2             0.091821             0.091821             0.091821             0.091821             0.091821             0.091821       0.0
pull_request_review_comment_neg_sentiment_avg                   float64      2             0.030823             0.030823             0.030823             0.030823             0.030823             0.030823       0.0
pull_request_review_comment_ov_sentiment_avg                    float64      2              0.11192              0.11192              0.11192              0.11192              0.11192              0.11192       0.0
pct_merged_with_approved                                        float64      1                  0.0                  0.0                  0.0                  0.0                  0.0                  0.0          
pct_merged_with_review                                          float64      1             0.086957             0.086957             0.086957             0.086957             0.086957             0.086957          
avg_pull_request_comment_count                                  float64      1                2.625                2.625                2.625                2.625                2.625                2.625          
avg_pull_request_review_count                                   float64      1                  2.0                  2.0                  2.0                  2.0                  2.0                  2.0          
avg_pull_request_review_comment_count                           float64      1                 1.75                 1.75                 1.75                 1.75                 1.75                 1.75          
avg_all_disc_count                                              float64      1                6.375                6.375                6.375                6.375                6.375                6.375          
avg_pull_request_comment_exclude_opener_count                   float64      1             1.285714             1.285714             1.285714             1.285714             1.285714             1.285714          
avg_pull_request_review_exclude_opener_count                    float64      1             0.857143             0.857143             0.857143             0.857143             0.857143             0.857143          
avg_pull_request_review_comment_exclude_opener_count            float64      1             0.571429             0.571429             0.571429             0.571429             0.571429             0.571429          
avg_all_disc_exclude_opener_count                               float64      1             2.714286             2.714286             2.714286             2.714286             2.714286             2.714286          
clustering_coefficient                                          float64      2                  0.0                  0.0                  0.0                  0.0                  0.0                  0.0       0.0

