File: drive/output/derived/org_outcomes_practices/repo_discussion_quality/important_degree_top3/rolling5/ddangelov___top2vec.parquet

MD5 hash: 269b27848c6f53c797da39e424595d65

Keys: time_period 

                                                          type  count                           mean                  min                  25%                  50%                  75%                  max        std
time_period                                     datetime64[ns]     11  2022-07-01 21:49:05.454545408  2020-01-01 00:00:00  2021-04-01 12:00:00  2022-07-01 00:00:00  2023-10-01 00:00:00  2025-01-01 00:00:00           
response_rate                                          float64     10                       0.553674             0.430657             0.475283             0.566949             0.616191             0.714286   0.094199
mean_days_to_respond                                   float64     10                      24.537174              3.44341            16.800243            26.389123             32.52055            48.653207  13.758033
pos_sentiment_avg                                      float64     11                       0.125201             0.078015              0.10428             0.118242              0.12514             0.259263   0.046901
neg_sentiment_avg                                      float64     11                       0.035919              0.02356             0.024614             0.025499             0.029574             0.121691   0.028816
ov_sentiment_avg                                       float64     11                       0.118819             0.061703             0.096273             0.121283             0.125025             0.210026   0.036796
response_rate_issue_comment                            float64     10                       0.520432             0.394495             0.422753             0.555167             0.597601             0.614286   0.091763
response_rate_issue_opened                             float64     10                            1.0                  1.0                  1.0                  1.0                  1.0                  1.0        0.0
response_rate_pull_request_comment                     float64      9                       0.606061                 0.25             0.363636             0.363636                  1.0                  1.0   0.325603
response_rate_pull_request_opened                      float64      5                            1.0                  1.0                  1.0                  1.0                  1.0                  1.0        0.0
mean_days_to_respond_issue_comment                     float64     10                      26.014843             5.695123             18.60746            27.010406            34.747855            51.816639  14.269951
mean_days_to_respond_issue_opened                      float64     10                      12.094678             0.065839             1.943057            10.445293            16.087381            41.166336  12.674778
mean_days_to_respond_to_last_comment                   float64     10                      34.867187             0.339468            24.349193            36.872406            50.108557            64.220609  20.071388
mean_days_to_respond_pull_request_comment              float64      9                      20.334334             2.876337             5.098148            30.948076            30.948076            41.045926  15.332897
mean_days_to_respond_pull_request_opened               float64      5                      82.607604            82.607604            82.607604            82.607604            82.607604            82.607604        0.0
issue_comment_pos_sentiment_avg                        float64     11                        0.13295             0.079833             0.110879             0.115361             0.118208             0.354029   0.074167
issue_comment_neg_sentiment_avg                        float64     11                       0.024193               0.0034             0.024343             0.024756             0.027005             0.031907   0.007412
issue_comment_ov_sentiment_avg                         float64     11                       0.124225              0.06218             0.100613             0.110425              0.11555             0.325567   0.068533
issue_opened_pos_sentiment_avg                         float64     11                       0.125508             0.079312             0.089679             0.117985             0.133672             0.281611   0.056661
issue_opened_neg_sentiment_avg                         float64     11                        0.02194             0.015111             0.021501             0.021793             0.023461             0.026656   0.003007
issue_opened_ov_sentiment_avg                          float64     11                       0.145254             0.073062             0.090599             0.126877              0.14891               0.4272   0.098324
pull_request_opened_pos_sentiment_avg                  float64     11                       0.097689                  0.0             0.058257             0.092944             0.147128             0.159502   0.054764
pull_request_opened_neg_sentiment_avg                  float64     11                       0.123099             0.006861             0.052839             0.075313             0.124981                0.524   0.144704
pull_request_opened_ov_sentiment_avg                   float64     11                       0.073973               -0.296             0.025959             0.150337             0.171713              0.20073   0.149052
pull_request_comment_pos_sentiment_avg                 float64     10                       0.162751             0.085167             0.167835             0.178025             0.187304             0.188233   0.037742
pull_request_comment_neg_sentiment_avg                 float64     10                       0.037258             0.022714               0.0339             0.034994              0.04101                0.057    0.00909
pull_request_comment_ov_sentiment_avg                  float64     10                       0.181633               0.1019             0.192269             0.195741             0.200517             0.211179   0.038633
pull_request_review_approved_pos_sentiment_avg         float64      5                          0.696                0.696                0.696                0.696                0.696                0.696        0.0
pull_request_review_approved_neg_sentiment_avg         float64      5                            0.0                  0.0                  0.0                  0.0                  0.0                  0.0        0.0
pull_request_review_approved_ov_sentiment_avg          float64      5                         0.6776               0.6776               0.6776               0.6776               0.6776               0.6776        0.0
pct_merged_with_approved                               float64      0                                                                                                                                                   
pct_merged_with_review                                 float64      0                                                                                                                                                   
avg_all_disc_count                                     float64      9                       1.068182                  1.0                  1.0             1.090909             1.090909                 1.25   0.081944
avg_pull_request_comment_count                         float64      9                       1.068182                  1.0                  1.0             1.090909             1.090909                 1.25   0.081944
avg_all_disc_exclude_opener_count                      float64      9                       1.068182                  1.0                  1.0             1.090909             1.090909                 1.25   0.081944
avg_pull_request_comment_exclude_opener_count          float64      9                       1.068182                  1.0                  1.0             1.090909             1.090909                 1.25   0.081944
clustering_coefficient                                 float64     11                       0.042795                  0.0             0.019164             0.038046             0.053629              0.11304   0.030986

