File: drive/output/derived/org_outcomes_practices/repo_discussion_quality/important_degree_top3/rolling5/dmlc___dgl.parquet

MD5 hash: 0acbd7953742be48b675e6c661dcea8b

Keys: time_period 

                                                                   type  count                 mean                  min                  25%                  50%                  75%                  max       std
time_period                                              datetime64[ns]     15  2021-07-01 14:24:00  2018-01-01 00:00:00  2019-10-01 00:00:00  2021-07-01 00:00:00  2023-04-01 12:00:00  2025-01-01 00:00:00          
response_rate                                                   float64     14             0.387935             0.334399             0.366995             0.387049             0.397637             0.468085  0.036386
mean_days_to_respond                                            float64     14             1.894883             0.532701             1.072318             1.956365             2.729095             3.111699  0.908865
pos_sentiment_avg                                               float64     15             0.081424                  0.0             0.084319             0.085292             0.089369             0.095044  0.022859
neg_sentiment_avg                                               float64     15             0.047699             0.022927              0.02657             0.030214             0.031804             0.299429  0.069838
ov_sentiment_avg                                                float64     15             0.068003            -0.169143             0.078116             0.080518             0.088755             0.109076  0.066241
response_rate_pull_request_comment                              float64     14             0.743472             0.621849             0.659222             0.695685             0.855895             0.894366  0.105678
response_rate_pull_request_opened                               float64     14              0.63312             0.240157             0.643473             0.706064             0.750166             0.787879  0.180065
response_rate_pull_request_review_comment                       float64     14             0.294898             0.259647             0.284617             0.292866             0.298051             0.368895  0.026708
mean_days_to_respond_pull_request_comment                       float64     14             4.002974             0.555466              1.93774             3.750017             6.539757              7.37812  2.469222
mean_days_to_respond_pull_request_opened                        float64     14               1.4314               0.0009             0.126686             0.797349             2.790143             3.728226  1.431923
mean_days_to_respond_pull_request_review_comment                float64     14             0.864544             0.423929             0.733515             0.779769             0.985925             1.326208  0.255895
mean_days_to_respond_to_last_comment                            float64     14             2.330479             0.616061             1.319008             2.408179             3.303731             3.847064  1.173237
pull_request_opened_pos_sentiment_avg                           float64     15             0.076086                  0.0             0.078869             0.082119             0.084244             0.087949  0.021572
pull_request_opened_neg_sentiment_avg                           float64     15             0.047144             0.011734             0.017985             0.031007             0.036068             0.299429  0.071475
pull_request_opened_ov_sentiment_avg                            float64     15             0.177279            -0.169143             0.180696             0.198987             0.217523             0.246862  0.099992
pull_request_comment_pos_sentiment_avg                          float64     14             0.104495             0.061054             0.084957             0.113082             0.125652             0.131688  0.024335
pull_request_comment_neg_sentiment_avg                          float64     14             0.024044             0.006753             0.024431             0.025997              0.02639             0.027349  0.005443
pull_request_comment_ov_sentiment_avg                           float64     14             0.092595             0.070211             0.078594             0.096998             0.103084             0.129639  0.017113
pull_request_review_comment_pos_sentiment_avg                   float64     14             0.078726              0.07118             0.073684             0.081473             0.081959             0.085497  0.005007
pull_request_review_comment_neg_sentiment_avg                   float64     14             0.032973              0.02732             0.029278             0.031414             0.032079             0.060025  0.008073
pull_request_review_comment_ov_sentiment_avg                    float64     14             0.045862             0.024031             0.038444             0.045176             0.054307             0.063472  0.010656
pull_request_review_approved_pos_sentiment_avg                  float64     10             0.183857             0.140036             0.175465             0.190071             0.201186             0.220897    0.0263
pull_request_review_approved_neg_sentiment_avg                  float64     10             0.004816                  0.0             0.004777             0.005389             0.005967             0.006814   0.00202
pull_request_review_approved_ov_sentiment_avg                   float64     10              0.14143              0.10149             0.118435             0.143397             0.165508             0.174637  0.026386
pull_request_review_changes_requested_pos_sentiment_avg         float64     10             0.133817             0.112361             0.115526             0.124499             0.138164                0.205  0.028239
pull_request_review_changes_requested_neg_sentiment_avg         float64     10             0.013405                  0.0             0.011785             0.013109             0.016059             0.022727  0.006131
pull_request_review_changes_requested_ov_sentiment_avg          float64     10             0.155776              0.10038             0.121656             0.134354             0.174473             0.293425  0.057781
pull_request_review_commented_pos_sentiment_avg                 float64     10             0.105815             0.077558             0.108572             0.109764             0.113931             0.117745  0.013934
pull_request_review_commented_neg_sentiment_avg                 float64     10             0.030429             0.018282             0.022382             0.032098             0.037508             0.040933   0.00842
pull_request_review_commented_ov_sentiment_avg                  float64     10             0.097294             0.041654             0.098758             0.102929             0.105116             0.117711  0.021683
pull_request_review_dismissed_pos_sentiment_avg                 float64      6                  0.0                  0.0                  0.0                  0.0                  0.0                  0.0       0.0
pull_request_review_dismissed_neg_sentiment_avg                 float64      6             0.012519                  0.0             0.011556             0.014444             0.017333             0.017333  0.006754
pull_request_review_dismissed_ov_sentiment_avg                  float64      6             -0.03563            -0.049333            -0.049333            -0.041111            -0.032889                  0.0  0.019224
pct_merged_with_approved                                        float64     10              0.46232             0.137339             0.368989              0.50671             0.586782             0.636153  0.168989
pct_merged_with_review                                          float64     10             0.533842             0.197425             0.444646             0.577326             0.670451             0.707042  0.170422
avg_pull_request_comment_count                                  float64     14             2.590782             1.494638             1.878484             2.038816             3.770066             4.132353   1.03579
avg_pull_request_review_comment_count                           float64     14             3.711561             1.949036             2.334904             2.813931              5.51922             6.883333  1.819235
avg_all_disc_count                                              float64     14             7.624275             4.947368             7.079959             7.984938             8.369696                 9.27  1.346224
avg_pull_request_review_count                                   float64     10             1.850706             0.425532             1.011307             1.934143              2.63557             3.172913  0.977179
avg_pull_request_comment_exclude_opener_count                   float64     14             2.362437             1.213564             1.407576             1.788628             3.739812              4.06182  1.176704
avg_pull_request_review_comment_exclude_opener_count            float64     14             2.970896             1.727186             1.929096             2.317332             4.258387             5.432432   1.34169
avg_all_disc_exclude_opener_count                               float64     14             6.508019                  4.0             5.570022              6.62849             7.561895             8.501267  1.452812
avg_pull_request_review_exclude_opener_count                    float64     10              1.64456              0.42094             0.864944              1.75358             2.376712              2.71875  0.857344
clustering_coefficient                                          float64     14              0.15516                  0.0             0.106582             0.141815             0.210369             0.302406  0.094098

