File: drive/output/derived/org_outcomes_practices/repo_discussion_quality/important_degree_top3/rolling5/dudenr33___pyinstaller-versionfile.parquet

MD5 hash: 0c621e787246005a56126461296b9c63

Keys: time_period 

                                                                   type  count                 mean                  min                  25%                  50%                  75%                  max       std
time_period                                              datetime64[ns]     10  2022-10-01 04:48:00  2020-07-01 00:00:00  2021-08-16 00:00:00  2022-10-01 00:00:00  2023-11-16 00:00:00  2025-01-01 00:00:00          
response_rate                                                   float64      5             0.703867                  0.5                0.625             0.764706             0.814815             0.814815  0.137933
mean_days_to_respond                                            float64      5             0.577109             0.283685             0.403438             0.703148             0.709005             0.786269  0.219824
pos_sentiment_avg                                               float64      9             0.137752             0.034233             0.119125             0.154595             0.160252             0.187406  0.044856
neg_sentiment_avg                                               float64      9             0.059361             0.023201             0.045334             0.055247             0.065819               0.1346  0.031637
ov_sentiment_avg                                                float64      9             0.095364             -0.15168             0.094054             0.111664             0.128201             0.202331  0.098952
response_rate_issue_comment                                     float64      5             0.630804                  0.0             0.684211             0.809524             0.818182             0.842105  0.357933
response_rate_issue_opened                                      float64      5                  1.0                  1.0                  1.0                  1.0                  1.0                  1.0       0.0
response_rate_pull_request_comment                              float64      5             0.177778                  0.0                  0.0                  0.0                  0.0             0.888889  0.397523
response_rate_pull_request_opened                               float64      5             0.866667             0.333333                  1.0                  1.0                  1.0                  1.0  0.298142
response_rate_pull_request_review_comment                       float64      1                 0.25                 0.25                 0.25                 0.25                 0.25                 0.25          
mean_days_to_respond_issue_opened                               float64      5             1.014501             0.405041             0.806088             1.088814             1.173524             1.599039   0.44367
mean_days_to_respond_pull_request_opened                        float64      5              0.16087             0.000787             0.001233             0.001233             0.001678             0.799421  0.356961
mean_days_to_respond_to_last_comment                            float64      5              0.99801             0.270775             0.403438             1.309501              1.39728             1.609056  0.614859
mean_days_to_respond_issue_comment                              float64      4              0.63383             0.319484             0.575805             0.667269             0.725294             0.881297  0.232639
mean_days_to_respond_pull_request_comment                       float64      1              0.39035              0.39035              0.39035              0.39035              0.39035              0.39035          
mean_days_to_respond_pull_request_review_comment                float64      1             0.071265             0.071265             0.071265             0.071265             0.071265             0.071265          
issue_comment_pos_sentiment_avg                                 float64      9             0.180714             0.071778             0.152714             0.199463             0.216192             0.224682  0.050783
issue_comment_neg_sentiment_avg                                 float64      9             0.014052                  0.0             0.008905              0.01131             0.017247             0.031617  0.009116
issue_comment_ov_sentiment_avg                                  float64      9             0.203104             0.102067             0.193074              0.21639             0.230885             0.237007  0.042636
issue_opened_pos_sentiment_avg                                  float64      9             0.128606             0.042333             0.125875               0.1392              0.14725             0.169455  0.037745
issue_opened_neg_sentiment_avg                                  float64      9             0.070816              0.04603             0.057875               0.0745             0.081114             0.099333  0.018915
issue_opened_ov_sentiment_avg                                   float64      9            -0.043471            -0.410333             -0.17644            -0.050815             0.134352             0.188197  0.201643
pull_request_comment_pos_sentiment_avg                          float64      8             0.018848                  0.0                  0.0                  0.0             0.017052             0.082577   0.03511
pull_request_comment_neg_sentiment_avg                          float64      8             0.009597                  0.0                  0.0                  0.0             0.009512             0.038727   0.01777
pull_request_comment_ov_sentiment_avg                           float64      8             0.025455                  0.0                  0.0                  0.0             0.022525              0.11354  0.047548
pull_request_opened_pos_sentiment_avg                           float64      9             0.055054                  0.0             0.036189             0.054525              0.07505             0.089313  0.028591
pull_request_opened_neg_sentiment_avg                           float64      9             0.193284                 0.04             0.164625                0.203               0.2314             0.349333  0.099603
pull_request_opened_ov_sentiment_avg                            float64      9            -0.029592            -0.197333             -0.09352              -0.0072              0.00669             0.129104  0.101996
pull_request_review_changes_requested_pos_sentiment_avg         float64      6             0.302778             0.282667             0.282667             0.282667             0.327917                0.343  0.031156
pull_request_review_changes_requested_neg_sentiment_avg         float64      6                  0.0                  0.0                  0.0                  0.0                  0.0                  0.0       0.0
pull_request_review_changes_requested_ov_sentiment_avg          float64      6               0.4186               0.4077               0.4077               0.4077             0.432225               0.4404  0.016886
pull_request_review_comment_pos_sentiment_avg                   float64      2             0.123991             0.123991             0.123991             0.123991             0.123991             0.123991       0.0
pull_request_review_comment_neg_sentiment_avg                   float64      2             0.021199             0.021199             0.021199             0.021199             0.021199             0.021199       0.0
pull_request_review_comment_ov_sentiment_avg                    float64      2             0.089914             0.089914             0.089914             0.089914             0.089914             0.089914       0.0
pct_merged_with_approved                                        float64      5             0.022222                  0.0                  0.0                  0.0                  0.0             0.111111   0.04969
pct_merged_with_review                                          float64      5             0.066667                  0.0                  0.0                  0.0                  0.0             0.333333  0.149071
avg_pull_request_comment_count                                  float64      5                 1.65                  1.0                  1.0                  1.0                  1.0                 4.25  1.453444
avg_all_disc_count                                              float64      5                 2.95                  1.0                  1.0                  1.0                  1.0                10.75  4.360333
avg_pull_request_review_count                                   float64      1                 3.25                 3.25                 3.25                 3.25                 3.25                 3.25          
avg_pull_request_review_comment_count                           float64      1                 3.25                 3.25                 3.25                 3.25                 3.25                 3.25          
avg_pull_request_comment_exclude_opener_count                   float64      5             1.333333                  1.0                  1.0                  1.0                  1.0             2.666667  0.745356
avg_all_disc_exclude_opener_count                               float64      5             2.266667                  1.0                  1.0                  1.0                  1.0             7.333333  2.832353
avg_pull_request_review_exclude_opener_count                    float64      1             2.333333             2.333333             2.333333             2.333333             2.333333             2.333333          
avg_pull_request_review_comment_exclude_opener_count            float64      1             2.333333             2.333333             2.333333             2.333333             2.333333             2.333333          
clustering_coefficient                                          float64     10             0.009404                  0.0                  0.0                  0.0                  0.0             0.052021  0.019965

