File: drive/output/derived/org_outcomes_practices/repo_discussion_quality/important_degree_top3/rolling5/epsy___clize.parquet

MD5 hash: cd066a189746cce9e95eeb64969b63a1

Keys: time_period 

                                                                   type  count                 mean                  min                  25%                  50%                  75%                  max        std
time_period                                              datetime64[ns]     18  2019-04-01 17:20:00  2015-01-01 00:00:00  2017-02-15 06:00:00  2019-04-01 12:00:00  2021-05-16 18:00:00  2023-07-01 00:00:00           
response_rate                                                   float64      6             0.731941                  0.5             0.566667             0.772727              0.88934                 0.92   0.189909
mean_days_to_respond                                            float64      6             2.116172             0.532684             0.597559             0.755999             3.772807             5.329196   2.272988
pos_sentiment_avg                                               float64     14              0.06752             0.012122             0.026037             0.035482             0.120328              0.15144   0.054502
neg_sentiment_avg                                               float64     14             0.142921             0.028628             0.075229             0.118562             0.162046             0.385951   0.105466
ov_sentiment_avg                                                float64     14             0.012271              -0.2064            -0.059363            -0.025387             0.119846             0.189983   0.125055
response_rate_pull_request_comment                              float64      6             0.552478             0.111111             0.200893             0.642857             0.874286             0.913043   0.380261
response_rate_pull_request_opened                               float64      6                  1.0                  1.0                  1.0                  1.0                  1.0                  1.0        0.0
response_rate_pull_request_review_comment                       float64      1                  0.0                  0.0                  0.0                  0.0                  0.0                  0.0           
mean_days_to_respond_pull_request_comment                       float64      6            14.873677             0.480923             0.594928             1.488483             32.52774             42.61294  21.496837
mean_days_to_respond_pull_request_opened                        float64      6             0.374193             0.002946             0.005581             0.222341             0.646605             1.076175   0.451819
mean_days_to_respond_to_last_comment                            float64      6             2.524329             0.126424             0.950167              1.38928               4.3575             6.090291    2.52574
pull_request_comment_pos_sentiment_avg                          float64     14             0.086969             0.029318               0.0344             0.061625             0.149706             0.164672   0.056838
pull_request_comment_neg_sentiment_avg                          float64     14             0.014892                  0.0             0.007348             0.010106             0.023473             0.032723   0.011213
pull_request_comment_ov_sentiment_avg                           float64     14             0.107093             0.019336             0.045542             0.082042             0.178505             0.209896    0.07203
pull_request_opened_pos_sentiment_avg                           float64     14             0.024385                  0.0             0.001336             0.013694             0.045844             0.066647   0.025745
pull_request_opened_neg_sentiment_avg                           float64     14             0.263914             0.007373             0.189222             0.300109             0.343875             0.465412   0.149776
pull_request_opened_ov_sentiment_avg                            float64     14            -0.111961            -0.269882            -0.183664            -0.132041            -0.017213             0.074774   0.115032
pull_request_review_changes_requested_pos_sentiment_avg         float64      4             0.124091             0.124091             0.124091             0.124091             0.124091             0.124091        0.0
pull_request_review_changes_requested_neg_sentiment_avg         float64      4             0.025364             0.025364             0.025364             0.025364             0.025364             0.025364        0.0
pull_request_review_changes_requested_ov_sentiment_avg          float64      4             0.219445             0.219445             0.219445             0.219445             0.219445             0.219445        0.0
pull_request_review_comment_pos_sentiment_avg                   float64      4               0.0905               0.0905               0.0905               0.0905               0.0905               0.0905        0.0
pull_request_review_comment_neg_sentiment_avg                   float64      4                  0.0                  0.0                  0.0                  0.0                  0.0                  0.0        0.0
pull_request_review_comment_ov_sentiment_avg                    float64      4              0.11405              0.11405              0.11405              0.11405              0.11405              0.11405        0.0
pct_merged_with_approved                                        float64      1                  0.0                  0.0                  0.0                  0.0                  0.0                  0.0           
pct_merged_with_review                                          float64      1                 0.25                 0.25                 0.25                 0.25                 0.25                 0.25           
avg_pull_request_comment_count                                  float64      6             4.040476                  1.0             1.257143             3.383333             6.541667             8.333333   3.226525
avg_all_disc_count                                              float64      6             4.133069             1.142857             1.566667             3.383333             6.541667             8.333333   3.128297
avg_pull_request_review_count                                   float64      1             0.444444             0.444444             0.444444             0.444444             0.444444             0.444444           
avg_pull_request_review_comment_count                           float64      1             0.111111             0.111111             0.111111             0.111111             0.111111             0.111111           
avg_pull_request_comment_exclude_opener_count                   float64      6             2.915476                  1.0             1.257143             2.633333             4.479167             5.333333   1.914027
avg_all_disc_exclude_opener_count                               float64      6             2.971032             1.142857                  1.4             2.633333             4.479167             5.333333   1.851114
avg_pull_request_review_exclude_opener_count                    float64      1             0.333333             0.333333             0.333333             0.333333             0.333333             0.333333           
clustering_coefficient                                          float64     17             0.124871                  0.0                  0.0                  0.0             0.191816             0.693361   0.226348

