File: drive/output/derived/org_outcomes_practices/repo_discussion_quality/important_degree_top3/rolling5/eventbrite___facebook-py-sdk.parquet

MD5 hash: 8e368475037fabbffca1f03cfc2aadec

Keys: time_period 

                                                                type  count                           mean                  min                  25%                  50%                  75%                  max       std
time_period                                           datetime64[ns]     14  2020-03-18 20:34:17.142857216  2016-07-01 00:00:00  2018-08-16 00:00:00  2020-04-01 00:00:00  2021-11-16 00:00:00  2023-07-01 00:00:00          
response_rate                                                float64      5                       0.437118             0.333333                  0.4             0.413793                  0.5             0.538462  0.082033
mean_days_to_respond                                         float64      5                       0.043732             0.005139             0.005139             0.039555             0.077008             0.091817  0.040049
pos_sentiment_avg                                            float64     10                       0.048675                  0.0             0.014128             0.051985             0.077572             0.108172  0.037964
neg_sentiment_avg                                            float64     10                       0.159389             0.077955             0.081981             0.117799             0.173475               0.4585  0.117979
ov_sentiment_avg                                             float64     10                      -0.010186               -0.259             -0.08774             0.035484             0.080257             0.127772  0.123594
response_rate_pull_request_comment                           float64      5                       0.028718                  0.0                  0.0                  0.0             0.066667             0.076923  0.039491
response_rate_pull_request_opened                            float64      5                            0.9                  0.5                  1.0                  1.0                  1.0                  1.0  0.223607
response_rate_pull_request_review_comment                    float64      3                       0.533333                  0.5                  0.5                  0.5                 0.55                  0.6  0.057735
mean_days_to_respond_pull_request_opened                     float64      5                       0.040302             0.002205             0.005139             0.005139             0.081435             0.107593  0.050359
mean_days_to_respond_pull_request_review_comment             float64      3                       0.089356             0.089356             0.089356             0.089356             0.089356             0.089356       0.0
mean_days_to_respond_to_last_comment                         float64      5                       0.047793             0.005139             0.005139             0.044572             0.083149             0.100968  0.043951
mean_days_to_respond_pull_request_comment                    float64      2                       0.004549             0.004549             0.004549             0.004549             0.004549             0.004549       0.0
pull_request_comment_pos_sentiment_avg                       float64      9                       0.067659             0.021667               0.0325               0.0685             0.093478             0.111429  0.034796
pull_request_comment_neg_sentiment_avg                       float64      9                            0.0                  0.0                  0.0                  0.0                  0.0                  0.0       0.0
pull_request_comment_ov_sentiment_avg                        float64      9                       0.140842             0.045533               0.0683                0.141             0.193878             0.234171  0.072988
pull_request_opened_pos_sentiment_avg                        float64     10                       0.020253                  0.0                  0.0             0.018679             0.037436              0.05135  0.019909
pull_request_opened_neg_sentiment_avg                        float64     10                       0.299534             0.159627             0.192413             0.283408             0.369533                0.524  0.126871
pull_request_opened_ov_sentiment_avg                         float64     10                      -0.148067               -0.296            -0.246747            -0.125741            -0.049389            -0.039133  0.104828
pull_request_review_comment_pos_sentiment_avg                float64      5                        0.14889                  0.0              0.17725              0.17725              0.17725               0.2127  0.084636
pull_request_review_comment_neg_sentiment_avg                float64      5                         0.0217                  0.0             0.025833             0.025833             0.025833                0.031  0.012335
pull_request_review_comment_ov_sentiment_avg                 float64      5                       0.131292                  0.0               0.1563               0.1563               0.1563              0.18756  0.074632
pull_request_review_approved_pos_sentiment_avg               float64      3                            0.0                  0.0                  0.0                  0.0                  0.0                  0.0       0.0
pull_request_review_approved_neg_sentiment_avg               float64      3                            0.0                  0.0                  0.0                  0.0                  0.0                  0.0       0.0
pull_request_review_approved_ov_sentiment_avg                float64      3                            0.0                  0.0                  0.0                  0.0                  0.0                  0.0       0.0
pct_merged_with_approved                                     float64      2                            1.0                  1.0                  1.0                  1.0                  1.0                  1.0       0.0
pct_merged_with_review                                       float64      2                            1.0                  1.0                  1.0                  1.0                  1.0                  1.0       0.0
avg_pull_request_comment_count                               float64      5                       1.159524             0.428571                  1.0             1.285714             1.333333                 1.75  0.488502
avg_pull_request_review_comment_count                        float64      3                        0.72619             0.428571             0.464286                  0.5                0.875                 1.25  0.455036
avg_all_disc_count                                           float64      5                       2.214286             1.714286             1.833333             1.857143             2.666667                  3.0    0.5798
avg_pull_request_review_count                                float64      2                       1.547619             1.428571             1.488095             1.547619             1.607143             1.666667  0.168359
avg_pull_request_comment_exclude_opener_count                float64      5                       1.159524             0.428571                  1.0             1.285714             1.333333                 1.75  0.488502
avg_pull_request_review_comment_exclude_opener_count         float64      3                       0.456349             0.285714             0.309524             0.333333             0.541667                 0.75  0.255421
avg_all_disc_exclude_opener_count                            float64      5                       2.052381             1.571429             1.666667             1.857143                  2.5             2.666667  0.498979
avg_pull_request_review_exclude_opener_count                 float64      2                       1.547619             1.428571             1.488095             1.547619             1.607143             1.666667  0.168359
clustering_coefficient                                       float64     13                       0.066416                  0.0                  0.0                  0.0              0.11966             0.272983  0.097339

