File: drive/output/derived/org_outcomes_practices/repo_discussion_quality/important_degree_top3/rolling5/farama-foundation___arcade-learning-environment.parquet

MD5 hash: 8d89a85e82d1e023ae27e200bba7a2ec

Keys: time_period 

                                                                   type  count                           mean                  min                  25%                  50%                  75%                  max         std
time_period                                              datetime64[ns]     21  2019-12-31 17:08:34.285714176  2015-01-01 00:00:00  2017-07-01 00:00:00  2020-01-01 00:00:00  2022-07-01 00:00:00  2025-01-01 00:00:00            
response_rate                                                   float64     21                       0.608998              0.53112             0.572254             0.591453             0.636103             0.768041    0.054844
mean_days_to_respond                                            float64     21                      51.333088             1.740868            26.438325             38.77559            78.304012           113.441639   32.378163
pos_sentiment_avg                                               float64     21                       0.106996             0.082932             0.102776              0.11051             0.111754             0.117344    0.007752
neg_sentiment_avg                                               float64     21                       0.041355             0.033792             0.035752             0.037365             0.046167             0.057924    0.007269
ov_sentiment_avg                                                float64     21                       0.092798              0.05722             0.087611             0.094514              0.10319             0.111234    0.014348
response_rate_issue_comment                                     float64     21                       0.662982             0.547945             0.598291             0.633333             0.748092             0.776119    0.079382
response_rate_issue_opened                                      float64     21                            1.0                  1.0                  1.0                  1.0                  1.0                  1.0         0.0
response_rate_pull_request_comment                              float64     21                        0.66734                  0.0                  0.7              0.71875             0.765625             0.814286    0.200659
response_rate_pull_request_opened                               float64     21                        0.73008             0.333333               0.5625                  0.8                0.875                  1.0    0.200581
response_rate_pull_request_review_comment                       float64     21                       0.329073                  0.0             0.295455             0.386667             0.393365             0.483871    0.134243
mean_days_to_respond_issue_comment                              float64     21                      82.848093             8.986377            35.299345            59.550609           107.757095           298.605041   69.354402
mean_days_to_respond_issue_opened                               float64     21                     118.677907             0.944271             3.441954             7.784686            200.89314           420.677126  160.104817
mean_days_to_respond_pull_request_comment                       float64     20                       46.54691             0.479641            12.411303            31.236968            75.694988           141.356299   44.147602
mean_days_to_respond_pull_request_opened                        float64     21                      77.519666             2.002015            20.495797            59.362872           133.582785           211.877089   67.945177
mean_days_to_respond_pull_request_review_comment                float64     19                       9.028701              0.07294             0.268191             2.135364            14.215045            32.890498    12.27937
mean_days_to_respond_to_last_comment                            float64     21                      97.506648             3.711188            59.915903            89.741532           148.283235           188.236669   57.186773
issue_comment_pos_sentiment_avg                                 float64     21                       0.121744              0.10929             0.116759             0.121458             0.124572             0.152047    0.009281
issue_comment_neg_sentiment_avg                                 float64     21                       0.029561             0.012432             0.029168             0.030722             0.033111             0.035374    0.005685
issue_comment_ov_sentiment_avg                                  float64     21                       0.126518             0.099161             0.112429             0.128421             0.136307             0.154379    0.015065
issue_opened_pos_sentiment_avg                                  float64     21                       0.071732             0.052288               0.0606             0.070094             0.081328             0.089157     0.01161
issue_opened_neg_sentiment_avg                                  float64     21                       0.036392             0.028258             0.031033              0.03244             0.041568             0.064182    0.008715
issue_opened_ov_sentiment_avg                                   float64     21                       0.046091             0.008002             0.022698             0.039282             0.070258             0.094299    0.027825
pull_request_comment_pos_sentiment_avg                          float64     21                       0.136652             0.085518             0.112988             0.139468             0.142791             0.235756    0.033634
pull_request_comment_neg_sentiment_avg                          float64     21                       0.029542             0.018434             0.021718             0.024906             0.030986             0.075013     0.01372
pull_request_comment_ov_sentiment_avg                           float64     21                       0.137561             0.029969              0.10705             0.134809             0.159805             0.268686    0.050499
pull_request_opened_pos_sentiment_avg                           float64     21                       0.055506             0.029474             0.041409              0.05169              0.06866             0.086199     0.01852
pull_request_opened_neg_sentiment_avg                           float64     21                       0.107003             0.057399              0.07944             0.105616             0.134298             0.182761    0.036738
pull_request_opened_ov_sentiment_avg                            float64     21                       0.009534            -0.060524            -0.020849             0.001567             0.051538             0.074881    0.043581
pull_request_review_comment_pos_sentiment_avg                   float64     21                       0.101984             0.061856             0.093283             0.098416             0.105241             0.148611    0.016971
pull_request_review_comment_neg_sentiment_avg                   float64     21                       0.030546             0.005818             0.027171             0.034839             0.039265              0.05766    0.014078
pull_request_review_comment_ov_sentiment_avg                    float64     21                       0.081323             0.037777             0.060507             0.078579             0.082391             0.217544    0.041647
pull_request_review_changes_requested_pos_sentiment_avg         float64      7                       0.189487             0.141292             0.157226             0.213833             0.217667               0.2215    0.036849
pull_request_review_changes_requested_neg_sentiment_avg         float64      7                       0.072141                  0.0             0.026227             0.052453              0.11504                 0.17    0.071277
pull_request_review_changes_requested_ov_sentiment_avg          float64      7                       0.157593             0.087833             0.093107             0.104053             0.207276               0.3105    0.104669
pull_request_review_approved_pos_sentiment_avg                  float64      3                       0.215916                  0.0             0.161682             0.323364             0.323874             0.324385     0.18699
pull_request_review_approved_neg_sentiment_avg                  float64      3                       0.003431                  0.0             0.002359             0.004718             0.005147             0.005576    0.003002
pull_request_review_approved_ov_sentiment_avg                   float64      3                       0.269765                  0.0             0.200479             0.400958             0.404648             0.408338    0.233653
pull_request_review_commented_pos_sentiment_avg                 float64      3                       0.114944                0.105                0.105                0.105             0.119917             0.134833    0.017224
pull_request_review_commented_neg_sentiment_avg                 float64      3                       0.013944             0.011417             0.013312             0.015208             0.015208             0.015208    0.002189
pull_request_review_commented_ov_sentiment_avg                  float64      3                       0.118089             0.104779             0.104779             0.104779             0.124744             0.144708    0.023053
pct_merged_with_approved                                        float64     10                       0.131896                  0.0                0.025              0.03312             0.191288             0.488889    0.179424
pct_merged_with_review                                          float64     10                       0.336018             0.225806                0.275             0.305556             0.356061             0.577778    0.110874
avg_pull_request_comment_count                                  float64     21                       2.389394               0.5625                  1.8             2.554054             2.925373                 4.15    0.876709
avg_pull_request_review_comment_count                           float64     21                       2.373755               0.5625             1.128205             2.315789             3.527027             5.307692    1.573521
avg_all_disc_count                                              float64     21                       5.284513                2.125             4.311111             5.434783             6.263158                 7.95    1.615087
avg_pull_request_review_count                                   float64     10                       1.094865                  0.4             0.519697             0.950588             1.590426             2.368421    0.715808
avg_pull_request_comment_exclude_opener_count                   float64     21                       1.869443             0.727273                 1.28             2.069444                  2.4             2.777778    0.673753
avg_pull_request_review_comment_exclude_opener_count            float64     21                       1.621796             0.090909             0.606061                  1.5                2.625                  3.4    1.208827
avg_all_disc_exclude_opener_count                               float64     21                        3.80705             1.545455             3.071429               3.9375             4.693333             5.944444    1.174265
avg_pull_request_review_exclude_opener_count                    float64     10                       0.663201             0.114286             0.133539             0.419786             1.253247                1.625    0.624684
clustering_coefficient                                          float64     21                        0.10819                  0.0             0.025105             0.049147             0.092725             0.646635    0.162767

