File: drive/output/derived/org_outcomes_practices/repo_discussion_quality/important_degree_top3/rolling5/felixpatzelt___colorednoise.parquet

MD5 hash: 3a8abee82e27fd9ea937d7eaecaca86a

Keys: time_period 

                                                         type  count                 mean                  min                  25%                  50%                  75%                  max        std
time_period                                    datetime64[ns]     12  2022-01-15 12:00:00  2019-01-01 00:00:00  2020-05-16 12:00:00  2022-04-01 12:00:00  2023-08-16 00:00:00  2025-01-01 00:00:00           
response_rate                                         float64      4             0.818987             0.777778             0.800214             0.820513             0.839286             0.857143   0.034095
mean_days_to_respond                                  float64      4            42.421263             4.286181            28.630541             50.05621            63.846932            65.286449  28.565978
pos_sentiment_avg                                     float64      7              0.13899             0.120357             0.135367             0.138449             0.140532             0.162329   0.012522
neg_sentiment_avg                                     float64      7              0.05858             0.030317             0.036049             0.059487             0.076678             0.094805   0.026656
ov_sentiment_avg                                      float64      7               0.1037             0.067221              0.08497               0.1102             0.124957             0.128624   0.025273
response_rate_pull_request_comment                    float64      4             0.303571                  0.0                  0.0                 0.25             0.553571             0.714286   0.361285
response_rate_pull_request_opened                     float64      4                  1.0                  1.0                  1.0                  1.0                  1.0                  1.0        0.0
response_rate_issue_comment                           float64      3             0.919048             0.857143             0.878571                  0.9                 0.95                  1.0   0.073309
response_rate_issue_opened                            float64      3                  1.0                  1.0                  1.0                  1.0                  1.0                  1.0        0.0
mean_days_to_respond_pull_request_comment             float64      2             1.427785              0.37539             0.901587             1.427785             1.953983             2.480181   1.488312
mean_days_to_respond_pull_request_opened              float64      4             5.484648             3.846254             4.445747             4.645579             5.684479             8.801181     2.2429
mean_days_to_respond_to_last_comment                  float64      4            94.172801             0.052153            54.322315           108.429709           148.280195           159.779635  73.402928
mean_days_to_respond_issue_comment                    float64      3             84.23923            62.808249            73.210235             83.61222            94.954721           106.297222  21.751265
mean_days_to_respond_issue_opened                     float64      3             2.094145              1.62478             1.693717             1.762654             2.328827                2.895   0.696979
pull_request_comment_pos_sentiment_avg                float64      7             0.220168             0.185333             0.185539             0.185744             0.246191             0.306639   0.059071
pull_request_comment_neg_sentiment_avg                float64      7             0.014978                  0.0                  0.0                  0.0             0.034949             0.034949   0.018681
pull_request_comment_ov_sentiment_avg                 float64      7             0.156466             0.071943             0.071943               0.1204             0.219858             0.319317   0.113339
pull_request_opened_pos_sentiment_avg                 float64      7             0.060338             0.045076             0.054091             0.063106             0.068667             0.068667   0.010718
pull_request_opened_neg_sentiment_avg                 float64      7             0.160195                0.012                0.012             0.226118             0.271341             0.316565   0.143457
pull_request_opened_ov_sentiment_avg                  float64      7             0.032057            -0.007321            -0.006275            -0.005229             0.083167             0.083167   0.047816
issue_comment_pos_sentiment_avg                       float64      6             0.121164             0.055778             0.115797             0.128804             0.139666             0.158849   0.035687
issue_comment_neg_sentiment_avg                       float64      6             0.035365             0.009088             0.014069             0.022046             0.031337             0.113167   0.039152
issue_comment_ov_sentiment_avg                        float64      6             0.099391            -0.069006             0.103534             0.106807             0.148222             0.187269   0.089482
issue_opened_pos_sentiment_avg                        float64      6             0.113136             0.059654             0.075625             0.125229              0.14423             0.159052   0.043143
issue_opened_neg_sentiment_avg                        float64      6             0.018142               0.0102             0.012561             0.014529             0.025423             0.028633    0.00829
issue_opened_ov_sentiment_avg                         float64      6             0.169806              0.11856             0.131101             0.157168             0.184439                 0.27   0.055774
pct_merged_with_approved                              float64      3                  0.0                  0.0                  0.0                  0.0                  0.0                  0.0        0.0
pct_merged_with_review                                float64      3                  0.0                  0.0                  0.0                  0.0                  0.0                  0.0        0.0
avg_pull_request_comment_count                        float64      4                  2.0                  1.0                  1.0                  1.5                  2.5                  4.0   1.414214
avg_all_disc_count                                    float64      4                  2.0                  1.0                  1.0                  1.5                  2.5                  4.0   1.414214
avg_pull_request_comment_exclude_opener_count         float64      4             1.333333                  1.0                  1.0             1.166667                  1.5                  2.0   0.471405
avg_all_disc_exclude_opener_count                     float64      4             1.333333                  1.0                  1.0             1.166667                  1.5                  2.0   0.471405
clustering_coefficient                                float64     12                  0.0                  0.0                  0.0                  0.0                  0.0                  0.0        0.0

