File: drive/output/derived/org_outcomes_practices/repo_discussion_quality/important_degree_top3/rolling5/grantjenks___python-runstats.parquet

MD5 hash: 63247365ca714eb24d777b7f24c74a7d

Keys: time_period 

                                                         type  count                 mean                  min                  25%                  50%                  75%                  max        std
time_period                                    datetime64[ns]     15  2019-07-02 03:12:00  2016-01-01 00:00:00  2017-10-01 00:00:00  2019-07-01 00:00:00  2021-04-01 12:00:00  2023-01-01 00:00:00           
response_rate                                         float64      5             0.764208             0.714286                 0.75             0.756757                  0.8                  0.8   0.036441
mean_days_to_respond                                  float64      5            37.139357             2.046289             2.479045            36.158385            45.932168              99.0809  39.836827
pos_sentiment_avg                                     float64     11             0.135667              0.12015             0.128421             0.130256             0.141772             0.166667   0.013274
neg_sentiment_avg                                     float64     11             0.039391             0.020267             0.029927             0.030502             0.047437             0.070854   0.017266
ov_sentiment_avg                                      float64     11             0.099756             -0.01765             0.078793             0.118251             0.129396             0.142862   0.047094
response_rate_issue_comment                           float64      5             0.714122             0.666667             0.689655             0.714286                 0.75                 0.75   0.036828
response_rate_issue_opened                            float64      5                  1.0                  1.0                  1.0                  1.0                  1.0                  1.0        0.0
response_rate_pull_request_comment                    float64      4                  0.9                  0.8                  0.8                  0.9                  1.0                  1.0    0.11547
response_rate_pull_request_opened                     float64      1                  1.0                  1.0                  1.0                  1.0                  1.0                  1.0           
mean_days_to_respond_issue_comment                    float64      5            45.465303             2.865578             3.183022            49.650035            50.398983           121.228899  48.436823
mean_days_to_respond_issue_opened                     float64      5            13.412229             0.008924             0.008924             0.655856            32.636904            33.750537  18.064171
mean_days_to_respond_pull_request_comment             float64      4            15.932082             0.507407             0.507407             0.526808            15.951483            62.167303  30.823486
mean_days_to_respond_to_last_comment                  float64      5            78.341762             2.832849              3.77376            67.742543            74.976719            242.38294  97.845743
mean_days_to_respond_pull_request_opened              float64      1             0.012697             0.012697             0.012697             0.012697             0.012697             0.012697           
issue_comment_pos_sentiment_avg                       float64     11              0.14468             0.109862              0.11824             0.137257             0.147114                 0.25   0.040576
issue_comment_neg_sentiment_avg                       float64     11             0.030172                  0.0              0.02064             0.034663              0.03762             0.052704   0.014484
issue_comment_ov_sentiment_avg                        float64     11             0.117437                0.074             0.101893             0.108125             0.122073             0.191954   0.032244
issue_opened_pos_sentiment_avg                        float64     11             0.112017                  0.0             0.100195             0.130604             0.135516             0.160167   0.044446
issue_opened_neg_sentiment_avg                        float64     11             0.032682             0.008233             0.021056             0.027301             0.031699               0.1065   0.025904
issue_opened_ov_sentiment_avg                         float64     11             0.100666             -0.20095             0.082645              0.13439              0.14738             0.234245   0.111729
pull_request_comment_pos_sentiment_avg                float64      8             0.175134             0.143374             0.169775             0.172079             0.183556             0.211143   0.019326
pull_request_comment_neg_sentiment_avg                float64      8               0.0457             0.014697             0.020809             0.024381              0.07788             0.106667   0.035887
pull_request_comment_ov_sentiment_avg                 float64      8             0.091437            -0.060492             0.057956             0.117333             0.134589             0.163024   0.072546
pull_request_opened_pos_sentiment_avg                 float64      8             0.092734             0.005536             0.006574             0.108637             0.140524             0.225556   0.082219
pull_request_opened_neg_sentiment_avg                 float64      8             0.112643             0.003654             0.007612              0.01025             0.277377              0.29516     0.1448
pull_request_opened_ov_sentiment_avg                  float64      8             0.069405            -0.257253            -0.175063             0.181091             0.236142             0.382944   0.252261
pct_merged_with_approved                              float64      1                  0.0                  0.0                  0.0                  0.0                  0.0                  0.0           
pct_merged_with_review                                float64      1                  0.0                  0.0                  0.0                  0.0                  0.0                  0.0           
avg_pull_request_comment_count                        float64      4             1.583333                  1.0                 1.25             1.666667                  2.0                  2.0        0.5
avg_all_disc_count                                    float64      4             1.583333                  1.0                 1.25             1.666667                  2.0                  2.0        0.5
avg_pull_request_comment_exclude_opener_count         float64      4             1.166667                  1.0                  1.0             1.166667             1.333333             1.333333    0.19245
avg_all_disc_exclude_opener_count                     float64      4             1.166667                  1.0                  1.0             1.166667             1.333333             1.333333    0.19245
clustering_coefficient                                float64     13             0.172844                  0.0                  0.0                  0.0              0.48075             0.524967    0.23942

