File: drive/output/derived/org_outcomes_practices/repo_discussion_quality/important_degree_top3/rolling5/gumo-py___gumo-core.parquet

MD5 hash: 1976343c17b26f08d2218f4984dcd4b4

Keys: time_period 

                                                                type  count                 mean                  min                  25%                  50%                  75%                  max       std
time_period                                           datetime64[ns]      9  2020-12-31 00:00:00  2019-01-01 00:00:00  2020-01-01 00:00:00  2021-01-01 00:00:00  2022-01-01 00:00:00  2023-01-01 00:00:00          
response_rate                                                float64      3                  0.5                  0.5                  0.5                  0.5                  0.5                  0.5       0.0
mean_days_to_respond                                         float64      3             2.004954             2.004954             2.004954             2.004954             2.004954             2.004954       0.0
pos_sentiment_avg                                            float64      7                  0.0                  0.0                  0.0                  0.0                  0.0                  0.0       0.0
neg_sentiment_avg                                            float64      7             0.506501             0.476364             0.505286             0.505286             0.514643                0.524  0.015951
ov_sentiment_avg                                             float64      7            -0.286115               -0.296            -0.290714            -0.285429            -0.285429            -0.269091   0.00901
response_rate_pull_request_comment                           float64      3                  1.0                  1.0                  1.0                  1.0                  1.0                  1.0       0.0
response_rate_pull_request_opened                            float64      3                  0.0                  0.0                  0.0                  0.0                  0.0                  0.0       0.0
mean_days_to_respond_pull_request_comment                    float64      3             2.004954             2.004954             2.004954             2.004954             2.004954             2.004954       0.0
mean_days_to_respond_to_last_comment                         float64      3             2.004954             2.004954             2.004954             2.004954             2.004954             2.004954       0.0
pull_request_opened_pos_sentiment_avg                        float64      7                  0.0                  0.0                  0.0                  0.0                  0.0                  0.0       0.0
pull_request_opened_neg_sentiment_avg                        float64      7                0.524                0.524                0.524                0.524                0.524                0.524       0.0
pull_request_opened_ov_sentiment_avg                         float64      7               -0.296               -0.296               -0.296               -0.296               -0.296               -0.296       0.0
pull_request_comment_pos_sentiment_avg                       float64      5                  0.0                  0.0                  0.0                  0.0                  0.0                  0.0       0.0
pull_request_comment_neg_sentiment_avg                       float64      5                  0.0                  0.0                  0.0                  0.0                  0.0                  0.0       0.0
pull_request_comment_ov_sentiment_avg                        float64      5                  0.0                  0.0                  0.0                  0.0                  0.0                  0.0       0.0
pct_merged_with_approved                                     float64      0                                                                                                                                        
pct_merged_with_review                                       float64      0                                                                                                                                        
avg_pull_request_comment_count                               float64      3              1.28482                  1.0             1.166667             1.333333              1.42723             1.521127  0.263929
avg_pull_request_review_comment_count                        float64      3             0.044257             0.014085             0.020931             0.027778             0.059343             0.090909  0.040978
avg_all_disc_count                                           float64      3             1.329077             1.090909              1.22601             1.361111             1.448161             1.535211  0.223877
avg_pull_request_comment_exclude_opener_count                float64      3             0.810377                  0.5                0.725                 0.95             0.965566             0.981132  0.269245
avg_pull_request_review_comment_exclude_opener_count         float64      3             0.189623             0.018868             0.034434                 0.05                0.275                  0.5  0.269245
avg_all_disc_exclude_opener_count                            float64      3                  1.0                  1.0                  1.0                  1.0                  1.0                  1.0       0.0
clustering_coefficient                                       float64      5                  0.0                  0.0                  0.0                  0.0                  0.0                  0.0       0.0

