File: drive/output/derived/org_outcomes_practices/repo_discussion_quality/important_degree_top3/rolling5/hello-robot___stretch_factory.parquet

MD5 hash: 294d94190dc53856bf42bba52c16f18c

Keys: time_period 

                                                                   type  count                 mean                  min                  25%                  50%                  75%                  max       std
time_period                                              datetime64[ns]     10  2022-10-01 04:48:00  2020-07-01 00:00:00  2021-08-16 00:00:00  2022-10-01 00:00:00  2023-11-16 00:00:00  2025-01-01 00:00:00          
response_rate                                                   float64      3             0.426979             0.384615             0.409699             0.434783             0.448161             0.461538  0.039051
mean_days_to_respond                                            float64      3            11.618237             5.663113            10.129456            14.595799            14.595799            14.595799  5.157288
pos_sentiment_avg                                               float64      9             0.072416                  0.0             0.065517             0.085608             0.094765             0.100004  0.033549
neg_sentiment_avg                                               float64      9             0.188462             0.092734             0.121201             0.122961             0.134592                0.524  0.145354
ov_sentiment_avg                                                float64      9            -0.043565               -0.296            -0.008975             0.006798             0.009459             0.027568  0.108586
response_rate_issue_comment                                     float64      3                 0.25                  0.0               0.1875                0.375                0.375                0.375  0.216506
response_rate_issue_opened                                      float64      3                  1.0                  1.0                  1.0                  1.0                  1.0                  1.0       0.0
response_rate_pull_request_opened                               float64      3             0.166667                  0.0                  0.0                  0.0                 0.25                  0.5  0.288675
response_rate_pull_request_review_comment                       float64      2             0.142857             0.142857             0.142857             0.142857             0.142857             0.142857       0.0
response_rate_pull_request_comment                              float64      1                  0.4                  0.4                  0.4                  0.4                  0.4                  0.4          
mean_days_to_respond_issue_comment                              float64      2            28.835058            28.835058            28.835058            28.835058            28.835058            28.835058       0.0
mean_days_to_respond_issue_opened                               float64      3             6.890622             0.958171              5.40751             9.856848             9.856848             9.856848  5.137653
mean_days_to_respond_pull_request_review_comment                float64      2             0.311725             0.311725             0.311725             0.311725             0.311725             0.311725       0.0
mean_days_to_respond_to_last_comment                            float64      3            12.412005             7.239829            11.118961            14.998094            14.998094            14.998094  4.479236
mean_days_to_respond_pull_request_comment                       float64      1            11.337795            11.337795            11.337795            11.337795            11.337795            11.337795          
mean_days_to_respond_pull_request_opened                        float64      1             3.448306             3.448306             3.448306             3.448306             3.448306             3.448306          
pull_request_opened_pos_sentiment_avg                           float64      9             0.039032                  0.0             0.040854             0.042681             0.046803               0.0521  0.015617
pull_request_opened_neg_sentiment_avg                           float64      9             0.255284             0.140211              0.19009             0.213234             0.249362                0.524  0.121776
pull_request_opened_ov_sentiment_avg                            float64      9            -0.089718               -0.296            -0.068558            -0.058146            -0.044142            -0.007051  0.089194
pull_request_comment_pos_sentiment_avg                          float64      8             0.095016                  0.0               0.0792             0.104873             0.124611             0.138237  0.044177
pull_request_comment_neg_sentiment_avg                          float64      8             0.017793                  0.0                  0.0             0.023857             0.029225               0.0334  0.015172
pull_request_comment_ov_sentiment_avg                           float64      8             0.099567                  0.0              0.05122              0.11636             0.139608              0.17445  0.059441
issue_comment_pos_sentiment_avg                                 float64      7             0.135989             0.037143             0.095004             0.146133             0.183944              0.21075  0.069666
issue_comment_neg_sentiment_avg                                 float64      7             0.090821             0.075776             0.078593             0.080472             0.094031              0.13425  0.020762
issue_comment_ov_sentiment_avg                                  float64      7            -0.011024            -0.143075            -0.025104             0.013093             0.031834             0.039354  0.067761
issue_opened_pos_sentiment_avg                                  float64      7             0.010574             0.001463             0.001763             0.001881             0.017257             0.032633   0.01507
issue_opened_neg_sentiment_avg                                  float64      7              0.04251             0.030802             0.035202             0.035202             0.051719             0.057725  0.011332
issue_opened_ov_sentiment_avg                                   float64      7            -0.092799            -0.117201            -0.100001            -0.100001            -0.079973            -0.072445  0.016369
pull_request_review_approved_pos_sentiment_avg                  float64      7             0.442695             0.367417             0.428854             0.451542              0.47185               0.4785   0.03919
pull_request_review_approved_neg_sentiment_avg                  float64      7                  0.0                  0.0                  0.0                  0.0                  0.0                  0.0       0.0
pull_request_review_approved_ov_sentiment_avg                   float64      7             0.309029             0.295733              0.29891               0.2995             0.316358             0.337433  0.015214
pull_request_review_changes_requested_pos_sentiment_avg         float64      7             0.091024             0.022333             0.070417               0.1185               0.1185               0.1185  0.046925
pull_request_review_changes_requested_neg_sentiment_avg         float64      7                  0.0                  0.0                  0.0                  0.0                  0.0                  0.0       0.0
pull_request_review_changes_requested_ov_sentiment_avg          float64      7             0.170407              0.06955              0.14015              0.21075              0.21075              0.21075  0.068899
pull_request_review_comment_pos_sentiment_avg                   float64      5             0.097778             0.097778             0.097778             0.097778             0.097778             0.097778       0.0
pull_request_review_comment_neg_sentiment_avg                   float64      5             0.006556             0.006556             0.006556             0.006556             0.006556             0.006556       0.0
pull_request_review_comment_ov_sentiment_avg                    float64      5             0.121383             0.121383             0.121383             0.121383             0.121383             0.121383       0.0
pull_request_review_commented_pos_sentiment_avg                 float64      2              0.09975              0.09975              0.09975              0.09975              0.09975              0.09975       0.0
pull_request_review_commented_neg_sentiment_avg                 float64      2                  0.0                  0.0                  0.0                  0.0                  0.0                  0.0       0.0
pull_request_review_commented_ov_sentiment_avg                  float64      2              0.23865              0.23865              0.23865              0.23865              0.23865              0.23865       0.0
pct_merged_with_approved                                        float64      3             0.181988             0.052632             0.106316                 0.16             0.246667             0.333333  0.141637
pct_merged_with_review                                          float64      3             0.209766             0.052632             0.106316                 0.16             0.288333             0.416667   0.18705
avg_pull_request_comment_count                                  float64      3             0.857143             0.571429             0.785714                  1.0                  1.0                  1.0  0.247436
avg_pull_request_review_count                                   float64      3             1.842593             0.777778             1.388889                  2.0                2.375                 2.75  0.995489
avg_pull_request_review_comment_count                           float64      2             1.767857             1.285714             1.526786             1.767857             2.008929                 2.25  0.681853
avg_all_disc_count                                              float64      3             3.878307             1.777778              2.81746             3.857143             4.928571                  6.0  2.111191
avg_pull_request_review_exclude_opener_count                    float64      3             1.777778             0.833333             1.166667                  1.5                 2.25                  3.0  1.109721
avg_pull_request_review_comment_exclude_opener_count            float64      2                0.625                 0.25               0.4375                0.625               0.8125                  1.0   0.53033
avg_all_disc_exclude_opener_count                               float64      3             2.361111             1.333333             1.541667                 1.75                2.875                  4.0  1.434528
avg_pull_request_comment_exclude_opener_count                   float64      1                  0.5                  0.5                  0.5                  0.5                  0.5                  0.5          
clustering_coefficient                                          float64      8             0.206347                  0.0                  0.0             0.274174             0.367477             0.367477  0.182145

