File: drive/output/derived/org_outcomes_practices/repo_discussion_quality/important_degree_top3/rolling5/hypothesis___tox-envfile.parquet

MD5 hash: 415fe6ef0c5b62405106cd9dac020f10

Keys: time_period 

                                                                type  count                 mean                  min                  25%                  50%                  75%                  max       std
time_period                                           datetime64[ns]      6  2023-10-01 08:00:00  2022-07-01 00:00:00  2023-02-15 06:00:00  2023-10-01 00:00:00  2024-05-16 12:00:00  2025-01-01 00:00:00          
response_rate                                                float64      2                  0.0                  0.0                  0.0                  0.0                  0.0                  0.0       0.0
mean_days_to_respond                                         float64      0                                                                                                                                        
pos_sentiment_avg                                            float64      6             0.031599             0.013875             0.032876             0.034246             0.036777             0.037189  0.008897
neg_sentiment_avg                                            float64      6             0.238181               0.2125             0.224621             0.241182             0.254355             0.256377  0.018547
ov_sentiment_avg                                             float64      6            -0.111917            -0.128194            -0.119313            -0.111951            -0.104019            -0.096266  0.012152
response_rate_pull_request_opened                            float64      2                  0.0                  0.0                  0.0                  0.0                  0.0                  0.0       0.0
response_rate_pull_request_review_comment                    float64      2                  0.0                  0.0                  0.0                  0.0                  0.0                  0.0       0.0
pull_request_comment_pos_sentiment_avg                       float64      6                  0.0                  0.0                  0.0                  0.0                  0.0                  0.0       0.0
pull_request_comment_neg_sentiment_avg                       float64      6               0.0384                  0.0               0.0256               0.0256               0.0256                0.128  0.045073
pull_request_comment_ov_sentiment_avg                        float64      6             -0.10836              -0.3612             -0.07224             -0.07224             -0.07224                  0.0  0.127192
pull_request_opened_pos_sentiment_avg                        float64      6             0.009363              0.00331             0.008557             0.009092             0.010108             0.015857  0.004025
pull_request_opened_neg_sentiment_avg                        float64      6             0.326184             0.224571             0.323716              0.34385             0.354447              0.36985  0.052747
pull_request_opened_ov_sentiment_avg                         float64      6            -0.166837            -0.204356            -0.184499             -0.17753            -0.164289            -0.094907  0.038055
pull_request_review_approved_pos_sentiment_avg               float64      5              0.08875              0.08875              0.08875              0.08875              0.08875              0.08875       0.0
pull_request_review_approved_neg_sentiment_avg               float64      5              0.15775              0.15775              0.15775              0.15775              0.15775              0.15775       0.0
pull_request_review_approved_ov_sentiment_avg                float64      5             -0.01195             -0.01195             -0.01195             -0.01195             -0.01195             -0.01195       0.0
pull_request_review_comment_pos_sentiment_avg                float64      5                0.306                0.306                0.306                0.306                0.306                0.306       0.0
pull_request_review_comment_neg_sentiment_avg                float64      5                  0.0                  0.0                  0.0                  0.0                  0.0                  0.0       0.0
pull_request_review_comment_ov_sentiment_avg                 float64      5                0.296                0.296                0.296                0.296                0.296                0.296       0.0
pct_merged_with_approved                                     float64      2             0.217647                  0.2             0.208824             0.217647             0.226471             0.235294  0.024957
pct_merged_with_review                                       float64      2             0.297059             0.294118             0.295588             0.297059             0.298529                  0.3  0.004159
avg_pull_request_comment_count                               float64      2             0.507937             0.444444              0.47619             0.507937             0.539683             0.571429  0.089791
avg_pull_request_review_count                                float64      2                  1.0                  1.0                  1.0                  1.0                  1.0                  1.0       0.0
avg_pull_request_review_comment_count                        float64      2             0.380952             0.333333             0.357143             0.380952             0.404762             0.428571  0.067344
avg_all_disc_count                                           float64      2             1.888889             1.777778             1.833333             1.888889             1.944444                  2.0  0.157135
avg_pull_request_review_exclude_opener_count                 float64      2             1.208333             1.166667               1.1875             1.208333             1.229167                 1.25  0.058926
avg_pull_request_review_comment_exclude_opener_count         float64      2             0.208333             0.166667               0.1875             0.208333             0.229167                 0.25  0.058926
avg_all_disc_exclude_opener_count                            float64      2             1.416667             1.333333                1.375             1.416667             1.458333                  1.5  0.117851
clustering_coefficient                                       float64      6                  0.0                  0.0                  0.0                  0.0                  0.0                  0.0       0.0

