File: drive/output/derived/org_outcomes_practices/repo_discussion_quality/important_degree_top3/rolling5/intuit___oauth-pythonclient.parquet

MD5 hash: f084253ad8c2319e34ae511a09c13ce7

Keys: time_period 

                                                                   type  count                 mean                  min                  25%                  50%                  75%                  max       std
time_period                                              datetime64[ns]     12  2021-08-31 10:00:00  2018-07-01 00:00:00  2019-11-16 00:00:00  2021-07-02 12:00:00  2023-08-16 00:00:00  2025-01-01 00:00:00          
response_rate                                                   float64      3              0.34697             0.090909             0.145455                  0.2                0.475                 0.75  0.353271
mean_days_to_respond                                            float64      3             0.707502             0.124248             0.124248             0.124248             0.999129              1.87401  1.010226
pos_sentiment_avg                                               float64     10             0.083239                  0.0             0.083167             0.089557             0.101933             0.133069  0.038354
neg_sentiment_avg                                               float64     10             0.141023             0.026958              0.04957             0.090071             0.174099                0.524  0.148672
ov_sentiment_avg                                                float64     10              -0.0313               -0.296            -0.035972            -0.017829             0.020515             0.092963  0.103557
response_rate_pull_request_comment                              float64      1             0.666667             0.666667             0.666667             0.666667             0.666667             0.666667          
response_rate_pull_request_opened                               float64      3             0.333333                  0.0                  0.0                  0.0                  0.5                  1.0   0.57735
response_rate_pull_request_review_comment                       float64      2             0.222222             0.111111             0.166667             0.222222             0.277778             0.333333  0.157135
mean_days_to_respond_pull_request_comment                       float64      1             2.809887             2.809887             2.809887             2.809887             2.809887             2.809887          
mean_days_to_respond_pull_request_opened                        float64      1             0.002257             0.002257             0.002257             0.002257             0.002257             0.002257          
mean_days_to_respond_to_last_comment                            float64      3             0.753927             0.124248             0.124248             0.124248             1.068767             2.013287  1.090637
mean_days_to_respond_pull_request_review_comment                float64      2             0.124248             0.124248             0.124248             0.124248             0.124248             0.124248       0.0
pull_request_opened_pos_sentiment_avg                           float64     10              0.01448                  0.0             0.007408              0.01125             0.021744             0.035593  0.011996
pull_request_opened_neg_sentiment_avg                           float64     10             0.180926             0.007417             0.020377             0.151419             0.303673                0.524  0.178143
pull_request_opened_ov_sentiment_avg                            float64     10            -0.120894               -0.296            -0.204383            -0.132634            -0.011756             0.039972  0.115882
pull_request_comment_pos_sentiment_avg                          float64      9             0.131002             0.017375               0.0573             0.157278             0.173625               0.2778  0.085729
pull_request_comment_neg_sentiment_avg                          float64      9              0.07625               0.0447             0.063111               0.0665               0.1008             0.114625  0.023817
pull_request_comment_ov_sentiment_avg                           float64      9             0.021226            -0.209975             -0.17016               0.0154             0.161208             0.195415  0.168305
pull_request_review_approved_pos_sentiment_avg                  float64      3             0.397778                0.372             0.391333             0.410667             0.410667             0.410667  0.022324
pull_request_review_approved_neg_sentiment_avg                  float64      3                  0.0                  0.0                  0.0                  0.0                  0.0                  0.0       0.0
pull_request_review_approved_ov_sentiment_avg                   float64      3             0.289633               0.2202             0.272275              0.32435              0.32435              0.32435  0.060131
pull_request_review_comment_pos_sentiment_avg                   float64      3               0.1904               0.0816               0.0816               0.0816               0.2448                0.408  0.188447
pull_request_review_comment_neg_sentiment_avg                   float64      3             0.026133                  0.0               0.0196               0.0392               0.0392               0.0392  0.022632
pull_request_review_comment_ov_sentiment_avg                    float64      3              0.29168              0.08272              0.08272              0.08272              0.39616               0.7096  0.361929
pull_request_review_changes_requested_pos_sentiment_avg         float64      2                0.236                0.236                0.236                0.236                0.236                0.236       0.0
pull_request_review_changes_requested_neg_sentiment_avg         float64      2                  0.0                  0.0                  0.0                  0.0                  0.0                  0.0       0.0
pull_request_review_changes_requested_ov_sentiment_avg          float64      2              0.33425              0.33425              0.33425              0.33425              0.33425              0.33425       0.0
pct_merged_with_approved                                        float64      1             0.333333             0.333333             0.333333             0.333333             0.333333             0.333333          
pct_merged_with_review                                          float64      1             0.333333             0.333333             0.333333             0.333333             0.333333             0.333333          
avg_pull_request_comment_count                                  float64      1                  3.0                  3.0                  3.0                  3.0                  3.0                  3.0          
avg_all_disc_count                                              float64      3             6.333333                  3.0                  4.5                  6.0                  8.0                 10.0  3.511885
avg_pull_request_review_count                                   float64      2                  4.0                  3.0                  3.5                  4.0                  4.5                  5.0  1.414214
avg_pull_request_review_comment_count                           float64      2                  4.0                  3.0                  3.5                  4.0                  4.5                  5.0  1.414214
avg_pull_request_comment_exclude_opener_count                   float64      1                  2.0                  2.0                  2.0                  2.0                  2.0                  2.0          
avg_all_disc_exclude_opener_count                               float64      3                  5.0                  2.0                  4.0                  6.0                  6.5                  7.0  2.645751
avg_pull_request_review_exclude_opener_count                    float64      2                 3.25                  3.0                3.125                 3.25                3.375                  3.5  0.353553
avg_pull_request_review_comment_exclude_opener_count            float64      2                 3.25                  3.0                3.125                 3.25                3.375                  3.5  0.353553
clustering_coefficient                                          float64      8             0.089291                  0.0                  0.0                  0.0              0.15874              0.39685  0.143479

