File: drive/output/derived/org_outcomes_practices/repo_discussion_quality/important_degree_top3/rolling5/jazzband___django-rest-knox.parquet

MD5 hash: e0bc61c262a25ac8404b18fd957a7801

Keys: time_period 

                                                                   type  count                 mean                  min                  25%                  50%                  75%                  max       std
time_period                                              datetime64[ns]     20  2020-04-01 00:00:00  2015-07-01 00:00:00  2017-11-16 00:00:00  2020-04-01 00:00:00  2022-08-16 00:00:00  2025-01-01 00:00:00          
response_rate                                                   float64      9             0.401688                  0.0             0.429907             0.466667             0.468085             0.538462  0.164191
mean_days_to_respond                                            float64      8             3.506343             0.270683             1.755075             2.544355             4.689381             8.399531  3.190077
pos_sentiment_avg                                               float64     20             0.084316             0.036146             0.058137             0.090536             0.107306             0.125431  0.028988
neg_sentiment_avg                                               float64     20             0.093465                  0.0             0.060507             0.098633             0.117038             0.187594   0.05193
ov_sentiment_avg                                                float64     20             0.064434            -0.067815             0.015575              0.05609             0.120074             0.244743  0.080354
response_rate_pull_request_opened                               float64      9                  0.0                  0.0                  0.0                  0.0                  0.0                  0.0       0.0
response_rate_pull_request_review_comment                       float64      9             0.325604                  0.0                  0.0                 0.46             0.503876                  0.6  0.254103
response_rate_pull_request_comment                              float64      4                  0.7                  0.7                  0.7                  0.7                  0.7                  0.7       0.0
mean_days_to_respond_pull_request_review_comment                float64      6             4.243685             0.270683             1.028498             4.121541             7.443881             8.399531  3.646439
mean_days_to_respond_to_last_comment                            float64      8             4.269071             0.279202             0.351012             2.430231              4.69591            18.326372  6.013408
mean_days_to_respond_pull_request_comment                       float64      4             2.249438             2.249438             2.249438             2.249438             2.249438             2.249438       0.0
pull_request_opened_pos_sentiment_avg                           float64     20             0.055364             0.033918             0.041646             0.052719              0.06653             0.085952  0.015799
pull_request_opened_neg_sentiment_avg                           float64     20             0.130636                  0.0             0.102958             0.123964             0.185357             0.236572  0.065746
pull_request_opened_ov_sentiment_avg                            float64     20             0.006957            -0.108555            -0.052488            -0.005207             0.026663             0.244743  0.088128
pull_request_review_comment_pos_sentiment_avg                   float64     16             0.136212                  0.0             0.098802             0.124754             0.173917             0.262571  0.085548
pull_request_review_comment_neg_sentiment_avg                   float64     16             0.073602             0.020083             0.034286             0.050296             0.056641                 0.28  0.082202
pull_request_review_comment_ov_sentiment_avg                    float64     16             0.101097              -0.5423             0.057432               0.1101             0.286865             0.418279  0.287531
pull_request_comment_pos_sentiment_avg                          float64      4             0.098208             0.098208             0.098208             0.098208             0.098208             0.098208       0.0
pull_request_comment_neg_sentiment_avg                          float64      4             0.011109             0.011109             0.011109             0.011109             0.011109             0.011109       0.0
pull_request_comment_ov_sentiment_avg                           float64      4             0.136503             0.136503             0.136503             0.136503             0.136503             0.136503       0.0
pull_request_review_approved_pos_sentiment_avg                  float64      4             0.339291              0.33125             0.331437             0.338019             0.345873             0.349875  0.009397
pull_request_review_approved_neg_sentiment_avg                  float64      4             0.005888                  0.0             0.003894             0.006815             0.008809             0.009922  0.004394
pull_request_review_approved_ov_sentiment_avg                   float64      4             0.382331             0.359441             0.364652             0.380334             0.398013             0.409215  0.023407
pull_request_review_commented_pos_sentiment_avg                 float64      4               0.1825               0.1825               0.1825               0.1825               0.1825               0.1825       0.0
pull_request_review_commented_neg_sentiment_avg                 float64      4                  0.0                  0.0                  0.0                  0.0                  0.0                  0.0       0.0
pull_request_review_commented_ov_sentiment_avg                  float64      4             0.411725             0.411725             0.411725             0.411725             0.411725             0.411725       0.0
pull_request_review_changes_requested_pos_sentiment_avg         float64      3             0.171065             0.160278             0.168368             0.176458             0.176458             0.176458  0.009342
pull_request_review_changes_requested_neg_sentiment_avg         float64      3             0.043796             0.039417             0.039417             0.039417             0.045986             0.052556  0.007586
pull_request_review_changes_requested_ov_sentiment_avg          float64      3             0.189354             0.139144             0.176801             0.214458             0.214458             0.214458  0.043482
pct_merged_with_approved                                        float64      5               0.4924                  0.0             0.513514             0.515152                  0.6             0.833333  0.304645
pct_merged_with_review                                          float64      5               0.4924                  0.0             0.513514             0.515152                  0.6             0.833333  0.304645
avg_pull_request_review_comment_count                           float64      9             6.470761             0.043478             0.333333                  0.6                 14.0                 15.0  7.342045
avg_all_disc_count                                              float64      9              7.41849             1.333333             1.695652             2.766667                 14.0                 15.0  6.503715
avg_pull_request_review_count                                   float64      6             0.922153                  0.2             0.612128             0.934783             1.277778             1.566667  0.510552
avg_pull_request_comment_count                                  float64      4             0.749161                  0.6                 0.65             0.724638             0.823799             0.947368  0.152161
avg_pull_request_review_comment_exclude_opener_count            float64      9               3.8941             0.043478             0.222222             0.333333                  8.8             9.428571  4.448428
avg_all_disc_exclude_opener_count                               float64      9              4.73611             1.333333             1.608696             2.033333                  8.8             9.428571  3.690882
avg_pull_request_review_exclude_opener_count                    float64      6             0.819067                  0.1             0.612128             0.934783             1.138889             1.233333  0.434444
avg_pull_request_comment_exclude_opener_count                   float64      4             0.665921             0.533333             0.577778             0.644122             0.732265             0.842105  0.135255
clustering_coefficient                                          float64     14             0.069013                  0.0                  0.0             0.055051             0.134734             0.162334  0.066486

