File: drive/output/derived/org_outcomes_practices/repo_discussion_quality/important_degree_top3/rolling5/jeppe742___deltalakereader.parquet

MD5 hash: e011d30e985fcffadbdd74131c491d41

Keys: time_period 

                                                         type  count                 mean                  min                  25%                  50%                  75%                  max       std
time_period                                    datetime64[ns]     10  2022-10-01 04:48:00  2020-07-01 00:00:00  2021-08-16 00:00:00  2022-10-01 00:00:00  2023-11-16 00:00:00  2025-01-01 00:00:00          
response_rate                                         float64      5             0.642185               0.5625              0.62963                 0.65             0.666667             0.702128  0.051867
mean_days_to_respond                                  float64      5             2.837738             0.568612             0.686844             0.890074             5.795378             6.247778  2.913103
pos_sentiment_avg                                     float64      8             0.093461                  0.0             0.102381             0.107039             0.109359             0.112883   0.03807
neg_sentiment_avg                                     float64      8             0.134842             0.068021             0.113274             0.126889             0.155827             0.225233  0.049065
ov_sentiment_avg                                      float64      8             0.014194            -0.142915              0.00949             0.037249             0.046698             0.068999  0.067529
response_rate_issue_comment                           float64      5             0.486138                  0.2                  0.5                 0.55                 0.56              0.62069  0.165609
response_rate_issue_opened                            float64      5                  1.0                  1.0                  1.0                  1.0                  1.0                  1.0       0.0
response_rate_pull_request_comment                    float64      5             0.156667                  0.0             0.166667             0.166667                  0.2                 0.25  0.093986
response_rate_pull_request_opened                     float64      5                  1.0                  1.0                  1.0                  1.0                  1.0                  1.0       0.0
mean_days_to_respond_issue_comment                    float64      5             4.532062             0.752936             0.906748             1.268567             9.067247            10.664815  4.905447
mean_days_to_respond_issue_opened                     float64      5             1.693662             0.845476             0.849196             0.970577             2.848193             2.954871  1.104421
mean_days_to_respond_pull_request_comment             float64      4             0.005324             0.005324             0.005324             0.005324             0.005324             0.005324       0.0
mean_days_to_respond_pull_request_opened              float64      5             0.795869             0.269552             0.392211             0.392211             0.422769               2.5026  0.955906
mean_days_to_respond_to_last_comment                  float64      5             4.225918             0.527563             0.647084               0.6492             8.821748            10.483995  4.989087
issue_comment_pos_sentiment_avg                       float64      8             0.178543                  0.0             0.149022             0.183431             0.220101             0.303276  0.091834
issue_comment_neg_sentiment_avg                       float64      8             0.018354                  0.0             0.007844              0.01737             0.029918             0.035603  0.013731
issue_comment_ov_sentiment_avg                        float64      8             0.157931                  0.0              0.14261             0.159401             0.205953             0.244412  0.075029
issue_opened_pos_sentiment_avg                        float64      8             0.096721                  0.0             0.079253             0.116949             0.128688             0.133156  0.046136
issue_opened_neg_sentiment_avg                        float64      8             0.043166             0.020078              0.02901             0.045078             0.054207             0.066925  0.016565
issue_opened_ov_sentiment_avg                         float64      8             0.064968            -0.061287             0.044286              0.07666             0.112121             0.128914  0.063194
pull_request_opened_pos_sentiment_avg                 float64      8             0.015915                  0.0             0.010103             0.017248             0.020127             0.030348  0.009791
pull_request_opened_neg_sentiment_avg                 float64      8             0.325829             0.200811               0.2929             0.321768             0.335409                0.524  0.096051
pull_request_opened_ov_sentiment_avg                  float64      8            -0.173917               -0.296            -0.181502            -0.175075            -0.156707            -0.085153  0.060943
pull_request_comment_pos_sentiment_avg                float64      7              0.08399               0.0351             0.066598             0.095697             0.096846             0.130244  0.034877
pull_request_comment_neg_sentiment_avg                float64      7              0.01462             0.003744             0.013327             0.014547             0.016398               0.0246   0.00629
pull_request_comment_ov_sentiment_avg                 float64      7             0.106741              0.04657             0.099462             0.115821             0.115821             0.154227  0.032651
pct_merged_with_approved                              float64      5                  0.0                  0.0                  0.0                  0.0                  0.0                  0.0       0.0
pct_merged_with_review                                float64      5                  0.0                  0.0                  0.0                  0.0                  0.0                  0.0       0.0
avg_pull_request_comment_count                        float64      5             1.471429                  1.0             1.428571             1.428571                  1.5                  2.0  0.355711
avg_all_disc_count                                    float64      5             1.471429                  1.0             1.428571             1.428571                  1.5                  2.0  0.355711
avg_pull_request_comment_exclude_opener_count         float64      5             1.196667                  1.0                  1.2                  1.2                 1.25             1.333333  0.122701
avg_all_disc_exclude_opener_count                     float64      5             1.196667                  1.0                  1.2                  1.2                 1.25             1.333333  0.122701
clustering_coefficient                                float64      9                  0.0                  0.0                  0.0                  0.0                  0.0                  0.0       0.0

