File: drive/output/derived/org_outcomes_practices/repo_discussion_quality/important_degree_top3/rolling5/kevinconway___venvctrl.parquet

MD5 hash: 5d62594c42984b2a966b58582304cb08

Keys: time_period 

                                                                type  count                 mean                  min                  25%                  50%                  75%                  max       std
time_period                                           datetime64[ns]     14  2020-09-04 12:00:00  2015-01-01 00:00:00  2018-08-16 00:00:00  2020-04-01 00:00:00  2023-05-16 18:00:00  2025-01-01 00:00:00          
response_rate                                                float64      2                0.675                  0.6               0.6375                0.675               0.7125                 0.75  0.106066
mean_days_to_respond                                         float64      2             1.593705             0.771283             1.182494             1.593705             2.004916             2.416127   1.16308
pos_sentiment_avg                                            float64     14             0.080397                  0.0              0.06277             0.094651             0.100982             0.112307  0.031118
neg_sentiment_avg                                            float64     14             0.071892                  0.0             0.039599             0.052914             0.093366                0.262   0.06513
ov_sentiment_avg                                             float64     14             0.066431               -0.148             0.037588               0.0773             0.112274               0.1591  0.074434
response_rate_issue_comment                                  float64      2             0.333333                  0.0             0.166667             0.333333                  0.5             0.666667  0.471405
response_rate_issue_opened                                   float64      2                  1.0                  1.0                  1.0                  1.0                  1.0                  1.0       0.0
response_rate_pull_request_comment                           float64      2                  0.0                  0.0                  0.0                  0.0                  0.0                  0.0       0.0
response_rate_pull_request_opened                            float64      2                 0.75                  0.5                0.625                 0.75                0.875                  1.0  0.353553
response_rate_pull_request_review_comment                    float64      1                  1.0                  1.0                  1.0                  1.0                  1.0                  1.0          
mean_days_to_respond_issue_opened                            float64      2             2.769508             0.492847             1.631178             2.769508             3.907839             5.046169  3.219685
mean_days_to_respond_pull_request_opened                     float64      2             2.159566              1.20765             1.683608             2.159566             2.635524             3.111481  1.346212
mean_days_to_respond_pull_request_review_comment             float64      1             1.584777             1.584777             1.584777             1.584777             1.584777             1.584777          
mean_days_to_respond_to_last_comment                         float64      2             2.624248             0.717932              1.67109             2.624248             3.577405             4.530563  2.695937
mean_days_to_respond_issue_comment                           float64      1               0.7318               0.7318               0.7318               0.7318               0.7318               0.7318          
pull_request_opened_pos_sentiment_avg                        float64     13             0.063394                  0.0             0.025744             0.039264             0.097328              0.14175  0.045626
pull_request_opened_neg_sentiment_avg                        float64     13             0.140771                  0.0             0.087333             0.118514             0.234696                0.262  0.079509
pull_request_opened_ov_sentiment_avg                         float64     13             0.005044               -0.148            -0.099738             0.010319              0.07955                0.148  0.102271
issue_opened_pos_sentiment_avg                               float64     13             0.090467             0.054775               0.0697             0.084417              0.09325               0.1648  0.029573
issue_opened_neg_sentiment_avg                               float64     13             0.022096                  0.0                  0.0              0.02379                0.036                0.054  0.018389
issue_opened_ov_sentiment_avg                                float64     13              0.16426             0.033993             0.093174             0.168483             0.221462              0.27045  0.087952
issue_comment_pos_sentiment_avg                              float64     12             0.057138             0.010167               0.0242             0.078179             0.084959             0.093933  0.034674
issue_comment_neg_sentiment_avg                              float64     12             0.024504                  0.0             0.018949             0.019525             0.028788             0.063578  0.018506
issue_comment_ov_sentiment_avg                               float64     12             0.088607             0.055433             0.064155             0.079271             0.091908             0.155096  0.034539
pull_request_comment_pos_sentiment_avg                       float64     11             0.136428                 0.11             0.126417               0.1365             0.148175                0.163  0.018796
pull_request_comment_neg_sentiment_avg                       float64     11             0.012289                  0.0             0.003379             0.006143             0.016214             0.032429   0.01156
pull_request_comment_ov_sentiment_avg                        float64     11             0.175592             0.129571             0.171336             0.174886             0.188774               0.2202  0.027067
pull_request_review_comment_pos_sentiment_avg                float64      6             0.085766             0.015357             0.074928             0.101113             0.101113             0.129698  0.039942
pull_request_review_comment_neg_sentiment_avg                float64      6             0.044104             0.009643             0.022305             0.057114             0.057114             0.072938   0.02699
pull_request_review_comment_ov_sentiment_avg                 float64      6             0.031029             0.009232             0.023885             0.023885             0.027548             0.076517  0.023249
pull_request_review_approved_pos_sentiment_avg               float64      3                0.574                0.574                0.574                0.574                0.574                0.574       0.0
pull_request_review_approved_neg_sentiment_avg               float64      3                  0.0                  0.0                  0.0                  0.0                  0.0                  0.0       0.0
pull_request_review_approved_ov_sentiment_avg                float64      3               0.6597               0.6597               0.6597               0.6597               0.6597               0.6597       0.0
pct_merged_with_approved                                     float64      1                  1.0                  1.0                  1.0                  1.0                  1.0                  1.0          
pct_merged_with_review                                       float64      1                  1.0                  1.0                  1.0                  1.0                  1.0                  1.0          
avg_pull_request_comment_count                               float64      2                  1.0                  1.0                  1.0                  1.0                  1.0                  1.0       0.0
avg_pull_request_review_comment_count                        float64      1                  4.0                  4.0                  4.0                  4.0                  4.0                  4.0          
avg_all_disc_count                                           float64      2                 3.25                  1.5                2.375                 3.25                4.125                  5.0  2.474874
avg_pull_request_review_count                                float64      1                  0.5                  0.5                  0.5                  0.5                  0.5                  0.5          
avg_pull_request_comment_exclude_opener_count                float64      2                 0.75                  0.5                0.625                 0.75                0.875                  1.0  0.353553
avg_pull_request_review_comment_exclude_opener_count         float64      1                  2.0                  2.0                  2.0                  2.0                  2.0                  2.0          
avg_all_disc_exclude_opener_count                            float64      2                  2.0                  1.0                  1.5                  2.0                  2.5                  3.0  1.414214
avg_pull_request_review_exclude_opener_count                 float64      1                  0.5                  0.5                  0.5                  0.5                  0.5                  0.5          
clustering_coefficient                                       float64      8                  0.0                  0.0                  0.0                  0.0                  0.0                  0.0       0.0

