File: drive/output/derived/org_outcomes_practices/repo_discussion_quality/important_degree_top3/rolling5/kibitzr___kibitzr.parquet

MD5 hash: 294db6ce3b5d609b6bdbec9e83e2df83

Keys: time_period 

                                                                type  count                 mean                  min                  25%                  50%                  75%                  max       std
time_period                                           datetime64[ns]     18  2020-09-30 16:00:00  2016-07-01 00:00:00  2018-08-16 00:00:00  2020-10-01 00:00:00  2022-11-16 00:00:00  2025-01-01 00:00:00          
response_rate                                                float64     10             0.557253                0.375                  0.5             0.517857             0.658963             0.688312  0.102444
mean_days_to_respond                                         float64     10             1.772495             0.118865             0.705427             0.820076             0.871169             9.339016  2.792423
pos_sentiment_avg                                            float64     16              0.15364             0.044663             0.093674             0.131094              0.22349              0.31322  0.090009
neg_sentiment_avg                                            float64     16             0.111312             0.071577             0.085037             0.109742             0.126254             0.174667  0.030116
ov_sentiment_avg                                             float64     16              0.05231            -0.073828             0.015714             0.056751             0.097393             0.129612  0.058272
response_rate_pull_request_comment                           float64     10             0.328279                  0.0             0.071429             0.353383             0.534439             0.647059  0.254503
response_rate_pull_request_opened                            float64     10                0.925                  0.5              0.90625                  1.0                  1.0                  1.0  0.158114
response_rate_pull_request_review_comment                    float64      6             0.433333                  0.0                  0.5                  0.5                  0.5                  0.6  0.216025
mean_days_to_respond_pull_request_opened                     float64     10              2.35256             0.003689             0.139976             1.116507             1.544175            13.990579  4.263049
mean_days_to_respond_to_last_comment                         float64     10             2.229731             0.118865             0.912732             1.428093             1.843001             9.339016  2.772816
mean_days_to_respond_pull_request_comment                    float64      7             1.114138             0.575426             0.665159             0.696747             1.707475             1.781522  0.581671
mean_days_to_respond_pull_request_review_comment             float64      5             0.259342             0.035891             0.315204             0.315204             0.315204             0.315204  0.124913
pull_request_opened_pos_sentiment_avg                        float64     16             0.044373             0.014104              0.03321             0.036883             0.046417             0.142267  0.028718
pull_request_opened_neg_sentiment_avg                        float64     16               0.2552             0.115505             0.240201             0.268607             0.294161             0.324478  0.056627
pull_request_opened_ov_sentiment_avg                         float64     16            -0.097849            -0.159914            -0.128495             -0.10064            -0.072998             0.044933  0.052098
pull_request_comment_pos_sentiment_avg                       float64     14             0.259641             0.060264             0.122736             0.209525             0.437557              0.50915  0.172805
pull_request_comment_neg_sentiment_avg                       float64     14             0.011713                  0.0              0.00158             0.007548             0.022596             0.034933  0.012051
pull_request_comment_ov_sentiment_avg                        float64     14              0.17622             0.078229             0.136641             0.188859             0.211618               0.2804  0.064671
pull_request_review_comment_pos_sentiment_avg                float64      9             0.116363              0.03725                0.051             0.152533             0.152533             0.168154  0.056431
pull_request_review_comment_neg_sentiment_avg                float64      9             0.041961                  0.0               0.0286               0.0286                0.033              0.10425  0.036647
pull_request_review_comment_ov_sentiment_avg                 float64      9             0.096658            -0.076825             0.090983             0.159278             0.159278             0.169785  0.101603
pct_merged_with_approved                                     float64      4             0.279487                  0.0                 0.25             0.358974             0.388462                  0.4  0.188492
pct_merged_with_review                                       float64      4             0.279487                  0.0                 0.25             0.358974             0.388462                  0.4  0.188492
avg_pull_request_comment_count                               float64     10             2.529314             0.571429             1.431818             2.936869             3.354701             4.428571  1.237716
avg_all_disc_count                                           float64     10             2.955258             1.454545             1.915584             3.358392             3.833333             4.428571  1.113056
avg_pull_request_review_comment_count                        float64      6             0.453413             0.181818             0.328869             0.469907             0.563552             0.722222  0.196907
avg_pull_request_review_count                                float64      3             0.512987             0.181818             0.269481             0.357143             0.678571                  1.0  0.430779
avg_pull_request_comment_exclude_opener_count                float64     10             2.214501                  0.5             1.272727              2.10101             2.844482             4.666667  1.237172
avg_all_disc_exclude_opener_count                            float64     10             2.520619             1.363636             1.643939             2.454545             3.107441             4.666667  1.048296
avg_pull_request_review_comment_exclude_opener_count         float64      6             0.249124             0.090909             0.190217              0.26505             0.305944             0.388889  0.106467
avg_pull_request_review_exclude_opener_count                 float64      3             0.522145             0.181818             0.283217             0.384615             0.692308                  1.0  0.426076
clustering_coefficient                                       float64     17             0.066022                  0.0                  0.0             0.098413             0.100533             0.162653  0.059934

