File: drive/output/derived/org_outcomes_practices/repo_discussion_quality/important_degree_top3/rolling5/kornicameister___loguru-mypy.parquet

MD5 hash: 51df7f8c272ce0c45809d618e973de7e

Keys: time_period 

                                                                type  count                 mean                  min                  25%                  50%                  75%                  max       std
time_period                                           datetime64[ns]      9  2021-12-31 05:20:00  2020-01-01 00:00:00  2021-01-01 00:00:00  2022-01-01 00:00:00  2023-01-01 00:00:00  2024-01-01 00:00:00          
response_rate                                                float64      3             0.620136              0.58209              0.59687              0.61165             0.639159             0.666667  0.042922
mean_days_to_respond                                         float64      3             2.444431             2.162427              2.33284             2.503254             2.585433             2.667612  0.257678
pos_sentiment_avg                                            float64      9             0.103842             0.031286             0.106657             0.113215             0.115139             0.133523  0.028856
neg_sentiment_avg                                            float64      9             0.078266             0.027571             0.080397             0.089399             0.092047             0.104535  0.027049
ov_sentiment_avg                                             float64      9             0.083549              -0.0163              0.08031             0.094316             0.099682             0.162673  0.047746
response_rate_issue_comment                                  float64      3             0.484848             0.454545             0.477273                  0.5                  0.5                  0.5  0.026243
response_rate_issue_opened                                   float64      3                  1.0                  1.0                  1.0                  1.0                  1.0                  1.0       0.0
response_rate_pull_request_comment                           float64      3             0.509259                 0.25             0.430556             0.611111             0.638889             0.666667  0.226237
response_rate_pull_request_opened                            float64      3             0.952381             0.857143             0.928571                  1.0                  1.0                  1.0  0.082479
response_rate_pull_request_review_comment                    float64      3             0.457895                  0.4             0.436842             0.473684             0.486842                  0.5  0.051836
mean_days_to_respond_issue_comment                           float64      3             0.939268             0.280984             0.321772              0.36256              1.26841              2.17426  1.070312
mean_days_to_respond_issue_opened                            float64      3             0.059053             0.000027             0.000027             0.000028             0.088566             0.177103  0.102235
mean_days_to_respond_pull_request_comment                    float64      3             5.315447             2.794633             2.868048             2.941464             6.575854            10.210243  4.239654
mean_days_to_respond_pull_request_opened                     float64      3             4.037212             0.463542             2.960496             5.457451             5.824048             6.190644  3.116526
mean_days_to_respond_pull_request_review_comment             float64      3             5.848536             3.015477             3.669893             4.324309             7.265065            10.205822  3.829845
mean_days_to_respond_to_last_comment                         float64      3             3.069484             2.649773              2.75339             2.857008             3.279339             3.701671  0.557209
issue_comment_pos_sentiment_avg                              float64      8             0.120054                  0.0             0.089295             0.127395             0.144177             0.240958  0.070916
issue_comment_neg_sentiment_avg                              float64      8             0.031716                  0.0             0.028635             0.034839             0.038628             0.051056  0.015237
issue_comment_ov_sentiment_avg                               float64      8             0.167929                  0.0             0.122499             0.176322             0.198403             0.348669  0.100926
issue_opened_pos_sentiment_avg                               float64      9             0.055256             0.018795             0.026083             0.032065             0.051034             0.160786  0.049445
issue_opened_neg_sentiment_avg                               float64      9             0.096712             0.033829             0.066651             0.070679             0.103643                0.193  0.055968
issue_opened_ov_sentiment_avg                                float64      9            -0.061449              -0.2732            -0.051052            -0.038867            -0.026012              0.01315  0.085363
pull_request_comment_pos_sentiment_avg                       float64      9              0.11636               0.0204             0.078621             0.146539             0.150395             0.169217  0.060515
pull_request_comment_neg_sentiment_avg                       float64      9             0.031628                  0.0              0.01835             0.045202             0.046392             0.050085  0.020488
pull_request_comment_ov_sentiment_avg                        float64      9             0.157838              0.03182             0.118295             0.192356             0.197418             0.257205  0.079964
pull_request_opened_pos_sentiment_avg                        float64      9             0.039457                  0.0             0.023038             0.038733             0.038733              0.14075  0.041327
pull_request_opened_neg_sentiment_avg                        float64      9              0.23199                  0.0             0.265625             0.304144             0.304144             0.324956  0.132689
pull_request_opened_ov_sentiment_avg                         float64      9            -0.105545            -0.149101             -0.14232            -0.140042            -0.098244                  0.0  0.061622
pull_request_review_comment_pos_sentiment_avg                float64      7             0.134772                  0.0             0.140417             0.152321             0.155948             0.198351   0.06296
pull_request_review_comment_neg_sentiment_avg                float64      7              0.02202                  0.0             0.020855             0.026368             0.026996              0.03207  0.010944
pull_request_review_comment_ov_sentiment_avg                 float64      7              0.13881                  0.0             0.128387             0.153056               0.1567             0.248441  0.074823
pull_request_review_approved_pos_sentiment_avg               float64      5              0.05225              0.05225              0.05225              0.05225              0.05225              0.05225       0.0
pull_request_review_approved_neg_sentiment_avg               float64      5              0.04475              0.04475              0.04475              0.04475              0.04475              0.04475       0.0
pull_request_review_approved_ov_sentiment_avg                float64      5              0.09165              0.09165              0.09165              0.09165              0.09165              0.09165       0.0
pct_merged_with_approved                                     float64      2             0.031905              0.02381             0.027857             0.031905             0.035952                 0.04  0.011448
pct_merged_with_review                                       float64      2             0.038571              0.02381              0.03119             0.038571             0.045952             0.053333  0.020876
avg_pull_request_comment_count                               float64      3             2.851852                  2.0             2.611111             3.222222             3.277778             3.333333  0.739814
avg_pull_request_review_comment_count                        float64      3             2.398148                  0.5             1.805556             3.111111             3.347222             3.583333  1.660715
avg_all_disc_count                                           float64      3             6.759259                  2.5             5.305556             8.111111             8.888889             9.666667  3.769735
avg_pull_request_review_count                                float64      2             2.263889             1.777778             2.020833             2.263889             2.506944                 2.75  0.687465
avg_pull_request_comment_exclude_opener_count                float64      3             1.780952                  1.0             1.571429             2.142857             2.171429                  2.2  0.676928
avg_pull_request_review_comment_exclude_opener_count         float64      3             1.644444             0.333333             1.166667                  2.0                  2.3                  2.6  1.174419
avg_all_disc_exclude_opener_count                            float64      3             4.701587             1.333333             3.452381             5.571429             6.385714                  7.2  3.028517
avg_pull_request_review_exclude_opener_count                 float64      2             1.914286             1.428571             1.671429             1.914286             2.157143                  2.4  0.686904
clustering_coefficient                                       float64      7             0.174131                  0.0             0.185326             0.185326             0.185326             0.292286  0.086515

