File: drive/output/derived/org_outcomes_practices/repo_discussion_quality/important_degree_top3/rolling5/ksneijders___aoe2scenarioparser.parquet

MD5 hash: 57f5b0cac304687f80edeabdcc50891c

Keys: time_period 

                                                                type  count                 mean                  min                  25%                  50%                  75%                  max        std
time_period                                           datetime64[ns]     10  2022-10-01 04:48:00  2020-07-01 00:00:00  2021-08-16 00:00:00  2022-10-01 00:00:00  2023-11-16 00:00:00  2025-01-01 00:00:00           
response_rate                                                float64      6             0.663353             0.490566             0.655631             0.693471             0.710372              0.74359   0.090666
mean_days_to_respond                                         float64      6            13.432224             0.050706             6.167962            18.123848            19.071538             22.72484   9.677755
pos_sentiment_avg                                            float64     10             0.138745              0.11629             0.128152              0.14436             0.146722             0.156198   0.012623
neg_sentiment_avg                                            float64     10             0.071928             0.043691             0.051917             0.058388             0.093576             0.111008   0.026275
ov_sentiment_avg                                             float64     10             0.120274             0.053443             0.085681              0.13588             0.157257             0.162685   0.043483
response_rate_issue_comment                                  float64      6             0.634489                  0.4                 0.62             0.692941             0.709365             0.710526   0.122398
response_rate_issue_opened                                   float64      5                  1.0                  1.0                  1.0                  1.0                  1.0                  1.0        0.0
response_rate_pull_request_comment                           float64      5             0.254141                  0.0             0.166667             0.181818             0.222222                  0.7   0.263286
response_rate_pull_request_opened                            float64      5             0.878827                 0.75             0.846154             0.888889             0.909091                  1.0   0.091329
response_rate_pull_request_review_comment                    float64      4              0.37437             0.285714             0.371429                  0.4             0.402941             0.411765   0.059363
mean_days_to_respond_issue_comment                           float64      6            17.733695             0.031674             7.662064            21.962685            24.018717            34.845876  13.496105
mean_days_to_respond_issue_opened                            float64      5             0.175828             0.079253             0.193599             0.193599             0.196223             0.216468   0.054831
mean_days_to_respond_to_last_comment                         float64      6            29.816237             0.045162            12.280045            39.685492            41.708555            53.953474  22.415898
mean_days_to_respond_pull_request_opened                     float64      5            27.829458             8.144325            21.624819            31.711448            34.843427            42.823274   13.37051
mean_days_to_respond_pull_request_comment                    float64      4             0.538185             0.485642             0.485642             0.485642             0.538185             0.695813   0.105086
mean_days_to_respond_pull_request_review_comment             float64      4             0.563423             0.175312             0.175312             0.175312             0.563423             1.727756   0.776222
issue_comment_pos_sentiment_avg                              float64     10             0.159285              0.08461             0.130579             0.160167              0.19262              0.22139   0.042185
issue_comment_neg_sentiment_avg                              float64     10             0.022457             0.014846             0.016983             0.025309             0.026334             0.028698   0.005234
issue_comment_ov_sentiment_avg                               float64     10             0.173964             0.100132             0.148903             0.173955             0.198739             0.242948   0.040875
issue_opened_pos_sentiment_avg                               float64     10             0.110129             0.048625             0.090809             0.128458             0.130278               0.1405   0.032499
issue_opened_neg_sentiment_avg                               float64     10             0.023124                  0.0              0.01081             0.011891             0.040377             0.055667   0.020496
issue_opened_ov_sentiment_avg                                float64     10             0.158809             0.005337             0.096888             0.203383             0.208865               0.2393    0.08429
pull_request_comment_pos_sentiment_avg                       float64     10             0.232438                0.076              0.23065             0.250667             0.277987             0.308107   0.070891
pull_request_comment_neg_sentiment_avg                       float64     10             0.007874                  0.0             0.001213             0.005176             0.007098             0.028046   0.009564
pull_request_comment_ov_sentiment_avg                        float64     10             0.224961             0.160675             0.168607             0.223407             0.263947             0.322359    0.05766
pull_request_opened_pos_sentiment_avg                        float64     10             0.030381               0.0117             0.020009             0.034181             0.041207             0.046571   0.013061
pull_request_opened_neg_sentiment_avg                        float64     10             0.244391               0.1417             0.174319               0.2342             0.304406             0.374286   0.086457
pull_request_opened_ov_sentiment_avg                         float64     10            -0.081348            -0.183743            -0.142631            -0.078757            -0.015704            -0.003619   0.070479
pull_request_review_comment_pos_sentiment_avg                float64      8             0.125437             0.022833             0.082542             0.141333             0.180833             0.180833   0.059727
pull_request_review_comment_neg_sentiment_avg                float64      8             0.009609                  0.0                  0.0                  0.0               0.0051              0.05647   0.020236
pull_request_review_comment_ov_sentiment_avg                 float64      8             0.146327             0.037717             0.091702             0.168067             0.211517             0.211517   0.070605
pull_request_review_commented_pos_sentiment_avg              float64      5                0.172                0.172                0.172                0.172                0.172                0.172        0.0
pull_request_review_commented_neg_sentiment_avg              float64      5                  0.0                  0.0                  0.0                  0.0                  0.0                  0.0        0.0
pull_request_review_commented_ov_sentiment_avg               float64      5               0.4404               0.4404               0.4404               0.4404               0.4404               0.4404        0.0
pct_merged_with_approved                                     float64      6             0.045707                  0.0                  0.0             0.041667             0.089015                  0.1   0.050347
pct_merged_with_review                                       float64      6             0.143765                  0.0             0.045455             0.190909             0.223077                 0.25   0.113844
avg_all_disc_count                                           float64      5                5.305                  1.5                  2.5                  2.5                2.625                 17.4   6.776531
avg_pull_request_comment_count                               float64      5                 1.52                 1.25                 1.25                  1.4                  1.5                  2.2   0.394652
avg_pull_request_review_count                                float64      4             2.277083                  0.5               0.5625             0.604167              2.31875                  7.4   3.415673
avg_pull_request_review_comment_count                        float64      4             2.454167                  0.6                 0.65             0.708333               2.5125                  7.8   3.564417
avg_all_disc_exclude_opener_count                            float64      5             3.056667                  1.5                  1.7                 1.75             1.833333                  8.5   3.045388
avg_pull_request_comment_exclude_opener_count                float64      5             1.381667             1.083333                1.125                  1.2                  1.5                  2.0   0.382172
avg_pull_request_review_exclude_opener_count                 float64      4             0.883333                  0.2               0.2375             0.291667               0.9375                 2.75   1.245659
avg_pull_request_review_comment_exclude_opener_count         float64      4             1.210417                  0.3              0.35625             0.395833                 1.25                 3.75   1.693744
clustering_coefficient                                       float64     10               0.0263                  0.0                  0.0                  0.0                  0.0             0.262999   0.083167

