File: drive/output/derived/org_outcomes_practices/repo_discussion_quality/important_degree_top3/rolling5/kul-optec___alpaqa.parquet

MD5 hash: 4e328897a19072326ae7f2d10d844458

Keys: time_period 

                                                         type  count                 mean                  min                  25%                  50%                  75%                  max       std
time_period                                    datetime64[ns]      6  2023-10-01 08:00:00  2022-07-01 00:00:00  2023-02-15 06:00:00  2023-10-01 00:00:00  2024-05-16 12:00:00  2025-01-01 00:00:00          
response_rate                                         float64      2             0.583333                  0.5             0.541667             0.583333                0.625             0.666667  0.117851
mean_days_to_respond                                  float64      2             1.965699             0.718432             1.342065             1.965699             2.589332             3.212966  1.763902
pos_sentiment_avg                                     float64      4             0.069987                  0.0                  0.0             0.060196             0.130183             0.159554   0.08238
neg_sentiment_avg                                     float64      4             0.257701              0.09878             0.205525             0.275429             0.327604             0.381167  0.120394
ov_sentiment_avg                                      float64      4            -0.136991            -0.293517            -0.292585            -0.168086            -0.012491             0.081726  0.187187
response_rate_issue_comment                           float64      2             0.541667                  0.5             0.520833             0.541667               0.5625             0.583333  0.058926
response_rate_pull_request_comment                    float64      2                  0.0                  0.0                  0.0                  0.0                  0.0                  0.0       0.0
response_rate_pull_request_opened                     float64      2                  1.0                  1.0                  1.0                  1.0                  1.0                  1.0       0.0
response_rate_issue_opened                            float64      1                  1.0                  1.0                  1.0                  1.0                  1.0                  1.0          
mean_days_to_respond_issue_comment                    float64      2             3.196783             1.280116             2.238449             3.196783             4.155117             5.113451  2.710577
mean_days_to_respond_pull_request_opened              float64      2             0.156748             0.156748             0.156748             0.156748             0.156748             0.156748       0.0
mean_days_to_respond_to_last_comment                  float64      2             3.305444             0.718432             2.011938             3.305444              4.59895             5.892456  3.658587
mean_days_to_respond_issue_opened                     float64      1             0.651172             0.651172             0.651172             0.651172             0.651172             0.651172          
issue_opened_pos_sentiment_avg                        float64      4             0.011888                  0.0                  0.0                  0.0             0.011888             0.047552  0.023776
issue_opened_neg_sentiment_avg                        float64      4             0.084892             0.053067             0.084892               0.0955               0.0955               0.0955  0.021217
issue_opened_ov_sentiment_avg                         float64      4            -0.223982             -0.28855             -0.28855             -0.28855            -0.223982            -0.030279  0.129136
pull_request_opened_pos_sentiment_avg                 float64      4             0.007484                  0.0                  0.0                  0.0             0.007484             0.029937  0.014969
pull_request_opened_neg_sentiment_avg                 float64      4             0.497781             0.419125             0.497781                0.524                0.524                0.524  0.052437
pull_request_opened_ov_sentiment_avg                  float64      4            -0.275561               -0.296               -0.296               -0.296            -0.275561            -0.214244  0.040878
issue_comment_pos_sentiment_avg                       float64      2             0.224679             0.220484             0.222582             0.224679             0.226777             0.228875  0.005933
issue_comment_neg_sentiment_avg                       float64      2              0.02038             0.010125             0.015252              0.02038             0.025507             0.030634  0.014502
issue_comment_ov_sentiment_avg                        float64      2             0.220183             0.186328             0.203255             0.220183              0.23711             0.254038  0.047878
pull_request_comment_pos_sentiment_avg                float64      2                0.385                0.385                0.385                0.385                0.385                0.385       0.0
pull_request_comment_neg_sentiment_avg                float64      2                  0.0                  0.0                  0.0                  0.0                  0.0                  0.0       0.0
pull_request_comment_ov_sentiment_avg                 float64      2               0.3612               0.3612               0.3612               0.3612               0.3612               0.3612       0.0
pct_merged_with_approved                              float64      2                  0.0                  0.0                  0.0                  0.0                  0.0                  0.0       0.0
pct_merged_with_review                                float64      2                  0.0                  0.0                  0.0                  0.0                  0.0                  0.0       0.0
avg_pull_request_comment_count                        float64      2                  1.0                  1.0                  1.0                  1.0                  1.0                  1.0       0.0
avg_all_disc_count                                    float64      2                  1.0                  1.0                  1.0                  1.0                  1.0                  1.0       0.0
avg_pull_request_comment_exclude_opener_count         float64      2                  1.0                  1.0                  1.0                  1.0                  1.0                  1.0       0.0
avg_all_disc_exclude_opener_count                     float64      2                  1.0                  1.0                  1.0                  1.0                  1.0                  1.0       0.0
clustering_coefficient                                float64      4                  0.0                  0.0                  0.0                  0.0                  0.0                  0.0       0.0

