File: drive/output/derived/org_outcomes_practices/repo_discussion_quality/important_degree_top3/rolling5/ladybug-tools___honeybee-schema.parquet

MD5 hash: c57ec821c19c144988f785ab544cfca9

Keys: time_period 

                                                                   type  count                 mean                  min                  25%                  50%                  75%                  max       std
time_period                                              datetime64[ns]     12  2022-04-01 12:00:00  2019-07-01 00:00:00  2020-11-16 00:00:00  2022-04-01 12:00:00  2023-08-16 00:00:00  2025-01-01 00:00:00          
response_rate                                                   float64      6             0.673756             0.614583             0.644338             0.655203             0.663666             0.810345  0.069222
mean_days_to_respond                                            float64      6             1.178156             0.572306             0.958854             1.126019             1.150475             2.182831  0.539588
pos_sentiment_avg                                               float64     12             0.093867             0.024575             0.071498             0.117503             0.119125             0.127615  0.038347
neg_sentiment_avg                                               float64     12             0.152869             0.030939             0.055854             0.084733                0.284             0.336208  0.122874
ov_sentiment_avg                                                float64     12             0.028932            -0.181333            -0.076809             0.094403             0.117939             0.176614  0.124515
response_rate_pull_request_comment                              float64      6             0.872449             0.857143             0.870356             0.873864             0.876442             0.883333  0.008805
response_rate_pull_request_opened                               float64      6             0.983543             0.977011             0.982909             0.985013             0.985609             0.986207  0.003478
response_rate_pull_request_review_comment                       float64      6              0.34221              0.30137              0.32748             0.327778             0.327778             0.441176  0.049613
mean_days_to_respond_pull_request_comment                       float64      6              1.24481             0.993668             1.146034               1.1852             1.244408             1.707667  0.243567
mean_days_to_respond_pull_request_opened                        float64      6             1.160479             0.441685             0.818173              1.19589             1.240201             2.182168  0.596702
mean_days_to_respond_pull_request_review_comment                float64      6              1.11403             0.364974             0.924538             0.924538             0.965887             2.565924  0.747644
mean_days_to_respond_to_last_comment                            float64      6             1.390825             0.708968             1.175465              1.37954             1.411924             2.346744  0.539969
pull_request_comment_pos_sentiment_avg                          float64     11             0.131607                  0.0             0.126932             0.139339             0.150262             0.198985  0.049252
pull_request_comment_neg_sentiment_avg                          float64     11             0.019256                  0.0             0.019878               0.0221             0.022398             0.025381  0.007075
pull_request_comment_ov_sentiment_avg                           float64     11             0.194525                  0.0             0.167265             0.182507             0.256122             0.295754  0.083745
pull_request_opened_pos_sentiment_avg                           float64     12             0.071858             0.003095             0.051612              0.09007             0.096741              0.11075  0.038175
pull_request_opened_neg_sentiment_avg                           float64     12             0.227325             0.013375              0.11233             0.169293             0.373492             0.456429  0.154102
pull_request_opened_ov_sentiment_avg                            float64     12              -0.0231            -0.269243            -0.164267             0.000112             0.072679             0.344738  0.178575
pull_request_review_comment_pos_sentiment_avg                   float64     11             0.108303             0.051875             0.092524             0.118041             0.120051               0.1503   0.02531
pull_request_review_comment_neg_sentiment_avg                   float64     11             0.028962             0.010714             0.014392             0.038082             0.038946               0.0477  0.014463
pull_request_review_comment_ov_sentiment_avg                    float64     11             0.094142             0.048362              0.05649             0.102956             0.106588             0.179883  0.038372
pull_request_review_approved_pos_sentiment_avg                  float64      9             0.225485             0.133375                 0.14             0.240361             0.260433             0.454333  0.104082
pull_request_review_approved_neg_sentiment_avg                  float64      9             0.019867                  0.0                  0.0             0.008722             0.052333             0.052333  0.024777
pull_request_review_approved_ov_sentiment_avg                   float64      9             0.211567             0.121067             0.121067             0.230778              0.25272               0.4116  0.096891
pull_request_review_changes_requested_pos_sentiment_avg         float64      8             0.226875                  0.0                  0.0                0.363                0.363                0.363   0.18787
pull_request_review_changes_requested_neg_sentiment_avg         float64      8             0.015417                  0.0                  0.0             0.024667             0.024667             0.024667  0.012766
pull_request_review_changes_requested_ov_sentiment_avg          float64      8                0.312                  0.0                  0.0               0.4992               0.4992               0.4992  0.258361
pull_request_review_commented_pos_sentiment_avg                 float64      5                0.131                0.131                0.131                0.131                0.131                0.131       0.0
pull_request_review_commented_neg_sentiment_avg                 float64      5               0.0328               0.0328               0.0328               0.0328               0.0328               0.0328       0.0
pull_request_review_commented_ov_sentiment_avg                  float64      5              0.12914              0.12914              0.12914              0.12914              0.12914              0.12914       0.0
pct_merged_with_approved                                        float64      5             0.079806             0.064516             0.074627             0.077922             0.081967                  0.1  0.013006
pct_merged_with_review                                          float64      5             0.105529             0.064516             0.103896             0.104478             0.114754                 0.14  0.027199
avg_pull_request_comment_count                                  float64      6              1.52263             1.174825             1.470294              1.48081             1.607378             1.882979  0.233663
avg_pull_request_review_comment_count                           float64      6             0.945614             0.244755             0.832857              0.86682             1.151276              1.62766  0.462542
avg_all_disc_count                                              float64      6             2.517607             1.517483             2.364394             2.403918             2.789829             3.510638  0.662001
avg_pull_request_review_count                                   float64      5             0.059235             0.021127             0.057269             0.058559             0.061321             0.097902  0.027185
avg_pull_request_comment_exclude_opener_count                   float64      6             1.211456              1.06383             1.188258             1.193908             1.247321             1.365591  0.099557
avg_pull_request_review_comment_exclude_opener_count            float64      6              0.68282             0.184397             0.601629              0.62651             0.835287              1.16129  0.328163
avg_all_disc_exclude_opener_count                               float64      6             1.925716             1.312057             1.831672             1.853215             2.101632             2.526882  0.405497
avg_pull_request_review_exclude_opener_count                    float64      5             0.037727             0.014286             0.035714              0.03653             0.038278              0.06383  0.017583
clustering_coefficient                                          float64     10             0.130845                  0.0                  0.0             0.095016             0.279605             0.279605  0.140485

