File: drive/output/derived/org_outcomes_practices/repo_discussion_quality/important_degree_top3/rolling5/lordmauve___flake8-html.parquet

MD5 hash: 0b9562601e90e849f2e7e6c9fc50b747

Keys: time_period 

                                                         type  count                 mean                  min                  25%                  50%                  75%                  max        std
time_period                                    datetime64[ns]     15  2020-10-31 03:12:00  2017-01-01 00:00:00  2018-10-01 00:00:00  2021-01-01 00:00:00  2022-10-01 00:00:00  2024-07-01 00:00:00           
response_rate                                         float64      3             0.633333                  0.5                 0.55                  0.6                  0.7                  0.8   0.152753
mean_days_to_respond                                  float64      3            15.152144             1.520616            10.745847            19.971078            21.967908            23.964738  11.972938
pos_sentiment_avg                                     float64     10             0.165125               0.0443             0.120967             0.158261              0.22392             0.277896   0.073675
neg_sentiment_avg                                     float64     10             0.029867             0.004356             0.009003             0.015465             0.043273              0.11275   0.034075
ov_sentiment_avg                                      float64     10             0.086439             0.012377             0.061662             0.077403             0.114675             0.156519   0.044278
response_rate_pull_request_comment                    float64      3             0.448413                 0.25             0.339286             0.428571             0.547619             0.666667   0.209041
response_rate_pull_request_opened                     float64      3                  1.0                  1.0                  1.0                  1.0                  1.0                  1.0        0.0
mean_days_to_respond_pull_request_comment             float64      3            29.011966             2.696128            17.880281            33.064433            42.169884            51.275336  24.541836
mean_days_to_respond_pull_request_opened              float64      3             5.844089             0.345104             3.611414             6.877724             8.593581            10.309439   5.061945
mean_days_to_respond_to_last_comment                  float64      3            20.115545             2.696806            14.320185            25.943565            28.824915            31.706265  15.357785
pull_request_comment_pos_sentiment_avg                float64     10             0.269877             0.083733             0.192342             0.252253             0.359469               0.4289   0.114079
pull_request_comment_neg_sentiment_avg                float64     10              0.01284                  0.0             0.003312             0.014307             0.020255             0.027583   0.009951
pull_request_comment_ov_sentiment_avg                 float64     10             0.145839              0.06114             0.111964             0.133784              0.18928             0.233967   0.052635
pull_request_opened_pos_sentiment_avg                 float64     10              0.02325             0.003476             0.009361             0.022288             0.026222             0.060523   0.018177
pull_request_opened_neg_sentiment_avg                 float64     10             0.063239             0.005167             0.006981             0.011663             0.102048                0.262   0.092497
pull_request_opened_ov_sentiment_avg                  float64     10             0.015166            -0.073932            -0.020955             0.018669             0.053909             0.081678   0.051706
pull_request_review_comment_pos_sentiment_avg         float64      2             0.165133             0.165133             0.165133             0.165133             0.165133             0.165133        0.0
pull_request_review_comment_neg_sentiment_avg         float64      2             0.046317             0.046317             0.046317             0.046317             0.046317             0.046317        0.0
pull_request_review_comment_ov_sentiment_avg          float64      2             0.070497             0.070497             0.070497             0.070497             0.070497             0.070497        0.0
pct_merged_with_approved                              float64      0                                                                                                                                         
pct_merged_with_review                                float64      0                                                                                                                                         
avg_pull_request_comment_count                        float64      3             1.527778             1.333333             1.416667                  1.5                1.625                 1.75   0.209718
avg_all_disc_count                                    float64      3             1.527778             1.333333             1.416667                  1.5                1.625                 1.75   0.209718
avg_pull_request_comment_exclude_opener_count         float64      3             1.361111                  1.0             1.166667             1.333333             1.541667                 1.75   0.375771
avg_all_disc_exclude_opener_count                     float64      3             1.361111                  1.0             1.166667             1.333333             1.541667                 1.75   0.375771
clustering_coefficient                                float64     14                  0.0                  0.0                  0.0                  0.0                  0.0                  0.0        0.0

