File: drive/output/derived/org_outcomes_practices/repo_discussion_quality/important_degree_top3/rolling5/louisabraham___pydivsufsort.parquet

MD5 hash: 63bcdc1bdd7488960284d6b42eda9c50

Keys: time_period 

                                                                type  count                 mean                  min                  25%                  50%                  75%                  max       std
time_period                                           datetime64[ns]     10  2022-08-25 14:24:00  2020-01-01 00:00:00  2021-08-16 00:00:00  2022-10-01 00:00:00  2023-11-16 00:00:00  2025-01-01 00:00:00          
response_rate                                                float64      4             0.879898             0.842105             0.876151             0.888194             0.891941             0.901099  0.025926
mean_days_to_respond                                         float64      4             1.522361             0.610635             0.645256              1.11172             1.988825             3.255368  1.236355
pos_sentiment_avg                                            float64      9             0.124303             0.110362             0.114595             0.121449             0.134195              0.14818  0.013305
neg_sentiment_avg                                            float64      9             0.029051             0.025686             0.027608             0.029085              0.02973             0.034745  0.002538
ov_sentiment_avg                                             float64      9             0.134453             0.113683             0.115813             0.132543             0.145278             0.168646  0.019789
response_rate_issue_comment                                  float64      4             0.868776             0.806452             0.857863             0.881944             0.892857             0.904762  0.043292
response_rate_issue_opened                                   float64      4                  1.0                  1.0                  1.0                  1.0                  1.0                  1.0       0.0
response_rate_pull_request_comment                           float64      3             0.891892             0.891892             0.891892             0.891892             0.891892             0.891892       0.0
response_rate_pull_request_opened                            float64      4                  1.0                  1.0                  1.0                  1.0                  1.0                  1.0       0.0
response_rate_pull_request_review_comment                    float64      3                  0.5                  0.5                  0.5                  0.5                  0.5                  0.5       0.0
mean_days_to_respond_issue_comment                           float64      4             2.595674             1.396731             1.897382             2.666198              3.36449             3.653569  1.047409
mean_days_to_respond_issue_opened                            float64      4             0.623411             0.066788             0.115188             0.144085             0.652308             2.138686  1.010894
mean_days_to_respond_pull_request_comment                    float64      3             0.085371             0.085371             0.085371             0.085371             0.085371             0.085371       0.0
mean_days_to_respond_pull_request_opened                     float64      4              0.11504              0.00044             0.106225             0.141486             0.150302             0.176748  0.078187
mean_days_to_respond_pull_request_review_comment             float64      3             0.094549             0.094549             0.094549             0.094549             0.094549             0.094549       0.0
mean_days_to_respond_to_last_comment                         float64      4             4.547365             0.153299             0.180414             3.417859              7.78481            11.200445  5.384176
issue_comment_pos_sentiment_avg                              float64      9             0.135575              0.11763             0.119114             0.126375             0.144581             0.182453  0.021968
issue_comment_neg_sentiment_avg                              float64      9              0.03062             0.022742             0.029754             0.030642             0.032792             0.035826  0.003626
issue_comment_ov_sentiment_avg                               float64      9             0.134696             0.110649             0.115537             0.122673             0.142966             0.192734   0.02892
issue_opened_pos_sentiment_avg                               float64      9              0.08552             0.071473              0.07819             0.080777              0.08783             0.110792  0.011983
issue_opened_neg_sentiment_avg                               float64      9             0.021674             0.014436             0.014624                 0.02             0.028125             0.032143  0.007633
issue_opened_ov_sentiment_avg                                float64      9             0.131267             0.094414             0.116945             0.141379              0.14208             0.182577  0.027049
pull_request_opened_pos_sentiment_avg                        float64      9              0.02596                  0.0                  0.0             0.044931             0.044931             0.053917  0.024791
pull_request_opened_neg_sentiment_avg                        float64      9             0.012462                  0.0                  0.0             0.021569             0.021569             0.025883  0.011901
pull_request_opened_ov_sentiment_avg                         float64      9             0.034577                  0.0                  0.0             0.059844             0.059844             0.071813   0.03302
pull_request_comment_pos_sentiment_avg                       float64      5             0.142327             0.142327             0.142327             0.142327             0.142327             0.142327       0.0
pull_request_comment_neg_sentiment_avg                       float64      5             0.028868             0.028868             0.028868             0.028868             0.028868             0.028868       0.0
pull_request_comment_ov_sentiment_avg                        float64      5             0.169206             0.169206             0.169206             0.169206             0.169206             0.169206       0.0
pull_request_review_comment_pos_sentiment_avg                float64      5             0.044857             0.044857             0.044857             0.044857             0.044857             0.044857       0.0
pull_request_review_comment_neg_sentiment_avg                float64      5                  0.0                  0.0                  0.0                  0.0                  0.0                  0.0       0.0
pull_request_review_comment_ov_sentiment_avg                 float64      5             0.103207             0.103207             0.103207             0.103207             0.103207             0.103207       0.0
pct_merged_with_approved                                     float64      4               0.1625                  0.0                 0.15                  0.2               0.2125                 0.25  0.110868
pct_merged_with_review                                       float64      4               0.1625                  0.0                 0.15                  0.2               0.2125                 0.25  0.110868
avg_pull_request_comment_count                               float64      4                7.825                  1.0                  7.3                  9.4                9.925                 11.5  4.656447
avg_pull_request_review_count                                float64      3             0.433333                  0.4                  0.4                  0.4                 0.45                  0.5  0.057735
avg_pull_request_review_comment_count                        float64      3             0.433333                  0.4                  0.4                  0.4                 0.45                  0.5  0.057735
avg_all_disc_count                                           float64      4                8.475                  1.0                  7.9                 10.2               10.775                 12.5  5.099918
avg_pull_request_comment_exclude_opener_count                float64      4               4.4125                  1.0                 4.15                  5.2               5.4625                 6.25  2.328224
avg_pull_request_review_exclude_opener_count                 float64      3             0.216667                  0.2                  0.2                  0.2                0.225                 0.25  0.028868
avg_pull_request_review_comment_exclude_opener_count         float64      3             0.216667                  0.2                  0.2                  0.2                0.225                 0.25  0.028868
avg_all_disc_exclude_opener_count                            float64      4               4.7375                  1.0                 4.45                  5.6               5.8875                 6.75  2.549959
clustering_coefficient                                       float64      8             0.101105                  0.0                  0.0             0.099625             0.203196             0.203196    0.0942

