File: drive/output/derived/org_outcomes_practices/repo_discussion_quality/important_degree_top3/rolling5/mahmoud___boltons.parquet

MD5 hash: df58461a4836b8dc26c4ab16b4b37f1d

Keys: time_period 

                                                                   type  count                           mean                  min                  25%                  50%                  75%                  max        std
time_period                                              datetime64[ns]     21  2019-12-31 17:08:34.285714176  2015-01-01 00:00:00  2017-07-01 00:00:00  2020-01-01 00:00:00  2022-07-01 00:00:00  2025-01-01 00:00:00           
response_rate                                                   float64     17                       0.564186             0.451613              0.51875             0.585366             0.613527             0.649746   0.060946
mean_days_to_respond                                            float64     17                      18.614762             7.998804            11.694962            18.396386            23.629993            34.483202   7.752045
pos_sentiment_avg                                               float64     20                       0.183354             0.131726             0.171992             0.181452             0.190818             0.247017   0.029024
neg_sentiment_avg                                               float64     20                       0.051473             0.027739             0.042745             0.048688             0.058953              0.07502   0.013272
ov_sentiment_avg                                                float64     20                       0.168792             0.128592             0.148236             0.175137             0.187249              0.19932   0.023805
response_rate_pull_request_comment                              float64     17                       0.541567             0.416667             0.488095             0.521277             0.608696             0.642336   0.076707
response_rate_pull_request_opened                               float64     17                       0.951333                  0.6                  1.0                  1.0                  1.0                  1.0    0.11287
response_rate_pull_request_review_comment                       float64     17                       0.276384                0.125             0.230769              0.27027             0.341463             0.413793   0.075384
mean_days_to_respond_pull_request_comment                       float64     17                      18.397808             8.323016            13.068321            17.460619            24.496929            30.579155   7.454967
mean_days_to_respond_pull_request_opened                        float64     17                      21.453993             1.526024            11.727987            22.932404            27.400652            45.574511  11.278634
mean_days_to_respond_pull_request_review_comment                float64     17                       9.460329             0.239325              0.32501             0.600363             1.260104            62.783067  20.958064
mean_days_to_respond_to_last_comment                            float64     17                      30.617093            17.463074            23.502743            29.630741            34.992908            47.238138   8.614025
pull_request_comment_pos_sentiment_avg                          float64     20                       0.272477             0.189968             0.225787              0.26026             0.295044             0.432374    0.06244
pull_request_comment_neg_sentiment_avg                          float64     20                       0.021447             0.004468              0.01839             0.022866             0.026513             0.035439   0.007999
pull_request_comment_ov_sentiment_avg                           float64     20                       0.275196             0.145811              0.24478              0.28471             0.298909             0.394353   0.057303
pull_request_opened_pos_sentiment_avg                           float64     20                       0.055953             0.037466             0.045772             0.047809             0.060052             0.103768   0.017383
pull_request_opened_neg_sentiment_avg                           float64     20                       0.112532             0.047111               0.0922             0.108841             0.135113             0.186796   0.033434
pull_request_opened_ov_sentiment_avg                            float64     20                       0.019184            -0.059422             0.000105              0.02474             0.040468             0.075886   0.034325
pull_request_review_comment_pos_sentiment_avg                   float64     20                       0.113125             0.072507             0.084197             0.112386             0.130601             0.199137   0.033213
pull_request_review_comment_neg_sentiment_avg                   float64     20                       0.040089             0.012744             0.025372              0.03832             0.051343             0.093732   0.021507
pull_request_review_comment_ov_sentiment_avg                    float64     20                       0.093843             0.010738             0.062746              0.08247             0.110983             0.210579   0.052395
pull_request_review_approved_pos_sentiment_avg                  float64      5                         0.1035              0.08625              0.08625              0.08625              0.08625               0.1725   0.038572
pull_request_review_approved_neg_sentiment_avg                  float64      5                         0.0942                  0.0              0.11775              0.11775              0.11775              0.11775   0.052659
pull_request_review_approved_ov_sentiment_avg                   float64      5                        0.10267               0.0408               0.0408               0.0408               0.0408              0.35015   0.138346
pull_request_review_changes_requested_pos_sentiment_avg         float64      5                       0.248193               0.1235              0.25925             0.286071             0.286071             0.286071   0.070666
pull_request_review_changes_requested_neg_sentiment_avg         float64      5                       0.066021             0.050786             0.050786             0.050786              0.05925               0.1185   0.029564
pull_request_review_changes_requested_ov_sentiment_avg          float64      5                       0.219255               0.0129              0.26055             0.274275             0.274275             0.274275   0.115509
pull_request_review_commented_pos_sentiment_avg                 float64      5                       0.255222             0.255222             0.255222             0.255222             0.255222             0.255222        0.0
pull_request_review_commented_neg_sentiment_avg                 float64      5                            0.0                  0.0                  0.0                  0.0                  0.0                  0.0        0.0
pull_request_review_commented_ov_sentiment_avg                  float64      5                       0.264689             0.264689             0.264689             0.264689             0.264689             0.264689        0.0
pct_merged_with_approved                                        float64      6                       0.023913                  0.0                  0.0                  0.0             0.032609                  0.1   0.041132
pct_merged_with_review                                          float64      6                        0.07523                  0.0             0.048797             0.062745             0.114493                 0.15   0.055726
avg_pull_request_comment_count                                  float64     17                         2.2918             1.380952                 2.16                 2.34             2.653061             2.877193   0.466581
avg_pull_request_review_comment_count                           float64     17                       0.609067             0.285714             0.419355             0.635135             0.754386                  1.0   0.210087
avg_all_disc_count                                              float64     17                       3.018085                  2.2             2.824561             3.020408             3.364865              3.54386   0.382865
avg_pull_request_review_count                                   float64      5                       0.398544                 0.02              0.16129                 0.24             0.571429                  1.0   0.392543
avg_pull_request_comment_exclude_opener_count                   float64     17                        1.67719                 0.95             1.518519              1.77551             1.979592             2.035714   0.352142
avg_pull_request_review_comment_exclude_opener_count            float64     17                       0.350653             0.169811              0.22449             0.301587             0.462963                 0.75   0.154677
avg_all_disc_exclude_opener_count                               float64     17                       2.116909                1.625                  2.0              2.15625             2.233333                 2.45   0.190037
avg_pull_request_review_exclude_opener_count                    float64      5                       0.302827             0.021277                  0.1             0.166667              0.47619                 0.75   0.303714
clustering_coefficient                                          float64     21                        0.09331                  0.0             0.021413             0.052236             0.150541             0.367385   0.095566

