File: drive/output/derived/org_outcomes_practices/repo_discussion_quality/important_degree_top3/rolling5/neoteroi___rodi.parquet

MD5 hash: 192287854d3fcd5c9dd8952f621482c7

Keys: time_period 

                                                                type  count                           mean                  min                  25%                  50%                  75%                  max        std
time_period                                           datetime64[ns]     14  2021-09-30 20:34:17.142857216  2018-07-01 00:00:00  2020-02-15 12:00:00  2021-10-01 00:00:00  2023-05-16 18:00:00  2025-01-01 00:00:00           
response_rate                                                float64      6                       0.598627                  0.5             0.602174             0.614693             0.626601             0.633803   0.049903
mean_days_to_respond                                         float64      6                       3.185581             0.263816             0.296904             1.211992             2.874422            13.005243   4.953032
pos_sentiment_avg                                            float64     14                       0.070195                  0.0              0.05349             0.058676             0.112012             0.126791   0.041688
neg_sentiment_avg                                            float64     14                       0.103323                  0.0             0.063618             0.102228             0.172273             0.191576   0.069941
ov_sentiment_avg                                             float64     14                       0.034156             -0.03967            -0.020476             0.016134             0.101592              0.11838   0.061701
response_rate_issue_comment                                  float64      6                       0.501388                  0.0             0.528846             0.620192             0.629934             0.636364   0.250932
response_rate_issue_opened                                   float64      6                            1.0                  1.0                  1.0                  1.0                  1.0                  1.0        0.0
response_rate_pull_request_comment                           float64      6                        0.12932                  0.0                  0.0                  0.0             0.288462             0.391304   0.200353
response_rate_pull_request_opened                            float64      6                            1.0                  1.0                  1.0                  1.0                  1.0                  1.0        0.0
response_rate_pull_request_review_comment                    float64      3                       0.333333                 0.25                 0.25                 0.25                0.375                  0.5   0.144338
mean_days_to_respond_issue_opened                            float64      6                      10.023861             0.763245             0.781749             0.818602             0.857027            56.103417  22.574314
mean_days_to_respond_pull_request_opened                     float64      6                       2.249292             0.001497             0.002373             1.947639             4.114404             5.408368   2.513401
mean_days_to_respond_to_last_comment                         float64      6                       4.530639             0.093273             0.259046             1.644562             4.011927            19.203182   7.399211
mean_days_to_respond_issue_comment                           float64      5                       0.877848             0.246646             0.495463             0.522865             0.533869             2.590395   0.964597
mean_days_to_respond_pull_request_review_comment             float64      3                       8.288715             8.288715             8.288715             8.288715             8.288715             8.288715        0.0
mean_days_to_respond_pull_request_comment                    float64      2                       2.312168             0.369574             1.340871             2.312168             3.283465             4.254762   2.747242
issue_opened_pos_sentiment_avg                               float64     14                       0.081087                  0.0             0.056128             0.096867             0.111229             0.146222   0.045478
issue_opened_neg_sentiment_avg                               float64     14                       0.042562                  0.0             0.011278              0.05176              0.06781             0.086646   0.031068
issue_opened_ov_sentiment_avg                                float64     14                       0.080768             -0.04264             0.008484             0.083722             0.150938             0.184457   0.077033
issue_comment_pos_sentiment_avg                              float64     13                       0.100608                  0.0             0.025286               0.0895             0.179329             0.227646   0.080533
issue_comment_neg_sentiment_avg                              float64     13                       0.018728                  0.0             0.014704             0.016872             0.020107             0.041738   0.009773
issue_comment_ov_sentiment_avg                               float64     13                       0.132906            -0.019186                  0.0             0.176843             0.268527             0.281168   0.133898
pull_request_opened_pos_sentiment_avg                        float64     11                       0.018766                  0.0                  0.0                  0.0             0.035804             0.054752   0.022247
pull_request_opened_neg_sentiment_avg                        float64     11                       0.372916             0.138366             0.270429             0.449143             0.473056                0.524   0.136504
pull_request_opened_ov_sentiment_avg                         float64     11                       -0.18203               -0.296            -0.267222            -0.253714            -0.101825             0.008042   0.110477
pull_request_comment_pos_sentiment_avg                       float64      9                       0.071906                  0.0                  0.0             0.046239             0.146141             0.159659   0.074842
pull_request_comment_neg_sentiment_avg                       float64      9                       0.011505                  0.0                  0.0             0.016755             0.018373             0.022844   0.009651
pull_request_comment_ov_sentiment_avg                        float64      9                       0.077054            -0.001725                  0.0             0.052162             0.155473             0.173886   0.081323
pull_request_review_comment_pos_sentiment_avg                float64      5                         0.1628             0.153167             0.153167             0.153167             0.153167             0.201333   0.021541
pull_request_review_comment_neg_sentiment_avg                float64      5                            0.0                  0.0                  0.0                  0.0                  0.0                  0.0        0.0
pull_request_review_comment_ov_sentiment_avg                 float64      5                       0.194867             0.180067             0.180067             0.180067             0.180067             0.254067   0.033094
pct_merged_with_approved                                     float64      6                            0.0                  0.0                  0.0                  0.0                  0.0                  0.0        0.0
pct_merged_with_review                                       float64      6                       0.077652                  0.0                  0.0             0.045455             0.163352               0.1875   0.092085
avg_pull_request_comment_count                               float64      6                       1.239869                  1.0                  1.0                  1.0             1.529412             1.733333   0.371705
avg_all_disc_count                                           float64      6                       1.490523                  1.0                  1.0                 1.25             2.007353             2.266667   0.599141
avg_pull_request_review_count                                float64      3                       0.250654             0.235294             0.242647                 0.25             0.258333             0.266667   0.015696
avg_pull_request_review_comment_count                        float64      3                       0.250654             0.235294             0.242647                 0.25             0.258333             0.266667   0.015696
avg_pull_request_comment_exclude_opener_count                float64      6                       1.177124                  1.0                  1.0                  1.0             1.397059             1.533333   0.274402
avg_all_disc_exclude_opener_count                            float64      6                       1.385948                  1.0                  1.0                 1.25             1.786765             1.933333   0.448536
avg_pull_request_review_exclude_opener_count                 float64      3                       0.208824             0.176471             0.188235                  0.2                0.225                 0.25    0.03755
avg_pull_request_review_comment_exclude_opener_count         float64      3                       0.208824             0.176471             0.188235                  0.2                0.225                 0.25    0.03755
clustering_coefficient                                       float64      9                       0.136491                  0.0                  0.0             0.122795             0.225659             0.337713   0.142975

