File: drive/output/derived/org_outcomes_practices/repo_discussion_quality/important_degree_top3/rolling5/netbox-community___netbox-bgp.parquet

MD5 hash: fe3269c09038413e8908e6aa69ecd7af

Keys: time_period 

                                                          type  count                 mean                  min                  25%                  50%                  75%                  max        std
time_period                                     datetime64[ns]      9  2022-12-31 13:20:00  2021-01-01 00:00:00  2022-01-01 00:00:00  2023-01-01 00:00:00  2024-01-01 00:00:00  2025-01-01 00:00:00           
response_rate                                          float64      9             0.672213             0.632479             0.653846             0.671429             0.688889             0.716981   0.026436
mean_days_to_respond                                   float64      9            36.143111               27.553            31.360199            37.207927            38.973359            46.845058   5.722513
pos_sentiment_avg                                      float64      9               0.1106             0.099138             0.102972             0.111779             0.115408             0.119752   0.007433
neg_sentiment_avg                                      float64      9             0.052395             0.028161             0.047988             0.054849              0.05802             0.069423   0.011325
ov_sentiment_avg                                       float64      9              0.11443             0.090519             0.100486             0.113987             0.125257             0.149281   0.020248
response_rate_issue_comment                            float64      9             0.607597             0.589041             0.596154             0.604651             0.623529             0.633333   0.015738
response_rate_issue_opened                             float64      9                  1.0                  1.0                  1.0                  1.0                  1.0                  1.0        0.0
response_rate_pull_request_comment                     float64      9             0.505396             0.416667             0.454545             0.538462             0.555556             0.555556   0.060743
response_rate_pull_request_opened                      float64      9             0.947531                 0.75                  1.0                  1.0                  1.0                  1.0   0.104347
mean_days_to_respond_issue_comment                     float64      9            44.618521            29.608429            34.505297            47.706689            50.212337            68.993869  12.775617
mean_days_to_respond_issue_opened                      float64      9            30.835835            17.473978            26.241939            29.329224            36.528508              42.5086    7.84647
mean_days_to_respond_pull_request_comment              float64      9             2.354702             0.159537             0.159537             2.912375              4.21381             5.665213   2.227252
mean_days_to_respond_pull_request_opened               float64      9            32.428269             0.278808             9.032528            10.520339            72.739487            88.726304  37.429618
mean_days_to_respond_to_last_comment                   float64      9            62.123971            35.589848            45.745108            54.397842            67.929316           117.192733  27.093829
issue_comment_pos_sentiment_avg                        float64      9             0.125662             0.107957             0.116814             0.131357             0.133449             0.140894   0.011513
issue_comment_neg_sentiment_avg                        float64      9             0.016945             0.008123             0.014262              0.01691             0.020966             0.023094   0.005007
issue_comment_ov_sentiment_avg                         float64      9             0.142219             0.118232             0.127731              0.15024             0.152969             0.154903   0.014192
issue_opened_pos_sentiment_avg                         float64      9             0.131363             0.107189             0.114933             0.138877             0.141293             0.149865   0.016486
issue_opened_neg_sentiment_avg                         float64      9             0.024199             0.010711             0.016256              0.02378             0.033621             0.037246   0.010504
issue_opened_ov_sentiment_avg                          float64      9             0.194219             0.110464             0.122575             0.203623             0.246542             0.285234   0.069348
pull_request_comment_pos_sentiment_avg                 float64      9              0.10336             0.087704             0.092531             0.106298             0.115088             0.122281   0.013181
pull_request_comment_neg_sentiment_avg                 float64      9             0.023666             0.018062             0.021884             0.022431             0.026397             0.030813   0.003883
pull_request_comment_ov_sentiment_avg                  float64      9             0.091902             0.065031             0.080994             0.092566             0.107373              0.11082   0.017737
pull_request_opened_pos_sentiment_avg                  float64      9             0.049238             0.031443             0.037599              0.04665             0.061135              0.07775   0.015503
pull_request_opened_neg_sentiment_avg                  float64      9             0.209762               0.1048             0.180851             0.230182             0.240128             0.274748   0.052749
pull_request_opened_ov_sentiment_avg                   float64      9            -0.057798            -0.108927            -0.094575            -0.067614            -0.021981             0.025443   0.050562
pull_request_review_comment_pos_sentiment_avg          float64      7                  0.0                  0.0                  0.0                  0.0                  0.0                  0.0        0.0
pull_request_review_comment_neg_sentiment_avg          float64      7             0.081714                  0.0                  0.0                  0.0                0.143                0.286   0.139554
pull_request_review_comment_ov_sentiment_avg           float64      7            -0.097486              -0.3412              -0.1706                  0.0                  0.0                  0.0   0.166489
pull_request_review_approved_pos_sentiment_avg         float64      2                  0.0                  0.0                  0.0                  0.0                  0.0                  0.0        0.0
pull_request_review_approved_neg_sentiment_avg         float64      2                  0.0                  0.0                  0.0                  0.0                  0.0                  0.0        0.0
pull_request_review_approved_ov_sentiment_avg          float64      2                  0.0                  0.0                  0.0                  0.0                  0.0                  0.0        0.0
pct_merged_with_approved                               float64      9             0.010724                  0.0                  0.0                  0.0                  0.0                 0.05   0.021297
pct_merged_with_review                                 float64      9             0.010724                  0.0                  0.0                  0.0                  0.0                 0.05   0.021297
avg_pull_request_comment_count                         float64      9             1.577808             1.333333             1.454545                  1.5             1.692308             1.833333   0.174835
avg_all_disc_count                                     float64      9             1.633364             1.454545                  1.5             1.666667             1.692308             1.833333   0.131791
avg_pull_request_review_count                          float64      2                 0.25                 0.25                 0.25                 0.25                 0.25                 0.25        0.0
avg_pull_request_comment_exclude_opener_count          float64      9             1.299295                  1.0             1.285714             1.333333             1.444444                  1.5   0.184812
avg_all_disc_exclude_opener_count                      float64      9             1.369665             1.285714                  1.3             1.333333             1.444444                  1.5   0.079593
avg_pull_request_review_exclude_opener_count           float64      2             0.316667                  0.3             0.308333             0.316667                0.325             0.333333    0.02357
clustering_coefficient                                 float64      9             0.078416             0.030454              0.06095              0.06864             0.096263              0.13391   0.034908

