File: drive/output/derived/org_outcomes_practices/repo_discussion_quality/important_degree_top3/rolling5/nextdoor___ndserviceregistry.parquet

MD5 hash: bb0c9369f26aa9f117cb46a68b4fe724

Keys: time_period 

                                                                type  count                 mean                  min                  25%                  50%                  75%                  max         std
time_period                                           datetime64[ns]     15  2018-09-25 04:48:00  2015-01-01 00:00:00  2016-10-01 00:00:00  2018-07-01 00:00:00  2020-10-01 00:00:00  2023-01-01 00:00:00            
response_rate                                                float64      3             0.609127             0.535714             0.580357                0.625             0.645833             0.666667    0.066904
mean_days_to_respond                                         float64      3            41.786231            17.331128            31.112491            44.893853            54.013783            63.133712   23.058884
pos_sentiment_avg                                            float64      7             0.079372               0.0125             0.061659             0.097316             0.100401             0.121667    0.041556
neg_sentiment_avg                                            float64      7             0.111497             0.052982             0.054017             0.057847              0.18081                  0.2     0.07113
ov_sentiment_avg                                             float64      7             0.005575            -0.084071            -0.019562             0.032867             0.040765             0.047822    0.056095
response_rate_pull_request_comment                           float64      3             0.722222                  0.5             0.583333             0.666667             0.833333                  1.0    0.254588
response_rate_pull_request_opened                            float64      3                  1.0                  1.0                  1.0                  1.0                  1.0                  1.0         0.0
response_rate_pull_request_review_comment                    float64      2                 0.25                 0.25                 0.25                 0.25                 0.25                 0.25         0.0
mean_days_to_respond_pull_request_comment                    float64      3            68.019039            34.012928            56.936043            79.859158            85.022095            90.185031   29.899291
mean_days_to_respond_pull_request_opened                     float64      3              2.54328               0.0275             0.338414             0.649329              3.80117             6.953012    3.831575
mean_days_to_respond_pull_request_review_comment             float64      2             1.124014             0.007199             0.565607             1.124014             1.682422             2.240829    1.579415
mean_days_to_respond_to_last_comment                         float64      3           152.339016            34.012928            70.809094            107.60526            211.50206            315.39886  145.929237
issue_opened_pos_sentiment_avg                               float64      4             0.036547               0.0222             0.036547             0.041329             0.041329             0.041329    0.009565
issue_opened_neg_sentiment_avg                               float64      4             0.034844             0.028558             0.028558             0.028558             0.034844               0.0537    0.012571
issue_opened_ov_sentiment_avg                                float64      4             0.038752             -0.05249             0.038752             0.069165             0.069165             0.069165    0.060828
pull_request_comment_pos_sentiment_avg                       float64      7             0.116673                  0.0             0.081111             0.150836             0.163847             0.175959    0.069351
pull_request_comment_neg_sentiment_avg                       float64      7             0.051473                  0.0             0.018308             0.025867             0.048916                  0.2    0.068567
pull_request_comment_ov_sentiment_avg                        float64      7             0.087021                  0.0             0.021911             0.121196              0.14619             0.151747    0.069176
pull_request_opened_pos_sentiment_avg                        float64      6             0.042283                  0.0              0.01875             0.034875             0.057804             0.105125    0.038045
pull_request_opened_neg_sentiment_avg                        float64      6             0.252897                0.131             0.155952             0.221833                0.269                0.524    0.145355
pull_request_opened_ov_sentiment_avg                         float64      6            -0.075182               -0.296            -0.126106            -0.065267             0.025368              0.06625    0.135028
pull_request_review_comment_pos_sentiment_avg                float64      4             0.054744             0.051904             0.051904             0.053043             0.055883             0.060987    0.004298
pull_request_review_comment_neg_sentiment_avg                float64      4             0.059825             0.045773             0.057588             0.063763                0.066                0.066    0.009602
pull_request_review_comment_ov_sentiment_avg                 float64      4             -0.05672            -0.067569            -0.067569            -0.059339             -0.04849            -0.040634    0.013237
issue_comment_pos_sentiment_avg                              float64      3               0.1185               0.1185               0.1185               0.1185               0.1185               0.1185         0.0
issue_comment_neg_sentiment_avg                              float64      3                0.049                0.049                0.049                0.049                0.049                0.049         0.0
issue_comment_ov_sentiment_avg                               float64      3               0.0895               0.0895               0.0895               0.0895               0.0895               0.0895         0.0
avg_pull_request_comment_count                               float64      3                 5.75                  2.0                3.125                 4.25                7.625                 11.0    4.683748
avg_pull_request_review_comment_count                        float64      2                6.125                 3.25               4.6875                6.125               7.5625                  9.0    4.065864
avg_all_disc_count                                           float64      3             9.833333                  2.0                 4.75                  7.5                13.75                 20.0    9.224063
avg_pull_request_comment_exclude_opener_count                float64      3             3.166667                  2.0                 2.25                  2.5                 3.75                  5.0    1.607275
avg_pull_request_review_comment_exclude_opener_count         float64      2                2.875                 1.75               2.3125                2.875               3.4375                  4.0     1.59099
avg_all_disc_exclude_opener_count                            float64      3             5.083333                  2.0                3.125                 4.25                6.625                  9.0     3.57363
clustering_coefficient                                       float64     14             0.282727                  0.0                  0.0             0.419974             0.479993                  0.5     0.22598

