File: drive/output/derived/org_outcomes_practices/repo_discussion_quality/important_degree_top3/rolling5/nirum___tableprint.parquet

MD5 hash: 64e6c6dd70902218d06bfa266317d81c

Keys: time_period 

                                                                type  count                           mean                  min                  25%                  50%                  75%                  max       std
time_period                                           datetime64[ns]     11  2019-12-31 15:16:21.818181888  2017-01-01 00:00:00  2018-10-01 00:00:00  2020-01-01 00:00:00  2021-04-01 12:00:00  2023-07-01 00:00:00          
response_rate                                                float64      3                        0.63474                0.625             0.630682             0.636364              0.63961             0.642857  0.009039
mean_days_to_respond                                         float64      3                       4.324977             3.249832             3.651128             4.052424              4.86255             5.672676  1.234203
pos_sentiment_avg                                            float64      7                       0.122712                  0.0             0.079495             0.167246             0.173481             0.185783  0.084234
neg_sentiment_avg                                            float64      7                        0.07436                  0.0             0.022976             0.048333             0.082118                0.262  0.090097
ov_sentiment_avg                                             float64      7                       0.076736               -0.148             0.057216             0.134008              0.14185              0.15301   0.11212
response_rate_pull_request_comment                           float64      3                            0.5                  0.5                  0.5                  0.5                  0.5                  0.5       0.0
response_rate_pull_request_opened                            float64      3                            1.0                  1.0                  1.0                  1.0                  1.0                  1.0       0.0
response_rate_pull_request_review_comment                    float64      3                            0.5                  0.5                  0.5                  0.5                  0.5                  0.5       0.0
mean_days_to_respond_pull_request_comment                    float64      3                       0.076408             0.003316             0.003357             0.003399             0.112954             0.222509  0.126527
mean_days_to_respond_pull_request_opened                     float64      3                       0.000157             0.000017             0.000018             0.000019             0.000227             0.000434   0.00024
mean_days_to_respond_pull_request_review_comment             float64      3                      28.356713            28.356713            28.356713            28.356713            28.356713            28.356713       0.0
mean_days_to_respond_to_last_comment                         float64      3                       7.465175              5.84935             6.470538             7.091727             8.273088             9.454448  1.831333
pull_request_comment_pos_sentiment_avg                       float64      6                       0.186659                  0.0             0.207832             0.220937             0.232539             0.238212  0.092265
pull_request_comment_neg_sentiment_avg                       float64      6                       0.004516                  0.0             0.002926             0.004498             0.006504             0.008524  0.003093
pull_request_comment_ov_sentiment_avg                        float64      6                       0.143811                  0.0             0.158645             0.169515             0.180139             0.185131  0.071302
pull_request_opened_pos_sentiment_avg                        float64      7                       0.058271                  0.0             0.034292             0.069667             0.081152             0.107344  0.042118
pull_request_opened_neg_sentiment_avg                        float64      7                       0.187654                  0.0             0.055646             0.154286                0.262                0.524  0.188129
pull_request_opened_ov_sentiment_avg                         float64      7                      -0.021961               -0.296            -0.025267             0.013289             0.047633             0.084254   0.12946
pull_request_review_comment_pos_sentiment_avg                float64      4                       0.100167             0.100167             0.100167             0.100167             0.100167             0.100167       0.0
pull_request_review_comment_neg_sentiment_avg                float64      4                       0.017167             0.017167             0.017167             0.017167             0.017167             0.017167       0.0
pull_request_review_comment_ov_sentiment_avg                 float64      4                       0.270117             0.270117             0.270117             0.270117             0.270117             0.270117       0.0
avg_pull_request_comment_count                               float64      3                       1.738889             1.666667             1.708333                 1.75                1.775                  1.8  0.067358
avg_pull_request_review_comment_count                        float64      3                       0.522222                  0.4                 0.45                  0.5             0.583333             0.666667  0.134715
avg_all_disc_count                                           float64      3                       2.261111                  2.2                2.225                 2.25             2.291667             2.333333  0.067358
avg_pull_request_comment_exclude_opener_count                float64      3                       1.216667                  1.0                1.125                 1.25                1.325                  1.4  0.202073
avg_pull_request_review_comment_exclude_opener_count         float64      3                       0.261111                  0.2                0.225                 0.25             0.291667             0.333333  0.067358
avg_all_disc_exclude_opener_count                            float64      3                       1.477778             1.333333             1.416667                  1.5                 1.55                  1.6  0.134715
clustering_coefficient                                       float64      8                       0.321028                  0.0              0.23249             0.338732             0.421441             0.629961   0.23143

