File: drive/output/derived/org_outcomes_practices/repo_discussion_quality/important_degree_top3/rolling5/oca___website.parquet

MD5 hash: 5b02ccff0e17e922bda7b9943dd74be2

Keys: time_period 

                                                                   type  count                           mean                  min                  25%                  50%                  75%                  max        std
time_period                                              datetime64[ns]     21  2019-12-31 17:08:34.285714176  2015-01-01 00:00:00  2017-07-01 00:00:00  2020-01-01 00:00:00  2022-07-01 00:00:00  2025-01-01 00:00:00           
response_rate                                                   float64     21                       0.658207             0.493519             0.561331             0.647059             0.789474             0.829932   0.112872
mean_days_to_respond                                            float64     21                       41.31016            11.974732            23.197066            29.664499            57.176468            81.962028  22.495181
pos_sentiment_avg                                               float64     21                       0.105911             0.093104             0.097802             0.108959              0.11314             0.115216   0.008059
neg_sentiment_avg                                               float64     21                        0.04557             0.029659             0.040203             0.042494             0.046681             0.067787   0.009753
ov_sentiment_avg                                                float64     21                       0.076618             0.052537             0.067484             0.082204             0.085922             0.091072   0.011618
response_rate_issue_comment                                     float64     21                       0.772591               0.5625                 0.75             0.767677             0.821429                  1.0   0.109113
response_rate_pull_request_comment                              float64     21                       0.861719             0.776119             0.827957             0.863636             0.874346             0.947368   0.052179
response_rate_pull_request_opened                               float64     20                        0.96779             0.885714             0.951818             0.987013                  1.0                  1.0   0.041287
response_rate_pull_request_review_comment                       float64     21                       0.287911              0.14218             0.213235             0.259484             0.363636                 0.48   0.102901
response_rate_issue_opened                                      float64     11                            1.0                  1.0                  1.0                  1.0                  1.0                  1.0        0.0
mean_days_to_respond_issue_comment                              float64     21                      88.142051            27.860345            53.612849            67.094672           131.716958           184.643797   48.59219
mean_days_to_respond_pull_request_comment                       float64     21                      43.193768            12.392074            21.864631            30.992798             68.36249            93.506994  25.062946
mean_days_to_respond_pull_request_opened                        float64     20                      19.887179             0.000058              4.04627            14.786948            28.184072            69.712384  20.947686
mean_days_to_respond_pull_request_review_comment                float64     21                       5.656014             0.034451             4.044944             5.676945             6.572564             13.11228   3.153733
mean_days_to_respond_to_last_comment                            float64     21                       75.06973            21.534688            35.156273            57.344521           112.918265           152.135333  44.196466
mean_days_to_respond_issue_opened                               float64     11                      77.470638             0.620544            20.283925             30.09035           138.365512           196.166194   71.02971
issue_comment_pos_sentiment_avg                                 float64     21                       0.097039             0.070883             0.078561             0.094361             0.110972             0.125226   0.017518
issue_comment_neg_sentiment_avg                                 float64     21                       0.033634             0.028009             0.032211              0.03424              0.03553             0.037692   0.002459
issue_comment_ov_sentiment_avg                                  float64     21                       0.071647             0.042226              0.05049             0.064878             0.089668             0.112262   0.022935
issue_opened_pos_sentiment_avg                                  float64     21                       0.072013             0.044281             0.057564             0.075182             0.081627             0.097202   0.014489
issue_opened_neg_sentiment_avg                                  float64     21                       0.037058             0.028145              0.03284             0.036288             0.038217             0.054583   0.006901
issue_opened_ov_sentiment_avg                                   float64     21                       0.045925            -0.017296             0.035668             0.047827             0.060274             0.078951   0.021519
pull_request_comment_pos_sentiment_avg                          float64     21                        0.12738             0.115755             0.120313             0.129559             0.133984             0.136012   0.007307
pull_request_comment_neg_sentiment_avg                          float64     21                           0.03             0.018875             0.025951             0.031519             0.034696             0.037532   0.005749
pull_request_comment_ov_sentiment_avg                           float64     21                       0.107738             0.090108             0.100206             0.111206             0.113034             0.121636   0.008336
pull_request_opened_pos_sentiment_avg                           float64     21                       0.047096              0.02611             0.037268             0.049941             0.056252             0.064761   0.012154
pull_request_opened_neg_sentiment_avg                           float64     21                        0.13017             0.085541             0.093587              0.12058             0.127859             0.225734   0.044957
pull_request_opened_ov_sentiment_avg                            float64     21                      -0.013908            -0.068948            -0.044298            -0.007979              0.01589             0.034924   0.032343
pull_request_review_comment_pos_sentiment_avg                   float64     21                       0.091883             0.068934             0.076363             0.082375             0.106094             0.145372   0.020047
pull_request_review_comment_neg_sentiment_avg                   float64     21                       0.041166             0.025817             0.038077             0.041207             0.045181             0.049855   0.005916
pull_request_review_comment_ov_sentiment_avg                    float64     21                       0.066528             0.037482             0.047961             0.063401             0.082287              0.11543   0.021856
pull_request_review_approved_pos_sentiment_avg                  float64     10                       0.215966             0.174866             0.203748              0.21705             0.227584             0.260533   0.026184
pull_request_review_approved_neg_sentiment_avg                  float64     10                       0.003924                  0.0             0.001438             0.003238              0.00681              0.00761   0.002945
pull_request_review_approved_ov_sentiment_avg                   float64     10                       0.150668              0.12294             0.130887             0.148954              0.16536             0.191356   0.023002
pull_request_review_changes_requested_pos_sentiment_avg         float64     10                       0.147436             0.121283             0.133254             0.144382             0.157396             0.191556   0.021595
pull_request_review_changes_requested_neg_sentiment_avg         float64     10                       0.025341                  0.0             0.019661              0.02132             0.026494               0.0511   0.014924
pull_request_review_changes_requested_ov_sentiment_avg          float64     10                       0.180765             0.109522             0.127283              0.16613             0.222209             0.317322   0.069896
pull_request_review_commented_pos_sentiment_avg                 float64     10                       0.109336             0.061357             0.084217                0.092             0.103355                 0.25   0.054286
pull_request_review_commented_neg_sentiment_avg                 float64     10                       0.047545               0.0058             0.039092             0.045433             0.060835             0.087321   0.021887
pull_request_review_commented_ov_sentiment_avg                  float64     10                       0.035304              -0.0077              0.02455             0.033505             0.040767             0.082058   0.023671
pct_merged_with_approved                                        float64     10                       0.308023                0.225               0.2375                 0.25             0.404412             0.433962   0.089267
pct_merged_with_review                                          float64     10                       0.410654                0.325                 0.35             0.367308             0.496324             0.528302   0.081926
avg_pull_request_comment_count                                  float64     21                       2.831292             1.604317             2.098446             2.497585                  3.5                 4.64   0.981566
avg_pull_request_review_comment_count                           float64     21                       1.648943             0.115108             0.161972             2.210526             2.480159             3.285024    1.15494
avg_all_disc_count                                              float64     21                       4.629902             2.151079             3.088889             4.838565             6.077922                 6.91   1.705889
avg_pull_request_review_count                                   float64     10                         0.3143             0.036269             0.282382             0.362586              0.38669             0.431655   0.125337
avg_pull_request_comment_exclude_opener_count                   float64     21                        2.52431             1.557971             1.921053             2.224852             2.995851             3.928571   0.787329
avg_pull_request_review_comment_exclude_opener_count            float64     21                       1.579507             0.101449             0.146341             2.121622             2.340249             3.177665   1.110789
avg_all_disc_exclude_opener_count                               float64     21                       4.248129              2.07971             2.917293             4.536697             5.485714             6.102041    1.44969
avg_pull_request_review_exclude_opener_count                    float64     10                       0.303058             0.031579             0.273185             0.338895             0.378992             0.420732   0.123098
clustering_coefficient                                          float64     21                       0.181739                  0.0                  0.0             0.207962             0.266335             0.593504    0.16266

