File: drive/output/derived/org_outcomes_practices/repo_discussion_quality/important_degree_top3/rolling5/olofk___fusesoc.parquet

MD5 hash: ae1b1d1e4ab972a82749ea5950122adc

Keys: time_period 

                                                                type  count                           mean                  min                  25%                  50%                  75%                  max        std
time_period                                           datetime64[ns]     21  2019-12-31 17:08:34.285714176  2015-01-01 00:00:00  2017-07-01 00:00:00  2020-01-01 00:00:00  2022-07-01 00:00:00  2025-01-01 00:00:00           
response_rate                                                float64     18                        0.57436             0.488095             0.564249             0.584848             0.594102             0.628571   0.034555
mean_days_to_respond                                         float64     18                      12.749577             0.560583             9.030945            12.685871            16.945253            26.797804   6.660973
pos_sentiment_avg                                            float64     21                        0.15022             0.094296             0.145186             0.149707             0.155954             0.184595   0.017758
neg_sentiment_avg                                            float64     21                       0.056484             0.041447             0.047503             0.051495             0.057234             0.098422   0.015656
ov_sentiment_avg                                             float64     21                       0.101401             0.040415             0.093849             0.099705             0.118137              0.12921   0.020006
response_rate_pull_request_comment                           float64     18                       0.459786                 0.25             0.440058             0.478476             0.524168             0.550847   0.079925
response_rate_pull_request_opened                            float64     18                       0.958222             0.894737             0.935577             0.955202             0.994898                  1.0   0.034437
response_rate_pull_request_review_comment                    float64     16                        0.32361                  0.0             0.314723             0.332894             0.355619             0.444444   0.097603
mean_days_to_respond_pull_request_comment                    float64     18                      21.400812             0.069942            15.790574            21.103748            28.077823            44.261833  11.045577
mean_days_to_respond_pull_request_opened                     float64     18                       5.559932             0.805903             1.706673             4.045867             9.430135            12.415601   4.119013
mean_days_to_respond_to_last_comment                         float64     18                      19.228904             0.693409            14.246548            20.548864            24.594231            40.190875  10.584909
mean_days_to_respond_pull_request_review_comment             float64     15                       0.972976              0.16332             0.528494             0.981245             1.399517             2.223059   0.554562
pull_request_comment_pos_sentiment_avg                       float64     21                       0.215849             0.169917             0.189347             0.202878             0.216782             0.319208   0.043382
pull_request_comment_neg_sentiment_avg                       float64     21                       0.039073             0.021245             0.034698             0.036381             0.043977             0.069611   0.009447
pull_request_comment_ov_sentiment_avg                        float64     21                        0.15446             0.117215             0.128168             0.150228             0.167866             0.247665   0.034447
pull_request_opened_pos_sentiment_avg                        float64     21                       0.044403                  0.0             0.032626             0.052371             0.056698             0.061012   0.016863
pull_request_opened_neg_sentiment_avg                        float64     21                       0.096546                  0.0             0.065009             0.083452             0.118232             0.214612   0.053018
pull_request_opened_ov_sentiment_avg                         float64     21                       0.006315            -0.075772            -0.009959             0.016144             0.037718             0.067486   0.040672
pull_request_review_comment_pos_sentiment_avg                float64     19                       0.111714             0.057436             0.076761             0.115009             0.133987             0.227125   0.043491
pull_request_review_comment_neg_sentiment_avg                float64     19                       0.033992                  0.0             0.012593             0.031573             0.052608             0.086075   0.023722
pull_request_review_comment_ov_sentiment_avg                 float64     19                       0.098136            -0.005198             0.065662             0.089228             0.115317             0.385588   0.080126
pull_request_review_approved_pos_sentiment_avg               float64      9                       0.483075                0.246             0.422611              0.45475               0.4866                0.744   0.163384
pull_request_review_approved_neg_sentiment_avg               float64      9                       0.019158                  0.0                  0.0               0.0285             0.031667               0.0398   0.016054
pull_request_review_approved_ov_sentiment_avg                float64      9                        0.38636               0.2202             0.399194             0.403315               0.4404              0.46251   0.075978
pull_request_review_commented_pos_sentiment_avg              float64      8                       0.163017                  0.0             0.030207             0.201917             0.218743                0.372   0.132144
pull_request_review_commented_neg_sentiment_avg              float64      8                       0.032069                  0.0             0.031938             0.036667             0.036681             0.055083   0.016273
pull_request_review_commented_ov_sentiment_avg               float64      8                       0.061572            -0.101875             0.033231             0.081135             0.096386             0.169263   0.085252
pct_merged_with_approved                                     float64      7                       0.073754                  0.0             0.029485             0.042553             0.111224             0.192308   0.067731
pct_merged_with_review                                       float64      7                       0.104345                  0.0              0.05897             0.085106             0.148299             0.230769   0.077439
avg_pull_request_comment_count                               float64     18                       2.085455             1.333333             1.910263             2.157777             2.385858             2.603448   0.362823
avg_all_disc_count                                           float64     18                       2.704197             1.333333              2.57249             2.825367             3.099553             3.768116    0.61824
avg_pull_request_review_comment_count                        float64     16                       0.499668                 0.28             0.397458             0.470811             0.620923             0.851852   0.155043
avg_pull_request_review_count                                float64      7                       0.448953             0.197368              0.30953             0.471264             0.579661             0.695652   0.183351
avg_pull_request_comment_exclude_opener_count                float64     18                       1.460408                  1.0             1.287646             1.483678             1.667553             1.877193    0.27465
avg_all_disc_exclude_opener_count                            float64     18                       1.907299                  1.0             1.696206             2.042553             2.175439              2.46875   0.420459
avg_pull_request_review_comment_exclude_opener_count         float64     16                       0.349735             0.253731             0.296469             0.342105             0.385795             0.482143    0.07076
avg_pull_request_review_exclude_opener_count                 float64      7                       0.349754             0.142857             0.240155             0.381579              0.45614              0.53125   0.145411
clustering_coefficient                                       float64     21                       0.073711                  0.0             0.041998             0.067941             0.115676             0.171869   0.056143

