File: drive/output/derived/org_outcomes_practices/repo_discussion_quality/important_degree_top3/rolling5/openvoiceos___ovos-audio.parquet

MD5 hash: d269cfaaa77cb4996064ec7d92bffbec

Keys: time_period 

                                                                   type  count                 mean                  min                  25%                  50%                  75%                  max        std
time_period                                              datetime64[ns]      5  2023-12-31 19:12:00  2023-01-01 00:00:00  2023-07-01 00:00:00  2024-01-01 00:00:00  2024-07-01 00:00:00  2025-01-01 00:00:00           
response_rate                                                   float64      5             0.631095             0.578125             0.578125             0.602941             0.631579             0.764706   0.077872
mean_days_to_respond                                            float64      5             20.33653            14.271032            15.813837            15.813837            20.221356            35.562589   8.796958
pos_sentiment_avg                                               float64      5             0.059925             0.036679             0.053141             0.065427             0.070889             0.073492   0.015174
neg_sentiment_avg                                               float64      5             0.048074              0.01575             0.051782             0.055803             0.057653             0.059381   0.018289
ov_sentiment_avg                                                float64      5             0.057923             0.037697              0.05304             0.059318             0.066013             0.073546   0.013642
response_rate_issue_comment                                     float64      5               0.5825               0.5625               0.5625               0.5625                  0.6                0.625   0.028777
response_rate_issue_opened                                      float64      5                  1.0                  1.0                  1.0                  1.0                  1.0                  1.0        0.0
response_rate_pull_request_comment                              float64      5                  0.0                  0.0                  0.0                  0.0                  0.0                  0.0        0.0
response_rate_pull_request_opened                               float64      5             0.814615                  0.7                  0.7                 0.75             0.923077                  1.0   0.138365
response_rate_pull_request_review_comment                       float64      5             0.416667                 0.25             0.444444             0.444444             0.444444                  0.5   0.096225
mean_days_to_respond_issue_comment                              float64      5            62.337614            40.898383            40.898383            40.898383            73.603514           115.389406  32.864627
mean_days_to_respond_issue_opened                               float64      5             28.35663            20.495294            20.495294            33.597521            33.597521            33.597521   7.176385
mean_days_to_respond_pull_request_opened                        float64      5             1.517953              0.82296             1.058067             1.058067             1.233715             3.416956   1.071565
mean_days_to_respond_pull_request_review_comment                float64      5             0.048754             0.001146             0.006956             0.078556             0.078556             0.078556    0.04086
mean_days_to_respond_to_last_comment                            float64      5            25.416837            17.581502            20.093133            20.093133            23.102033            46.214382  11.789533
issue_comment_pos_sentiment_avg                                 float64      5             0.073637             0.060333             0.075618             0.075618             0.075618                0.081   0.007794
issue_comment_neg_sentiment_avg                                 float64      5             0.031191               0.0277             0.030223             0.030223             0.030223             0.037587   0.003738
issue_comment_ov_sentiment_avg                                  float64      5             0.092299             0.069215             0.090767             0.090767             0.090767              0.11998    0.01807
issue_opened_pos_sentiment_avg                                  float64      5              0.03553             0.022411              0.02275             0.034358             0.048004             0.050128   0.013281
issue_opened_neg_sentiment_avg                                  float64      5             0.016053             0.013875             0.015125             0.015776             0.016989               0.0185   0.001771
issue_opened_ov_sentiment_avg                                   float64      5             0.072283             0.040161               0.0528             0.075476             0.089277             0.103703   0.025969
pull_request_comment_pos_sentiment_avg                          float64      5              0.19725                  0.0              0.21575             0.256833             0.256833             0.256833   0.111692
pull_request_comment_neg_sentiment_avg                          float64      5              0.00855                  0.0               0.0095               0.0095               0.0095              0.01425   0.005203
pull_request_comment_ov_sentiment_avg                           float64      5               0.1631                  0.0               0.1346             0.226967             0.226967             0.226967   0.099562
pull_request_opened_pos_sentiment_avg                           float64      5             0.045578                0.005              0.03692             0.049145             0.064992             0.071831   0.026459
pull_request_opened_neg_sentiment_avg                           float64      5              0.07042                  0.0             0.076824             0.082908             0.088159             0.104212   0.040659
pull_request_opened_ov_sentiment_avg                            float64      5             0.019545            -0.006386            -0.001885             0.014671             0.038438             0.052886   0.025612
pull_request_review_comment_pos_sentiment_avg                   float64      5             0.046255                  0.0             0.044642             0.062211             0.062211             0.062211   0.026953
pull_request_review_comment_neg_sentiment_avg                   float64      5               0.0554               0.0215             0.062611             0.062611             0.062611             0.067667   0.019077
pull_request_review_comment_ov_sentiment_avg                    float64      5             0.031505               -0.032             0.014102             0.058474             0.058474             0.058474   0.040366
pull_request_review_commented_pos_sentiment_avg                 float64      4                0.299                0.299                0.299                0.299                0.299                0.299        0.0
pull_request_review_commented_neg_sentiment_avg                 float64      4                  0.0                  0.0                  0.0                  0.0                  0.0                  0.0        0.0
pull_request_review_commented_ov_sentiment_avg                  float64      4              0.51885              0.51885              0.51885              0.51885              0.51885              0.51885        0.0
pull_request_review_approved_pos_sentiment_avg                  float64      3                  0.0                  0.0                  0.0                  0.0                  0.0                  0.0        0.0
pull_request_review_approved_neg_sentiment_avg                  float64      3                  0.0                  0.0                  0.0                  0.0                  0.0                  0.0        0.0
pull_request_review_approved_ov_sentiment_avg                   float64      3                  0.0                  0.0                  0.0                  0.0                  0.0                  0.0        0.0
pull_request_review_changes_requested_pos_sentiment_avg         float64      3                  0.0                  0.0                  0.0                  0.0                  0.0                  0.0        0.0
pull_request_review_changes_requested_neg_sentiment_avg         float64      3               0.2635               0.2635               0.2635               0.2635               0.2635               0.2635        0.0
pull_request_review_changes_requested_ov_sentiment_avg          float64      3              -0.3326              -0.3326              -0.3326              -0.3326              -0.3326              -0.3326        0.0
pct_merged_with_approved                                        float64      5             0.219501             0.192308                  0.2             0.217391             0.243902             0.243902   0.024058
pct_merged_with_review                                          float64      5             0.405887             0.365385                  0.4             0.414634             0.414634             0.434783   0.025803
avg_pull_request_comment_count                                  float64      5             1.083398              0.90625             1.050847             1.073529             1.136364                 1.25   0.125598
avg_pull_request_review_count                                   float64      5             0.708006             0.617647             0.636364             0.661017                 0.75                0.875    0.10625
avg_pull_request_review_comment_count                           float64      5             0.503079             0.409091             0.455882                  0.5             0.525424                0.625   0.081294
avg_all_disc_count                                              float64      5             2.294483             2.147059             2.181818             2.237288              2.40625                  2.5    0.15201
avg_pull_request_comment_exclude_opener_count                   float64      5              1.04193             0.903226             0.965517                  1.0             1.090909                 1.25   0.134655
avg_pull_request_review_exclude_opener_count                    float64      5             0.462403             0.318182             0.462687             0.482759                  0.5             0.548387   0.086633
avg_pull_request_review_comment_exclude_opener_count            float64      5             0.242028             0.090909                 0.25             0.258065             0.283582             0.327586   0.089728
avg_all_disc_exclude_opener_count                               float64      5             1.746362                  1.5             1.709677             1.746269             1.775862                  2.0   0.178355
clustering_coefficient                                          float64      5                 0.03                  0.0                  0.0                 0.05                 0.05                 0.05   0.027386

