File: drive/output/derived/org_outcomes_practices/repo_discussion_quality/important_degree_top3/rolling5/osmcode___pyosmium.parquet

MD5 hash: 39460ad3522cd4c1836fdaf3020d34b6

Keys: time_period 

                                                                type  count                           mean                  min                  25%                  50%                  75%                  max        std
time_period                                           datetime64[ns]     21  2019-12-31 17:08:34.285714176  2015-01-01 00:00:00  2017-07-01 00:00:00  2020-01-01 00:00:00  2022-07-01 00:00:00  2025-01-01 00:00:00           
response_rate                                                float64     20                       0.693301              0.62069             0.642774               0.6859             0.729939                  0.8   0.054974
mean_days_to_respond                                         float64     20                      44.130844             0.129236             28.46937             40.79079            47.296325           140.404834  29.414765
pos_sentiment_avg                                            float64     21                       0.096889             0.074321             0.087327             0.095859             0.103521             0.114458   0.011446
neg_sentiment_avg                                            float64     21                       0.054793             0.034953             0.048501             0.051346             0.055382             0.107692   0.015074
ov_sentiment_avg                                             float64     21                        0.06086            -0.029308             0.056543             0.066356             0.074036             0.090622   0.027236
response_rate_issue_comment                                  float64     20                       0.649082                  0.0             0.616019             0.686918             0.742839             0.795082   0.171457
response_rate_issue_opened                                   float64     20                            1.0                  1.0                  1.0                  1.0                  1.0                  1.0        0.0
response_rate_pull_request_comment                           float64     20                       0.508709               0.3125               0.4689             0.514706             0.569746             0.666667     0.0999
response_rate_pull_request_opened                            float64     20                       0.953772             0.777778             0.961538                  1.0                  1.0                  1.0   0.083081
response_rate_pull_request_review_comment                    float64     13                       0.260769             0.083333                0.125                 0.25             0.444444             0.444444   0.148025
mean_days_to_respond_issue_opened                            float64     20                      11.490347             0.478727             1.989723             7.483985            17.922907            30.498059  11.640818
mean_days_to_respond_pull_request_comment                    float64     20                      48.800013             0.004757             0.590178             4.403382            40.662285           255.575189  85.125543
mean_days_to_respond_pull_request_opened                     float64     20                       6.054315             0.028704               0.3586             5.015636              9.72264            16.886719   5.680465
mean_days_to_respond_to_last_comment                         float64     20                      98.412057             0.241817            45.184083            72.934701           115.364313           395.139234   87.43821
mean_days_to_respond_issue_comment                           float64     19                      68.280737            16.051863            37.025533            51.490084            74.568306           203.200921  48.692358
mean_days_to_respond_pull_request_review_comment             float64     13                       1.190349             0.127982             0.127982             0.209919             1.854329             3.498738   1.454721
issue_comment_pos_sentiment_avg                              float64     21                       0.098381                  0.0             0.082505             0.099693             0.121586             0.152841   0.037445
issue_comment_neg_sentiment_avg                              float64     21                       0.045948             0.032464             0.037178             0.039525             0.045352             0.096833   0.016976
issue_comment_ov_sentiment_avg                               float64     21                       0.073448              -0.1589             0.069874             0.088219             0.096468              0.14767   0.068005
issue_opened_pos_sentiment_avg                               float64     21                       0.075037             0.043481             0.071537             0.077524             0.079317             0.104167   0.012968
issue_opened_neg_sentiment_avg                               float64     21                       0.058159              0.03446             0.044966              0.05665             0.061616                0.111   0.020435
issue_opened_ov_sentiment_avg                                float64     21                       0.007664            -0.113448            -0.007351             0.012524             0.036747             0.072095   0.044197
pull_request_comment_pos_sentiment_avg                       float64     21                       0.157446             0.113915             0.128943             0.163913             0.183718             0.193111   0.029532
pull_request_comment_neg_sentiment_avg                       float64     21                       0.031162                  0.0              0.03185             0.037733             0.040035             0.047257   0.016123
pull_request_comment_ov_sentiment_avg                        float64     21                       0.149506             0.100584             0.123746             0.126159             0.157953             0.264788   0.050884
pull_request_opened_pos_sentiment_avg                        float64     21                       0.025107                  0.0             0.020831             0.029362             0.035404             0.039737   0.013773
pull_request_opened_neg_sentiment_avg                        float64     21                        0.13768                  0.0             0.095181              0.13952               0.1855             0.228852   0.062529
pull_request_opened_ov_sentiment_avg                         float64     21                      -0.071892            -0.201458            -0.120484            -0.065807            -0.019136             0.009918   0.065471
pull_request_review_comment_pos_sentiment_avg                float64     13                       0.076706             0.053278             0.053278             0.071393             0.081444               0.1189    0.02524
pull_request_review_comment_neg_sentiment_avg                float64     13                       0.036344                  0.0             0.015069             0.051574             0.051574             0.067812   0.025658
pull_request_review_comment_ov_sentiment_avg                 float64     13                       0.071882            -0.008339            -0.008339             0.072625             0.130012             0.146408   0.065665
pull_request_review_commented_pos_sentiment_avg              float64      5                       0.192188             0.192188             0.192188             0.192188             0.192188             0.192188        0.0
pull_request_review_commented_neg_sentiment_avg              float64      5                       0.002625             0.002625             0.002625             0.002625             0.002625             0.002625        0.0
pull_request_review_commented_ov_sentiment_avg               float64      5                       0.273306             0.273306             0.273306             0.273306             0.273306             0.273306        0.0
pct_merged_with_approved                                     float64     10                            0.0                  0.0                  0.0                  0.0                  0.0                  0.0        0.0
pct_merged_with_review                                       float64     10                       0.088097                  0.0                  0.0             0.068182             0.170814             0.214286   0.095285
avg_pull_request_comment_count                               float64     20                       2.739553             1.461538               1.8125             2.809091             3.022727                  5.2   1.035118
avg_all_disc_count                                           float64     20                       3.810537                  2.0             2.829545             3.705357             4.754808                  6.0   1.177603
avg_pull_request_review_comment_count                        float64     13                       1.142315                0.625             0.857143             1.083333             1.461538             1.714286   0.358795
avg_pull_request_review_count                                float64      5                       1.313919             1.214286             1.214286             1.307692             1.416667             1.416667    0.10125
avg_pull_request_comment_exclude_opener_count                float64     20                       1.573955             1.083333             1.425595             1.541958             1.732955                  2.0   0.272266
avg_all_disc_exclude_opener_count                            float64     20                       2.298727                  1.5               1.9375             2.184066             2.680769             3.333333   0.554356
avg_pull_request_review_comment_exclude_opener_count         float64     13                        0.86057                  0.5             0.714286             0.909091                  1.0                 1.25   0.221453
avg_pull_request_review_exclude_opener_count                 float64      5                       0.661605             0.571429             0.615385             0.666667             0.727273             0.727273   0.068772
clustering_coefficient                                       float64     21                       0.055987                  0.0             0.009426             0.033128             0.068616             0.212317   0.065571

