File: drive/output/derived/org_outcomes_practices/repo_discussion_quality/important_degree_top3/rolling5/pivotal-energy-solutions___django-datatable-view.parquet

MD5 hash: 3f643935590913485d254ac107d84c98

Keys: time_period 

                                                                   type  count                           mean                  min                  25%                  50%                  75%                  max        std
time_period                                              datetime64[ns]     19  2019-07-11 15:09:28.421052672  2015-01-01 00:00:00  2017-04-01 12:00:00  2019-07-01 00:00:00  2021-10-01 00:00:00  2024-07-01 00:00:00           
response_rate                                                   float64     11                       0.579659             0.423077             0.494444             0.534483             0.674818             0.702857   0.104186
mean_days_to_respond                                            float64     11                       48.35646            13.605062            33.045866            44.452358            58.039507            90.491312  23.716852
pos_sentiment_avg                                               float64     18                       0.112204             0.016726             0.117547             0.120898             0.123366             0.156179   0.036113
neg_sentiment_avg                                               float64     18                       0.057958              0.03513             0.039356             0.047376             0.053743             0.190702    0.03755
ov_sentiment_avg                                                float64     18                       0.077212            -0.168779             0.078442             0.102658              0.11428             0.132986   0.074731
response_rate_issue_comment                                     float64     11                       0.524919             0.333333             0.450794                  0.5             0.634282             0.647059   0.113533
response_rate_pull_request_comment                              float64     11                       0.509712                  0.2             0.236111                  0.5             0.747093                  0.8    0.25454
response_rate_pull_request_opened                               float64     11                       0.948773             0.833333             0.873016                  1.0                  1.0                  1.0   0.072162
response_rate_pull_request_review_comment                       float64      9                          0.125                  0.0                  0.0                0.125                0.125             0.333333   0.130104
response_rate_issue_opened                                      float64      9                            1.0                  1.0                  1.0                  1.0                  1.0                  1.0        0.0
mean_days_to_respond_issue_comment                              float64     11                      57.612422            14.199499            55.653286            58.798443            63.171666            91.867325  18.147741
mean_days_to_respond_pull_request_comment                       float64     11                      13.662164              1.23059             4.485105             6.357233            23.069352            37.301539  13.948519
mean_days_to_respond_pull_request_opened                        float64     11                      48.430195             6.520069            17.527055            40.497377            85.034314           110.392454   38.15016
mean_days_to_respond_to_last_comment                            float64     11                      88.781419             1.053964            68.902854            92.330994           128.616042           145.554661  47.783056
mean_days_to_respond_issue_opened                               float64      9                      77.124623             6.852755            24.047705              82.4841           109.918932           179.945765  59.713217
mean_days_to_respond_pull_request_review_comment                float64      6                       0.016277             0.006586              0.01022             0.021123             0.021123             0.021123   0.007507
issue_comment_pos_sentiment_avg                                 float64     17                       0.109788             0.018833             0.109922             0.119201             0.124015             0.147132   0.032983
issue_comment_neg_sentiment_avg                                 float64     17                       0.035992             0.007214             0.033657             0.036241             0.043066             0.053484   0.011671
issue_comment_ov_sentiment_avg                                  float64     17                       0.094621            -0.015592             0.077715             0.115517             0.123574             0.158981   0.046952
issue_opened_pos_sentiment_avg                                  float64     18                       0.079614             0.050875             0.065393             0.077127             0.089296             0.122342   0.019385
issue_opened_neg_sentiment_avg                                  float64     18                       0.032047              0.01175             0.021933              0.02661             0.040068             0.083792   0.015806
issue_opened_ov_sentiment_avg                                   float64     18                       0.060404            -0.147425             0.038376             0.068537             0.091628             0.173919   0.063862
pull_request_comment_pos_sentiment_avg                          float64     16                       0.218517              0.04375             0.183681             0.237259             0.257822             0.289042   0.061835
pull_request_comment_neg_sentiment_avg                          float64     16                       0.045414             0.031492             0.034524             0.041609             0.051851                0.074   0.013386
pull_request_comment_ov_sentiment_avg                           float64     16                       0.147386             -0.07115             0.095334             0.161065             0.190723             0.260131   0.086921
pull_request_opened_pos_sentiment_avg                           float64     18                       0.083343             0.003067              0.08757             0.093401             0.100646             0.125865   0.035642
pull_request_opened_neg_sentiment_avg                           float64     18                       0.129933             0.071688             0.095995             0.109775             0.134746             0.291833   0.057516
pull_request_opened_ov_sentiment_avg                            float64     18                       0.027304             -0.22165             0.027876             0.055956             0.081733             0.171834   0.102937
pull_request_review_comment_pos_sentiment_avg                   float64     13                       0.100576             0.036323             0.040382               0.0575             0.225333             0.225333    0.08692
pull_request_review_comment_neg_sentiment_avg                   float64     13                       0.028095             0.012667             0.012667             0.030915             0.038917                 0.04    0.01135
pull_request_review_comment_ov_sentiment_avg                    float64     13                       0.082801            -0.033963            -0.001546             0.033018              0.25295              0.25295   0.121283
pull_request_review_changes_requested_pos_sentiment_avg         float64      4                          0.095                0.095                0.095                0.095                0.095                0.095        0.0
pull_request_review_changes_requested_neg_sentiment_avg         float64      4                            0.0                  0.0                  0.0                  0.0                  0.0                  0.0        0.0
pull_request_review_changes_requested_ov_sentiment_avg          float64      4                         0.3182               0.3182               0.3182               0.3182               0.3182               0.3182        0.0
pct_merged_with_approved                                        float64      2                            0.0                  0.0                  0.0                  0.0                  0.0                  0.0        0.0
pct_merged_with_review                                          float64      2                            0.0                  0.0                  0.0                  0.0                  0.0                  0.0        0.0
avg_pull_request_comment_count                                  float64     11                       2.384569                  1.0             1.242857                 1.75             3.485507             4.133333   1.230141
avg_pull_request_review_comment_count                           float64      9                        0.52413                0.375             0.444444                 0.55             0.588235             0.666667   0.094563
avg_all_disc_count                                              float64     11                       2.886454                  1.2             1.930556                 2.25             4.067633                  4.8   1.345773
avg_pull_request_review_count                                   float64      2                       0.401786                0.375             0.388393             0.401786             0.415179             0.428571   0.037881
avg_pull_request_comment_exclude_opener_count                   float64     11                       2.082992                  1.0                 1.25                  1.5             2.890909             3.555556   0.991213
avg_all_disc_exclude_opener_count                               float64     11                       2.131693                 1.25             1.339286                  1.5             2.890909             3.555556   0.941508
avg_pull_request_review_exclude_opener_count                    float64      2                       0.133929                0.125             0.129464             0.133929             0.138393             0.142857   0.012627
avg_pull_request_review_comment_exclude_opener_count            float64      2                       0.133929                0.125             0.129464             0.133929             0.138393             0.142857   0.012627
clustering_coefficient                                          float64     17                       0.169241                  0.0              0.05861             0.077957             0.220743             0.572357   0.166628

