File: drive/output/derived/org_outcomes_practices/repo_discussion_quality/important_degree_top3/rolling5/ppfeufer___aa-theme-slate.parquet

MD5 hash: de84313096185959e38e34ff0a4933d9

Keys: time_period 

                                                         type  count                 mean                  min                  25%                  50%                  75%                  max       std
time_period                                    datetime64[ns]      9  2022-12-31 13:20:00  2021-01-01 00:00:00  2022-01-01 00:00:00  2023-01-01 00:00:00  2024-01-01 00:00:00  2025-01-01 00:00:00          
response_rate                                         float64      5             0.852945             0.833333             0.842105             0.857143             0.857143                0.875  0.015998
mean_days_to_respond                                  float64      5              0.03599             0.005647             0.006859             0.036644             0.042268             0.088532    0.0338
pos_sentiment_avg                                     float64      8             0.011311                  0.0             0.003629             0.010611             0.020339             0.022592  0.009479
neg_sentiment_avg                                     float64      8             0.249276             0.140512             0.170244             0.209284             0.268976                0.524  0.126644
ov_sentiment_avg                                      float64      8            -0.111442               -0.296            -0.120922            -0.088666            -0.051802            -0.037997  0.086091
response_rate_issue_comment                           float64      5                  0.3                  0.0                  0.0                  0.5                  0.5                  0.5  0.273861
response_rate_issue_opened                            float64      3                  1.0                  1.0                  1.0                  1.0                  1.0                  1.0       0.0
response_rate_pull_request_opened                     float64      5                  1.0                  1.0                  1.0                  1.0                  1.0                  1.0       0.0
response_rate_pull_request_comment                    float64      4                 0.25                  0.0                  0.0                 0.25                  0.5                  0.5  0.288675
mean_days_to_respond_issue_comment                    float64      3             0.396852             0.396852             0.396852             0.396852             0.396852             0.396852       0.0
mean_days_to_respond_issue_opened                     float64      3             0.027025             0.027025             0.027025             0.027025             0.027025             0.027025       0.0
mean_days_to_respond_pull_request_opened              float64      5              0.00716             0.006262             0.006357             0.007419             0.007429             0.008333  0.000861
mean_days_to_respond_to_last_comment                  float64      5              0.03949             0.005647             0.006859             0.037384             0.043653             0.103909  0.039943
mean_days_to_respond_pull_request_comment             float64      2             0.000686             0.000677             0.000681             0.000686              0.00069             0.000694  0.000012
pull_request_opened_pos_sentiment_avg                 float64      8              0.00192                  0.0             0.000891             0.001218             0.003576             0.003882  0.001566
pull_request_opened_neg_sentiment_avg                 float64      8             0.279332             0.179263             0.208059               0.2489             0.307935                0.524  0.112348
pull_request_opened_ov_sentiment_avg                  float64      8            -0.135597               -0.296            -0.162656            -0.132275            -0.070689            -0.057188  0.078967
issue_comment_pos_sentiment_avg                       float64      6             0.097833                  0.0             0.036687              0.14675              0.14675              0.14675  0.075781
issue_comment_neg_sentiment_avg                       float64      6                  0.0                  0.0                  0.0                  0.0                  0.0                  0.0       0.0
issue_comment_ov_sentiment_avg                        float64      6             0.132733                  0.0             0.049775               0.1991               0.1991               0.1991  0.102815
issue_opened_pos_sentiment_avg                        float64      6             0.064904               0.0436             0.051589             0.075556             0.075556             0.075556  0.016502
issue_opened_neg_sentiment_avg                        float64      6             0.045748             0.015222             0.015222             0.015222             0.083906               0.1068  0.047291
issue_opened_ov_sentiment_avg                         float64      6              0.00517              -0.1286            -0.078436             0.072056             0.072056             0.072056  0.103618
pull_request_comment_pos_sentiment_avg                float64      4                  0.0                  0.0                  0.0                  0.0                  0.0                  0.0       0.0
pull_request_comment_neg_sentiment_avg                float64      4                  0.0                  0.0                  0.0                  0.0                  0.0                  0.0       0.0
pull_request_comment_ov_sentiment_avg                 float64      4                  0.0                  0.0                  0.0                  0.0                  0.0                  0.0       0.0
pct_merged_with_approved                              float64      5             0.439565                  0.0                0.375             0.548387             0.631579             0.642857   0.26806
pct_merged_with_review                                float64      5             0.439565                  0.0                0.375             0.548387             0.631579             0.642857   0.26806
avg_pull_request_comment_count                        float64      5             0.897865             0.818182             0.847826             0.888889             0.934426                  1.0  0.071941
avg_all_disc_count                                    float64      5             1.331926                  1.0             1.222222             1.363636                  1.5              1.57377  0.229103
avg_pull_request_review_count                         float64      4             0.542577             0.333333             0.492424             0.592399             0.642552             0.652174  0.147385
avg_pull_request_comment_exclude_opener_count         float64      5             0.883415               0.8125             0.822222             0.882353                  0.9                  1.0  0.075236
avg_all_disc_exclude_opener_count                     float64      5             1.329837                  1.0             1.235294                1.375             1.488889                 1.55  0.219966
avg_pull_request_review_exclude_opener_count          float64      4             0.558027             0.352941              0.51011              0.60625             0.654167             0.666667  0.144155
clustering_coefficient                                float64      7                  0.0                  0.0                  0.0                  0.0                  0.0                  0.0       0.0

