File: drive/output/derived/org_outcomes_practices/repo_discussion_quality/important_degree_top3/rolling5/prasanthg3___cleantext.parquet

MD5 hash: d32ee88af32ce90205c17017e41840c8

Keys: time_period 

                                                 type  count                 mean                  min                  25%                  50%                  75%                  max       std
time_period                            datetime64[ns]      8  2022-05-17 06:00:00  2020-07-01 00:00:00  2021-05-16 18:00:00  2022-04-01 12:00:00  2023-02-15 06:00:00  2025-01-01 00:00:00          
response_rate                                 float64      1                  0.8                  0.8                  0.8                  0.8                  0.8                  0.8          
mean_days_to_respond                          float64      1             6.501551             6.501551             6.501551             6.501551             6.501551             6.501551          
pos_sentiment_avg                             float64      7             0.184196             0.098486             0.133226             0.165936             0.200833             0.356833  0.085631
neg_sentiment_avg                             float64      7             0.055317                  0.0             0.050846             0.063692              0.06725             0.087333  0.028332
ov_sentiment_avg                              float64      7             0.196531             0.066346             0.109964             0.121501             0.211044              0.54585  0.164839
response_rate_issue_comment                   float64      1                 0.75                 0.75                 0.75                 0.75                 0.75                 0.75          
response_rate_issue_opened                    float64      1                  1.0                  1.0                  1.0                  1.0                  1.0                  1.0          
mean_days_to_respond_issue_comment            float64      1             8.570938             8.570938             8.570938             8.570938             8.570938             8.570938          
mean_days_to_respond_issue_opened             float64      1             0.293391             0.293391             0.293391             0.293391             0.293391             0.293391          
mean_days_to_respond_to_last_comment          float64      1             6.983866             6.983866             6.983866             6.983866             6.983866             6.983866          
issue_comment_pos_sentiment_avg               float64      7               0.2536               0.1405             0.197944             0.254139             0.260462              0.46375  0.102893
issue_comment_neg_sentiment_avg               float64      7             0.023618                  0.0                  0.0             0.034929              0.04075               0.0489  0.022463
issue_comment_ov_sentiment_avg                float64      7             0.249381              0.07432             0.166847             0.193564             0.326207             0.491675  0.140213
issue_opened_pos_sentiment_avg                float64      7             0.102993             0.056933             0.064217             0.072417             0.107708              0.24775  0.070309
issue_opened_neg_sentiment_avg                float64      7               0.0102                  0.0                  0.0               0.0119             0.014875              0.02975  0.011112
issue_opened_ov_sentiment_avg                 float64      7             0.208275             0.028928             0.103431             0.124354             0.221791               0.6542  0.209333
pull_request_opened_pos_sentiment_avg         float64      5             0.059258                  0.0                  0.0             0.068375             0.091167              0.13675  0.059433
pull_request_opened_neg_sentiment_avg         float64      5             0.244533             0.174667                0.262                0.262                0.262                0.262  0.039057
pull_request_opened_ov_sentiment_avg          float64      5             0.001021               -0.148               -0.148             0.012563             0.115417             0.173125  0.147694
pct_merged_with_approved                      float64      0                                                                                                                                        
pct_merged_with_review                        float64      0                                                                                                                                        
avg_all_disc_count                            float64      0                                                                                                                                        
avg_all_disc_exclude_opener_count             float64      0                                                                                                                                        
clustering_coefficient                        float64      5                  0.0                  0.0                  0.0                  0.0                  0.0                  0.0       0.0

