File: drive/output/derived/org_outcomes_practices/repo_discussion_quality/important_degree_top3/rolling5/pyexcel-webwares___django-excel.parquet

MD5 hash: 35802bd095d0804e44275cf73dc880b8

Keys: time_period 

                                                         type  count                 mean                  min                  25%                  50%                  75%                  max        std
time_period                                    datetime64[ns]     16  2019-10-01 09:00:00  2016-01-01 00:00:00  2017-11-16 00:00:00  2019-10-01 00:00:00  2021-08-16 00:00:00  2023-07-01 00:00:00           
response_rate                                         float64     10             0.754548             0.634146             0.701797             0.784242              0.80119             0.810345    0.06758
mean_days_to_respond                                  float64     10            32.199635               0.1691             7.315693            38.358449              50.2077            66.132078  24.456219
pos_sentiment_avg                                     float64     16             0.153671             0.099368             0.115823             0.147436             0.180735             0.234571   0.045635
neg_sentiment_avg                                     float64     16             0.033344             0.011545             0.024348             0.035639             0.039206              0.06148   0.012196
ov_sentiment_avg                                      float64     16              0.13143             0.075173             0.094975             0.130216             0.156842             0.233623   0.044486
response_rate_issue_comment                           float64     10             0.684555                  0.5             0.598155                0.735             0.759103             0.769231    0.10129
response_rate_issue_opened                            float64     10                  1.0                  1.0                  1.0                  1.0                  1.0                  1.0        0.0
response_rate_pull_request_comment                    float64      6                  0.0                  0.0                  0.0                  0.0                  0.0                  0.0        0.0
response_rate_pull_request_opened                     float64      6                  1.0                  1.0                  1.0                  1.0                  1.0                  1.0        0.0
mean_days_to_respond_issue_comment                    float64     10              39.5277             0.098605            11.008347            45.693627            60.329388            85.051531  29.381223
mean_days_to_respond_issue_opened                     float64     10            14.313183             0.350374             2.741074            15.789723            22.780857            29.869793  11.704351
mean_days_to_respond_to_last_comment                  float64     10            96.932587             0.312338             8.749928           121.539645           170.252648           192.239405  83.736163
mean_days_to_respond_pull_request_opened              float64      6             0.080581             0.008345             0.008345             0.008345             0.115263             0.299201   0.121336
issue_comment_pos_sentiment_avg                       float64     16             0.178705             0.107519             0.124652             0.164523             0.203779             0.329595   0.070196
issue_comment_neg_sentiment_avg                       float64     16             0.026615             0.010393             0.018264             0.025838             0.034347             0.045878   0.010729
issue_comment_ov_sentiment_avg                        float64     16             0.144459             0.055407             0.090563             0.133849             0.173501             0.303352   0.070332
issue_opened_pos_sentiment_avg                        float64     16             0.099757             0.054667             0.091587             0.097844              0.10696             0.145827   0.021452
issue_opened_neg_sentiment_avg                        float64     16             0.030804             0.009191             0.024488             0.032326             0.038716             0.049215   0.011273
issue_opened_ov_sentiment_avg                         float64     16              0.11436             0.061172             0.086945             0.104546               0.1387             0.179896   0.035693
pull_request_comment_pos_sentiment_avg                float64     11             0.023364                  0.0                  0.0                  0.0             0.042833             0.085667    0.02945
pull_request_comment_neg_sentiment_avg                float64     11                  0.0                  0.0                  0.0                  0.0                  0.0                  0.0        0.0
pull_request_comment_ov_sentiment_avg                 float64     11             0.057855                  0.0                  0.0                  0.0             0.106067             0.212133   0.072926
pull_request_opened_pos_sentiment_avg                 float64     12             0.044767                  0.0                  0.0             0.057028             0.063634                0.119   0.044103
pull_request_opened_neg_sentiment_avg                 float64     12             0.194444                  0.0                  0.0                  0.0                  0.5                  0.5   0.244467
pull_request_opened_ov_sentiment_avg                  float64     12            -0.001605            -0.081328            -0.072658                  0.0                  0.0             0.150683   0.075633
pct_merged_with_approved                              float64      2                  0.0                  0.0                  0.0                  0.0                  0.0                  0.0        0.0
pct_merged_with_review                                float64      2                  0.0                  0.0                  0.0                  0.0                  0.0                  0.0        0.0
avg_all_disc_count                                    float64      6                  1.0                  1.0                  1.0                  1.0                  1.0                  1.0        0.0
avg_pull_request_comment_count                        float64      6                  1.0                  1.0                  1.0                  1.0                  1.0                  1.0        0.0
avg_all_disc_exclude_opener_count                     float64      6                  1.0                  1.0                  1.0                  1.0                  1.0                  1.0        0.0
avg_pull_request_comment_exclude_opener_count         float64      6                  1.0                  1.0                  1.0                  1.0                  1.0                  1.0        0.0
clustering_coefficient                                float64     15             0.008953                  0.0                  0.0                  0.0              0.00855             0.080472   0.020993

