File: drive/output/derived/org_outcomes_practices/repo_discussion_quality/important_degree_top3/rolling5/pyscaffold___configupdater.parquet

MD5 hash: 4707abb555ecf10b2f8050d9021b3293

Keys: time_period 

                                                                   type  count                           mean                  min                  25%                  50%                  75%                  max       std
time_period                                              datetime64[ns]     13  2021-12-31 05:32:18.461538560  2019-01-01 00:00:00  2020-07-01 00:00:00  2022-01-01 00:00:00  2023-07-01 00:00:00  2025-01-01 00:00:00          
response_rate                                                   float64      7                       0.572735             0.508197             0.543328             0.561224             0.593202             0.666667  0.054787
mean_days_to_respond                                            float64      7                       0.626174             0.042876             0.476813             0.782555             0.827131               0.9499  0.319204
pos_sentiment_avg                                               float64     10                        0.15127             0.047129             0.148146             0.164692             0.172044             0.207222  0.047469
neg_sentiment_avg                                               float64     10                       0.084975             0.051373             0.056307             0.067198             0.093984             0.172444  0.040565
ov_sentiment_avg                                                float64     10                       0.111578            -0.001589             0.084395             0.147303             0.155042             0.160982  0.064777
response_rate_pull_request_comment                              float64      7                       0.470454             0.347826             0.441848             0.484536             0.505952             0.565217  0.068868
response_rate_pull_request_opened                               float64      7                       0.938291             0.902439             0.911067             0.914894             0.964286                  1.0  0.042882
response_rate_pull_request_review_comment                       float64      6                       0.398577                  0.3             0.356324             0.381818             0.455455                  0.5  0.077164
mean_days_to_respond_pull_request_comment                       float64      7                       0.332734             0.083275             0.211075             0.333298             0.384303             0.721812  0.208146
mean_days_to_respond_pull_request_opened                        float64      7                       1.130145             0.002477             0.953536             1.367468             1.472302             1.689393  0.612963
mean_days_to_respond_to_last_comment                            float64      7                       0.739642             0.083275             0.614878             0.911008             0.969208             1.015037  0.347816
mean_days_to_respond_pull_request_review_comment                float64      6                       0.253576             0.016597             0.092509             0.296926             0.363202             0.501344  0.195546
pull_request_comment_pos_sentiment_avg                          float64     10                        0.20252             0.052765             0.188714             0.214398             0.232496             0.310833  0.083427
pull_request_comment_neg_sentiment_avg                          float64     10                       0.075115             0.028715              0.04782             0.062536             0.091354             0.158951  0.041956
pull_request_comment_ov_sentiment_avg                           float64     10                       0.205433             0.054175             0.195325              0.22905             0.244098             0.326039  0.082728
pull_request_opened_pos_sentiment_avg                           float64     10                       0.040023                  0.0             0.041216             0.048963             0.050893              0.05276  0.019086
pull_request_opened_neg_sentiment_avg                           float64     10                       0.105728             0.045812             0.058359             0.066024             0.101045                0.341  0.090731
pull_request_opened_ov_sentiment_avg                            float64     10                      -0.069765              -0.4767            -0.067219            -0.008549             0.001759             0.018432  0.148869
pull_request_review_comment_pos_sentiment_avg                   float64      8                       0.129819                  0.0              0.13454              0.14308             0.150181              0.18015  0.054477
pull_request_review_comment_neg_sentiment_avg                   float64      8                        0.09073             0.060252              0.06663             0.067603             0.067997             0.262417  0.069425
pull_request_review_comment_ov_sentiment_avg                    float64      8                       0.057725            -0.132042             0.074925             0.079493             0.083359             0.118237  0.078022
pull_request_review_approved_pos_sentiment_avg                  float64      7                        0.27951              0.21825             0.260403             0.282806             0.285606               0.3635  0.045902
pull_request_review_approved_neg_sentiment_avg                  float64      7                            0.0                  0.0                  0.0                  0.0                  0.0                  0.0       0.0
pull_request_review_approved_ov_sentiment_avg                   float64      7                       0.402171             0.272615             0.381957             0.402714             0.405309             0.565338  0.086718
pull_request_review_commented_pos_sentiment_avg                 float64      5                         0.1152               0.1152               0.1152               0.1152               0.1152               0.1152       0.0
pull_request_review_commented_neg_sentiment_avg                 float64      5                         0.0108               0.0108               0.0108               0.0108               0.0108               0.0108       0.0
pull_request_review_commented_ov_sentiment_avg                  float64      5                        0.18568              0.18568              0.18568              0.18568              0.18568              0.18568       0.0
pull_request_review_changes_requested_pos_sentiment_avg         float64      5                         0.0835               0.0835               0.0835               0.0835               0.0835               0.0835       0.0
pull_request_review_changes_requested_neg_sentiment_avg         float64      5                          0.071                0.071                0.071                0.071                0.071                0.071       0.0
pull_request_review_changes_requested_ov_sentiment_avg          float64      5                        0.05475              0.05475              0.05475              0.05475              0.05475              0.05475       0.0
pct_merged_with_approved                                        float64      6                       0.120776                  0.0             0.121429             0.144156             0.147475             0.173913  0.062126
pct_merged_with_review                                          float64      6                       0.239068                  0.0             0.264286             0.288312             0.294949             0.304348   0.11822
avg_pull_request_comment_count                                  float64      7                       2.108035             1.595745             1.985075             2.140351                2.225                  2.6  0.306815
avg_all_disc_count                                              float64      7                       3.534396                  2.0             2.693617             3.731343             4.251096                 5.12  1.108246
avg_pull_request_review_comment_count                           float64      6                       0.837184                  0.4              0.62758             0.914956             0.994792                 1.24  0.310127
avg_pull_request_review_count                                   float64      5                       0.992284             0.638298             0.910448               1.0625             1.070175                 1.28  0.237582
avg_pull_request_comment_exclude_opener_count                   float64      7                       1.470131             1.255319             1.324363             1.377778             1.504545                  2.0   0.25821
avg_all_disc_exclude_opener_count                               float64      7                       2.255553                  1.8              1.93617             2.234375             2.509259             2.863636  0.392199
avg_pull_request_review_comment_exclude_opener_count            float64      6                       0.441294                  0.2             0.316822             0.478009              0.52963             0.681818  0.177567
avg_pull_request_review_exclude_opener_count                    float64      5                       0.570038             0.340426                  0.5             0.592593             0.644444             0.772727   0.16183
clustering_coefficient                                          float64     13                       0.178717                  0.0                  0.0             0.088378             0.230896             0.793701  0.231675

