File: drive/output/derived/org_outcomes_practices/repo_discussion_quality/important_degree_top3/rolling5/ranaroussi___qtpylib.parquet

MD5 hash: fe91b6ed70e7de1d9bfdc6a5a92c6b2c

Keys: time_period 

                                                         type  count                 mean                  min                  25%                  50%                  75%                  max       std
time_period                                    datetime64[ns]      9  2019-03-22 18:40:00  2016-07-01 00:00:00  2018-01-01 00:00:00  2019-07-01 00:00:00  2020-07-01 00:00:00  2021-07-01 00:00:00          
response_rate                                         float64      1             0.555556             0.555556             0.555556             0.555556             0.555556             0.555556          
mean_days_to_respond                                  float64      1             5.438921             5.438921             5.438921             5.438921             5.438921             5.438921          
pos_sentiment_avg                                     float64      9             0.095363              0.04531             0.083212             0.084134              0.12531             0.144588  0.032283
neg_sentiment_avg                                     float64      9             0.073932             0.044786             0.046631             0.069985              0.09424              0.12289  0.027311
ov_sentiment_avg                                      float64      9             0.031173             0.008331             0.017463             0.031009             0.036901             0.065348  0.020381
response_rate_pull_request_comment                    float64      1                  0.2                  0.2                  0.2                  0.2                  0.2                  0.2          
response_rate_pull_request_opened                     float64      1                  1.0                  1.0                  1.0                  1.0                  1.0                  1.0          
mean_days_to_respond_pull_request_comment             float64      1             0.015243             0.015243             0.015243             0.015243             0.015243             0.015243          
mean_days_to_respond_pull_request_opened              float64      1             6.794841             6.794841             6.794841             6.794841             6.794841             6.794841          
mean_days_to_respond_to_last_comment                  float64      1             3.037983             3.037983             3.037983             3.037983             3.037983             3.037983          
pull_request_comment_pos_sentiment_avg                float64      8             0.235182                0.168                0.168                0.168             0.347153             0.347153   0.09272
pull_request_comment_neg_sentiment_avg                float64      8                  0.0                  0.0                  0.0                  0.0                  0.0                  0.0       0.0
pull_request_comment_ov_sentiment_avg                 float64      8             0.215217             0.127107             0.127107             0.127107             0.362067             0.362067  0.121603
pull_request_opened_pos_sentiment_avg                 float64      9             0.039252             0.025428             0.027163             0.040818              0.04531              0.05456  0.010784
pull_request_opened_neg_sentiment_avg                 float64      9             0.107985             0.044786             0.069946             0.118975             0.131936             0.167578  0.039951
pull_request_opened_ov_sentiment_avg                  float64      9            -0.044121            -0.081341            -0.059875            -0.059288             -0.01704             0.008331  0.029186
avg_pull_request_comment_count                        float64      1                  1.5                  1.5                  1.5                  1.5                  1.5                  1.5          
avg_all_disc_count                                    float64      1                  1.5                  1.5                  1.5                  1.5                  1.5                  1.5          
avg_pull_request_comment_exclude_opener_count         float64      1                  1.0                  1.0                  1.0                  1.0                  1.0                  1.0          
avg_all_disc_exclude_opener_count                     float64      1                  1.0                  1.0                  1.0                  1.0                  1.0                  1.0          
clustering_coefficient                                float64      5                  0.0                  0.0                  0.0                  0.0                  0.0                  0.0       0.0

