File: drive/output/derived/org_outcomes_practices/repo_discussion_quality/important_degree_top3/rolling5/rapidsai___cucim.parquet

MD5 hash: 83979e5171a4c4f1f3f6e72f90cfb7a8

Keys: time_period 

                                                                   type  count                 mean                  min                  25%                  50%                  75%                  max       std
time_period                                              datetime64[ns]      9  2022-12-31 13:20:00  2021-01-01 00:00:00  2022-01-01 00:00:00  2023-01-01 00:00:00  2024-01-01 00:00:00  2025-01-01 00:00:00          
response_rate                                                   float64      9             0.455504              0.30198              0.38646             0.471627             0.531828             0.568047  0.094653
mean_days_to_respond                                            float64      9             2.293309             0.815561              1.71314             2.721869             3.089348              3.20126  0.960383
pos_sentiment_avg                                               float64      9             0.157687             0.132365             0.155019             0.161225             0.165258             0.165905  0.010787
neg_sentiment_avg                                               float64      9             0.030651             0.026229             0.030145             0.031732             0.032208             0.034281  0.002766
ov_sentiment_avg                                                float64      9             0.123694             0.097367              0.11905             0.128003             0.131646             0.135282   0.01167
response_rate_pull_request_comment                              float64      9             0.560747             0.470588             0.526749             0.569395             0.573604             0.666667  0.058568
response_rate_pull_request_opened                               float64      9             0.589882             0.152542             0.438272             0.636364             0.807692             0.855422  0.254593
response_rate_pull_request_review_comment                       float64      9             0.339338             0.299451             0.313351             0.321678             0.362319             0.401515  0.035573
mean_days_to_respond_pull_request_comment                       float64      9              2.28116             0.860226             1.664224             2.632666             3.091417             3.312514  0.902981
mean_days_to_respond_pull_request_opened                        float64      9             4.250416             0.826077              2.75652              5.43766             5.788576             6.346718  2.116512
mean_days_to_respond_pull_request_review_comment                float64      9              0.75667             0.200781             0.683665             0.859159             0.975805             1.075363  0.307417
mean_days_to_respond_to_last_comment                            float64      9             2.984796             0.913172             2.177478             3.693946             3.722229             4.389456  1.235201
pull_request_comment_pos_sentiment_avg                          float64      9             0.180273             0.142007             0.176695             0.189003             0.190506             0.195351  0.017456
pull_request_comment_neg_sentiment_avg                          float64      9              0.02388             0.017521             0.021237             0.025085             0.025359             0.029462  0.003439
pull_request_comment_ov_sentiment_avg                           float64      9             0.155242             0.103517             0.148432             0.165038             0.167071             0.174705  0.022398
pull_request_opened_pos_sentiment_avg                           float64      9             0.043476             0.035979             0.040423             0.044165             0.046781             0.049038  0.004302
pull_request_opened_neg_sentiment_avg                           float64      9               0.0628             0.043075             0.056006             0.064037             0.066618              0.08569  0.011911
pull_request_opened_ov_sentiment_avg                            float64      9            -0.016117            -0.022178            -0.021079            -0.018784            -0.013799            -0.004158  0.006536
pull_request_review_approved_pos_sentiment_avg                  float64      9             0.401602             0.324296             0.386673              0.41239             0.428751             0.449912  0.042965
pull_request_review_approved_neg_sentiment_avg                  float64      9             0.011316              0.00856             0.009145             0.011103             0.012447             0.016917  0.002654
pull_request_review_approved_ov_sentiment_avg                   float64      9             0.358259             0.329508             0.349355             0.358689             0.366799             0.381405   0.01572
pull_request_review_changes_requested_pos_sentiment_avg         float64      9             0.128604                  0.0             0.118503             0.142003             0.153375             0.182381  0.053432
pull_request_review_changes_requested_neg_sentiment_avg         float64      9             0.009464                  0.0                  0.0             0.011092             0.013469             0.031429  0.010692
pull_request_review_changes_requested_ov_sentiment_avg          float64      9             0.176561                  0.0             0.173644             0.207738               0.2134             0.229772   0.07149
pull_request_review_comment_pos_sentiment_avg                   float64      9             0.130252             0.117766             0.129543              0.13165             0.133246             0.136822  0.005963
pull_request_review_comment_neg_sentiment_avg                   float64      9             0.023101             0.018668             0.021323             0.023687             0.025256             0.026559  0.002666
pull_request_review_comment_ov_sentiment_avg                    float64      9               0.1082             0.093705             0.107365             0.112232             0.112435             0.116979  0.007952
pull_request_review_commented_pos_sentiment_avg                 float64      9             0.317737              0.26027             0.267732              0.33368             0.345973             0.416875   0.05308
pull_request_review_commented_neg_sentiment_avg                 float64      9             0.013186             0.002261             0.005842             0.014023             0.019032             0.025652  0.007982
pull_request_review_commented_ov_sentiment_avg                  float64      9             0.284546             0.199591               0.2299             0.303067             0.311373             0.416587  0.068599
pull_request_review_dismissed_pos_sentiment_avg                 float64      3                  0.0                  0.0                  0.0                  0.0                  0.0                  0.0       0.0
pull_request_review_dismissed_neg_sentiment_avg                 float64      3                  0.0                  0.0                  0.0                  0.0                  0.0                  0.0       0.0
pull_request_review_dismissed_ov_sentiment_avg                  float64      3                  0.0                  0.0                  0.0                  0.0                  0.0                  0.0       0.0
pct_merged_with_approved                                        float64      9             0.417005             0.333333             0.384615             0.428571             0.454545             0.466667  0.046838
pct_merged_with_review                                          float64      9             0.470785             0.333333             0.384615                  0.5             0.538462             0.545455  0.082859
avg_pull_request_comment_count                                  float64      9             2.341076             0.538462             1.727273                 2.51             2.890909             3.633333  1.003483
avg_pull_request_review_count                                   float64      9             2.835551             2.490909             2.605911             2.747475             2.965035             3.533333  0.332884
avg_pull_request_review_comment_count                           float64      9             2.008074                 1.81             1.920354             1.965035             2.010101             2.433333  0.192252
avg_all_disc_count                                              float64      9             7.184701             5.468531             6.484848                 6.83             7.548673                  9.6  1.293969
avg_pull_request_comment_exclude_opener_count                   float64      9             1.696857             0.335821             1.264706                1.875              2.20979                  2.5  0.734697
avg_pull_request_review_exclude_opener_count                    float64      9             2.134089             1.937063              2.04023             2.141176              2.24183             2.358209  0.138427
avg_pull_request_review_comment_exclude_opener_count            float64      9              1.25327             1.086538             1.181818             1.213115             1.343284             1.424837  0.114366
avg_all_disc_exclude_opener_count                               float64      9             5.084216             4.037313             4.758824             5.079545             5.328671             5.852459  0.584365
clustering_coefficient                                          float64      9             0.213463             0.107292             0.123786             0.231942             0.295766             0.306622  0.082478

