File: drive/output/derived/org_outcomes_practices/repo_discussion_quality/important_degree_top3/rolling5/replit___replit-py.parquet

MD5 hash: 812c3b10271f14de13717048a8ca548d

Keys: time_period 

                                                                   type  count                 mean                  min                  25%                  50%                  75%                  max       std
time_period                                              datetime64[ns]     10  2022-10-01 04:48:00  2020-07-01 00:00:00  2021-08-16 00:00:00  2022-10-01 00:00:00  2023-11-16 00:00:00  2025-01-01 00:00:00          
response_rate                                                   float64      6             0.524844             0.066667             0.316742             0.574661              0.77754             0.857143  0.321502
mean_days_to_respond                                            float64      6             1.678279             0.000382             0.497356             1.545406             2.913828             3.460504  1.511307
pos_sentiment_avg                                               float64     10             0.120637             0.080773             0.112003             0.121425             0.123601             0.175043  0.024234
neg_sentiment_avg                                               float64     10             0.108541             0.036178             0.095318             0.112196             0.131548             0.167847  0.037184
ov_sentiment_avg                                                float64     10             0.040744            -0.008102             0.020268             0.035399             0.060622             0.099593   0.03074
response_rate_pull_request_comment                              float64      6              0.58934                 0.25             0.461538             0.596841             0.757504             0.864865  0.234657
response_rate_pull_request_opened                               float64      6             0.592593                  0.0                 0.25             0.666667                  1.0                  1.0   0.45902
response_rate_pull_request_review_comment                       float64      6             0.033333                  0.0                  0.0                  0.0                  0.0                  0.2   0.08165
mean_days_to_respond_pull_request_comment                       float64      6             1.891559             0.000451             0.440172             1.776155             3.381307              3.88539  1.774781
mean_days_to_respond_pull_request_opened                        float64      5             0.518417             0.061412             0.583134             0.583134             0.660187             0.704218  0.260697
mean_days_to_respond_to_last_comment                            float64      6             5.574022             0.000382             0.787125             3.572081             7.969011            17.006126  6.584813
mean_days_to_respond_pull_request_review_comment                float64      1             0.000313             0.000313             0.000313             0.000313             0.000313             0.000313          
pull_request_comment_pos_sentiment_avg                          float64     10              0.18099             0.094447             0.189657             0.194662             0.207405             0.214414  0.043679
pull_request_comment_neg_sentiment_avg                          float64     10              0.03177             0.020475             0.031602              0.03209             0.032545             0.037475  0.004453
pull_request_comment_ov_sentiment_avg                           float64     10             0.107028             0.044439             0.110933             0.115052             0.124433             0.148277  0.033475
pull_request_opened_pos_sentiment_avg                           float64     10             0.031614             0.021561              0.02805             0.028555             0.033253             0.056193  0.009979
pull_request_opened_neg_sentiment_avg                           float64     10              0.19294             0.022721             0.160386             0.185458             0.259205             0.325444  0.087365
pull_request_opened_ov_sentiment_avg                            float64     10             -0.05231            -0.104922            -0.076672            -0.060206            -0.040554              0.04346  0.045244
pull_request_review_approved_pos_sentiment_avg                  float64     10             0.334365              0.06625                0.372                0.372             0.375256             0.385897  0.099013
pull_request_review_approved_neg_sentiment_avg                  float64     10              0.05726                  0.0             0.008196                0.059               0.1095               0.1095  0.055151
pull_request_review_approved_ov_sentiment_avg                   float64     10             0.177608             0.050575              0.16885              0.16885             0.215613              0.24891  0.054922
pull_request_review_changes_requested_pos_sentiment_avg         float64      5                0.434                0.434                0.434                0.434                0.434                0.434       0.0
pull_request_review_changes_requested_neg_sentiment_avg         float64      5                  0.0                  0.0                  0.0                  0.0                  0.0                  0.0       0.0
pull_request_review_changes_requested_ov_sentiment_avg          float64      5               0.3182               0.3182               0.3182               0.3182               0.3182               0.3182       0.0
pull_request_review_comment_pos_sentiment_avg                   float64     10             0.089824                0.077              0.07875              0.07875             0.103087             0.121307  0.016053
pull_request_review_comment_neg_sentiment_avg                   float64     10             0.065692             0.030722             0.038436             0.068004              0.09375              0.09375  0.029708
pull_request_review_comment_ov_sentiment_avg                    float64     10             0.056707             0.047833              0.05435              0.05435             0.061575             0.062219  0.004872
pull_request_review_commented_pos_sentiment_avg                 float64      5             0.094696              0.08537              0.08537              0.08537              0.08537                0.132  0.020853
pull_request_review_commented_neg_sentiment_avg                 float64      5             0.015949                  0.0             0.019937             0.019937             0.019937             0.019937  0.008916
pull_request_review_commented_ov_sentiment_avg                  float64      5             0.210347             0.168434             0.168434             0.168434             0.168434                0.378  0.093721
pct_merged_with_approved                                        float64      6             0.303448                  0.0                  0.0             0.233333             0.582184             0.733333  0.343024
pct_merged_with_review                                          float64      6             0.325868                  0.0             0.016407             0.241954             0.608046                  0.8  0.360679
avg_pull_request_comment_count                                  float64      6             2.269402             0.189189             0.545455             2.102767             3.672197                  5.0  2.047485
avg_pull_request_review_count                                   float64      6             0.526399             0.086957             0.128947             0.486364             0.897727             1.054054  0.444221
avg_pull_request_review_comment_count                           float64      6             0.077935             0.043478             0.047249              0.07177             0.097727             0.135135  0.036904
avg_all_disc_count                                              float64      6             2.873736             1.378378             1.522727             2.577075             3.823227                  5.3  1.631903
avg_pull_request_comment_exclude_opener_count                   float64      6             1.309842             0.111111             0.348011             1.286096             2.260181             2.555556  1.128117
avg_pull_request_review_exclude_opener_count                    float64      6              0.53862             0.117647              0.17094             0.497475             0.896307             1.027778  0.419181
avg_all_disc_exclude_opener_count                               float64      6             1.880343             1.222222              1.28267             1.773897             2.404977             2.777778  0.691944
avg_pull_request_review_comment_exclude_opener_count            float64      3             0.063763             0.045455             0.053977               0.0625             0.072917             0.083333  0.018971
clustering_coefficient                                          float64     10             0.045774                  0.0                  0.0             0.019296             0.046646             0.281892  0.085866

