File: drive/output/derived/org_outcomes_practices/repo_discussion_quality/important_degree_top3/rolling5/ronf___asyncssh.parquet

MD5 hash: ac137ce5353d10b1e69bbd3b0c9e2584

Keys: time_period 

                                                                   type  count                           mean                  min                  25%                  50%                  75%                  max       std
time_period                                              datetime64[ns]     21  2019-12-31 17:08:34.285714176  2015-01-01 00:00:00  2017-07-01 00:00:00  2020-01-01 00:00:00  2022-07-01 00:00:00  2025-01-01 00:00:00          
response_rate                                                   float64     15                        0.70519             0.660377             0.690595                  0.7             0.727502                 0.75  0.026824
mean_days_to_respond                                            float64     15                       1.130044             0.686386             0.832207              0.98883             1.417567             2.082212  0.426018
pos_sentiment_avg                                               float64     21                       0.139862             0.071525             0.126725             0.147103             0.156936             0.163603  0.022866
neg_sentiment_avg                                               float64     21                       0.045507             0.030271             0.038678             0.044666             0.052467             0.061778    0.0086
ov_sentiment_avg                                                float64     21                       0.136572             0.051358             0.121603             0.141918              0.15374              0.20409  0.031582
response_rate_pull_request_comment                              float64     15                       0.607337             0.485714             0.562539             0.605263             0.656706             0.703704  0.065634
response_rate_pull_request_opened                               float64     15                            1.0                  1.0                  1.0                  1.0                  1.0                  1.0       0.0
response_rate_pull_request_review_comment                       float64      3                       0.555271             0.533333             0.544444             0.555556             0.566239             0.576923  0.021796
mean_days_to_respond_pull_request_comment                       float64     15                       1.030557              0.26013             0.708399             0.829797             1.198169             2.263955  0.604468
mean_days_to_respond_pull_request_opened                        float64     15                       1.258389             0.652512             0.757696             0.856528             1.678646             2.624453  0.709774
mean_days_to_respond_to_last_comment                            float64     15                       1.592259             0.496825             0.558027              1.12828             2.448793             4.804502  1.311908
mean_days_to_respond_pull_request_review_comment                float64      3                       0.288305             0.250919             0.270272             0.289626             0.306999             0.324371  0.036744
pull_request_comment_pos_sentiment_avg                          float64     21                        0.17323             0.071891             0.155566             0.166516             0.196545             0.216223  0.034522
pull_request_comment_neg_sentiment_avg                          float64     21                       0.025336             0.012063             0.022677             0.025449             0.028681             0.037273  0.006278
pull_request_comment_ov_sentiment_avg                           float64     21                       0.189738             0.055203               0.1822             0.188438             0.196353             0.272701  0.042206
pull_request_opened_pos_sentiment_avg                           float64     21                       0.047599             0.027206             0.037897             0.041755              0.05763             0.081102  0.014567
pull_request_opened_neg_sentiment_avg                           float64     21                       0.095789              0.03803             0.067108             0.079708             0.120612             0.185597  0.038683
pull_request_opened_ov_sentiment_avg                            float64     21                      -0.000069            -0.088487            -0.015745            -0.001708             0.024938             0.066039  0.043504
pull_request_review_comment_pos_sentiment_avg                   float64      7                       0.109738             0.078127             0.106916             0.112947             0.119593             0.124071  0.016011
pull_request_review_comment_neg_sentiment_avg                   float64      7                       0.059108             0.051487             0.056361             0.058819             0.062382             0.065967  0.005063
pull_request_review_comment_ov_sentiment_avg                    float64      7                       0.079479             0.016809             0.063685             0.068501             0.101628             0.140414  0.039344
pull_request_review_changes_requested_pos_sentiment_avg         float64      4                            0.0                  0.0                  0.0                  0.0                  0.0                  0.0       0.0
pull_request_review_changes_requested_neg_sentiment_avg         float64      4                           0.06                 0.06                 0.06                 0.06                 0.06                 0.06       0.0
pull_request_review_changes_requested_ov_sentiment_avg          float64      4                        -0.0387              -0.0387              -0.0387              -0.0387              -0.0387              -0.0387       0.0
pct_merged_with_approved                                        float64      4                       0.016667                  0.0                  0.0                  0.0             0.016667             0.066667  0.033333
pct_merged_with_review                                          float64      4                       0.174621                  0.0             0.136364             0.215909             0.254167             0.266667  0.122064
avg_pull_request_comment_count                                  float64     15                        3.23482             2.166667             2.880515             3.333333             3.593103                 4.25  0.571008
avg_all_disc_count                                              float64     15                         3.5639             2.166667             2.880515             3.333333             3.990909             5.925926  1.049533
avg_pull_request_review_count                                   float64      3                        0.80363             0.363636             0.612853             0.862069             1.023627             1.185185   0.41388
avg_pull_request_review_comment_count                           float64      3                        0.84177             0.409091             0.670063             0.931034              1.05811             1.185185  0.395672
avg_pull_request_comment_exclude_opener_count                   float64     15                       2.206746             1.611111               2.0625             2.266667                 2.35                2.625  0.296721
avg_all_disc_exclude_opener_count                               float64     15                       2.365343             1.611111               2.0625             2.266667               2.5125             3.814815  0.572841
avg_pull_request_review_exclude_opener_count                    float64      3                       0.396919             0.181818             0.280564              0.37931              0.50447              0.62963  0.224424
avg_pull_request_review_comment_exclude_opener_count            float64      3                       0.396068             0.181818             0.297806             0.413793             0.503193             0.592593   0.20596
clustering_coefficient                                          float64     21                       0.065516                  0.0                  0.0             0.022254              0.05225             0.442117  0.117366

