File: drive/output/derived/org_outcomes_practices/repo_discussion_quality/important_degree_top3/rolling5/rupert___pyls-black.parquet

MD5 hash: 7b23573e79fc5a346adb90e48f5ee92a

Keys: time_period 

                                                                type  count                 mean                  min                  25%                  50%                  75%                  max       std
time_period                                           datetime64[ns]     12  2020-11-15 10:00:00  2018-01-01 00:00:00  2019-05-16 18:00:00  2020-10-01 00:00:00  2022-02-15 06:00:00  2025-01-01 00:00:00          
response_rate                                                float64      4             0.625099                 0.55             0.595833             0.618056             0.647321             0.714286  0.067798
mean_days_to_respond                                         float64      4             3.311395             2.848122             3.034471              3.13826             3.415185              4.12094  0.557796
pos_sentiment_avg                                            float64      8             0.088372                  0.0             0.068657             0.106782              0.12091             0.158281  0.057873
neg_sentiment_avg                                            float64      8             0.185721                  0.1             0.132984             0.141881             0.155686                0.524  0.137833
ov_sentiment_avg                                             float64      8            -0.047814               -0.296            -0.053326            -0.005433              0.01588             0.058017  0.124817
response_rate_pull_request_comment                           float64      4             0.536111             0.444444             0.486111             0.516667             0.566667             0.666667  0.094444
response_rate_pull_request_opened                            float64      4                0.825             0.666667             0.766667             0.816667                0.875                  1.0    0.1371
response_rate_pull_request_review_comment                    float64      3             0.644444                  0.6             0.633333             0.666667             0.666667             0.666667   0.03849
mean_days_to_respond_pull_request_comment                    float64      4             1.504001             0.217387             1.059939             1.667212             2.111274             2.464193  0.973605
mean_days_to_respond_pull_request_opened                     float64      4             7.361581             6.042894             6.868774             7.281714             7.774521             8.840003  1.151133
mean_days_to_respond_to_last_comment                         float64      4             4.073641             0.346123             3.807558             4.997542             5.263626             5.953356  2.525703
mean_days_to_respond_pull_request_review_comment             float64      3             0.087645             0.001076             0.001076             0.001076              0.13093             0.260783  0.149942
pull_request_opened_pos_sentiment_avg                        float64      8             0.017845                  0.0              0.00645             0.011876             0.019334              0.06825  0.021974
pull_request_opened_neg_sentiment_avg                        float64      8              0.28067                  0.1             0.232471             0.267327             0.311462                0.524  0.120068
pull_request_opened_ov_sentiment_avg                         float64      8            -0.162604               -0.296            -0.176089             -0.16079            -0.141671            -0.059695  0.066644
pull_request_comment_pos_sentiment_avg                       float64      6             0.234949              0.14931             0.224419             0.248707             0.268866             0.271062  0.046665
pull_request_comment_neg_sentiment_avg                       float64      6             0.014652             0.007333             0.011737             0.015682             0.015846             0.022889  0.005338
pull_request_comment_ov_sentiment_avg                        float64      6             0.216539             0.191639             0.198161             0.214377             0.225039             0.257493  0.024558
pull_request_review_comment_pos_sentiment_avg                float64      5             0.054526                  0.0              0.05613             0.072167             0.072167             0.072167  0.031262
pull_request_review_comment_neg_sentiment_avg                float64      5             0.139887             0.095607             0.095607             0.095607             0.135861              0.27675  0.078469
pull_request_review_comment_ov_sentiment_avg                 float64      5            -0.121733            -0.208275            -0.119188            -0.093735            -0.093735            -0.093735  0.049618
pull_request_review_approved_pos_sentiment_avg               float64      2                0.233                0.233                0.233                0.233                0.233                0.233       0.0
pull_request_review_approved_neg_sentiment_avg               float64      2                  0.0                  0.0                  0.0                  0.0                  0.0                  0.0       0.0
pull_request_review_approved_ov_sentiment_avg                float64      2              0.42885              0.42885              0.42885              0.42885              0.42885              0.42885       0.0
pull_request_review_dismissed_pos_sentiment_avg              float64      2                0.233                0.233                0.233                0.233                0.233                0.233       0.0
pull_request_review_dismissed_neg_sentiment_avg              float64      2                  0.0                  0.0                  0.0                  0.0                  0.0                  0.0       0.0
pull_request_review_dismissed_ov_sentiment_avg               float64      2              0.42885              0.42885              0.42885              0.42885              0.42885              0.42885       0.0
pct_merged_with_approved                                     float64      2                  0.0                  0.0                  0.0                  0.0                  0.0                  0.0       0.0
pct_merged_with_review                                       float64      2                  0.0                  0.0                  0.0                  0.0                  0.0                  0.0       0.0
avg_pull_request_comment_count                               float64      4             2.024802                 1.25             1.491071             1.674603             2.208333                  3.5  1.007157
avg_all_disc_count                                           float64      4             2.875496             2.555556              2.56746             2.723214              3.03125                  3.5  0.441522
avg_pull_request_review_comment_count                        float64      3             0.967593             0.777778             0.888889                  1.0               1.0625                1.125  0.175865
avg_pull_request_review_count                                float64      1                  0.5                  0.5                  0.5                  0.5                  0.5                  0.5          
avg_pull_request_comment_exclude_opener_count                float64      4             1.318452             0.857143             1.089286             1.208333               1.4375                  2.0  0.484781
avg_all_disc_exclude_opener_count                            float64      4             1.787202                1.625              1.65625             1.761905             1.892857                  2.0  0.174177
avg_pull_request_review_comment_exclude_opener_count         float64      3             0.482143                0.375               0.4375                  0.5             0.535714             0.571429  0.099424
avg_pull_request_review_exclude_opener_count                 float64      1             0.428571             0.428571             0.428571             0.428571             0.428571             0.428571          
clustering_coefficient                                       float64     10              0.00348                  0.0                  0.0                  0.0                  0.0             0.034796  0.011003

