File: drive/output/derived/org_outcomes_practices/repo_discussion_quality/important_degree_top3/rolling5/saxix___django-adminfilters.parquet

MD5 hash: a9e1d076f9b6b8e41c30657bf8e64726

Keys: time_period 

                                                         type  count                           mean                  min                  25%                  50%                  75%                  max       std
time_period                                    datetime64[ns]     17  2019-02-12 09:52:56.470588160  2015-01-01 00:00:00  2017-01-01 00:00:00  2019-01-01 00:00:00  2021-01-01 00:00:00  2024-01-01 00:00:00          
response_rate                                         float64      2                         0.5625                  0.5              0.53125               0.5625              0.59375                0.625  0.088388
mean_days_to_respond                                  float64      2                       0.005551             0.004016             0.004784             0.005551             0.006318             0.007086   0.00217
pos_sentiment_avg                                     float64     13                       0.130059             0.050143                0.097              0.11955             0.123468                0.368  0.077002
neg_sentiment_avg                                     float64     13                       0.184428                  0.0             0.112037             0.179778                0.262             0.349333  0.108671
ov_sentiment_avg                                      float64     13                        0.00639            -0.118044            -0.041372            -0.012697             0.030138             0.237867  0.100972
response_rate_pull_request_comment                    float64      2                            0.2                  0.0                  0.1                  0.2                  0.3                  0.4  0.282843
response_rate_pull_request_opened                     float64      2                            1.0                  1.0                  1.0                  1.0                  1.0                  1.0       0.0
mean_days_to_respond_pull_request_opened              float64      2                       0.003032             0.002049             0.002541             0.003032             0.003524             0.004016  0.001391
mean_days_to_respond_to_last_comment                  float64      2                       0.004271             0.004016             0.004144             0.004271             0.004398             0.004525   0.00036
mean_days_to_respond_pull_request_comment             float64      1                       0.014641             0.014641             0.014641             0.014641             0.014641             0.014641          
pull_request_opened_pos_sentiment_avg                 float64     13                       0.107001                  0.0             0.067855                0.097             0.106307                0.368   0.08649
pull_request_opened_neg_sentiment_avg                 float64     13                       0.240332                  0.0             0.178296              0.28175                0.322             0.349333  0.111547
pull_request_opened_ov_sentiment_avg                  float64     13                      -0.035215            -0.197333            -0.118044             -0.06215            -0.010552             0.237867  0.122261
pull_request_comment_pos_sentiment_avg                float64      7                       0.142282               0.0403             0.141019             0.142537             0.157415             0.216267  0.052213
pull_request_comment_neg_sentiment_avg                float64      7                       0.042843                  0.0             0.030682             0.045778             0.055179               0.0824  0.027361
pull_request_comment_ov_sentiment_avg                 float64      7                       0.077068             0.041064             0.063745             0.070828             0.075255             0.149584  0.034334
pull_request_review_comment_pos_sentiment_avg         float64      3                          0.351                0.351                0.351                0.351                0.351                0.351       0.0
pull_request_review_comment_neg_sentiment_avg         float64      3                            0.0                  0.0                  0.0                  0.0                  0.0                  0.0       0.0
pull_request_review_comment_ov_sentiment_avg          float64      3                         0.4019               0.4019               0.4019               0.4019               0.4019               0.4019       0.0
avg_pull_request_comment_count                        float64      2                       2.333333                  2.0             2.166667             2.333333                  2.5             2.666667  0.471405
avg_all_disc_count                                    float64      2                       2.333333                  2.0             2.166667             2.333333                  2.5             2.666667  0.471405
avg_pull_request_comment_exclude_opener_count         float64      2                       1.833333             1.666667                 1.75             1.833333             1.916667                  2.0  0.235702
avg_all_disc_exclude_opener_count                     float64      2                       1.833333             1.666667                 1.75             1.833333             1.916667                  2.0  0.235702
clustering_coefficient                                float64      6                            0.0                  0.0                  0.0                  0.0                  0.0                  0.0       0.0

