File: drive/output/derived/org_outcomes_practices/repo_discussion_quality/important_degree_top3/rolling5/scoder___fastrlock.parquet

MD5 hash: 69da1e344253704a477abf928dea259e

Keys: time_period 

                                                  type  count                 mean                  min                  25%                  50%                  75%                  max       std
time_period                             datetime64[ns]     12  2021-05-16 20:00:00  2017-07-01 00:00:00  2019-11-16 00:00:00  2021-04-01 12:00:00  2022-11-15 06:00:00  2025-01-01 00:00:00          
response_rate                                  float64      2             0.333333                  0.0             0.166667             0.333333                  0.5             0.666667  0.471405
mean_days_to_respond                           float64      1             1.571262             1.571262             1.571262             1.571262             1.571262             1.571262          
pos_sentiment_avg                              float64     10             0.213135             0.136185              0.16943             0.226178             0.241237             0.278208  0.049002
neg_sentiment_avg                              float64     10             0.019933                  0.0             0.004012             0.018879             0.035729             0.046428  0.018003
ov_sentiment_avg                               float64     10             0.155353               0.1049             0.126737             0.159544             0.186739             0.197288  0.035857
response_rate_issue_comment                    float64      2                 0.25                  0.0                0.125                 0.25                0.375                  0.5  0.353553
response_rate_issue_opened                     float64      1                  1.0                  1.0                  1.0                  1.0                  1.0                  1.0          
mean_days_to_respond_issue_comment             float64      1             0.145295             0.145295             0.145295             0.145295             0.145295             0.145295          
mean_days_to_respond_issue_opened              float64      1             2.997228             2.997228             2.997228             2.997228             2.997228             2.997228          
mean_days_to_respond_to_last_comment           float64      1             0.133866             0.133866             0.133866             0.133866             0.133866             0.133866          
issue_comment_pos_sentiment_avg                float64     10             0.301437             0.046875             0.154194             0.318164             0.395771              0.59375  0.181821
issue_comment_neg_sentiment_avg                float64     10             0.000904                  0.0                  0.0                  0.0             0.001636             0.003429  0.001494
issue_comment_ov_sentiment_avg                 float64     10             0.199279             0.028675             0.122517             0.224277             0.274962              0.30993  0.098254
issue_opened_pos_sentiment_avg                 float64     10             0.123571                  0.0             0.099106             0.122006             0.170512             0.231063  0.079163
issue_opened_neg_sentiment_avg                 float64     10             0.016304                  0.0                  0.0             0.007687             0.032255             0.043104  0.018496
issue_opened_ov_sentiment_avg                  float64     10             0.112904                  0.0              0.08166              0.12668              0.16013             0.213883   0.07173
pull_request_comment_pos_sentiment_avg         float64      9             0.193661                  0.0             0.176267             0.194875             0.222833              0.27875  0.082276
pull_request_comment_neg_sentiment_avg         float64      9             0.013459                  0.0                  0.0               0.0084             0.023458             0.035187  0.014351
pull_request_comment_ov_sentiment_avg          float64      9             0.139203                  0.0             0.125333             0.150131             0.163679             0.190775  0.057254
pull_request_opened_pos_sentiment_avg          float64      8             0.230028                  0.0             0.097375             0.176083                0.375                  0.5  0.194567
pull_request_opened_neg_sentiment_avg          float64      8             0.109167                  0.0                  0.0             0.087333               0.1965                0.262  0.121282
pull_request_opened_ov_sentiment_avg           float64      8             0.120394             -0.04185               0.0361             0.082158             0.236694             0.286175  0.127666
pct_merged_with_approved                       float64      0                                                                                                                                        
pct_merged_with_review                         float64      0                                                                                                                                        
avg_all_disc_count                             float64      0                                                                                                                                        
avg_all_disc_exclude_opener_count              float64      0                                                                                                                                        
clustering_coefficient                         float64      7                  0.0                  0.0                  0.0                  0.0                  0.0                  0.0       0.0

