File: drive/output/derived/org_outcomes_practices/repo_discussion_quality/important_degree_top3/rolling5/slackapi___bolt-python.parquet

MD5 hash: 95a18362fa18765d71b93fba0a088057

Keys: time_period 

                                                                   type  count                 mean                  min                  25%                  50%                  75%                  max       std
time_period                                              datetime64[ns]     10  2022-10-01 04:48:00  2020-07-01 00:00:00  2021-08-16 00:00:00  2022-10-01 00:00:00  2023-11-16 00:00:00  2025-01-01 00:00:00          
response_rate                                                   float64     10             0.388009             0.224638             0.374456             0.415068             0.421885             0.455581  0.067361
mean_days_to_respond                                            float64     10             1.452853             0.407378             0.882486             1.466535             1.924105             2.582273  0.736581
pos_sentiment_avg                                               float64     10             0.139955             0.113787             0.129255             0.139108             0.152496              0.17056  0.018338
neg_sentiment_avg                                               float64     10             0.021149             0.017389             0.020366             0.021547             0.022107             0.023856  0.001879
ov_sentiment_avg                                                float64     10             0.168574             0.135247             0.150043             0.164216             0.184929             0.211198  0.026632
response_rate_pull_request_comment                              float64     10              0.46362             0.294118             0.429949              0.47956             0.527778             0.560976  0.087217
response_rate_pull_request_opened                               float64     10              0.75955             0.108696             0.758924             0.886361             0.921804             0.930233  0.270763
response_rate_pull_request_review_comment                       float64     10             0.209592              0.15493             0.171919             0.201903             0.241237             0.277778  0.043894
mean_days_to_respond_pull_request_comment                       float64     10             2.039384             0.051822             0.146697             2.001195             2.930689             6.395038  2.066036
mean_days_to_respond_pull_request_opened                        float64     10             1.117445             0.044521             0.168101             0.860406             1.566895             3.796527  1.194503
mean_days_to_respond_pull_request_review_comment                float64     10             1.244199             0.946222             1.075668             1.161374              1.39218             1.678139  0.232537
mean_days_to_respond_to_last_comment                            float64     10             1.535533             0.225732             0.660832              1.45096             2.271257             3.059507   1.03157
pull_request_comment_pos_sentiment_avg                          float64     10             0.127863              0.07275             0.110395             0.135051              0.14652             0.170641  0.033689
pull_request_comment_neg_sentiment_avg                          float64     10              0.02804              0.01095             0.016701             0.020827             0.029912              0.08465  0.021591
pull_request_comment_ov_sentiment_avg                           float64     10             0.147279             0.016055             0.120188             0.160005              0.18829             0.215325  0.059739
pull_request_opened_pos_sentiment_avg                           float64     10             0.077976             0.076762             0.077888             0.078066             0.078213              0.07909  0.000698
pull_request_opened_neg_sentiment_avg                           float64     10             0.006684             0.004888             0.005228             0.006325             0.007965              0.00928  0.001631
pull_request_opened_ov_sentiment_avg                            float64     10             0.157745             0.155709             0.156977             0.157402             0.158297             0.159988  0.001361
pull_request_review_approved_pos_sentiment_avg                  float64     10             0.376883             0.314517             0.350868             0.389659             0.404967             0.413522  0.033996
pull_request_review_approved_neg_sentiment_avg                  float64     10             0.009506             0.004372             0.006701             0.009015             0.012758             0.015434   0.00395
pull_request_review_approved_ov_sentiment_avg                   float64     10             0.388784             0.331786             0.372757             0.381826             0.412368             0.441833   0.03556
pull_request_review_changes_requested_pos_sentiment_avg         float64     10             0.258556             0.196053             0.232944             0.259049              0.28354             0.325875  0.038509
pull_request_review_changes_requested_neg_sentiment_avg         float64     10             0.011553             0.002846             0.005691              0.00876             0.016682                0.027  0.007823
pull_request_review_changes_requested_ov_sentiment_avg          float64     10             0.383261             0.281826             0.325849             0.344695             0.438717             0.561775  0.085183
pull_request_review_comment_pos_sentiment_avg                   float64     10             0.124162             0.109344             0.112269             0.116111             0.129565             0.168905  0.018887
pull_request_review_comment_neg_sentiment_avg                   float64     10             0.034272             0.027096             0.031215             0.034862             0.036297             0.042223   0.00497
pull_request_review_comment_ov_sentiment_avg                    float64     10             0.124879             0.097385              0.10161             0.113035             0.142786             0.178159  0.029563
pull_request_review_commented_pos_sentiment_avg                 float64     10             0.163703             0.114758             0.140246             0.170168             0.183876             0.211133  0.031358
pull_request_review_commented_neg_sentiment_avg                 float64     10             0.012372                  0.0             0.006982             0.009173             0.012709               0.0445  0.012225
pull_request_review_commented_ov_sentiment_avg                  float64     10             0.182624             0.121934              0.14926             0.180357             0.202885             0.248597   0.04136
pct_merged_with_approved                                        float64     10             0.343246             0.191176             0.251642             0.308438             0.453818              0.48913  0.113855
pct_merged_with_review                                          float64     10             0.474508             0.352941             0.417488             0.472127             0.507009             0.608696  0.081796
avg_pull_request_comment_count                                  float64     10             1.265406                0.125             1.237319             1.458639             1.566987             1.598901  0.470188
avg_pull_request_review_count                                   float64     10             1.579092             1.087912             1.186246             1.438263             1.904891             2.428571  0.466303
avg_pull_request_review_comment_count                           float64     10             1.989207             1.302198             1.709943             1.885517              2.09182             3.507937  0.631298
avg_all_disc_count                                              float64     10             4.833705             3.222222             4.403497             4.817115             5.145555             6.857143  0.976128
avg_pull_request_comment_exclude_opener_count                   float64     10             1.031151             0.090909             0.980524             1.211458             1.300935             1.325581  0.401698
avg_pull_request_review_exclude_opener_count                    float64     10             0.980031             0.622093             0.752917             0.826817             1.275409             1.488889  0.317756
avg_pull_request_review_comment_exclude_opener_count            float64     10             1.234595             0.639535             0.971696              1.09986             1.272708             2.866667   0.61409
avg_all_disc_exclude_opener_count                               float64     10             3.245776             2.242424             3.071891             3.134688             3.284809             5.333333   0.80883
clustering_coefficient                                          float64     10             0.137303                  0.0             0.014805             0.077294             0.258639             0.383307  0.139344

