File: drive/output/derived/org_outcomes_practices/repo_discussion_quality/important_degree_top3/rolling5/sqlalchemy___mako.parquet

MD5 hash: 72d6034d4e7f005f76f3e8449cd06d88

Keys: time_period 

                                                                   type  count                           mean                  min                  25%                  50%                  75%                  max        std
time_period                                              datetime64[ns]     13  2021-12-31 05:32:18.461538560  2019-01-01 00:00:00  2020-07-01 00:00:00  2022-01-01 00:00:00  2023-07-01 00:00:00  2025-01-01 00:00:00           
response_rate                                                   float64      9                       0.646491             0.357143             0.657143             0.670886             0.714286             0.742857   0.119906
mean_days_to_respond                                            float64      9                       6.309642             0.135251             1.385104             5.014493            11.234984            12.654893   5.244448
pos_sentiment_avg                                               float64     13                       0.149772             0.041893             0.149648             0.152956             0.172778             0.232839   0.048369
neg_sentiment_avg                                               float64     13                       0.041784             0.015835             0.025153             0.043019              0.05691             0.075525   0.019731
ov_sentiment_avg                                                float64     13                       0.100364             0.037606             0.096508             0.105402             0.113712             0.119806   0.021896
response_rate_pull_request_comment                              float64      9                        0.70551             0.555556             0.681818             0.719298             0.734694                  0.8   0.068059
response_rate_pull_request_opened                               float64      9                       0.817901             0.111111                  1.0                  1.0                  1.0                  1.0   0.363005
response_rate_pull_request_review_comment                       float64      8                       0.378195                0.125             0.333333             0.355042             0.428571             0.666667   0.150003
mean_days_to_respond_pull_request_comment                       float64      9                       8.037134             0.090163             0.958018             5.818691            15.584135            15.736841   7.253361
mean_days_to_respond_pull_request_opened                        float64      9                       0.877751             0.090035             0.344938             0.588542              1.32151             2.151271   0.700555
mean_days_to_respond_to_last_comment                            float64      9                      15.808585             0.181682             1.325527             8.257395            30.928603            35.676037  15.863211
mean_days_to_respond_pull_request_review_comment                float64      8                       1.714711             0.541169             0.784919             1.376367              2.68311             3.312697   1.127825
pull_request_comment_pos_sentiment_avg                          float64     12                       0.235962             0.204361             0.221329             0.225642             0.242289             0.327564   0.032394
pull_request_comment_neg_sentiment_avg                          float64     12                       0.032314             0.011474             0.020768             0.029673             0.046136              0.05301   0.015959
pull_request_comment_ov_sentiment_avg                           float64     12                        0.18108             0.137461              0.16471             0.169648             0.181976              0.25959   0.034761
pull_request_opened_pos_sentiment_avg                           float64     13                       0.038473             0.019686             0.026673             0.044321             0.047883             0.060451   0.014043
pull_request_opened_neg_sentiment_avg                           float64     13                       0.099517             0.023212             0.060902             0.100819             0.127095               0.2143    0.04967
pull_request_opened_ov_sentiment_avg                            float64     13                      -0.026383            -0.153852            -0.076873             0.000925             0.027305             0.074306     0.0729
pull_request_review_comment_pos_sentiment_avg                   float64     12                       0.091749             0.060877             0.072548             0.088719             0.098448               0.1726   0.029838
pull_request_review_comment_neg_sentiment_avg                   float64     12                       0.023792             0.011341             0.017714             0.023218             0.031958             0.034277   0.008435
pull_request_review_comment_ov_sentiment_avg                    float64     12                       0.063763             0.019529             0.037769             0.066961             0.088359             0.102773   0.031168
pull_request_review_commented_pos_sentiment_avg                 float64      9                       0.006255                  0.0                  0.0             0.005339             0.006732             0.018583   0.007081
pull_request_review_commented_neg_sentiment_avg                 float64      9                       0.001543                  0.0                  0.0             0.001828             0.002038             0.005889   0.001917
pull_request_review_commented_ov_sentiment_avg                  float64      9                        0.00756                  0.0                  0.0             0.006001             0.007567             0.026517   0.009346
pull_request_review_changes_requested_pos_sentiment_avg         float64      7                       0.205735             0.108393              0.13896              0.24625             0.263458             0.280667    0.07613
pull_request_review_changes_requested_neg_sentiment_avg         float64      7                       0.040849                0.012             0.020306                 0.05             0.058333             0.066667   0.023505
pull_request_review_changes_requested_ov_sentiment_avg          float64      7                        0.14541              0.09395              0.12459             0.160763             0.168685             0.176607    0.03608
pct_merged_with_approved                                        float64      0                                                                                                                                                   
pct_merged_with_review                                          float64      0                                                                                                                                                   
avg_pull_request_comment_count                                  float64      9                       3.627866             1.181818                  2.6             4.285714                  4.5                  5.0   1.315104
avg_all_disc_count                                              float64      9                       5.607079                  2.6             4.785714             4.909091             6.923077             7.933333    1.72092
avg_pull_request_review_comment_count                           float64      8                       0.839978                0.375             0.484375             0.879679             1.165385             1.294118   0.366229
avg_pull_request_review_count                                   float64      5                       2.218621             0.529412             1.705882             2.333333             2.909091             3.615385   1.178684
avg_pull_request_comment_exclude_opener_count                   float64      9                         3.2341                  1.0                  2.4             3.642857             4.117647             4.529412   1.208071
avg_all_disc_exclude_opener_count                               float64      9                        5.11276                  2.4                  4.0             4.545455             6.461538             7.666667    1.74075
avg_pull_request_review_comment_exclude_opener_count            float64      8                       0.747833                 0.25             0.345982             0.775401             1.107692             1.235294   0.404708
avg_pull_request_review_exclude_opener_count                    float64      5                       2.185054             0.529412             1.705882             2.333333             2.818182             3.538462   1.142946
clustering_coefficient                                          float64     13                       0.225235                  0.0             0.196187             0.233328             0.291747             0.376454   0.116041

