File: drive/output/derived/org_outcomes_practices/repo_discussion_quality/important_degree_top3/rolling5/stac-utils___stac-check.parquet

MD5 hash: 60c32d422d480f1fc1a7650b5f501f76

Keys: time_period 

                                                                   type  count                           mean                  min                  25%                  50%                  75%                  max       std
time_period                                              datetime64[ns]      7  2023-07-02 03:25:42.857142784  2022-01-01 00:00:00  2022-10-01 00:00:00  2023-07-01 00:00:00  2024-04-01 00:00:00  2025-01-01 00:00:00          
response_rate                                                   float64      5                       0.480095             0.457143             0.482759             0.485714             0.486486             0.488372  0.012989
mean_days_to_respond                                            float64      5                       1.616457              0.56785             0.647836             1.842665             1.947534               3.0764  1.040435
pos_sentiment_avg                                               float64      6                       0.216111             0.192921             0.204341             0.215738             0.222324             0.247208  0.019045
neg_sentiment_avg                                               float64      6                       0.052601             0.039145             0.048766             0.051754              0.05342              0.07121  0.010512
ov_sentiment_avg                                                float64      6                       0.172012             0.146625             0.164507              0.17031             0.184222             0.193395  0.017064
response_rate_issue_comment                                     float64      5                       0.514188                  0.4                  0.5                  0.5             0.555556             0.615385  0.079677
response_rate_issue_opened                                      float64      5                            1.0                  1.0                  1.0                  1.0                  1.0                  1.0       0.0
response_rate_pull_request_comment                              float64      5                       0.273333                  0.2                 0.25                 0.25             0.333333             0.333333  0.058452
response_rate_pull_request_opened                               float64      5                       0.405556             0.333333                0.375                0.375             0.444444                  0.5  0.066173
response_rate_pull_request_review_comment                       float64      5                       0.376807                 0.25                  0.3             0.428571             0.441176             0.464286  0.095466
mean_days_to_respond_issue_comment                              float64      5                       0.429111             0.132407             0.178303             0.506662             0.656363             0.671819  0.258603
mean_days_to_respond_issue_opened                               float64      5                       5.485369             0.086474             2.095937             6.470278             7.516025            11.258131  4.445636
mean_days_to_respond_pull_request_comment                       float64      5                       0.033845             0.030081             0.030081             0.030081             0.039491             0.039491  0.005154
mean_days_to_respond_pull_request_opened                        float64      5                       3.119546             0.074321             0.074321              3.13388             6.157604             6.157604  3.041652
mean_days_to_respond_pull_request_review_comment                float64      5                       0.102455             0.056541             0.074334             0.083096             0.083096             0.215204  0.063955
mean_days_to_respond_to_last_comment                            float64      5                       0.255413             0.080777             0.125966             0.240947             0.411028             0.418348  0.156706
issue_comment_pos_sentiment_avg                                 float64      6                       0.236037             0.196989             0.223379             0.248789             0.251374              0.25451  0.023958
issue_comment_neg_sentiment_avg                                 float64      6                       0.017194             0.006278             0.013409             0.015925              0.01986             0.031295  0.008442
issue_comment_ov_sentiment_avg                                  float64      6                       0.225205             0.174952             0.202111             0.230979             0.252365              0.26234  0.034892
issue_opened_pos_sentiment_avg                                  float64      6                       0.042463             0.034429             0.038896             0.042907             0.044749             0.051613  0.005969
issue_opened_neg_sentiment_avg                                  float64      6                       0.027024             0.016738             0.019148             0.020012             0.020767               0.0655  0.018906
issue_opened_ov_sentiment_avg                                   float64      6                       0.055995             0.029063             0.054322             0.060686             0.064108             0.068087  0.014208
pull_request_comment_pos_sentiment_avg                          float64      6                       0.455851             0.295532             0.391346             0.486238             0.520032             0.576083   0.10537
pull_request_comment_neg_sentiment_avg                          float64      6                       0.032042                0.015             0.021637              0.02924             0.038187               0.0585  0.015845
pull_request_comment_ov_sentiment_avg                           float64      6                       0.369478             0.220798             0.280653             0.389148             0.465745             0.482008  0.112243
pull_request_opened_pos_sentiment_avg                           float64      6                       0.014215                  0.0             0.001119             0.004712             0.019766              0.05116  0.020297
pull_request_opened_neg_sentiment_avg                           float64      6                        0.16544             0.120923             0.156957              0.17007             0.179387               0.1965  0.026079
pull_request_opened_ov_sentiment_avg                            float64      6                       -0.04883               -0.111            -0.086157            -0.074854            -0.038205             0.083644  0.070421
pull_request_review_approved_pos_sentiment_avg                  float64      6                       0.360407                0.172             0.216306             0.349222             0.454222             0.630778  0.179409
pull_request_review_approved_neg_sentiment_avg                  float64      6                            0.0                  0.0                  0.0                  0.0                  0.0                  0.0       0.0
pull_request_review_approved_ov_sentiment_avg                   float64      6                       0.432991             0.394728             0.394728             0.417564               0.4404             0.532964  0.053845
pull_request_review_comment_pos_sentiment_avg                   float64      6                        0.28581                0.204             0.265752             0.308739             0.311581             0.329429  0.047844
pull_request_review_comment_neg_sentiment_avg                   float64      6                       0.030418                0.022             0.022687             0.024788              0.03106             0.055796  0.013046
pull_request_review_comment_ov_sentiment_avg                    float64      6                       0.216198             0.157015             0.190794              0.23566             0.239438             0.252319  0.039481
pull_request_review_changes_requested_pos_sentiment_avg         float64      5                       0.093222                  0.0                  0.0                  0.0                0.201             0.265111  0.129647
pull_request_review_changes_requested_neg_sentiment_avg         float64      5                            0.0                  0.0                  0.0                  0.0                  0.0                  0.0       0.0
pull_request_review_changes_requested_ov_sentiment_avg          float64      5                       0.067327                  0.0                  0.0                  0.0               0.1336             0.203033  0.095403
pull_request_review_commented_pos_sentiment_avg                 float64      1                         0.1095               0.1095               0.1095               0.1095               0.1095               0.1095          
pull_request_review_commented_neg_sentiment_avg                 float64      1                            0.0                  0.0                  0.0                  0.0                  0.0                  0.0          
pull_request_review_commented_ov_sentiment_avg                  float64      1                        0.21075              0.21075              0.21075              0.21075              0.21075              0.21075          
pct_merged_with_approved                                        float64      5                       0.307546             0.142857                 0.25             0.333333                 0.35             0.461538   0.11897
pct_merged_with_review                                          float64      5                       0.417057             0.285714                  0.4             0.416667             0.444444             0.538462  0.090872
avg_pull_request_comment_count                                  float64      5                       1.211111                  1.0                  1.0             1.222222             1.333333                  1.5  0.216595
avg_pull_request_review_count                                   float64      5                       4.052778                  2.0                2.625             4.222222             5.666667                 5.75  1.715106
avg_pull_request_review_comment_count                           float64      5                       4.052778                  1.0                1.625             4.222222             6.166667                 7.25  2.735554
avg_all_disc_count                                              float64      5                       9.316667             4.333333                 5.75             9.666667            12.833333                 14.0  4.241986
avg_pull_request_comment_exclude_opener_count                   float64      5                       0.502778             0.333333                0.375                  0.5             0.555556                 0.75  0.165038
avg_pull_request_review_exclude_opener_count                    float64      5                       2.266667             1.666667                  2.0             2.333333                  2.5             2.833333  0.450309
avg_pull_request_review_comment_exclude_opener_count            float64      5                       2.266667             0.666667                  1.0             2.333333             3.333333                  4.0   1.44145
avg_all_disc_exclude_opener_count                               float64      5                       5.036111             2.666667                3.375             5.222222             6.666667                 7.25  1.998012
clustering_coefficient                                          float64      7                            0.0                  0.0                  0.0                  0.0                  0.0                  0.0       0.0

