File: drive/output/derived/org_outcomes_practices/repo_discussion_quality/important_degree_top3/rolling5/stonesjtu___pytorch_memlab.parquet

MD5 hash: 8911113a66c9347cc58b084f1a280abb

Keys: time_period 

                                                                type  count                           mean                  min                  25%                  50%                  75%                  max        std
time_period                                           datetime64[ns]     13  2021-12-31 05:32:18.461538560  2019-01-01 00:00:00  2020-07-01 00:00:00  2022-01-01 00:00:00  2023-07-01 00:00:00  2025-01-01 00:00:00           
response_rate                                                float64      9                       0.580538             0.454545             0.533333             0.553191             0.666667             0.712121   0.089344
mean_days_to_respond                                         float64      9                      26.055695             1.115275            23.751163            26.989365             32.38792             37.76224  10.681639
pos_sentiment_avg                                            float64     11                       0.129004             0.077732             0.110877             0.117312             0.125639              0.29025   0.056564
neg_sentiment_avg                                            float64     11                       0.038794                  0.0             0.023556             0.040088             0.057012              0.06174   0.021431
ov_sentiment_avg                                             float64     11                       0.137874             0.056607             0.085577             0.095455             0.128616             0.504425   0.124315
response_rate_issue_comment                                  float64      9                       0.475009                  0.2             0.363636             0.545455             0.576923             0.605263   0.151159
response_rate_issue_opened                                   float64      9                            1.0                  1.0                  1.0                  1.0                  1.0                  1.0        0.0
response_rate_pull_request_comment                           float64      8                       0.562793                 0.25              0.46875             0.596154             0.699231             0.772727   0.186443
response_rate_pull_request_opened                            float64      8                          0.975                  0.8                  1.0                  1.0                  1.0                  1.0   0.070711
response_rate_pull_request_review_comment                    float64      5                          0.192                  0.0                 0.24                 0.24                 0.24                 0.24   0.107331
mean_days_to_respond_issue_comment                           float64      9                      48.350434             0.666192            37.283893            41.869812            58.450123           125.430712  38.897873
mean_days_to_respond_issue_opened                            float64      9                       6.384917             0.962037             1.742512             4.878154            10.512458            12.578385   4.658892
mean_days_to_respond_to_last_comment                         float64      9                      45.534814             0.345664            42.787057             50.16415            54.160189            65.080322  18.539511
mean_days_to_respond_pull_request_comment                    float64      8                      40.472251             0.001551            25.204985            47.695904            58.184059             61.60656  22.368654
mean_days_to_respond_pull_request_opened                     float64      8                       0.787961             0.134898             0.665867             0.761285             0.977357             1.213455   0.345751
mean_days_to_respond_pull_request_review_comment             float64      4                       0.421201             0.421201             0.421201             0.421201             0.421201             0.421201        0.0
issue_comment_pos_sentiment_avg                              float64     11                        0.16301             0.093693             0.123208             0.142686             0.167853                0.391   0.081093
issue_comment_neg_sentiment_avg                              float64     11                       0.020133                  0.0             0.012961             0.025068             0.028541             0.030792   0.011545
issue_comment_ov_sentiment_avg                               float64     11                       0.202744             0.140568             0.158488             0.165338              0.18253               0.5423   0.114495
issue_opened_pos_sentiment_avg                               float64     11                       0.118736             0.063571             0.092485              0.12705             0.137008               0.1895   0.036304
issue_opened_neg_sentiment_avg                               float64     11                       0.022517                  0.0             0.014681             0.024739             0.031358               0.0445   0.014532
issue_opened_ov_sentiment_avg                                float64     11                        0.17323             0.085388             0.133992             0.144243             0.165618              0.46655   0.101157
pull_request_opened_pos_sentiment_avg                        float64     10                       0.049199                  0.0              0.02424              0.04078             0.067146                0.125   0.037097
pull_request_opened_neg_sentiment_avg                        float64     10                       0.159652                  0.0             0.114625              0.20608             0.212939             0.243125   0.082514
pull_request_opened_ov_sentiment_avg                         float64     10                      -0.107704             -0.19565            -0.136719            -0.121178            -0.111785                  0.0   0.061106
pull_request_comment_pos_sentiment_avg                       float64      9                       0.188639                0.041               0.1665             0.211715             0.218223              0.33975   0.086267
pull_request_comment_neg_sentiment_avg                       float64      9                       0.020567                  0.0             0.008042             0.032142             0.032142             0.036733   0.015501
pull_request_comment_ov_sentiment_avg                        float64      9                       0.152703             0.010217             0.139448              0.16515             0.165151             0.345075   0.090978
pull_request_review_comment_pos_sentiment_avg                float64      6                       0.042441                  0.0             0.050929             0.050929             0.050929             0.050929   0.020792
pull_request_review_comment_neg_sentiment_avg                float64      6                       0.074767             0.060321             0.060321             0.060321             0.060321                0.147   0.035387
pull_request_review_comment_ov_sentiment_avg                 float64      6                      -0.018885              -0.1626             0.009858             0.009858             0.009858             0.009858   0.070406
pct_merged_with_approved                                     float64      7                            0.0                  0.0                  0.0                  0.0                  0.0                  0.0        0.0
pct_merged_with_review                                       float64      7                       0.028571                  0.0                  0.0                  0.0                  0.0                  0.2   0.075593
avg_all_disc_count                                           float64      8                       5.552462                  1.2               1.5625             4.909091              8.19697            13.333333   4.633395
avg_pull_request_comment_count                               float64      8                       2.523422                  1.2               1.3125             2.545455             3.207071             4.666667   1.274262
avg_pull_request_review_comment_count                        float64      5                       4.813131             0.166667             4.727273             4.727273             5.777778             8.666667    3.05715
avg_pull_request_review_count                                float64      1                       0.166667             0.166667             0.166667             0.166667             0.166667             0.166667           
avg_all_disc_exclude_opener_count                            float64      8                       3.135417                  1.0               1.5625                  3.0             4.166667                  6.5     1.9538
avg_pull_request_comment_exclude_opener_count                float64      8                       1.714962                  1.0               1.3125             1.818182                  2.0                  2.5   0.488889
avg_pull_request_review_comment_exclude_opener_count         float64      5                       2.239394             0.166667             2.181818             2.181818             2.666667                  4.0   1.377055
avg_pull_request_review_exclude_opener_count                 float64      1                       0.166667             0.166667             0.166667             0.166667             0.166667             0.166667           
clustering_coefficient                                       float64     12                       0.018111                  0.0                  0.0                  0.0             0.027768             0.096905   0.028834

