File: drive/output/derived/org_outcomes_practices/repo_discussion_quality/important_degree_top3/rolling5/swanhubx___swanlab-toolkit.parquet

MD5 hash: d4743eb7ca392bd32020586cfd344c85

Keys: time_period 

                                                                type  count                 mean                  min                  25%                  50%                  75%                  max       std
time_period                                           datetime64[ns]      3  2024-07-01 16:00:00  2024-01-01 00:00:00  2024-04-01 00:00:00  2024-07-01 00:00:00  2024-10-01 00:00:00  2025-01-01 00:00:00          
response_rate                                                float64      1                  0.0                  0.0                  0.0                  0.0                  0.0                  0.0          
mean_days_to_respond                                         float64      0                                                                                                                                        
pos_sentiment_avg                                            float64      3             0.035053              0.02891             0.030955                0.033             0.038125              0.04325  0.007387
neg_sentiment_avg                                            float64      3                  0.0                  0.0                  0.0                  0.0                  0.0                  0.0       0.0
ov_sentiment_avg                                             float64      3             0.060953             0.050274             0.051654             0.053033             0.066292              0.07955  0.016165
response_rate_pull_request_opened                            float64      1                  0.0                  0.0                  0.0                  0.0                  0.0                  0.0          
issue_opened_pos_sentiment_avg                               float64      3             0.189667                0.173               0.1855                0.198                0.198                0.198  0.014434
issue_opened_neg_sentiment_avg                               float64      3                  0.0                  0.0                  0.0                  0.0                  0.0                  0.0       0.0
issue_opened_ov_sentiment_avg                                float64      3               0.3182               0.3182               0.3182               0.3182               0.3182               0.3182       0.0
pull_request_opened_pos_sentiment_avg                        float64      3             0.002122                  0.0                  0.0                  0.0             0.003183             0.006365  0.003675
pull_request_opened_neg_sentiment_avg                        float64      3                  0.0                  0.0                  0.0                  0.0                  0.0                  0.0       0.0
pull_request_opened_ov_sentiment_avg                         float64      3              0.00485                  0.0                  0.0                  0.0             0.007275             0.014551  0.008401
pct_merged_with_approved                                     float64      1                  0.5                  0.5                  0.5                  0.5                  0.5                  0.5          
pct_merged_with_review                                       float64      1                  1.0                  1.0                  1.0                  1.0                  1.0                  1.0          
avg_pull_request_review_count                                float64      1             1.333333             1.333333             1.333333             1.333333             1.333333             1.333333          
avg_pull_request_review_comment_count                        float64      1             0.666667             0.666667             0.666667             0.666667             0.666667             0.666667          
avg_all_disc_count                                           float64      1                  2.0                  2.0                  2.0                  2.0                  2.0                  2.0          
avg_pull_request_review_exclude_opener_count                 float64      1             1.333333             1.333333             1.333333             1.333333             1.333333             1.333333          
avg_pull_request_review_comment_exclude_opener_count         float64      1             0.666667             0.666667             0.666667             0.666667             0.666667             0.666667          
avg_all_disc_exclude_opener_count                            float64      1                  2.0                  2.0                  2.0                  2.0                  2.0                  2.0          
clustering_coefficient                                       float64      1                  0.0                  0.0                  0.0                  0.0                  0.0                  0.0          

