File: drive/output/derived/org_outcomes_practices/repo_discussion_quality/important_degree_top3/rolling5/tefra___xsdata.parquet

MD5 hash: dc00396b5690d3937c6a33ddb9d00557

Keys: time_period 

                                                                   type  count                 mean                  min                  25%                  50%                  75%                  max        std
time_period                                              datetime64[ns]     12  2022-04-01 12:00:00  2019-07-01 00:00:00  2020-11-16 00:00:00  2022-04-01 12:00:00  2023-08-16 00:00:00  2025-01-01 00:00:00           
response_rate                                                   float64     11             0.748968             0.512195             0.755895             0.783626             0.789156             0.821068    0.08798
mean_days_to_respond                                            float64     11             3.900427             0.222928             2.556863             3.679413             5.591235             7.409462   2.377772
pos_sentiment_avg                                               float64     12             0.088293             0.026577             0.075104             0.096843             0.110441              0.11358     0.0278
neg_sentiment_avg                                               float64     12             0.067103             0.029765             0.036841             0.073999              0.08729             0.120982   0.029946
ov_sentiment_avg                                                float64     12               0.0846            -0.019414             0.050633             0.086657             0.135922              0.14837    0.05486
response_rate_issue_comment                                     float64     11             0.676095             0.454545             0.660118              0.69403             0.727661             0.735016   0.080508
response_rate_pull_request_comment                              float64     11             0.450772             0.043478             0.316698              0.52381             0.674376             0.693878   0.246564
response_rate_pull_request_opened                               float64     11                  1.0                  1.0                  1.0                  1.0                  1.0                  1.0        0.0
response_rate_pull_request_review_comment                       float64     11             0.063878                  0.0                  0.0                  0.0             0.142857                  0.2   0.087303
response_rate_issue_opened                                      float64     10                  1.0                  1.0                  1.0                  1.0                  1.0                  1.0        0.0
mean_days_to_respond_issue_comment                              float64     11              5.26236             0.162454             2.534239             4.628984             8.290118             10.61581   3.642077
mean_days_to_respond_pull_request_comment                       float64     11             2.837761             0.001042             2.786197             2.965401             3.614942             4.899513    1.43355
mean_days_to_respond_pull_request_opened                        float64     11             0.049791              0.00042             0.000437             0.002569             0.069338             0.229649   0.071963
mean_days_to_respond_to_last_comment                            float64     11             3.832411             0.222928             2.266085              2.85626             5.769107             8.984957   2.880544
mean_days_to_respond_issue_opened                               float64     10            32.009192              1.81577            13.785723             36.15544            46.911592            57.897418  19.915995
mean_days_to_respond_pull_request_review_comment                float64      5             0.128044             0.128044             0.128044             0.128044             0.128044             0.128044        0.0
issue_comment_pos_sentiment_avg                                 float64     12             0.119151             0.039429             0.124037             0.128339             0.130449             0.135472    0.02645
issue_comment_neg_sentiment_avg                                 float64     12              0.02728                  0.0             0.028261               0.0308             0.031286             0.036272     0.0098
issue_comment_ov_sentiment_avg                                  float64     12             0.146838             0.090631             0.149237             0.154787             0.160596             0.168475   0.025517
issue_opened_pos_sentiment_avg                                  float64     12             0.061153                0.017             0.063531             0.067111             0.071021             0.073555   0.017025
issue_opened_neg_sentiment_avg                                  float64     12             0.037726             0.030515             0.033502             0.037147             0.041236             0.047125   0.005078
issue_opened_ov_sentiment_avg                                   float64     12             0.042511            -0.156262             0.042521             0.065517             0.079725             0.096276   0.069859
pull_request_comment_pos_sentiment_avg                          float64     12              0.08623                  0.0             0.022115             0.091261             0.154435             0.162797   0.072112
pull_request_comment_neg_sentiment_avg                          float64     12             0.020574                  0.0              0.01029             0.020731             0.032215             0.040457   0.014556
pull_request_comment_ov_sentiment_avg                           float64     12             0.078863                  0.0              0.00576             0.080835             0.145653             0.165761   0.072427
pull_request_opened_pos_sentiment_avg                           float64     12             0.054889             0.043907             0.048684             0.052042             0.057087             0.088974   0.011791
pull_request_opened_neg_sentiment_avg                           float64     12             0.180597             0.018751             0.063922             0.207933             0.284351             0.308545   0.117475
pull_request_opened_ov_sentiment_avg                            float64     12            -0.000984            -0.110991            -0.101622            -0.031786             0.094711              0.14092   0.107667
pull_request_review_comment_pos_sentiment_avg                   float64     11             0.064969                  0.0                  0.0             0.051375             0.132167             0.168286   0.071097
pull_request_review_comment_neg_sentiment_avg                   float64     11             0.016779                  0.0                  0.0               0.0235             0.030482             0.037167   0.015992
pull_request_review_comment_ov_sentiment_avg                    float64     11             0.060951             -0.12915                  0.0                  0.0             0.178083             0.277229    0.14587
pull_request_review_commented_pos_sentiment_avg                 float64      9             0.446013               0.2237             0.353083               0.4425              0.51925              0.72125    0.15558
pull_request_review_commented_neg_sentiment_avg                 float64      9             0.008867                  0.0                  0.0             0.011083             0.016625             0.022167   0.008918
pull_request_review_commented_ov_sentiment_avg                  float64      9             0.525221              0.47155             0.511725             0.525117             0.546525             0.609725   0.042251
pull_request_review_changes_requested_pos_sentiment_avg         float64      7             0.197929                0.154                0.154                0.154              0.24625                0.277   0.058498
pull_request_review_changes_requested_neg_sentiment_avg         float64      7             0.034071                  0.0              0.01325                0.053                0.053                0.053   0.025207
pull_request_review_changes_requested_ov_sentiment_avg          float64      7             0.523079               0.3182             0.397875               0.6369               0.6369               0.6369   0.151572
pull_request_review_approved_pos_sentiment_avg                  float64      5             0.688068               0.6334             0.633857             0.680636             0.683444                0.809   0.071813
pull_request_review_approved_neg_sentiment_avg                  float64      5             0.001744                  0.0             0.001455             0.001778             0.002286               0.0032   0.001177
pull_request_review_approved_ov_sentiment_avg                   float64      5             0.582595             0.507014             0.521817             0.559093              0.63825               0.6868   0.077322
pct_merged_with_approved                                        float64     10             0.029953                  0.0             0.001142             0.022182             0.057856             0.072727   0.030148
pct_merged_with_review                                          float64     10             0.038313             0.010101             0.013602             0.033725             0.063779             0.072727   0.025642
avg_pull_request_comment_count                                  float64     11             3.383198             2.012346             2.966965             3.169697             3.902026             4.316602   0.685431
avg_pull_request_review_comment_count                           float64     11             0.280263             0.018957             0.033962             0.045161             0.366966             1.209877   0.368637
avg_all_disc_count                                              float64     11             3.716644             3.033175             3.167521             3.787879             4.226679             4.401544   0.570602
avg_pull_request_review_count                                   float64     10             0.058501             0.010345             0.016211             0.058272             0.098838             0.106977   0.041007
avg_pull_request_comment_exclude_opener_count                   float64     11             3.221019             1.041667             2.897516             3.037879             3.855501             4.213178   0.886709
avg_all_disc_exclude_opener_count                               float64     11              3.27807             1.041667             3.017891             3.136364             3.859679             4.263566   0.887083
avg_pull_request_review_exclude_opener_count                    float64      9             0.052399             0.003891             0.014134             0.052133             0.093897             0.098446   0.040219
avg_pull_request_review_comment_exclude_opener_count            float64      7             0.022282             0.014354             0.016606              0.01938             0.028082             0.032864   0.007699
clustering_coefficient                                          float64     11             0.036011                  0.0                  0.0             0.040106             0.055655             0.104993   0.033803

