File: drive/output/derived/org_outcomes_practices/repo_discussion_quality/important_degree_top3/rolling5/tendenci___tendenci.parquet

MD5 hash: 1bcf3ecaefa3fe1269d920f9d2a0da75

Keys: time_period 

                                                                   type  count                           mean                  min                  25%                  50%                  75%                  max        std
time_period                                              datetime64[ns]     21  2019-12-31 17:08:34.285714176  2015-01-01 00:00:00  2017-07-01 00:00:00  2020-01-01 00:00:00  2022-07-01 00:00:00  2025-01-01 00:00:00           
response_rate                                                   float64     17                       0.547213               0.4625             0.532847             0.545455             0.576923                  0.6   0.033505
mean_days_to_respond                                            float64     17                      22.572943             2.386238              8.05759            23.109561            29.781681             66.57875  16.621565
pos_sentiment_avg                                               float64     21                       0.231232             0.080801             0.209449             0.246442             0.282388             0.301617   0.063795
neg_sentiment_avg                                               float64     21                       0.053513             0.029036             0.032878             0.041599             0.054171             0.123241   0.028441
ov_sentiment_avg                                                float64     21                       0.143231             0.043734              0.12605             0.163072             0.167121             0.179982    0.03646
response_rate_pull_request_comment                              float64     17                       0.351695                  0.0             0.285714             0.373626             0.403361             0.677419    0.14875
response_rate_pull_request_opened                               float64     17                       0.904887             0.315789             0.960784                  1.0                  1.0                  1.0   0.203202
response_rate_pull_request_review_comment                       float64     14                       0.329422                  0.0                 0.25             0.333333                  0.5             0.611111   0.217721
mean_days_to_respond_pull_request_opened                        float64     17                       8.527457             1.184248             1.739372             2.424592             6.006371             66.57875  16.201367
mean_days_to_respond_to_last_comment                            float64     17                       25.70658             2.167739              2.86005            26.568672            37.826021             66.57875   21.06464
mean_days_to_respond_pull_request_comment                       float64     16                      37.874907              2.11603            14.870572            30.700053            59.396356             91.47768  28.606044
mean_days_to_respond_pull_request_review_comment                float64     11                       8.768519             0.312118             0.312118             1.071155            13.715956            30.290326  10.982694
pull_request_comment_pos_sentiment_avg                          float64     21                       0.379952             0.145616             0.337134             0.381854             0.418401                0.872    0.13961
pull_request_comment_neg_sentiment_avg                          float64     21                       0.018253                  0.0             0.016494             0.019361             0.021048             0.029855   0.006752
pull_request_comment_ov_sentiment_avg                           float64     21                       0.250155             0.176113             0.228674             0.248514             0.252415              0.50615   0.063362
pull_request_opened_pos_sentiment_avg                           float64     21                       0.053594                  0.0             0.045397             0.057047              0.06176             0.069859   0.015454
pull_request_opened_neg_sentiment_avg                           float64     21                       0.098295             0.043201             0.051257             0.081445             0.095253             0.231603   0.060561
pull_request_opened_ov_sentiment_avg                            float64     21                        0.01805               -0.064            -0.007512             0.026696             0.055446             0.071325   0.043269
pull_request_review_comment_pos_sentiment_avg                   float64     20                       0.104045                  0.0             0.060172             0.135512             0.153313             0.206626   0.069306
pull_request_review_comment_neg_sentiment_avg                   float64     20                       0.027514                  0.0             0.012395             0.020629             0.033556             0.144583   0.032544
pull_request_review_comment_ov_sentiment_avg                    float64     20                       0.068536            -0.026775                  0.0               0.0748             0.122532             0.150651   0.063589
pull_request_review_changes_requested_pos_sentiment_avg         float64      5                       0.089785             0.089785             0.089785             0.089785             0.089785             0.089785        0.0
pull_request_review_changes_requested_neg_sentiment_avg         float64      5                        0.02454              0.02454              0.02454              0.02454              0.02454              0.02454        0.0
pull_request_review_changes_requested_ov_sentiment_avg          float64      5                       0.094851             0.094851             0.094851             0.094851             0.094851             0.094851        0.0
pull_request_review_approved_pos_sentiment_avg                  float64      4                          0.294                0.294                0.294                0.294                0.294                0.294        0.0
pull_request_review_approved_neg_sentiment_avg                  float64      4                            0.0                  0.0                  0.0                  0.0                  0.0                  0.0        0.0
pull_request_review_approved_ov_sentiment_avg                   float64      4                         0.3612               0.3612               0.3612               0.3612               0.3612               0.3612        0.0
pct_merged_with_approved                                        float64      8                       0.082114                  0.0                  0.0             0.008929             0.138868             0.297872   0.120333
pct_merged_with_review                                          float64      8                       0.119231             0.021739             0.031579             0.045654             0.176292             0.361702   0.131248
avg_pull_request_comment_count                                  float64     17                       1.656935             1.272727             1.630769             1.680556             1.756098               1.9375   0.170521
avg_all_disc_count                                              float64     17                       2.116276             1.272727             1.717949                 1.75             2.085366             4.052632   0.803513
avg_pull_request_review_comment_count                           float64     14                       0.251011             0.027778             0.044036             0.054212             0.242607             1.052632   0.356071
avg_pull_request_review_count                                   float64      8                       0.536829             0.025641             0.080115             0.210671             0.858362             1.684211   0.646149
avg_pull_request_comment_exclude_opener_count                   float64     17                       1.311654                  1.0             1.285714             1.333333             1.428571             1.513514   0.149585
avg_all_disc_exclude_opener_count                               float64     17                       1.551131                  1.0              1.34375             1.402597             1.532468             2.382353   0.392602
avg_pull_request_review_comment_exclude_opener_count            float64     14                       0.097968             0.014493             0.028939              0.04122             0.110697             0.317073   0.106844
avg_pull_request_review_exclude_opener_count                    float64      8                       0.337444             0.013514             0.042584             0.113549             0.563567             1.088235   0.417513
clustering_coefficient                                          float64     19                       0.082845                  0.0             0.003495             0.080813             0.121531             0.272075   0.080626

