File: drive/output/derived/org_outcomes_practices/repo_discussion_quality/important_degree_top3/rolling5/thibtrip___pangres.parquet

MD5 hash: 9cf7f0a30f0d51ff71d47b41e30b4bcf

Keys: time_period 

                                                                   type  count                           mean                  min                  25%                  50%                  75%                  max        std
time_period                                              datetime64[ns]     11  2022-07-01 21:49:05.454545408  2020-01-01 00:00:00  2021-04-01 12:00:00  2022-07-01 00:00:00  2023-10-01 00:00:00  2025-01-01 00:00:00           
response_rate                                                   float64      8                       0.695305             0.605634             0.663305             0.698544             0.719658             0.777778   0.057971
mean_days_to_respond                                            float64      8                       15.36031             6.589699             7.215167            13.825118            18.566941            34.740453   9.667951
pos_sentiment_avg                                               float64      9                       0.084756             0.030646             0.081738             0.085356             0.101649             0.114143   0.026453
neg_sentiment_avg                                               float64      9                       0.104568             0.032169             0.056367             0.097314             0.125686             0.236962   0.064825
ov_sentiment_avg                                                float64      9                       0.038432             -0.07274             0.028727             0.043928             0.069762             0.103923   0.055425
response_rate_issue_comment                                     float64      8                       0.658628             0.552632                  0.6             0.619164             0.677296                0.875   0.104607
response_rate_issue_opened                                      float64      8                            1.0                  1.0                  1.0                  1.0                  1.0                  1.0        0.0
response_rate_pull_request_comment                              float64      8                       0.192652             0.133333             0.174825                  0.2             0.205556                 0.25   0.036776
response_rate_pull_request_opened                               float64      8                       0.951426             0.916667             0.927198             0.944272             0.965909                  1.0   0.032479
response_rate_pull_request_review_comment                       float64      1                            0.0                  0.0                  0.0                  0.0                  0.0                  0.0           
mean_days_to_respond_issue_comment                              float64      8                      14.501181             5.312387              5.70085            13.632419            16.996048            36.924492  10.507954
mean_days_to_respond_issue_opened                               float64      8                       6.522986              1.20702             1.931264             2.498013            12.568802            16.861292   6.428333
mean_days_to_respond_pull_request_comment                       float64      8                      13.763933              0.10864             2.188426            12.050679            21.424478            31.775185  12.687786
mean_days_to_respond_pull_request_opened                        float64      8                      18.905571             0.722334             2.648428            22.755552            28.945522            39.643778   15.31387
mean_days_to_respond_to_last_comment                            float64      8                      14.651341             6.050404             6.936453            11.430036            14.872649            42.513242  12.007471
issue_comment_pos_sentiment_avg                                 float64      9                       0.135622             0.094872              0.12912             0.142189             0.149154             0.161731   0.020702
issue_comment_neg_sentiment_avg                                 float64      9                       0.038807             0.031197             0.033064             0.035788             0.038077              0.06642   0.010746
issue_comment_ov_sentiment_avg                                  float64      9                       0.123295             0.051256             0.099915             0.145349             0.149075             0.155655   0.035582
issue_opened_pos_sentiment_avg                                  float64      9                       0.076648             0.063459             0.071333             0.076453             0.078747             0.091253   0.007957
issue_opened_neg_sentiment_avg                                  float64      9                       0.020863             0.014092              0.01785             0.019943             0.025657             0.027103   0.004483
issue_opened_ov_sentiment_avg                                   float64      9                       0.090441             0.061213              0.07028             0.090737             0.100479             0.122693   0.021693
pull_request_comment_pos_sentiment_avg                          float64      9                       0.051342                  0.0             0.022648             0.032296             0.061925             0.156513   0.052012
pull_request_comment_neg_sentiment_avg                          float64      9                        0.01723                  0.0             0.013004             0.014223             0.026194             0.033119   0.012204
pull_request_comment_ov_sentiment_avg                           float64      9                       0.035256                  0.0             0.011732             0.027591             0.034697              0.11333   0.037666
pull_request_opened_pos_sentiment_avg                           float64      9                       0.022917                  0.0             0.009121             0.018432             0.022774             0.054848   0.019287
pull_request_opened_neg_sentiment_avg                           float64      9                       0.251241             0.035957             0.146068             0.300315             0.350419             0.416414   0.139132
pull_request_opened_ov_sentiment_avg                            float64      9                      -0.114114            -0.190807            -0.154458            -0.138383            -0.078539            -0.005733   0.068304
pull_request_review_approved_pos_sentiment_avg                  float64      2                        0.18575              0.18575              0.18575              0.18575              0.18575              0.18575        0.0
pull_request_review_approved_neg_sentiment_avg                  float64      2                        0.11775              0.11775              0.11775              0.11775              0.11775              0.11775        0.0
pull_request_review_approved_ov_sentiment_avg                   float64      2                       0.198325             0.198325             0.198325             0.198325             0.198325             0.198325        0.0
pull_request_review_changes_requested_pos_sentiment_avg         float64      2                          0.227                0.227                0.227                0.227                0.227                0.227        0.0
pull_request_review_changes_requested_neg_sentiment_avg         float64      2                          0.118                0.118                0.118                0.118                0.118                0.118        0.0
pull_request_review_changes_requested_ov_sentiment_avg          float64      2                         0.3612               0.3612               0.3612               0.3612               0.3612               0.3612        0.0
pull_request_review_comment_pos_sentiment_avg                   float64      2                         0.0465               0.0465               0.0465               0.0465               0.0465               0.0465        0.0
pull_request_review_comment_neg_sentiment_avg                   float64      2                            0.0                  0.0                  0.0                  0.0                  0.0                  0.0        0.0
pull_request_review_comment_ov_sentiment_avg                    float64      2                         0.1191               0.1191               0.1191               0.1191               0.1191               0.1191        0.0
pct_merged_with_approved                                        float64      7                       0.008929                  0.0                  0.0                  0.0                  0.0               0.0625   0.023623
pct_merged_with_review                                          float64      7                       0.008929                  0.0                  0.0                  0.0                  0.0               0.0625   0.023623
avg_pull_request_comment_count                                  float64      8                        1.23226                  1.0                 1.15             1.258333             1.340909             1.444444   0.161655
avg_all_disc_count                                              float64      8                        1.28226                  1.0                 1.15             1.258333             1.383838             1.733333   0.240174
avg_pull_request_review_count                                   float64      1                       0.266667             0.266667             0.266667             0.266667             0.266667             0.266667           
avg_pull_request_review_comment_count                           float64      1                       0.133333             0.133333             0.133333             0.133333             0.133333             0.133333           
avg_pull_request_comment_exclude_opener_count                   float64      8                       1.071921                  1.0             1.053571             1.083916             1.102778                1.125   0.047619
avg_all_disc_exclude_opener_count                               float64      8                       1.125493                  1.0             1.057692             1.095455             1.114583                  1.5   0.158639
avg_pull_request_review_exclude_opener_count                    float64      1                       0.285714             0.285714             0.285714             0.285714             0.285714             0.285714           
avg_pull_request_review_comment_exclude_opener_count            float64      1                       0.142857             0.142857             0.142857             0.142857             0.142857             0.142857           
clustering_coefficient                                          float64     11                       0.103955                  0.0             0.059949             0.072956             0.103465             0.389775     0.1027

