File: drive/output/derived/org_outcomes_practices/repo_discussion_quality/important_degree_top3/rolling5/tisimst___paretochart.parquet

MD5 hash: 1ded82868a43286c762bdde28101b1bb

Keys: time_period 

                                                         type  count                 mean                  min                  25%                  50%                  75%                  max        std
time_period                                    datetime64[ns]      8  2019-01-23 09:00:00  2016-01-01 00:00:00  2018-05-16 18:00:00  2019-04-01 12:00:00  2020-02-15 12:00:00  2021-01-01 00:00:00           
response_rate                                         float64      2             0.857143             0.714286             0.785714             0.857143             0.928571                  1.0   0.202031
mean_days_to_respond                                  float64      2            42.334987            37.293275            39.814131            42.334987            44.855843            47.376699   7.130057
pos_sentiment_avg                                     float64      4             0.097854                0.062             0.068038             0.097025             0.126841             0.135365    0.03719
neg_sentiment_avg                                     float64      4             0.131442               0.0498             0.066989             0.094534             0.158988               0.2869   0.107252
ov_sentiment_avg                                      float64      4             0.028234             -0.08551            -0.056406             0.036733             0.121374              0.12498     0.1101
response_rate_issue_comment                           float64      2                  0.9                  0.8                 0.85                  0.9                 0.95                  1.0   0.141421
response_rate_issue_opened                            float64      2                  1.0                  1.0                  1.0                  1.0                  1.0                  1.0        0.0
response_rate_pull_request_comment                    float64      1                  0.0                  0.0                  0.0                  0.0                  0.0                  0.0           
mean_days_to_respond_issue_comment                    float64      2            47.775488            42.070502            44.922995            47.775488            50.627981            53.480475   8.068069
mean_days_to_respond_issue_opened                     float64      2            22.961597            22.961597            22.961597            22.961597            22.961597            22.961597        0.0
mean_days_to_respond_to_last_comment                  float64      2           106.957043            87.710394            97.333718           106.957043           116.580367           126.203692  27.218872
pull_request_opened_pos_sentiment_avg                 float64      4               0.0465                  0.0                  0.0                0.031               0.0775                0.124    0.05936
pull_request_opened_neg_sentiment_avg                 float64      4             0.346175               0.0498             0.227625              0.40545                0.524                0.524   0.227006
pull_request_opened_ov_sentiment_avg                  float64      4            -0.138132               -0.296               -0.296            -0.190755            -0.032887              0.12498   0.201529
issue_comment_pos_sentiment_avg                       float64      2             0.077267             0.044833              0.06105             0.077267             0.093483               0.1097   0.045868
issue_comment_neg_sentiment_avg                       float64      2             0.006333              0.00475             0.005542             0.006333             0.007125             0.007917   0.002239
issue_comment_ov_sentiment_avg                        float64      2             0.074977             0.006833             0.040905             0.074977             0.109048              0.14312   0.096369
issue_opened_pos_sentiment_avg                        float64      2              0.21575              0.21575              0.21575              0.21575              0.21575              0.21575        0.0
issue_opened_neg_sentiment_avg                        float64      2                0.034                0.034                0.034                0.034                0.034                0.034        0.0
issue_opened_ov_sentiment_avg                         float64      2             0.041975             0.041975             0.041975             0.041975             0.041975             0.041975        0.0
pull_request_comment_pos_sentiment_avg                float64      1             0.318667             0.318667             0.318667             0.318667             0.318667             0.318667           
pull_request_comment_neg_sentiment_avg                float64      1                  0.0                  0.0                  0.0                  0.0                  0.0                  0.0           
pull_request_comment_ov_sentiment_avg                 float64      1               0.4998               0.4998               0.4998               0.4998               0.4998               0.4998           
avg_all_disc_count                                    float64      1                  1.0                  1.0                  1.0                  1.0                  1.0                  1.0           
avg_pull_request_comment_count                        float64      1                  1.0                  1.0                  1.0                  1.0                  1.0                  1.0           
avg_all_disc_exclude_opener_count                     float64      1                  1.0                  1.0                  1.0                  1.0                  1.0                  1.0           
avg_pull_request_comment_exclude_opener_count         float64      1                  1.0                  1.0                  1.0                  1.0                  1.0                  1.0           
clustering_coefficient                                float64      6                  0.0                  0.0                  0.0                  0.0                  0.0                  0.0        0.0

