File: drive/output/derived/org_outcomes_practices/repo_discussion_quality/important_degree_top3/rolling5/web2py___py4web.parquet

MD5 hash: 8864f0bd932e1d19b2b2016be557318b

Keys: time_period 

                                                                   type  count                 mean                  min                  25%                  50%                  75%                  max         std
time_period                                              datetime64[ns]     15  2021-03-26 04:48:00  2016-01-01 00:00:00  2019-10-01 00:00:00  2021-07-01 00:00:00  2023-04-01 12:00:00  2025-01-01 00:00:00            
response_rate                                                   float64     13             0.631411             0.470199              0.57513              0.63587             0.665008             0.777778    0.083018
mean_days_to_respond                                            float64     13            32.562756            15.139162            19.000921            24.409534            26.918132           130.994339   30.552514
pos_sentiment_avg                                               float64     15             0.090096                  0.0             0.084208             0.096308             0.100848             0.126934     0.02755
neg_sentiment_avg                                               float64     15             0.073224             0.026872             0.055167             0.057093             0.080148             0.174667    0.036166
ov_sentiment_avg                                                float64     15             0.044639            -0.098667             0.024102             0.063671             0.068536             0.145848    0.054234
response_rate_issue_comment                                     float64     13             0.564997             0.298246             0.462687             0.585586             0.622951                  1.0    0.193645
response_rate_issue_opened                                      float64     13                  1.0                  1.0                  1.0                  1.0                  1.0                  1.0         0.0
response_rate_pull_request_comment                              float64     13              0.56027                 0.25             0.536585             0.590164             0.666667             0.680851    0.135266
response_rate_pull_request_opened                               float64     12             0.818311             0.766667             0.803261             0.819172             0.834302             0.863636    0.028297
response_rate_pull_request_review_comment                       float64     12             0.387051                  0.0             0.356092             0.447121             0.462533             0.488372    0.138068
mean_days_to_respond_issue_comment                              float64     13             44.89909             9.817827            30.157985             33.26745            61.463384           104.744692   25.502876
mean_days_to_respond_issue_opened                               float64     13            90.993994            41.508889            51.992991            59.426617            72.204211           429.218131  103.457881
mean_days_to_respond_pull_request_comment                       float64     13             3.663302              1.06334             1.405737             1.653778             3.296632            19.252801    4.929117
mean_days_to_respond_to_last_comment                            float64     13            57.029833            27.695285            34.859456            48.316223            50.025028           175.666095   39.488304
mean_days_to_respond_pull_request_opened                        float64     12              3.64918             1.244539             1.473544             2.466011             5.173902             8.602407    2.621419
mean_days_to_respond_pull_request_review_comment                float64     11             1.736848             0.157723             0.610063             1.339196             2.510592             4.462007    1.403508
issue_opened_pos_sentiment_avg                                  float64     15             0.055479                  0.0             0.050569             0.062725             0.068872             0.082237    0.025453
issue_opened_neg_sentiment_avg                                  float64     15             0.023873                  0.0             0.024601              0.02776             0.030443             0.034719    0.011545
issue_opened_ov_sentiment_avg                                   float64     15             0.049885                  0.0             0.042114             0.052275             0.058715             0.136438    0.031597
pull_request_opened_pos_sentiment_avg                           float64     15             0.036784                  0.0             0.033143             0.043988             0.049928             0.056363    0.020267
pull_request_opened_neg_sentiment_avg                           float64     15             0.143538                  0.0             0.127947             0.131978             0.160415                0.262    0.061984
pull_request_opened_ov_sentiment_avg                            float64     15            -0.044453               -0.148            -0.066082            -0.024457             -0.01056                  0.0    0.048144
issue_comment_pos_sentiment_avg                                 float64     14             0.121139             0.090153             0.098039             0.105925             0.111896             0.333333    0.061815
issue_comment_neg_sentiment_avg                                 float64     14             0.034601                  0.0             0.032803             0.034897             0.041059              0.04617     0.01115
issue_comment_ov_sentiment_avg                                  float64     14             0.087973             0.041241              0.06494             0.079095             0.083691             0.204133    0.045969
pull_request_comment_pos_sentiment_avg                          float64     13             0.164434             0.113229             0.137514             0.149025             0.169728              0.27705    0.049338
pull_request_comment_neg_sentiment_avg                          float64     13             0.038193                0.029              0.03247             0.034495             0.037517             0.083928    0.014082
pull_request_comment_ov_sentiment_avg                           float64     13             0.130223             0.098074             0.114723             0.132692             0.140316             0.161589    0.020323
pull_request_review_comment_pos_sentiment_avg                   float64     12             0.097912             0.027667             0.064973             0.101546             0.135112             0.152618    0.040184
pull_request_review_comment_neg_sentiment_avg                   float64     12             0.074996             0.042125             0.046294             0.048372             0.090365               0.2175    0.052492
pull_request_review_comment_ov_sentiment_avg                    float64     12             0.020705              -0.1022            -0.058212             0.040568             0.091944             0.122218    0.083664
pull_request_review_commented_pos_sentiment_avg                 float64      8              0.02751                  0.0                  0.0             0.023167             0.043438               0.0695       0.029
pull_request_review_commented_neg_sentiment_avg                 float64      8             0.041068                  0.0                  0.0             0.034583             0.064844              0.10375    0.043291
pull_request_review_commented_ov_sentiment_avg                  float64      8            -0.044036             -0.11125            -0.069531            -0.037083                  0.0                  0.0     0.04642
pull_request_review_changes_requested_pos_sentiment_avg         float64      5              0.07875              0.07875              0.07875              0.07875              0.07875              0.07875         0.0
pull_request_review_changes_requested_neg_sentiment_avg         float64      5                  0.0                  0.0                  0.0                  0.0                  0.0                  0.0         0.0
pull_request_review_changes_requested_ov_sentiment_avg          float64      5             0.116788             0.116788             0.116788             0.116788             0.116788             0.116788         0.0
pct_merged_with_approved                                        float64     10             0.002625                  0.0                  0.0             0.001838             0.004288              0.00885    0.003111
pct_merged_with_review                                          float64     10              0.04041             0.022989             0.037194             0.042677             0.045462             0.053097    0.010209
avg_pull_request_comment_count                                  float64     13             1.933314                  1.0             1.630435             2.107692             2.227273             2.653846    0.491602
avg_all_disc_count                                              float64     13               2.6071                  1.0             2.487179             2.820513             3.138889             3.272727    0.738304
avg_pull_request_review_comment_count                           float64     12             0.435304                0.125             0.375731             0.473746             0.515396             0.653846     0.14899
avg_pull_request_review_count                                   float64     10             0.353558             0.234783             0.288462             0.345893             0.422009             0.454545     0.07862
avg_pull_request_comment_exclude_opener_count                   float64     13             1.522218             0.909091             1.357143                  1.5             1.764151             2.183333    0.351312
avg_all_disc_exclude_opener_count                               float64     13             2.051005                  1.0             1.948718             2.136364             2.433962             2.566667    0.520042
avg_pull_request_review_comment_exclude_opener_count            float64     12             0.349342             0.090909             0.284821             0.403199              0.41817             0.575758     0.14425
avg_pull_request_review_exclude_opener_count                    float64     10             0.268214             0.216495             0.251179             0.259223             0.277083             0.364706    0.040237
clustering_coefficient                                          float64     13             0.136096                  0.0             0.051938             0.132061             0.183978             0.383999     0.10952

