File: drive/output/derived/org_outcomes_practices/repo_discussion_quality/important_degree_top3/rolling5/xdevplatform___search-tweets-python.parquet

MD5 hash: 6fbd1bc00904704486c1e843a22b44ce

Keys: time_period 

                                                                type  count                 mean                  min                  25%                  50%                  75%                  max        std
time_period                                           datetime64[ns]     16  2021-04-01 06:00:00  2017-07-01 00:00:00  2019-05-16 18:00:00  2021-04-01 12:00:00  2023-02-15 06:00:00  2025-01-01 00:00:00           
response_rate                                                float64      8             0.547849             0.333333             0.547005             0.563492             0.597854                0.625    0.09176
mean_days_to_respond                                         float64      8             38.53235             0.352564             2.709915             3.261633            78.501961           136.188131  52.827487
pos_sentiment_avg                                            float64     12             0.124003             0.058813             0.120302             0.127883             0.145218              0.15852   0.028746
neg_sentiment_avg                                            float64     12             0.070222             0.015352             0.033588             0.035682             0.049519             0.308667   0.088161
ov_sentiment_avg                                             float64     12             0.129216            -0.041671             0.110141             0.151079             0.163178             0.268495   0.076677
response_rate_pull_request_comment                           float64      8              0.41123                  0.0             0.426087             0.470175             0.486772                 0.52   0.170849
response_rate_pull_request_opened                            float64      8             0.903579                  0.5             0.909722             0.961538                  1.0                  1.0   0.169382
response_rate_pull_request_review_comment                    float64      8              0.15625                  0.0                  0.0                0.125             0.333333             0.333333   0.169251
mean_days_to_respond_pull_request_opened                     float64      8            65.854039             0.654931             4.391457             6.062571           116.459984           267.821157  96.762176
mean_days_to_respond_pull_request_review_comment             float64      4             0.050197             0.050197             0.050197             0.050197             0.050197             0.050197        0.0
mean_days_to_respond_to_last_comment                         float64      8            63.263013             0.352564             3.472078             4.807168           129.771372           225.956627  87.777751
mean_days_to_respond_pull_request_comment                    float64      7              25.8192             1.192105             1.194542             1.242523            52.769533            70.371618  31.273993
pull_request_comment_pos_sentiment_avg                       float64     12              0.18376             0.156195             0.170894              0.18164             0.197064               0.2148   0.019319
pull_request_comment_neg_sentiment_avg                       float64     12             0.015093                  0.0             0.012491             0.015722             0.021737              0.02494   0.008112
pull_request_comment_ov_sentiment_avg                        float64     12              0.21657              0.17694             0.182903             0.205337             0.237359              0.28874   0.042457
pull_request_opened_pos_sentiment_avg                        float64     12             0.037171                  0.0             0.026622             0.040336             0.044819             0.079437    0.01992
pull_request_opened_neg_sentiment_avg                        float64     12             0.132693               0.0095             0.069328             0.072265             0.118067             0.514444   0.153344
pull_request_opened_ov_sentiment_avg                         float64     12              0.00316            -0.165698            -0.063936             0.026078             0.056146             0.229413   0.110936
pull_request_review_comment_pos_sentiment_avg                float64     10             0.263599             0.159583             0.184958                0.246             0.276467              0.44425   0.097942
pull_request_review_comment_neg_sentiment_avg                float64     10             0.013014                  0.0                  0.0               0.0154             0.024106             0.026833   0.012132
pull_request_review_comment_ov_sentiment_avg                 float64     10             0.353191             0.322433             0.339219              0.35015              0.35654               0.4077   0.025723
pull_request_review_approved_pos_sentiment_avg               float64      4                  0.0                  0.0                  0.0                  0.0                  0.0                  0.0        0.0
pull_request_review_approved_neg_sentiment_avg               float64      4                  0.0                  0.0                  0.0                  0.0                  0.0                  0.0        0.0
pull_request_review_approved_ov_sentiment_avg                float64      4                  0.0                  0.0                  0.0                  0.0                  0.0                  0.0        0.0
pull_request_review_commented_pos_sentiment_avg              float64      2                  0.0                  0.0                  0.0                  0.0                  0.0                  0.0        0.0
pull_request_review_commented_neg_sentiment_avg              float64      2                  0.0                  0.0                  0.0                  0.0                  0.0                  0.0        0.0
pull_request_review_commented_ov_sentiment_avg               float64      2                  0.0                  0.0                  0.0                  0.0                  0.0                  0.0        0.0
pct_merged_with_approved                                     float64      4                  0.3                  0.0                  0.3                  0.4                  0.4                  0.4        0.2
pct_merged_with_review                                       float64      4                  0.3                  0.0                  0.3                  0.4                  0.4                  0.4        0.2
avg_pull_request_comment_count                               float64      8             1.920702                  1.5             1.765182             1.941176             2.112745             2.272727   0.254418
avg_pull_request_review_comment_count                        float64      8             0.312832             0.052632             0.072398             0.159664             0.234848                  1.5   0.486173
avg_all_disc_count                                           float64      8             2.439279             1.769231             2.310372             2.401961             2.605519                  3.0   0.367071
avg_pull_request_review_count                                float64      3             0.548651             0.473684             0.501548             0.529412             0.586134             0.642857   0.086212
avg_pull_request_comment_exclude_opener_count                float64      8             1.242682                  0.5             1.096805             1.251131             1.540625             1.666667    0.37836
avg_pull_request_review_comment_exclude_opener_count         float64      6             0.281901             0.071429             0.091026             0.160417             0.213542                  1.0   0.356799
avg_all_disc_exclude_opener_count                            float64      8             1.636991             1.461538             1.519737             1.627451             1.723214             1.888889   0.145039
avg_pull_request_review_exclude_opener_count                 float64      3              0.48769             0.421053              0.44582             0.470588             0.521008             0.571429   0.076633
clustering_coefficient                                       float64     15              0.10676                  0.0                  0.0             0.064469             0.185609             0.388289    0.12431

