File: drive/output/derived/org_outcomes_practices/repo_discussion_quality/important_degree_top3/rolling5/yosyshq___apicula.parquet

MD5 hash: b1f25bf95596a8c7e9f70965c2c9a9aa

Keys: time_period 

                                                                   type  count                 mean                  min                  25%                  50%                  75%                  max       std
time_period                                              datetime64[ns]     10  2022-10-01 04:48:00  2020-07-01 00:00:00  2021-08-16 00:00:00  2022-10-01 00:00:00  2023-11-16 00:00:00  2025-01-01 00:00:00          
response_rate                                                   float64     10             0.658296             0.587302              0.61134             0.640629             0.711018             0.744845  0.059952
mean_days_to_respond                                            float64     10             9.508166             0.915079             6.847927             10.13595            12.171938            15.665992  4.338654
pos_sentiment_avg                                               float64     10             0.124714              0.10983             0.113707             0.117558             0.126415             0.168108  0.018834
neg_sentiment_avg                                               float64     10             0.048935             0.036159             0.043947             0.047438             0.054327             0.066154  0.009418
ov_sentiment_avg                                                float64     10             0.100811             0.085811             0.093362             0.097951             0.107762             0.122684  0.011337
response_rate_issue_comment                                     float64     10             0.746033             0.555556             0.691159             0.767857             0.821302             0.843137  0.093146
response_rate_issue_opened                                      float64     10                  1.0                  1.0                  1.0                  1.0                  1.0                  1.0       0.0
response_rate_pull_request_comment                              float64     10             0.487954             0.142857             0.472331             0.518817             0.607725             0.628319   0.15702
response_rate_pull_request_opened                               float64     10             0.828335             0.692308              0.74697             0.813346             0.877303                  1.0  0.107512
response_rate_pull_request_review_comment                       float64     10             0.410231             0.266667               0.3252             0.436714             0.469846             0.571429  0.103096
mean_days_to_respond_issue_comment                              float64     10            12.549656             2.275069             8.777051            13.521092            15.990816            21.239673  5.607454
mean_days_to_respond_issue_opened                               float64     10              0.54449             0.215843             0.316911             0.452725             0.723911             1.067154  0.312672
mean_days_to_respond_pull_request_comment                       float64     10              6.60872             0.006493             1.115336             6.624285            12.160996            13.126312  5.634145
mean_days_to_respond_pull_request_opened                        float64     10             13.51873             0.214914             8.114921            16.419806            20.770303            22.055322  8.442433
mean_days_to_respond_pull_request_review_comment                float64     10             0.343795             0.010127             0.098004             0.376379             0.564757             0.636933  0.261413
mean_days_to_respond_to_last_comment                            float64     10            14.618311             1.291863            12.023382            13.998751            18.209804            26.880981  6.919705
issue_comment_pos_sentiment_avg                                 float64     10             0.124397             0.105635             0.108544               0.1192             0.134311             0.158175   0.01895
issue_comment_neg_sentiment_avg                                 float64     10             0.026281             0.011533             0.022796              0.02799             0.031894             0.034432  0.007445
issue_comment_ov_sentiment_avg                                  float64     10             0.133471             0.099936             0.106135             0.126603             0.149238              0.22011  0.036872
issue_opened_pos_sentiment_avg                                  float64     10             0.063039             0.039172             0.050047             0.068675             0.076631             0.080477  0.015688
issue_opened_neg_sentiment_avg                                  float64     10             0.033109             0.011333             0.031966              0.03407             0.042796             0.046036  0.012195
issue_opened_ov_sentiment_avg                                   float64     10             0.025943             -0.04449             0.017636             0.030747             0.043274             0.073337  0.032194
pull_request_comment_pos_sentiment_avg                          float64     10             0.199562             0.161968             0.165049             0.180774             0.199027             0.315159  0.051067
pull_request_comment_neg_sentiment_avg                          float64     10             0.037408             0.023022             0.029478             0.038322             0.043101              0.05372  0.009912
pull_request_comment_ov_sentiment_avg                           float64     10             0.164488             0.147802             0.152002             0.153934             0.178468             0.199454  0.018122
pull_request_opened_pos_sentiment_avg                           float64     10             0.045755             0.012471             0.042855             0.047818             0.052667             0.062669   0.01329
pull_request_opened_neg_sentiment_avg                           float64     10             0.113193             0.070611             0.101486             0.108989             0.123706             0.172571  0.028804
pull_request_opened_ov_sentiment_avg                            float64     10            -0.001343             -0.11312            -0.017415              0.01456             0.021093             0.053334  0.045737
pull_request_review_comment_pos_sentiment_avg                   float64     10             0.095294              0.06976             0.070623             0.074517             0.123119             0.147244  0.033576
pull_request_review_comment_neg_sentiment_avg                   float64     10             0.030871                  0.0             0.030583             0.032401             0.036313             0.053067   0.01348
pull_request_review_comment_ov_sentiment_avg                    float64     10             0.068451             0.028847             0.043897             0.059637             0.074134               0.1702  0.040508
pull_request_review_changes_requested_pos_sentiment_avg         float64      5             0.108748             0.108748             0.108748             0.108748             0.108748             0.108748       0.0
pull_request_review_changes_requested_neg_sentiment_avg         float64      5             0.030175             0.030175             0.030175             0.030175             0.030175             0.030175       0.0
pull_request_review_changes_requested_ov_sentiment_avg          float64      5             0.108445             0.108445             0.108445             0.108445             0.108445             0.108445       0.0
pull_request_review_commented_pos_sentiment_avg                 float64      7             0.131898                  0.0             0.020071             0.040143                0.281                0.281  0.140432
pull_request_review_commented_neg_sentiment_avg                 float64      7             0.004616                  0.0                  0.0             0.007457             0.008079               0.0087  0.004348
pull_request_review_commented_ov_sentiment_avg                  float64      7             0.112299             -0.01858             0.001336             0.021253              0.26025              0.26025  0.139347
pull_request_review_approved_pos_sentiment_avg                  float64      4               0.2254               0.1788               0.1788               0.2124                0.259                0.298  0.057845
pull_request_review_approved_neg_sentiment_avg                  float64      4             0.131072             0.071533             0.071533             0.095378             0.154917                0.262  0.090134
pull_request_review_approved_ov_sentiment_avg                   float64      4             0.096743               0.0722             0.082435             0.085847             0.100154             0.143078  0.031553
pct_merged_with_approved                                        float64     10             0.061338                  0.0             0.028125             0.043695              0.09907             0.158416  0.055502
pct_merged_with_review                                          float64     10             0.182348                  0.0             0.179866              0.19375             0.207487                 0.25  0.068138
avg_pull_request_comment_count                                  float64     10              2.26441             1.666667             2.261968             2.317352             2.462462             2.594595  0.315306
avg_pull_request_review_comment_count                           float64     10             0.660914             0.202703             0.395833             0.681195             0.914773             1.170213  0.333261
avg_all_disc_count                                              float64     10             3.651839                  2.0             2.955387             4.121127             4.258258             4.787234  0.900958
avg_pull_request_review_count                                   float64      9             0.807239             0.416667             0.424658             0.873239             1.033333             1.319149  0.323363
avg_pull_request_comment_exclude_opener_count                   float64     10             1.557315             1.166667             1.504808             1.580796             1.636003             1.734375  0.160552
avg_pull_request_review_comment_exclude_opener_count            float64     10              0.52469             0.142857             0.240079             0.554688             0.766923             0.909091  0.290056
avg_all_disc_exclude_opener_count                               float64     10             2.714996             1.333333             2.214822             2.983135             3.184231             3.477273  0.689051
avg_pull_request_review_exclude_opener_count                    float64      9             0.703323             0.396825             0.416667             0.746032             0.903846             1.068182  0.248539
clustering_coefficient                                          float64     10             0.161154                  0.0             0.091809             0.196333             0.220922             0.288465  0.093744

