File: drive/output/derived/org_outcomes_practices/repo_discussion_quality/important_degree_top3/rolling5/yubico___yubikey-manager.parquet

MD5 hash: 2eecd12f86e13d25f4875ea6483c5b1c

Keys: time_period 

                                                                   type  count                 mean                  min                  25%                  50%                  75%                  max        std
time_period                                              datetime64[ns]     18  2020-09-30 16:00:00  2016-07-01 00:00:00  2018-08-16 00:00:00  2020-10-01 00:00:00  2022-11-16 00:00:00  2025-01-01 00:00:00           
response_rate                                                   float64     18             0.597993                  0.5             0.557233              0.59641             0.643473             0.705882   0.055799
mean_days_to_respond                                            float64     18            26.229536             7.274671              16.7034            28.285896            32.566626            45.888512  11.484083
pos_sentiment_avg                                               float64     18             0.120054             0.099414             0.109489             0.113178             0.130664             0.161351   0.016001
neg_sentiment_avg                                               float64     18             0.057138             0.034575             0.041633             0.056801             0.069857              0.09627    0.01672
ov_sentiment_avg                                                float64     18             0.072733             0.045831             0.063559             0.070779             0.073616             0.140813   0.020444
response_rate_issue_comment                                     float64     18             0.654922                  0.0             0.665255             0.687271             0.720711             0.789474   0.168459
response_rate_issue_opened                                      float64     18                  1.0                  1.0                  1.0                  1.0                  1.0                  1.0        0.0
response_rate_pull_request_comment                              float64     18             0.469216                  0.0              0.42037              0.52804             0.587045             0.675676   0.178666
response_rate_pull_request_opened                               float64     18             0.727668             0.333333             0.622466             0.704365             0.838509                  1.0   0.172559
response_rate_pull_request_review_comment                       float64     15             0.199769                  0.0             0.138095             0.179487             0.316926             0.411111    0.12891
mean_days_to_respond_issue_opened                               float64     18             5.156669             0.257288             1.878028             3.187662             8.353924            15.601611   4.945617
mean_days_to_respond_pull_request_opened                        float64     18            15.302535             0.884664             3.639115             9.460489            23.443013            48.099653  14.592101
mean_days_to_respond_to_last_comment                            float64     18            44.697632              7.01628            27.368725            51.827892            55.584792            87.414864  21.144471
mean_days_to_respond_issue_comment                              float64     17            43.190991             5.684837            31.649964            38.287036             56.39523            83.218424  23.112523
mean_days_to_respond_pull_request_comment                       float64     17            17.002876             0.220509             0.326798             9.508953            36.279021            57.444505  19.077164
mean_days_to_respond_pull_request_review_comment                float64     13             0.250381             0.005567             0.150949             0.237328             0.356816             0.550756   0.146729
issue_comment_pos_sentiment_avg                                 float64     18             0.131448             0.069792             0.115455             0.125937             0.158131               0.1701   0.029107
issue_comment_neg_sentiment_avg                                 float64     18             0.030925                  0.0             0.029324             0.032861             0.036373             0.040644   0.009361
issue_comment_ov_sentiment_avg                                  float64     18             0.118534             0.067065             0.088812             0.109656             0.148695             0.204462   0.037466
issue_opened_pos_sentiment_avg                                  float64     18             0.054795             0.034905             0.040252             0.046081             0.058983             0.124613   0.023654
issue_opened_neg_sentiment_avg                                  float64     18             0.037774             0.027517             0.030402             0.032425             0.040893             0.085607   0.013623
issue_opened_ov_sentiment_avg                                   float64     18             0.016945            -0.035635            -0.012578             0.008215             0.025012             0.123365   0.042932
pull_request_comment_pos_sentiment_avg                          float64     18             0.250033             0.168586             0.177045             0.207054             0.313951             0.469095   0.094917
pull_request_comment_neg_sentiment_avg                          float64     18              0.03463                  0.0             0.028291             0.034189             0.050033             0.059211   0.016634
pull_request_comment_ov_sentiment_avg                           float64     18             0.163712             0.089889              0.12779             0.142038             0.185939             0.288358   0.058263
pull_request_opened_pos_sentiment_avg                           float64     18             0.039509               0.0165             0.036055             0.037247             0.045875             0.057081   0.009703
pull_request_opened_neg_sentiment_avg                           float64     18             0.182994             0.088271             0.121611             0.188287             0.214218             0.343944   0.071429
pull_request_opened_ov_sentiment_avg                            float64     18            -0.068057            -0.161268            -0.095756            -0.085237            -0.038431             0.021776   0.051914
pull_request_review_comment_pos_sentiment_avg                   float64     15             0.114543             0.060954             0.063716             0.113002             0.162815             0.197819    0.05031
pull_request_review_comment_neg_sentiment_avg                   float64     15             0.026201                  0.0             0.018901             0.027568             0.037175             0.047529   0.014056
pull_request_review_comment_ov_sentiment_avg                    float64     15             0.101711             0.030617              0.07023              0.09197                0.113               0.2202   0.054911
pull_request_review_commented_pos_sentiment_avg                 float64      5                  1.0                  1.0                  1.0                  1.0                  1.0                  1.0        0.0
pull_request_review_commented_neg_sentiment_avg                 float64      5                  0.0                  0.0                  0.0                  0.0                  0.0                  0.0        0.0
pull_request_review_commented_ov_sentiment_avg                  float64      5               0.4404               0.4404               0.4404               0.4404               0.4404               0.4404        0.0
pull_request_review_approved_pos_sentiment_avg                  float64      5                  0.0                  0.0                  0.0                  0.0                  0.0                  0.0        0.0
pull_request_review_approved_neg_sentiment_avg                  float64      5                  0.0                  0.0                  0.0                  0.0                  0.0                  0.0        0.0
pull_request_review_approved_ov_sentiment_avg                   float64      5                  0.0                  0.0                  0.0                  0.0                  0.0                  0.0        0.0
pull_request_review_changes_requested_pos_sentiment_avg         float64      5             0.350222             0.350222             0.350222             0.350222             0.350222             0.350222        0.0
pull_request_review_changes_requested_neg_sentiment_avg         float64      5                  0.0                  0.0                  0.0                  0.0                  0.0                  0.0        0.0
pull_request_review_changes_requested_ov_sentiment_avg          float64      5             0.357067             0.357067             0.357067             0.357067             0.357067             0.357067        0.0
pct_merged_with_approved                                        float64     10                  0.0                  0.0                  0.0                  0.0                  0.0                  0.0        0.0
pct_merged_with_review                                          float64     10             0.092635                  0.0                  0.0             0.083333             0.180099             0.214286   0.090727
avg_pull_request_comment_count                                  float64     18             1.545318                  1.0             1.328256             1.663978             1.776158             1.829268   0.310334
avg_all_disc_count                                              float64     18             2.741912                  1.0             1.922269             3.056548             3.643631             3.829787   1.033846
avg_pull_request_review_comment_count                           float64     15             1.186955             0.052632             0.541667             1.341463              1.95151             2.021277   0.738868
avg_pull_request_review_count                                   float64      8             0.466797                0.025             0.381994             0.442669             0.546131             0.863636    0.26556
avg_pull_request_comment_exclude_opener_count                   float64     18             1.237164                  1.0             1.051291             1.184811             1.468985             1.552632   0.215446
avg_all_disc_exclude_opener_count                               float64     18             2.193051                  1.0             1.726327             2.437029             2.618254             3.026316   0.670998
avg_pull_request_review_comment_exclude_opener_count            float64     15             0.912592             0.052632             0.491639             1.117647             1.362605             1.471264   0.504582
avg_pull_request_review_exclude_opener_count                    float64      8             0.439637             0.026316             0.374613             0.422065              0.50209             0.809524   0.247895
clustering_coefficient                                          float64     18               0.0624                  0.0             0.031239              0.05032             0.090771             0.140363   0.039137

