File: drive/output/derived/org_outcomes_practices/repo_discussion_quality/important_degree_top3/rolling5/zopefoundation___products.zopeversioncontrol.parquet

MD5 hash: e600542db224bb4d2349dad700c5b4dd

Keys: time_period 

                                                                type  count                           mean                  min                  25%                  50%                  75%                  max       std
time_period                                           datetime64[ns]     14  2021-08-09 17:08:34.285714176  2017-07-01 00:00:00  2020-02-15 12:00:00  2021-10-01 00:00:00  2023-05-16 18:00:00  2025-01-01 00:00:00          
response_rate                                                float64      2                       0.611111             0.555556             0.583333             0.611111             0.638889             0.666667  0.078567
mean_days_to_respond                                         float64      2                       5.434298             0.039089             2.736693             5.434298             8.131902            10.829507  7.629978
pos_sentiment_avg                                            float64     11                       0.084732             0.001707             0.054823             0.111533             0.115273             0.132068  0.053235
neg_sentiment_avg                                            float64     11                       0.091727             0.006129             0.077954             0.092111             0.098431             0.152341  0.038861
ov_sentiment_avg                                             float64     11                       0.056626            -0.086224             0.023253             0.097296             0.104395             0.116851  0.071298
response_rate_pull_request_comment                           float64      1                           0.75                 0.75                 0.75                 0.75                 0.75                 0.75          
response_rate_pull_request_opened                            float64      2                            0.5                  0.0                 0.25                  0.5                 0.75                  1.0  0.707107
response_rate_pull_request_review_comment                    float64      1                           0.25                 0.25                 0.25                 0.25                 0.25                 0.25          
response_rate_issue_comment                                  float64      1                           0.75                 0.75                 0.75                 0.75                 0.75                 0.75          
response_rate_issue_opened                                   float64      1                            1.0                  1.0                  1.0                  1.0                  1.0                  1.0          
mean_days_to_respond_pull_request_comment                    float64      1                       8.581454             8.581454             8.581454             8.581454             8.581454             8.581454          
mean_days_to_respond_pull_request_opened                     float64      1                       2.671956             2.671956             2.671956             2.671956             2.671956             2.671956          
mean_days_to_respond_pull_request_review_comment             float64      1                      25.731215            25.731215            25.731215            25.731215            25.731215            25.731215          
mean_days_to_respond_to_last_comment                         float64      2                        6.81452             0.030891             3.422705              6.81452            10.206334            13.598148  9.593499
mean_days_to_respond_issue_comment                           float64      1                       0.036146             0.036146             0.036146             0.036146             0.036146             0.036146          
mean_days_to_respond_issue_opened                            float64      1                       0.047917             0.047917             0.047917             0.047917             0.047917             0.047917          
pull_request_comment_pos_sentiment_avg                       float64     11                       0.168199             0.005974              0.06032               0.1878               0.2124                0.383  0.134909
pull_request_comment_neg_sentiment_avg                       float64     11                       0.009311                  0.0             0.009193             0.009326             0.011096             0.018333  0.005348
pull_request_comment_ov_sentiment_avg                        float64     11                       0.221557            -0.005782             0.077353             0.258111              0.29656                0.457  0.169156
pull_request_opened_pos_sentiment_avg                        float64     11                       0.017457                  0.0                  0.0             0.000731             0.024092              0.08825  0.026633
pull_request_opened_neg_sentiment_avg                        float64     11                       0.266968                  0.0                0.262             0.284417             0.332467             0.350533  0.102541
pull_request_opened_ov_sentiment_avg                         float64     11                      -0.123583             -0.18276            -0.147814            -0.146607            -0.100551                  0.0  0.053228
issue_opened_pos_sentiment_avg                               float64      7                       0.082476                  0.0                  0.0             0.144333             0.144333             0.144333  0.077149
issue_opened_neg_sentiment_avg                               float64      7                       0.072952                  0.0                  0.0             0.127667             0.127667             0.127667  0.068241
issue_opened_ov_sentiment_avg                                float64      7                       -0.00821            -0.014367            -0.014367            -0.014367                  0.0                  0.0  0.007679
pull_request_review_comment_pos_sentiment_avg                float64      8                       0.124418             0.063429             0.097232               0.1085             0.137682             0.267625  0.064431
pull_request_review_comment_neg_sentiment_avg                float64      8                       0.028044                  0.0             0.020898             0.029265             0.030667             0.076625  0.023766
pull_request_review_comment_ov_sentiment_avg                 float64      8                       0.134791             0.096443             0.109323             0.113617             0.150182             0.244225  0.048896
pull_request_review_approved_pos_sentiment_avg               float64      5                            0.0                  0.0                  0.0                  0.0                  0.0                  0.0       0.0
pull_request_review_approved_neg_sentiment_avg               float64      5                            0.0                  0.0                  0.0                  0.0                  0.0                  0.0       0.0
pull_request_review_approved_ov_sentiment_avg                float64      5                            0.0                  0.0                  0.0                  0.0                  0.0                  0.0       0.0
issue_comment_pos_sentiment_avg                              float64      4                       0.145333             0.145333             0.145333             0.145333             0.145333             0.145333       0.0
issue_comment_neg_sentiment_avg                              float64      4                            0.0                  0.0                  0.0                  0.0                  0.0                  0.0       0.0
issue_comment_ov_sentiment_avg                               float64      4                         0.1898               0.1898               0.1898               0.1898               0.1898               0.1898       0.0
pct_merged_with_approved                                     float64      1                            1.0                  1.0                  1.0                  1.0                  1.0                  1.0          
pct_merged_with_review                                       float64      1                            1.0                  1.0                  1.0                  1.0                  1.0                  1.0          
avg_pull_request_comment_count                               float64      1                            4.0                  4.0                  4.0                  4.0                  4.0                  4.0          
avg_pull_request_review_comment_count                        float64      1                            4.0                  4.0                  4.0                  4.0                  4.0                  4.0          
avg_all_disc_count                                           float64      2                            5.0                  2.0                  3.5                  5.0                  6.5                  8.0  4.242641
avg_pull_request_review_count                                float64      1                            2.0                  2.0                  2.0                  2.0                  2.0                  2.0          
avg_pull_request_comment_exclude_opener_count                float64      1                            3.0                  3.0                  3.0                  3.0                  3.0                  3.0          
avg_pull_request_review_comment_exclude_opener_count         float64      1                            4.0                  4.0                  4.0                  4.0                  4.0                  4.0          
avg_all_disc_exclude_opener_count                            float64      2                            4.5                  2.0                 3.25                  4.5                 5.75                  7.0  3.535534
avg_pull_request_review_exclude_opener_count                 float64      1                            2.0                  2.0                  2.0                  2.0                  2.0                  2.0          
clustering_coefficient                                       float64     10                       0.213683                  0.0                  0.0             0.213683             0.427367             0.427367  0.225242

