File: drive/output/derived/org_outcomes_practices/repo_collaboration/important_degree_z2/rolling5/a-maliarov___amazoncaptcha.parquet

MD5 hash: 5beb869bf89503d405dac4cb11b52b57

Keys: time_period 

                                              type  count                 mean                  min                  25%                  50%                  75%                  max       std
time_period                         datetime64[ns]      8  2022-09-08 12:00:00  2020-07-01 00:00:00  2021-10-01 18:00:00  2022-10-01 00:00:00  2023-08-16 00:00:00  2025-01-01 00:00:00          
avg_members_per_problem                    float64      8                  1.0                  1.0                  1.0                  1.0                  1.0                  1.0       0.0
pct_members_multiple                       float64      8                  0.0                  0.0                  0.0                  0.0                  0.0                  0.0       0.0
proj_hhi_discussion_comment                float64      8             0.940438             0.857143             0.887821             0.946429                  1.0                  1.0  0.064549
proj_hhi_issue_closed                      float64      8                  1.0                  1.0                  1.0                  1.0                  1.0                  1.0       0.0
proj_hhi_issue_comment                     float64      8                  1.0                  1.0                  1.0                  1.0                  1.0                  1.0       0.0
proj_hhi_issue_opened                      float64      4                  1.0                  1.0                  1.0                  1.0                  1.0                  1.0       0.0
proj_hhi_pull_request_merged               float64      8                  1.0                  1.0                  1.0                  1.0                  1.0                  1.0       0.0
proj_hhi_pull_request_opened               float64      7                  1.0                  1.0                  1.0                  1.0                  1.0                  1.0       0.0
proj_hhi_pull_request_review               float64      4                  1.0                  1.0                  1.0                  1.0                  1.0                  1.0       0.0
proj_hhi_pull_request_closed               float64      6                  1.0                  1.0                  1.0                  1.0                  1.0                  1.0       0.0
proj_hhi_pull_request_comment              float64      5             0.872003                  0.7             0.863636             0.884615             0.911765                  1.0  0.109291
proj_prob_hhi_discussion_comment           float64      8             0.986098             0.961538             0.963955                  1.0                  1.0                  1.0    0.0192
proj_prob_hhi_issue_comment                float64      8                  1.0                  1.0                  1.0                  1.0                  1.0                  1.0       0.0
proj_prob_hhi_pull_request_review          float64      4                  1.0                  1.0                  1.0                  1.0                  1.0                  1.0       0.0
proj_prob_hhi_pull_request_comment         float64      5             0.954669             0.909091             0.923077             0.941176                  1.0                  1.0  0.042916
num_active_members                           Int64      8                1.125                  1.0                  1.0                  1.0                  1.0                  2.0  0.353553

