File: drive/output/derived/org_outcomes_practices/repo_collaboration/important_degree_z2/rolling5/adafruit___adafruit_circuitpython_esp32spi.parquet

MD5 hash: 29f9290cf5974b681d0b212d7dd68870

Keys: time_period 

                                                     type  count                           mean                  min                  25%                  50%                  75%                  max       std
time_period                                datetime64[ns]     13  2021-12-31 05:32:18.461538560  2019-01-01 00:00:00  2020-07-01 00:00:00  2022-01-01 00:00:00  2023-07-01 00:00:00  2025-01-01 00:00:00          
avg_members_per_problem                           float64     13                       1.138711                  1.0              1.03125             1.166667             1.196429             1.282609  0.097789
pct_members_multiple                              float64     13                       0.118122                  0.0              0.03125                0.125             0.178571              0.26087  0.085781
proj_hhi_discussion_comment                       float64     13                       0.830243             0.540801             0.703868             0.863548                  1.0                  1.0   0.14973
proj_hhi_issue_closed                             float64     13                            1.0                  1.0                  1.0                  1.0                  1.0                  1.0       0.0
proj_hhi_issue_comment                            float64     13                       0.845293             0.617188             0.766667             0.794118                  1.0                  1.0  0.123614
proj_hhi_pull_request_comment                     float64     13                       0.857385             0.618572             0.755233              0.85314                  1.0                  1.0  0.152078
proj_hhi_pull_request_merged                      float64     12                       0.931448             0.785714             0.840625                  1.0                  1.0                  1.0  0.090093
proj_hhi_pull_request_opened                      float64     13                       0.821624             0.555556             0.650794             0.764706                  1.0                  1.0  0.181539
proj_hhi_pull_request_review_comment              float64     13                       0.897942             0.652778             0.884058              0.90625                  1.0                  1.0  0.103155
proj_hhi_pull_request_closed                      float64      8                            1.0                  1.0                  1.0                  1.0                  1.0                  1.0       0.0
proj_hhi_pull_request_review                      float64     10                       0.808266             0.659765             0.739768             0.764127             0.892661                  1.0  0.104699
proj_hhi_issue_opened                             float64      9                            1.0                  1.0                  1.0                  1.0                  1.0                  1.0       0.0
proj_prob_hhi_discussion_comment                  float64     13                       0.899533             0.771536             0.858885             0.899725             0.969499                  1.0  0.071365
proj_prob_hhi_issue_comment                       float64     13                       0.883153             0.760417             0.815217             0.873016                  1.0                  1.0  0.094712
proj_prob_hhi_pull_request_comment                float64     13                       0.939542             0.862963             0.908854             0.934028                  1.0                  1.0  0.049067
proj_prob_hhi_pull_request_review_comment         float64     13                       0.847016             0.388889             0.843137              0.90625                  1.0                  1.0  0.196286
proj_prob_hhi_pull_request_review                 float64     10                       0.838398             0.677019             0.798319             0.848571             0.895126                  1.0  0.092618
num_active_members                                  Int64     13                       1.538462                  1.0                  1.0                  1.0                  2.0                  3.0  0.877058

