File: drive/output/derived/org_outcomes_practices/repo_collaboration/important_degree_z2/rolling5/apeworx___ape-safe.parquet

MD5 hash: 6f1b82b972ebb0daa4ac9c1484f53d5a

Keys: time_period 

                                                     type  count                 mean                  min                  25%                  50%                  75%                  max       std
time_period                                datetime64[ns]      5  2023-12-31 19:12:00  2023-01-01 00:00:00  2023-07-01 00:00:00  2024-01-01 00:00:00  2024-07-01 00:00:00  2025-01-01 00:00:00          
avg_members_per_problem                           float64      5               1.2022             1.131579             1.134615             1.159091             1.285714                  1.3  0.083596
pct_members_multiple                              float64      5               0.2022             0.131579             0.134615             0.159091             0.285714                  0.3  0.083596
proj_hhi_discussion_comment                       float64      5              0.76062             0.524691             0.628019             0.872593             0.882801             0.894994  0.172313
proj_hhi_issue_closed                             float64      5                  1.0                  1.0                  1.0                  1.0                  1.0                  1.0       0.0
proj_hhi_issue_comment                            float64      5                  1.0                  1.0                  1.0                  1.0                  1.0                  1.0       0.0
proj_hhi_issue_opened                             float64      5             0.740106             0.555556             0.703704             0.809524             0.809524             0.822222  0.113759
proj_hhi_pull_request_comment                     float64      5                  1.0                  1.0                  1.0                  1.0                  1.0                  1.0       0.0
proj_hhi_pull_request_merged                      float64      5             0.970667                 0.92             0.933333                  1.0                  1.0                  1.0  0.040442
proj_hhi_pull_request_opened                      float64      5             0.787727                0.625                0.625             0.863636                  0.9                0.925  0.150143
proj_hhi_pull_request_review                      float64      5             0.729063                 0.52             0.576471             0.832692                 0.85             0.866154  0.166696
proj_hhi_pull_request_review_comment              float64      5             0.710709             0.502222             0.585185             0.803509             0.803509             0.859119  0.156901
proj_hhi_pull_request_closed                      float64      3                  1.0                  1.0                  1.0                  1.0                  1.0                  1.0       0.0
proj_prob_hhi_discussion_comment                  float64      5             0.794418             0.583333             0.673913              0.89726                  0.9             0.917582  0.154897
proj_prob_hhi_issue_comment                       float64      5                  1.0                  1.0                  1.0                  1.0                  1.0                  1.0       0.0
proj_prob_hhi_pull_request_comment                float64      5                  1.0                  1.0                  1.0                  1.0                  1.0                  1.0       0.0
proj_prob_hhi_pull_request_review                 float64      5             0.761161                 0.56             0.611765               0.8625             0.873077             0.898462  0.161579
proj_prob_hhi_pull_request_review_comment         float64      5             0.730551             0.536364             0.613636             0.816986             0.816986             0.868782   0.14614
num_active_members                                  Int64      5                  1.6                  1.0                  1.0                  1.0                  2.0                  3.0  0.894427

