File: drive/output/derived/org_outcomes_practices/repo_collaboration/important_degree_z2/rolling5/behave-contrib___behave-html-formatter.parquet

MD5 hash: b79bd14a737e90035d3a6efc385ad7f1

Keys: time_period 

                                                     type  count                           mean                  min                  25%                  50%                  75%                  max       std
time_period                                datetime64[ns]      7  2021-12-31 03:25:42.857142784  2020-07-01 00:00:00  2021-04-01 12:00:00  2022-01-01 00:00:00  2022-10-01 00:00:00  2023-07-01 00:00:00          
avg_members_per_problem                           float64      7                       1.015018                  1.0                  1.0                  1.0             1.019231             1.066667   0.02691
pct_members_multiple                              float64      7                       0.015018                  0.0                  0.0                  0.0             0.019231             0.066667   0.02691
proj_hhi_discussion_comment                       float64      7                       0.966329             0.855769             0.954268                  1.0                  1.0                  1.0  0.059487
proj_hhi_issue_closed                             float64      7                            1.0                  1.0                  1.0                  1.0                  1.0                  1.0       0.0
proj_hhi_issue_comment                            float64      7                       0.956517             0.829545             0.933036                  1.0                  1.0                  1.0  0.075007
proj_hhi_issue_opened                             float64      7                            1.0                  1.0                  1.0                  1.0                  1.0                  1.0       0.0
proj_hhi_pull_request_comment                     float64      7                            1.0                  1.0                  1.0                  1.0                  1.0                  1.0       0.0
proj_hhi_pull_request_merged                      float64      7                            1.0                  1.0                  1.0                  1.0                  1.0                  1.0       0.0
proj_hhi_pull_request_opened                      float64      7                            1.0                  1.0                  1.0                  1.0                  1.0                  1.0       0.0
proj_hhi_pull_request_review                      float64      7                            1.0                  1.0                  1.0                  1.0                  1.0                  1.0       0.0
proj_hhi_pull_request_review_comment              float64      5                            1.0                  1.0                  1.0                  1.0                  1.0                  1.0       0.0
proj_hhi_pull_request_closed                      float64      4                            1.0                  1.0                  1.0                  1.0                  1.0                  1.0       0.0
proj_prob_hhi_discussion_comment                  float64      7                       0.973064             0.884615             0.963415                  1.0                  1.0                  1.0  0.047589
proj_prob_hhi_issue_comment                       float64      7                       0.965213             0.863636             0.946429                  1.0                  1.0                  1.0  0.060005
proj_prob_hhi_pull_request_comment                float64      7                            1.0                  1.0                  1.0                  1.0                  1.0                  1.0       0.0
proj_prob_hhi_pull_request_review                 float64      7                            1.0                  1.0                  1.0                  1.0                  1.0                  1.0       0.0
proj_prob_hhi_pull_request_review_comment         float64      5                            1.0                  1.0                  1.0                  1.0                  1.0                  1.0       0.0
num_active_members                                  Int64      7                       1.142857                  1.0                  1.0                  1.0                  1.0                  2.0  0.377964

