File: drive/output/derived/org_outcomes_practices/repo_collaboration/important_degree_z2/rolling5/carsales___pyheif.parquet

MD5 hash: ca22528d30be2c3d44c3d212838c3228

Keys: time_period 

                                                     type  count                           mean                  min                  25%                  50%                  75%                  max       std
time_period                                datetime64[ns]     11  2021-12-31 02:10:54.545454592  2019-07-01 00:00:00  2020-10-01 00:00:00  2022-01-01 00:00:00  2023-04-01 12:00:00  2024-07-01 00:00:00          
avg_members_per_problem                           float64     11                          1.272                  1.0                  1.0                 1.25                1.375             1.777778   0.27329
pct_members_multiple                              float64     11                       0.193319                  0.0                  0.0                 0.25             0.315603                  0.4  0.160277
proj_hhi_discussion_comment                       float64     11                       0.769068             0.525573             0.607746             0.730291                  1.0                  1.0  0.195361
proj_hhi_issue_closed                             float64      9                       0.910194                0.625              0.90625                 0.94                  1.0                  1.0  0.127769
proj_hhi_issue_comment                            float64     11                       0.807188             0.540752             0.654211               0.8375                  1.0                  1.0  0.182468
proj_hhi_pull_request_merged                      float64     11                            1.0                  1.0                  1.0                  1.0                  1.0                  1.0       0.0
proj_hhi_pull_request_closed                      float64      8                            1.0                  1.0                  1.0                  1.0                  1.0                  1.0       0.0
proj_hhi_pull_request_comment                     float64      8                        0.83204                  0.7             0.713235             0.769336                  1.0                  1.0  0.142134
proj_hhi_pull_request_review                      float64      8                       0.793452                  0.6             0.657143             0.716667                  1.0                  1.0  0.175221
proj_hhi_pull_request_review_comment              float64      8                       0.910974             0.836364                 0.85             0.875714                  1.0                  1.0  0.074931
proj_hhi_issue_opened                             float64      5                            1.0                  1.0                  1.0                  1.0                  1.0                  1.0       0.0
proj_hhi_pull_request_opened                      float64      7                       0.909855             0.867347             0.867347              0.87619             0.945378                  1.0  0.062144
proj_prob_hhi_discussion_comment                  float64     11                        0.86713             0.644309              0.81628             0.863985                  1.0                  1.0  0.126819
proj_prob_hhi_issue_comment                       float64     11                       0.835754             0.531609             0.772431             0.861111                  1.0                  1.0  0.173954
proj_prob_hhi_pull_request_comment                float64      8                       0.857347              0.77451             0.819127              0.84375             0.880609                  1.0  0.069663
proj_prob_hhi_pull_request_review                 float64      8                       0.956969             0.916667             0.928571             0.940972                  1.0                  1.0  0.036504
proj_prob_hhi_pull_request_review_comment         float64      8                       0.950541             0.909091             0.916667             0.930952                  1.0                  1.0  0.041628
num_active_members                                  Int64     11                       2.363636                  1.0                  1.0                  1.0                  2.5                 10.0  2.656039

