File: drive/output/derived/org_outcomes_practices/repo_collaboration/important_degree_z2/rolling5/causalens___cai-causal-graph.parquet

MD5 hash: c147310fc82bc5aed012f1738631ba63

Keys: time_period 

                                                     type  count                 mean                  min                  25%                  50%                  75%                  max       std
time_period                                datetime64[ns]      4  2024-04-01 00:00:00  2023-07-01 00:00:00  2023-11-16 00:00:00  2024-04-01 00:00:00  2024-08-16 00:00:00  2025-01-01 00:00:00          
avg_members_per_problem                           float64      4             1.099929                  1.0             1.094937             1.127394             1.132386             1.144928  0.067133
pct_members_multiple                              float64      4             0.099929                  0.0             0.094937             0.127394             0.132386             0.144928  0.067133
proj_hhi_discussion_comment                       float64      4             0.938619             0.912483             0.918774             0.920997             0.940842                  1.0  0.041117
proj_hhi_pull_request_closed                      float64      4                  1.0                  1.0                  1.0                  1.0                  1.0                  1.0       0.0
proj_hhi_pull_request_comment                     float64      4                  1.0                  1.0                  1.0                  1.0                  1.0                  1.0       0.0
proj_hhi_pull_request_merged                      float64      4                  1.0                  1.0                  1.0                  1.0                  1.0                  1.0       0.0
proj_hhi_pull_request_opened                      float64      4             0.841133             0.785714             0.785714             0.789409             0.844828                  1.0  0.105969
proj_hhi_pull_request_review                      float64      4             0.930344             0.901933             0.907664             0.909721               0.9324                  1.0  0.046583
proj_hhi_pull_request_review_comment              float64      4             0.936297             0.908877             0.915734             0.918156              0.93872                  1.0  0.042693
proj_hhi_issue_closed                             float64      3                  1.0                  1.0                  1.0                  1.0                  1.0                  1.0       0.0
proj_hhi_issue_comment                            float64      3                  1.0                  1.0                  1.0                  1.0                  1.0                  1.0       0.0
proj_prob_hhi_discussion_comment                  float64      4              0.96958             0.956627             0.959745             0.960847             0.970682                  1.0  0.020377
proj_prob_hhi_pull_request_comment                float64      4                  1.0                  1.0                  1.0                  1.0                  1.0                  1.0       0.0
proj_prob_hhi_pull_request_review                 float64      4             0.961975             0.946466             0.949595             0.950718             0.963098                  1.0  0.025429
proj_prob_hhi_pull_request_review_comment         float64      4             0.968468             0.954895             0.958289             0.959488             0.969667                  1.0  0.021133
proj_prob_hhi_issue_comment                       float64      3                  1.0                  1.0                  1.0                  1.0                  1.0                  1.0       0.0
num_active_members                                  Int64      4                 1.25                  1.0                  1.0                  1.0                 1.25                  2.0       0.5

