File: drive/output/derived/org_outcomes_practices/repo_collaboration/important_degree_z2/rolling5/craylabs___smartredis.parquet

MD5 hash: 837e2e8ea0bb1ef86b670d30c143f413

Keys: time_period 

                                                     type  count                 mean                  min                  25%                  50%                  75%                  max       std
time_period                                datetime64[ns]      9  2022-12-31 13:20:00  2021-01-01 00:00:00  2022-01-01 00:00:00  2023-01-01 00:00:00  2024-01-01 00:00:00  2025-01-01 00:00:00          
avg_members_per_problem                           float64      9             1.072098                  1.0             1.056122             1.067511              1.09901             1.150376  0.053305
pct_members_multiple                              float64      9             0.072098                  0.0             0.056122             0.067511              0.09901             0.150376  0.053305
proj_hhi_discussion_comment                       float64      9             0.890079              0.74029             0.833163             0.875538             0.982584                  1.0  0.106031
proj_hhi_issue_closed                             float64      9             0.948092             0.901961             0.933333             0.940476             0.953704                  1.0  0.032954
proj_hhi_issue_comment                            float64      9              0.87825             0.743316             0.825455             0.878788             0.903226                  1.0  0.087162
proj_hhi_issue_opened                             float64      9             0.949079             0.874126             0.920177              0.93825                  1.0                  1.0  0.052718
proj_hhi_pull_request_comment                     float64      9             0.896246             0.763975             0.838812              0.85314                  1.0                  1.0  0.103502
proj_hhi_pull_request_merged                      float64      9              0.94077             0.868421              0.92381             0.952743             0.964444                  1.0  0.049045
proj_hhi_pull_request_opened                      float64      9              0.94011             0.895202               0.9075             0.942188             0.955952                  1.0  0.041258
proj_hhi_pull_request_review                      float64      9             0.920063             0.807204             0.882646             0.917017             0.981065                  1.0   0.07659
proj_hhi_pull_request_closed                      float64      8                  1.0                  1.0                  1.0                  1.0                  1.0                  1.0       0.0
proj_hhi_pull_request_review_comment              float64      8             0.887172             0.756131             0.822962             0.874005             0.995614                  1.0  0.101952
proj_prob_hhi_discussion_comment                  float64      9             0.933953             0.839014             0.896583              0.92498             0.996255                  1.0  0.067174
proj_prob_hhi_issue_comment                       float64      9             0.967882             0.921569             0.946667             0.956989                  1.0                  1.0  0.032159
proj_prob_hhi_pull_request_comment                float64      9             0.952901             0.892857             0.926829             0.933333                  1.0                  1.0  0.046984
proj_prob_hhi_pull_request_review                 float64      9             0.949794             0.872163             0.922186             0.944976                  1.0                  1.0  0.053519
proj_prob_hhi_pull_request_review_comment         float64      8             0.923775              0.83363             0.879222             0.914045                  1.0                  1.0   0.07047
num_active_members                                  Int64      9             1.333333                  1.0                  1.0                  1.0                  1.0                  3.0  0.707107

