File: drive/output/derived/org_outcomes_practices/repo_collaboration/important_degree_z2/rolling5/cvat-ai___cvat.parquet

MD5 hash: f356f4d1cb445e3316cf56d67a6ba014

Keys: time_period 

                                                     type  count                           mean                  min                  25%                  50%                  75%                  max       std
time_period                                datetime64[ns]     14  2021-09-30 20:34:17.142857216  2018-07-01 00:00:00  2020-02-15 12:00:00  2021-10-01 00:00:00  2023-05-16 18:00:00  2025-01-01 00:00:00          
avg_members_per_problem                           float64     14                        1.36866                  1.0             1.273467             1.347757             1.532343             1.583571  0.168428
pct_members_multiple                              float64     14                       0.315556                  0.0             0.259384             0.313475             0.431512               0.4775  0.130056
proj_hhi_discussion_comment                       float64     14                       0.439372             0.287782             0.304915              0.34045             0.481076                  1.0  0.213258
proj_hhi_issue_closed                             float64     14                       0.596924             0.407327             0.466011             0.554266             0.631831                  1.0  0.187187
proj_hhi_issue_comment                            float64     14                       0.469628             0.301473             0.330678             0.411634             0.465581                  1.0  0.207405
proj_hhi_issue_opened                             float64     14                       0.535732             0.393774             0.403073             0.453567             0.587487                  1.0  0.184931
proj_hhi_pull_request_closed                      float64     14                         0.5853             0.373432             0.394296             0.588364             0.708078                  1.0  0.198154
proj_hhi_pull_request_comment                     float64     14                       0.498803              0.31205             0.357521             0.418225              0.60603                  1.0  0.202402
proj_hhi_pull_request_merged                      float64     14                       0.654578             0.423002             0.500228             0.581734              0.79222                  1.0  0.201321
proj_hhi_pull_request_opened                      float64     14                       0.474275              0.27679             0.335888             0.371089              0.49256                  1.0  0.234486
proj_hhi_pull_request_review_comment              float64     14                       0.498854             0.310777             0.353178             0.497736             0.577563                  1.0  0.188903
proj_hhi_pull_request_review                      float64     10                       0.357488             0.297399             0.310508             0.357757             0.397008             0.437061  0.050076
proj_prob_hhi_discussion_comment                  float64     14                       0.792662             0.663403             0.759825             0.778982             0.827612                  1.0  0.081418
proj_prob_hhi_issue_comment                       float64     14                       0.867055             0.808575             0.824691                0.859             0.881416                  1.0  0.054066
proj_prob_hhi_pull_request_comment                float64     14                        0.78794             0.717551             0.731695             0.763547             0.799813                  1.0  0.081603
proj_prob_hhi_pull_request_review_comment         float64     14                       0.835231               0.7546              0.81312             0.828712             0.844974                  1.0  0.055374
proj_prob_hhi_pull_request_review                 float64     10                       0.802585             0.750062             0.802866             0.810799             0.816723             0.826102  0.024096
num_active_members                                  Int64     14                       4.214286                  1.0                 3.25                  4.5                  5.0                  7.0  1.717716

