File: drive/output/derived/org_outcomes_practices/repo_collaboration/important_degree_z2/rolling5/django-auth-ldap___django-auth-ldap.parquet

MD5 hash: 346998d45bf8aa01314f254580b5ec7b

Keys: time_period 

                                                     type  count                 mean                  min                  25%                  50%                  75%                  max       std
time_period                                datetime64[ns]     15  2021-07-01 14:24:00  2018-01-01 00:00:00  2019-10-01 00:00:00  2021-07-01 00:00:00  2023-04-01 12:00:00  2025-01-01 00:00:00          
avg_members_per_problem                           float64     15             1.005568                  1.0                  1.0                  1.0                 1.01             1.022472  0.009573
pct_members_multiple                              float64     15             0.005568                  0.0                  0.0                  0.0                 0.01             0.022472  0.009573
proj_hhi_discussion_comment                       float64     15             0.993297             0.961538                  1.0                  1.0                  1.0                  1.0  0.014183
proj_hhi_issue_closed                             float64     15                  1.0                  1.0                  1.0                  1.0                  1.0                  1.0       0.0
proj_hhi_issue_comment                            float64     15                  1.0                  1.0                  1.0                  1.0                  1.0                  1.0       0.0
proj_hhi_pull_request_closed                      float64     11                  1.0                  1.0                  1.0                  1.0                  1.0                  1.0       0.0
proj_hhi_pull_request_comment                     float64     15                  1.0                  1.0                  1.0                  1.0                  1.0                  1.0       0.0
proj_hhi_pull_request_merged                      float64     15                  1.0                  1.0                  1.0                  1.0                  1.0                  1.0       0.0
proj_hhi_pull_request_opened                      float64     15                  1.0                  1.0                  1.0                  1.0                  1.0                  1.0       0.0
proj_hhi_pull_request_review_comment              float64     15                  1.0                  1.0                  1.0                  1.0                  1.0                  1.0       0.0
proj_hhi_pull_request_review                      float64      9                  1.0                  1.0                  1.0                  1.0                  1.0                  1.0       0.0
proj_prob_hhi_discussion_comment                  float64     15             0.988622             0.949074             0.982372                  1.0                  1.0                  1.0  0.019914
proj_prob_hhi_issue_comment                       float64     15                  1.0                  1.0                  1.0                  1.0                  1.0                  1.0       0.0
proj_prob_hhi_pull_request_comment                float64     15             0.991106             0.965517             0.983871                  1.0                  1.0                  1.0  0.015272
proj_prob_hhi_pull_request_review_comment         float64     15             0.971843             0.884058             0.952381                  1.0                  1.0                  1.0  0.048648
proj_prob_hhi_pull_request_review                 float64      9                  1.0                  1.0                  1.0                  1.0                  1.0                  1.0       0.0
num_active_members                                  Int64     15             1.066667                  1.0                  1.0                  1.0                  1.0                  2.0  0.258199

