File: drive/output/derived/org_outcomes_practices/repo_collaboration/important_degree_z2/rolling5/flamapy___flamapy_fw.parquet

MD5 hash: b9e73116a73312a3e237051c9de30287

Keys: time_period 

                                              type  count                 mean                  min                  25%                  50%                  75%                  max       std
time_period                         datetime64[ns]      3  2021-07-02 00:00:00  2021-01-01 00:00:00  2021-04-01 12:00:00  2021-07-01 00:00:00  2021-10-01 00:00:00  2022-01-01 00:00:00          
avg_members_per_problem                    float64      3              1.07037                  1.0                 1.05                  1.1             1.105556             1.111111  0.061195
pct_members_multiple                       float64      3              0.07037                  0.0                 0.05                  0.1             0.105556             0.111111  0.061195
proj_hhi_discussion_comment                float64      3             0.928799              0.86875             0.893199             0.917647             0.958824                  1.0  0.066332
proj_hhi_issue_closed                      float64      3                  1.0                  1.0                  1.0                  1.0                  1.0                  1.0       0.0
proj_hhi_issue_comment                     float64      3             0.855511               0.6875             0.783266             0.879032             0.939516                  1.0  0.157572
proj_hhi_issue_opened                      float64      3             0.877273             0.795455             0.815909             0.836364             0.918182                  1.0  0.108235
proj_hhi_pull_request_closed               float64      3                  1.0                  1.0                  1.0                  1.0                  1.0                  1.0       0.0
proj_hhi_pull_request_comment              float64      3                  1.0                  1.0                  1.0                  1.0                  1.0                  1.0       0.0
proj_hhi_pull_request_merged               float64      3                  1.0                  1.0                  1.0                  1.0                  1.0                  1.0       0.0
proj_hhi_pull_request_opened               float64      3                  1.0                  1.0                  1.0                  1.0                  1.0                  1.0       0.0
proj_hhi_pull_request_review               float64      3                  1.0                  1.0                  1.0                  1.0                  1.0                  1.0       0.0
proj_prob_hhi_discussion_comment           float64      3             0.976511             0.960784             0.964767              0.96875             0.984375                  1.0  0.020728
proj_prob_hhi_issue_comment                float64      3             0.950717             0.916667             0.926075             0.935484             0.967742                  1.0  0.043705
proj_prob_hhi_pull_request_comment         float64      3                  1.0                  1.0                  1.0                  1.0                  1.0                  1.0       0.0
proj_prob_hhi_pull_request_review          float64      3                  1.0                  1.0                  1.0                  1.0                  1.0                  1.0       0.0
num_active_members                           Int64      3             1.333333                  1.0                  1.0                  1.0                  1.5                  2.0   0.57735

