File: drive/output/derived/org_outcomes_practices/repo_collaboration/important_degree_z2/rolling5/go-macaroon-bakery___py-macaroon-bakery.parquet

MD5 hash: fc9779b561cb6b24746432913a7cb89a

Keys: time_period 

                                                     type  count                 mean                  min                  25%                  50%                  75%                  max       std
time_period                                datetime64[ns]      7  2019-05-11 00:00:00  2017-01-01 00:00:00  2017-10-01 00:00:00  2018-07-01 00:00:00  2020-07-02 00:00:00  2023-07-01 00:00:00          
avg_members_per_problem                           float64      7             1.061224                  1.0                  1.0                  1.0             1.047619             1.333333  0.125128
pct_members_multiple                              float64      7             0.061224                  0.0                  0.0                  0.0             0.047619             0.333333  0.125128
proj_hhi_discussion_comment                       float64      7             0.887343             0.516667             0.847368                  1.0                  1.0                  1.0  0.199147
proj_hhi_pull_request_closed                      float64      4                  1.0                  1.0                  1.0                  1.0                  1.0                  1.0       0.0
proj_hhi_pull_request_merged                      float64      6                  1.0                  1.0                  1.0                  1.0                  1.0                  1.0       0.0
proj_hhi_pull_request_opened                      float64      7                  1.0                  1.0                  1.0                  1.0                  1.0                  1.0       0.0
proj_hhi_pull_request_review_comment              float64      7                  1.0                  1.0                  1.0                  1.0                  1.0                  1.0       0.0
proj_hhi_issue_closed                             float64      5                  1.0                  1.0                  1.0                  1.0                  1.0                  1.0       0.0
proj_hhi_pull_request_comment                     float64      4                  1.0                  1.0                  1.0                  1.0                  1.0                  1.0       0.0
proj_hhi_issue_comment                            float64      4             0.734167                 0.42               0.4925             0.758333                  1.0                  1.0  0.309484
proj_hhi_pull_request_review                      float64      2                  1.0                  1.0                  1.0                  1.0                  1.0                  1.0       0.0
proj_prob_hhi_discussion_comment                  float64      7             0.961153             0.833333             0.947368                  1.0                  1.0                  1.0  0.068671
proj_prob_hhi_pull_request_review_comment         float64      7                  1.0                  1.0                  1.0                  1.0                  1.0                  1.0       0.0
proj_prob_hhi_pull_request_comment                float64      4                  1.0                  1.0                  1.0                  1.0                  1.0                  1.0       0.0
proj_prob_hhi_issue_comment                       float64      4             0.908333                  0.8                0.825             0.916667                  1.0                  1.0  0.106719
proj_prob_hhi_pull_request_review                 float64      2                  1.0                  1.0                  1.0                  1.0                  1.0                  1.0       0.0
num_active_members                                  Int64      7             1.428571                  1.0                  1.0                  1.0                  1.0                  4.0  1.133893

