File: drive/output/derived/org_outcomes_practices/repo_collaboration/important_degree_z2/rolling5/google-ai-edge___mediapipe.parquet

MD5 hash: 2b525233afbb9086746cdddb7e2ec269

Keys: time_period 

                                                     type  count                           mean                  min                  25%                  50%                  75%                  max       std
time_period                                datetime64[ns]     13  2021-12-31 05:32:18.461538560  2019-01-01 00:00:00  2020-07-01 00:00:00  2022-01-01 00:00:00  2023-07-01 00:00:00  2025-01-01 00:00:00          
avg_members_per_problem                           float64     13                       1.216131             1.086105             1.142254             1.170884             1.220269                 1.75  0.168806
pct_members_multiple                              float64     13                       0.186703             0.083135             0.134234             0.159547             0.204757                  0.5  0.105362
proj_hhi_discussion_comment                       float64     13                       0.342091             0.281941             0.304688             0.324662             0.370322              0.41999  0.043767
proj_hhi_issue_closed                             float64     13                       0.475804             0.333333             0.407857             0.475855             0.555011             0.587739  0.084135
proj_hhi_issue_comment                            float64     13                       0.348081             0.295688             0.316245             0.336731             0.380589             0.424111  0.043709
proj_hhi_issue_opened                             float64     13                       0.862479             0.585526             0.657609                  1.0                  1.0                  1.0  0.182266
proj_hhi_pull_request_closed                      float64     12                       0.885142             0.666667             0.766667             0.948646             0.961064                  1.0  0.120389
proj_hhi_pull_request_comment                     float64     12                       0.861069              0.57619             0.741964             0.957672             0.970369                  1.0  0.160527
proj_hhi_pull_request_opened                      float64     11                       0.820446             0.583333             0.607692                  1.0                  1.0                  1.0  0.206898
proj_hhi_pull_request_merged                      float64      5                            1.0                  1.0                  1.0                  1.0                  1.0                  1.0       0.0
proj_hhi_pull_request_review                      float64      5                            1.0                  1.0                  1.0                  1.0                  1.0                  1.0       0.0
proj_hhi_pull_request_review_comment              float64      5                            1.0                  1.0                  1.0                  1.0                  1.0                  1.0       0.0
proj_prob_hhi_discussion_comment                  float64     13                       0.687404             0.543792             0.563804             0.666667             0.821066             0.890041  0.133133
proj_prob_hhi_issue_comment                       float64     13                       0.681618             0.527036             0.553598             0.666667             0.818937             0.889542  0.138226
proj_prob_hhi_pull_request_comment                float64     12                            1.0                  1.0                  1.0                  1.0                  1.0                  1.0       0.0
proj_prob_hhi_pull_request_review                 float64      5                            1.0                  1.0                  1.0                  1.0                  1.0                  1.0       0.0
proj_prob_hhi_pull_request_review_comment         float64      5                            1.0                  1.0                  1.0                  1.0                  1.0                  1.0       0.0
num_active_members                                  Int64     13                       4.153846                  3.0                  4.0                  4.0                  5.0                  5.0  0.800641

