File: drive/output/derived/org_outcomes_practices/repo_collaboration/important_degree_z2/rolling5/googleapis___python-bigquery-pandas.parquet

MD5 hash: 159623b21e6ae7fa788d04571839e38f

Keys: time_period 

                                                     type  count                 mean                  min                  25%                  50%                  75%                  max       std
time_period                                datetime64[ns]     17  2020-12-31 00:00:00  2017-01-01 00:00:00  2019-01-01 00:00:00  2021-01-01 00:00:00  2023-01-01 00:00:00  2025-01-01 00:00:00          
avg_members_per_problem                           float64     17             1.214622                  1.0             1.073864             1.114286             1.365217              1.56338  0.187816
pct_members_multiple                              float64     17             0.200368                  0.0             0.073864             0.114286             0.365217             0.502347  0.167816
proj_hhi_discussion_comment                       float64     17             0.707544             0.444444             0.586203             0.678364             0.858909                  1.0  0.171415
proj_hhi_issue_closed                             float64     17             0.760044             0.513718             0.627586             0.708273             0.958042                  1.0  0.170162
proj_hhi_issue_comment                            float64     17             0.698233             0.436817             0.561935             0.651231             0.856618                  1.0  0.176377
proj_hhi_issue_opened                             float64     17             0.847172             0.623377             0.705628             0.909774             0.936508                  1.0  0.139783
proj_hhi_pull_request_closed                      float64     17              0.84176             0.611111             0.708333             0.857143                  1.0                  1.0  0.160982
proj_hhi_pull_request_comment                     float64     17             0.748132             0.513041             0.635556             0.687186             0.890909                  1.0  0.153746
proj_hhi_pull_request_merged                      float64     17             0.811471             0.484007             0.736616             0.831697             0.968992                  1.0  0.163526
proj_hhi_pull_request_opened                      float64     17             0.781544             0.526246                0.625             0.809357                  1.0                  1.0  0.184883
proj_hhi_pull_request_review_comment              float64     17             0.758036             0.552197             0.631084             0.744473             0.911111                  1.0   0.15257
proj_hhi_pull_request_review                      float64     10             0.710298             0.499166                 0.52             0.691886             0.894892             0.958621  0.200729
proj_prob_hhi_discussion_comment                  float64     17             0.845993             0.666855             0.700522             0.873385             0.946941                  1.0  0.119048
proj_prob_hhi_issue_comment                       float64     17             0.865724             0.667842             0.730313             0.923177             0.976584                  1.0  0.127597
proj_prob_hhi_pull_request_comment                float64     17             0.883964             0.696837             0.739773             0.913333                  1.0                  1.0  0.119141
proj_prob_hhi_pull_request_review_comment         float64     17             0.823937             0.657856             0.733747             0.788707             0.931973                  1.0  0.105624
proj_prob_hhi_pull_request_review                 float64     10             0.842553                 0.52             0.852745             0.906768             0.962382             0.973064  0.176381
num_active_members                                  Int64     17             1.764706                  1.0                  1.0                  2.0                  2.0                  3.0  0.752447

