File: drive/output/derived/org_outcomes_practices/repo_collaboration/important_degree_z2/rolling5/helicone___helicone.parquet

MD5 hash: e153b2605f8eba21419f994ed01a2bd6

Keys: time_period 

                                                     type  count                 mean                  min                  25%                  50%                  75%                  max       std
time_period                                datetime64[ns]      5  2023-12-31 19:12:00  2023-01-01 00:00:00  2023-07-01 00:00:00  2024-01-01 00:00:00  2024-07-01 00:00:00  2025-01-01 00:00:00          
avg_members_per_problem                           float64      5             1.020206                  1.0                  1.0              1.02911             1.034383             1.037535  0.018689
pct_members_multiple                              float64      5             0.020206                  0.0                  0.0              0.02911             0.034383             0.037535  0.018689
proj_hhi_discussion_comment                       float64      5             0.675589             0.540861             0.652481             0.663333             0.725032             0.796237  0.094652
proj_hhi_issue_closed                             float64      5             0.954383             0.906227             0.911663             0.954023                  1.0                  1.0  0.045568
proj_hhi_issue_comment                            float64      5             0.949342             0.900951             0.904181             0.941577                  1.0                  1.0  0.048923
proj_hhi_issue_opened                             float64      5             0.988136             0.970339             0.970339                  1.0                  1.0                  1.0  0.016246
proj_hhi_pull_request_closed                      float64      5             0.801219             0.612476             0.690626             0.702993                  1.0                  1.0   0.18475
proj_hhi_pull_request_comment                     float64      5             0.890858             0.712859             0.919076             0.928144             0.935764             0.958448  0.100567
proj_hhi_pull_request_merged                      float64      5             0.820441             0.666025             0.703919             0.732263                  1.0                  1.0   0.16559
proj_hhi_pull_request_opened                      float64      5             0.829768             0.683688               0.7183              0.74685                  1.0                  1.0  0.157001
proj_hhi_pull_request_review                      float64      5             0.806462             0.628591             0.687016             0.716702                  1.0                  1.0  0.179497
proj_hhi_pull_request_review_comment              float64      5             0.814518             0.650518              0.68791              0.73416                  1.0                  1.0  0.171894
proj_prob_hhi_discussion_comment                  float64      5             0.893621             0.765962             0.898171             0.904145             0.947405             0.952422  0.075463
proj_prob_hhi_issue_comment                       float64      5             0.984205             0.966292             0.967391             0.987342                  1.0                  1.0  0.016676
proj_prob_hhi_pull_request_comment                float64      5             0.932899             0.789017             0.961186             0.965094             0.970425             0.978774  0.080702
proj_prob_hhi_pull_request_review                 float64      5             0.945041             0.877799             0.916837             0.930571                  1.0                  1.0  0.053776
proj_prob_hhi_pull_request_review_comment         float64      5             0.947255             0.886468             0.914257             0.935552                  1.0                  1.0  0.051198
num_active_members                                  Int64      5                  2.8                  2.0                  2.0                  3.0                  3.0                  4.0   0.83666

