File: drive/output/derived/org_outcomes_practices/repo_collaboration/important_degree_z2/rolling5/hochfrequenz___python-generics.parquet

MD5 hash: 1b7ba95f9ef21163aca6ee1c48d0442c

Keys: time_period 

                                                     type  count                 mean                  min                  25%                  50%                  75%                  max       std
time_period                                datetime64[ns]      3  2023-12-31 08:00:00  2023-07-01 00:00:00  2023-10-01 00:00:00  2024-01-01 00:00:00  2024-04-01 00:00:00  2024-07-01 00:00:00          
avg_members_per_problem                           float64      3              1.16351             1.136364             1.151515             1.166667             1.177083               1.1875  0.025714
pct_members_multiple                              float64      3              0.16351             0.136364             0.151515             0.166667             0.177083               0.1875  0.025714
proj_hhi_discussion_comment                       float64      3             0.404762                0.375                0.375                0.375             0.419643             0.464286  0.051549
proj_hhi_issue_comment                            float64      3                  1.0                  1.0                  1.0                  1.0                  1.0                  1.0       0.0
proj_hhi_issue_opened                             float64      3                  1.0                  1.0                  1.0                  1.0                  1.0                  1.0       0.0
proj_hhi_pull_request_closed                      float64      3                  1.0                  1.0                  1.0                  1.0                  1.0                  1.0       0.0
proj_hhi_pull_request_comment                     float64      3             0.416667                0.375                0.375                0.375               0.4375                  0.5  0.072169
proj_hhi_pull_request_merged                      float64      3             0.529412                  0.5                  0.5                  0.5             0.544118             0.588235  0.050943
proj_hhi_pull_request_opened                      float64      3             0.687518              0.66821             0.676941             0.685673             0.697172             0.708672  0.020294
proj_hhi_pull_request_review                      float64      3             0.526627             0.526627             0.526627             0.526627             0.526627             0.526627       0.0
proj_hhi_pull_request_review_comment              float64      3             0.510204             0.510204             0.510204             0.510204             0.510204             0.510204       0.0
proj_prob_hhi_discussion_comment                  float64      3             0.773243             0.761905             0.761905             0.761905             0.778912             0.795918  0.019638
proj_prob_hhi_issue_comment                       float64      3                  1.0                  1.0                  1.0                  1.0                  1.0                  1.0       0.0
proj_prob_hhi_pull_request_comment                float64      3             0.766667                 0.75                 0.75                 0.75                0.775                  0.8  0.028868
proj_prob_hhi_pull_request_review                 float64      3             0.876923             0.876923             0.876923             0.876923             0.876923             0.876923       0.0
proj_prob_hhi_pull_request_review_comment         float64      3             0.771429             0.771429             0.771429             0.771429             0.771429             0.771429       0.0
num_active_members                                  Int64      3             1.666667                  1.0                  1.0                  1.0                  2.0                  3.0  1.154701

