File: drive/output/derived/org_outcomes_practices/repo_collaboration/important_degree_z2/rolling5/hrcorval___behavex.parquet

MD5 hash: cf348005589c42dfbb42c2af11159e28

Keys: time_period 

                                              type  count                 mean                  min                  25%                  50%                  75%                  max       std
time_period                         datetime64[ns]      8  2023-04-01 18:00:00  2021-07-01 00:00:00  2022-05-16 18:00:00  2023-04-01 12:00:00  2024-02-15 12:00:00  2025-01-01 00:00:00          
avg_members_per_problem                    float64      8             1.062714                  1.0                  1.0             1.090567             1.099462             1.116279  0.052629
pct_members_multiple                       float64      8             0.062714                  0.0                  0.0             0.090567             0.099462             0.116279  0.052629
proj_hhi_discussion_comment                float64      8             0.858048             0.703128              0.78348             0.815024                  1.0                  1.0  0.124159
proj_hhi_issue_comment                     float64      8             0.860595              0.71391             0.788195             0.813051                  1.0                  1.0   0.12069
proj_hhi_pull_request_merged               float64      8             0.939697              0.87037             0.906389             0.927492                  1.0                  1.0  0.054354
proj_hhi_pull_request_review               float64      8             0.910913             0.777778             0.827381             0.933333                  1.0                  1.0  0.098363
proj_hhi_issue_closed                      float64      7             0.860635             0.753846             0.789744             0.840947             0.925084                  1.0  0.100706
proj_hhi_issue_opened                      float64      5                  1.0                  1.0                  1.0                  1.0                  1.0                  1.0       0.0
proj_hhi_pull_request_opened               float64      7             0.965358             0.909091                 0.95             0.972222             0.988095                  1.0  0.032152
proj_hhi_pull_request_closed               float64      4                  1.0                  1.0                  1.0                  1.0                  1.0                  1.0       0.0
proj_hhi_pull_request_comment              float64      4             0.661111                  0.5                  0.5             0.638889                  0.8             0.866667  0.189541
proj_prob_hhi_discussion_comment           float64      8             0.959284              0.92674             0.935539             0.938962                  1.0                  1.0  0.033963
proj_prob_hhi_issue_comment                float64      8             0.957081             0.923372             0.930277             0.936639                  1.0                  1.0  0.035884
proj_prob_hhi_pull_request_review          float64      8             0.933185             0.833333             0.870536                 0.95                  1.0                  1.0  0.073772
proj_prob_hhi_pull_request_comment         float64      4                  1.0                  1.0                  1.0                  1.0                  1.0                  1.0       0.0
num_active_members                           Int64      8                 1.25                  1.0                  1.0                  1.0                 1.25                  2.0   0.46291

