File: drive/output/derived/org_outcomes_practices/repo_collaboration/important_degree_z2/rolling5/jorisroovers___gitlint.parquet

MD5 hash: a651c8d698fc92ca9e7042f1dce360b4

Keys: time_period 

                                                     type  count                           mean                  min                  25%                  50%                  75%                  max       std
time_period                                datetime64[ns]     19  2020-01-10 07:34:44.210526208  2015-07-01 00:00:00  2017-10-01 00:00:00  2020-01-01 00:00:00  2022-04-01 12:00:00  2025-01-01 00:00:00          
avg_members_per_problem                           float64     19                        1.01008                  1.0                  1.0                  1.0             1.006992             1.089431  0.022815
pct_members_multiple                              float64     19                        0.01008                  0.0                  0.0                  0.0             0.006992             0.089431  0.022815
proj_hhi_discussion_comment                       float64     19                       0.983248             0.930423             0.963428                  1.0                  1.0                  1.0  0.026765
proj_hhi_issue_closed                             float64     19                       0.979349                0.904             0.969231                  1.0                  1.0                  1.0  0.035969
proj_hhi_issue_comment                            float64     19                          0.985             0.932375             0.975385                  1.0                  1.0                  1.0  0.026028
proj_hhi_pull_request_comment                     float64     19                       0.988527             0.939623             0.981609                  1.0                  1.0                  1.0  0.020244
proj_hhi_pull_request_merged                      float64     19                       0.987877             0.920091             0.983886                  1.0                  1.0                  1.0  0.022872
proj_hhi_issue_opened                             float64     18                            1.0                  1.0                  1.0                  1.0                  1.0                  1.0       0.0
proj_hhi_pull_request_review_comment              float64     16                            1.0                  1.0                  1.0                  1.0                  1.0                  1.0       0.0
proj_hhi_pull_request_opened                      float64     15                            1.0                  1.0                  1.0                  1.0                  1.0                  1.0       0.0
proj_hhi_pull_request_closed                      float64     14                       0.952331                 0.84             0.885714                  1.0                  1.0                  1.0   0.06728
proj_hhi_pull_request_review                      float64      9                            1.0                  1.0                  1.0                  1.0                  1.0                  1.0       0.0
proj_prob_hhi_discussion_comment                  float64     19                        0.99729             0.987037             0.996815                  1.0                  1.0                  1.0  0.004796
proj_prob_hhi_issue_comment                       float64     19                       0.996925             0.985348                0.995                  1.0                  1.0                  1.0  0.005353
proj_prob_hhi_pull_request_comment                float64     19                            1.0                  1.0                  1.0                  1.0                  1.0                  1.0       0.0
proj_prob_hhi_pull_request_review_comment         float64     16                            1.0                  1.0                  1.0                  1.0                  1.0                  1.0       0.0
proj_prob_hhi_pull_request_review                 float64      9                            1.0                  1.0                  1.0                  1.0                  1.0                  1.0       0.0
num_active_members                                  Int64     19                       1.105263                  1.0                  1.0                  1.0                  1.0                  2.0  0.315302

