File: drive/output/derived/org_outcomes_practices/repo_collaboration/important_degree_z2/rolling5/ludeeus___awesomeversion.parquet

MD5 hash: 21c3a61c1668a1fb9d25d38cc4119049

Keys: time_period 

                                                     type  count                 mean                  min                  25%                  50%                  75%                  max  std
time_period                                datetime64[ns]      9  2022-09-21 00:00:00  2020-07-01 00:00:00  2021-07-01 00:00:00  2022-07-01 00:00:00  2024-01-01 00:00:00  2025-01-01 00:00:00     
avg_members_per_problem                           float64      9                  1.0                  1.0                  1.0                  1.0                  1.0                  1.0  0.0
pct_members_multiple                              float64      9                  0.0                  0.0                  0.0                  0.0                  0.0                  0.0  0.0
proj_hhi_issue_closed                             float64      9                  1.0                  1.0                  1.0                  1.0                  1.0                  1.0  0.0
proj_hhi_issue_opened                             float64      8                  1.0                  1.0                  1.0                  1.0                  1.0                  1.0  0.0
proj_hhi_pull_request_merged                      float64      9                  1.0                  1.0                  1.0                  1.0                  1.0                  1.0  0.0
proj_hhi_pull_request_opened                      float64      9                  1.0                  1.0                  1.0                  1.0                  1.0                  1.0  0.0
proj_hhi_pull_request_review                      float64      8                  1.0                  1.0                  1.0                  1.0                  1.0                  1.0  0.0
proj_hhi_discussion_comment                       float64      7                  1.0                  1.0                  1.0                  1.0                  1.0                  1.0  0.0
proj_hhi_pull_request_closed                      float64      6                  1.0                  1.0                  1.0                  1.0                  1.0                  1.0  0.0
proj_hhi_pull_request_comment                     float64      7                  1.0                  1.0                  1.0                  1.0                  1.0                  1.0  0.0
proj_hhi_pull_request_review_comment              float64      7                  1.0                  1.0                  1.0                  1.0                  1.0                  1.0  0.0
proj_hhi_issue_comment                            float64      6                  1.0                  1.0                  1.0                  1.0                  1.0                  1.0  0.0
proj_prob_hhi_pull_request_review                 float64      8                  1.0                  1.0                  1.0                  1.0                  1.0                  1.0  0.0
proj_prob_hhi_discussion_comment                  float64      7                  1.0                  1.0                  1.0                  1.0                  1.0                  1.0  0.0
proj_prob_hhi_pull_request_comment                float64      7                  1.0                  1.0                  1.0                  1.0                  1.0                  1.0  0.0
proj_prob_hhi_pull_request_review_comment         float64      7                  1.0                  1.0                  1.0                  1.0                  1.0                  1.0  0.0
proj_prob_hhi_issue_comment                       float64      6                  1.0                  1.0                  1.0                  1.0                  1.0                  1.0  0.0
num_active_members                                  Int64      9                  1.0                  1.0                  1.0                  1.0                  1.0                  1.0  0.0

