File: drive/output/derived/org_outcomes_practices/repo_collaboration/important_degree_z2/rolling5/massimolauria___cnfgen.parquet

MD5 hash: 95e435f3b5688fe232d09c0e1e79b5af

Keys: time_period 

                                                     type  count                 mean                  min                  25%                  50%                  75%                  max       std
time_period                                datetime64[ns]      6  2019-10-01 12:00:00  2016-07-01 00:00:00  2018-08-16 00:00:00  2019-10-01 12:00:00  2020-11-16 00:00:00  2023-01-01 00:00:00          
avg_members_per_problem                           float64      6             1.046154                  1.0                  1.0                  1.0             1.057692                  1.2  0.081408
pct_members_multiple                              float64      6             0.046154                  0.0                  0.0                  0.0             0.057692                  0.2  0.081408
proj_hhi_discussion_comment                       float64      6                  1.0                  1.0                  1.0                  1.0                  1.0                  1.0       0.0
proj_hhi_issue_closed                             float64      5                  1.0                  1.0                  1.0                  1.0                  1.0                  1.0       0.0
proj_hhi_issue_comment                            float64      6                  1.0                  1.0                  1.0                  1.0                  1.0                  1.0       0.0
proj_hhi_issue_opened                             float64      2                  1.0                  1.0                  1.0                  1.0                  1.0                  1.0       0.0
proj_hhi_pull_request_comment                     float64      6                  1.0                  1.0                  1.0                  1.0                  1.0                  1.0       0.0
proj_hhi_pull_request_merged                      float64      5                  1.0                  1.0                  1.0                  1.0                  1.0                  1.0       0.0
proj_hhi_pull_request_opened                      float64      5                  1.0                  1.0                  1.0                  1.0                  1.0                  1.0       0.0
proj_hhi_pull_request_review_comment              float64      3                  1.0                  1.0                  1.0                  1.0                  1.0                  1.0       0.0
proj_hhi_pull_request_closed                      float64      3                  1.0                  1.0                  1.0                  1.0                  1.0                  1.0       0.0
proj_hhi_pull_request_review                      float64      2                  1.0                  1.0                  1.0                  1.0                  1.0                  1.0       0.0
proj_prob_hhi_discussion_comment                  float64      6             0.945833                  0.8              0.90625                  1.0                  1.0                  1.0  0.087202
proj_prob_hhi_issue_comment                       float64      6             0.902778             0.666667               0.8125                  1.0                  1.0                  1.0  0.152904
proj_prob_hhi_pull_request_comment                float64      6                  1.0                  1.0                  1.0                  1.0                  1.0                  1.0       0.0
proj_prob_hhi_pull_request_review_comment         float64      3                  1.0                  1.0                  1.0                  1.0                  1.0                  1.0       0.0
proj_prob_hhi_pull_request_review                 float64      2                  1.0                  1.0                  1.0                  1.0                  1.0                  1.0       0.0
num_active_members                                  Int64      6                  1.0                  1.0                  1.0                  1.0                  1.0                  1.0       0.0

