File: drive/output/derived/org_outcomes_practices/repo_collaboration/important_degree_z2/rolling5/mozilla___bleach.parquet

MD5 hash: 20eba20686808c4bc098efd84db4c77d

Keys: time_period 

                                                     type  count                           mean                  min                  25%                  50%                  75%                  max       std
time_period                                datetime64[ns]     21  2019-12-31 17:08:34.285714176  2015-01-01 00:00:00  2017-07-01 00:00:00  2020-01-01 00:00:00  2022-07-01 00:00:00  2025-01-01 00:00:00          
avg_members_per_problem                           float64     21                       1.024216                  1.0                  1.0             1.011561             1.051471              1.09375   0.02799
pct_members_multiple                              float64     21                       0.024216                  0.0                  0.0             0.011561             0.051471              0.09375   0.02799
proj_hhi_discussion_comment                       float64     21                       0.962744             0.684734                  1.0                  1.0                  1.0                  1.0  0.082455
proj_hhi_issue_closed                             float64     21                       0.962994             0.676923                  1.0                  1.0                  1.0                  1.0  0.082944
proj_hhi_issue_comment                            float64     21                       0.964931             0.674208                  1.0                  1.0                  1.0                  1.0  0.081774
proj_hhi_pull_request_closed                      float64     21                       0.962812             0.733333                  1.0                  1.0                  1.0                  1.0  0.075872
proj_hhi_pull_request_comment                     float64     21                        0.96803             0.744318                  1.0                  1.0                  1.0                  1.0  0.068479
proj_hhi_issue_opened                             float64     20                       0.965198             0.722222             0.983974                  1.0                  1.0                  1.0  0.073491
proj_hhi_pull_request_merged                      float64     20                       0.967177                0.625             0.994141                  1.0                  1.0                  1.0  0.088427
proj_hhi_pull_request_opened                      float64     20                            1.0                  1.0                  1.0                  1.0                  1.0                  1.0       0.0
proj_hhi_pull_request_review_comment              float64     20                            1.0                  1.0                  1.0                  1.0                  1.0                  1.0       0.0
proj_hhi_pull_request_review                      float64     10                            1.0                  1.0                  1.0                  1.0                  1.0                  1.0       0.0
proj_prob_hhi_discussion_comment                  float64     21                       0.984499             0.927861             0.968354              0.99711                  1.0                  1.0  0.021226
proj_prob_hhi_issue_comment                       float64     21                       0.986472             0.917647             0.990991                  1.0                  1.0                  1.0  0.027199
proj_prob_hhi_pull_request_comment                float64     21                        0.98221             0.873737             0.982456                  1.0                  1.0                  1.0  0.035178
proj_prob_hhi_pull_request_review_comment         float64     20                            1.0                  1.0                  1.0                  1.0                  1.0                  1.0       0.0
proj_prob_hhi_pull_request_review                 float64     10                            1.0                  1.0                  1.0                  1.0                  1.0                  1.0       0.0
num_active_members                                  Int64     21                       1.047619                  1.0                  1.0                  1.0                  1.0                  2.0  0.218218

