File: drive/output/derived/org_outcomes_practices/repo_collaboration/important_degree_z2/rolling5/nickstenning___honcho.parquet

MD5 hash: d6dac3681bdc5b1d9f65485045696508

Keys: time_period 

                                                     type  count                 mean                  min                  25%                  50%                  75%                  max       std
time_period                                datetime64[ns]     12  2018-07-16 22:00:00  2015-01-01 00:00:00  2016-05-16 12:00:00  2017-10-01 00:00:00  2020-05-16 18:00:00  2024-07-01 00:00:00          
avg_members_per_problem                           float64     12             1.063927                  1.0                  1.0              1.08194             1.115385             1.136364   0.05849
pct_members_multiple                              float64     12             0.063927                  0.0                  0.0              0.08194             0.115385             0.136364   0.05849
proj_hhi_discussion_comment                       float64     12             0.864853             0.595003             0.787719             0.884921                  1.0                  1.0  0.147776
proj_hhi_issue_closed                             float64     12                  1.0                  1.0                  1.0                  1.0                  1.0                  1.0       0.0
proj_hhi_issue_comment                            float64     12              0.87083             0.526627             0.785904                  1.0                  1.0                  1.0  0.179009
proj_hhi_pull_request_closed                      float64     12                  1.0                  1.0                  1.0                  1.0                  1.0                  1.0       0.0
proj_hhi_pull_request_comment                     float64     12             0.859876             0.591837             0.781371             0.854167                  1.0                  1.0  0.145667
proj_hhi_pull_request_merged                      float64     12             0.916667                  0.5               0.9125                  1.0                  1.0                  1.0  0.150923
proj_hhi_pull_request_opened                      float64      9             0.790123             0.555556             0.666667             0.666667                  1.0                  1.0  0.203704
proj_hhi_pull_request_review_comment              float64     10                  1.0                  1.0                  1.0                  1.0                  1.0                  1.0       0.0
proj_hhi_issue_opened                             float64      3                  1.0                  1.0                  1.0                  1.0                  1.0                  1.0       0.0
proj_hhi_pull_request_review                      float64      2                  1.0                  1.0                  1.0                  1.0                  1.0                  1.0       0.0
proj_prob_hhi_discussion_comment                  float64     12             0.958152             0.879121             0.923201              0.97619                  1.0                  1.0  0.047406
proj_prob_hhi_issue_comment                       float64     12             0.937029             0.769231             0.895628                  1.0                  1.0                  1.0  0.087267
proj_prob_hhi_pull_request_comment                float64     12             0.969999                0.875             0.951786             0.979167                  1.0                  1.0  0.038122
proj_prob_hhi_pull_request_review_comment         float64     10                  1.0                  1.0                  1.0                  1.0                  1.0                  1.0       0.0
proj_prob_hhi_pull_request_review                 float64      2                  1.0                  1.0                  1.0                  1.0                  1.0                  1.0       0.0
num_active_members                                  Int64     12             1.166667                  1.0                  1.0                  1.0                  1.0                  2.0  0.389249

