File: drive/output/derived/org_outcomes_practices/repo_collaboration/important_degree_z2/rolling5/nkgilley___python-ecobee-api.parquet

MD5 hash: 4a19fc37940d3106471f0d77ae011864

Keys: time_period 

                                              type  count                 mean                  min                  25%                  50%                  75%                  max       std
time_period                         datetime64[ns]     10  2019-04-02 00:00:00  2016-01-01 00:00:00  2017-08-16 00:00:00  2019-04-01 12:00:00  2020-10-01 12:00:00  2023-01-01 00:00:00          
avg_members_per_problem                    float64     10             1.013249                  1.0                  1.0                  1.0             1.027778                 1.05  0.021557
pct_members_multiple                       float64     10             0.013249                  0.0                  0.0                  0.0             0.027778                 0.05  0.021557
proj_hhi_discussion_comment                float64     10                  1.0                  1.0                  1.0                  1.0                  1.0                  1.0       0.0
proj_hhi_issue_closed                      float64     10                  1.0                  1.0                  1.0                  1.0                  1.0                  1.0       0.0
proj_hhi_issue_comment                     float64     10                  1.0                  1.0                  1.0                  1.0                  1.0                  1.0       0.0
proj_hhi_pull_request_closed               float64      4                  1.0                  1.0                  1.0                  1.0                  1.0                  1.0       0.0
proj_hhi_pull_request_comment              float64     10                  1.0                  1.0                  1.0                  1.0                  1.0                  1.0       0.0
proj_hhi_pull_request_merged               float64     10                  1.0                  1.0                  1.0                  1.0                  1.0                  1.0       0.0
proj_hhi_issue_opened                      float64      4                  1.0                  1.0                  1.0                  1.0                  1.0                  1.0       0.0
proj_hhi_pull_request_opened               float64      4                  1.0                  1.0                  1.0                  1.0                  1.0                  1.0       0.0
proj_hhi_pull_request_review               float64      3                  1.0                  1.0                  1.0                  1.0                  1.0                  1.0       0.0
proj_prob_hhi_discussion_comment           float64     10             0.984093             0.941176             0.964286                  1.0                  1.0                  1.0   0.02575
proj_prob_hhi_issue_comment                float64     10               0.9425                 0.75              0.90625                  1.0                  1.0                  1.0  0.097218
proj_prob_hhi_pull_request_comment         float64     10                  1.0                  1.0                  1.0                  1.0                  1.0                  1.0       0.0
proj_prob_hhi_pull_request_review          float64      3                  1.0                  1.0                  1.0                  1.0                  1.0                  1.0       0.0
num_active_members                           Int64     10                  1.0                  1.0                  1.0                  1.0                  1.0                  1.0       0.0

