File: drive/output/derived/org_outcomes_practices/repo_collaboration/important_degree_z2/rolling5/oca___server-tools.parquet

MD5 hash: 63c810fa6353632c9b0378fdd0abd16b

Keys: time_period 

                                                     type  count                           mean                  min                  25%                  50%                  75%                  max       std
time_period                                datetime64[ns]     21  2019-12-31 17:08:34.285714176  2015-01-01 00:00:00  2017-07-01 00:00:00  2020-01-01 00:00:00  2022-07-01 00:00:00  2025-01-01 00:00:00          
avg_members_per_problem                           float64     21                       1.421282             1.021008             1.244656             1.341912             1.624179              2.00641  0.285934
pct_members_multiple                              float64     21                       0.322057             0.021008             0.209644             0.284483             0.465517             0.660256  0.186754
proj_hhi_discussion_comment                       float64     21                       0.359618             0.212865             0.280911             0.333114             0.397074             0.639978  0.112712
proj_hhi_issue_comment                            float64     21                       0.605254             0.310891             0.452239             0.588783             0.725488                  1.0  0.203198
proj_hhi_pull_request_closed                      float64     21                       0.552124             0.316667             0.469942             0.590812             0.637727             0.711542  0.125445
proj_hhi_pull_request_comment                     float64     21                       0.396799             0.249759             0.296591             0.390809             0.443704               0.6579  0.113676
proj_hhi_pull_request_merged                      float64     21                       0.717414             0.346006             0.435291             0.890909             0.948058             0.994296  0.259045
proj_hhi_pull_request_opened                      float64     21                        0.50102             0.376122             0.407375             0.440792                 0.52                  1.0  0.173848
proj_hhi_pull_request_review_comment              float64     21                       0.414541             0.280913             0.322026             0.370913             0.449397             0.881579  0.145241
proj_hhi_issue_closed                             float64     20                        0.73005             0.535714              0.60099             0.756097             0.863093             0.916667  0.136701
proj_hhi_issue_opened                             float64     20                       0.724343                  0.2             0.571741             0.743511                  1.0                  1.0  0.245336
proj_hhi_pull_request_review                      float64     10                       0.327663             0.243826             0.249187              0.27311             0.318077                 0.68   0.13629
proj_prob_hhi_discussion_comment                  float64     21                       0.702107             0.579319             0.655066             0.693575             0.746573             0.858454  0.073666
proj_prob_hhi_issue_comment                       float64     21                       0.868293             0.700677             0.798551             0.896502             0.970284                  1.0  0.106298
proj_prob_hhi_pull_request_comment                float64     21                       0.705138             0.585685              0.65533             0.693701             0.742679             0.851578  0.076493
proj_prob_hhi_pull_request_review_comment         float64     21                       0.842966             0.726835             0.791092             0.824513             0.907003                  1.0  0.078681
proj_prob_hhi_pull_request_review                 float64     10                       0.847355             0.746885             0.798884             0.842742              0.90029             0.942424  0.064674
num_active_members                                  Int64     21                        4.52381                  2.0                  3.0                  5.0                  6.0                  9.0  2.088517

