File: drive/output/derived/org_outcomes_practices/repo_collaboration/important_degree_z2/rolling5/ome___napari-omero.parquet

MD5 hash: 4fcb61819d81ce718fab3565585bdd47

Keys: time_period 

                                                     type  count                 mean                  min                  25%                  50%                  75%                  max       std
time_period                                datetime64[ns]      9  2022-07-01 18:40:00  2020-01-01 00:00:00  2021-07-01 00:00:00  2022-07-01 00:00:00  2023-07-01 00:00:00  2025-01-01 00:00:00          
avg_members_per_problem                           float64      9             1.143166                  1.0                 1.05             1.083333             1.111111             1.698413  0.211676
pct_members_multiple                              float64      9             0.141403                  0.0                 0.05             0.083333             0.111111              0.68254  0.206474
proj_hhi_discussion_comment                       float64      9             0.818214             0.533484             0.692982             0.871212                 0.97                  1.0  0.176557
proj_hhi_issue_comment                            float64      9             0.872637              0.51659             0.833333             0.866667                  1.0                  1.0  0.151773
proj_hhi_issue_opened                             float64      9             0.947594             0.528345                  1.0                  1.0                  1.0                  1.0  0.157218
proj_hhi_pull_request_comment                     float64      9             0.819158             0.536364             0.716667             0.878788             0.929825                  1.0  0.171462
proj_hhi_pull_request_merged                      float64      9             0.979727             0.817544                  1.0                  1.0                  1.0                  1.0  0.060819
proj_hhi_pull_request_opened                      float64      9              0.86274             0.578947             0.809524             0.833333                  1.0                  1.0  0.149656
proj_hhi_pull_request_review_comment              float64      8             0.968642             0.749135                  1.0                  1.0                  1.0                  1.0  0.088694
proj_hhi_pull_request_closed                      float64      7                  1.0                  1.0                  1.0                  1.0                  1.0                  1.0       0.0
proj_hhi_pull_request_review                      float64      6             0.944403              0.66642                  1.0                  1.0                  1.0                  1.0  0.136183
proj_hhi_issue_closed                             float64      1              0.66759              0.66759              0.66759              0.66759              0.66759              0.66759          
proj_prob_hhi_discussion_comment                  float64      9             0.904916             0.616347             0.857143             0.939394                  1.0                  1.0  0.125624
proj_prob_hhi_issue_comment                       float64      9             0.888348             0.604659             0.833333             0.866667                  1.0                  1.0  0.131264
proj_prob_hhi_pull_request_comment                float64      9               0.9126             0.599114             0.857143                  1.0                  1.0                  1.0  0.133593
proj_prob_hhi_pull_request_review_comment         float64      8             0.981066             0.848529                  1.0                  1.0                  1.0                  1.0  0.053553
proj_prob_hhi_pull_request_review                 float64      6             0.973291             0.839744                  1.0                  1.0                  1.0                  1.0  0.065424
num_active_members                                  Int64      9             1.555556                  1.0                  1.0                  2.0                  2.0                  2.0  0.527046

