File: drive/output/derived/org_outcomes_practices/repo_collaboration/important_degree_z2/rolling5/openslide___openslide-bin.parquet

MD5 hash: 86c8c4a081439e97a78367b25cab9131

Keys: time_period 

                                                     type  count                 mean                  min                  25%                  50%                  75%                  max       std
time_period                                datetime64[ns]     16  2021-01-11 10:30:00  2016-01-01 00:00:00  2019-03-31 18:00:00  2021-04-01 12:00:00  2023-02-15 06:00:00  2025-01-01 00:00:00          
avg_members_per_problem                           float64     16             1.311091                  1.0                  1.0             1.047059                 1.35                  3.0  0.539746
pct_members_multiple                              float64     16             0.173591                  0.0                  0.0             0.047059               0.2125                  1.0  0.266605
proj_hhi_discussion_comment                       float64     16              0.87747             0.715789             0.786016             0.819254                  1.0                  1.0  0.114779
proj_hhi_issue_closed                             float64     15                  1.0                  1.0                  1.0                  1.0                  1.0                  1.0       0.0
proj_hhi_issue_comment                            float64     16             0.943497                 0.75             0.954545                  1.0                  1.0                  1.0  0.102098
proj_hhi_issue_opened                             float64      9                  1.0                  1.0                  1.0                  1.0                  1.0                  1.0       0.0
proj_hhi_pull_request_merged                      float64      7                  1.0                  1.0                  1.0                  1.0                  1.0                  1.0       0.0
proj_hhi_pull_request_opened                      float64      7                  1.0                  1.0                  1.0                  1.0                  1.0                  1.0       0.0
proj_hhi_pull_request_comment                     float64      6               0.8529             0.788856             0.816276             0.835849             0.844282                  1.0   0.07503
proj_hhi_pull_request_review                      float64      5                  1.0                  1.0                  1.0                  1.0                  1.0                  1.0       0.0
proj_hhi_pull_request_review_comment              float64      5                  1.0                  1.0                  1.0                  1.0                  1.0                  1.0       0.0
proj_hhi_pull_request_closed                      float64      4                  1.0                  1.0                  1.0                  1.0                  1.0                  1.0       0.0
proj_prob_hhi_discussion_comment                  float64     16             0.836404             0.383333             0.779018             0.939779             0.967241                  1.0  0.204441
proj_prob_hhi_issue_comment                       float64     16             0.852455             0.383333             0.779018                  1.0                  1.0                  1.0  0.214978
proj_prob_hhi_pull_request_comment                float64      6             0.929628              0.89899             0.912107             0.921471             0.925505                  1.0  0.035894
proj_prob_hhi_pull_request_review                 float64      5                  1.0                  1.0                  1.0                  1.0                  1.0                  1.0       0.0
proj_prob_hhi_pull_request_review_comment         float64      5                  1.0                  1.0                  1.0                  1.0                  1.0                  1.0       0.0
num_active_members                                  Int64     16               1.1875                  1.0                  1.0                  1.0                  1.0                  3.0  0.543906

