File: drive/output/derived/org_outcomes_practices/repo_collaboration/important_degree_z2/rolling5/pypa___trove-classifiers.parquet

MD5 hash: 4fc4b0039090cb0747463cf1c3492abb

Keys: time_period 

                                                     type  count                           mean                  min                  25%                  50%                  75%                  max       std
time_period                                datetime64[ns]     11  2022-07-01 21:49:05.454545408  2020-01-01 00:00:00  2021-04-01 12:00:00  2022-07-01 00:00:00  2023-10-01 00:00:00  2025-01-01 00:00:00          
avg_members_per_problem                           float64     11                       1.031563                  1.0                  1.0             1.014286             1.059649             1.081967  0.032795
pct_members_multiple                              float64     11                       0.031563                  0.0                  0.0             0.014286             0.059649             0.081967  0.032795
proj_hhi_discussion_comment                       float64     11                        0.95872             0.886486             0.911818                  1.0                  1.0                  1.0  0.049276
proj_hhi_issue_closed                             float64     11                       0.935204             0.833333             0.854798                  1.0                  1.0                  1.0  0.075927
proj_hhi_issue_comment                            float64     11                       0.916883             0.777778             0.815873                  1.0                  1.0                  1.0   0.09764
proj_hhi_issue_opened                             float64      6                            1.0                  1.0                  1.0                  1.0                  1.0                  1.0       0.0
proj_hhi_pull_request_comment                     float64     11                       0.976249             0.928571             0.951786                  1.0                  1.0                  1.0  0.028648
proj_hhi_pull_request_merged                      float64     11                       0.965229             0.909774               0.9293                  1.0                  1.0                  1.0  0.040438
proj_hhi_pull_request_opened                      float64     11                            1.0                  1.0                  1.0                  1.0                  1.0                  1.0       0.0
proj_hhi_pull_request_review_comment              float64     10                            1.0                  1.0                  1.0                  1.0                  1.0                  1.0       0.0
proj_hhi_pull_request_review                      float64     10                            1.0                  1.0                  1.0                  1.0                  1.0                  1.0       0.0
proj_hhi_pull_request_closed                      float64      8                            1.0                  1.0                  1.0                  1.0                  1.0                  1.0       0.0
proj_prob_hhi_discussion_comment                  float64     11                       0.969573             0.916364             0.938517                  1.0                  1.0                  1.0  0.036218
proj_prob_hhi_issue_comment                       float64     11                       0.951232             0.857143             0.908333                  1.0                  1.0                  1.0  0.059065
proj_prob_hhi_pull_request_comment                float64     11                       0.989349             0.961538             0.974937                  1.0                  1.0                  1.0  0.015189
proj_prob_hhi_pull_request_review_comment         float64     10                          0.895                  0.7                 0.75                  1.0                  1.0                  1.0  0.136321
proj_prob_hhi_pull_request_review                 float64     10                       0.900952             0.733333             0.771429                  1.0                  1.0                  1.0  0.128499
num_active_members                                  Int64     11                       1.090909                  1.0                  1.0                  1.0                  1.0                  2.0  0.301511

