File: drive/output/derived/org_outcomes_practices/repo_collaboration/important_degree_z2/rolling5/python-poetry___cleo.parquet

MD5 hash: f4e2dbe0c32bea7b6df4c7812a2513d8

Keys: time_period 

                                                     type  count                           mean                  min                  25%                  50%                  75%                  max       std
time_period                                datetime64[ns]     13  2020-12-02 20:18:27.692307712  2015-07-01 00:00:00  2019-01-01 00:00:00  2022-01-01 00:00:00  2023-07-01 00:00:00  2025-01-01 00:00:00          
avg_members_per_problem                           float64     13                       1.046473                  1.0                  1.0                  1.0             1.005714             1.333333  0.110169
pct_members_multiple                              float64     13                       0.046473                  0.0                  0.0                  0.0             0.005714             0.333333  0.110169
proj_hhi_discussion_comment                       float64     13                       0.910256             0.333333                  1.0                  1.0                  1.0                  1.0  0.221687
proj_hhi_issue_closed                             float64     11                            1.0                  1.0                  1.0                  1.0                  1.0                  1.0       0.0
proj_hhi_issue_comment                            float64     13                       0.910256             0.333333                  1.0                  1.0                  1.0                  1.0  0.221687
proj_hhi_pull_request_comment                     float64     11                            1.0                  1.0                  1.0                  1.0                  1.0                  1.0       0.0
proj_hhi_pull_request_merged                      float64     11                            1.0                  1.0                  1.0                  1.0                  1.0                  1.0       0.0
proj_hhi_pull_request_closed                      float64      9                            1.0                  1.0                  1.0                  1.0                  1.0                  1.0       0.0
proj_hhi_issue_opened                             float64     10                       0.963333                  0.8                  1.0                  1.0                  1.0                  1.0  0.077698
proj_hhi_pull_request_opened                      float64      7                            1.0                  1.0                  1.0                  1.0                  1.0                  1.0       0.0
proj_hhi_pull_request_review                      float64      7                            1.0                  1.0                  1.0                  1.0                  1.0                  1.0       0.0
proj_hhi_pull_request_review_comment              float64      7                            1.0                  1.0                  1.0                  1.0                  1.0                  1.0       0.0
proj_prob_hhi_discussion_comment                  float64     13                        0.94899             0.666667             0.977778                  1.0                  1.0                  1.0  0.108556
proj_prob_hhi_issue_comment                       float64     13                       0.955128             0.666667                  1.0                  1.0                  1.0                  1.0  0.110844
proj_prob_hhi_pull_request_comment                float64     11                            1.0                  1.0                  1.0                  1.0                  1.0                  1.0       0.0
proj_prob_hhi_pull_request_review                 float64      7                       0.989442             0.977273             0.981709             0.985401                  1.0                  1.0  0.010258
proj_prob_hhi_pull_request_review_comment         float64      7                            1.0                  1.0                  1.0                  1.0                  1.0                  1.0       0.0
num_active_members                                  Int64     13                       1.153846                  1.0                  1.0                  1.0                  1.0                  3.0    0.5547

