File: drive/output/derived/org_outcomes_practices/repo_collaboration/important_degree_z2/rolling5/simpleitk___simpleitk.parquet

MD5 hash: c784d3a57c13d2acdb7ff445f09fe306

Keys: time_period 

                                                     type  count                           mean                  min                  25%                  50%                  75%                  max       std
time_period                                datetime64[ns]     21  2019-12-31 17:08:34.285714176  2015-01-01 00:00:00  2017-07-01 00:00:00  2020-01-01 00:00:00  2022-07-01 00:00:00  2025-01-01 00:00:00          
avg_members_per_problem                           float64     21                       1.184568                  1.0                  1.0             1.097561             1.349716             1.493421  0.196136
pct_members_multiple                              float64     21                       0.180758                  0.0                  0.0             0.097561             0.349716             0.476974   0.19074
proj_hhi_discussion_comment                       float64     21                       0.773325             0.501992             0.565211              0.72596                  1.0                  1.0  0.208774
proj_hhi_issue_closed                             float64     21                       0.811644             0.502563             0.650816             0.839743                  1.0                  1.0  0.186587
proj_hhi_issue_comment                            float64     21                       0.761488             0.489932             0.572133             0.728337                  1.0                  1.0  0.219628
proj_hhi_pull_request_closed                      float64     21                       0.966686             0.878788             0.940476                  1.0                  1.0                  1.0  0.041313
proj_hhi_pull_request_comment                     float64     21                       0.909655             0.765501             0.816329             0.928299                  1.0                  1.0  0.095228
proj_hhi_pull_request_opened                      float64     18                       0.913522             0.794022             0.850516             0.914677             0.994099                  1.0  0.073498
proj_hhi_pull_request_review_comment              float64     18                       0.740374             0.519581             0.575868              0.71688             0.966387                  1.0  0.188118
proj_hhi_issue_opened                             float64     17                       0.773346             0.609732              0.64547             0.695865             0.933333                  1.0  0.159182
proj_hhi_pull_request_merged                      float64     13                       0.890502             0.817388             0.824943             0.907329              0.92366                  1.0  0.057498
proj_hhi_pull_request_review                      float64     10                       0.563195             0.507178              0.54581             0.563635             0.583251             0.615742  0.031585
proj_prob_hhi_discussion_comment                  float64     21                       0.913671             0.797248             0.833568             0.884789                  1.0                  1.0  0.079924
proj_prob_hhi_issue_comment                       float64     21                       0.919012             0.820289             0.851587             0.888013                  1.0                  1.0  0.072655
proj_prob_hhi_pull_request_comment                float64     21                       0.954536             0.872807             0.925073             0.953762                  1.0                  1.0  0.047828
proj_prob_hhi_pull_request_review_comment         float64     18                       0.866409             0.688065             0.767167             0.872333             0.986349                  1.0  0.111807
proj_prob_hhi_pull_request_review                 float64     10                        0.85481             0.822222             0.840949             0.847495             0.869925              0.89549  0.022742
num_active_members                                  Int64     21                       1.619048                  1.0                  1.0                  2.0                  2.0                  3.0  0.589592

