File: drive/output/derived/org_outcomes_practices/repo_collaboration/important_degree_z2/rolling5/snoack___python-goto.parquet

MD5 hash: 528a63b0384ef2bd7f862b2856d4d45f

Keys: time_period 

                                                     type  count                 mean                  min                  25%                  50%                  75%                  max       std
time_period                                datetime64[ns]     10  2019-01-18 16:48:00  2015-07-01 00:00:00  2017-08-16 00:00:00  2019-04-01 12:00:00  2020-05-16 12:00:00  2022-07-01 00:00:00          
avg_members_per_problem                           float64     10             1.155128                  1.0                  1.0                1.125               1.3125             1.384615  0.168161
pct_members_multiple                              float64     10             0.155128                  0.0                  0.0                0.125               0.3125             0.384615  0.168161
proj_hhi_discussion_comment                       float64     10              0.82577             0.544809             0.573093                  1.0                  1.0                  1.0   0.22509
proj_hhi_issue_closed                             float64      9                  1.0                  1.0                  1.0                  1.0                  1.0                  1.0       0.0
proj_hhi_issue_comment                            float64     10                  1.0                  1.0                  1.0                  1.0                  1.0                  1.0       0.0
proj_hhi_pull_request_closed                      float64      9             0.813333                 0.52                  0.6                  1.0                  1.0                  1.0  0.222711
proj_hhi_pull_request_comment                     float64      9             0.801022              0.54416              0.56044                  1.0                  1.0                  1.0  0.236029
proj_hhi_pull_request_merged                      float64      4                  1.0                  1.0                  1.0                  1.0                  1.0                  1.0       0.0
proj_hhi_issue_opened                             float64      4                  1.0                  1.0                  1.0                  1.0                  1.0                  1.0       0.0
proj_hhi_pull_request_opened                      float64      5                  1.0                  1.0                  1.0                  1.0                  1.0                  1.0       0.0
proj_hhi_pull_request_review_comment              float64      4                  0.5                  0.5                  0.5                  0.5                  0.5                  0.5       0.0
proj_prob_hhi_discussion_comment                  float64     10              0.81681             0.588235             0.617199                0.875                  1.0                  1.0  0.198155
proj_prob_hhi_issue_comment                       float64     10             0.946667             0.666667                  1.0                  1.0                  1.0                  1.0  0.116746
proj_prob_hhi_pull_request_comment                float64      9             0.825397                  0.6             0.614286                  1.0                  1.0                  1.0  0.207115
proj_prob_hhi_pull_request_review_comment         float64      4             0.506494             0.506494             0.506494             0.506494             0.506494             0.506494       0.0
num_active_members                                  Int64     10                  1.1                  1.0                  1.0                  1.0                  1.0                  2.0  0.316228

