File: drive/output/derived/org_outcomes_practices/repo_collaboration/important_degree_z2/rolling5/sphinx-doc___sphinxcontrib-django.parquet

MD5 hash: a9f381e34411e0a74952a4220bc2c6e2

Keys: time_period 

                                                     type  count                           mean                  min                  25%                  50%                  75%                  max       std
time_period                                datetime64[ns]      7  2021-06-05 13:42:51.428571392  2018-01-01 00:00:00  2019-10-01 00:00:00  2022-01-01 00:00:00  2023-04-01 12:00:00  2024-01-01 00:00:00          
avg_members_per_problem                           float64      7                       1.018428                  1.0                  1.0                  1.0             1.028783             1.071429  0.027062
pct_members_multiple                              float64      7                       0.018428                  0.0                  0.0                  0.0             0.028783             0.071429  0.027062
proj_hhi_discussion_comment                       float64      7                            1.0                  1.0                  1.0                  1.0                  1.0                  1.0       0.0
proj_hhi_issue_closed                             float64      6                            1.0                  1.0                  1.0                  1.0                  1.0                  1.0       0.0
proj_hhi_issue_comment                            float64      7                            1.0                  1.0                  1.0                  1.0                  1.0                  1.0       0.0
proj_hhi_pull_request_closed                      float64      6                            1.0                  1.0                  1.0                  1.0                  1.0                  1.0       0.0
proj_hhi_pull_request_comment                     float64      7                            1.0                  1.0                  1.0                  1.0                  1.0                  1.0       0.0
proj_hhi_pull_request_merged                      float64      6                            1.0                  1.0                  1.0                  1.0                  1.0                  1.0       0.0
proj_hhi_issue_opened                             float64      3                            1.0                  1.0                  1.0                  1.0                  1.0                  1.0       0.0
proj_hhi_pull_request_opened                      float64      3                            1.0                  1.0                  1.0                  1.0                  1.0                  1.0       0.0
proj_hhi_pull_request_review                      float64      3                            1.0                  1.0                  1.0                  1.0                  1.0                  1.0       0.0
proj_hhi_pull_request_review_comment              float64      3                            1.0                  1.0                  1.0                  1.0                  1.0                  1.0       0.0
proj_prob_hhi_discussion_comment                  float64      7                            1.0                  1.0                  1.0                  1.0                  1.0                  1.0       0.0
proj_prob_hhi_issue_comment                       float64      7                            1.0                  1.0                  1.0                  1.0                  1.0                  1.0       0.0
proj_prob_hhi_pull_request_comment                float64      7                            1.0                  1.0                  1.0                  1.0                  1.0                  1.0       0.0
proj_prob_hhi_pull_request_review                 float64      3                            1.0                  1.0                  1.0                  1.0                  1.0                  1.0       0.0
proj_prob_hhi_pull_request_review_comment         float64      3                            1.0                  1.0                  1.0                  1.0                  1.0                  1.0       0.0
num_active_members                                  Int64      7                            1.0                  1.0                  1.0                  1.0                  1.0                  1.0       0.0

