File: drive/output/derived/org_outcomes_practices/repo_collaboration/important_degree_z2/rolling5/starrocks___dbt-starrocks.parquet

MD5 hash: 8832571bcfd19cacc3f3e53ed0d6a52a

Keys: time_period 

                                                     type  count                 mean                  min                  25%                  50%                  75%                  max       std
time_period                                datetime64[ns]      4  2023-11-16 12:00:00  2022-01-01 00:00:00  2023-07-02 12:00:00  2024-04-01 00:00:00  2024-08-16 00:00:00  2025-01-01 00:00:00          
avg_members_per_problem                           float64      4             1.108272                  1.0             1.068182             1.118984             1.159075             1.195122  0.083809
pct_members_multiple                              float64      4             0.108272                  0.0             0.068182             0.118984             0.159075             0.195122  0.083809
proj_hhi_discussion_comment                       float64      4             0.916274             0.803987              0.84683             0.930556                  1.0                  1.0  0.099451
proj_hhi_issue_opened                             float64      4                  1.0                  1.0                  1.0                  1.0                  1.0                  1.0       0.0
proj_hhi_pull_request_opened                      float64      4                  1.0                  1.0                  1.0                  1.0                  1.0                  1.0       0.0
proj_hhi_pull_request_review                      float64      4             0.862857                 0.68             0.748571             0.885714                  1.0                  1.0  0.162698
proj_hhi_pull_request_review_comment              float64      4             0.791667                  0.5                0.625             0.833333                  1.0                  1.0      0.25
proj_hhi_issue_closed                             float64      3                  1.0                  1.0                  1.0                  1.0                  1.0                  1.0       0.0
proj_hhi_issue_comment                            float64      3             0.974359             0.961538             0.961538             0.961538             0.980769                  1.0  0.022206
proj_hhi_pull_request_comment                     float64      3             0.732143             0.571429             0.598214                0.625               0.8125                  1.0  0.233512
proj_hhi_pull_request_merged                      float64      3                  1.0                  1.0                  1.0                  1.0                  1.0                  1.0       0.0
proj_prob_hhi_discussion_comment                  float64      4             0.923353             0.843411             0.848353                0.925                  1.0                  1.0  0.088546
proj_prob_hhi_pull_request_review                 float64      4             0.885714             0.733333             0.790476             0.904762                  1.0                  1.0  0.135582
proj_prob_hhi_pull_request_review_comment         float64      4             0.791667                  0.5                0.625             0.833333                  1.0                  1.0      0.25
proj_prob_hhi_issue_comment                       float64      3             0.974359             0.961538             0.961538             0.961538             0.980769                  1.0  0.022206
proj_prob_hhi_pull_request_comment                float64      3             0.757937             0.583333             0.636905             0.690476             0.845238                  1.0   0.21637
num_active_members                                  Int64      4                  1.5                  1.0                  1.0                  1.5                  2.0                  2.0   0.57735

