File: drive/output/derived/org_outcomes_practices/repo_collaboration/important_degree_z2/rolling5/sunpy___mpl-animators.parquet

MD5 hash: fafedbcfe1ddbc7dd20023e80e656de8

Keys: time_period 

                                                     type  count                 mean                  min                  25%                  50%                  75%                  max       std
time_period                                datetime64[ns]      5  2023-10-19 19:12:00  2022-07-01 00:00:00  2023-01-01 00:00:00  2024-01-01 00:00:00  2024-07-01 00:00:00  2025-01-01 00:00:00          
avg_members_per_problem                           float64      5             1.103205                  1.0             1.055556             1.142857             1.150943             1.166667  0.072112
pct_members_multiple                              float64      5             0.103205                  0.0             0.055556             0.142857             0.150943             0.166667  0.072112
proj_hhi_discussion_comment                       float64      5             0.966372             0.893162             0.938697                  1.0                  1.0                  1.0   0.04878
proj_hhi_pull_request_comment                     float64      5                  1.0                  1.0                  1.0                  1.0                  1.0                  1.0       0.0
proj_hhi_pull_request_opened                      float64      4             0.964706             0.858824             0.964706                  1.0                  1.0                  1.0  0.070588
proj_hhi_pull_request_merged                      float64      3             0.738965             0.603367             0.608447             0.613527             0.806763                  1.0   0.22612
proj_hhi_pull_request_review                      float64      3             0.801921             0.673124             0.702882             0.732639             0.866319                  1.0  0.174103
proj_hhi_pull_request_review_comment              float64      3             0.929915             0.866667             0.894872             0.923077             0.961538                  1.0  0.066929
proj_hhi_issue_comment                            float64      2                  1.0                  1.0                  1.0                  1.0                  1.0                  1.0       0.0
proj_hhi_issue_opened                             float64      2                  1.0                  1.0                  1.0                  1.0                  1.0                  1.0       0.0
proj_hhi_pull_request_closed                      float64      2                 0.56                 0.52                 0.54                 0.56                 0.58                  0.6  0.056569
proj_prob_hhi_discussion_comment                  float64      5                  1.0                  1.0                  1.0                  1.0                  1.0                  1.0       0.0
proj_prob_hhi_pull_request_comment                float64      5                  1.0                  1.0                  1.0                  1.0                  1.0                  1.0       0.0
proj_prob_hhi_pull_request_review                 float64      3             0.967917              0.94375             0.951875                 0.96                 0.98                  1.0  0.028949
proj_prob_hhi_pull_request_review_comment         float64      3                  1.0                  1.0                  1.0                  1.0                  1.0                  1.0       0.0
proj_prob_hhi_issue_comment                       float64      2                  1.0                  1.0                  1.0                  1.0                  1.0                  1.0       0.0
num_active_members                                  Int64      5                  1.6                  1.0                  1.0                  2.0                  2.0                  2.0  0.547723

