File: drive/output/derived/org_outcomes_practices/repo_collaboration/important_degree_z2/rolling5/usepa___stormwater-management-model.parquet

MD5 hash: cc57651505641774f53a70794bbdd1bd

Keys: time_period 

                                                     type  count                 mean                  min                  25%                  50%                  75%                  max       std
time_period                                datetime64[ns]     15  2021-05-01 20:48:00  2017-01-01 00:00:00  2019-07-02 12:00:00  2021-07-01 00:00:00  2023-04-01 12:00:00  2025-01-01 00:00:00          
avg_members_per_problem                           float64     15             1.076937                  1.0                  1.0             1.096774             1.117284                1.175  0.064993
pct_members_multiple                              float64     15              0.06836                  0.0                  0.0              0.09375             0.105556             0.151515  0.055953
proj_hhi_discussion_comment                       float64     15             0.916282              0.74129             0.833774              0.95086                  1.0                  1.0  0.091495
proj_hhi_pull_request_comment                     float64     15             0.935102             0.755102             0.828571                  1.0                  1.0                  1.0  0.096688
proj_hhi_issue_closed                             float64     10                  1.0                  1.0                  1.0                  1.0                  1.0                  1.0       0.0
proj_hhi_issue_comment                            float64     13             0.904707             0.729604             0.840909             0.923175                  1.0                  1.0  0.088467
proj_hhi_issue_opened                             float64     13                  1.0                  1.0                  1.0                  1.0                  1.0                  1.0       0.0
proj_hhi_pull_request_closed                      float64      8                  1.0                  1.0                  1.0                  1.0                  1.0                  1.0       0.0
proj_hhi_pull_request_merged                      float64      9                  1.0                  1.0                  1.0                  1.0                  1.0                  1.0       0.0
proj_hhi_pull_request_opened                      float64     13                  1.0                  1.0                  1.0                  1.0                  1.0                  1.0       0.0
proj_hhi_pull_request_review                      float64      5                  1.0                  1.0                  1.0                  1.0                  1.0                  1.0       0.0
proj_hhi_pull_request_review_comment              float64      4                  1.0                  1.0                  1.0                  1.0                  1.0                  1.0       0.0
proj_prob_hhi_discussion_comment                  float64     15             0.938905             0.854717             0.907828             0.920635                  1.0                  1.0  0.052559
proj_prob_hhi_pull_request_comment                float64     15             0.962143             0.857143                  0.9                  1.0                  1.0                  1.0  0.056401
proj_prob_hhi_issue_comment                       float64     13             0.926509              0.83617             0.906122             0.922222             0.972826                  1.0  0.054821
proj_prob_hhi_pull_request_review                 float64      5                  1.0                  1.0                  1.0                  1.0                  1.0                  1.0       0.0
proj_prob_hhi_pull_request_review_comment         float64      4                  1.0                  1.0                  1.0                  1.0                  1.0                  1.0       0.0
num_active_members                                  Int64     15             1.133333                  1.0                  1.0                  1.0                  1.0                  2.0  0.351866

