File: drive/output/derived/org_outcomes_practices/repo_collaboration/important_degree_z2/rolling5/willkg___everett.parquet

MD5 hash: 2fc1100be50ba58d9e48c4971d7a201d

Keys: time_period 

                                                     type  count                           mean                  min                  25%                  50%                  75%                  max       std
time_period                                datetime64[ns]     13  2020-09-09 16:36:55.384615424  2016-07-01 00:00:00  2018-07-01 00:00:00  2020-07-01 00:00:00  2023-07-01 00:00:00  2025-01-01 00:00:00          
avg_members_per_problem                           float64     13                       1.016789                  1.0                  1.0                  1.0             1.040541             1.073171  0.027093
pct_members_multiple                              float64     13                       0.016789                  0.0                  0.0                  0.0             0.040541             0.073171  0.027093
proj_hhi_discussion_comment                       float64     13                       0.969379             0.886869             0.927273                  1.0                  1.0                  1.0   0.04867
proj_hhi_issue_closed                             float64     13                            1.0                  1.0                  1.0                  1.0                  1.0                  1.0       0.0
proj_hhi_issue_comment                            float64     13                       0.962004             0.862857             0.902041                  1.0                  1.0                  1.0  0.059965
proj_hhi_issue_opened                             float64     13                       0.967974             0.866667             0.911111                  1.0                  1.0                  1.0  0.050993
proj_hhi_pull_request_comment                     float64     13                        0.95984             0.785714             0.928571                  1.0                  1.0                  1.0   0.06991
proj_hhi_pull_request_merged                      float64     13                            1.0                  1.0                  1.0                  1.0                  1.0                  1.0       0.0
proj_hhi_pull_request_opened                      float64     13                       0.979227             0.911111             0.949206                  1.0                  1.0                  1.0  0.033466
proj_hhi_pull_request_review_comment              float64      9                            1.0                  1.0                  1.0                  1.0                  1.0                  1.0       0.0
proj_hhi_pull_request_closed                      float64      7                            1.0                  1.0                  1.0                  1.0                  1.0                  1.0       0.0
proj_hhi_pull_request_review                      float64      7                            1.0                  1.0                  1.0                  1.0                  1.0                  1.0       0.0
proj_prob_hhi_discussion_comment                  float64     13                       0.982133             0.925926             0.957447                  1.0                  1.0                  1.0  0.028929
proj_prob_hhi_issue_comment                       float64     13                       0.978086             0.906667             0.961538                  1.0                  1.0                  1.0  0.036355
proj_prob_hhi_pull_request_comment                float64     13                       0.973227             0.857143             0.952381                  1.0                  1.0                  1.0  0.046607
proj_prob_hhi_pull_request_review_comment         float64      9                            1.0                  1.0                  1.0                  1.0                  1.0                  1.0       0.0
proj_prob_hhi_pull_request_review                 float64      7                            1.0                  1.0                  1.0                  1.0                  1.0                  1.0       0.0
num_active_members                                  Int64     13                       1.076923                  1.0                  1.0                  1.0                  1.0                  2.0   0.27735

