File: drive/output/derived/org_outcomes_practices/repo_collaboration/important_degree_z2/rolling5/xenonnt___epix.parquet

MD5 hash: 961e2cca94cbef649379ebc0870d069a

Keys: time_period 

                                                     type  count                 mean                  min                  25%                  50%                  75%                  max       std
time_period                                datetime64[ns]      6  2022-08-01 04:00:00  2021-01-01 00:00:00  2021-09-30 06:00:00  2022-10-01 00:00:00  2023-05-16 18:00:00  2024-01-01 00:00:00          
avg_members_per_problem                           float64      6             1.074422                  1.0                  1.0             1.027778             1.092836             1.285714  0.111864
pct_members_multiple                              float64      6             0.074422                  0.0                  0.0             0.027778             0.092836             0.285714  0.111864
proj_hhi_discussion_comment                       float64      6             0.889437             0.619048              0.82683             0.961353                  1.0                  1.0  0.154811
proj_hhi_issue_closed                             float64      5                  1.0                  1.0                  1.0                  1.0                  1.0                  1.0       0.0
proj_hhi_issue_comment                            float64      6             0.906481                 0.75             0.822222             0.944444                  1.0                  1.0  0.111688
proj_hhi_issue_opened                             float64      6                  1.0                  1.0                  1.0                  1.0                  1.0                  1.0       0.0
proj_hhi_pull_request_closed                      float64      4                  1.0                  1.0                  1.0                  1.0                  1.0                  1.0       0.0
proj_hhi_pull_request_comment                     float64      6             0.817489             0.428571             0.687273                 0.92                  1.0                  1.0  0.238538
proj_hhi_pull_request_merged                      float64      6                  1.0                  1.0                  1.0                  1.0                  1.0                  1.0       0.0
proj_hhi_pull_request_opened                      float64      6                  1.0                  1.0                  1.0                  1.0                  1.0                  1.0       0.0
proj_hhi_pull_request_review                      float64      6              0.95544                0.875             0.908854             0.984375                  1.0                  1.0  0.058367
proj_hhi_pull_request_review_comment              float64      6                  1.0                  1.0                  1.0                  1.0                  1.0                  1.0       0.0
proj_prob_hhi_discussion_comment                  float64      6             0.934374             0.733333             0.922074             0.982609                  1.0                  1.0  0.104882
proj_prob_hhi_issue_comment                       float64      6             0.955556             0.733333                  1.0                  1.0                  1.0                  1.0  0.108866
proj_prob_hhi_pull_request_comment                float64      6             0.890494             0.657143             0.812364                0.952                  1.0                  1.0  0.143123
proj_prob_hhi_pull_request_review                 float64      6              0.95544                0.875             0.908854             0.984375                  1.0                  1.0  0.058367
proj_prob_hhi_pull_request_review_comment         float64      6                  1.0                  1.0                  1.0                  1.0                  1.0                  1.0       0.0
num_active_members                                  Int64      6             1.333333                  1.0                  1.0                  1.0                  1.0                  3.0  0.816497

