File: drive/output/derived/org_outcomes_practices/repo_collaboration/important_degree_z2/rolling5/zeldamods___oead.parquet

MD5 hash: 4cfdca07bc1a715d61f64617aeb33a37

Keys: time_period 

                                                     type  count                 mean                  min                  25%                  50%                  75%                  max       std
time_period                                datetime64[ns]      5  2022-05-26 09:36:00  2020-07-01 00:00:00  2022-01-01 00:00:00  2022-07-01 00:00:00  2023-01-01 00:00:00  2024-01-01 00:00:00          
avg_members_per_problem                           float64      5             1.033333                  1.0                  1.0                  1.0                  1.0             1.166667  0.074536
pct_members_multiple                              float64      5             0.033333                  0.0                  0.0                  0.0                  0.0             0.166667  0.074536
proj_hhi_discussion_comment                       float64      5             0.968966             0.844828                  1.0                  1.0                  1.0                  1.0  0.069395
proj_hhi_issue_closed                             float64      5                  1.0                  1.0                  1.0                  1.0                  1.0                  1.0       0.0
proj_hhi_issue_comment                            float64      5             0.985185             0.925926                  1.0                  1.0                  1.0                  1.0  0.033127
proj_hhi_issue_opened                             float64      3                  1.0                  1.0                  1.0                  1.0                  1.0                  1.0       0.0
proj_hhi_pull_request_merged                      float64      5                  1.0                  1.0                  1.0                  1.0                  1.0                  1.0       0.0
proj_hhi_pull_request_opened                      float64      5                  1.0                  1.0                  1.0                  1.0                  1.0                  1.0       0.0
proj_hhi_pull_request_review                      float64      5                  1.0                  1.0                  1.0                  1.0                  1.0                  1.0       0.0
proj_hhi_pull_request_comment                     float64      2             0.844444             0.688889             0.766667             0.844444             0.922222                  1.0  0.219989
proj_hhi_pull_request_review_comment              float64      2                  1.0                  1.0                  1.0                  1.0                  1.0                  1.0       0.0
proj_prob_hhi_discussion_comment                  float64      5             0.969349             0.846743                  1.0                  1.0                  1.0                  1.0  0.068538
proj_prob_hhi_issue_comment                       float64      5             0.985185             0.925926                  1.0                  1.0                  1.0                  1.0  0.033127
proj_prob_hhi_pull_request_review                 float64      5                  1.0                  1.0                  1.0                  1.0                  1.0                  1.0       0.0
proj_prob_hhi_pull_request_comment                float64      2             0.844444             0.688889             0.766667             0.844444             0.922222                  1.0  0.219989
proj_prob_hhi_pull_request_review_comment         float64      2                  1.0                  1.0                  1.0                  1.0                  1.0                  1.0       0.0
num_active_members                                  Int64      5                  1.2                  1.0                  1.0                  1.0                  1.0                  2.0  0.447214

