File: drive/output/derived/org_outcomes_practices/repo_collaboration/important_degree_z2/rolling5/zopefoundation___products.cmfuid.parquet

MD5 hash: bc0a2bee14564f3db93534a946522f97

Keys: time_period 

                                                     type  count                 mean                  min                  25%                  50%                  75%                  max       std
time_period                                datetime64[ns]      5  2020-09-12 04:48:00  2018-01-01 00:00:00  2018-07-01 00:00:00  2021-01-01 00:00:00  2022-07-01 00:00:00  2023-07-01 00:00:00          
avg_members_per_problem                           float64      5             1.263333                  1.0                  1.0                 1.25                  1.4             1.666667  0.282941
pct_members_multiple                              float64      5             0.263333                  0.0                  0.0                 0.25                  0.4             0.666667  0.282941
proj_hhi_discussion_comment                       float64      4               0.9375                 0.75               0.9375                  1.0                  1.0                  1.0     0.125
proj_hhi_issue_opened                             float64      2                  1.0                  1.0                  1.0                  1.0                  1.0                  1.0       0.0
proj_hhi_pull_request_comment                     float64      4             0.933333             0.733333             0.933333                  1.0                  1.0                  1.0  0.133333
proj_hhi_pull_request_merged                      float64      5             0.933333             0.666667                  1.0                  1.0                  1.0                  1.0  0.149071
proj_hhi_pull_request_opened                      float64      5             0.822222             0.555556             0.555556                  1.0                  1.0                  1.0  0.243432
proj_hhi_issue_closed                             float64      1                  1.0                  1.0                  1.0                  1.0                  1.0                  1.0          
proj_hhi_issue_comment                            float64      1                  1.0                  1.0                  1.0                  1.0                  1.0                  1.0          
proj_hhi_pull_request_closed                      float64      1                  1.0                  1.0                  1.0                  1.0                  1.0                  1.0          
proj_hhi_pull_request_review                      float64      3                0.875                0.625               0.8125                  1.0                  1.0                  1.0  0.216506
proj_hhi_pull_request_review_comment              float64      1                  1.0                  1.0                  1.0                  1.0                  1.0                  1.0          
proj_prob_hhi_discussion_comment                  float64      4               0.9375                 0.75               0.9375                  1.0                  1.0                  1.0     0.125
proj_prob_hhi_pull_request_comment                float64      4             0.933333             0.733333             0.933333                  1.0                  1.0                  1.0  0.133333
proj_prob_hhi_issue_comment                       float64      1                  1.0                  1.0                  1.0                  1.0                  1.0                  1.0          
proj_prob_hhi_pull_request_review                 float64      3                  1.0                  1.0                  1.0                  1.0                  1.0                  1.0       0.0
proj_prob_hhi_pull_request_review_comment         float64      1                  1.0                  1.0                  1.0                  1.0                  1.0                  1.0          
num_active_members                                  Int64      5                  1.6                  1.0                  1.0                  1.0                  2.0                  3.0  0.894427

