File: drive/output/derived/org_outcomes_practices/repo_discussion_quality/all/rolling5/0xhhhhh___sentry-dingding.parquet

MD5 hash: efee62d86a459fb09ab7cfb153252d73

Keys: time_period 

                                                 type  count                           mean                  min                  25%                  50%                  75%                  max        std
time_period                            datetime64[ns]     14  2021-09-30 20:34:17.142857216  2018-07-01 00:00:00  2020-02-15 12:00:00  2021-10-01 00:00:00  2023-05-16 18:00:00  2025-01-01 00:00:00           
response_rate                                 float64     13                       0.785662                  0.5              0.77551             0.822785             0.862745             0.888889    0.11875
mean_days_to_respond                          float64     13                     124.582549            44.754634           101.783043           112.156214            136.53868            331.56789  74.246218
pos_sentiment_avg                             float64     13                       0.026463                  0.0                  0.0                  0.0                  0.0             0.138781   0.053098
neg_sentiment_avg                             float64     13                       0.008255                  0.0                  0.0             0.000404             0.018646             0.025483   0.010831
ov_sentiment_avg                              float64     13                       0.037473            -0.017019            -0.012453                  0.0                  0.0             0.223646   0.089015
response_rate_issue_comment                   float64     13                       0.752014                  0.5             0.723404             0.772727             0.805556             0.888889   0.112578
response_rate_issue_opened                    float64      8                            1.0                  1.0                  1.0                  1.0                  1.0                  1.0        0.0
mean_days_to_respond_issue_comment            float64     13                     140.234701            51.315553           125.361073           136.423364           165.810088            331.56789  72.117536
mean_days_to_respond_issue_opened             float64      8                      48.712714              3.65941            33.417965            47.510588             62.56251            95.131209  27.883386
mean_days_to_respond_to_last_comment          float64     13                     247.772071           163.388183           190.087726           261.842795           267.897746           447.794184   71.71982
issue_comment_pos_sentiment_avg               float64     13                        0.02578                  0.0                  0.0                  0.0                  0.0             0.141018   0.053192
issue_comment_neg_sentiment_avg               float64     13                       0.003569                  0.0                  0.0             0.000477             0.008073             0.010829   0.004528
issue_comment_ov_sentiment_avg                float64     13                       0.039226            -0.008293            -0.006182                  0.0                  0.0             0.226921   0.087261
issue_opened_pos_sentiment_avg                float64     13                       0.027241                  0.0                  0.0                  0.0                  0.0             0.126477   0.052109
issue_opened_neg_sentiment_avg                float64     13                       0.011525                  0.0                  0.0                  0.0             0.024391             0.036333    0.01528
issue_opened_ov_sentiment_avg                 float64     13                       0.036291            -0.024072            -0.016746                  0.0                  0.0             0.205636   0.089703
pull_request_opened_pos_sentiment_avg         float64      9                            0.0                  0.0                  0.0                  0.0                  0.0                  0.0        0.0
pull_request_opened_neg_sentiment_avg         float64      9                        0.07957                  0.0                  0.0               0.1048                0.131             0.174667   0.078533
pull_request_opened_ov_sentiment_avg          float64      9                      -0.044948            -0.098667               -0.074              -0.0592                  0.0                  0.0   0.044362
pct_merged_with_approved                      float64      0                                                                                                                                                   
pct_merged_with_review                        float64      0                                                                                                                                                   
avg_all_disc_count                            float64      0                                                                                                                                                   
avg_all_disc_exclude_opener_count             float64      0                                                                                                                                                   
clustering_coefficient                        float64     14                       0.004373                  0.0                  0.0                  0.0             0.008659             0.017588   0.006559

