File: drive/output/derived/org_outcomes_practices/repo_discussion_quality/all/rolling5/abersheeran___asgi-ratelimit.parquet

MD5 hash: 189178d9f145882723455474d5ff3f19

Keys: time_period 

                                                                   type  count                 mean                  min                  25%                  50%                  75%                  max        std
time_period                                              datetime64[ns]     10  2022-10-01 04:48:00  2020-07-01 00:00:00  2021-08-16 00:00:00  2022-10-01 00:00:00  2023-11-16 00:00:00  2025-01-01 00:00:00           
response_rate                                                   float64      8             0.640522             0.507692             0.544893              0.63763             0.702953             0.846154   0.111042
mean_days_to_respond                                            float64      8             4.443192              0.32787             2.600532             3.256407             6.153105            11.387872   3.660353
pos_sentiment_avg                                               float64      9             0.157959             0.146737             0.147884             0.153963             0.157783             0.201756   0.017135
neg_sentiment_avg                                               float64      9             0.044156             0.021951              0.04011             0.044472             0.047841             0.061223   0.010974
ov_sentiment_avg                                                float64      9             0.123515             0.089095             0.116813             0.130479             0.132882             0.140063    0.01602
response_rate_issue_comment                                     float64      8             0.681411             0.611111             0.639301              0.67673              0.69246             0.818182   0.064825
response_rate_issue_opened                                      float64      8                  1.0                  1.0                  1.0                  1.0                  1.0                  1.0        0.0
response_rate_pull_request_comment                              float64      7             0.613067                  0.5              0.58042             0.648649             0.657658             0.666667   0.065369
response_rate_pull_request_opened                               float64      7             0.793452                0.625             0.666667               0.8125             0.891667                  1.0   0.143813
response_rate_pull_request_review_comment                       float64      7             0.309255                  0.0             0.238325             0.354167             0.426984                 0.48   0.168479
mean_days_to_respond_issue_comment                              float64      8             3.692539             0.335791             1.339635             1.821477             4.647462            10.327757   3.931702
mean_days_to_respond_issue_opened                               float64      8             0.468802             0.269297             0.312512             0.447827             0.577429             0.810397   0.183852
mean_days_to_respond_to_last_comment                            float64      8             8.565043             0.003154             4.284202             6.618147             9.591269             26.99771   8.687529
mean_days_to_respond_pull_request_comment                       float64      7             8.473599             0.766409             1.776472             2.700714             7.450654            37.393819  13.069225
mean_days_to_respond_pull_request_opened                        float64      7            10.595104             0.215004             7.990926             9.634483            11.814368            24.705648   7.418574
mean_days_to_respond_pull_request_review_comment                float64      6             6.284595             0.023613             1.672889             6.454429             8.464059            15.562123    5.86443
issue_comment_pos_sentiment_avg                                 float64      9              0.17211             0.140767             0.164781             0.171072             0.178869             0.202611   0.018528
issue_comment_neg_sentiment_avg                                 float64      9             0.035728             0.012147              0.03555             0.038243             0.040413             0.047275   0.010029
issue_comment_ov_sentiment_avg                                  float64      9             0.132267             0.091147             0.115844             0.140205             0.145052             0.151539   0.020498
issue_opened_pos_sentiment_avg                                  float64      9             0.131422             0.087581             0.121319              0.12439             0.132782             0.198333   0.029424
issue_opened_neg_sentiment_avg                                  float64      9             0.025787             0.010404              0.01778             0.023825              0.02779             0.061167   0.015206
issue_opened_ov_sentiment_avg                                   float64      9             0.124745                0.047             0.116581             0.132478             0.142134             0.171807   0.034245
pull_request_comment_pos_sentiment_avg                          float64      8             0.191329             0.146494             0.151492             0.152025             0.162239             0.436067   0.099787
pull_request_comment_neg_sentiment_avg                          float64      8             0.035769                  0.0             0.027942             0.038643              0.04249             0.064447   0.019604
pull_request_comment_ov_sentiment_avg                           float64      8             0.171504             0.136269             0.150856             0.154833             0.175381             0.264807   0.042603
pull_request_opened_pos_sentiment_avg                           float64      8             0.062082             0.051167             0.055864             0.060453             0.065843              0.08225   0.009973
pull_request_opened_neg_sentiment_avg                           float64      8             0.112757             0.083013             0.095858             0.106119             0.129668             0.149625   0.023484
pull_request_opened_ov_sentiment_avg                            float64      8             0.006962            -0.035454             0.008871             0.011254             0.013744             0.023116   0.017904
pull_request_review_changes_requested_pos_sentiment_avg         float64      5             0.161167             0.161167             0.161167             0.161167             0.161167             0.161167        0.0
pull_request_review_changes_requested_neg_sentiment_avg         float64      5                0.074                0.074                0.074                0.074                0.074                0.074        0.0
pull_request_review_changes_requested_ov_sentiment_avg          float64      5             0.069767             0.069767             0.069767             0.069767             0.069767             0.069767        0.0
pull_request_review_comment_pos_sentiment_avg                   float64      8             0.170217             0.030875             0.175948             0.188226             0.196745             0.220214   0.059214
pull_request_review_comment_neg_sentiment_avg                   float64      8             0.046453             0.027627             0.032489             0.048427             0.052541             0.072348   0.015612
pull_request_review_comment_ov_sentiment_avg                    float64      8             0.129337            -0.015275             0.110504             0.145725             0.170493             0.190699   0.066029
pull_request_review_commented_pos_sentiment_avg                 float64      5                  0.0                  0.0                  0.0                  0.0                  0.0                  0.0        0.0
pull_request_review_commented_neg_sentiment_avg                 float64      5                  0.0                  0.0                  0.0                  0.0                  0.0                  0.0        0.0
pull_request_review_commented_ov_sentiment_avg                  float64      5                  0.0                  0.0                  0.0                  0.0                  0.0                  0.0        0.0
pull_request_review_approved_pos_sentiment_avg                  float64      5                0.492                0.492                0.492                0.492                0.492                0.492        0.0
pull_request_review_approved_neg_sentiment_avg                  float64      5                  0.0                  0.0                  0.0                  0.0                  0.0                  0.0        0.0
pull_request_review_approved_ov_sentiment_avg                   float64      5               0.4404               0.4404               0.4404               0.4404               0.4404               0.4404        0.0
pct_merged_with_approved                                        float64      8             0.043637                  0.0                  0.0             0.051316             0.064394                  0.1   0.040333
pct_merged_with_review                                          float64      8             0.430738                  0.3             0.416667             0.447222              0.45933             0.545455   0.078283
avg_all_disc_count                                              float64      8             7.645185                 4.75             7.169444             7.964646             8.584559                9.125   1.398621
avg_pull_request_comment_count                                  float64      8             2.615929                  1.5             2.047222             2.830065             3.069602                3.625   0.715192
avg_pull_request_review_count                                   float64      8             2.374662                 1.25             2.328283             2.477778             2.716912                 2.75   0.494694
avg_pull_request_review_comment_count                           float64      8             2.654595                  2.0             2.590909             2.763889             2.834375             2.941176   0.320909
avg_all_disc_exclude_opener_count                               float64      8             5.349892             3.333333             5.329545             5.732143             5.795833                  6.0   0.893449
avg_pull_request_comment_exclude_opener_count                   float64      8             1.512933                  1.0             1.223214                1.625             1.728788                  2.0   0.343524
avg_pull_request_review_exclude_opener_count                    float64      8             1.745265             0.666667             1.698864               1.9375                  2.0                2.125   0.470745
avg_pull_request_review_comment_exclude_opener_count            float64      8             2.091694             1.545455             1.729167               2.1875             2.292857                2.625   0.403632
clustering_coefficient                                          float64     10             0.026714                  0.0             0.004572             0.030144             0.032884              0.08771   0.026063

