File: drive/output/derived/org_outcomes_practices/repo_discussion_quality/all/rolling5/adafruit___adafruit_circuitpython_monsterm4sk.parquet

MD5 hash: e91493f83ce2b83f88752a07951c5d1b

Keys: time_period 

                                                                   type  count                 mean                  min                  25%                  50%                  75%                  max       std
time_period                                              datetime64[ns]     10  2022-10-01 04:48:00  2020-07-01 00:00:00  2021-08-16 00:00:00  2022-10-01 00:00:00  2023-11-16 00:00:00  2025-01-01 00:00:00          
response_rate                                                   float64      8             0.179793                  0.0             0.147727             0.207143             0.235577             0.285714  0.093154
mean_days_to_respond                                            float64      7              5.68661              0.03581             4.123038             5.651111             7.054936            11.763403  3.788267
pos_sentiment_avg                                               float64      9             0.157004             0.113773             0.128125              0.16616             0.174468             0.200965  0.030867
neg_sentiment_avg                                               float64      9             0.087595             0.043609             0.067628             0.074875              0.08936              0.16008  0.039326
ov_sentiment_avg                                                float64      9             0.074619             0.015444             0.045714             0.076393             0.093792             0.136372  0.039154
response_rate_issue_comment                                     float64      7                  0.0                  0.0                  0.0                  0.0                  0.0                  0.0       0.0
response_rate_issue_opened                                      float64      7                  1.0                  1.0                  1.0                  1.0                  1.0                  1.0       0.0
response_rate_pull_request_opened                               float64      8             0.096478                  0.0                  0.0             0.118056             0.142857                 0.25  0.090097
response_rate_pull_request_comment                              float64      5                  0.0                  0.0                  0.0                  0.0                  0.0                  0.0       0.0
response_rate_pull_request_review_comment                       float64      3                  0.0                  0.0                  0.0                  0.0                  0.0                  0.0       0.0
mean_days_to_respond_issue_opened                               float64      7             5.899606              0.03581             2.967708             5.899606             8.831505            11.763403   4.78777
mean_days_to_respond_to_last_comment                            float64      7              5.68661              0.03581             4.123038             5.651111             7.054936            11.763403  3.788267
mean_days_to_respond_pull_request_opened                        float64      5              5.15412              5.15412              5.15412              5.15412              5.15412              5.15412       0.0
issue_comment_pos_sentiment_avg                                 float64      7             0.114857                 0.07             0.087444             0.104889             0.139778             0.174667  0.043736
issue_comment_neg_sentiment_avg                                 float64      7                0.013                  0.0             0.005056             0.010111             0.020222             0.030333  0.012675
issue_comment_ov_sentiment_avg                                  float64      7             0.041943                  0.0             0.024467             0.048933             0.061167               0.0734  0.030671
issue_opened_pos_sentiment_avg                                  float64      9             0.039578                  0.0               0.0124               0.0444               0.0444                0.096  0.036654
issue_opened_neg_sentiment_avg                                  float64      9              0.02923                  0.0             0.025467             0.039133             0.039133                0.041  0.017229
issue_opened_ov_sentiment_avg                                   float64      9             0.005343              -0.0074                  0.0             0.010313             0.010313              0.01917  0.009371
pull_request_comment_pos_sentiment_avg                          float64      7             0.014071                  0.0                  0.0                  0.0                  0.0               0.0985   0.03723
pull_request_comment_neg_sentiment_avg                          float64      7                  0.0                  0.0                  0.0                  0.0                  0.0                  0.0       0.0
pull_request_comment_ov_sentiment_avg                           float64      7             0.028707                  0.0                  0.0                  0.0                  0.0              0.20095  0.075952
pull_request_opened_pos_sentiment_avg                           float64      9             0.027418             0.009667              0.01125                0.015             0.042571               0.0512  0.018773
pull_request_opened_neg_sentiment_avg                           float64      9             0.193195             0.097262             0.150604             0.162476             0.197167               0.3144  0.074462
pull_request_opened_ov_sentiment_avg                            float64      9            -0.097105            -0.152083             -0.15028            -0.099996            -0.043995            -0.043874   0.04734
pull_request_review_approved_pos_sentiment_avg                  float64      9             0.587815                0.245             0.562667                0.729                0.729                0.744  0.207634
pull_request_review_approved_neg_sentiment_avg                  float64      9             0.006519                  0.0                  0.0                  0.0             0.007333                0.022  0.009308
pull_request_review_approved_ov_sentiment_avg                   float64      9             0.394094             0.358367             0.373456               0.4008               0.4008               0.4404  0.031281
pull_request_review_changes_requested_pos_sentiment_avg         float64      8             0.496469                0.148                0.148             0.612625               0.7675               0.7675  0.306972
pull_request_review_changes_requested_neg_sentiment_avg         float64      8             0.002975                  0.0                  0.0               0.0017               0.0068               0.0068   0.00337
pull_request_review_changes_requested_ov_sentiment_avg          float64      8             0.398069               0.3793               0.3793             0.390025               0.4222               0.4222  0.021258
pull_request_review_comment_pos_sentiment_avg                   float64      4                0.252                0.252                0.252                0.252                0.252                0.252       0.0
pull_request_review_comment_neg_sentiment_avg                   float64      4                  0.0                  0.0                  0.0                  0.0                  0.0                  0.0       0.0
pull_request_review_comment_ov_sentiment_avg                    float64      4               0.4008               0.4008               0.4008               0.4008               0.4008               0.4008       0.0
pct_merged_with_approved                                        float64      9             0.972222                 0.75                  1.0                  1.0                  1.0                  1.0  0.083333
pct_merged_with_review                                          float64      9             0.972222                 0.75                  1.0                  1.0                  1.0                  1.0  0.083333
avg_pull_request_comment_count                                  float64      7             0.283447             0.142857             0.236111                 0.25             0.309524                  0.5  0.111908
avg_pull_request_review_count                                   float64      9             1.232584                  1.0                1.125                 1.25             1.285714                  1.5  0.158835
avg_all_disc_count                                              float64      9             1.627646             1.333333                1.375             1.571429             1.857143                  2.0  0.279463
avg_pull_request_review_comment_count                           float64      4             0.392857             0.285714             0.285714             0.392857                  0.5                  0.5  0.123718
avg_pull_request_review_exclude_opener_count                    float64      9             1.182319                  1.0                1.125             1.142857                 1.25             1.333333  0.104504
avg_all_disc_exclude_opener_count                               float64      9             1.364638                  1.0                 1.25             1.285714                  1.5             1.666667  0.209007
avg_pull_request_comment_exclude_opener_count                   float64      5             0.154365             0.111111                0.125             0.142857             0.142857                 0.25    0.0551
avg_pull_request_review_comment_exclude_opener_count            float64      4             0.217262             0.142857             0.142857             0.196429             0.270833             0.333333  0.092406
clustering_coefficient                                          float64     10             0.037098                  0.0                  0.0                  0.0             0.073495             0.146991  0.060847

