File: drive/output/derived/org_outcomes_practices/repo_discussion_quality/all/rolling5/adamchainz___django-mysql.parquet

MD5 hash: 8cf34df313de9b8edb1b2179e0cc15bb

Keys: time_period 

                                                                   type  count                           mean                  min                  25%                  50%                  75%                  max         std
time_period                                              datetime64[ns]     21  2019-12-31 17:08:34.285714176  2015-01-01 00:00:00  2017-07-01 00:00:00  2020-01-01 00:00:00  2022-07-01 00:00:00  2025-01-01 00:00:00            
response_rate                                                   float64     21                       0.627336             0.474684             0.547059             0.641975             0.688761             0.754098    0.090188
mean_days_to_respond                                            float64     21                      66.059667            23.681573            28.131474            48.757159            78.564589           171.476676   48.635425
pos_sentiment_avg                                               float64     21                       0.079811             0.053873             0.071954             0.083007             0.087303             0.104209    0.014252
neg_sentiment_avg                                               float64     21                       0.146998             0.025444             0.090667              0.15268             0.210367             0.254082    0.072786
ov_sentiment_avg                                                float64     21                      -0.002019            -0.083368            -0.025142            -0.004975             0.035082             0.068016    0.043839
response_rate_issue_comment                                     float64     21                       0.638964             0.277778             0.558824             0.628571             0.756098             0.797386    0.130397
response_rate_issue_opened                                      float64     21                            1.0                  1.0                  1.0                  1.0                  1.0                  1.0         0.0
response_rate_pull_request_comment                              float64     21                       0.435618             0.127273             0.294118             0.463768             0.534884             0.682353    0.160522
response_rate_pull_request_opened                               float64     21                       0.981429             0.923077             0.964286                  1.0                  1.0                  1.0    0.023239
response_rate_pull_request_review_comment                       float64     19                       0.183552             0.047619              0.13961             0.179487             0.219807             0.333333    0.076749
mean_days_to_respond_issue_comment                              float64     21                        49.9298             0.121875            25.844523            52.975437            72.682989           117.380729   29.997292
mean_days_to_respond_issue_opened                               float64     21                     216.610923             2.248551            11.084051            55.756548           213.987296          1052.657642  343.805333
mean_days_to_respond_pull_request_comment                       float64     21                      44.145054             0.255842            20.140682            37.271979            62.671969           104.223926   31.828723
mean_days_to_respond_pull_request_opened                        float64     21                      33.942564             0.058065             0.507098            28.364031            42.313961           133.397692    35.52904
mean_days_to_respond_to_last_comment                            float64     21                     121.676144            30.124557            41.168895            75.935448           207.106171           273.306905    90.70437
mean_days_to_respond_pull_request_review_comment                float64     19                       0.274985             0.018623             0.187454             0.232915             0.311069             0.626046    0.183568
issue_comment_pos_sentiment_avg                                 float64     21                       0.121228             0.055621             0.097128             0.122444             0.154138             0.177467    0.036596
issue_comment_neg_sentiment_avg                                 float64     21                       0.042419             0.019058             0.036332              0.03915             0.044065              0.07955    0.013446
issue_comment_ov_sentiment_avg                                  float64     21                       0.105175             0.024612             0.079514             0.103673             0.154969             0.198407    0.051375
issue_opened_pos_sentiment_avg                                  float64     21                       0.080686             0.050175             0.063943             0.070932             0.090493             0.139709    0.025127
issue_opened_neg_sentiment_avg                                  float64     21                       0.021291             0.015279             0.017539             0.019212             0.025016             0.032188    0.004656
issue_opened_ov_sentiment_avg                                   float64     21                       0.133914             0.044122              0.11392             0.131407             0.137641             0.227404     0.04369
pull_request_comment_pos_sentiment_avg                          float64     21                       0.119117             0.017865              0.07027             0.132633             0.152936              0.23765    0.065394
pull_request_comment_neg_sentiment_avg                          float64     21                       0.024527             0.009597              0.01744             0.021816             0.029304             0.049194    0.011017
pull_request_comment_ov_sentiment_avg                           float64     21                       0.113613             0.016309             0.052852             0.114264             0.131009             0.308241    0.078986
pull_request_opened_pos_sentiment_avg                           float64     21                        0.05021             0.012239             0.016004             0.019318             0.047087             0.233442    0.061881
pull_request_opened_neg_sentiment_avg                           float64     21                       0.295676             0.061279              0.21481             0.330995             0.384948             0.424533    0.115522
pull_request_opened_ov_sentiment_avg                            float64     21                      -0.139213            -0.230652            -0.199545            -0.172824            -0.105203             0.089372    0.092648
pull_request_review_comment_pos_sentiment_avg                   float64     19                        0.12082             0.047583             0.101042              0.12397             0.139994             0.177833    0.029325
pull_request_review_comment_neg_sentiment_avg                   float64     19                       0.054014             0.023365             0.043541             0.054895             0.068216             0.077574    0.017176
pull_request_review_comment_ov_sentiment_avg                    float64     19                       0.042701            -0.002566              0.01419              0.03143             0.061239             0.117202    0.041502
pull_request_review_changes_requested_pos_sentiment_avg         float64      5                         0.2725               0.2725               0.2725               0.2725               0.2725               0.2725         0.0
pull_request_review_changes_requested_neg_sentiment_avg         float64      5                         0.0335               0.0335               0.0335               0.0335               0.0335               0.0335         0.0
pull_request_review_changes_requested_ov_sentiment_avg          float64      5                       0.272275             0.272275             0.272275             0.272275             0.272275             0.272275         0.0
pct_merged_with_approved                                        float64     10                            0.0                  0.0                  0.0                  0.0                  0.0                  0.0         0.0
pct_merged_with_review                                          float64     10                        0.00996                  0.0             0.004724             0.010353             0.013923             0.022727    0.007663
avg_pull_request_comment_count                                  float64     21                       2.401666                  1.2             1.519608             2.333333             3.083333             4.085714    0.913144
avg_all_disc_count                                              float64     21                       3.164337                  1.5              2.35443             3.147059             4.030769             5.666667    1.050038
avg_pull_request_review_comment_count                           float64     19                        0.70639             0.361111             0.452991             0.544554             0.717218             2.333333    0.453089
avg_pull_request_review_count                                   float64      9                       0.288298             0.118812             0.180556             0.190476             0.265823                  1.0    0.271591
avg_pull_request_comment_exclude_opener_count                   float64     21                       2.155537                 1.12              1.44186             2.166667             2.766667             3.705882    0.874452
avg_all_disc_exclude_opener_count                               float64     21                       2.913987             1.546512             1.837209                  2.8             3.852459                  6.5    1.211691
avg_pull_request_review_comment_exclude_opener_count            float64     19                       0.706002             0.244186              0.42093             0.490196             0.727513             3.166667    0.637397
avg_pull_request_review_exclude_opener_count                    float64      9                       0.279268             0.093023                 0.14             0.186047             0.208333             1.166667    0.335297
clustering_coefficient                                          float64     21                       0.013908                  0.0                  0.0             0.015882             0.020312             0.038122    0.013423

