File: drive/output/derived/org_outcomes_practices/repo_discussion_quality/all/rolling5/aiidateam___aiida-workgraph.parquet

MD5 hash: e177f6bc7a4ebd981153bf694f22d781

Keys: time_period 

                                                                   type  count                 mean                  min                  25%                  50%                  75%                  max        std
time_period                                              datetime64[ns]      4  2024-04-01 00:00:00  2023-07-01 00:00:00  2023-11-16 00:00:00  2024-04-01 00:00:00  2024-08-16 00:00:00  2025-01-01 00:00:00           
response_rate                                                   float64      4              0.60012              0.44898             0.450869              0.47575                0.625                  1.0   0.267619
mean_days_to_respond                                            float64      4             85.10354             8.815371             10.25552            85.583589           160.431609           160.431609  86.984894
pos_sentiment_avg                                               float64      4              0.06474             0.041456             0.047238             0.065825             0.083326             0.085852   0.022696
neg_sentiment_avg                                               float64      4             0.072056             0.041406             0.042694              0.06452             0.093881             0.117777   0.036783
ov_sentiment_avg                                                float64      4             0.037565            -0.005975             0.025668             0.046198             0.058095             0.063839   0.031275
response_rate_issue_opened                                      float64      4                  1.0                  1.0                  1.0                  1.0                  1.0                  1.0        0.0
response_rate_issue_comment                                     float64      3             0.339259                  0.0             0.253333             0.506667             0.508889             0.511111   0.293816
response_rate_pull_request_comment                              float64      2             0.307899             0.293651             0.300775             0.307899             0.315023             0.322148    0.02015
response_rate_pull_request_opened                               float64      2             0.920281             0.901786             0.911033             0.920281             0.929528             0.938776   0.026156
response_rate_pull_request_review_comment                       float64      2             0.138812             0.112676             0.125744             0.138812              0.15188             0.164948   0.036962
mean_days_to_respond_issue_opened                               float64      4            96.786809             30.17019            34.627918            98.272718           160.431609           160.431609  73.530732
mean_days_to_respond_to_last_comment                            float64      4            86.671416            10.977862            13.877905            87.638097           160.431609           160.431609  85.185562
mean_days_to_respond_issue_comment                              float64      2            12.329513            10.185153            11.257333            12.329513            13.401694            14.473874   3.032584
mean_days_to_respond_pull_request_comment                       float64      2            14.684462            13.204226            13.944344            14.684462            15.424579            16.164697   2.093369
mean_days_to_respond_pull_request_opened                        float64      2              1.00923             0.975672             0.992451              1.00923             1.026009             1.042787   0.047458
mean_days_to_respond_pull_request_review_comment                float64      2             0.807093             0.658015             0.732554             0.807093             0.881633             0.956172   0.210829
issue_comment_pos_sentiment_avg                                 float64      4             0.076302              0.04675             0.063938             0.080533             0.092898             0.097394   0.023023
issue_comment_neg_sentiment_avg                                 float64      4             0.007086                  0.0                  0.0             0.006392             0.013478             0.015558    0.00826
issue_comment_ov_sentiment_avg                                  float64      4             0.100616              0.07955             0.093812             0.104973             0.111777             0.112968   0.015453
issue_opened_pos_sentiment_avg                                  float64      4             0.031677             0.005063             0.027122             0.038851             0.043406             0.043941   0.018257
issue_opened_neg_sentiment_avg                                  float64      4             0.016538             0.002792             0.004885             0.016516             0.028168             0.030329   0.014355
issue_opened_ov_sentiment_avg                                   float64      4             0.030726             0.001608             0.018357             0.026325             0.038693             0.068646   0.027904
pull_request_opened_pos_sentiment_avg                           float64      4             0.048242             0.041991             0.042407             0.047835              0.05367             0.055307   0.006959
pull_request_opened_neg_sentiment_avg                           float64      4             0.132962              0.10816             0.114138             0.122666             0.141489             0.178358   0.031482
pull_request_opened_ov_sentiment_avg                            float64      4             0.000872            -0.020412            -0.004761             0.003777             0.009411             0.016346   0.015614
pull_request_comment_pos_sentiment_avg                          float64      2             0.082923             0.079386             0.081154             0.082923             0.084691              0.08646   0.005002
pull_request_comment_neg_sentiment_avg                          float64      2             0.026057             0.024278             0.025168             0.026057             0.026947             0.027836   0.002516
pull_request_comment_ov_sentiment_avg                           float64      2             0.043312             0.036335             0.039824             0.043312             0.046801              0.05029   0.009867
pull_request_review_approved_pos_sentiment_avg                  float64      2             0.274357             0.252242               0.2633             0.274357             0.285415             0.296472   0.031275
pull_request_review_approved_neg_sentiment_avg                  float64      2                  0.0                  0.0                  0.0                  0.0                  0.0                  0.0        0.0
pull_request_review_approved_ov_sentiment_avg                   float64      2             0.223573             0.217761             0.220667             0.223573             0.226479             0.229385   0.008219
pull_request_review_changes_requested_pos_sentiment_avg         float64      2             0.145529              0.13919             0.142359             0.145529             0.148698             0.151868   0.008965
pull_request_review_changes_requested_neg_sentiment_avg         float64      2             0.009527             0.008524             0.009026             0.009527             0.010029              0.01053   0.001418
pull_request_review_changes_requested_ov_sentiment_avg          float64      2             0.186277             0.182059             0.184168             0.186277             0.188386             0.190495   0.005965
pull_request_review_comment_pos_sentiment_avg                   float64      2             0.124525             0.119858             0.122191             0.124525             0.126858             0.129191   0.006599
pull_request_review_comment_neg_sentiment_avg                   float64      2             0.016482             0.015183             0.015832             0.016482             0.017131             0.017781   0.001837
pull_request_review_comment_ov_sentiment_avg                    float64      2             0.096316             0.094008             0.095162             0.096316             0.097469             0.098623   0.003263
pull_request_review_commented_pos_sentiment_avg                 float64      2             0.051233             0.033824             0.042528             0.051233             0.059937             0.068642    0.02462
pull_request_review_commented_neg_sentiment_avg                 float64      2             0.040682             0.031424             0.036053             0.040682             0.045312             0.049941   0.013094
pull_request_review_commented_ov_sentiment_avg                  float64      2             0.016499            -0.006392             0.005054             0.016499             0.027945              0.03939   0.032373
pct_merged_with_approved                                        float64      4             0.100246                  0.0                  0.0             0.098639             0.198885             0.203704   0.115783
pct_merged_with_review                                          float64      4             0.109977                  0.0                  0.0             0.108844             0.218821             0.222222   0.127004
avg_all_disc_count                                              float64      2             4.778104             4.581633             4.679869             4.778104              4.87634             4.974576   0.277853
avg_pull_request_comment_count                                  float64      2             1.459184             1.418367             1.438776             1.459184             1.479592                  1.5   0.057723
avg_pull_request_review_count                                   float64      2             1.623833             1.561224             1.592529             1.623833             1.655137             1.686441   0.088541
avg_pull_request_review_comment_count                           float64      2             1.695088             1.602041             1.648565             1.695088             1.741612             1.788136   0.131589
avg_all_disc_exclude_opener_count                               float64      2             2.421438             2.226804             2.324121             2.421438             2.518755             2.616071   0.275254
avg_pull_request_comment_exclude_opener_count                   float64      2             1.071797             1.071429             1.071613             1.071797             1.071981             1.072165   0.000521
avg_pull_request_review_exclude_opener_count                    float64      2             0.726528             0.649485             0.688006             0.726528              0.76505             0.803571   0.108956
avg_pull_request_review_comment_exclude_opener_count            float64      2             0.623113             0.505155             0.564134             0.623113             0.682092             0.741071   0.166818
clustering_coefficient                                          float64      3             0.033629                  0.0             0.014603             0.029205             0.050443             0.071681   0.036045

