File: drive/output/derived/org_outcomes_practices/repo_discussion_quality/all/rolling5/ambient-innovation___ambient-toolbox.parquet

MD5 hash: e22459008129011d17b92027f8e8d0b9

Keys: time_period 

                                                                   type  count                 mean                  min                  25%                  50%                  75%                  max       std
time_period                                              datetime64[ns]      5  2023-12-31 19:12:00  2023-01-01 00:00:00  2023-07-01 00:00:00  2024-01-01 00:00:00  2024-07-01 00:00:00  2025-01-01 00:00:00          
response_rate                                                   float64      5             0.304479                  0.0                 0.36             0.384615             0.388889             0.388889  0.170633
mean_days_to_respond                                            float64      4             0.588163             0.210287             0.351982             0.471547             0.707729              1.19927  0.429692
pos_sentiment_avg                                               float64      5             0.114162             0.091065              0.09478             0.116533             0.122206             0.146225  0.022403
neg_sentiment_avg                                               float64      5             0.164843             0.146117             0.151413             0.152031             0.165056               0.2096  0.025973
ov_sentiment_avg                                                float64      5            -0.000881            -0.043618            -0.039015             0.017907             0.022347             0.037974  0.037692
response_rate_pull_request_opened                               float64      5             0.253016                  0.0             0.222222             0.285714             0.357143                  0.4  0.156909
response_rate_pull_request_review_comment                       float64      5             0.361923                  0.0             0.384615                0.425                  0.5                  0.5  0.208334
response_rate_issue_comment                                     float64      4                  0.0                  0.0                  0.0                  0.0                  0.0                  0.0       0.0
response_rate_issue_opened                                      float64      4                  1.0                  1.0                  1.0                  1.0                  1.0                  1.0       0.0
response_rate_pull_request_comment                              float64      4                  0.0                  0.0                  0.0                  0.0                  0.0                  0.0       0.0
mean_days_to_respond_issue_opened                               float64      4              0.05645               0.0536               0.0536               0.0536              0.05645                0.065    0.0057
mean_days_to_respond_pull_request_opened                        float64      4             2.505734             1.303501             1.303501             1.303501             2.505734             6.112433  2.404466
mean_days_to_respond_pull_request_review_comment                float64      4              0.05903             0.023704             0.025998             0.056155             0.089187             0.100108  0.039495
mean_days_to_respond_to_last_comment                            float64      4             0.776374             0.291015             0.416896             0.564185             0.923663             1.686109  0.625947
pull_request_opened_pos_sentiment_avg                           float64      5             0.071637             0.035412             0.035858             0.055405             0.085845             0.145667  0.046201
pull_request_opened_neg_sentiment_avg                           float64      5             0.304905             0.252239                0.262             0.299701             0.349172             0.361415  0.049484
pull_request_opened_ov_sentiment_avg                            float64      5             -0.08718            -0.153402            -0.150362            -0.103417              -0.0511             0.022383  0.074072
pull_request_review_comment_pos_sentiment_avg                   float64      5              0.07889                  0.0                  0.0             0.050933              0.14569             0.197826  0.089214
pull_request_review_comment_neg_sentiment_avg                   float64      5             0.015909                  0.0                  0.0               0.0194             0.027935             0.032212  0.015238
pull_request_review_comment_ov_sentiment_avg                    float64      5             0.063807                  0.0                  0.0             0.028187             0.124474             0.166374  0.076831
issue_comment_pos_sentiment_avg                                 float64      4             0.018833                  0.0                  0.0                  0.0             0.018833             0.075333  0.037667
issue_comment_neg_sentiment_avg                                 float64      4             0.002917                  0.0                  0.0                  0.0             0.002917             0.011667  0.005833
issue_comment_ov_sentiment_avg                                  float64      4              0.02747                  0.0                  0.0                  0.0              0.02747             0.109881   0.05494
issue_opened_pos_sentiment_avg                                  float64      4             0.030535                  0.0             0.023542             0.035861             0.042854             0.050417   0.02179
issue_opened_neg_sentiment_avg                                  float64      4             0.089833             0.039556             0.043814             0.050888             0.096906                0.218  0.085736
issue_opened_ov_sentiment_avg                                   float64      4            -0.178765              -0.5994            -0.186763            -0.043065            -0.035067             -0.02953  0.280541
pull_request_comment_pos_sentiment_avg                          float64      4             0.284357             0.260429             0.284357             0.292333             0.292333             0.292333  0.015952
pull_request_comment_neg_sentiment_avg                          float64      4             0.028429                0.016                0.016                0.016             0.028429             0.065714  0.024857
pull_request_comment_ov_sentiment_avg                           float64      4             0.086707             0.057679             0.086707             0.096383             0.096383             0.096383  0.019352
pull_request_review_changes_requested_pos_sentiment_avg         float64      4             0.126437                  0.0                  0.0               0.0955             0.221938              0.31475  0.154491
pull_request_review_changes_requested_neg_sentiment_avg         float64      4                  0.0                  0.0                  0.0                  0.0                  0.0                  0.0       0.0
pull_request_review_changes_requested_ov_sentiment_avg          float64      4             0.139238                  0.0                  0.0              0.11885             0.258088              0.31925  0.164188
pull_request_review_approved_pos_sentiment_avg                  float64      3                0.956                0.934                0.934                0.934                0.967                  1.0  0.038105
pull_request_review_approved_neg_sentiment_avg                  float64      3                  0.0                  0.0                  0.0                  0.0                  0.0                  0.0       0.0
pull_request_review_approved_ov_sentiment_avg                   float64      3               0.4958               0.3612              0.46215               0.5631               0.5631               0.5631  0.116567
pull_request_review_commented_pos_sentiment_avg                 float64      2               0.5995               0.5995               0.5995               0.5995               0.5995               0.5995       0.0
pull_request_review_commented_neg_sentiment_avg                 float64      2                  0.0                  0.0                  0.0                  0.0                  0.0                  0.0       0.0
pull_request_review_commented_ov_sentiment_avg                  float64      2               0.4008               0.4008               0.4008               0.4008               0.4008               0.4008       0.0
pct_merged_with_approved                                        float64      5              0.25174                  0.0              0.25641             0.285714             0.352941             0.363636  0.147743
pct_merged_with_review                                          float64      5             0.360625             0.282051             0.321429             0.333333             0.411765             0.454545  0.070518
avg_pull_request_review_count                                   float64      5             2.354921                  1.0                  1.6             1.714286             3.571429             3.888889   1.28929
avg_pull_request_review_comment_count                           float64      5             2.191746                  0.8             0.857143                  1.0             3.857143             4.444444  1.801845
avg_all_disc_count                                              float64      5             4.919048                  2.0                  3.0                  3.0             7.928571             8.666667  3.122027
avg_pull_request_comment_count                                  float64      4             0.465476             0.333333             0.404762             0.464286                0.525                  0.6  0.112712
avg_pull_request_review_exclude_opener_count                    float64      5             1.660952                  1.0                  1.4             1.428571             2.142857             2.333333  0.557513
avg_pull_request_review_comment_exclude_opener_count            float64      5             1.585079             0.571429                  0.6                  1.0             2.642857             3.111111  1.202898
avg_all_disc_exclude_opener_count                               float64      5             3.513333                  2.0             2.285714                  2.4             5.214286             5.666667  1.772486
avg_pull_request_comment_exclude_opener_count                   float64      4             0.334127             0.222222             0.269841             0.342857             0.407143             0.428571  0.096825
clustering_coefficient                                          float64      5                  0.0                  0.0                  0.0                  0.0                  0.0                  0.0       0.0

