File: drive/output/derived/org_outcomes_practices/repo_discussion_quality/all/rolling5/angellusmortis___django_microsoft_auth.parquet

MD5 hash: 58351b3b9169c31fc613f82ae0e0dcc7

Keys: time_period 

                                                                   type  count                 mean                  min                  25%                  50%                  75%                  max        std
time_period                                              datetime64[ns]     16  2021-04-01 06:00:00  2017-07-01 00:00:00  2019-05-16 18:00:00  2021-04-01 12:00:00  2023-02-15 06:00:00  2025-01-01 00:00:00           
response_rate                                                   float64     14               0.5699                  0.0             0.538642             0.611063             0.673878             0.713656   0.179849
mean_days_to_respond                                            float64     13            45.672856            15.910296            30.560632            44.612732            63.063722            71.009163  18.512169
pos_sentiment_avg                                               float64     14             0.063391                  0.0             0.049349             0.070609             0.090258              0.09766   0.032031
neg_sentiment_avg                                               float64     14             0.027018                  0.0             0.017676             0.031633             0.038559             0.042599   0.014492
ov_sentiment_avg                                                float64     14             0.050489                  0.0             0.044668             0.052632             0.063565             0.078874   0.021513
response_rate_pull_request_comment                              float64     14             0.461296                  0.0             0.262576             0.402564             0.694156             0.787879   0.251044
response_rate_issue_comment                                     float64     13             0.611128                  0.0               0.5625             0.652893             0.743056             0.782609   0.206209
response_rate_issue_opened                                      float64     13                  1.0                  1.0                  1.0                  1.0                  1.0                  1.0        0.0
response_rate_pull_request_opened                               float64     13             0.822165                  0.6                  0.7             0.833333             0.916667                  1.0   0.134879
response_rate_pull_request_review_comment                       float64      9              0.34784                  0.0             0.333333             0.388889                  0.4                  0.5   0.139262
mean_days_to_respond_issue_opened                               float64     13            78.060156            18.985149            51.471065            86.449043            99.790092           125.641747  35.289597
mean_days_to_respond_pull_request_comment                       float64     13            26.935018             0.344678            11.133703            18.279797            53.517074            58.283748  23.433586
mean_days_to_respond_pull_request_opened                        float64     13            36.816143             0.003657             0.009852            34.692781            71.821981            93.888336  38.644778
mean_days_to_respond_to_last_comment                            float64     13            84.881471            20.910307            55.891516            79.088035           129.649773           144.374655   44.24738
mean_days_to_respond_issue_comment                              float64     12            43.227727            13.570954            41.521126            46.542134            49.886573            55.427136  11.397857
mean_days_to_respond_pull_request_review_comment                float64      8             0.288194              0.05407             0.103854              0.34832             0.389064             0.569008   0.180955
pull_request_comment_pos_sentiment_avg                          float64     14             0.057065                  0.0             0.004193             0.024138             0.123878              0.13686    0.05937
pull_request_comment_neg_sentiment_avg                          float64     14             0.028727                  0.0             0.002002             0.018464             0.055362             0.066386   0.027917
pull_request_comment_ov_sentiment_avg                           float64     14             0.046531                  0.0             0.006432             0.013422             0.089098              0.11783   0.049203
issue_comment_pos_sentiment_avg                                 float64     13             0.089088             0.037519             0.087579             0.093608              0.09451             0.106414     0.0169
issue_comment_neg_sentiment_avg                                 float64     13             0.031306             0.005815             0.032409               0.0349             0.036747             0.037477   0.009518
issue_comment_ov_sentiment_avg                                  float64     13             0.075384             0.036756             0.065996             0.073048             0.084162             0.120734   0.019762
issue_opened_pos_sentiment_avg                                  float64     13             0.066055             0.051694             0.057064              0.06734             0.072716             0.084165   0.009506
issue_opened_neg_sentiment_avg                                  float64     13             0.029573             0.009895             0.018947             0.027694              0.04222             0.053979   0.013241
issue_opened_ov_sentiment_avg                                   float64     13             0.063691              0.02227             0.056609             0.063759               0.0672             0.102438   0.022408
pull_request_opened_pos_sentiment_avg                           float64     13             0.079736             0.049968             0.064328             0.076109             0.094627               0.1115   0.018827
pull_request_opened_neg_sentiment_avg                           float64     13              0.06745                  0.0              0.02992             0.076479             0.080184             0.129333   0.036363
pull_request_opened_ov_sentiment_avg                            float64     13             0.025124            -0.037975             -0.01633             0.017769             0.052362               0.1591   0.052744
pull_request_review_comment_pos_sentiment_avg                   float64      9             0.106634                0.015             0.107628             0.111023                0.128             0.138458   0.036315
pull_request_review_comment_neg_sentiment_avg                   float64      9             0.014057             0.006125             0.012733             0.013333             0.016333               0.0191   0.003878
pull_request_review_comment_ov_sentiment_avg                    float64      9             0.130103              -0.0129             0.106615              0.12409             0.184919             0.211467   0.072389
pull_request_review_changes_requested_pos_sentiment_avg         float64      4              0.03275              0.03275              0.03275              0.03275              0.03275              0.03275        0.0
pull_request_review_changes_requested_neg_sentiment_avg         float64      4              0.01419              0.01419              0.01419              0.01419              0.01419              0.01419        0.0
pull_request_review_changes_requested_ov_sentiment_avg          float64      4              0.06924              0.06924              0.06924              0.06924              0.06924              0.06924        0.0
pct_merged_with_approved                                        float64      8             0.093995                  0.0                  0.0             0.065217             0.185924             0.230769    0.10464
pct_merged_with_review                                          float64      8             0.190205                  0.0             0.185714             0.215839             0.224359             0.294118   0.087262
avg_pull_request_comment_count                                  float64     14              1.68187                  1.0             1.293007             1.458835                1.666                  3.0     0.6509
avg_all_disc_count                                              float64     14             2.068959                  1.0             1.370231             1.462263             2.011538                4.875   1.224823
avg_pull_request_review_comment_count                           float64      9             0.263599             0.013889             0.043243             0.178218             0.266667               0.9375   0.309672
avg_pull_request_review_count                                   float64      7             0.435266             0.040816             0.126428             0.333333             0.741176               0.9375   0.373611
avg_pull_request_comment_exclude_opener_count                   float64     14              1.60823                  1.0             1.308669             1.345912                2.125             2.444444   0.500172
avg_all_disc_exclude_opener_count                               float64     14             2.221836                  1.0             1.315811              1.52416             3.453846                  4.2   1.209958
avg_pull_request_review_comment_exclude_opener_count            float64      9             0.398628             0.009174              0.04878             0.333333             0.733333             0.833333   0.357115
avg_pull_request_review_exclude_opener_count                    float64      7             0.714689             0.075472             0.502564             0.833333             0.944444                  1.2   0.379148
clustering_coefficient                                          float64     16              0.01607                  0.0             0.004015             0.011218             0.029837             0.040629   0.014631

