File: drive/output/derived/org_outcomes_practices/repo_discussion_quality/all/rolling5/arkottke___pykooh.parquet

MD5 hash: e96f58171c14b63f9771ebc94baccf01

Keys: time_period 

                                                 type  count                 mean                  min                  25%                  50%                  75%                  max       std
time_period                            datetime64[ns]      4  2023-07-02 06:00:00  2020-07-01 00:00:00  2023-02-15 06:00:00  2024-04-01 00:00:00  2024-08-16 00:00:00  2025-01-01 00:00:00          
response_rate                                 float64      1                  0.5                  0.5                  0.5                  0.5                  0.5                  0.5          
mean_days_to_respond                          float64      1             4.983669             4.983669             4.983669             4.983669             4.983669             4.983669          
pos_sentiment_avg                             float64      4             0.013492                  0.0             0.005583             0.009053             0.016963             0.035864  0.015568
neg_sentiment_avg                             float64      4                0.131                  0.0                  0.0                  0.0                0.131                0.524     0.262
ov_sentiment_avg                              float64      4            -0.056866               -0.296            -0.066911             0.011496              0.02154             0.045542  0.160237
response_rate_issue_comment                   float64      1                  0.0                  0.0                  0.0                  0.0                  0.0                  0.0          
response_rate_issue_opened                    float64      1                  1.0                  1.0                  1.0                  1.0                  1.0                  1.0          
mean_days_to_respond_issue_opened             float64      1             4.983669             4.983669             4.983669             4.983669             4.983669             4.983669          
mean_days_to_respond_to_last_comment          float64      1             4.983669             4.983669             4.983669             4.983669             4.983669             4.983669          
pull_request_opened_pos_sentiment_avg         float64      4                  0.0                  0.0                  0.0                  0.0                  0.0                  0.0       0.0
pull_request_opened_neg_sentiment_avg         float64      4                0.131                  0.0                  0.0                  0.0                0.131                0.524     0.262
pull_request_opened_ov_sentiment_avg          float64      4               -0.074               -0.296               -0.074                  0.0                  0.0                  0.0     0.148
issue_comment_pos_sentiment_avg               float64      3                0.248                0.248                0.248                0.248                0.248                0.248       0.0
issue_comment_neg_sentiment_avg               float64      3                  0.0                  0.0                  0.0                  0.0                  0.0                  0.0       0.0
issue_comment_ov_sentiment_avg                float64      3             0.280767             0.280767             0.280767             0.280767             0.280767             0.280767       0.0
issue_opened_pos_sentiment_avg                float64      3               0.1465               0.1465               0.1465               0.1465               0.1465               0.1465       0.0
issue_opened_neg_sentiment_avg                float64      3                  0.0                  0.0                  0.0                  0.0                  0.0                  0.0       0.0
issue_opened_ov_sentiment_avg                 float64      3               0.2202               0.2202               0.2202               0.2202               0.2202               0.2202       0.0
pct_merged_with_approved                      float64      3                  0.0                  0.0                  0.0                  0.0                  0.0                  0.0       0.0
pct_merged_with_review                        float64      3                  0.0                  0.0                  0.0                  0.0                  0.0                  0.0       0.0
avg_all_disc_count                            float64      0                                                                                                                                        
avg_all_disc_exclude_opener_count             float64      0                                                                                                                                        
clustering_coefficient                        float64      3                  0.0                  0.0                  0.0                  0.0                  0.0                  0.0       0.0

