File: drive/output/derived/org_outcomes_practices/repo_discussion_quality/all/rolling5/auto-res___researchgraph.parquet

MD5 hash: e76f31b82212c3a09914aaf254857cfb

Keys: time_period 

                                                                   type  count                 mean                  min                  25%                  50%                  75%                  max       std
time_period                                              datetime64[ns]      2  2024-10-01 00:00:00  2024-07-01 00:00:00  2024-08-16 00:00:00  2024-10-01 00:00:00  2024-11-16 00:00:00  2025-01-01 00:00:00          
response_rate                                                   float64      2             0.502551             0.469388             0.485969             0.502551             0.519133             0.535714    0.0469
mean_days_to_respond                                            float64      2             7.010286             6.005697             6.507992             7.010286             7.512581             8.014875  1.420703
pos_sentiment_avg                                               float64      2              0.02853             0.023608             0.026069              0.02853             0.030991             0.033452  0.006961
neg_sentiment_avg                                               float64      2              0.15773             0.128804             0.143267              0.15773             0.172194             0.186657  0.040908
ov_sentiment_avg                                                float64      2            -0.049257             -0.07112            -0.060188            -0.049257            -0.038326            -0.027395  0.030918
response_rate_issue_comment                                     float64      2             0.299107             0.285714             0.292411             0.299107             0.305804               0.3125   0.01894
response_rate_issue_opened                                      float64      2                  1.0                  1.0                  1.0                  1.0                  1.0                  1.0       0.0
response_rate_pull_request_comment                              float64      2             0.309524             0.285714             0.297619             0.309524             0.321429             0.333333  0.033672
response_rate_pull_request_opened                               float64      2             0.627273             0.454545             0.540909             0.627273             0.713636                  0.8  0.244273
response_rate_pull_request_review_comment                       float64      2                  0.0                  0.0                  0.0                  0.0                  0.0                  0.0       0.0
mean_days_to_respond_issue_comment                              float64      2             0.374035             0.331051             0.352543             0.374035             0.395527              0.41702  0.060789
mean_days_to_respond_issue_opened                               float64      2             12.09081            10.342476            11.216643             12.09081            12.964978            13.839145  2.472519
mean_days_to_respond_pull_request_comment                       float64      2             2.591921             2.591921             2.591921             2.591921             2.591921             2.591921       0.0
mean_days_to_respond_pull_request_opened                        float64      2             3.918874             3.504942             3.711908             3.918874             4.125841             4.332807  0.585389
mean_days_to_respond_to_last_comment                            float64      2             7.864445             6.698906             7.281675             7.864445             8.447214             9.029983   1.64832
issue_comment_pos_sentiment_avg                                 float64      2             0.059745             0.047071             0.053408             0.059745             0.066081             0.072418  0.017923
issue_comment_neg_sentiment_avg                                 float64      2             0.017258             0.006615             0.011937             0.017258             0.022579               0.0279   0.01505
issue_comment_ov_sentiment_avg                                  float64      2             0.046328             0.023483             0.034905             0.046328              0.05775             0.069172  0.032307
issue_opened_pos_sentiment_avg                                  float64      2             0.029032              0.02895             0.028991             0.029032             0.029074             0.029115  0.000117
issue_opened_neg_sentiment_avg                                  float64      2             0.012394             0.012116             0.012255             0.012394             0.012533             0.012672  0.000393
issue_opened_ov_sentiment_avg                                   float64      2             0.039485             0.037489             0.038487             0.039485             0.040484             0.041482  0.002824
pull_request_comment_pos_sentiment_avg                          float64      2             0.083652             0.079669             0.081661             0.083652             0.085644             0.087636  0.005633
pull_request_comment_neg_sentiment_avg                          float64      2             0.001824             0.001737             0.001781             0.001824             0.001868             0.001911  0.000123
pull_request_comment_ov_sentiment_avg                           float64      2             0.150214             0.143061             0.146637             0.150214              0.15379             0.157367  0.010116
pull_request_opened_pos_sentiment_avg                           float64      2             0.012191              0.01216             0.012175             0.012191             0.012207             0.012223  0.000045
pull_request_opened_neg_sentiment_avg                           float64      2             0.298162             0.268332             0.283247             0.298162             0.313078             0.327993  0.042186
pull_request_opened_ov_sentiment_avg                            float64      2            -0.147467            -0.164838            -0.156153            -0.147467            -0.138782            -0.130097  0.024566
pull_request_review_changes_requested_pos_sentiment_avg         float64      2              0.23225              0.23225              0.23225              0.23225              0.23225              0.23225       0.0
pull_request_review_changes_requested_neg_sentiment_avg         float64      2                  0.0                  0.0                  0.0                  0.0                  0.0                  0.0       0.0
pull_request_review_changes_requested_ov_sentiment_avg          float64      2             0.140875             0.140875             0.140875             0.140875             0.140875             0.140875       0.0
pull_request_review_comment_pos_sentiment_avg                   float64      2             0.032318             0.025136             0.028727             0.032318             0.035909               0.0395  0.010157
pull_request_review_comment_neg_sentiment_avg                   float64      2             0.023844             0.018545             0.021195             0.023844             0.026494             0.029143  0.007493
pull_request_review_comment_ov_sentiment_avg                    float64      2            -0.006808            -0.008321            -0.007565            -0.006808            -0.006052            -0.005295   0.00214
pull_request_review_commented_pos_sentiment_avg                 float64      1                  0.0                  0.0                  0.0                  0.0                  0.0                  0.0          
pull_request_review_commented_neg_sentiment_avg                 float64      1                  0.0                  0.0                  0.0                  0.0                  0.0                  0.0          
pull_request_review_commented_ov_sentiment_avg                  float64      1                  0.0                  0.0                  0.0                  0.0                  0.0                  0.0          
pct_merged_with_approved                                        float64      2             0.010714                  0.0             0.005357             0.010714             0.016071             0.021429  0.015152
pct_merged_with_review                                          float64      2             0.040767              0.02439             0.032578             0.040767             0.048955             0.057143   0.02316
avg_pull_request_comment_count                                  float64      2             1.004702             0.827586             0.916144             1.004702              1.09326             1.181818   0.25048
avg_pull_request_review_count                                   float64      2             0.565831             0.545455             0.555643             0.565831             0.576019             0.586207  0.028816
avg_pull_request_review_comment_count                           float64      2             0.507837              0.37931             0.443574             0.507837               0.5721             0.636364  0.181764
avg_all_disc_count                                              float64      2              2.07837             1.793103             1.935737              2.07837             2.221003             2.363636  0.403428
avg_pull_request_comment_exclude_opener_count                   float64      2             0.918182             0.636364             0.777273             0.918182             1.059091                  1.2  0.398551
avg_pull_request_review_exclude_opener_count                    float64      2             0.709091                  0.6             0.654545             0.709091             0.763636             0.818182  0.154278
avg_pull_request_review_comment_exclude_opener_count            float64      2             0.627273             0.454545             0.540909             0.627273             0.713636                  0.8  0.244273
avg_all_disc_exclude_opener_count                               float64      2             2.254545             1.909091             2.081818             2.254545             2.427273                  2.6  0.488547
clustering_coefficient                                          float64      2             0.011874                  0.0             0.005937             0.011874             0.017811             0.023749  0.016793

