File: drive/output/derived/org_outcomes_practices/repo_discussion_quality/all/rolling5/azure___azure-kusto-python.parquet

MD5 hash: 15c66e0ad0399de5287ebb3a7f4fa63d

Keys: time_period 

                                                                   type  count                 mean                  min                  25%                  50%                  75%                  max        std
time_period                                              datetime64[ns]     15  2021-07-01 14:24:00  2018-01-01 00:00:00  2019-10-01 00:00:00  2021-07-01 00:00:00  2023-04-01 12:00:00  2025-01-01 00:00:00           
response_rate                                                   float64     15             0.455562             0.298578             0.428319              0.48429             0.506784             0.520134   0.071012
mean_days_to_respond                                            float64     15            20.541664             7.449229            12.202344            17.374874            29.210303            41.384729  10.520933
pos_sentiment_avg                                               float64     15             0.101562             0.088293             0.092906             0.099928             0.106791             0.139658   0.013018
neg_sentiment_avg                                               float64     15             0.074798             0.031874             0.039534             0.049351             0.102701             0.209101    0.05152
ov_sentiment_avg                                                float64     15             0.053304            -0.002348             0.039387             0.067597             0.072431             0.080464   0.027761
response_rate_issue_opened                                      float64     15                  1.0                  1.0                  1.0                  1.0                  1.0                  1.0        0.0
response_rate_pull_request_comment                              float64     15             0.410804                  0.0             0.361498                 0.44             0.554945             0.605263   0.189876
response_rate_pull_request_opened                               float64     15             0.517236             0.238095             0.287904                  0.4             0.772619             0.976744   0.291325
response_rate_pull_request_review_comment                       float64     15             0.314857             0.184549             0.269047             0.320132             0.373377             0.414023   0.077089
response_rate_issue_comment                                     float64     14             0.586504             0.440476             0.550046             0.612756              0.63867             0.661376   0.073094
mean_days_to_respond_issue_opened                               float64     15            27.716654             6.601556             9.938652            18.324997            46.450377            59.620432  19.883368
mean_days_to_respond_pull_request_opened                        float64     15            23.102149             0.407918             3.787617            24.553467             32.67251            86.063937  23.064898
mean_days_to_respond_pull_request_review_comment                float64     15             1.431476              0.27106             0.960215             1.186694             2.247166             2.592715   0.720019
mean_days_to_respond_to_last_comment                            float64     15            29.377414             9.040653            13.152441            20.769548             45.07671            75.838757   20.85885
mean_days_to_respond_issue_comment                              float64     14            47.983786            32.696625            43.769203            50.066464             52.81103            55.244581    6.95373
mean_days_to_respond_pull_request_comment                       float64     13            23.015226             1.254033              2.37825             3.903456             48.36037            69.324496  25.926298
issue_opened_pos_sentiment_avg                                  float64     15             0.065398             0.046114             0.050822               0.0663             0.074125             0.100278   0.015573
issue_opened_neg_sentiment_avg                                  float64     15             0.035775             0.021556             0.031153             0.035033             0.042264             0.045587    0.00707
issue_opened_ov_sentiment_avg                                   float64     15             0.042966             0.005756             0.016807             0.039222             0.053913             0.137244   0.031962
pull_request_comment_pos_sentiment_avg                          float64     15             0.150358              0.08631              0.12374             0.137413             0.173529             0.247967   0.044696
pull_request_comment_neg_sentiment_avg                          float64     15             0.021421                  0.0             0.021441             0.022504              0.02538               0.0285   0.006861
pull_request_comment_ov_sentiment_avg                           float64     15             0.162933             0.086456             0.100837             0.143377             0.178782             0.407067   0.088045
pull_request_opened_pos_sentiment_avg                           float64     15             0.037956             0.003687             0.023698             0.034503             0.057444             0.065889   0.019604
pull_request_opened_neg_sentiment_avg                           float64     15             0.208476             0.051075             0.068824             0.127881             0.372861             0.461729   0.162056
pull_request_opened_ov_sentiment_avg                            float64     15            -0.073928            -0.258023            -0.174933            -0.032325             0.019318             0.038295   0.106033
pull_request_review_comment_pos_sentiment_avg                   float64     15             0.106627             0.075639              0.09008             0.096767             0.103519             0.264735    0.04472
pull_request_review_comment_neg_sentiment_avg                   float64     15             0.036988             0.029029             0.032154              0.03593             0.042312             0.045082   0.005723
pull_request_review_comment_ov_sentiment_avg                    float64     15             0.066156             0.043609             0.055106             0.057715             0.062769             0.165487    0.02841
issue_comment_pos_sentiment_avg                                 float64     14             0.137573              0.10469             0.114555             0.142685             0.152498             0.168869   0.021371
issue_comment_neg_sentiment_avg                                 float64     14             0.027234             0.019608              0.02307             0.025539             0.030647             0.045604   0.006655
issue_comment_ov_sentiment_avg                                  float64     14              0.13947             0.109154             0.128915             0.139737             0.151003             0.169155   0.016093
pull_request_review_approved_pos_sentiment_avg                  float64     10             0.306426                  0.0             0.307055             0.340875             0.373792             0.388816   0.115907
pull_request_review_approved_neg_sentiment_avg                  float64     10                  0.0                  0.0                  0.0                  0.0                  0.0                  0.0        0.0
pull_request_review_approved_ov_sentiment_avg                   float64     10             0.229632                  0.0             0.248488             0.260625             0.266481             0.272392   0.082865
pull_request_review_changes_requested_pos_sentiment_avg         float64     10             0.125557             0.042667             0.072567             0.113833             0.166667                0.248    0.06391
pull_request_review_changes_requested_neg_sentiment_avg         float64     10              0.02624                  0.0                  0.0               0.0205              0.04715                0.082   0.029892
pull_request_review_changes_requested_ov_sentiment_avg          float64     10             0.070816              0.00924             0.039129             0.073767             0.095767             0.130267    0.04426
pull_request_review_dismissed_pos_sentiment_avg                 float64     10             0.274214                  0.0             0.251302             0.287817             0.346964             0.361409    0.10637
pull_request_review_dismissed_neg_sentiment_avg                 float64     10                  0.0                  0.0                  0.0                  0.0                  0.0                  0.0        0.0
pull_request_review_dismissed_ov_sentiment_avg                  float64     10             0.235465                  0.0             0.221529             0.263142             0.280714             0.302473   0.088474
pull_request_review_commented_pos_sentiment_avg                 float64      9              0.16726             0.096143               0.1388                0.153                0.188             0.250667   0.047527
pull_request_review_commented_neg_sentiment_avg                 float64      9             0.009338                  0.0                  0.0               0.0148               0.0148             0.021143   0.009094
pull_request_review_commented_ov_sentiment_avg                  float64      9             0.139912             0.075429              0.09906              0.12866                0.148             0.245467   0.053157
pct_merged_with_approved                                        float64     10             0.752033             0.454545             0.704838             0.790323             0.838229             0.882353   0.125967
pct_merged_with_review                                          float64     10             0.790163             0.454545             0.774504             0.825937             0.858229             0.921569   0.132026
avg_pull_request_comment_count                                  float64     15             1.002391                  0.2             0.703995             0.816667             1.472973             1.806818    0.52188
avg_pull_request_review_comment_count                           float64     15             4.991597             2.866071             3.488288             5.311111              5.91164                  7.9   1.543257
avg_all_disc_count                                              float64     15             8.671301                  3.8             7.176316             8.443182            10.026983            12.764045   2.439059
avg_pull_request_review_count                                   float64     10             4.015969             1.831169             3.280438              3.86696             5.206731                5.425   1.213816
avg_pull_request_comment_exclude_opener_count                   float64     15             0.841394                  0.2             0.454415             0.555556             1.339472             1.704545    0.53037
avg_pull_request_review_comment_exclude_opener_count            float64     15             3.426795             1.785714             2.193667             3.615385             4.392857                  5.7   1.280477
avg_all_disc_exclude_opener_count                               float64     15             5.991345                  2.8             5.448864                  5.9             6.700747             8.011905   1.295793
avg_pull_request_review_exclude_opener_count                    float64     10             2.584735             1.028571              2.11055             2.510184             3.332723             3.490385   0.794412
clustering_coefficient                                          float64     15             0.024235             0.006989             0.014398             0.017828             0.025673              0.09375    0.02131

