File: drive/output/derived/org_outcomes_practices/repo_discussion_quality/all/rolling5/bachmann1234___diff_cover.parquet

MD5 hash: 8731973e6b090d9c3e38dd400083a956

Keys: time_period 

                                                                type  count                           mean                  min                  25%                  50%                  75%                  max         std
time_period                                           datetime64[ns]     21  2019-12-31 17:08:34.285714176  2015-01-01 00:00:00  2017-07-01 00:00:00  2020-01-01 00:00:00  2022-07-01 00:00:00  2025-01-01 00:00:00            
response_rate                                                float64     21                       0.726338              0.62982             0.670213             0.713889             0.794872             0.815451    0.066823
mean_days_to_respond                                         float64     21                      49.459517            12.714088            24.119577             41.14834            75.548291           116.269815   29.893213
pos_sentiment_avg                                            float64     21                       0.149667             0.117781             0.140133              0.14942             0.158857             0.177525    0.013958
neg_sentiment_avg                                            float64     21                       0.054788             0.032365             0.045882             0.058648             0.065139             0.067583     0.01114
ov_sentiment_avg                                             float64     21                       0.087904             0.045151              0.08115             0.084867             0.097417             0.120451    0.019407
response_rate_issue_comment                                  float64     21                       0.740499             0.643678             0.679612             0.705128             0.813333             0.894737    0.078583
response_rate_issue_opened                                   float64     21                            1.0                  1.0                  1.0                  1.0                  1.0                  1.0         0.0
response_rate_pull_request_comment                           float64     21                       0.601949             0.361111             0.551282             0.646341             0.704082             0.747475     0.13341
response_rate_pull_request_opened                            float64     21                        0.99183             0.921053             0.983051                  1.0                  1.0                  1.0    0.018113
response_rate_pull_request_review_comment                    float64     21                       0.379098             0.142857             0.280702             0.344828             0.538462                 0.75    0.155676
mean_days_to_respond_issue_comment                           float64     21                     118.574335            22.820411            37.824189            94.154971           211.954243           340.778145   94.706103
mean_days_to_respond_issue_opened                            float64     21                      53.273393             4.005248            12.903438            49.477814            86.529759           131.305711   42.234576
mean_days_to_respond_pull_request_comment                    float64     21                       1.310381             0.491429             0.794459             1.267602             1.409283             5.127265    0.948839
mean_days_to_respond_pull_request_opened                     float64     21                        0.85631             0.047683             0.181444             0.866653             1.175372             3.739602    0.894246
mean_days_to_respond_pull_request_review_comment             float64     21                      10.700011             0.052369             0.158836             0.545845            16.741786            63.375193   19.780305
mean_days_to_respond_to_last_comment                         float64     21                      134.40743             7.420819            39.683944           108.553007           240.609269           359.938113  107.738758
issue_comment_pos_sentiment_avg                              float64     21                       0.118035             0.056695             0.107477             0.116704             0.133377             0.145633    0.020842
issue_comment_neg_sentiment_avg                              float64     21                       0.046077             0.029471             0.035437             0.042949             0.045398             0.098994    0.015868
issue_comment_ov_sentiment_avg                               float64     21                        0.06425            -0.062844             0.057723             0.070164             0.084311             0.098419    0.035449
issue_opened_pos_sentiment_avg                               float64     21                       0.080821             0.058781             0.072288             0.082254             0.088802             0.101652    0.013931
issue_opened_neg_sentiment_avg                               float64     21                       0.048628             0.029582             0.040552             0.046195             0.053064             0.076292    0.010886
issue_opened_ov_sentiment_avg                                float64     21                       0.041899            -0.004402             0.017913             0.032279             0.056426             0.133924    0.037769
pull_request_comment_pos_sentiment_avg                       float64     21                       0.236035              0.18388             0.199137             0.219878             0.283889             0.330658    0.046951
pull_request_comment_neg_sentiment_avg                       float64     21                       0.041772             0.023069             0.036129             0.038358             0.048574                0.071    0.011097
pull_request_comment_ov_sentiment_avg                        float64     21                       0.160839             0.094315             0.150073             0.159785             0.173453              0.20192    0.021615
pull_request_opened_pos_sentiment_avg                        float64     21                       0.056232             0.023074             0.047337             0.051078             0.057185             0.097374    0.022996
pull_request_opened_neg_sentiment_avg                        float64     21                       0.132204             0.034827             0.068616             0.090127              0.20112             0.255247    0.076848
pull_request_opened_ov_sentiment_avg                         float64     21                      -0.049142            -0.135278            -0.084485            -0.025834            -0.007818              0.01634    0.049794
pull_request_review_comment_pos_sentiment_avg                float64     21                       0.139267             0.107458             0.121627             0.136572             0.149277             0.189456    0.024671
pull_request_review_comment_neg_sentiment_avg                float64     21                       0.048107              0.01225             0.035777             0.044274               0.0635             0.084667    0.019729
pull_request_review_comment_ov_sentiment_avg                 float64     21                       0.099715             0.028731               0.0343             0.097622             0.139444             0.185666    0.054654
pull_request_review_commented_pos_sentiment_avg              float64      9                          0.258               0.0595               0.0595                0.258               0.4565               0.4565      0.1985
pull_request_review_commented_neg_sentiment_avg              float64      9                       0.051625                  0.0                  0.0             0.051625              0.10325              0.10325    0.051625
pull_request_review_commented_ov_sentiment_avg               float64      9                         0.0947               -0.153               -0.153               0.0947               0.3424               0.3424      0.2477
pull_request_review_approved_pos_sentiment_avg               float64      3                       0.384556                0.326                0.326                0.326             0.413833             0.501667    0.101421
pull_request_review_approved_neg_sentiment_avg               float64      3                            0.0                  0.0                  0.0                  0.0                  0.0                  0.0         0.0
pull_request_review_approved_ov_sentiment_avg                float64      3                       0.464767               0.4404               0.4404               0.4404              0.47695               0.5135    0.042204
pct_merged_with_approved                                     float64     10                       0.031279                  0.0             0.015618             0.029785             0.050157             0.055556    0.019571
pct_merged_with_review                                       float64     10                       0.139464                  0.0             0.067241             0.157303             0.219298             0.227273    0.084604
avg_pull_request_comment_count                               float64     21                       4.020552                 2.48             2.727273             4.233333                  5.0             5.555556    1.079358
avg_pull_request_review_comment_count                        float64     21                        0.82488             0.181818             0.535714             0.935484             1.127273                  1.3    0.330459
avg_all_disc_count                                           float64     21                       5.276923                  3.8             4.967742             5.344828                 5.64             6.117647    0.539207
avg_pull_request_review_count                                float64     10                       0.906129             0.032258             0.647273              1.08191             1.252153                 1.34      0.4661
avg_pull_request_comment_exclude_opener_count                float64     21                       2.961943             1.741379             2.025641             2.833333             3.655172             4.192308    0.880775
avg_pull_request_review_comment_exclude_opener_count         float64     21                       0.473959             0.136364             0.333333             0.513514             0.589744             0.659574    0.149751
avg_all_disc_exclude_opener_count                            float64     21                       3.659158             2.945455             3.135135             3.736842             4.032258             4.473684    0.534325
avg_pull_request_review_exclude_opener_count                 float64     10                       0.468837             0.034483             0.490385             0.525541             0.594737             0.680851    0.212159
clustering_coefficient                                       float64     21                       0.041969             0.008405             0.019596              0.03941             0.050727             0.157139    0.032308

