File: drive/output/derived/org_outcomes_practices/repo_discussion_quality/all/rolling5/chuanconggao___prefixspan-py.parquet

MD5 hash: 299c7b57457e18e28b905d5a0744c0b1

Keys: time_period 

                                                         type  count                 mean                  min                  25%                  50%                  75%                  max        std
time_period                                    datetime64[ns]     15  2021-07-01 14:24:00  2018-01-01 00:00:00  2019-10-01 00:00:00  2021-07-01 00:00:00  2023-04-01 12:00:00  2025-01-01 00:00:00           
response_rate                                         float64     12             0.734575                  0.5             0.683865             0.753468               0.8318             0.857143   0.109608
mean_days_to_respond                                  float64     12             57.36668             12.19893            50.198856            60.049091             71.33475           100.176961  25.519819
pos_sentiment_avg                                     float64     13             0.151911             0.129359             0.137029             0.144678             0.156407             0.202529   0.020978
neg_sentiment_avg                                     float64     13             0.025655             0.005908             0.019385             0.027106              0.03255             0.038548   0.009952
ov_sentiment_avg                                      float64     13             0.127178             0.064013             0.116854             0.130362             0.139335             0.185312   0.029754
response_rate_issue_comment                           float64     12             0.650437             0.285714              0.56746             0.677295             0.782174               0.8125   0.155777
response_rate_issue_opened                            float64     12                  1.0                  1.0                  1.0                  1.0                  1.0                  1.0        0.0
response_rate_pull_request_comment                    float64      6             0.577778                  0.0             0.666667             0.666667             0.666667                  0.8   0.288033
response_rate_pull_request_opened                     float64      6                  1.0                  1.0                  1.0                  1.0                  1.0                  1.0        0.0
mean_days_to_respond_issue_comment                    float64     12            45.478361              0.47673            32.522789            50.475789            56.686245            83.843982  23.855027
mean_days_to_respond_issue_opened                     float64     12            79.555761             1.483275            66.235569            89.336162            104.40358           132.952184  42.436727
mean_days_to_respond_pull_request_comment             float64      5             0.198061             0.198061             0.198061             0.198061             0.198061             0.198061        0.0
mean_days_to_respond_pull_request_opened              float64      6             0.012402             0.003935             0.012402             0.012402             0.012402             0.020868   0.005355
mean_days_to_respond_to_last_comment                  float64     12             79.31984            29.457234            62.195899            83.147128            96.691159           129.848622  30.790732
issue_comment_pos_sentiment_avg                       float64     13             0.137704              0.05895             0.117032             0.136993             0.158013             0.216204   0.040362
issue_comment_neg_sentiment_avg                       float64     13             0.028589                  0.0             0.020342             0.028645             0.036172             0.059786   0.015685
issue_comment_ov_sentiment_avg                        float64     13             0.111823             0.018531             0.103722              0.11912             0.132962             0.168214   0.041736
issue_opened_pos_sentiment_avg                        float64     13             0.123325             0.043333             0.095855             0.109705             0.146102               0.2151   0.045997
issue_opened_neg_sentiment_avg                        float64     13             0.017604             0.011389             0.016525             0.017733             0.019147             0.022362   0.002829
issue_opened_ov_sentiment_avg                         float64     13             0.130524             0.022328             0.101602             0.119597             0.147212             0.241843   0.053517
pull_request_comment_pos_sentiment_avg                float64      9             0.376657             0.338167             0.363806             0.366833                0.385               0.4385   0.027629
pull_request_comment_neg_sentiment_avg                float64      9             0.026488                  0.0                  0.0             0.040405             0.047139             0.056567   0.025456
pull_request_comment_ov_sentiment_avg                 float64      9             0.269285              0.14343             0.192925             0.216964               0.3612               0.4008   0.099191
pull_request_opened_pos_sentiment_avg                 float64     10             0.129548                  0.0             0.021028             0.133733             0.209015               0.3182   0.111471
pull_request_opened_neg_sentiment_avg                 float64     10             0.006813                  0.0                  0.0              0.00365             0.009125               0.0292   0.009445
pull_request_opened_ov_sentiment_avg                  float64     10             0.170364                  0.0             0.035336             0.191373             0.255673              0.36472   0.135294
pct_merged_with_approved                              float64      0                                                                                                                                         
pct_merged_with_review                                float64      0                                                                                                                                         
avg_pull_request_comment_count                        float64      9             2.259259                  1.0                  1.0             2.333333                  3.0                  5.0   1.392218
avg_all_disc_count                                    float64      9             2.259259                  1.0                  1.0             2.333333                  3.0                  5.0   1.392218
avg_pull_request_comment_exclude_opener_count         float64      6                  2.0                  1.0                  2.0                  2.0                  2.0                  3.0   0.632456
avg_all_disc_exclude_opener_count                     float64      6                  2.0                  1.0                  2.0                  2.0                  2.0                  3.0   0.632456
clustering_coefficient                                float64     15             0.014417                  0.0                  0.0             0.010811             0.016618             0.053037   0.018803

