File: drive/output/derived/org_outcomes_practices/repo_discussion_quality/all/rolling5/climt___climt.parquet

MD5 hash: efa41fe851ed008c6a9ba5a9c92f2749

Keys: time_period 

                                                                type  count                 mean                  min                  25%                  50%                  75%                  max        std
time_period                                           datetime64[ns]     17  2020-12-31 00:00:00  2017-01-01 00:00:00  2019-01-01 00:00:00  2021-01-01 00:00:00  2023-01-01 00:00:00  2025-01-01 00:00:00           
response_rate                                                float64     15             0.653857             0.471545             0.543839              0.68046             0.727659              0.84058   0.117418
mean_days_to_respond                                         float64     15             13.33148             2.843689             5.470141             8.315852             21.88065            30.764841   9.258058
pos_sentiment_avg                                            float64     16             0.134181             0.116086             0.119996             0.127684             0.145243             0.165325   0.017779
neg_sentiment_avg                                            float64     16             0.048118             0.000596             0.032602             0.045293             0.070308             0.079011   0.023585
ov_sentiment_avg                                             float64     16             0.109155             0.053828             0.098094             0.110229             0.121174             0.169328   0.031727
response_rate_issue_comment                                  float64     15             0.712403                  0.5             0.684698             0.736111             0.743986             0.833333   0.090842
response_rate_issue_opened                                   float64     15                  1.0                  1.0                  1.0                  1.0                  1.0                  1.0        0.0
response_rate_pull_request_opened                            float64     14             0.918254                 0.75             0.783333                  1.0                  1.0                  1.0   0.114426
response_rate_pull_request_review_comment                    float64     12             0.304583             0.134615             0.134615             0.318287             0.382114                  0.8   0.192733
response_rate_pull_request_comment                           float64     13             0.655697             0.538462                  0.6             0.666667             0.714286             0.777778   0.073619
mean_days_to_respond_issue_comment                           float64     15            15.762946             0.201063             4.497968            10.387736            25.084548            41.856612  14.602264
mean_days_to_respond_issue_opened                            float64     15            13.872393             0.393116             2.259979               6.3606            15.920671            56.962364  17.364375
mean_days_to_respond_to_last_comment                         float64     15            19.724314             2.108635            11.055368            13.685864            25.749176            56.882574  14.791465
mean_days_to_respond_pull_request_opened                     float64     14             0.814322             0.034441              0.06622             0.668687             1.561182             1.951352   0.777842
mean_days_to_respond_pull_request_review_comment             float64     12             1.467348             0.010293             0.010293             0.564687             2.991136             3.747178   1.638208
mean_days_to_respond_pull_request_comment                    float64     13             9.549242             0.034815             0.723111             0.769304            17.809926            44.725301  14.963614
issue_comment_pos_sentiment_avg                              float64     16             0.138674             0.115952             0.124392             0.133397             0.146012             0.204356   0.022092
issue_comment_neg_sentiment_avg                              float64     16              0.02568                  0.0             0.025879             0.026442             0.030844             0.041681   0.011677
issue_comment_ov_sentiment_avg                               float64     16             0.144634             0.118058             0.128965             0.146225             0.157067             0.174625   0.017356
issue_opened_pos_sentiment_avg                               float64     16             0.080695             0.054075             0.062359             0.070294             0.084999             0.150146   0.029518
issue_opened_neg_sentiment_avg                               float64     16             0.021339             0.001417             0.020854             0.023858             0.025112             0.027533   0.007057
issue_opened_ov_sentiment_avg                                float64     16             0.081356             0.000823             0.065988             0.071944             0.092983             0.194112   0.047793
pull_request_opened_pos_sentiment_avg                        float64     15             0.033353             0.005257             0.023184               0.0325             0.040677             0.057746   0.013845
pull_request_opened_neg_sentiment_avg                        float64     15             0.260377             0.157239             0.178816             0.267429             0.354157             0.379314   0.087526
pull_request_opened_ov_sentiment_avg                         float64     15            -0.099477            -0.210691            -0.162035            -0.084443            -0.053805            -0.007129   0.063816
pull_request_review_comment_pos_sentiment_avg                float64     12             0.175869             0.095245             0.135267             0.156543             0.233045             0.233045   0.052596
pull_request_review_comment_neg_sentiment_avg                float64     12             0.025392             0.011988             0.023155             0.026073             0.027325             0.044012   0.007781
pull_request_review_comment_ov_sentiment_avg                 float64     12             0.108596             0.038131             0.089759             0.099881             0.121689             0.200053   0.040461
pull_request_comment_pos_sentiment_avg                       float64     14             0.170542             0.087208              0.15565             0.166841             0.193441             0.237233   0.034993
pull_request_comment_neg_sentiment_avg                       float64     14             0.033989             0.011083             0.029697             0.035954             0.042385             0.052648    0.01249
pull_request_comment_ov_sentiment_avg                        float64     14             0.144539             0.061302             0.105736             0.157321             0.170339               0.2206   0.046939
pct_merged_with_approved                                     float64      9                  0.0                  0.0                  0.0                  0.0                  0.0                  0.0        0.0
pct_merged_with_review                                       float64      9             0.144737                  0.0                  0.0                 0.25             0.263158             0.263158   0.137372
avg_pull_request_comment_count                               float64     16             2.402315                  1.0                2.075             2.357585                2.925             3.428571    0.71954
avg_all_disc_count                                           float64     16              8.58506                  1.0             3.404762             9.868421               12.175                15.25   4.753316
avg_pull_request_review_comment_count                        float64     12             6.593661             2.357143                  5.9             6.759868             7.457721                 13.0   2.733804
avg_pull_request_review_count                                float64      5                 3.96                  3.6                  3.6                  3.6                  4.5                  4.5    0.49295
avg_pull_request_comment_exclude_opener_count                float64     16             1.893243                  1.0                  1.5             1.897368             2.282895             2.666667   0.521906
avg_all_disc_exclude_opener_count                            float64     16             5.758171                  1.0                2.625             6.140867                 8.45                9.625   2.918705
avg_pull_request_review_comment_exclude_opener_count         float64     12             4.190737             1.285714             3.894737                  4.4             4.669643                7.125   1.540514
avg_pull_request_review_exclude_opener_count                 float64      5                 2.31                  2.1                  2.1                  2.1                2.625                2.625   0.287554
clustering_coefficient                                       float64     17             0.022352                  0.0               0.0075             0.016451             0.030639             0.087738   0.022772

