File: drive/output/derived/org_outcomes_practices/repo_discussion_quality/all/rolling5/convertapi___convertapi-library-python.parquet

MD5 hash: be6c14310159d4729d7adfcd0e459195

Keys: time_period 

                                                         type  count                           mean                  min                  25%                  50%                  75%                  max        std
time_period                                    datetime64[ns]     14  2021-09-30 20:34:17.142857216  2018-07-01 00:00:00  2020-02-15 12:00:00  2021-10-01 00:00:00  2023-05-16 18:00:00  2025-01-01 00:00:00           
response_rate                                         float64     13                       0.662993             0.529412                 0.64             0.657143             0.722222             0.766667   0.070777
mean_days_to_respond                                  float64     13                      65.858286             8.266276            18.838619            33.882834            64.449382           224.853056   70.86943
pos_sentiment_avg                                     float64     13                       0.048238             0.025769             0.035678             0.054168             0.060224             0.066772   0.014535
neg_sentiment_avg                                     float64     13                       0.040164             0.008812             0.039917             0.045089             0.047929             0.055124   0.014869
ov_sentiment_avg                                      float64     13                       0.017164            -0.034149             0.001463             0.016423             0.032579             0.059146   0.028906
response_rate_issue_comment                           float64     13                        0.38497                  0.0             0.315789               0.4375                  0.5             0.695652   0.227409
response_rate_issue_opened                            float64     13                            1.0                  1.0                  1.0                  1.0                  1.0                  1.0        0.0
mean_days_to_respond_issue_opened                     float64     13                      77.886188               8.6136            17.735584            29.081875           120.324715           224.853056  84.837505
mean_days_to_respond_to_last_comment                  float64     13                      75.202241              7.77986            32.165513            48.074371            78.289574           224.853056  68.062554
mean_days_to_respond_issue_comment                    float64     11                      47.571658             3.689361             6.206667             8.574049            44.740891           305.497512  87.997282
issue_comment_pos_sentiment_avg                       float64     13                       0.063425             0.030069              0.05581               0.0665              0.07485             0.087966   0.015576
issue_comment_neg_sentiment_avg                       float64     13                       0.030835                  0.0             0.027056             0.036276              0.03891             0.051007   0.015397
issue_comment_ov_sentiment_avg                        float64     13                       0.036153            -0.033043            -0.002188             0.030189             0.060601                0.125   0.050967
issue_opened_pos_sentiment_avg                        float64     13                       0.049543             0.023689             0.039444             0.045432             0.064531              0.07827   0.017881
issue_opened_neg_sentiment_avg                        float64     13                       0.014275             0.006032             0.008426             0.014283              0.01805               0.0235   0.006451
issue_opened_ov_sentiment_avg                         float64     13                       0.048415             0.008831             0.030674             0.053546             0.066352             0.074389   0.021843
pull_request_opened_pos_sentiment_avg                 float64     13                       0.000256                  0.0                  0.0                  0.0                  0.0             0.003333   0.000925
pull_request_opened_neg_sentiment_avg                 float64     13                        0.12817                  0.0              0.09285              0.12375               0.1328                0.332   0.096835
pull_request_opened_ov_sentiment_avg                  float64     13                      -0.102094            -0.283575             -0.11343            -0.089058            -0.067788                  0.0   0.075346
pull_request_comment_pos_sentiment_avg                float64      5                         0.1155               0.1155               0.1155               0.1155               0.1155               0.1155        0.0
pull_request_comment_neg_sentiment_avg                float64      5                          0.226                0.226                0.226                0.226                0.226                0.226        0.0
pull_request_comment_ov_sentiment_avg                 float64      5                       -0.15415             -0.15415             -0.15415             -0.15415             -0.15415             -0.15415        0.0
pull_request_review_comment_pos_sentiment_avg         float64      5                       0.086875             0.086875             0.086875             0.086875             0.086875             0.086875        0.0
pull_request_review_comment_neg_sentiment_avg         float64      5                        0.03175              0.03175              0.03175              0.03175              0.03175              0.03175        0.0
pull_request_review_comment_ov_sentiment_avg          float64      5                        0.28525              0.28525              0.28525              0.28525              0.28525              0.28525        0.0
pct_merged_with_approved                              float64      7                            0.0                  0.0                  0.0                  0.0                  0.0                  0.0        0.0
pct_merged_with_review                                float64      7                            0.0                  0.0                  0.0                  0.0                  0.0                  0.0        0.0
avg_all_disc_count                                    float64     10                            2.5                  1.0                  1.0                  2.5                  4.0                  4.0   1.581139
avg_pull_request_comment_count                        float64      5                            1.0                  1.0                  1.0                  1.0                  1.0                  1.0        0.0
avg_pull_request_review_count                         float64      5                            2.0                  2.0                  2.0                  2.0                  2.0                  2.0        0.0
avg_pull_request_review_comment_count                 float64      5                            2.0                  2.0                  2.0                  2.0                  2.0                  2.0        0.0
avg_all_disc_exclude_opener_count                     float64      0                                                                                                                                                   
clustering_coefficient                                float64     14                       0.056614                  0.0             0.006634             0.054986             0.085824             0.145246   0.050093

