File: drive/output/derived/org_outcomes_practices/repo_discussion_quality/all/rolling5/costastf___gitwrapperlib.parquet

MD5 hash: 7fca02dc6caa61658de4a3b10d408b6e

Keys: time_period 

                                                                type  count                           mean                  min                  25%                  50%                  75%                  max       std
time_period                                           datetime64[ns]      7  2022-07-01 20:34:17.142857216  2021-01-01 00:00:00  2021-10-01 00:00:00  2022-07-01 00:00:00  2023-04-01 12:00:00  2024-01-01 00:00:00          
response_rate                                                float64      1                       0.384615             0.384615             0.384615             0.384615             0.384615             0.384615          
mean_days_to_respond                                         float64      1                       0.563248             0.563248             0.563248             0.563248             0.563248             0.563248          
pos_sentiment_avg                                            float64      5                       0.114327                  0.0             0.141323             0.141323             0.144495             0.144495  0.063931
neg_sentiment_avg                                            float64      5                       0.194952             0.112316             0.112316             0.113064             0.113064                0.524  0.183944
ov_sentiment_avg                                             float64      5                      -0.038302               -0.296             0.024095             0.024095             0.028149             0.028149  0.144072
response_rate_pull_request_comment                           float64      1                            0.0                  0.0                  0.0                  0.0                  0.0                  0.0          
response_rate_pull_request_opened                            float64      1                            1.0                  1.0                  1.0                  1.0                  1.0                  1.0          
response_rate_pull_request_review_comment                    float64      1                       0.363636             0.363636             0.363636             0.363636             0.363636             0.363636          
mean_days_to_respond_pull_request_opened                     float64      1                       0.013657             0.013657             0.013657             0.013657             0.013657             0.013657          
mean_days_to_respond_pull_request_review_comment             float64      1                       0.700645             0.700645             0.700645             0.700645             0.700645             0.700645          
mean_days_to_respond_to_last_comment                         float64      1                       0.684711             0.684711             0.684711             0.684711             0.684711             0.684711          
pull_request_opened_pos_sentiment_avg                        float64      5                       0.030673                  0.0             0.031333             0.031333              0.04535              0.04535  0.018524
pull_request_opened_neg_sentiment_avg                        float64      5                       0.359293               0.2869               0.2869             0.349333             0.349333                0.524  0.097222
pull_request_opened_ov_sentiment_avg                         float64      5                      -0.099055               -0.296            -0.050533            -0.050533            -0.049105            -0.049105  0.110098
pull_request_comment_pos_sentiment_avg                       float64      4                            1.0                  1.0                  1.0                  1.0                  1.0                  1.0       0.0
pull_request_comment_neg_sentiment_avg                       float64      4                            0.0                  0.0                  0.0                  0.0                  0.0                  0.0       0.0
pull_request_comment_ov_sentiment_avg                        float64      4                         0.5859               0.5859               0.5859               0.5859               0.5859               0.5859       0.0
pull_request_review_comment_pos_sentiment_avg                float64      4                       0.117795             0.117795             0.117795             0.117795             0.117795             0.117795       0.0
pull_request_review_comment_neg_sentiment_avg                float64      4                       0.073644             0.073644             0.073644             0.073644             0.073644             0.073644       0.0
pull_request_review_comment_ov_sentiment_avg                 float64      4                      -0.004445            -0.004445            -0.004445            -0.004445            -0.004445            -0.004445       0.0
pull_request_review_commented_pos_sentiment_avg              float64      4                       0.033333             0.033333             0.033333             0.033333             0.033333             0.033333       0.0
pull_request_review_commented_neg_sentiment_avg              float64      4                          0.032                0.032                0.032                0.032                0.032                0.032       0.0
pull_request_review_commented_ov_sentiment_avg               float64      4                       0.046567             0.046567             0.046567             0.046567             0.046567             0.046567       0.0
pct_merged_with_approved                                     float64      5                            0.0                  0.0                  0.0                  0.0                  0.0                  0.0       0.0
pct_merged_with_review                                       float64      5                       0.233333                  0.0                 0.25                 0.25             0.333333             0.333333  0.136931
avg_pull_request_comment_count                               float64      6                            1.0                  1.0                  1.0                  1.0                  1.0                  1.0       0.0
avg_all_disc_count                                           float64      6                       9.333333                  1.0                  3.5                 11.0                 11.0                 21.0  7.527727
avg_pull_request_review_count                                float64      4                          5.625                  4.5                  4.5                  4.5                5.625                  9.0      2.25
avg_pull_request_review_comment_count                        float64      4                          6.875                  5.5                  5.5                  5.5                6.875                 11.0      2.75
avg_all_disc_exclude_opener_count                            float64      4                           13.0                 13.0                 13.0                 13.0                 13.0                 13.0       0.0
avg_pull_request_comment_exclude_opener_count                float64      4                            1.0                  1.0                  1.0                  1.0                  1.0                  1.0       0.0
avg_pull_request_review_exclude_opener_count                 float64      4                            5.0                  5.0                  5.0                  5.0                  5.0                  5.0       0.0
avg_pull_request_review_comment_exclude_opener_count         float64      4                            7.0                  7.0                  7.0                  7.0                  7.0                  7.0       0.0
clustering_coefficient                                       float64      5                            0.0                  0.0                  0.0                  0.0                  0.0                  0.0       0.0

