File: drive/output/derived/org_outcomes_practices/repo_discussion_quality/all/rolling5/cybersource___cybersource-rest-client-python.parquet

MD5 hash: 7a01283d0049e74a69d1814676d13913

Keys: time_period 

                                                                type  count                           mean                  min                  25%                  50%                  75%                  max         std
time_period                                           datetime64[ns]     13  2021-12-31 05:32:18.461538560  2019-01-01 00:00:00  2020-07-01 00:00:00  2022-01-01 00:00:00  2023-07-01 00:00:00  2025-01-01 00:00:00            
response_rate                                                float64     12                       0.583562             0.181818             0.541667             0.643182             0.673852                  0.7    0.146972
mean_days_to_respond                                         float64     12                     194.980862            75.884144           115.312675           130.794143           222.368684           490.594815  134.259905
pos_sentiment_avg                                            float64     13                       0.043163             0.019452             0.036638             0.045631             0.048324             0.062047    0.012092
neg_sentiment_avg                                            float64     13                       0.232265             0.146279             0.188922             0.227976             0.297649             0.336016    0.062247
ov_sentiment_avg                                             float64     13                      -0.093859            -0.168565            -0.142433            -0.073323            -0.063449            -0.020334    0.046519
response_rate_issue_comment                                  float64     12                         0.6269             0.333333              0.45202             0.564394             0.861607                  1.0    0.242068
response_rate_issue_opened                                   float64     12                            1.0                  1.0                  1.0                  1.0                  1.0                  1.0         0.0
response_rate_pull_request_opened                            float64     12                       0.495602                  0.0               0.1875                 0.55              0.78125                  1.0     0.37135
response_rate_pull_request_comment                           float64      8                       0.514301                 0.25             0.285714             0.513158             0.616667                  1.0    0.251047
response_rate_pull_request_review_comment                    float64      6                       0.429487             0.076923                  0.5                  0.5                  0.5                  0.5     0.17272
mean_days_to_respond_issue_comment                           float64     12                     458.823357            61.532341           139.427933           163.178448           458.195784          1691.031273  592.933335
mean_days_to_respond_issue_opened                            float64     12                     207.440367            90.449329           177.851792           228.744595            260.56983           301.259664   74.422515
mean_days_to_respond_to_last_comment                         float64     12                      240.60872            72.051731            88.309849           163.219231            363.30956           649.648588  195.894304
mean_days_to_respond_pull_request_opened                     float64      9                       81.09954             4.292222             6.026956           103.906238           118.898689           156.233478   59.137436
mean_days_to_respond_pull_request_comment                    float64      8                      99.215958            52.646134            71.330108            83.695393           124.416748           182.481493   42.140044
mean_days_to_respond_pull_request_review_comment             float64      6                       0.778967             0.014242             0.014242             0.014242             0.014242             4.602593    1.873186
issue_comment_pos_sentiment_avg                              float64     13                       0.058855             0.000815             0.013258             0.080255             0.100047             0.118045    0.046338
issue_comment_neg_sentiment_avg                              float64     13                       0.033938                  0.0             0.028318             0.029641             0.042056             0.054071    0.014107
issue_comment_ov_sentiment_avg                               float64     13                       0.062216            -0.073798            -0.050268             0.115259             0.142082               0.2423    0.112824
issue_opened_pos_sentiment_avg                               float64     13                       0.061509             0.030917             0.045115             0.059364             0.065315             0.111871    0.021763
issue_opened_neg_sentiment_avg                               float64     13                       0.021458                  0.0             0.017667             0.019896             0.030561             0.041583    0.012643
issue_opened_ov_sentiment_avg                                float64     13                       0.001512            -0.093969               -0.041             0.013663             0.036599             0.093269    0.054626
pull_request_opened_pos_sentiment_avg                        float64     13                       0.006348                  0.0             0.005155             0.007042             0.008402             0.014433    0.004365
pull_request_opened_neg_sentiment_avg                        float64     13                       0.404011             0.216067             0.373861             0.386682             0.457033             0.494889    0.076207
pull_request_opened_ov_sentiment_avg                         float64     13                       -0.22911             -0.28703              -0.2664            -0.224961            -0.211032            -0.119867    0.043524
pull_request_comment_pos_sentiment_avg                       float64      9                       0.113273                  0.0             0.090321             0.115313               0.1528               0.1979    0.055528
pull_request_comment_neg_sentiment_avg                       float64      9                       0.006927                  0.0                  0.0             0.009347             0.011683             0.015578    0.006897
pull_request_comment_ov_sentiment_avg                        float64      9                        0.12435                  0.0             0.087869             0.123635             0.177285              0.23504    0.067914
pull_request_review_comment_pos_sentiment_avg                float64      6                            0.0                  0.0                  0.0                  0.0                  0.0                  0.0         0.0
pull_request_review_comment_neg_sentiment_avg                float64      6                       0.001856                  0.0                  0.0                  0.0                  0.0             0.011133    0.004545
pull_request_review_comment_ov_sentiment_avg                 float64      6                      -0.002248            -0.013487                  0.0                  0.0                  0.0                  0.0    0.005506
pull_request_review_approved_pos_sentiment_avg               float64      7                       0.620714                0.469                0.469                0.469               0.7345                  1.0    0.259101
pull_request_review_approved_neg_sentiment_avg               float64      7                            0.0                  0.0                  0.0                  0.0                  0.0                  0.0         0.0
pull_request_review_approved_ov_sentiment_avg                float64      7                       0.583714               0.4215              0.53505               0.6486               0.6486               0.6486    0.110813
pct_merged_with_approved                                     float64     10                       0.048249                  0.0             0.009259             0.043478              0.06087             0.171429    0.051113
pct_merged_with_review                                       float64     10                       0.051106                  0.0             0.009259             0.043478              0.06087                  0.2     0.05896
avg_all_disc_count                                           float64     11                       2.374623                  1.0             1.944444             2.714286             2.857143             3.454545    0.776157
avg_pull_request_comment_count                               float64      9                       1.492104             0.714286                 1.25             1.714286             1.777778             1.909091    0.422719
avg_pull_request_review_count                                float64     10                       0.932179             0.444444             0.607143             0.766234             0.964286             2.090909    0.538126
avg_pull_request_review_comment_count                        float64      6                       0.561688             0.285714             0.305195             0.431818             0.553571             1.363636    0.409529
avg_all_disc_exclude_opener_count                            float64     11                        2.04697                  1.0             1.708333             2.166667                2.375                  3.3    0.639263
avg_pull_request_comment_exclude_opener_count                float64      9                       1.198148             0.666667             1.166667                 1.25             1.333333             1.416667    0.235915
avg_pull_request_review_exclude_opener_count                 float64     10                       0.926667                  0.5             0.666667             0.683333                 0.95                  2.1     0.53375
avg_pull_request_review_comment_exclude_opener_count         float64      6                       0.411111             0.166667                0.175             0.266667             0.383333                  1.2    0.398144
clustering_coefficient                                       float64     13                       0.020451                  0.0                  0.0             0.009712             0.031888             0.079086    0.025581

