File: drive/output/derived/org_outcomes_practices/repo_discussion_quality/all/rolling5/dajiaji___pyhpke.parquet

MD5 hash: eea281b94aa3161c346220c01941a784

Keys: time_period 

                                                                type  count                 mean                  min                  25%                  50%                  75%                  max         std
time_period                                           datetime64[ns]      6  2023-10-01 08:00:00  2022-07-01 00:00:00  2023-02-15 06:00:00  2023-10-01 00:00:00  2024-05-16 12:00:00  2025-01-01 00:00:00            
response_rate                                                float64      6             0.351214             0.291667              0.32731             0.347621             0.379963             0.409091    0.042868
mean_days_to_respond                                         float64      6            35.229465             3.590876            17.271079              20.5712             55.20138            83.727701   32.014417
pos_sentiment_avg                                            float64      6             0.029014             0.004039             0.011693             0.037944             0.043046              0.04647    0.019729
neg_sentiment_avg                                            float64      6             0.140378             0.094817             0.117524             0.120935             0.145505             0.235499     0.05016
ov_sentiment_avg                                             float64      6            -0.056422            -0.124861            -0.067612            -0.038426            -0.035806            -0.024547    0.037921
response_rate_issue_opened                                   float64      6                  1.0                  1.0                  1.0                  1.0                  1.0                  1.0         0.0
response_rate_pull_request_comment                           float64      6             0.093188             0.057143             0.075311             0.090892             0.108934             0.135135    0.028256
response_rate_pull_request_opened                            float64      6                  1.0                  1.0                  1.0                  1.0                  1.0                  1.0         0.0
response_rate_issue_comment                                  float64      5             0.366434                  0.0             0.454545             0.454545             0.461538             0.461538    0.204872
response_rate_pull_request_review_comment                    float64      4                  0.0                  0.0                  0.0                  0.0                  0.0                  0.0         0.0
mean_days_to_respond_issue_opened                            float64      6           161.651932             1.378067           110.518363              123.755           216.182011            367.92636  127.653671
mean_days_to_respond_pull_request_comment                    float64      6             26.68027             1.004757            17.076196            18.365382            18.365382            87.334248   30.483524
mean_days_to_respond_pull_request_opened                     float64      6              1.07949             0.016346             0.520947             0.671819             1.566201             2.781971    1.031934
mean_days_to_respond_to_last_comment                         float64      6            29.495459             4.629963             4.980468             6.117757            55.363093            83.727701   37.555358
mean_days_to_respond_issue_comment                           float64      4             0.569453             0.563796             0.563796             0.569453             0.575109             0.575109    0.006531
issue_opened_pos_sentiment_avg                               float64      5               0.1049                0.046             0.106333             0.106333             0.132917             0.132917    0.035508
issue_opened_neg_sentiment_avg                               float64      5              0.05909                  0.0             0.072625             0.072625               0.0751               0.0751    0.033055
issue_opened_ov_sentiment_avg                                float64      5              0.08051             0.054535             0.054535             0.096502             0.096502             0.100475    0.023767
pull_request_comment_pos_sentiment_avg                       float64      6             0.025869             0.003997              0.01133             0.032465             0.037248             0.043157     0.01698
pull_request_comment_neg_sentiment_avg                       float64      6             0.005087                  0.0             0.001445             0.006432             0.008048             0.009285    0.004114
pull_request_comment_ov_sentiment_avg                        float64      6             0.019059             0.010909             0.014313             0.018565             0.023014             0.028924    0.006801
pull_request_opened_pos_sentiment_avg                        float64      6             0.004195             0.002124             0.002799             0.004042             0.004734             0.007609    0.001978
pull_request_opened_neg_sentiment_avg                        float64      6             0.436722             0.418534             0.421627             0.429524             0.450138             0.466749    0.019952
pull_request_opened_ov_sentiment_avg                         float64      6             -0.24383            -0.260546            -0.250971             -0.24034            -0.235239            -0.233701    0.010995
issue_comment_pos_sentiment_avg                              float64      5             0.117561                  0.0             0.144359             0.144359             0.149544             0.149544     0.06577
issue_comment_neg_sentiment_avg                              float64      5              0.04591                  0.0             0.053289             0.053289             0.061487             0.061487     0.02599
issue_comment_ov_sentiment_avg                               float64      5             0.042971                  0.0             0.041344             0.041344             0.066084             0.066084     0.02702
pull_request_review_comment_pos_sentiment_avg                float64      4                  0.1                  0.1                  0.1                  0.1                  0.1                  0.1         0.0
pull_request_review_comment_neg_sentiment_avg                float64      4                  0.0                  0.0                  0.0                  0.0                  0.0                  0.0         0.0
pull_request_review_comment_ov_sentiment_avg                 float64      4               0.1806               0.1806               0.1806               0.1806               0.1806               0.1806         0.0
pct_merged_with_approved                                     float64      6             0.010749                  0.0             0.003049              0.01356             0.017245             0.019355    0.008689
pct_merged_with_review                                       float64      6             0.010749                  0.0             0.003049              0.01356             0.017245             0.019355    0.008689
avg_pull_request_comment_count                               float64      6             1.100463             1.022222             1.067257             1.112157             1.131003             1.166667    0.053128
avg_all_disc_count                                           float64      6             1.127907             1.022222             1.075131              1.14823             1.172094             1.217949    0.074823
avg_pull_request_review_count                                float64      4             0.031383             0.023622             0.029101             0.031724             0.034006             0.038462    0.006106
avg_pull_request_review_comment_count                        float64      4             0.009783             0.007874             0.008066              0.00922             0.010937             0.012821    0.002301
avg_pull_request_comment_exclude_opener_count                float64      6             1.041345                  1.0             1.011574             1.054012             1.064498             1.074627    0.033305
avg_all_disc_exclude_opener_count                            float64      6             1.073487                  1.0             1.020833             1.097222              1.11189             1.134328    0.059177
avg_pull_request_review_exclude_opener_count                 float64      4             0.036744             0.027778             0.034722              0.03721             0.039231             0.044776    0.006962
avg_pull_request_review_comment_exclude_opener_count         float64      4             0.011469             0.009259             0.009324             0.010846             0.012991             0.014925    0.002715
clustering_coefficient                                       float64      6             0.137478                  0.0             0.028547             0.142025             0.198709             0.332495    0.128408

