File: drive/output/derived/org_outcomes_practices/repo_discussion_quality/all/rolling5/danhper___python-i18n.parquet

MD5 hash: 4ee22b84419fd4518b66357b1dcc35a0

Keys: time_period 

                                                          type  count                           mean                  min                  25%                  50%                  75%                  max         std
time_period                                     datetime64[ns]     21  2019-12-31 17:08:34.285714176  2015-01-01 00:00:00  2017-07-01 00:00:00  2020-01-01 00:00:00  2022-07-01 00:00:00  2025-01-01 00:00:00            
response_rate                                          float64     16                       0.713512             0.590909             0.647629             0.666667             0.694976                  1.0    0.131895
mean_days_to_respond                                   float64     16                     159.148803            55.679813            61.686606            83.952816           233.540225           454.261716  134.345607
pos_sentiment_avg                                      float64     17                       0.140736             0.010233             0.083008             0.155294             0.195296             0.245987    0.073378
neg_sentiment_avg                                      float64     17                       0.061593             0.007044              0.02269              0.06951             0.083473             0.145907    0.036887
ov_sentiment_avg                                       float64     17                       0.082795            -0.174515             0.066366             0.105047              0.14145             0.196508    0.100138
response_rate_issue_comment                            float64     16                       0.624931                  0.5                  0.5             0.535897             0.595238                  1.0    0.190847
response_rate_issue_opened                             float64     16                            1.0                  1.0                  1.0                  1.0                  1.0                  1.0         0.0
response_rate_pull_request_comment                     float64     13                       0.266012                  0.0                  0.0                  0.0             0.583333                  0.7    0.311023
response_rate_pull_request_opened                      float64     13                           0.85                  0.0                  0.8                  1.0                  1.0                  1.0    0.297209
mean_days_to_respond_issue_comment                     float64     16                     307.975424            95.527647           129.968359           182.906409           501.280756           816.977323  246.835532
mean_days_to_respond_issue_opened                      float64     16                       8.845417             0.049363             2.548802             3.884222            10.997104            30.381231   11.078385
mean_days_to_respond_to_last_comment                   float64     16                     347.789994            93.870446           106.318207           119.105917           435.001947           1143.84316    368.2697
mean_days_to_respond_pull_request_opened               float64     12                       59.80614             0.008495            21.593216             40.30139            65.672677           288.179988   78.424483
mean_days_to_respond_pull_request_comment              float64      6                      31.469396            30.295981            31.407637            31.407637            31.407637            32.889846    0.825813
issue_comment_pos_sentiment_avg                        float64     17                       0.123199                  0.0             0.066416             0.098767             0.203583              0.25625    0.071826
issue_comment_neg_sentiment_avg                        float64     17                       0.035449                  0.0                  0.0             0.030263             0.039721             0.142567    0.038243
issue_comment_ov_sentiment_avg                         float64     17                       0.096262            -0.293953             0.069528             0.087938             0.243681              0.25735    0.145485
issue_opened_pos_sentiment_avg                         float64     17                       0.077882                  0.0                0.048              0.06936             0.090659             0.166667    0.045426
issue_opened_neg_sentiment_avg                         float64     17                        0.03301                  0.0             0.030167              0.03454              0.04175             0.047067    0.011418
issue_opened_ov_sentiment_avg                          float64     17                       0.035535             -0.02307                  0.0             0.050531             0.060514             0.104856     0.03873
pull_request_comment_pos_sentiment_avg                 float64     13                       0.438856                  0.0             0.216604             0.470225             0.705375             0.735333    0.255928
pull_request_comment_neg_sentiment_avg                 float64     13                       0.024416                  0.0                  0.0             0.024158             0.043363             0.060917     0.02237
pull_request_comment_ov_sentiment_avg                  float64     13                       0.301381                  0.0             0.238195             0.309766               0.3612             0.530733    0.132776
pull_request_opened_pos_sentiment_avg                  float64     15                       0.021685                  0.0                  0.0               0.0055             0.048083             0.064667    0.027264
pull_request_opened_neg_sentiment_avg                  float64     15                       0.297701              0.02275             0.184312              0.27125               0.4716                0.524    0.181614
pull_request_opened_ov_sentiment_avg                   float64     15                      -0.151616               -0.296            -0.267175            -0.171817            -0.028949             0.037735    0.131073
pull_request_review_approved_pos_sentiment_avg         float64      4                          0.492                0.492                0.492                0.492                0.492                0.492         0.0
pull_request_review_approved_neg_sentiment_avg         float64      4                            0.0                  0.0                  0.0                  0.0                  0.0                  0.0         0.0
pull_request_review_approved_ov_sentiment_avg          float64      4                         0.4404               0.4404               0.4404               0.4404               0.4404               0.4404         0.0
pct_merged_with_approved                               float64      5                            0.0                  0.0                  0.0                  0.0                  0.0                  0.0         0.0
pct_merged_with_review                                 float64      5                            0.0                  0.0                  0.0                  0.0                  0.0                  0.0         0.0
avg_all_disc_count                                     float64     13                       1.634249                  1.0                  1.0                  1.2             2.333333                 2.75     0.74901
avg_pull_request_comment_count                         float64     13                       1.535531                  0.5                  1.0                  1.2             2.333333                  2.6    0.724174
avg_pull_request_review_count                          float64      4                       0.320833                  0.2               0.2375             0.291667                0.375                  0.5    0.131498
avg_all_disc_exclude_opener_count                      float64     13                       1.313553                  1.0                  1.0                  1.0             1.666667                  2.0    0.399082
avg_pull_request_comment_exclude_opener_count          float64     13                       1.214835                  0.5                  1.0                  1.0                  1.6                  1.8    0.386055
avg_pull_request_review_exclude_opener_count           float64      4                       0.320833                  0.2               0.2375             0.291667                0.375                  0.5    0.131498
clustering_coefficient                                 float64     21                       0.006994                  0.0                  0.0                  0.0                  0.0             0.041176    0.014862

