File: drive/output/derived/org_outcomes_practices/repo_discussion_quality/all/rolling5/datapythonista___mnist.parquet

MD5 hash: 7928f3daf37cd4b8f3a5fc6c456c4bde

Keys: time_period 

                                                                type  count                 mean                  min                  25%                  50%                  75%                  max        std
time_period                                           datetime64[ns]      9  2020-04-11 02:40:00  2017-07-01 00:00:00  2018-07-01 00:00:00  2019-07-01 00:00:00  2020-07-01 00:00:00  2025-01-01 00:00:00           
response_rate                                                float64      4             0.242364                  0.0               0.1875             0.278846              0.33371             0.411765   0.174893
mean_days_to_respond                                         float64      3            31.596178             0.000984            17.912518            35.824053            47.393775            58.963498  29.707755
pos_sentiment_avg                                            float64      5             0.122724                  0.0             0.134522             0.140636             0.162462                0.176   0.070602
neg_sentiment_avg                                            float64      5             0.158131                  0.0             0.161167             0.189077             0.213455             0.226957   0.091883
ov_sentiment_avg                                             float64      5             0.042282                  0.0             0.024509             0.039077             0.059115             0.088708   0.033737
response_rate_pull_request_comment                           float64      3             0.142857                  0.0                  0.0                  0.0             0.214286             0.428571   0.247436
response_rate_pull_request_opened                            float64      4             0.483333                  0.0                 0.45             0.633333             0.666667             0.666667   0.323751
response_rate_pull_request_review_comment                    float64      3                  0.0                  0.0                  0.0                  0.0                  0.0                  0.0        0.0
mean_days_to_respond_pull_request_opened                     float64      3            39.309327             0.000984            29.482241            58.963498            58.963498            58.963498  34.042024
mean_days_to_respond_to_last_comment                         float64      3            19.657378             0.000984             0.004317              0.00765            29.485574            58.963498  34.040099
mean_days_to_respond_pull_request_comment                    float64      1             4.971458             4.971458             4.971458             4.971458             4.971458             4.971458           
pull_request_comment_pos_sentiment_avg                       float64      4             0.312048             0.285429             0.285429             0.312048             0.338667             0.338667   0.030737
pull_request_comment_neg_sentiment_avg                       float64      4             0.034667             0.034333             0.034333             0.034667                0.035                0.035   0.000385
pull_request_comment_ov_sentiment_avg                        float64      4             0.322419             0.320971             0.320971             0.322419             0.323867             0.323867   0.001672
pull_request_opened_pos_sentiment_avg                        float64      5                  0.0                  0.0                  0.0                  0.0                  0.0                  0.0        0.0
pull_request_opened_neg_sentiment_avg                        float64      5             0.287565                  0.0               0.3144             0.349333             0.381091                0.393   0.163625
pull_request_opened_ov_sentiment_avg                         float64      5            -0.162441               -0.222            -0.215273            -0.197333              -0.1776                  0.0   0.092429
pull_request_review_comment_pos_sentiment_avg                float64      4                0.274                0.274                0.274                0.274                0.274                0.274        0.0
pull_request_review_comment_neg_sentiment_avg                float64      4              0.06475              0.06475              0.06475              0.06475              0.06475              0.06475        0.0
pull_request_review_comment_ov_sentiment_avg                 float64      4             0.245225             0.245225             0.245225             0.245225             0.245225             0.245225        0.0
pct_merged_with_approved                                     float64      0                                                                                                                                         
pct_merged_with_review                                       float64      0                                                                                                                                         
avg_pull_request_comment_count                               float64      4             0.883333                  0.6                  0.6             0.883333             1.166667             1.166667   0.327165
avg_pull_request_review_comment_count                        float64      4             0.733333             0.666667             0.666667             0.733333                  0.8                  0.8    0.07698
avg_all_disc_count                                           float64      5             1.493333                  1.0                  1.4                  1.4             1.833333             1.833333   0.350714
avg_pull_request_review_count                                float64      1                  1.0                  1.0                  1.0                  1.0                  1.0                  1.0           
avg_pull_request_comment_exclude_opener_count                float64      4                  0.8                  0.6                  0.6                  0.8                  1.0                  1.0    0.23094
avg_pull_request_review_comment_exclude_opener_count         float64      4             0.733333             0.666667             0.666667             0.733333                  0.8                  0.8    0.07698
avg_all_disc_exclude_opener_count                            float64      5             1.426667                  1.0                  1.4                  1.4             1.666667             1.666667   0.273252
avg_pull_request_review_exclude_opener_count                 float64      1                  1.0                  1.0                  1.0                  1.0                  1.0                  1.0           
clustering_coefficient                                       float64      9             0.193738                  0.0                  0.0              0.16124              0.16124             0.629961   0.258333

