File: drive/output/derived/org_outcomes_practices/repo_discussion_quality/all/rolling5/debops___debops-tools.parquet

MD5 hash: 5812271e2a4ccd7f69d8badf057305e2

Keys: time_period 

                                                                type  count                 mean                  min                  25%                  50%                  75%                  max       std
time_period                                           datetime64[ns]      8  2018-04-01 12:00:00  2016-07-01 00:00:00  2017-05-16 18:00:00  2018-04-01 12:00:00  2019-02-15 06:00:00  2020-01-01 00:00:00          
response_rate                                                float64      4             0.648231                  0.6             0.623684             0.639319             0.663866             0.714286  0.048194
mean_days_to_respond                                         float64      4             0.945029             0.526199             0.622615             0.888235              1.21065             1.477447  0.437556
pos_sentiment_avg                                            float64      4             0.107106              0.09902             0.100434             0.107415             0.114088             0.114576  0.008289
neg_sentiment_avg                                            float64      4             0.118659             0.101757             0.106417             0.111276             0.123518             0.150325  0.021751
ov_sentiment_avg                                             float64      4             0.048524             0.037763             0.039959             0.048233             0.056799             0.059868  0.010931
response_rate_pull_request_comment                           float64      4             0.547059                  0.5                  0.5             0.544118             0.591176                  0.6  0.054551
response_rate_pull_request_opened                            float64      4             0.831349             0.714286             0.761905             0.805556                0.875                  1.0  0.122503
response_rate_pull_request_review_comment                    float64      3             0.638889                0.625                0.625                0.625             0.645833             0.666667  0.024056
mean_days_to_respond_pull_request_comment                    float64      4             0.891245             0.258804             0.325835             0.348178             0.913589             2.609821  1.146491
mean_days_to_respond_pull_request_opened                     float64      4             1.430847              0.89703             1.128108             1.205134             1.507873             2.416088  0.672694
mean_days_to_respond_to_last_comment                         float64      4             1.087721             0.386047             0.413102             0.455573             1.130192              3.05369   1.31134
mean_days_to_respond_pull_request_review_comment             float64      3             0.031936             0.025285             0.025285             0.025285             0.035261             0.045237   0.01152
pull_request_comment_pos_sentiment_avg                       float64      4             0.242149             0.203448             0.207777             0.213993             0.248365              0.33716  0.063655
pull_request_comment_neg_sentiment_avg                       float64      4             0.032193              0.01924             0.026937             0.034636             0.039891             0.040259  0.009958
pull_request_comment_ov_sentiment_avg                        float64      4              0.23278             0.165977             0.184201             0.203752             0.252332              0.35764  0.085832
pull_request_opened_pos_sentiment_avg                        float64      4              0.03504             0.012455             0.030257             0.037312             0.042094             0.053083  0.016818
pull_request_opened_neg_sentiment_avg                        float64      4             0.188703             0.166647             0.178861             0.189128             0.198971             0.209909  0.018379
pull_request_opened_ov_sentiment_avg                         float64      4            -0.056489            -0.107636            -0.066147            -0.046268            -0.036611            -0.025783  0.035782
pull_request_review_comment_pos_sentiment_avg                float64      3             0.048222             0.021667             0.041583               0.0615               0.0615               0.0615  0.022998
pull_request_review_comment_neg_sentiment_avg                float64      3             0.052111               0.0335               0.0335               0.0335             0.061417             0.089333  0.032235
pull_request_review_comment_ov_sentiment_avg                 float64      3             0.004736            -0.046067            -0.007965             0.030137             0.030137             0.030137  0.043996
avg_pull_request_comment_count                               float64      4             2.144841             1.857143             1.964286             2.111111             2.291667                  2.5  0.280401
avg_all_disc_count                                           float64      4             2.777778                  2.5                  2.5                 2.75             3.027778             3.111111  0.323942
avg_pull_request_review_comment_count                        float64      3             0.843915                  0.5             0.694444             0.888889             1.015873             1.142857   0.32378
avg_pull_request_comment_exclude_opener_count                float64      4             1.222222                  1.0                1.125             1.194444             1.291667                  1.5   0.20787
avg_all_disc_exclude_opener_count                            float64      4             1.623016                  1.5                  1.5             1.607143             1.730159             1.777778  0.144392
avg_pull_request_review_comment_exclude_opener_count         float64      3             0.534392             0.333333             0.444444             0.555556             0.634921             0.714286  0.191356
clustering_coefficient                                       float64      8             0.053243                  0.0                  0.0             0.029805             0.074519             0.187481  0.069485

