File: drive/output/derived/org_outcomes_practices/repo_discussion_quality/all/rolling5/deepmodeling___dpdata.parquet

MD5 hash: 89a354bdebc558df9125d54b20161fed

Keys: time_period 

                                                                   type  count                           mean                  min                  25%                  50%                  75%                  max        std
time_period                                              datetime64[ns]     13  2021-12-31 05:32:18.461538560  2019-01-01 00:00:00  2020-07-01 00:00:00  2022-01-01 00:00:00  2023-07-01 00:00:00  2025-01-01 00:00:00           
response_rate                                                   float64     12                       0.543139             0.472727             0.504548             0.527595             0.575172             0.656546   0.057554
mean_days_to_respond                                            float64     12                      10.491889             0.461627             5.478765             8.384976            15.390154            26.675325   7.734974
pos_sentiment_avg                                               float64     13                       0.059098             0.021143              0.04894             0.063401             0.071411             0.078284   0.016687
neg_sentiment_avg                                               float64     13                       0.132334             0.077264             0.091765             0.098613             0.186685             0.232357   0.054171
ov_sentiment_avg                                                float64     13                      -0.018443            -0.109071            -0.053379             0.003003             0.011496             0.041383   0.045774
response_rate_issue_comment                                     float64     12                        0.55298                  0.0                  0.5             0.583847             0.689286             0.725806   0.201189
response_rate_issue_opened                                      float64     12                            1.0                  1.0                  1.0                  1.0                  1.0                  1.0        0.0
response_rate_pull_request_comment                              float64     12                       0.264758                 0.08             0.220779              0.29008             0.301007             0.440476   0.102292
response_rate_pull_request_opened                               float64     12                       0.911044             0.833333             0.887243             0.913759             0.952658             0.976048   0.044438
response_rate_pull_request_review_comment                       float64     12                       0.185459                  0.0             0.152027             0.237777             0.263112             0.271429     0.1138
mean_days_to_respond_issue_opened                               float64     12                      29.376537             1.011678            10.913752            13.886331            34.668627           126.908594  35.935075
mean_days_to_respond_pull_request_comment                       float64     12                      21.355765             1.191538             1.544505             3.236299            26.935199           103.257664  31.528317
mean_days_to_respond_pull_request_opened                        float64     12                       0.460736             0.089136             0.382023             0.418334             0.586931             0.734719   0.176073
mean_days_to_respond_to_last_comment                            float64     12                      13.669919               0.2046             6.946054            11.033965            21.849685            32.528679  10.092183
mean_days_to_respond_issue_comment                              float64     11                      38.995598             5.778518            23.326834            43.057381            51.521683            68.710675  19.381767
mean_days_to_respond_pull_request_review_comment                float64      9                       1.477554             0.273864             1.215283             1.335306             1.961146             2.396407     0.6449
pull_request_opened_pos_sentiment_avg                           float64     13                       0.038841             0.021143             0.025803             0.040001             0.045647             0.069782   0.014947
pull_request_opened_neg_sentiment_avg                           float64     13                       0.266157             0.193031             0.245679             0.268285             0.285941             0.330468   0.037061
pull_request_opened_ov_sentiment_avg                            float64     13                      -0.107746            -0.150635            -0.127988            -0.114168            -0.105288             0.001939   0.040278
issue_comment_pos_sentiment_avg                                 float64     12                       0.108014                  0.0             0.108886             0.121657             0.127497             0.138548   0.038151
issue_comment_neg_sentiment_avg                                 float64     12                       0.019723                  0.0             0.009245             0.019794             0.032727              0.03558   0.013337
issue_comment_ov_sentiment_avg                                  float64     12                       0.116334                  0.0             0.093955             0.116221             0.134534             0.215298   0.052944
issue_opened_pos_sentiment_avg                                  float64     12                       0.073511             0.044064             0.056033             0.058887             0.072199                0.188    0.03888
issue_opened_neg_sentiment_avg                                  float64     12                       0.030856                  0.0             0.029575             0.033823             0.038287             0.060022   0.016565
issue_opened_ov_sentiment_avg                                   float64     12                       0.074061             0.013667             0.025142             0.032618             0.047726               0.3817    0.10755
pull_request_comment_pos_sentiment_avg                          float64     12                       0.039738                  0.0             0.025239             0.045317             0.049325             0.076013   0.023422
pull_request_comment_neg_sentiment_avg                          float64     12                         0.0172                  0.0              0.00881             0.020504             0.025354              0.03093   0.010341
pull_request_comment_ov_sentiment_avg                           float64     12                       0.023589                  0.0             0.010785             0.025353             0.030579             0.049236   0.015427
pull_request_review_comment_pos_sentiment_avg                   float64     12                       0.106234             0.066783             0.090621             0.100731             0.112583              0.16175   0.030681
pull_request_review_comment_neg_sentiment_avg                   float64     12                       0.027656                  0.0             0.019929             0.032835             0.037911             0.042048   0.014789
pull_request_review_comment_ov_sentiment_avg                    float64     12                       0.119637             0.019045             0.040985             0.061665             0.144884             0.368475    0.12617
pull_request_review_changes_requested_pos_sentiment_avg         float64     10                       0.164068               0.0308             0.154125             0.173183             0.202417             0.284183    0.08176
pull_request_review_changes_requested_neg_sentiment_avg         float64     10                       0.029301                  0.0             0.014167                0.021             0.051431             0.060312   0.024069
pull_request_review_changes_requested_ov_sentiment_avg          float64     10                       0.178039              0.05445             0.127708             0.210984             0.215266             0.284394    0.08326
pull_request_review_approved_pos_sentiment_avg                  float64      9                       0.260978             0.120333               0.2029              0.27825               0.3036                0.361   0.074457
pull_request_review_approved_neg_sentiment_avg                  float64      9                            0.0                  0.0                  0.0                  0.0                  0.0                  0.0        0.0
pull_request_review_approved_ov_sentiment_avg                   float64      9                       0.222915             0.102967             0.186818             0.236821             0.248693               0.3089   0.062837
pull_request_review_commented_pos_sentiment_avg                 float64      8                       0.113416             0.022244             0.081645             0.128531             0.163007             0.167742   0.060388
pull_request_review_commented_neg_sentiment_avg                 float64      8                       0.062998                  0.0             0.049045             0.069932             0.089872             0.090721   0.031801
pull_request_review_commented_ov_sentiment_avg                  float64      8                       0.061373            -0.078079             0.001145             0.065387             0.137254             0.181829   0.095788
pct_merged_with_approved                                        float64     10                       0.551904             0.090909             0.505656             0.644862             0.696243             0.722892   0.223037
pct_merged_with_review                                          float64     10                       0.562596             0.090909             0.513575              0.65894             0.710383             0.736041   0.229081
avg_all_disc_count                                              float64     12                       3.081333             1.153846             2.013074             3.423188               3.8619             4.814516   1.287385
avg_pull_request_comment_count                                  float64     12                       1.362618                  1.0             1.232007             1.324653             1.384298             1.971774   0.268679
avg_pull_request_review_comment_count                           float64     12                       0.718666             0.090909             0.343149             0.818479             0.985867             1.368627   0.446638
avg_pull_request_review_count                                   float64     10                       1.200059             0.142857             1.095386             1.406476             1.508997             1.694444   0.516044
avg_all_disc_exclude_opener_count                               float64     12                       2.584221                 1.12             1.688988             2.767687             3.044264             4.318548   1.060244
avg_pull_request_comment_exclude_opener_count                   float64     12                       1.176076                 0.96               1.0401             1.113308             1.151564             1.774194    0.23961
avg_pull_request_review_comment_exclude_opener_count            float64     12                       0.567265             0.093023             0.278095             0.592464             0.688017              1.21371   0.370885
avg_pull_request_review_exclude_opener_count                    float64     10                       1.009056             0.145833             0.884129             1.166715             1.313492             1.372549   0.440308
clustering_coefficient                                          float64     12                       0.056021             0.022228             0.043704             0.054057             0.060234             0.129415   0.027223

