File: drive/output/derived/org_outcomes_practices/repo_discussion_quality/all/rolling5/delta-io___delta.parquet

MD5 hash: f5820a598317220ad30f14abb9e94126

Keys: time_period 

                                                                   type  count                           mean                  min                  25%                  50%                  75%                  max        std
time_period                                              datetime64[ns]     13  2021-12-31 05:32:18.461538560  2019-01-01 00:00:00  2020-07-01 00:00:00  2022-01-01 00:00:00  2023-07-01 00:00:00  2025-01-01 00:00:00           
response_rate                                                   float64     13                       0.417763             0.209252              0.32893             0.445777             0.508007             0.640449   0.127586
mean_days_to_respond                                            float64     13                      13.446222             1.834583             4.757868            12.587506            21.940904            25.693691   9.056773
pos_sentiment_avg                                               float64     13                       0.105791             0.092089             0.097024             0.104423             0.111617             0.121821   0.009744
neg_sentiment_avg                                               float64     13                        0.04039             0.033739             0.036651             0.038308             0.040272              0.06758   0.008706
ov_sentiment_avg                                                float64     13                       0.095353             0.081599             0.086438             0.099324             0.101919             0.108748   0.009042
response_rate_pull_request_comment                              float64     13                       0.673389             0.590476             0.675841             0.685015                  0.7             0.721429   0.040051
response_rate_pull_request_opened                               float64     13                       0.543851             0.017775             0.242029             0.533557             0.865497                  1.0   0.354539
response_rate_pull_request_review_comment                       float64     13                       0.273266                  0.2             0.258633             0.280702             0.291106             0.296934   0.027172
mean_days_to_respond_pull_request_comment                       float64     13                      20.828491             2.328984             9.399668            17.817168            36.790027             37.83365  13.433157
mean_days_to_respond_pull_request_opened                        float64     13                      21.176347             1.806051            17.819464            21.327777            28.275277            30.275395   8.033089
mean_days_to_respond_pull_request_review_comment                float64     13                        2.71332             1.253492             1.862803             2.097224             3.609713             5.071164    1.23907
mean_days_to_respond_to_last_comment                            float64     13                      20.022964             1.992785             5.260933            14.663981            38.535972             43.63552  16.472219
pull_request_comment_pos_sentiment_avg                          float64     13                       0.158562             0.135077             0.150627             0.157139             0.166901             0.190755   0.013845
pull_request_comment_neg_sentiment_avg                          float64     13                       0.023446             0.012207             0.021281             0.022067             0.027569             0.029483   0.004928
pull_request_comment_ov_sentiment_avg                           float64     13                       0.177602             0.149122             0.157639             0.175023             0.183392             0.260298     0.0283
pull_request_opened_pos_sentiment_avg                           float64     13                       0.052634             0.035689             0.049197             0.052785             0.056102             0.065141   0.007948
pull_request_opened_neg_sentiment_avg                           float64     13                       0.096269             0.072203             0.081856             0.090332             0.096699             0.181612   0.027864
pull_request_opened_ov_sentiment_avg                            float64     13                       0.019529            -0.110227             0.014079             0.036827             0.044007             0.050503   0.042866
pull_request_review_comment_pos_sentiment_avg                   float64     13                       0.082842                  0.0             0.083221             0.088307             0.094741             0.100732   0.025732
pull_request_review_comment_neg_sentiment_avg                   float64     13                       0.034216             0.029482             0.030898             0.032527             0.034813             0.054067   0.006376
pull_request_review_comment_ov_sentiment_avg                    float64     13                       0.063007             -0.02808             0.065326             0.069459              0.07402             0.083215   0.027934
pull_request_review_approved_pos_sentiment_avg                  float64     10                       0.156988             0.131436             0.134428             0.143668             0.159198             0.244556   0.035105
pull_request_review_approved_neg_sentiment_avg                  float64     10                        0.00525                  0.0             0.000531             0.006839             0.008571             0.010962   0.004293
pull_request_review_approved_ov_sentiment_avg                   float64     10                        0.12559             0.104473              0.11233             0.123401             0.134603             0.164789   0.017824
pull_request_review_changes_requested_pos_sentiment_avg         float64     10                       0.187775             0.070833             0.176184              0.20449             0.212281             0.266017   0.053346
pull_request_review_changes_requested_neg_sentiment_avg         float64     10                       0.020927                  0.0             0.017187             0.020424             0.026207             0.052517    0.01503
pull_request_review_changes_requested_ov_sentiment_avg          float64     10                       0.179536              0.12765             0.143947             0.182172              0.20246              0.25129    0.04058
pull_request_review_commented_pos_sentiment_avg                 float64     10                       0.216373             0.141375             0.157019             0.173724             0.248127               0.4325   0.095674
pull_request_review_commented_neg_sentiment_avg                 float64     10                       0.019665                  0.0             0.004641             0.025043             0.029937             0.037326   0.014471
pull_request_review_commented_ov_sentiment_avg                  float64     10                       0.195596             0.134944             0.140249             0.156636             0.206675               0.4384   0.095057
pct_merged_with_approved                                        float64      7                       0.842674                 0.75             0.781746             0.879121             0.898597             0.908911   0.068334
pct_merged_with_review                                          float64      7                       0.952101             0.919906              0.92889             0.942574             0.972222                  1.0   0.033925
avg_pull_request_comment_count                                  float64     13                       1.883181             0.087875             1.209239              2.29703             2.642384             2.872807   0.995519
avg_pull_request_review_comment_count                           float64     13                       3.951898             0.681818             3.565854             3.907975             4.714171             5.136273   1.177737
avg_all_disc_count                                              float64     13                       8.425134             3.136364             6.682353             8.981646              9.76409            12.140394    2.59396
avg_pull_request_review_count                                   float64     10                       3.367071             0.335294             1.955501             4.350849             4.683021             4.901804   1.775947
avg_pull_request_comment_exclude_opener_count                   float64     13                       1.196724               0.0437             0.670391             1.398714             1.801242             1.837209   0.679962
avg_pull_request_review_comment_exclude_opener_count            float64     13                       2.577096                  0.5             2.459184             2.485531             2.974569             3.337629   0.709157
avg_all_disc_exclude_opener_count                               float64     13                       5.429875             2.318182             4.440994              5.65891             6.170632             7.706186   1.485483
avg_pull_request_review_exclude_opener_count                    float64     10                       2.152873             0.173913             1.251806             2.805709             2.979346             3.088843   1.139741
clustering_coefficient                                          float64     13                       0.022148             0.005304             0.015651             0.018702             0.021773             0.082664   0.019068

