File: drive/output/derived/org_outcomes_practices/repo_discussion_quality/all/rolling5/descope___python-sdk.parquet

MD5 hash: 049764d13fb18df968a24568758a811c

Keys: time_period 

                                                                   type  count                 mean                  min                  25%                  50%                  75%                  max       std
time_period                                              datetime64[ns]      6  2023-10-01 08:00:00  2022-07-01 00:00:00  2023-02-15 06:00:00  2023-10-01 00:00:00  2024-05-16 12:00:00  2025-01-01 00:00:00          
response_rate                                                   float64      6             0.586906             0.518519             0.572235              0.59017             0.604149              0.64751  0.043029
mean_days_to_respond                                            float64      6             1.144652             0.089213             1.106662             1.258209             1.386913             1.776318    0.5695
pos_sentiment_avg                                               float64      6             0.111684             0.105725             0.109543             0.112529             0.114113             0.116131  0.003836
neg_sentiment_avg                                               float64      6             0.062954               0.0454              0.05952             0.060551             0.065112             0.085416  0.013035
ov_sentiment_avg                                                float64      6             0.092519             0.064062              0.09141             0.096327             0.099222             0.108438  0.015193
response_rate_pull_request_comment                              float64      6             0.323381             0.227273             0.311411             0.334212             0.360565             0.371429  0.053254
response_rate_pull_request_opened                               float64      6              0.92947             0.908537             0.925693             0.931733             0.934328             0.945946  0.012505
response_rate_pull_request_review_comment                       float64      6             0.202592             0.147059             0.188241             0.196968             0.217182             0.265306  0.039537
response_rate_issue_comment                                     float64      2             0.633333                  0.6             0.616667             0.633333                 0.65             0.666667   0.04714
response_rate_issue_opened                                      float64      2                  1.0                  1.0                  1.0                  1.0                  1.0                  1.0       0.0
mean_days_to_respond_pull_request_comment                       float64      6             2.198815             0.151697             2.012714             2.012714             2.012714              4.99034  1.557038
mean_days_to_respond_pull_request_opened                        float64      6             1.208742             0.067185             1.144555             1.264864             1.453093             2.035247   0.64761
mean_days_to_respond_pull_request_review_comment                float64      6             0.269208             0.110065             0.255402             0.293265             0.300901             0.372424  0.088124
mean_days_to_respond_to_last_comment                            float64      6             1.249779             0.106206             1.193434             1.329326             1.507145             2.019261  0.636062
mean_days_to_respond_issue_comment                              float64      2             0.049518             0.039961              0.04474             0.049518             0.054296             0.059074  0.013515
mean_days_to_respond_issue_opened                               float64      2             1.634323             1.093472             1.363898             1.634323             1.904748             2.175174  0.764878
pull_request_comment_pos_sentiment_avg                          float64      6             0.154593             0.148867             0.151318             0.153374             0.158606             0.160961   0.00493
pull_request_comment_neg_sentiment_avg                          float64      6             0.044795             0.039817             0.041115             0.041583             0.042565             0.061937  0.008455
pull_request_comment_ov_sentiment_avg                           float64      6             0.137776             0.089507             0.136397             0.140345             0.144697             0.175229  0.027641
pull_request_opened_pos_sentiment_avg                           float64      6             0.052628              0.04765             0.049208             0.054242             0.055621             0.056023  0.003907
pull_request_opened_neg_sentiment_avg                           float64      6             0.088973             0.057493             0.079043             0.083874             0.091763             0.136769  0.026372
pull_request_opened_ov_sentiment_avg                            float64      6             0.059683             0.008542             0.056756             0.066304             0.070888             0.090959  0.027806
pull_request_review_approved_pos_sentiment_avg                  float64      6             0.427849             0.275875             0.423587             0.451186             0.462077              0.50875  0.080328
pull_request_review_approved_neg_sentiment_avg                  float64      6             0.023883                  0.0             0.013232             0.021171             0.026758              0.06175  0.020993
pull_request_review_approved_ov_sentiment_avg                   float64      6             0.304711             0.274668             0.279041             0.302178             0.326276             0.343604  0.029417
pull_request_review_changes_requested_pos_sentiment_avg         float64      6             0.276833             0.060333               0.2195             0.225917             0.232333                0.697  0.216309
pull_request_review_changes_requested_neg_sentiment_avg         float64      6                0.054                  0.0                0.054                0.063                0.072                0.072  0.027885
pull_request_review_changes_requested_ov_sentiment_avg          float64      6             0.082225               0.0005               0.0074             0.043662             0.079925               0.3182  0.121302
pull_request_review_comment_pos_sentiment_avg                   float64      6             0.078802             0.067227             0.077606             0.079181             0.082577             0.086432  0.006594
pull_request_review_comment_neg_sentiment_avg                   float64      6             0.051265             0.035721             0.049597              0.05074              0.05221             0.068473  0.010433
pull_request_review_comment_ov_sentiment_avg                    float64      6             0.050949             0.045322             0.049575             0.051311             0.051727             0.056889  0.003781
pull_request_review_commented_pos_sentiment_avg                 float64      6             0.464133                0.141              0.50875              0.50875             0.528625               0.5823  0.160878
pull_request_review_commented_neg_sentiment_avg                 float64      6                  0.0                  0.0                  0.0                  0.0                  0.0                  0.0       0.0
pull_request_review_commented_ov_sentiment_avg                  float64      6             0.283984             0.098667             0.241442             0.336994             0.336994              0.38466  0.108114
pull_request_review_dismissed_pos_sentiment_avg                 float64      6             0.445545             0.366929             0.373771             0.440345             0.520239               0.5272  0.080068
pull_request_review_dismissed_neg_sentiment_avg                 float64      6                  0.0                  0.0                  0.0                  0.0                  0.0                  0.0       0.0
pull_request_review_dismissed_ov_sentiment_avg                  float64      6             0.397892             0.247264             0.344468             0.443909              0.45874             0.477267   0.09384
issue_comment_pos_sentiment_avg                                 float64      2             0.070146             0.065903             0.068024             0.070146             0.072267             0.074389  0.006001
issue_comment_neg_sentiment_avg                                 float64      2             0.025333             0.024111             0.024722             0.025333             0.025944             0.026556  0.001728
issue_comment_ov_sentiment_avg                                  float64      2             0.100071             0.073869              0.08697             0.100071             0.113172             0.126272  0.037054
issue_opened_pos_sentiment_avg                                  float64      2             0.041833                0.038             0.039917             0.041833              0.04375             0.045667  0.005421
issue_opened_neg_sentiment_avg                                  float64      2             0.088667             0.044333               0.0665             0.088667             0.110833                0.133  0.062697
issue_opened_ov_sentiment_avg                                   float64      2            -0.008572            -0.117933            -0.063253            -0.008572             0.046108             0.100789   0.15466
pct_merged_with_approved                                        float64      6              0.87906             0.769231             0.872352             0.900276             0.907171             0.932065  0.058084
pct_merged_with_review                                          float64      6             0.895503             0.794872             0.892118             0.915665             0.920665             0.940217  0.052377
avg_pull_request_comment_count                                  float64      6             1.239252             1.092551             1.204059              1.21294             1.255399             1.446429  0.116621
avg_pull_request_review_count                                   float64      6             2.524743             2.152893             2.344581             2.391196             2.476471             3.379233  0.433886
avg_pull_request_review_comment_count                           float64      6             0.413379             0.155756             0.300809              0.34627             0.426665             0.892857  0.253741
avg_all_disc_count                                              float64      6             4.177373              3.72314             3.974901             4.032443              4.48955             4.678571  0.387007
avg_pull_request_comment_exclude_opener_count                   float64      6             1.048602              0.90205             0.991226             1.031816             1.074682             1.259259  0.120384
avg_pull_request_review_exclude_opener_count                    float64      6             2.402429             2.037037             2.090552             2.279417             2.389836             3.364465  0.494583
avg_pull_request_review_comment_exclude_opener_count            float64      6             0.259675             0.111617             0.195544             0.216998             0.269503             0.537037  0.146909
avg_all_disc_exclude_opener_count                               float64      6             3.710705             3.317992             3.554618             3.595576             3.775888             4.378132  0.365861
clustering_coefficient                                          float64      6             0.090866             0.058492             0.077532             0.088266             0.102861             0.128491  0.024456

