File: drive/output/derived/org_outcomes_practices/repo_discussion_quality/all/rolling5/django-haystack___pysolr.parquet

MD5 hash: 1ea5318c1cde268b416051a5c4bd63d8

Keys: time_period 

                                                                type  count                           mean                  min                  25%                  50%                  75%                  max         std
time_period                                           datetime64[ns]     21  2019-12-31 17:08:34.285714176  2015-01-01 00:00:00  2017-07-01 00:00:00  2020-01-01 00:00:00  2022-07-01 00:00:00  2025-01-01 00:00:00            
response_rate                                                float64     21                       0.622724                  0.2             0.652632                  0.7             0.727273             0.846154    0.211586
mean_days_to_respond                                         float64     21                      45.254019             0.128565             1.524561            27.849883            83.107751           150.485796   50.849825
pos_sentiment_avg                                            float64     21                       0.127888             0.088114             0.110499             0.129641             0.144597             0.172339    0.025968
neg_sentiment_avg                                            float64     21                       0.048648             0.021696             0.030678             0.047718             0.062861             0.118688    0.022395
ov_sentiment_avg                                             float64     21                       0.124845              0.04388             0.084213             0.138426             0.161024             0.204096    0.049957
response_rate_pull_request_comment                           float64     21                       0.669572                  0.4             0.555556             0.711111             0.763158             0.811321    0.127004
response_rate_pull_request_opened                            float64     21                        0.79153             0.071429             0.928571                  1.0                  1.0                  1.0    0.364205
response_rate_pull_request_review_comment                    float64     18                       0.194558                  0.0                  0.0             0.272727             0.275078                  0.5    0.155246
mean_days_to_respond_pull_request_comment                    float64     21                      35.644611             0.247512             3.771285            21.559691            59.752462           102.682554    34.70296
mean_days_to_respond_pull_request_opened                     float64     21                       67.15555             0.026313             0.176053            15.913298           127.447017           257.681069   87.402135
mean_days_to_respond_to_last_comment                         float64     21                      85.430842             0.137633             0.649285            23.191946           178.176202           270.814648  101.792155
mean_days_to_respond_pull_request_review_comment             float64     12                       0.087837             0.022658             0.027535             0.027535             0.111461             0.368953    0.101316
pull_request_comment_pos_sentiment_avg                       float64     21                        0.13238             0.009286             0.111865             0.140083             0.172062             0.217946    0.062446
pull_request_comment_neg_sentiment_avg                       float64     21                       0.055677                  0.0             0.026456             0.041054              0.04775                0.175    0.051647
pull_request_comment_ov_sentiment_avg                        float64     21                       0.087479            -0.235342             0.101948             0.132143             0.172125              0.23014    0.143984
pull_request_opened_pos_sentiment_avg                        float64     21                       0.084892             0.023675             0.050344              0.08602             0.112121             0.144509       0.037
pull_request_opened_neg_sentiment_avg                        float64     21                       0.064641             0.009367              0.04958             0.057292             0.077703             0.237375     0.05103
pull_request_opened_ov_sentiment_avg                         float64     21                       0.087458            -0.053119             0.029817             0.110632             0.152499             0.180554    0.074047
pull_request_review_comment_pos_sentiment_avg                float64     18                       0.152689               0.0975              0.10502             0.163577              0.17803                0.292    0.048144
pull_request_review_comment_neg_sentiment_avg                float64     18                       0.036893                  0.0             0.025137             0.041076             0.047933             0.081136    0.018292
pull_request_review_comment_ov_sentiment_avg                 float64     18                       0.180738            -0.023357             0.155536              0.19457              0.20152               0.4391     0.08754
pull_request_review_commented_pos_sentiment_avg              float64      5                       0.095222             0.095222             0.095222             0.095222             0.095222             0.095222         0.0
pull_request_review_commented_neg_sentiment_avg              float64      5                       0.064333             0.064333             0.064333             0.064333             0.064333             0.064333         0.0
pull_request_review_commented_ov_sentiment_avg               float64      5                       0.195033             0.195033             0.195033             0.195033             0.195033             0.195033         0.0
pull_request_review_approved_pos_sentiment_avg               float64      5                       0.514475             0.487458             0.487458             0.487458                0.492                0.618    0.057906
pull_request_review_approved_neg_sentiment_avg               float64      5                        0.00535                  0.0                  0.0             0.008917             0.008917             0.008917    0.004884
pull_request_review_approved_ov_sentiment_avg                float64      5                       0.398547             0.370646             0.370646             0.370646               0.4404               0.4404    0.038206
pct_merged_with_approved                                     float64     10                        0.58378             0.076923             0.299536             0.602339             0.914109             0.947368     0.35791
pct_merged_with_review                                       float64     10                       0.585014             0.076923             0.299536             0.602339             0.919361             0.947368    0.359193
avg_pull_request_comment_count                               float64     21                       2.790039             0.075949             1.371429             3.238095                  4.0             5.208955    1.737672
avg_all_disc_count                                           float64     21                       3.561611              1.43038             2.111111                  4.0             4.652174             5.383333    1.434059
avg_pull_request_review_comment_count                        float64     18                       0.508748             0.026316             0.162761             0.257537             0.931034             1.380952    0.461382
avg_pull_request_review_count                                float64     10                       0.704554                 0.05             0.158553             0.780651             1.217098             1.297872      0.5671
avg_pull_request_comment_exclude_opener_count                float64     21                       2.122116             0.050633             0.939394             1.933333             2.681818             4.929825    1.586704
avg_all_disc_exclude_opener_count                            float64     21                       2.800013             1.333333             1.595745                 2.75             3.347826             5.140351    1.244916
avg_pull_request_review_comment_exclude_opener_count         float64     18                       0.405402             0.027397             0.136161             0.218883              0.72931             1.052632    0.364768
avg_pull_request_review_exclude_opener_count                 float64     10                       0.693859             0.052632             0.165645             0.779248             1.188993             1.255319    0.547154
clustering_coefficient                                       float64     21                       0.039668                  0.0             0.024497             0.032608             0.057905             0.086328    0.027054

