File: drive/output/derived/org_outcomes_practices/repo_discussion_quality/all/rolling5/django-cms___djangocms-text-ckeditor.parquet

MD5 hash: 787d853cc6ba47b44c670e1ce469e0b4

Keys: time_period 

                                                                   type  count                           mean                  min                  25%                  50%                  75%                  max         std
time_period                                              datetime64[ns]     21  2019-12-31 17:08:34.285714176  2015-01-01 00:00:00  2017-07-01 00:00:00  2020-01-01 00:00:00  2022-07-01 00:00:00  2025-01-01 00:00:00            
response_rate                                                   float64     21                       0.711335             0.650685             0.682482             0.691244             0.714286             0.843137    0.051504
mean_days_to_respond                                            float64     21                      76.733314             24.25939            40.175402            54.957266           116.999839           170.613443   50.214075
pos_sentiment_avg                                               float64     21                       0.096806             0.070688             0.084726             0.095058             0.105175              0.12357    0.015524
neg_sentiment_avg                                               float64     21                       0.052782             0.042778             0.050619             0.053829             0.054806             0.060618     0.00444
ov_sentiment_avg                                                float64     21                       0.075429             0.050134             0.067017              0.07694             0.085552             0.093179    0.012817
response_rate_issue_comment                                     float64     21                       0.733038             0.614035             0.686047              0.72103             0.769231             0.883117    0.071928
response_rate_issue_opened                                      float64     21                            1.0                  1.0                  1.0                  1.0                  1.0                  1.0         0.0
response_rate_pull_request_comment                              float64     21                       0.541603                0.375             0.494318             0.539474             0.602041               0.6875    0.084795
response_rate_pull_request_opened                               float64     21                       0.937889             0.809524             0.882353             0.971429             0.989899                  1.0    0.064267
response_rate_pull_request_review_comment                       float64     21                        0.25492                  0.0             0.192308             0.285714             0.342105             0.414634    0.122407
mean_days_to_respond_issue_comment                              float64     21                     100.141788            21.068858            42.276972            57.019771           152.472391           277.020121    84.19625
mean_days_to_respond_issue_opened                               float64     21                     169.904035            16.216882            93.425935           142.601232           220.081142           424.315786  118.948286
mean_days_to_respond_pull_request_comment                       float64     21                      45.272242            10.351177            20.045716            36.010957            63.405837            144.77398    34.16695
mean_days_to_respond_pull_request_opened                        float64     21                      10.323859             0.033104             2.117132             9.092065            17.483239            33.137732    9.808943
mean_days_to_respond_to_last_comment                            float64     21                     141.423909            31.991625              79.4581           106.667464           222.003658           319.820949   94.829636
mean_days_to_respond_pull_request_review_comment                float64     19                      15.589268             0.008352              0.02212             1.095035             9.436576           154.520538   37.235044
issue_comment_pos_sentiment_avg                                 float64     21                       0.114611             0.100121             0.108573             0.112481             0.119735             0.137792    0.010754
issue_comment_neg_sentiment_avg                                 float64     21                       0.031632             0.017618             0.027353             0.033699             0.035475             0.043335    0.007948
issue_comment_ov_sentiment_avg                                  float64     21                       0.112543             0.096914             0.106274             0.110043             0.117561             0.133748    0.009377
issue_opened_pos_sentiment_avg                                  float64     21                       0.066351             0.042714             0.046692             0.060509             0.085874             0.106276    0.020196
issue_opened_neg_sentiment_avg                                  float64     21                       0.031779             0.013783             0.028672             0.033725             0.034794             0.039697    0.006488
issue_opened_ov_sentiment_avg                                   float64     21                       0.052914             0.009791             0.028087             0.050094             0.078592             0.116946    0.031712
pull_request_comment_pos_sentiment_avg                          float64     21                       0.112064                0.047             0.100027             0.119631             0.128941              0.14574    0.024042
pull_request_comment_neg_sentiment_avg                          float64     21                       0.020917              0.00805              0.01653             0.019902             0.026075             0.030335    0.006364
pull_request_comment_ov_sentiment_avg                           float64     21                       0.110817             0.070535             0.095412             0.116984             0.127185             0.142767    0.021206
pull_request_opened_pos_sentiment_avg                           float64     21                       0.034157             0.004667             0.022854             0.036178             0.048574             0.056367    0.015711
pull_request_opened_neg_sentiment_avg                           float64     21                        0.18773             0.088574             0.149401             0.200029             0.216346             0.256176    0.046608
pull_request_opened_ov_sentiment_avg                            float64     21                      -0.065952            -0.140725            -0.106272            -0.072087            -0.032917             0.039155    0.046222
pull_request_review_comment_pos_sentiment_avg                   float64     21                       0.063854                  0.0             0.057212             0.061856             0.067797                0.177    0.030176
pull_request_review_comment_neg_sentiment_avg                   float64     21                       0.041273                  0.0             0.031805             0.038866             0.058641             0.076103    0.022128
pull_request_review_comment_ov_sentiment_avg                    float64     21                       0.054252                  0.0             0.016235             0.031127             0.050591               0.5106    0.106782
pull_request_review_approved_pos_sentiment_avg                  float64     10                       0.341618             0.112889             0.278111             0.368286             0.460955             0.493433    0.140602
pull_request_review_approved_neg_sentiment_avg                  float64     10                       0.021249                  0.0                  0.0             0.008933             0.019143             0.089333    0.031634
pull_request_review_approved_ov_sentiment_avg                   float64     10                        0.22814              0.00775             0.177631             0.264129             0.308094             0.335707    0.112555
pull_request_review_changes_requested_pos_sentiment_avg         float64      9                       0.056609                  0.0                0.058             0.066167             0.074333              0.09925    0.034406
pull_request_review_changes_requested_neg_sentiment_avg         float64      9                       0.121296                  0.0                  0.0             0.087333             0.174667                0.524    0.168807
pull_request_review_changes_requested_ov_sentiment_avg          float64      9                       -0.01223               -0.296               0.0074             0.016458             0.025517              0.07895    0.108855
pull_request_review_commented_pos_sentiment_avg                 float64      5                          0.315                0.315                0.315                0.315                0.315                0.315         0.0
pull_request_review_commented_neg_sentiment_avg                 float64      5                            0.0                  0.0                  0.0                  0.0                  0.0                  0.0         0.0
pull_request_review_commented_ov_sentiment_avg                  float64      5                         0.3182               0.3182               0.3182               0.3182               0.3182               0.3182         0.0
pct_merged_with_approved                                        float64     10                       0.736548             0.444444              0.64011               0.7625             0.858333                0.875     0.14176
pct_merged_with_review                                          float64     10                       0.736548             0.444444              0.64011               0.7625             0.858333                0.875     0.14176
avg_pull_request_comment_count                                  float64     21                       2.260065             1.803571             2.053571                  2.3                 2.37             3.076923    0.308897
avg_pull_request_review_comment_count                           float64     21                         0.6409             0.076923              0.45098             0.580247             0.823529                1.175    0.310291
avg_all_disc_count                                              float64     21                       3.366339             2.384615             3.130435             3.267857             3.607843             4.289474    0.510115
avg_pull_request_review_count                                   float64     10                       0.977285             0.384615             0.826954             1.016129             1.114936             1.392857    0.286274
avg_pull_request_comment_exclude_opener_count                   float64     21                       1.885326             1.490909                1.625             1.805556             2.191919             2.615385    0.329301
avg_pull_request_review_comment_exclude_opener_count            float64     21                       0.472973             0.076923             0.333333             0.447368             0.606557             0.871795    0.229702
avg_all_disc_exclude_opener_count                               float64     21                       2.774656                  2.0             2.692308             2.763158             3.039216             3.333333    0.357761
avg_pull_request_review_exclude_opener_count                    float64     10                       0.874349             0.315789             0.753788             0.900193             1.009326             1.232143    0.262716
clustering_coefficient                                          float64     21                        0.03351             0.013564              0.02701             0.032075             0.042389             0.056231    0.011524

