File: drive/output/derived/org_outcomes_practices/repo_discussion_quality/all/rolling5/dmwm___wmcore.parquet

MD5 hash: b24a4b429b02129d2b4aaf5580f17a23

Keys: time_period 

                                                                   type  count                           mean                  min                  25%                  50%                  75%                  max       std
time_period                                              datetime64[ns]     21  2019-12-31 17:08:34.285714176  2015-01-01 00:00:00  2017-07-01 00:00:00  2020-01-01 00:00:00  2022-07-01 00:00:00  2025-01-01 00:00:00          
response_rate                                                   float64     21                       0.736206             0.660277             0.682792             0.715142             0.792988             0.824853  0.059804
mean_days_to_respond                                            float64     21                      11.291844             7.898704             9.823907             11.27315             12.98171            15.685065  2.075985
pos_sentiment_avg                                               float64     21                       0.132931             0.112862             0.129063             0.132165             0.140519             0.146276   0.00881
neg_sentiment_avg                                               float64     21                       0.039699             0.030424             0.031104             0.034859             0.050009             0.055151  0.009403
ov_sentiment_avg                                                float64     21                       0.099031             0.046677             0.074193             0.094114             0.124035             0.134347  0.027641
response_rate_issue_comment                                     float64     21                       0.784855             0.725335             0.759846             0.789136             0.805433             0.847887  0.031292
response_rate_issue_opened                                      float64     21                            1.0                  1.0                  1.0                  1.0                  1.0                  1.0       0.0
response_rate_pull_request_comment                              float64     21                       0.797702             0.714771              0.76351              0.81246             0.826246             0.837074  0.036031
response_rate_pull_request_opened                               float64     21                       0.990491             0.967213             0.987879             0.992611             0.996769                  1.0  0.008983
response_rate_pull_request_review_comment                       float64     21                       0.381396             0.318668             0.357664             0.367347             0.422936             0.467456  0.044991
mean_days_to_respond_issue_comment                              float64     21                      21.369195             8.191873            14.134748             21.73863            27.296689            36.324617  8.106603
mean_days_to_respond_issue_opened                               float64     21                      49.241098            35.667931            45.139923            51.088903            53.861721            61.004725  7.028759
mean_days_to_respond_pull_request_comment                       float64     21                       4.826936             1.412109             3.081723             4.907273             6.201742             10.00682   2.24741
mean_days_to_respond_pull_request_opened                        float64     21                       1.392626             0.193461             0.618119             1.126898             2.358075             3.045849   0.94954
mean_days_to_respond_pull_request_review_comment                float64     21                       0.898092             0.398324             0.667872             0.873023             1.043265             1.525208  0.280869
mean_days_to_respond_to_last_comment                            float64     21                       28.91043            12.619284            21.818715            30.859178            33.551928            50.145668  8.212589
issue_comment_pos_sentiment_avg                                 float64     21                        0.09485             0.085661              0.08839             0.093692             0.101884              0.10405  0.006979
issue_comment_neg_sentiment_avg                                 float64     21                       0.035045             0.029013             0.031602             0.034165             0.039038             0.041314  0.004338
issue_comment_ov_sentiment_avg                                  float64     21                       0.077423             0.048841              0.05588             0.074231             0.098499             0.108344  0.022382
issue_opened_pos_sentiment_avg                                  float64     21                        0.07939             0.051845             0.056951             0.071213             0.104867             0.110261  0.024522
issue_opened_neg_sentiment_avg                                  float64     21                       0.041106             0.037964             0.039152             0.040633             0.043063             0.045665  0.002186
issue_opened_ov_sentiment_avg                                   float64     21                       0.036133            -0.003166             0.006481             0.031334             0.066215             0.074875  0.031011
pull_request_comment_pos_sentiment_avg                          float64     21                       0.184434              0.13127             0.166717              0.19136             0.199367             0.224525  0.024403
pull_request_comment_neg_sentiment_avg                          float64     21                       0.032405             0.026342             0.028395             0.029826              0.03266             0.047167  0.006279
pull_request_comment_ov_sentiment_avg                           float64     21                       0.138453             0.058308             0.130943              0.15027              0.15565             0.171392  0.031645
pull_request_opened_pos_sentiment_avg                           float64     21                       0.071091             0.052849             0.058941             0.063942             0.084919             0.091894  0.013796
pull_request_opened_neg_sentiment_avg                           float64     21                       0.076433             0.025829             0.027981             0.060521             0.130401             0.145255  0.048683
pull_request_opened_ov_sentiment_avg                            float64     21                       0.058002            -0.038403            -0.019707             0.050689             0.138248             0.161254  0.077204
pull_request_review_comment_pos_sentiment_avg                   float64     21                       0.105704             0.088673             0.094104             0.106157             0.114198             0.130226  0.012692
pull_request_review_comment_neg_sentiment_avg                   float64     21                       0.038732             0.034064             0.035082             0.036591             0.043331             0.047174  0.004718
pull_request_review_comment_ov_sentiment_avg                    float64     21                       0.074652             0.053252             0.057896             0.079981             0.087547             0.102337  0.017066
pull_request_review_approved_pos_sentiment_avg                  float64     10                       0.421091             0.407295             0.413299             0.421986             0.428582             0.435656  0.009368
pull_request_review_approved_neg_sentiment_avg                  float64     10                       0.014183             0.010193             0.012095             0.013622             0.016881             0.018901  0.003002
pull_request_review_approved_ov_sentiment_avg                   float64     10                       0.417092              0.36999             0.413726             0.421712             0.427109             0.436365  0.018979
pull_request_review_changes_requested_pos_sentiment_avg         float64     10                       0.185871             0.164829             0.169027             0.177046             0.205116             0.217058  0.020781
pull_request_review_changes_requested_neg_sentiment_avg         float64     10                       0.022653             0.017353             0.020797              0.02336             0.024818             0.026428  0.003034
pull_request_review_changes_requested_ov_sentiment_avg          float64     10                       0.219556             0.193318             0.217535             0.223239             0.225245             0.236128  0.011796
pull_request_review_commented_pos_sentiment_avg                 float64     10                       0.193237             0.150082             0.156928             0.196854             0.211228             0.248022  0.037064
pull_request_review_commented_neg_sentiment_avg                 float64     10                       0.015749             0.010263             0.013615             0.016185             0.017967             0.019638  0.003341
pull_request_review_commented_ov_sentiment_avg                  float64     10                       0.251076             0.214117             0.230527             0.249944             0.277019             0.282027  0.025775
pct_merged_with_approved                                        float64     10                        0.61015             0.322148              0.49461             0.628875             0.729217             0.808581  0.157332
pct_merged_with_review                                          float64     10                        0.68487             0.416107             0.579392             0.708585             0.789213             0.864686  0.143326
avg_pull_request_comment_count                                  float64     21                       8.236849             4.037383             6.744413             7.916484            10.051233            11.694397  2.042346
avg_pull_request_review_comment_count                           float64     21                       2.113788             0.673624              0.96618             1.652295             3.048883             4.593052  1.351739
avg_all_disc_count                                              float64     21                      11.750639             4.728972             9.914116            11.827236            12.715582            17.955335  3.333938
avg_pull_request_review_count                                   float64     10                       2.940003             0.523936             1.755237             3.133587             4.300551             4.739454  1.498036
avg_pull_request_comment_exclude_opener_count                   float64     21                       6.335497             2.404372             5.127721             5.690698             8.131034             9.770779  1.925561
avg_pull_request_review_comment_exclude_opener_count            float64     21                       1.195971             0.446465              0.60571             1.032864             1.644042             2.400517  0.656831
avg_all_disc_exclude_opener_count                               float64     21                        8.28526              2.95082             7.047896             8.713131             9.870156            11.064599  2.080935
avg_pull_request_review_exclude_opener_count                    float64     10                       1.582963             0.234074             0.935484             1.779052             2.243416             2.527132  0.809238
clustering_coefficient                                          float64     21                       0.009232             0.004438             0.006812             0.008475             0.010991             0.017849  0.003786

