File: drive/output/derived/org_outcomes_practices/repo_discussion_quality/all/rolling5/dobatymo___lmdb-python-dbm.parquet

MD5 hash: ef6cdecb0dc456c71b0114aea5399db2

Keys: time_period 

                                                                type  count                 mean                  min                  25%                  50%                  75%                  max         std
time_period                                           datetime64[ns]      6  2023-10-01 08:00:00  2022-07-01 00:00:00  2023-02-15 06:00:00  2023-10-01 00:00:00  2024-05-16 12:00:00  2025-01-01 00:00:00            
response_rate                                                float64      6             0.682259             0.444444             0.533122             0.717105             0.830357                0.875    0.183675
mean_days_to_respond                                         float64      6            95.949818            49.052511            84.243343            91.989781             95.73018           164.028656   37.580576
pos_sentiment_avg                                            float64      6             0.156319             0.114256             0.137043             0.154876             0.174754             0.201431    0.031651
neg_sentiment_avg                                            float64      6             0.027803             0.011637             0.015429             0.022253             0.036462             0.056323    0.017376
ov_sentiment_avg                                             float64      6             0.164763             0.088605             0.135105             0.183899             0.196486             0.212651    0.048989
response_rate_issue_comment                                  float64      6             0.688131             0.416667             0.511364             0.606061             0.916667                  1.0    0.254727
response_rate_issue_opened                                   float64      6                  1.0                  1.0                  1.0                  1.0                  1.0                  1.0         0.0
response_rate_pull_request_comment                           float64      6                  0.0                  0.0                  0.0                  0.0                  0.0                  0.0         0.0
response_rate_pull_request_opened                            float64      6                  1.0                  1.0                  1.0                  1.0                  1.0                  1.0         0.0
response_rate_pull_request_review_comment                    float64      2                  0.0                  0.0                  0.0                  0.0                  0.0                  0.0         0.0
mean_days_to_respond_issue_comment                           float64      6            95.082948             0.223354            95.047083            95.047083           130.686678           142.566542   51.976398
mean_days_to_respond_issue_opened                            float64      6           115.727555              0.33235            96.701591             96.73267           110.950711           288.186348   93.959238
mean_days_to_respond_pull_request_opened                     float64      6              2.90401             1.561725             1.561725             1.561725             3.575153             6.930868    2.246074
mean_days_to_respond_to_last_comment                         float64      6           207.363137            83.708044           148.740991           176.877666           259.469038           380.353854  106.881931
issue_comment_pos_sentiment_avg                              float64      6             0.140432              0.06609             0.104897             0.129873             0.192356                0.207    0.057828
issue_comment_neg_sentiment_avg                              float64      6             0.013451             0.004603             0.005402             0.009887             0.013125             0.038218    0.012727
issue_comment_ov_sentiment_avg                               float64      6             0.204718             0.110974             0.175036             0.216712             0.254086             0.256225    0.058999
issue_opened_pos_sentiment_avg                               float64      6             0.209934                  0.0             0.240128             0.240128             0.255947                0.278    0.103991
issue_opened_neg_sentiment_avg                               float64      6             0.030057             0.012756             0.019922             0.020581             0.031935                0.071    0.021394
issue_opened_ov_sentiment_avg                                float64      6              0.14549              -0.0772             0.151728             0.193801             0.209375             0.210269    0.112246
pull_request_comment_pos_sentiment_avg                       float64      6             0.319722               0.1985               0.1985               0.1985             0.334875                0.744    0.220211
pull_request_comment_neg_sentiment_avg                       float64      6                  0.0                  0.0                  0.0                  0.0                  0.0                  0.0         0.0
pull_request_comment_ov_sentiment_avg                        float64      6             0.301489               0.2618               0.2618               0.2618              0.30645               0.4404    0.072098
pull_request_opened_pos_sentiment_avg                        float64      6             0.033438             0.031875             0.031875             0.031875             0.034687               0.0375    0.002492
pull_request_opened_neg_sentiment_avg                        float64      6             0.136806                0.065                0.065                0.065              0.19425               0.3235    0.114529
pull_request_opened_ov_sentiment_avg                         float64      6            -0.098206             -0.24405            -0.143081            -0.042112            -0.042112            -0.042112    0.089469
pull_request_review_comment_pos_sentiment_avg                float64      2             0.027786             0.027786             0.027786             0.027786             0.027786             0.027786         0.0
pull_request_review_comment_neg_sentiment_avg                float64      2                0.059                0.059                0.059                0.059                0.059                0.059         0.0
pull_request_review_comment_ov_sentiment_avg                 float64      2            -0.009364            -0.009364            -0.009364            -0.009364            -0.009364            -0.009364         0.0
pct_merged_with_approved                                     float64      5                  0.0                  0.0                  0.0                  0.0                  0.0                  0.0         0.0
pct_merged_with_review                                       float64      5                  0.2                  0.0                  0.0                  0.0                  0.5                  0.5    0.273861
avg_pull_request_comment_count                               float64      6                 1.75                  1.0                1.625                  2.0                  2.0                  2.0     0.41833
avg_all_disc_count                                           float64      6                 5.75                  2.0                  2.0                  2.0                7.625                 17.0     6.27495
avg_pull_request_review_count                                float64      2                 6.75                  4.5                5.625                 6.75                7.875                  9.0    3.181981
avg_pull_request_review_comment_count                        float64      2                 5.25                  3.5                4.375                 5.25                6.125                  7.0    2.474874
avg_pull_request_comment_exclude_opener_count                float64      6                  1.0                  1.0                  1.0                  1.0                  1.0                  1.0         0.0
avg_all_disc_exclude_opener_count                            float64      6                 3.25                  1.0                  1.0                  1.0                4.375                 10.0     3.76497
avg_pull_request_review_exclude_opener_count                 float64      2                 3.75                  2.5                3.125                 3.75                4.375                  5.0    1.767767
avg_pull_request_review_comment_exclude_opener_count         float64      2                  3.0                  2.0                  2.5                  3.0                  3.5                  4.0    1.414214
clustering_coefficient                                       float64      6                  0.0                  0.0                  0.0                  0.0                  0.0                  0.0         0.0

