File: drive/output/derived/org_outcomes_practices/repo_discussion_quality/all/rolling5/dwolfhub___zxcvbn-python.parquet

MD5 hash: e1409a664a3335f0f2e7ebbe870be223

Keys: time_period 

                                                                type  count                 mean                  min                  25%                  50%                  75%                  max        std
time_period                                           datetime64[ns]     16  2020-04-23 21:00:00  2016-07-01 00:00:00  2018-05-16 18:00:00  2020-04-01 00:00:00  2022-02-15 06:00:00  2025-01-01 00:00:00           
response_rate                                                float64     11             0.606905                  0.0             0.649504             0.678571             0.689904             0.777778   0.211667
mean_days_to_respond                                         float64     10            34.477307             0.049711            12.731812            28.597537            44.179983            85.817006  29.024103
pos_sentiment_avg                                            float64     12             0.123277             0.079733             0.104596             0.119833             0.132999             0.194082   0.031452
neg_sentiment_avg                                            float64     12             0.163308             0.073882             0.126695             0.171917             0.188414             0.313367   0.064999
ov_sentiment_avg                                             float64     12             0.019567            -0.107367             0.001637             0.033803             0.049577             0.124779   0.072095
response_rate_pull_request_comment                           float64     10             0.485493                  0.0             0.477941                  0.5              0.55303             0.666667   0.186181
response_rate_pull_request_opened                            float64     11             0.909091                  0.0                  1.0                  1.0                  1.0                  1.0   0.301511
response_rate_pull_request_review_comment                    float64      1                 0.25                 0.25                 0.25                 0.25                 0.25                 0.25           
mean_days_to_respond_pull_request_opened                     float64     10            24.202393             0.049711            10.168637            19.188699            36.897697            55.227378  18.159655
mean_days_to_respond_to_last_comment                         float64     10            59.751117             0.049711            23.008819            49.950609            88.529987           132.930794  47.521388
mean_days_to_respond_pull_request_comment                    float64      9            50.870862             1.285978             9.436514            46.119963            87.175594           110.288708  46.277112
mean_days_to_respond_pull_request_review_comment             float64      1             0.003414             0.003414             0.003414             0.003414             0.003414             0.003414           
pull_request_comment_pos_sentiment_avg                       float64     11             0.202023                0.148             0.188275             0.193144             0.213267             0.296853   0.038081
pull_request_comment_neg_sentiment_avg                       float64     11             0.048934             0.002218             0.028459             0.051029             0.065167                0.113   0.030944
pull_request_comment_ov_sentiment_avg                        float64     11             0.125116             -0.16105             0.128211             0.156221             0.168116             0.243379   0.105273
pull_request_opened_pos_sentiment_avg                        float64     12             0.022152                  0.0             0.011904             0.018767             0.023074             0.079733    0.02068
pull_request_opened_neg_sentiment_avg                        float64     12             0.296349                  0.0             0.260551             0.322261             0.355513             0.440766   0.111248
pull_request_opened_ov_sentiment_avg                         float64     12            -0.104545            -0.153353            -0.126747            -0.114342            -0.093205                  0.0   0.041873
pull_request_review_comment_pos_sentiment_avg                float64      1             0.083889             0.083889             0.083889             0.083889             0.083889             0.083889           
pull_request_review_comment_neg_sentiment_avg                float64      1                0.034                0.034                0.034                0.034                0.034                0.034           
pull_request_review_comment_ov_sentiment_avg                 float64      1             0.038633             0.038633             0.038633             0.038633             0.038633             0.038633           
pct_merged_with_approved                                     float64      3             0.166667                  0.0                  0.0                  0.0                 0.25                  0.5   0.288675
pct_merged_with_review                                       float64      3             0.166667                  0.0                  0.0                  0.0                 0.25                  0.5   0.288675
avg_pull_request_comment_count                               float64     11             2.650321                  2.0             2.333333             2.444444             2.672727                  4.0   0.587241
avg_all_disc_count                                           float64     12             2.619937                  1.0             2.333333              2.40404             2.609091             5.285714   1.012857
avg_pull_request_review_count                                float64      2             0.785714             0.571429             0.678571             0.785714             0.892857                  1.0   0.303046
avg_pull_request_review_comment_count                        float64      1             0.714286             0.714286             0.714286             0.714286             0.714286             0.714286           
avg_pull_request_comment_exclude_opener_count                float64     11             1.608747                  1.0             1.477273                  1.5                  1.8             2.166667   0.319695
avg_all_disc_exclude_opener_count                            float64     12             1.627462                  1.0             1.434659                  1.5                  1.8                  3.0    0.52334
avg_pull_request_review_exclude_opener_count                 float64      2             0.666667             0.333333                  0.5             0.666667             0.833333                  1.0   0.471405
avg_pull_request_review_comment_exclude_opener_count         float64      1                  0.5                  0.5                  0.5                  0.5                  0.5                  0.5           
clustering_coefficient                                       float64     16             0.005707                  0.0                  0.0                  0.0                  0.0              0.07381   0.018678

