File: drive/output/derived/org_outcomes_practices/repo_discussion_quality/all/rolling5/edgewall___genshi.parquet

MD5 hash: 08b6b0790a87bb6be9bb988fe3c9fcfb

Keys: time_period 

                                                                   type  count                           mean                  min                  25%                  50%                  75%                  max         std
time_period                                              datetime64[ns]     19  2020-06-21 16:25:15.789473792  2015-07-01 00:00:00  2018-04-01 12:00:00  2020-07-01 00:00:00  2022-10-01 00:00:00  2025-01-01 00:00:00            
response_rate                                                   float64     15                       0.696066             0.571429                0.625             0.657658              0.69398                  1.0    0.128807
mean_days_to_respond                                            float64     15                     147.249777             6.924302            12.849809            59.821505           177.412914           803.940394  221.483198
pos_sentiment_avg                                               float64     17                       0.087314                  0.0             0.007021             0.084805              0.15134             0.173635    0.066938
neg_sentiment_avg                                               float64     17                        0.07213              0.03343             0.039698             0.073333             0.091225               0.1488    0.031715
ov_sentiment_avg                                                float64     17                        0.04258             -0.12062            -0.035155             0.045519             0.152732             0.190845    0.105098
response_rate_pull_request_opened                               float64     15                        0.84099                  0.6             0.705742             0.785714                  1.0                  1.0    0.160965
response_rate_pull_request_comment                              float64     13                       0.580085                  0.0             0.444444             0.684211              0.76087             0.792453    0.244991
response_rate_pull_request_review_comment                       float64      7                       0.329756                  0.0             0.291111                 0.36             0.433036                  0.5    0.169552
mean_days_to_respond_pull_request_opened                        float64     15                     178.118379             1.611964            35.457981           115.205354           236.203246           803.940394  213.279797
mean_days_to_respond_to_last_comment                            float64     15                     160.337893             2.070852            16.670422              65.1239           221.160115           803.940394  220.806101
mean_days_to_respond_pull_request_comment                       float64     12                      15.081017               0.0614             7.259506               9.7979            22.415089            36.280182   13.093905
mean_days_to_respond_pull_request_review_comment                float64      6                       3.732285             1.131895             1.825637             3.179897             3.179897            10.347905    3.376517
pull_request_comment_pos_sentiment_avg                          float64     17                       0.086461                  0.0               0.0076             0.097567              0.15279             0.188645    0.071137
pull_request_comment_neg_sentiment_avg                          float64     17                       0.048812                  0.0             0.007569             0.028359              0.04229                 0.22    0.067307
pull_request_comment_ov_sentiment_avg                           float64     17                        0.04227              -0.3071                  0.0             0.073947             0.170878               0.2355    0.162394
pull_request_opened_pos_sentiment_avg                           float64     17                       0.027781                  0.0                  0.0             0.031978             0.040228             0.060191    0.021888
pull_request_opened_neg_sentiment_avg                           float64     17                       0.137593                  0.0               0.1048                0.131             0.168452                0.262    0.069044
pull_request_opened_ov_sentiment_avg                            float64     17                      -0.048866               -0.148               -0.074            -0.045284            -0.017656             0.004237    0.042155
pull_request_review_approved_pos_sentiment_avg                  float64      9                       0.474793             0.287321              0.34535             0.367065             0.678778                0.744    0.188718
pull_request_review_approved_neg_sentiment_avg                  float64      9                            0.0                  0.0                  0.0                  0.0                  0.0                  0.0         0.0
pull_request_review_approved_ov_sentiment_avg                   float64      9                       0.379515              0.31235             0.354453             0.382667             0.388135               0.4404    0.041771
pull_request_review_changes_requested_pos_sentiment_avg         float64      7                       0.197743               0.1128               0.1128               0.2119              0.26145                0.311    0.089164
pull_request_review_changes_requested_neg_sentiment_avg         float64      7                            0.0                  0.0                  0.0                  0.0                  0.0                  0.0         0.0
pull_request_review_changes_requested_ov_sentiment_avg          float64      7                       0.389937              0.15604              0.15604              0.42892              0.56536               0.7018     0.24552
pull_request_review_comment_pos_sentiment_avg                   float64      7                       0.157181             0.052148              0.11738              0.16856             0.205378             0.234042     0.07115
pull_request_review_comment_neg_sentiment_avg                   float64      7                       0.027123             0.011864             0.017967              0.03222              0.03336             0.043125     0.01166
pull_request_review_comment_ov_sentiment_avg                    float64      7                       0.148686             0.102244             0.139288             0.142997             0.155385             0.206215    0.031661
pull_request_review_commented_pos_sentiment_avg                 float64      6                       0.552222                0.298             0.345667             0.488667             0.774667                 0.87      0.2605
pull_request_review_commented_neg_sentiment_avg                 float64      6                            0.0                  0.0                  0.0                  0.0                  0.0                  0.0         0.0
pull_request_review_commented_ov_sentiment_avg                  float64      6                       0.533825             0.343525             0.379206              0.48625             0.700338               0.7717    0.194999
pct_merged_with_approved                                        float64      9                       0.514098             0.166667             0.461538                  0.6             0.619048                 0.75    0.194442
pct_merged_with_review                                          float64      9                       0.612673             0.166667             0.461538                 0.75             0.761905                0.875    0.261313
avg_pull_request_comment_count                                  float64     17                       2.413016             0.666667                 1.25                  2.4                  3.6             3.791667    1.139793
avg_all_disc_count                                              float64     17                        3.53207                  1.0             1.333333                  2.5             6.272727             7.416667    2.323058
avg_pull_request_review_count                                   float64      9                       1.362694             0.666667             0.909091             1.615385             1.708333                 2.25    0.554946
avg_pull_request_review_comment_count                           float64      7                       0.965668             0.454545               0.8125             1.038462               1.1125             1.416667    0.324194
avg_all_disc_exclude_opener_count                               float64     15                       2.918544                  1.0             1.916667                  2.5             4.230263             5.166667    1.367605
avg_pull_request_comment_exclude_opener_count                   float64     15                       1.880647             0.666667             1.541667             2.105263             2.238636                  2.5    0.570383
avg_pull_request_review_exclude_opener_count                    float64      9                       1.190046             0.666667             0.857143             1.363636                1.375                 1.75    0.364398
avg_pull_request_review_comment_exclude_opener_count            float64      7                       0.694008                  0.5             0.568182             0.736842             0.784091             0.916667    0.157357
clustering_coefficient                                          float64     17                        0.07895                  0.0             0.032837             0.086523             0.124227             0.208008    0.061387

