File: drive/output/derived/org_outcomes_practices/repo_discussion_quality/all/rolling5/eliranwong___letmedoit.parquet

MD5 hash: 5b45591729ef28d29954afc08630e1da

Keys: time_period 

                                                         type  count                 mean                  min                  25%                  50%                  75%                  max        std
time_period                                    datetime64[ns]      4  2024-04-01 00:00:00  2023-07-01 00:00:00  2023-11-16 00:00:00  2024-04-01 00:00:00  2024-08-16 00:00:00  2025-01-01 00:00:00           
response_rate                                         float64      3             0.698412             0.682927             0.687617             0.692308             0.706154                 0.72   0.019276
mean_days_to_respond                                  float64      3            10.373896             2.566894             8.422146            14.277397            14.277397            14.277397   6.761062
pos_sentiment_avg                                     float64      4             0.050866             0.017676             0.049335             0.060858             0.062389             0.064071   0.022192
neg_sentiment_avg                                     float64      4             0.016667             0.014706             0.016268             0.017061              0.01746             0.017839   0.001376
ov_sentiment_avg                                      float64      4             0.060484             0.009593             0.058533              0.07606              0.07801             0.080223   0.033999
response_rate_issue_comment                           float64      3             0.565336             0.518519             0.544974             0.571429             0.588745             0.606061   0.044088
response_rate_issue_opened                            float64      3                  1.0                  1.0                  1.0                  1.0                  1.0                  1.0        0.0
response_rate_pull_request_opened                     float64      3                  1.0                  1.0                  1.0                  1.0                  1.0                  1.0        0.0
response_rate_pull_request_comment                    float64      2                  0.0                  0.0                  0.0                  0.0                  0.0                  0.0        0.0
mean_days_to_respond_issue_comment                    float64      3            10.587072             3.496119             8.814334            14.132549            14.132549            14.132549   6.140946
mean_days_to_respond_issue_opened                     float64      3             9.384085             0.133365             7.071405            14.009444            14.009444            14.009444   8.011358
mean_days_to_respond_pull_request_opened              float64      3            21.193634            21.193634            21.193634            21.193634            21.193634            21.193634        0.0
mean_days_to_respond_to_last_comment                  float64      3            20.908991             3.405407            16.533095            29.660783            29.660783            29.660783  15.158548
issue_comment_pos_sentiment_avg                       float64      4             0.046444             0.010667             0.044801             0.057246             0.058888             0.060615    0.02392
issue_comment_neg_sentiment_avg                       float64      4              0.00767                  0.0             0.007382              0.01003             0.010318              0.01062   0.005123
issue_comment_ov_sentiment_avg                        float64      4             0.057893             0.005692             0.055775             0.073845             0.075964             0.078191   0.034879
issue_opened_pos_sentiment_avg                        float64      4              0.06648             0.036316             0.065554             0.075998             0.076924              0.07761   0.020132
issue_opened_neg_sentiment_avg                        float64      4             0.001645                  0.0             0.001363             0.002088              0.00237             0.002402   0.001128
issue_opened_ov_sentiment_avg                         float64      4              0.08385             0.035532              0.08249             0.099052             0.100411             0.101763   0.032246
pull_request_opened_pos_sentiment_avg                 float64      4                  0.0                  0.0                  0.0                  0.0                  0.0                  0.0        0.0
pull_request_opened_neg_sentiment_avg                 float64      4                  1.0                  1.0                  1.0                  1.0                  1.0                  1.0        0.0
pull_request_opened_ov_sentiment_avg                  float64      4               -0.296               -0.296               -0.296               -0.296               -0.296               -0.296        0.0
pull_request_review_comment_pos_sentiment_avg         float64      0                                                                                                                                         
pull_request_review_comment_neg_sentiment_avg         float64      0                                                                                                                                         
pull_request_review_comment_ov_sentiment_avg          float64      0                                                                                                                                         
pull_request_comment_pos_sentiment_avg                float64      3                  0.0                  0.0                  0.0                  0.0                  0.0                  0.0        0.0
pull_request_comment_neg_sentiment_avg                float64      3                  0.0                  0.0                  0.0                  0.0                  0.0                  0.0        0.0
pull_request_comment_ov_sentiment_avg                 float64      3                  0.0                  0.0                  0.0                  0.0                  0.0                  0.0        0.0
pct_merged_with_approved                              float64      0                                                                                                                                         
pct_merged_with_review                                float64      0                                                                                                                                         
avg_pull_request_review_comment_count                 float64      4                0.625                  0.5                  0.5                  0.5                0.625                  1.0       0.25
avg_all_disc_count                                    float64      4                 1.25                  1.0                  1.0                 1.25                  1.5                  1.5   0.288675
avg_pull_request_comment_count                        float64      3             0.833333                  0.5                 0.75                  1.0                  1.0                  1.0   0.288675
avg_all_disc_exclude_opener_count                     float64      2                  1.0                  1.0                  1.0                  1.0                  1.0                  1.0        0.0
avg_pull_request_comment_exclude_opener_count         float64      2                  1.0                  1.0                  1.0                  1.0                  1.0                  1.0        0.0
clustering_coefficient                                float64      3                  0.0                  0.0                  0.0                  0.0                  0.0                  0.0        0.0

