File: drive/output/derived/org_outcomes_practices/repo_discussion_quality/all/rolling5/ella___django-appdata.parquet

MD5 hash: 435e06da78a809e275d4bb12bb9a5461

Keys: time_period 

                                                                type  count                           mean                  min                  25%                  50%                  75%                  max       std
time_period                                           datetime64[ns]     17  2018-12-31 11:17:38.823529472  2015-01-01 00:00:00  2017-01-01 00:00:00  2019-01-01 00:00:00  2021-01-01 00:00:00  2023-01-01 00:00:00          
response_rate                                                float64      9                       0.606125                  0.5             0.538462             0.631579             0.666667                  0.7  0.074912
mean_days_to_respond                                         float64      9                       5.668698             0.047901             0.053204             4.431005             7.713634            17.093912  7.006416
pos_sentiment_avg                                            float64     12                       0.150724                  0.0             0.107989             0.167214             0.202215             0.244158  0.070802
neg_sentiment_avg                                            float64     12                       0.061517                  0.0             0.003742             0.032257              0.10558             0.179167  0.070307
ov_sentiment_avg                                             float64     12                       0.140529                  0.0             0.107372             0.146039              0.18884             0.240863  0.066904
response_rate_pull_request_comment                           float64      9                        0.49881                  0.0                  0.0             0.714286                 0.75             0.833333  0.379259
response_rate_pull_request_opened                            float64      9                       0.972222                 0.75                  1.0                  1.0                  1.0                  1.0  0.083333
response_rate_pull_request_review_comment                    float64      6                            0.0                  0.0                  0.0                  0.0                  0.0                  0.0       0.0
mean_days_to_respond_pull_request_opened                     float64      9                       5.191785             0.018403             0.051713             0.111157            10.063573            17.093912  7.471512
mean_days_to_respond_to_last_comment                         float64      9                       4.051173             0.074198              0.10776             0.130498             1.471912            17.093912  7.394564
mean_days_to_respond_pull_request_comment                    float64      6                       2.905286             0.053801             0.053801             2.562491             5.689393              6.30367  3.148783
pull_request_comment_pos_sentiment_avg                       float64     11                       0.253855             0.105188             0.201533             0.235115              0.30125                0.492  0.104998
pull_request_comment_neg_sentiment_avg                       float64     11                       0.010184                  0.0             0.005538             0.007045               0.0135              0.02475  0.006929
pull_request_comment_ov_sentiment_avg                        float64     11                       0.228844             0.127304             0.143156             0.167045             0.331063               0.4404  0.117319
pull_request_opened_pos_sentiment_avg                        float64     12                       0.035894                  0.0                0.018             0.041917              0.05175               0.0695   0.02573
pull_request_opened_neg_sentiment_avg                        float64     12                       0.103516                  0.0                  0.0              0.10146               0.1834                0.262  0.105446
pull_request_opened_ov_sentiment_avg                         float64     12                       0.024846            -0.098667            -0.006131             0.036034             0.074975              0.10383  0.068732
pull_request_review_comment_pos_sentiment_avg                float64      6                       0.353708               0.2945              0.34525              0.34525             0.383313                0.396  0.038203
pull_request_review_comment_neg_sentiment_avg                float64      6                            0.0                  0.0                  0.0                  0.0                  0.0                  0.0       0.0
pull_request_review_comment_ov_sentiment_avg                 float64      6                       0.512017               0.4496             0.468325               0.5245               0.5245               0.5994  0.056383
pull_request_review_approved_pos_sentiment_avg               float64      1                            0.0                  0.0                  0.0                  0.0                  0.0                  0.0          
pull_request_review_approved_neg_sentiment_avg               float64      1                            0.0                  0.0                  0.0                  0.0                  0.0                  0.0          
pull_request_review_approved_ov_sentiment_avg                float64      1                            0.0                  0.0                  0.0                  0.0                  0.0                  0.0          
pct_merged_with_approved                                     float64      2                            0.5                  0.0                 0.25                  0.5                 0.75                  1.0  0.707107
pct_merged_with_review                                       float64      2                            0.5                  0.0                 0.25                  0.5                 0.75                  1.0  0.707107
avg_pull_request_comment_count                               float64     11                       3.215909                  1.0                  1.0                3.125             5.041667                  6.5  2.323403
avg_all_disc_count                                           float64     11                        3.82197                  1.0                  1.0                4.125                5.875                  8.5  2.965197
avg_pull_request_review_comment_count                        float64      6                       0.986111                 0.25             0.666667             0.833333                 1.25                  2.0  0.615577
avg_pull_request_review_count                                float64      1                           0.75                 0.75                 0.75                 0.75                 0.75                 0.75          
avg_pull_request_comment_exclude_opener_count                float64     11                       2.348485                  1.0                  1.0                  1.5             3.166667                  5.0   1.60287
avg_all_disc_exclude_opener_count                            float64     11                       2.636364                  1.0                  1.0                  2.5                  4.0                  5.0  1.704273
avg_pull_request_review_comment_exclude_opener_count         float64      4                       0.604167                 0.25               0.4375             0.583333                 0.75                  1.0  0.314576
avg_pull_request_review_exclude_opener_count                 float64      1                           0.75                 0.75                 0.75                 0.75                 0.75                 0.75          
clustering_coefficient                                       float64     16                       0.028066                  0.0                  0.0                  0.0             0.070056             0.113743  0.043951

