File: drive/output/derived/org_outcomes_practices/repo_discussion_quality/all/rolling5/embarktrucks___embag.parquet

MD5 hash: 81297e84850ede6f5ac59eed11356ea7

Keys: time_period 

                                                                   type  count                 mean                  min                  25%                  50%                  75%                  max        std
time_period                                              datetime64[ns]     10  2022-10-01 04:48:00  2020-07-01 00:00:00  2021-08-16 00:00:00  2022-10-01 00:00:00  2023-11-16 00:00:00  2025-01-01 00:00:00           
response_rate                                                   float64      6             0.382153             0.333333             0.382042             0.384628             0.388021                 0.42   0.027839
mean_days_to_respond                                            float64      6             5.792835             0.400855             0.406419             0.544817             2.241128            30.099668  11.943566
pos_sentiment_avg                                               float64      7             0.101949             0.027167             0.074939              0.12839             0.133469             0.141273    0.04918
neg_sentiment_avg                                               float64      7             0.136208             0.023917             0.048112             0.065363             0.212661              0.34263   0.138172
ov_sentiment_avg                                                float64      7             0.035816            -0.189471              -0.0444             0.112642             0.129571             0.157198     0.1523
response_rate_pull_request_comment                              float64      6             0.169444                  0.0                0.175                  0.2                  0.2                 0.25   0.087189
response_rate_pull_request_opened                               float64      6             0.271063             0.210526              0.22549             0.242647               0.3125                0.375   0.067013
response_rate_pull_request_review_comment                       float64      6             0.433936                  0.4             0.438356             0.438356             0.440471             0.447368   0.016989
mean_days_to_respond_pull_request_comment                       float64      5             1.974734             1.974734             1.974734             1.974734             1.974734             1.974734        0.0
mean_days_to_respond_pull_request_opened                        float64      6            18.870774             0.953452             0.953452             1.111759             14.43102            90.276215  35.697664
mean_days_to_respond_pull_request_review_comment                float64      6             0.273821             0.011395             0.282597             0.282597             0.296157             0.483063   0.150733
mean_days_to_respond_to_last_comment                            float64      6             6.068674             0.530453             0.541267             0.698551             3.096626            30.099668  11.844351
pull_request_opened_pos_sentiment_avg                           float64      7             0.036978             0.027167               0.0337              0.03617             0.039493             0.049122   0.006858
pull_request_opened_neg_sentiment_avg                           float64      7             0.202026              0.03776             0.134313             0.190367               0.2874              0.34263   0.113716
pull_request_opened_ov_sentiment_avg                            float64      7            -0.086308            -0.189471            -0.150981            -0.090913             -0.03603             0.050248   0.088133
pull_request_comment_pos_sentiment_avg                          float64      5              0.18706             0.132208             0.195563             0.195977             0.195977             0.215575   0.031832
pull_request_comment_neg_sentiment_avg                          float64      5             0.015059             0.012038             0.012038             0.013242             0.018236             0.019743    0.00366
pull_request_comment_ov_sentiment_avg                           float64      5             0.245711             0.230053             0.241881             0.241881             0.248671             0.266069   0.013207
pull_request_review_changes_requested_pos_sentiment_avg         float64      5                0.051                0.051                0.051                0.051                0.051                0.051        0.0
pull_request_review_changes_requested_neg_sentiment_avg         float64      5               0.0455               0.0455               0.0455               0.0455               0.0455               0.0455        0.0
pull_request_review_changes_requested_ov_sentiment_avg          float64      5                  0.0                  0.0                  0.0                  0.0                  0.0                  0.0        0.0
pull_request_review_comment_pos_sentiment_avg                   float64      5             0.157039             0.155966             0.155988             0.155988             0.155988             0.161266   0.002363
pull_request_review_comment_neg_sentiment_avg                   float64      5             0.020145             0.017814             0.019636             0.021091             0.021091             0.021091   0.001447
pull_request_review_comment_ov_sentiment_avg                    float64      5             0.172926             0.169901             0.169901             0.169901             0.176867             0.178063   0.004165
pull_request_review_commented_pos_sentiment_avg                 float64      5             0.235331             0.220247             0.220247             0.220247             0.220247             0.295667   0.033729
pull_request_review_commented_neg_sentiment_avg                 float64      5             0.005547             0.004267             0.004267             0.004267             0.004267             0.010667   0.002862
pull_request_review_commented_ov_sentiment_avg                  float64      5             0.513367             0.456117             0.456117             0.456117             0.456117             0.742367   0.128015
pull_request_review_approved_pos_sentiment_avg                  float64      4             0.134198             0.111167             0.134198             0.141875             0.141875             0.141875   0.015354
pull_request_review_approved_neg_sentiment_avg                  float64      4             0.030604              0.02825              0.02825              0.02825             0.030604             0.037667   0.004708
pull_request_review_approved_ov_sentiment_avg                   float64      4             0.049745            -0.000883             0.049745             0.066621             0.066621             0.066621   0.033752
pct_merged_with_approved                                        float64      8             0.420148                  0.0              0.09375             0.372995             0.705882                  1.0   0.378814
pct_merged_with_review                                          float64      8             0.472104                  0.0              0.15625             0.432709             0.806723                  1.0   0.396642
avg_all_disc_count                                              float64      6             9.791859                 5.25            10.169079            10.586687            10.745098                 11.5   2.274014
avg_pull_request_comment_count                                  float64      6             0.604716                  0.5             0.581269             0.594118             0.608333                 0.75   0.081329
avg_pull_request_review_count                                   float64      6             4.932645                 3.25               5.1375             5.272059             5.323529             5.368421   0.829594
avg_pull_request_review_comment_count                           float64      6             4.254498                  1.5             4.407237             4.671827             4.816176                  5.5   1.403445
avg_all_disc_exclude_opener_count                               float64      6               5.8928             3.333333             6.116447             6.380117             6.552288                6.625   1.271107
avg_pull_request_comment_exclude_opener_count                   float64      6             0.421235             0.333333             0.373538             0.394444             0.408824                0.625    0.10356
avg_pull_request_review_exclude_opener_count                    float64      6              2.97847             2.333333              2.91875             3.108333             3.199561             3.235294    0.34271
avg_pull_request_review_comment_exclude_opener_count            float64      6             2.493096             0.666667             2.634211             2.812865             2.928105                3.125   0.912515
clustering_coefficient                                          float64      8             0.075029                  0.0             0.018937             0.079714             0.132598             0.150355   0.061165

