File: drive/output/derived/org_outcomes_practices/repo_discussion_quality/all/rolling5/exoclim___aeolus.parquet

MD5 hash: 25dcdda035c5c37b503ac563b1ff25f0

Keys: time_period 

                                                                   type  count                           mean                  min                  25%                  50%                  75%                  max        std
time_period                                              datetime64[ns]     13  2021-12-31 05:32:18.461538560  2019-01-01 00:00:00  2020-07-01 00:00:00  2022-01-01 00:00:00  2023-07-01 00:00:00  2025-01-01 00:00:00           
response_rate                                                   float64      6                       0.367584             0.285714             0.319005             0.366947             0.407738             0.461538   0.066211
mean_days_to_respond                                            float64      6                      50.091811             0.242454            14.387175            66.278294            76.039491            91.368468  40.137531
pos_sentiment_avg                                               float64     13                       0.105514             0.019636             0.086707             0.114871             0.128472                0.216   0.052457
neg_sentiment_avg                                               float64     13                       0.019734                  0.0                  0.0             0.022843             0.033837             0.042817   0.016304
ov_sentiment_avg                                                float64     13                       0.133323               0.0519              0.07257             0.100948             0.119961               0.5709   0.135185
response_rate_pull_request_comment                              float64      6                       0.283333                  0.0                  0.1                  0.4                  0.4                  0.5    0.22286
response_rate_pull_request_opened                               float64      4                            0.5                  0.5                  0.5                  0.5                  0.5                  0.5        0.0
response_rate_pull_request_review_comment                       float64      4                            0.0                  0.0                  0.0                  0.0                  0.0                  0.0        0.0
response_rate_issue_comment                                     float64      4                            0.0                  0.0                  0.0                  0.0                  0.0                  0.0        0.0
response_rate_issue_opened                                      float64      4                            1.0                  1.0                  1.0                  1.0                  1.0                  1.0        0.0
mean_days_to_respond_pull_request_comment                       float64      4                       0.425671             0.425671             0.425671             0.425671             0.425671             0.425671        0.0
mean_days_to_respond_pull_request_opened                        float64      4                       0.059236             0.059236             0.059236             0.059236             0.059236             0.059236        0.0
mean_days_to_respond_to_last_comment                            float64      6                      59.637769             0.478825            19.299058            75.950331            87.561577           113.599832  47.855145
mean_days_to_respond_issue_opened                               float64      4                     126.907609            76.140905            87.561577           102.384345           141.730377           226.720839  68.277422
issue_opened_pos_sentiment_avg                                  float64     13                       0.060136             0.029819             0.033833             0.044052                0.054                0.216   0.049458
issue_opened_neg_sentiment_avg                                  float64     13                       0.022638                  0.0                  0.0             0.024333             0.031286             0.068583   0.020991
issue_opened_ov_sentiment_avg                                   float64     13                       0.107974             0.026156             0.054978               0.0707             0.081557               0.5709   0.141876
issue_comment_pos_sentiment_avg                                 float64     11                       0.072217                  0.0             0.017267             0.019923             0.144873             0.178498   0.073318
issue_comment_neg_sentiment_avg                                 float64     11                       0.005597                  0.0                  0.0             0.003104             0.010415              0.01769    0.00667
issue_comment_ov_sentiment_avg                                  float64     11                       0.083765            -0.001629             0.009107             0.021015             0.167106               0.2444     0.0928
pull_request_comment_pos_sentiment_avg                          float64      9                       0.143019             0.058083             0.116167             0.170667             0.170667             0.213333   0.059215
pull_request_comment_neg_sentiment_avg                          float64      9                       0.094887                0.018                0.036             0.135633             0.135633             0.169542   0.066036
pull_request_comment_ov_sentiment_avg                           float64      9                       -0.07441            -0.154725             -0.12378             -0.12378              0.00185               0.0037   0.074201
pull_request_opened_pos_sentiment_avg                           float64      5                         0.0325               0.0325               0.0325               0.0325               0.0325               0.0325        0.0
pull_request_opened_neg_sentiment_avg                           float64      5                       0.087333             0.087333             0.087333             0.087333             0.087333             0.087333        0.0
pull_request_opened_ov_sentiment_avg                            float64      5                       0.100367             0.100367             0.100367             0.100367             0.100367             0.100367        0.0
pull_request_review_approved_pos_sentiment_avg                  float64      5                       0.699333             0.699333             0.699333             0.699333             0.699333             0.699333        0.0
pull_request_review_approved_neg_sentiment_avg                  float64      5                            0.0                  0.0                  0.0                  0.0                  0.0                  0.0        0.0
pull_request_review_approved_ov_sentiment_avg                   float64      5                       0.328933             0.328933             0.328933             0.328933             0.328933             0.328933        0.0
pull_request_review_changes_requested_pos_sentiment_avg         float64      5                          0.474                0.474                0.474                0.474                0.474                0.474        0.0
pull_request_review_changes_requested_neg_sentiment_avg         float64      5                            0.0                  0.0                  0.0                  0.0                  0.0                  0.0        0.0
pull_request_review_changes_requested_ov_sentiment_avg          float64      5                          0.743                0.743                0.743                0.743                0.743                0.743        0.0
pull_request_review_comment_pos_sentiment_avg                   float64      5                         0.1992               0.1992               0.1992               0.1992               0.1992               0.1992        0.0
pull_request_review_comment_neg_sentiment_avg                   float64      5                            0.0                  0.0                  0.0                  0.0                  0.0                  0.0        0.0
pull_request_review_comment_ov_sentiment_avg                    float64      5                        0.17976              0.17976              0.17976              0.17976              0.17976              0.17976        0.0
pct_merged_with_approved                                        float64      9                       0.187201                  0.0                  0.0                 0.16             0.235294                  0.8   0.258191
pct_merged_with_review                                          float64      9                       0.187201                  0.0                  0.0                 0.16             0.235294                  0.8   0.258191
avg_all_disc_count                                              float64      9                       2.344444                  1.0                  1.0                  3.2                  3.2                 3.75   1.293117
avg_pull_request_comment_count                                  float64      9                            1.0                  1.0                  1.0                  1.0                  1.0                  1.0        0.0
avg_pull_request_review_count                                   float64      5                           1.32                  1.2                  1.2                  1.2                  1.5                  1.5   0.164317
avg_pull_request_review_comment_count                           float64      5                            1.1                  1.0                  1.0                  1.0                 1.25                 1.25   0.136931
avg_all_disc_exclude_opener_count                               float64      9                       2.222222                  1.0                  1.0                  3.0                  3.0                  3.5   1.175561
avg_pull_request_comment_exclude_opener_count                   float64      9                       0.877778                 0.75                  0.8                  0.8                  1.0                  1.0   0.117556
avg_pull_request_review_exclude_opener_count                    float64      5                           1.32                  1.2                  1.2                  1.2                  1.5                  1.5   0.164317
avg_pull_request_review_comment_exclude_opener_count            float64      5                            1.1                  1.0                  1.0                  1.0                 1.25                 1.25   0.136931
clustering_coefficient                                          float64      9                            0.0                  0.0                  0.0                  0.0                  0.0                  0.0        0.0

