File: drive/output/derived/org_outcomes_practices/repo_discussion_quality/all/rolling5/exxamalte___python-aio-georss-gdacs.parquet

MD5 hash: 11fcc06cd546bfe165096dc3b544ca8e

Keys: time_period 

                                                         type  count                 mean                  min                  25%                  50%                  75%                  max       std
time_period                                    datetime64[ns]      9  2022-02-09 21:20:00  2020-01-01 00:00:00  2021-01-01 00:00:00  2022-01-01 00:00:00  2023-01-01 00:00:00  2024-07-01 00:00:00          
response_rate                                         float64      1                  0.5                  0.5                  0.5                  0.5                  0.5                  0.5          
mean_days_to_respond                                  float64      1             1.767639             1.767639             1.767639             1.767639             1.767639             1.767639          
pos_sentiment_avg                                     float64      7              0.02022                  0.0                  0.0                  0.0             0.038333             0.064872  0.026725
neg_sentiment_avg                                     float64      7             0.464182             0.403077             0.432697             0.452545             0.502129                0.524  0.045356
ov_sentiment_avg                                      float64      7            -0.251741               -0.296            -0.283645            -0.246667            -0.229062            -0.194105  0.037554
response_rate_pull_request_comment                    float64      1                  0.0                  0.0                  0.0                  0.0                  0.0                  0.0          
response_rate_pull_request_opened                     float64      1                  1.0                  1.0                  1.0                  1.0                  1.0                  1.0          
mean_days_to_respond_pull_request_opened              float64      1             1.767639             1.767639             1.767639             1.767639             1.767639             1.767639          
mean_days_to_respond_to_last_comment                  float64      1             1.767639             1.767639             1.767639             1.767639             1.767639             1.767639          
pull_request_opened_pos_sentiment_avg                 float64      7             0.003299                  0.0                  0.0                  0.0             0.006159             0.010778  0.004394
pull_request_opened_neg_sentiment_avg                 float64      7             0.474976             0.436667             0.442905             0.474095             0.502129                0.524  0.035315
pull_request_opened_ov_sentiment_avg                  float64      7            -0.266382               -0.296            -0.283645            -0.264217            -0.248394            -0.240381  0.021632
pull_request_comment_pos_sentiment_avg                float64      3                0.714                0.714                0.714                0.714                0.714                0.714       0.0
pull_request_comment_neg_sentiment_avg                float64      3                  0.0                  0.0                  0.0                  0.0                  0.0                  0.0       0.0
pull_request_comment_ov_sentiment_avg                 float64      3               0.3612               0.3612               0.3612               0.3612               0.3612               0.3612       0.0
pct_merged_with_approved                              float64      6                  0.0                  0.0                  0.0                  0.0                  0.0                  0.0       0.0
pct_merged_with_review                                float64      6                  0.0                  0.0                  0.0                  0.0                  0.0                  0.0       0.0
avg_all_disc_count                                    float64      3                  1.0                  1.0                  1.0                  1.0                  1.0                  1.0       0.0
avg_pull_request_comment_count                        float64      3                  1.0                  1.0                  1.0                  1.0                  1.0                  1.0       0.0
avg_all_disc_exclude_opener_count                     float64      3                  1.0                  1.0                  1.0                  1.0                  1.0                  1.0       0.0
avg_pull_request_comment_exclude_opener_count         float64      3                  1.0                  1.0                  1.0                  1.0                  1.0                  1.0       0.0
clustering_coefficient                                float64      5                  0.0                  0.0                  0.0                  0.0                  0.0                  0.0       0.0

