File: drive/output/derived/org_outcomes_practices/repo_discussion_quality/all/rolling5/felix-hilden___sphinx-codeautolink.parquet

MD5 hash: 8f972646c5649a0b4365c1706897791d

Keys: time_period 

                                                                   type  count                 mean                  min                  25%                  50%                  75%                  max        std
time_period                                              datetime64[ns]      8  2023-04-01 18:00:00  2021-07-01 00:00:00  2022-05-16 18:00:00  2023-04-01 12:00:00  2024-02-15 12:00:00  2025-01-01 00:00:00           
response_rate                                                   float64      7              0.55825             0.333333             0.521186             0.567164             0.632441                  0.7    0.12477
mean_days_to_respond                                            float64      7             4.263356             0.260438             1.634222             2.949682             6.205215            10.954497   3.835262
pos_sentiment_avg                                               float64      7             0.134737             0.086705             0.117906             0.150585             0.153897             0.162264   0.027907
neg_sentiment_avg                                               float64      7             0.026907             0.014746             0.025422             0.029458              0.03056             0.032184   0.006314
ov_sentiment_avg                                                float64      7             0.145396             0.104676             0.123224             0.156619             0.162365             0.185297   0.029316
response_rate_pull_request_comment                              float64      7             0.626756                  0.5             0.607143             0.652174             0.666667               0.6875   0.066969
response_rate_pull_request_opened                               float64      7             0.727438                  0.0             0.657143             0.888889             0.944444                  1.0   0.352678
response_rate_pull_request_review_comment                       float64      6             0.449552             0.428571             0.431723              0.44281              0.45202                  0.5   0.026633
mean_days_to_respond_pull_request_comment                       float64      7             1.088835             0.032049             0.431165             1.300543             1.533598             2.359726   0.829795
mean_days_to_respond_pull_request_opened                        float64      6            11.647323             0.158178             2.975992            11.152532            16.058456            29.476454  11.106895
mean_days_to_respond_to_last_comment                            float64      7             0.822243             0.050167              0.11475              0.24735              0.37149             4.485704   1.620725
mean_days_to_respond_pull_request_review_comment                float64      6             3.631236              0.02946              0.04559             2.105207             4.313429            13.138986   5.092146
pull_request_comment_pos_sentiment_avg                          float64      7             0.174954             0.138402             0.173519             0.177939             0.180852             0.199594   0.018478
pull_request_comment_neg_sentiment_avg                          float64      7             0.038562             0.019256             0.035374             0.036581             0.044424             0.054503   0.011571
pull_request_comment_ov_sentiment_avg                           float64      7             0.184677             0.100582             0.158943             0.187466             0.196918             0.292968   0.060286
pull_request_opened_pos_sentiment_avg                           float64      7             0.040541             0.020719             0.041058             0.043191             0.044278             0.049204   0.009229
pull_request_opened_neg_sentiment_avg                           float64      7             0.006006                  0.0             0.004593             0.006585             0.008323             0.009624   0.003431
pull_request_opened_ov_sentiment_avg                            float64      7              0.08754             0.028749             0.078949             0.088628             0.103516             0.130472   0.032083
pull_request_review_comment_pos_sentiment_avg                   float64      6             0.164601             0.159067              0.16192             0.163495             0.168018             0.170629   0.004489
pull_request_review_comment_neg_sentiment_avg                   float64      6             0.033142               0.0048             0.024493             0.042767             0.043768             0.046018   0.017265
pull_request_review_comment_ov_sentiment_avg                    float64      6             0.175722             0.121664             0.134373             0.136449              0.22835             0.267106    0.06772
pull_request_review_approved_pos_sentiment_avg                  float64      4                0.244                0.244                0.244                0.244                0.244                0.244        0.0
pull_request_review_approved_neg_sentiment_avg                  float64      4                  0.0                  0.0                  0.0                  0.0                  0.0                  0.0        0.0
pull_request_review_approved_ov_sentiment_avg                   float64      4               0.4404               0.4404               0.4404               0.4404               0.4404               0.4404        0.0
pull_request_review_changes_requested_pos_sentiment_avg         float64      4             0.291187             0.291187             0.291187             0.291187             0.291187             0.291187        0.0
pull_request_review_changes_requested_neg_sentiment_avg         float64      4             0.009562             0.009562             0.009562             0.009562             0.009562             0.009562        0.0
pull_request_review_changes_requested_ov_sentiment_avg          float64      4             0.349031             0.349031             0.349031             0.349031             0.349031             0.349031        0.0
pull_request_review_commented_pos_sentiment_avg                 float64      2                0.333                0.333                0.333                0.333                0.333                0.333        0.0
pull_request_review_commented_neg_sentiment_avg                 float64      2                  0.0                  0.0                  0.0                  0.0                  0.0                  0.0        0.0
pull_request_review_commented_ov_sentiment_avg                  float64      2               0.3612               0.3612               0.3612               0.3612               0.3612               0.3612        0.0
pct_merged_with_approved                                        float64      7             0.072817                  0.0             0.027778               0.0625             0.095833                  0.2   0.070646
pct_merged_with_review                                          float64      7             0.187284                  0.0             0.174242               0.1875                  0.2                0.375   0.108851
avg_pull_request_comment_count                                  float64      7             2.321789                  0.5             2.439394             2.555556             2.742424             2.833333   0.821659
avg_all_disc_count                                              float64      7             7.489899             2.666667             5.083333             8.090909             9.419192            12.666667   3.442122
avg_pull_request_review_count                                   float64      6             2.556397             0.833333             2.318182             2.477273             2.958333             4.166667   1.092122
avg_pull_request_review_comment_count                           float64      6             3.473064             0.833333             2.818182             3.363636              4.19697             6.166667   1.780899
avg_pull_request_comment_exclude_opener_count                   float64      7               1.6322             0.333333             1.657143             1.777778                  2.0                  2.0   0.594678
avg_all_disc_exclude_opener_count                               float64      7             5.292971                  2.0             3.233333             5.444444             6.769841                  9.6   2.692799
avg_pull_request_review_exclude_opener_count                    float64      6             1.588889                  0.4             1.277778             1.555556             1.916667                  2.8   0.801326
avg_pull_request_review_comment_exclude_opener_count            float64      6             2.682011                  0.4             1.861111             2.555556             3.452381                  5.2   1.655357
clustering_coefficient                                          float64      8             0.114254                  0.0             0.045988             0.094982             0.194055                 0.25   0.090231

