File: drive/output/derived/org_outcomes_practices/repo_discussion_quality/all/rolling5/foundation-model-stack___fastsafetensors.parquet

MD5 hash: 6a4421d9eb276db9852ca20f22fb52b3

Keys: time_period 

                                                         type  count                 mean                  min                  25%                  50%                  75%                  max       std
time_period                                    datetime64[ns]      2  2024-10-01 00:00:00  2024-07-01 00:00:00  2024-08-16 00:00:00  2024-10-01 00:00:00  2024-11-16 00:00:00  2025-01-01 00:00:00          
response_rate                                         float64      2             0.726852             0.703704             0.715278             0.726852             0.738426                 0.75  0.032736
mean_days_to_respond                                  float64      2             1.329618             0.597213             0.963415             1.329618              1.69582             2.062023  1.035777
pos_sentiment_avg                                     float64      2             0.152514             0.122711             0.137613             0.152514             0.167415             0.182317  0.042147
neg_sentiment_avg                                     float64      2             0.050497             0.045561             0.048029             0.050497             0.052965             0.055433  0.006981
ov_sentiment_avg                                      float64      2             0.164107             0.106894               0.1355             0.164107             0.192713              0.22132  0.080912
response_rate_issue_comment                           float64      2             0.733333             0.666667                  0.7             0.733333             0.766667                  0.8  0.094281
response_rate_issue_opened                            float64      2                  1.0                  1.0                  1.0                  1.0                  1.0                  1.0       0.0
response_rate_pull_request_comment                    float64      2             0.214286                  0.0             0.107143             0.214286             0.321429             0.428571  0.303046
response_rate_pull_request_opened                     float64      2                  1.0                  1.0                  1.0                  1.0                  1.0                  1.0       0.0
mean_days_to_respond_issue_comment                    float64      2             1.302649             0.854198             1.078424             1.302649             1.526874               1.7511  0.634205
mean_days_to_respond_issue_opened                     float64      2             1.253887             0.071157             0.662522             1.253887             1.845252             2.436617  1.672633
mean_days_to_respond_pull_request_opened              float64      2             1.252707             0.095324             0.674015             1.252707             1.831398              2.41009  1.636786
mean_days_to_respond_to_last_comment                  float64      2              2.08689             1.742448             1.914669              2.08689             2.259111             2.431332  0.487115
mean_days_to_respond_pull_request_comment             float64      1             1.927604             1.927604             1.927604             1.927604             1.927604             1.927604          
issue_comment_pos_sentiment_avg                       float64      2             0.162867             0.147389             0.155128             0.162867             0.170606             0.178345  0.021889
issue_comment_neg_sentiment_avg                       float64      2             0.006581             0.005056             0.005818             0.006581             0.007343             0.008106  0.002157
issue_comment_ov_sentiment_avg                        float64      2             0.223994             0.179838             0.201916             0.223994             0.246072              0.26815  0.062446
issue_opened_pos_sentiment_avg                        float64      2              0.04397             0.017441             0.030706              0.04397             0.057235               0.0705  0.037519
issue_opened_neg_sentiment_avg                        float64      2             0.007802                  0.0             0.003901             0.007802             0.011703             0.015604  0.011034
issue_opened_ov_sentiment_avg                         float64      2             0.077226            -0.004649             0.036288             0.077226             0.118163               0.1591  0.115788
pull_request_comment_pos_sentiment_avg                float64      2             0.451985              0.17497             0.313477             0.451985             0.590492                0.729  0.391759
pull_request_comment_neg_sentiment_avg                float64      2             0.014777                  0.0             0.007388             0.014777             0.022165             0.029553  0.020897
pull_request_comment_ov_sentiment_avg                 float64      2             0.297026             0.193252             0.245139             0.297026             0.348913               0.4008  0.146758
pull_request_opened_pos_sentiment_avg                 float64      2             0.043136             0.016606             0.029871             0.043136             0.056402             0.069667   0.03752
pull_request_opened_neg_sentiment_avg                 float64      2             0.207409             0.152818             0.180114             0.207409             0.234705                0.262  0.077203
pull_request_opened_ov_sentiment_avg                  float64      2            -0.021156            -0.064512            -0.042834            -0.021156             0.000522               0.0222  0.061315
pct_merged_with_approved                              float64      2                  0.0                  0.0                  0.0                  0.0                  0.0                  0.0       0.0
pct_merged_with_review                                float64      2                  0.0                  0.0                  0.0                  0.0                  0.0                  0.0       0.0
avg_pull_request_comment_count                        float64      2                1.875                  1.0               1.4375                1.875               2.3125                 2.75  1.237437
avg_all_disc_count                                    float64      2                1.875                  1.0               1.4375                1.875               2.3125                 2.75  1.237437
avg_pull_request_comment_exclude_opener_count         float64      2                1.125                  1.0               1.0625                1.125               1.1875                 1.25  0.176777
avg_all_disc_exclude_opener_count                     float64      2                1.125                  1.0               1.0625                1.125               1.1875                 1.25  0.176777
clustering_coefficient                                float64      2                  0.0                  0.0                  0.0                  0.0                  0.0                  0.0       0.0

