File: drive/output/derived/org_outcomes_practices/repo_discussion_quality/all/rolling5/fsoubelet___instasave.parquet

MD5 hash: 6f71eb51e9e1e9eaa9d2e55af5c59fe4

Keys: time_period 

                                                         type  count                 mean                  min                  25%                  50%                  75%                  max       std
time_period                                    datetime64[ns]     10  2022-10-01 04:48:00  2020-07-01 00:00:00  2021-08-16 00:00:00  2022-10-01 00:00:00  2023-11-16 00:00:00  2025-01-01 00:00:00          
response_rate                                         float64      4             0.964286             0.857143             0.964286                  1.0                  1.0                  1.0  0.071429
mean_days_to_respond                                  float64      4             0.030005             0.000027             0.000028             0.000032             0.030008             0.119929  0.059949
pos_sentiment_avg                                     float64      4                0.012                  0.0                  0.0                  0.0                0.012                0.048     0.024
neg_sentiment_avg                                     float64      4                 0.33                0.165                 0.33                0.385                0.385                0.385      0.11
ov_sentiment_avg                                      float64      4            -0.290371              -0.3612              -0.3612              -0.3612            -0.290371            -0.077886  0.141657
response_rate_pull_request_comment                    float64      4                  1.0                  1.0                  1.0                  1.0                  1.0                  1.0       0.0
response_rate_issue_comment                           float64      1             0.666667             0.666667             0.666667             0.666667             0.666667             0.666667          
response_rate_issue_opened                            float64      1                  1.0                  1.0                  1.0                  1.0                  1.0                  1.0          
mean_days_to_respond_pull_request_comment             float64      4             0.000027             0.000019             0.000025             0.000028              0.00003             0.000035  0.000006
mean_days_to_respond_to_last_comment                  float64      4              0.00535             0.000027             0.000028             0.000032             0.005353             0.021308  0.010639
mean_days_to_respond_issue_comment                    float64      1             0.247894             0.247894             0.247894             0.247894             0.247894             0.247894          
mean_days_to_respond_issue_opened                     float64      1             0.223727             0.223727             0.223727             0.223727             0.223727             0.223727          
pull_request_comment_pos_sentiment_avg                float64      4                  0.0                  0.0                  0.0                  0.0                  0.0                  0.0       0.0
pull_request_comment_neg_sentiment_avg                float64      4                0.385                0.385                0.385                0.385                0.385                0.385       0.0
pull_request_comment_ov_sentiment_avg                 float64      4              -0.3612              -0.3612              -0.3612              -0.3612              -0.3612              -0.3612       0.0
issue_comment_pos_sentiment_avg                       float64      1                0.112                0.112                0.112                0.112                0.112                0.112          
issue_comment_neg_sentiment_avg                       float64      1                  0.0                  0.0                  0.0                  0.0                  0.0                  0.0          
issue_comment_ov_sentiment_avg                        float64      1             0.179467             0.179467             0.179467             0.179467             0.179467             0.179467          
issue_opened_pos_sentiment_avg                        float64      1                  0.0                  0.0                  0.0                  0.0                  0.0                  0.0          
issue_opened_neg_sentiment_avg                        float64      1                  0.0                  0.0                  0.0                  0.0                  0.0                  0.0          
issue_opened_ov_sentiment_avg                         float64      1                  0.0                  0.0                  0.0                  0.0                  0.0                  0.0          
pct_merged_with_approved                              float64      3                  0.0                  0.0                  0.0                  0.0                  0.0                  0.0       0.0
pct_merged_with_review                                float64      3                  0.0                  0.0                  0.0                  0.0                  0.0                  0.0       0.0
avg_pull_request_comment_count                        float64      4             1.358243             1.238095             1.340774             1.383152             1.400621             1.428571  0.083177
avg_all_disc_count                                    float64      4             1.358243             1.238095             1.340774             1.383152             1.400621             1.428571  0.083177
avg_pull_request_comment_exclude_opener_count         float64      4                  1.0                  1.0                  1.0                  1.0                  1.0                  1.0       0.0
avg_all_disc_exclude_opener_count                     float64      4                  1.0                  1.0                  1.0                  1.0                  1.0                  1.0       0.0
clustering_coefficient                                float64     10                  0.0                  0.0                  0.0                  0.0                  0.0                  0.0       0.0

