File: drive/output/derived/org_outcomes_practices/repo_discussion_quality/all/rolling5/gnikit___tkinter-tooltip.parquet

MD5 hash: f7e59cbe0afb6f0503ea0c94ed7537ce

Keys: time_period 

                                                                   type  count                           mean                  min                  25%                  50%                  75%                  max        std
time_period                                              datetime64[ns]      7  2023-07-02 03:25:42.857142784  2022-01-01 00:00:00  2022-10-01 00:00:00  2023-07-01 00:00:00  2024-04-01 00:00:00  2025-01-01 00:00:00           
response_rate                                                   float64      7                       0.755588             0.666667             0.756356             0.763636             0.780193             0.785714   0.041198
mean_days_to_respond                                            float64      7                      31.379532             3.555032            24.251945            29.002388            40.772548             57.05032  17.042435
pos_sentiment_avg                                               float64      7                       0.061998             0.054052              0.05636             0.058872             0.063525             0.081293   0.009289
neg_sentiment_avg                                               float64      7                       0.063337             0.008761             0.057308             0.065959             0.080873             0.092276   0.028146
ov_sentiment_avg                                                float64      7                       0.039866            -0.005149             0.007142             0.026644             0.052735             0.137811   0.049477
response_rate_issue_comment                                     float64      7                       0.579013             0.333333             0.565831                  0.6             0.636905             0.714286   0.121621
response_rate_issue_opened                                      float64      7                            1.0                  1.0                  1.0                  1.0                  1.0                  1.0        0.0
response_rate_pull_request_comment                              float64      5                       0.166667                  0.0                  0.0                 0.25                 0.25             0.333333   0.155902
response_rate_pull_request_opened                               float64      5                            1.0                  1.0                  1.0                  1.0                  1.0                  1.0        0.0
mean_days_to_respond_issue_comment                              float64      7                      29.669321             0.679734             26.84643             29.22594             37.48114            49.124431  15.238855
mean_days_to_respond_issue_opened                               float64      7                      36.938584             4.513465             37.28409            43.543481            44.098279            47.748403  14.914868
mean_days_to_respond_to_last_comment                            float64      7                      40.495701             0.236894            24.430706             27.26323             62.77538            81.557609  29.801504
mean_days_to_respond_pull_request_opened                        float64      5                      40.931738            16.027079            16.027079             21.19861            45.424572            105.98135  38.345528
mean_days_to_respond_pull_request_comment                       float64      3                       5.429688             5.429688             5.429688             5.429688             5.429688             5.429688        0.0
issue_comment_pos_sentiment_avg                                 float64      7                       0.104122             0.080609             0.083775             0.090033             0.097716             0.195229   0.040771
issue_comment_neg_sentiment_avg                                 float64      7                       0.017899             0.008083             0.013612             0.015122             0.023381             0.028098   0.007196
issue_comment_ov_sentiment_avg                                  float64      7                       0.128979             0.064209             0.076685             0.088115             0.134241             0.328677   0.092741
issue_opened_pos_sentiment_avg                                  float64      7                       0.043128               0.0094             0.039072             0.049669              0.05325             0.058186    0.01676
issue_opened_neg_sentiment_avg                                  float64      7                       0.036869               0.0182             0.033802              0.03705             0.042625             0.049978   0.010591
issue_opened_ov_sentiment_avg                                   float64      7                      -0.015797            -0.042028             -0.02871            -0.007796            -0.002775             0.002216   0.017756
pull_request_opened_pos_sentiment_avg                           float64      7                        0.02621             0.015529             0.022084             0.025235             0.029643              0.03925   0.007693
pull_request_opened_neg_sentiment_avg                           float64      7                       0.155682                  0.0             0.155017             0.171955             0.194349             0.219089   0.072594
pull_request_opened_ov_sentiment_avg                            float64      7                      -0.032584            -0.080846            -0.074546            -0.045186            -0.029171             0.105375   0.064694
pull_request_review_comment_pos_sentiment_avg                   float64      0                                                                                                                                                   
pull_request_review_comment_neg_sentiment_avg                   float64      0                                                                                                                                                   
pull_request_review_comment_ov_sentiment_avg                    float64      0                                                                                                                                                   
pull_request_comment_pos_sentiment_avg                          float64      5                       0.017223             0.013813             0.013813              0.01424             0.022125             0.022125   0.004478
pull_request_comment_neg_sentiment_avg                          float64      5                       0.045372             0.027594             0.027594             0.057104             0.057104             0.057464    0.01623
pull_request_comment_ov_sentiment_avg                           float64      5                      -0.043011            -0.071633             -0.05296             -0.05296             -0.01875             -0.01875   0.023422
pull_request_review_changes_requested_pos_sentiment_avg         float64      5                       0.083429             0.083429             0.083429             0.083429             0.083429             0.083429        0.0
pull_request_review_changes_requested_neg_sentiment_avg         float64      5                       0.031286             0.031286             0.031286             0.031286             0.031286             0.031286        0.0
pull_request_review_changes_requested_ov_sentiment_avg          float64      5                         0.0791               0.0791               0.0791               0.0791               0.0791               0.0791        0.0
pct_merged_with_approved                                        float64      7                       0.500217                  0.0             0.556818              0.57377             0.593103             0.627907   0.222092
pct_merged_with_review                                          float64      7                       0.519682                  0.0             0.579173             0.590909             0.618678             0.651163   0.230708
avg_all_disc_count                                              float64      6                       1.452085             1.230769             1.377049             1.510855             1.532225             1.588235   0.138566
avg_pull_request_review_count                                   float64      6                        0.85748             0.647059             0.742907             0.849792             0.972973             1.076923   0.164286
avg_pull_request_review_comment_count                           float64      5                       0.074877             0.032787             0.038462             0.054054             0.095238             0.153846   0.050453
avg_pull_request_comment_count                                  float64      5                       0.638649             0.238095             0.567568             0.692308             0.754098             0.941176   0.261355
avg_all_disc_exclude_opener_count                               float64      6                       1.339655                  1.0             1.216667             1.428672             1.463111                 1.56   0.215947
avg_pull_request_review_exclude_opener_count                    float64      6                       0.827882                 0.66             0.729977             0.822712             0.927778                  1.0   0.133555
avg_pull_request_comment_exclude_opener_count                   float64      5                       0.614129                  0.2             0.555556             0.686275             0.728814                  0.9   0.262209
clustering_coefficient                                          float64      7                            0.0                  0.0                  0.0                  0.0                  0.0                  0.0        0.0

