File: drive/output/derived/org_outcomes_practices/repo_discussion_quality/all/rolling5/h2non___filetype.py.parquet

MD5 hash: cff55d49b2923a5b653eb23471f9a6d1

Keys: time_period 

                                                                type  count                 mean                  min                  25%                  50%                  75%                  max        std
time_period                                           datetime64[ns]     18  2020-09-30 16:00:00  2016-07-01 00:00:00  2018-08-16 00:00:00  2020-10-01 00:00:00  2022-11-16 00:00:00  2025-01-01 00:00:00           
response_rate                                                float64     16             0.579923                  0.4             0.480959             0.588508             0.666667             0.714286   0.104206
mean_days_to_respond                                         float64     16            29.415686             0.236146             2.498221            14.401228            44.228607            89.313273  31.243558
pos_sentiment_avg                                            float64     17             0.121209                  0.0             0.083444             0.089869              0.13586              0.29095   0.079205
neg_sentiment_avg                                            float64     17             0.068944             0.033516             0.057273             0.066749             0.080106                0.106   0.019818
ov_sentiment_avg                                             float64     17             0.050444              -0.0772             0.036074             0.043431             0.073913             0.139928   0.047043
response_rate_pull_request_comment                           float64     15             0.452946             0.333333             0.388333             0.459459                  0.5             0.583333   0.083551
response_rate_pull_request_opened                            float64     16             0.800507                  0.0                0.675                  1.0                  1.0                  1.0   0.334812
response_rate_pull_request_review_comment                    float64     12             0.244115                  0.0                  0.0             0.214286             0.448718             0.578947   0.259082
mean_days_to_respond_pull_request_comment                    float64     15              42.9805             0.150583             0.699572             1.280451            81.426703           174.980575   62.45552
mean_days_to_respond_pull_request_opened                     float64     15            19.890098             0.246343             1.613723            25.022799            31.388197             48.88508  16.204364
mean_days_to_respond_to_last_comment                         float64     16            45.650058             0.242678             3.414937            13.760116            69.782256           154.948067  56.877502
mean_days_to_respond_pull_request_review_comment             float64      6             0.374256             0.264221             0.337427             0.380326             0.433949             0.445712   0.070841
pull_request_opened_pos_sentiment_avg                        float64     17             0.047171                  0.0                0.038             0.045656             0.051663             0.074872   0.018295
pull_request_opened_neg_sentiment_avg                        float64     17             0.140313             0.043557             0.096837             0.114605             0.173464               0.2885     0.0686
pull_request_opened_ov_sentiment_avg                         float64     17             -0.02567              -0.0772            -0.046394             -0.02092             -0.01307             0.038175   0.035114
pull_request_comment_pos_sentiment_avg                       float64     16             0.191883             0.104119             0.128585              0.13582             0.231864             0.417425   0.102962
pull_request_comment_neg_sentiment_avg                       float64     16             0.012889                  0.0                  0.0             0.013419             0.022976             0.033609   0.012885
pull_request_comment_ov_sentiment_avg                        float64     16             0.155223             0.081399             0.088557             0.113949             0.192713               0.5106   0.109173
pull_request_review_comment_pos_sentiment_avg                float64     12             0.068319                  0.0                  0.0             0.036346             0.142738             0.170242   0.076463
pull_request_review_comment_neg_sentiment_avg                float64     12             0.029417                  0.0             0.017439             0.023447             0.041667               0.0625   0.020907
pull_request_review_comment_ov_sentiment_avg                 float64     12            -0.025764             -0.21705              -0.1447             0.010942             0.108616             0.135448   0.138239
pull_request_review_commented_pos_sentiment_avg              float64      6             0.105292                  0.0              0.09025              0.09025             0.157938               0.1805   0.067938
pull_request_review_commented_neg_sentiment_avg              float64      6                  0.0                  0.0                  0.0                  0.0                  0.0                  0.0        0.0
pull_request_review_commented_ov_sentiment_avg               float64      6             0.055679                  0.0             0.047725             0.047725             0.083519              0.09545   0.035926
pct_merged_with_approved                                     float64     10                  0.0                  0.0                  0.0                  0.0                  0.0                  0.0        0.0
pct_merged_with_review                                       float64     10             0.056595                  0.0                  0.0             0.030556             0.078519             0.230769   0.074082
avg_all_disc_count                                           float64     16             2.852877                 1.75             2.206667             2.569444             2.891667             5.777778   1.094868
avg_pull_request_comment_count                               float64     16             1.796158             0.142857             1.454167             1.861111             2.197917                  2.8    0.69968
avg_pull_request_review_comment_count                        float64     12             0.673645             0.041667             0.132273             0.277778               0.8125             2.333333   0.819892
avg_pull_request_review_count                                float64     10             0.882376                 0.04             0.046591             0.588889             1.173077             2.666667   1.010802
avg_all_disc_exclude_opener_count                            float64     16             2.205585             1.454545             1.776786             1.926768                2.175             4.333333   0.845571
avg_pull_request_comment_exclude_opener_count                float64     15             1.509285                0.375              1.12395             1.666667             1.916667             2.333333    0.55853
avg_pull_request_review_comment_exclude_opener_count         float64     12             0.491033             0.045455             0.138393              0.20098             0.397727                  2.0    0.66019
avg_pull_request_review_exclude_opener_count                 float64     10             0.675768             0.041667             0.049603             0.361345             0.721591             2.333333   0.858955
clustering_coefficient                                       float64     17             0.064684                  0.0                  0.0             0.029269              0.12468             0.247771   0.075978

