File: drive/output/derived/org_outcomes_practices/repo_discussion_quality/all/rolling5/haosulab___maniskill2.parquet

MD5 hash: 52ecabffc0f95fef9006b5400344c153

Keys: time_period 

                                                                   type  count                 mean                  min                  25%                  50%                  75%                  max       std
time_period                                              datetime64[ns]      6  2023-10-01 08:00:00  2022-07-01 00:00:00  2023-02-15 06:00:00  2023-10-01 00:00:00  2024-05-16 12:00:00  2025-01-01 00:00:00          
response_rate                                                   float64      5             0.651254             0.588235             0.652516             0.661844             0.672026             0.681648  0.036879
mean_days_to_respond                                            float64      5             5.698382             5.237704             5.473041             5.527569             5.540849             6.712746  0.580071
pos_sentiment_avg                                               float64      5             0.105293             0.101602             0.101638             0.101699              0.10919             0.112335  0.005115
neg_sentiment_avg                                               float64      5             0.179013             0.120797             0.162514             0.175283             0.184702             0.251771  0.047438
ov_sentiment_avg                                                float64      5             0.061734             0.026612             0.058356             0.062993             0.069886             0.090822  0.023233
response_rate_issue_comment                                     float64      5             0.757732              0.72093             0.744304             0.745042             0.761628             0.816754  0.036036
response_rate_issue_opened                                      float64      5                  1.0                  1.0                  1.0                  1.0                  1.0                  1.0       0.0
response_rate_pull_request_comment                              float64      5             0.241587                  0.2             0.222222                 0.25                 0.25             0.285714  0.032378
response_rate_pull_request_opened                               float64      5             0.119956             0.068182             0.109375             0.111111             0.111111                  0.2  0.048363
response_rate_pull_request_review_comment                       float64      5             0.197004              0.15873             0.164179             0.170732             0.241379                 0.25   0.04475
mean_days_to_respond_issue_comment                              float64      5             5.768963             4.933027             5.149657               5.3843             6.390311             6.987519  0.880518
mean_days_to_respond_issue_opened                               float64      5             6.145674             1.304694             5.944891             6.455102             7.745361             9.278323  2.997651
mean_days_to_respond_pull_request_comment                       float64      5             0.293872              0.00169             0.293872             0.293872             0.293872             0.586053  0.206604
mean_days_to_respond_pull_request_opened                        float64      5             7.325169             3.082272             7.144471             7.349435             8.499861            10.549806  2.730091
mean_days_to_respond_pull_request_review_comment                float64      5             0.342367             0.019039             0.161964             0.161964             0.652747             0.716118  0.318456
mean_days_to_respond_to_last_comment                            float64      5            12.660668              6.68659              7.88742            13.258261            14.098672            21.372395   5.84792
issue_comment_pos_sentiment_avg                                 float64      5             0.135303             0.126768             0.129197             0.134052             0.138844             0.147652  0.008318
issue_comment_neg_sentiment_avg                                 float64      5             0.023522             0.019106             0.022522             0.023559             0.024307             0.028117  0.003249
issue_comment_ov_sentiment_avg                                  float64      5             0.135099             0.131101             0.132803             0.133533             0.136307             0.141752  0.004166
issue_opened_pos_sentiment_avg                                  float64      5             0.103826               0.0873             0.090116             0.110853             0.112955             0.117908  0.014072
issue_opened_neg_sentiment_avg                                  float64      5                0.028             0.022568             0.025138              0.02528             0.025496             0.041519  0.007651
issue_opened_ov_sentiment_avg                                   float64      5             0.092484             0.058674              0.09432             0.098949             0.100742             0.109734  0.019711
pull_request_comment_pos_sentiment_avg                          float64      5             0.112826             0.088794             0.103303             0.106083             0.107076             0.158875  0.026773
pull_request_comment_neg_sentiment_avg                          float64      5             0.008104                  0.0             0.005348             0.006474               0.0082               0.0205  0.007576
pull_request_comment_ov_sentiment_avg                           float64      5             0.169403             0.134005             0.152515             0.173034             0.182503             0.204958  0.027328
pull_request_opened_pos_sentiment_avg                           float64      5                  0.0                  0.0                  0.0                  0.0                  0.0                  0.0       0.0
pull_request_opened_neg_sentiment_avg                           float64      5                  1.0                  1.0                  1.0                  1.0                  1.0                  1.0       0.0
pull_request_opened_ov_sentiment_avg                            float64      5               -0.296               -0.296               -0.296               -0.296               -0.296               -0.296       0.0
pull_request_review_approved_pos_sentiment_avg                  float64      5             0.183278                  0.0             0.194633             0.194633             0.243292             0.283833  0.109043
pull_request_review_approved_neg_sentiment_avg                  float64      5                  0.0                  0.0                  0.0                  0.0                  0.0                  0.0       0.0
pull_request_review_approved_ov_sentiment_avg                   float64      5             0.195823                  0.0             0.206333             0.206333             0.257917             0.308533  0.117396
pull_request_review_comment_pos_sentiment_avg                   float64      5              0.07409             0.048562             0.070382              0.07955             0.084861             0.087095  0.015655
pull_request_review_comment_neg_sentiment_avg                   float64      5             0.019471             0.005784             0.011642             0.013062             0.032825             0.034041  0.013041
pull_request_review_comment_ov_sentiment_avg                    float64      5             0.101823             0.052413             0.099455             0.114855             0.118698             0.123697  0.029069
pull_request_review_commented_pos_sentiment_avg                 float64      5             0.167333                  0.1                 0.16                 0.16             0.166667                 0.25  0.053562
pull_request_review_commented_neg_sentiment_avg                 float64      5                  0.0                  0.0                  0.0                  0.0                  0.0                  0.0       0.0
pull_request_review_commented_ov_sentiment_avg                  float64      5             0.314563             0.204133               0.3062              0.34544              0.34544               0.3716  0.066001
pull_request_review_changes_requested_pos_sentiment_avg         float64      4             0.052453                  0.0             0.026297             0.061219             0.087375             0.087375   0.04279
pull_request_review_changes_requested_neg_sentiment_avg         float64      4             0.027401                  0.0             0.007828              0.03001             0.049583             0.049583  0.025966
pull_request_review_changes_requested_ov_sentiment_avg          float64      4             0.027552                  0.0             0.021684              0.03478             0.040648             0.040648  0.019183
pct_merged_with_approved                                        float64      5             0.668131             0.329897             0.421053             0.811321             0.837209             0.941176  0.273448
pct_merged_with_review                                          float64      5             0.707878             0.391753             0.473684             0.849057             0.883721             0.941176  0.254982
avg_pull_request_comment_count                                  float64      5             0.343362                  0.3             0.333333             0.351852             0.353846             0.377778  0.028928
avg_pull_request_review_count                                   float64      5             1.620285                  1.2             1.555556              1.62963             1.738462             1.977778  0.284026
avg_pull_request_review_comment_count                           float64      5             0.821937                  0.2             0.644444             0.759259             1.061538             1.444444  0.465608
avg_all_disc_count                                              float64      5             2.785584                  1.7             2.533333             2.740741             3.153846                  3.8  0.776014
avg_pull_request_comment_exclude_opener_count                   float64      5             0.120461             0.068182             0.109375             0.111111             0.113636                  0.2  0.048261
avg_pull_request_review_exclude_opener_count                    float64      5             1.397245                 1.15             1.351852             1.363636             1.484375             1.636364  0.179645
avg_pull_request_review_comment_exclude_opener_count            float64      5             0.594762                 0.15             0.454545             0.481481             0.796875             1.090909  0.359624
avg_all_disc_exclude_opener_count                               float64      5             2.112468                  1.5             1.931818             1.944444             2.390625             2.795455  0.494931
clustering_coefficient                                          float64      6             0.030611             0.020274             0.020297             0.020821              0.02163             0.079726  0.024069

