File: drive/output/derived/org_outcomes_practices/repo_discussion_quality/all/rolling5/hyperbrowserai___python-sdk.parquet

MD5 hash: f3ecce8fc230f6d0d104e32fb94ae82e

Keys: time_period 

                                                        type  count                 mean                  min                  25%                  50%                  75%                  max       std
time_period                                   datetime64[ns]      2  2024-10-01 00:00:00  2024-07-01 00:00:00  2024-08-16 00:00:00  2024-10-01 00:00:00  2024-11-16 00:00:00  2025-01-01 00:00:00          
response_rate                                        float64      1                  0.0                  0.0                  0.0                  0.0                  0.0                  0.0          
mean_days_to_respond                                 float64      0                                                                                                                                        
pos_sentiment_avg                                    float64      2                  0.0                  0.0                  0.0                  0.0                  0.0                  0.0       0.0
neg_sentiment_avg                                    float64      2                0.131                  0.0               0.0655                0.131               0.1965                0.262  0.185262
ov_sentiment_avg                                     float64      2               -0.074               -0.148               -0.111               -0.074               -0.037                  0.0  0.104652
response_rate_pull_request_opened                    float64      1                  0.0                  0.0                  0.0                  0.0                  0.0                  0.0          
issue_opened_pos_sentiment_avg                       float64      2                  0.0                  0.0                  0.0                  0.0                  0.0                  0.0       0.0
issue_opened_neg_sentiment_avg                       float64      2                  0.0                  0.0                  0.0                  0.0                  0.0                  0.0       0.0
issue_opened_ov_sentiment_avg                        float64      2                  0.0                  0.0                  0.0                  0.0                  0.0                  0.0       0.0
pull_request_opened_pos_sentiment_avg                float64      1                  0.0                  0.0                  0.0                  0.0                  0.0                  0.0          
pull_request_opened_neg_sentiment_avg                float64      1                0.524                0.524                0.524                0.524                0.524                0.524          
pull_request_opened_ov_sentiment_avg                 float64      1               -0.296               -0.296               -0.296               -0.296               -0.296               -0.296          
pct_merged_with_approved                             float64      1                  1.0                  1.0                  1.0                  1.0                  1.0                  1.0          
pct_merged_with_review                               float64      1                  1.0                  1.0                  1.0                  1.0                  1.0                  1.0          
avg_all_disc_count                                   float64      1                  1.0                  1.0                  1.0                  1.0                  1.0                  1.0          
avg_pull_request_review_count                        float64      1                  1.0                  1.0                  1.0                  1.0                  1.0                  1.0          
avg_all_disc_exclude_opener_count                    float64      1                  1.0                  1.0                  1.0                  1.0                  1.0                  1.0          
avg_pull_request_review_exclude_opener_count         float64      1                  1.0                  1.0                  1.0                  1.0                  1.0                  1.0          
clustering_coefficient                               float64      1                  0.0                  0.0                  0.0                  0.0                  0.0                  0.0          

