File: drive/output/derived/org_outcomes_practices/repo_discussion_quality/all/rolling5/idlesign___django-admirarchy.parquet

MD5 hash: 7d3aacf1bab09bfb30d72e5f176f2262

Keys: time_period 

                                                         type  count                 mean                  min                  25%                  50%                  75%                  max         std
time_period                                    datetime64[ns]     18  2019-10-01 08:00:00  2015-07-01 00:00:00  2017-08-16 00:00:00  2019-10-01 00:00:00  2021-11-16 00:00:00  2024-01-01 00:00:00            
response_rate                                         float64      5             0.590549                  0.5             0.538462                  0.6                  0.6             0.714286    0.081243
mean_days_to_respond                                  float64      5            36.252843             0.209249             0.470567             1.099205            81.628189            97.857005   49.166261
pos_sentiment_avg                                     float64      7             0.099085             0.057125             0.074914             0.095563              0.12736             0.136357    0.031778
neg_sentiment_avg                                     float64      7             0.012923             0.003722             0.010048             0.015028             0.016409               0.0188    0.005655
ov_sentiment_avg                                      float64      7             0.077952             0.031895             0.048124             0.056027             0.119073             0.123345    0.040501
response_rate_issue_comment                           float64      5             0.057143                  0.0                  0.0                  0.0                  0.0             0.285714    0.127775
response_rate_issue_opened                            float64      5                  1.0                  1.0                  1.0                  1.0                  1.0                  1.0         0.0
response_rate_pull_request_comment                    float64      4             0.458333                  0.0                0.375             0.583333             0.666667             0.666667    0.315495
response_rate_pull_request_opened                     float64      4                  1.0                  1.0                  1.0                  1.0                  1.0                  1.0         0.0
mean_days_to_respond_issue_opened                     float64      5            80.980884             0.264618             0.470567             0.470567           161.576289           242.122378  113.952993
mean_days_to_respond_pull_request_comment             float64      3             1.671836             0.000822             1.254083             2.507344             2.507344             2.507344    1.447141
mean_days_to_respond_pull_request_opened              float64      4             0.759731             0.025579             0.025579             0.093559             0.827711             2.826227    1.379154
mean_days_to_respond_to_last_comment                  float64      5             56.75975             0.169458             0.235694             0.470567           121.321887           161.601146   78.622341
mean_days_to_respond_issue_comment                    float64      1             0.122367             0.122367             0.122367             0.122367             0.122367             0.122367            
issue_comment_pos_sentiment_avg                       float64      7             0.098092                  0.0             0.075471             0.122777             0.133926             0.145075    0.055281
issue_comment_neg_sentiment_avg                       float64      7              0.00704                  0.0              0.00225             0.006367             0.007958               0.0225    0.007602
issue_comment_ov_sentiment_avg                        float64      7             0.096388               -0.037             0.088164             0.111488             0.140244              0.14341    0.064964
issue_opened_pos_sentiment_avg                        float64      7               0.0365                  0.0                  0.0                  0.0             0.082125              0.09125    0.045928
issue_opened_neg_sentiment_avg                        float64      7             0.015882             0.007389             0.009225              0.01025             0.021542                0.032    0.011084
issue_opened_ov_sentiment_avg                         float64      7             0.000966            -0.039717            -0.037717            -0.026478             0.047696             0.052996    0.045701
pull_request_comment_pos_sentiment_avg                float64      6              0.20025             0.156167             0.164042              0.21075             0.233833             0.233833    0.038545
pull_request_comment_neg_sentiment_avg                float64      6              0.02925                  0.0             0.010792             0.043167             0.043167                0.046    0.022684
pull_request_comment_ov_sentiment_avg                 float64      6             0.105869             0.098339             0.098339             0.105786             0.113233             0.113733    0.008251
pull_request_opened_pos_sentiment_avg                 float64      6               0.0665                  0.0                  0.0               0.0665                0.133                0.133    0.072847
pull_request_opened_neg_sentiment_avg                 float64      6             0.018167                  0.0                  0.0             0.018167             0.036333             0.036333    0.019901
pull_request_opened_ov_sentiment_avg                  float64      6             0.159617                  0.0                  0.0             0.159617             0.319233             0.319233    0.174851
pct_merged_with_approved                              float64      1                  0.0                  0.0                  0.0                  0.0                  0.0                  0.0            
pct_merged_with_review                                float64      1                  0.0                  0.0                  0.0                  0.0                  0.0                  0.0            
avg_pull_request_comment_count                        float64      6             3.166667                  2.0                  3.0                  3.0                 3.75                  4.0    0.752773
avg_all_disc_count                                    float64      6             3.166667                  2.0                  3.0                  3.0                 3.75                  4.0    0.752773
avg_pull_request_comment_exclude_opener_count         float64      6             3.166667                  2.0                  3.0                  3.0                 3.75                  4.0    0.752773
avg_all_disc_exclude_opener_count                     float64      6             3.166667                  2.0                  3.0                  3.0                 3.75                  4.0    0.752773
clustering_coefficient                                float64     18                  0.0                  0.0                  0.0                  0.0                  0.0                  0.0         0.0

