File: drive/output/derived/org_outcomes_practices/repo_discussion_quality/all/rolling5/jasonacox___tinytuya.parquet

MD5 hash: e31f9f48a6e0119c55876d9587695386

Keys: time_period 

                                                                type  count                 mean                  min                  25%                  50%                  75%                  max       std
time_period                                           datetime64[ns]     10  2022-10-01 04:48:00  2020-07-01 00:00:00  2021-08-16 00:00:00  2022-10-01 00:00:00  2023-11-16 00:00:00  2025-01-01 00:00:00          
response_rate                                                float64     10              0.54463             0.376471              0.54824             0.557933             0.567548             0.627219   0.06526
mean_days_to_respond                                         float64     10             0.655778             0.335287             0.478406             0.667898             0.825881             1.069501   0.25268
pos_sentiment_avg                                            float64     10             0.180355             0.137297              0.15689             0.171395              0.21159             0.226636  0.032019
neg_sentiment_avg                                            float64     10             0.044383             0.034243             0.039186             0.040577             0.047797             0.065085  0.009443
ov_sentiment_avg                                             float64     10             0.151569             0.090106             0.117894             0.151687             0.183435             0.216614  0.041316
response_rate_pull_request_comment                           float64     10             0.556553                  0.3             0.473786             0.559908             0.622513                  0.8  0.156232
response_rate_pull_request_opened                            float64     10             0.730571                  0.2             0.649031             0.774963             0.909722             0.954545  0.237257
response_rate_pull_request_review_comment                    float64     10             0.198542                  0.0                  0.0             0.295017              0.33726             0.369231  0.172677
mean_days_to_respond_pull_request_comment                    float64     10             0.893342               0.1411             0.432945              0.90148             1.315884             1.732345  0.554105
mean_days_to_respond_pull_request_opened                     float64     10             0.407144             0.184757             0.401466             0.438821             0.463468             0.533989  0.114249
mean_days_to_respond_to_last_comment                         float64     10             0.557282             0.382681              0.46419             0.581887             0.622647             0.725927  0.119105
mean_days_to_respond_pull_request_review_comment             float64      6             0.369979             0.286833              0.30545             0.315943             0.453534             0.499807  0.100237
pull_request_comment_pos_sentiment_avg                       float64     10             0.256669             0.113993             0.195579             0.236355              0.34184             0.367895  0.089115
pull_request_comment_neg_sentiment_avg                       float64     10             0.045888             0.029791             0.036389             0.041381             0.056524             0.070513  0.013175
pull_request_comment_ov_sentiment_avg                        float64     10             0.210333             0.018734             0.138322             0.192025             0.311107             0.348684  0.110533
pull_request_opened_pos_sentiment_avg                        float64     10             0.060327             0.037311             0.054136              0.05872             0.065142             0.080482  0.012244
pull_request_opened_neg_sentiment_avg                        float64     10             0.053913             0.008194             0.050559             0.053858             0.059253             0.091589  0.020624
pull_request_opened_ov_sentiment_avg                         float64     10             0.053997             0.025036             0.040244             0.046546             0.055027             0.113033  0.025353
pull_request_review_comment_pos_sentiment_avg                float64     10             0.132835             0.049667             0.049667             0.179388             0.189097             0.202028  0.071872
pull_request_review_comment_neg_sentiment_avg                float64     10             0.030184             0.006083             0.029306             0.031636               0.0365               0.0365  0.009143
pull_request_review_comment_ov_sentiment_avg                 float64     10             0.123601             0.046683             0.046683             0.150127             0.159628             0.269853  0.074837
pull_request_review_commented_pos_sentiment_avg              float64      9             0.223867                0.098                0.098               0.2868                0.334                0.334  0.120337
pull_request_review_commented_neg_sentiment_avg              float64      9             0.012133                  0.0                  0.0               0.0182              0.02275              0.02275    0.0116
pull_request_review_commented_ov_sentiment_avg               float64      9             0.132191               0.0772               0.0772             0.159687             0.180308             0.180308  0.052575
pull_request_review_approved_pos_sentiment_avg               float64      3                 0.09                  0.0                  0.0                  0.0                0.135                 0.27  0.155885
pull_request_review_approved_neg_sentiment_avg               float64      3                  0.0                  0.0                  0.0                  0.0                  0.0                  0.0       0.0
pull_request_review_approved_ov_sentiment_avg                float64      3               0.1298                  0.0                  0.0                  0.0               0.1947               0.3894   0.22482
pct_merged_with_approved                                     float64     10             0.013366                  0.0                  0.0             0.005618             0.019761             0.064516  0.020301
pct_merged_with_review                                       float64     10             0.172755                  0.0                 0.01             0.179381             0.280442             0.435484  0.160366
avg_pull_request_comment_count                               float64     10             2.058077             1.378378             1.578846             2.331336              2.44066                  2.5  0.469689
avg_pull_request_review_count                                float64     10             1.069088             0.076923             0.159821             0.818493             1.494897             3.513514  1.103554
avg_pull_request_review_comment_count                        float64     10             1.136947             0.086957             0.225893             1.047945             1.480026             3.621622  1.097077
avg_all_disc_count                                           float64     10             4.264113             1.652174             2.254464             4.260274             5.424715             8.513514  2.241641
avg_pull_request_comment_exclude_opener_count                float64     10             1.339688                 0.75             1.265369             1.342723             1.396936                  2.0  0.304153
avg_pull_request_review_exclude_opener_count                 float64     10             0.829721             0.083333             0.160606             0.672535             1.117368             2.666667  0.816116
avg_pull_request_review_comment_exclude_opener_count         float64     10             0.902185             0.090909             0.234848             0.901408             1.102273             2.805556  0.826759
avg_all_disc_exclude_opener_count                            float64     10             3.071594             1.363636             1.754545             3.208955                3.625             6.222222  1.517358
clustering_coefficient                                       float64     10             0.075935             0.007014             0.009692             0.037985             0.063256             0.430887  0.128004

