File: drive/output/derived/org_outcomes_practices/repo_discussion_quality/all/rolling5/joke2k___django-environ.parquet

MD5 hash: 1ed94152468b05fd87e1fc4512ffd610

Keys: time_period 

                                                                   type  count                           mean                  min                  25%                  50%                  75%                  max         std
time_period                                              datetime64[ns]     21  2019-12-31 17:08:34.285714176  2015-01-01 00:00:00  2017-07-01 00:00:00  2020-01-01 00:00:00  2022-07-01 00:00:00  2025-01-01 00:00:00            
response_rate                                                   float64     21                         0.6371             0.228571             0.553672             0.706897             0.746269             0.833333    0.167465
mean_days_to_respond                                            float64     21                     122.308123            11.576918            38.867328           161.552892           179.190958           241.667542   79.180043
pos_sentiment_avg                                               float64     21                       0.105013             0.078197             0.097841             0.104398              0.11287             0.131319    0.011843
neg_sentiment_avg                                               float64     21                       0.070697             0.027775             0.047176             0.076605             0.087637             0.113439    0.027255
ov_sentiment_avg                                                float64     21                       0.086803             0.040427              0.07062             0.084353             0.111376             0.130957    0.025415
response_rate_pull_request_comment                              float64     21                       0.554691              0.39823             0.442953             0.585106             0.615385             0.714286    0.095291
response_rate_pull_request_opened                               float64     21                       0.877456             0.185185             0.965517                  1.0                  1.0                  1.0    0.253145
response_rate_pull_request_review_comment                       float64     17                       0.090307                  0.0                  0.0             0.090909                  0.2                 0.25    0.095216
mean_days_to_respond_pull_request_comment                       float64     21                     156.784465             7.449321            28.705805           138.515324           255.332725           383.158599  123.302889
mean_days_to_respond_pull_request_opened                        float64     21                       85.74106             0.146458            24.031988            66.998855            139.33702            232.36785   72.043798
mean_days_to_respond_to_last_comment                            float64     21                     211.030021            11.721485            47.699953           306.249129           334.006451           412.295172  149.650318
mean_days_to_respond_pull_request_review_comment                float64     10                       7.210828             0.016366             0.016366             7.210828            14.405289            14.405289    7.583629
pull_request_comment_pos_sentiment_avg                          float64     21                       0.123993             0.081765             0.103114             0.124785             0.145689             0.166643    0.024076
pull_request_comment_neg_sentiment_avg                          float64     21                       0.022503              0.00725             0.012988             0.015132             0.018158             0.056872    0.016377
pull_request_comment_ov_sentiment_avg                           float64     21                       0.135852             0.079456             0.104834              0.13342             0.158584             0.209847    0.039102
pull_request_opened_pos_sentiment_avg                           float64     21                       0.066269               0.0184             0.037867             0.062668             0.090945             0.121165    0.030274
pull_request_opened_neg_sentiment_avg                           float64     21                       0.151621              0.06526             0.117219             0.158779              0.18537             0.225975    0.050561
pull_request_opened_ov_sentiment_avg                            float64     21                      -0.008039            -0.088168            -0.028163            -0.011812             0.010831             0.099453    0.052605
pull_request_review_comment_pos_sentiment_avg                   float64     17                       0.047894                  0.0             0.004083               0.0438              0.05475              0.13832    0.050886
pull_request_review_comment_neg_sentiment_avg                   float64     17                       0.028693                  0.0               0.0211             0.026375             0.041397                0.062    0.021782
pull_request_review_comment_ov_sentiment_avg                    float64     17                       0.029362            -0.075845                  0.0              0.04404              0.05505             0.139541    0.068908
pull_request_review_approved_pos_sentiment_avg                  float64      8                       0.441125               0.1195             0.450708             0.482167                0.519             0.529333    0.135244
pull_request_review_approved_neg_sentiment_avg                  float64      8                            0.0                  0.0                  0.0                  0.0                  0.0                  0.0         0.0
pull_request_review_approved_ov_sentiment_avg                   float64      8                        0.40969                0.148             0.423267               0.4396              0.46736             0.498533    0.111199
pull_request_review_changes_requested_pos_sentiment_avg         float64      8                       0.224048              0.18375              0.18375             0.234638             0.257287             0.257287    0.034827
pull_request_review_changes_requested_neg_sentiment_avg         float64      8                       0.010901                  0.0                  0.0             0.010896             0.021805             0.021805    0.010601
pull_request_review_changes_requested_ov_sentiment_avg          float64      8                       0.381399               0.3259               0.3259             0.404784             0.414644             0.434639    0.047168
pct_merged_with_approved                                        float64     10                       0.387307                  0.0             0.266238             0.370098             0.615523                 0.72    0.265915
pct_merged_with_review                                          float64     10                       0.387307                  0.0             0.266238             0.370098             0.615523                 0.72    0.265915
avg_pull_request_comment_count                                  float64     21                       1.943534             0.591837                  1.6             2.166667             2.352941             2.588235    0.547266
avg_all_disc_count                                              float64     21                       2.307315                  1.6             2.188119             2.317073              2.45098             2.636364     0.22062
avg_pull_request_review_comment_count                           float64     17                       0.151833             0.033333             0.078431             0.104167             0.179487              0.44898    0.125026
avg_pull_request_review_count                                   float64     10                       0.505825             0.033333             0.241224             0.342388             0.724477             1.285714    0.440569
avg_pull_request_comment_exclude_opener_count                   float64     21                       1.627237             0.434783                  1.4                 1.88             1.941176             2.109091    0.477956
avg_all_disc_exclude_opener_count                               float64     21                        1.95048                  1.4             1.916667             1.964286                  2.0             2.145455    0.150554
avg_pull_request_review_comment_exclude_opener_count            float64     17                       0.113964                0.025             0.039216             0.044444             0.141593             0.391304    0.114009
avg_pull_request_review_exclude_opener_count                    float64     10                       0.485072             0.035714             0.214302             0.318907             0.692755             1.282609    0.432462
clustering_coefficient                                          float64     21                       0.038991                  0.0              0.03064             0.036156              0.04828             0.071163    0.017677

