File: drive/output/derived/org_outcomes_practices/repo_discussion_quality/all/rolling5/juftin___hatch-pip-compile.parquet

MD5 hash: ae884a535b991e745b265e87190cf11f

Keys: time_period 

                                                                type  count                 mean                  min                  25%                  50%                  75%                  max       std
time_period                                           datetime64[ns]      4  2024-04-01 00:00:00  2023-07-01 00:00:00  2023-11-16 00:00:00  2024-04-01 00:00:00  2024-08-16 00:00:00  2025-01-01 00:00:00          
response_rate                                                float64      4             0.601055             0.572289             0.593745             0.607825             0.615135             0.616279  0.020387
mean_days_to_respond                                         float64      4             2.221086             0.514111             1.408614              2.44292             3.255392             3.484392  1.377428
pos_sentiment_avg                                            float64      4             0.114269             0.109917             0.111595             0.112787              0.11546             0.121584  0.005088
neg_sentiment_avg                                            float64      4             0.028443             0.027582             0.028179             0.028582             0.028846             0.029026  0.000633
ov_sentiment_avg                                             float64      4             0.117671             0.114342             0.115478              0.11712             0.119314             0.122103  0.003393
response_rate_issue_comment                                  float64      4             0.712887             0.704545             0.705084             0.708796               0.7166             0.729412  0.011563
response_rate_issue_opened                                   float64      4                  1.0                  1.0                  1.0                  1.0                  1.0                  1.0       0.0
response_rate_pull_request_comment                           float64      4             0.404813             0.382353             0.382353             0.391176             0.413636             0.454545  0.034183
response_rate_pull_request_opened                            float64      4             0.610214             0.521739             0.599185             0.636029             0.647059             0.647059  0.059893
response_rate_pull_request_review_comment                    float64      4             0.437908             0.432836             0.432836             0.432836             0.437908             0.453125  0.010145
mean_days_to_respond_issue_comment                           float64      4             3.712311             0.495209             1.842277             4.040772             5.910806              6.27249  2.783364
mean_days_to_respond_issue_opened                            float64      4              1.18778             0.870057              1.01748             1.199517             1.369817             1.482031   0.27272
mean_days_to_respond_pull_request_comment                    float64      4             0.860672             0.258405             0.858345             1.058324             1.060652             1.067634  0.401535
mean_days_to_respond_pull_request_opened                     float64      4             2.973201             1.020473              2.88586             3.507656             3.594997             3.857019  1.312195
mean_days_to_respond_pull_request_review_comment             float64      4             0.046139             0.046139             0.046139             0.046139             0.046139             0.046139       0.0
mean_days_to_respond_to_last_comment                         float64      4             4.441656             0.492835             2.423103             4.922703             6.941257             7.428382  3.259209
issue_comment_pos_sentiment_avg                              float64      4             0.125616             0.121008             0.123267               0.1263             0.128649             0.128859   0.00379
issue_comment_neg_sentiment_avg                              float64      4             0.033647             0.031961             0.032142             0.033402             0.034907             0.035823  0.001877
issue_comment_ov_sentiment_avg                               float64      4             0.129982             0.125713             0.127946             0.130059             0.132095             0.134098  0.003602
issue_opened_pos_sentiment_avg                               float64      4             0.068867             0.052026             0.064254             0.068565             0.073178             0.086311  0.014002
issue_opened_neg_sentiment_avg                               float64      4             0.028071             0.025438             0.026115             0.027265             0.029222             0.032316  0.003053
issue_opened_ov_sentiment_avg                                float64      4             0.060044             0.025148             0.053228             0.065555             0.072371             0.083916   0.02494
pull_request_comment_pos_sentiment_avg                       float64      4             0.117335              0.10533              0.10533               0.1063             0.118306             0.151409  0.022734
pull_request_comment_neg_sentiment_avg                       float64      4              0.01669             0.014803             0.015061             0.015146             0.016775             0.021663  0.003319
pull_request_comment_ov_sentiment_avg                        float64      4             0.130007             0.118328              0.12043             0.121131             0.130707             0.159437  0.019665
pull_request_opened_pos_sentiment_avg                        float64      4             0.033097             0.031766             0.031766             0.032624             0.033955             0.035373   0.00172
pull_request_opened_neg_sentiment_avg                        float64      4             0.028884             0.024996             0.028483             0.029646             0.030047             0.031248    0.0027
pull_request_opened_ov_sentiment_avg                         float64      4             0.004819            -0.002653             0.004722              0.00718             0.007277             0.007568  0.004984
pull_request_review_approved_pos_sentiment_avg               float64      4               0.3998               0.3998               0.3998               0.3998               0.3998               0.3998       0.0
pull_request_review_approved_neg_sentiment_avg               float64      4                0.018                0.018                0.018                0.018                0.018                0.018       0.0
pull_request_review_approved_ov_sentiment_avg                float64      4              0.39894              0.39894              0.39894              0.39894              0.39894              0.39894       0.0
pull_request_review_comment_pos_sentiment_avg                float64      4             0.125578             0.124574             0.124574             0.124574             0.125578              0.12859  0.002008
pull_request_review_comment_neg_sentiment_avg                float64      4             0.030691             0.030665             0.030691             0.030699             0.030699             0.030699  0.000017
pull_request_review_comment_ov_sentiment_avg                 float64      4             0.140301             0.139753             0.139753             0.139753             0.140301             0.141942  0.001094
pull_request_review_commented_pos_sentiment_avg              float64      4             0.174625             0.174625             0.174625             0.174625             0.174625             0.174625       0.0
pull_request_review_commented_neg_sentiment_avg              float64      4             0.029625             0.029625             0.029625             0.029625             0.029625             0.029625       0.0
pull_request_review_commented_ov_sentiment_avg               float64      4             0.117887             0.117887             0.117887             0.117887             0.117887             0.117887       0.0
pct_merged_with_approved                                     float64      4             0.345338             0.275862             0.275862             0.286079             0.355556             0.533333    0.1257
pct_merged_with_review                                       float64      4             0.683844             0.586207             0.586207             0.607918             0.705556             0.933333  0.167581
avg_pull_request_comment_count                               float64      4             1.771205             1.708333             1.715545             1.773609             1.829268             1.829268  0.067161
avg_pull_request_review_count                                float64      4             2.821099             2.414634             2.414634             2.476548             2.883013             3.916667  0.732707
avg_pull_request_review_comment_count                        float64      4             2.646967             2.268293             2.268293             2.326454             2.705128             3.666667  0.682008
avg_all_disc_count                                           float64      4             7.239271             6.512195             6.512195              6.57661             7.303686             9.291667  1.369611
avg_pull_request_comment_exclude_opener_count                float64      4              0.79816              0.73913             0.789621             0.814991             0.823529             0.823529  0.040168
avg_pull_request_review_exclude_opener_count                 float64      4             1.805688             1.588235             1.588235             1.665085             1.882539             2.304348  0.340244
avg_pull_request_review_comment_exclude_opener_count         float64      4             1.637489             1.441176             1.441176             1.510911             1.707223             2.086957  0.306773
avg_all_disc_exclude_opener_count                            float64      4             4.241337             3.852941             3.852941             3.990987             4.379383             5.130435  0.606852
clustering_coefficient                                       float64      4             0.011039             0.007188             0.009683             0.011838             0.013193             0.013291  0.002868

