File: drive/output/derived/org_outcomes_practices/repo_discussion_quality/all/rolling5/jupyterlite___jupyterlite.parquet

MD5 hash: 12464018048d6ce13c1f14a1a75155a8

Keys: time_period 

                                                                   type  count                 mean                  min                  25%                  50%                  75%                  max        std
time_period                                              datetime64[ns]      8  2023-04-01 18:00:00  2021-07-01 00:00:00  2022-05-16 18:00:00  2023-04-01 12:00:00  2024-02-15 12:00:00  2025-01-01 00:00:00           
response_rate                                                   float64      8             0.705348             0.678507             0.693019             0.706945             0.714516             0.736842   0.017932
mean_days_to_respond                                            float64      8            23.705463            18.266527            22.935196            24.549768            25.645384            25.818113    2.59708
pos_sentiment_avg                                               float64      8             0.132826             0.127768              0.13158             0.132511               0.1341             0.137534   0.002909
neg_sentiment_avg                                               float64      8             0.027961             0.025777             0.026253             0.027887             0.028974             0.031469   0.001933
ov_sentiment_avg                                                float64      8              0.12582              0.11943             0.125271             0.126345             0.127873             0.128686   0.003037
response_rate_issue_comment                                     float64      8             0.696477             0.652111             0.666798             0.691188             0.711451             0.773109   0.040506
response_rate_issue_opened                                      float64      8                  1.0                  1.0                  1.0                  1.0                  1.0                  1.0        0.0
response_rate_pull_request_comment                              float64      8             0.619905             0.528662             0.566329             0.628471             0.659192                0.725   0.064836
response_rate_pull_request_opened                               float64      8              0.97241             0.954545             0.969112             0.974865             0.977294             0.980769   0.008507
response_rate_pull_request_review_comment                       float64      8             0.338619              0.28125             0.320312             0.353813             0.360084             0.367257   0.031773
mean_days_to_respond_issue_comment                              float64      8            48.347149            35.660725            47.977767             50.65155            52.462294             52.78549   6.178546
mean_days_to_respond_issue_opened                               float64      8            28.284839            14.967913            22.410366             27.71051            31.988818            46.028143   9.263717
mean_days_to_respond_pull_request_comment                       float64      8            10.582344              2.50942             9.722329            11.024354            12.221908            16.121207    3.85733
mean_days_to_respond_pull_request_opened                        float64      8             0.169056             0.001522             0.002842             0.135916             0.201348             0.631133   0.209882
mean_days_to_respond_pull_request_review_comment                float64      8             0.944106             0.484828             0.756935             0.940812              1.09079             1.531134   0.346032
mean_days_to_respond_to_last_comment                            float64      8            43.681909            22.538769             37.45667             48.46991              52.4769            53.964264  11.496525
issue_comment_pos_sentiment_avg                                 float64      8             0.119067             0.113611             0.118157             0.118741             0.121312             0.122311   0.002832
issue_comment_neg_sentiment_avg                                 float64      8             0.026203              0.02414             0.024432             0.025757             0.027693             0.029047   0.001992
issue_comment_ov_sentiment_avg                                  float64      8             0.146099             0.135258             0.144297             0.146823             0.149031             0.152582   0.005631
issue_opened_pos_sentiment_avg                                  float64      8             0.055912             0.052239             0.055883             0.056175             0.056342             0.058525    0.00176
issue_opened_neg_sentiment_avg                                  float64      8             0.037911              0.03669             0.037589             0.037901              0.03837             0.038861   0.000686
issue_opened_ov_sentiment_avg                                   float64      8             0.037448             0.016539             0.038073             0.039992             0.041516              0.04369   0.008709
pull_request_comment_pos_sentiment_avg                          float64      8             0.144567             0.140402             0.141998             0.142887             0.148673             0.149628   0.003896
pull_request_comment_neg_sentiment_avg                          float64      8             0.030902             0.024777             0.029986             0.031943             0.032674             0.033726   0.002912
pull_request_comment_ov_sentiment_avg                           float64      8             0.148792             0.141331             0.143827             0.146247             0.149575             0.168207   0.008752
pull_request_opened_pos_sentiment_avg                           float64      8             0.031588             0.025379              0.03028             0.031983             0.033299             0.037565   0.003984
pull_request_opened_neg_sentiment_avg                           float64      8             0.026559             0.022002             0.024336             0.025917               0.0277             0.034614   0.003971
pull_request_opened_ov_sentiment_avg                            float64      8             0.036631             0.020425             0.033724             0.034326             0.040957             0.053241   0.009604
pull_request_review_approved_pos_sentiment_avg                  float64      8             0.826888              0.80607             0.821556             0.829083             0.834655             0.840528    0.01146
pull_request_review_approved_neg_sentiment_avg                  float64      8              0.00107                  0.0             0.000261               0.0009             0.001748               0.0025   0.001024
pull_request_review_approved_ov_sentiment_avg                   float64      8             0.411006             0.395219             0.405712             0.410647             0.415784             0.431138   0.012125
pull_request_review_changes_requested_pos_sentiment_avg         float64      5                0.025                0.025                0.025                0.025                0.025                0.025        0.0
pull_request_review_changes_requested_neg_sentiment_avg         float64      5             0.035833             0.035833             0.035833             0.035833             0.035833             0.035833        0.0
pull_request_review_changes_requested_ov_sentiment_avg          float64      5             -0.04765             -0.04765             -0.04765             -0.04765             -0.04765             -0.04765        0.0
pull_request_review_comment_pos_sentiment_avg                   float64      8             0.103723             0.097449             0.101847             0.103447             0.106574             0.107935   0.003585
pull_request_review_comment_neg_sentiment_avg                   float64      8             0.025557             0.023405             0.024662             0.025561             0.026369             0.027674   0.001402
pull_request_review_comment_ov_sentiment_avg                    float64      8             0.098208             0.093596              0.09696             0.098878             0.099523             0.102057   0.002655
pull_request_review_commented_pos_sentiment_avg                 float64      8             0.273288                  0.0               0.0984              0.21754             0.444363             0.577167    0.22309
pull_request_review_commented_neg_sentiment_avg                 float64      8                  0.0                  0.0                  0.0                  0.0                  0.0                  0.0        0.0
pull_request_review_commented_ov_sentiment_avg                  float64      8              0.21052                  0.0              0.08808             0.169393             0.339127             0.430229   0.162763
pct_merged_with_approved                                        float64      8              0.33328             0.269231             0.302803             0.344292             0.360245             0.387665    0.04095
pct_merged_with_review                                          float64      8             0.414262             0.364407             0.390286             0.422431             0.432498             0.462555   0.034388
avg_pull_request_comment_count                                  float64      8             3.122939             2.488215             2.729595             3.183239             3.293849              4.08642   0.498052
avg_pull_request_review_count                                   float64      8             1.250117             1.084175             1.161183             1.293163              1.32443             1.370031   0.107864
avg_pull_request_review_comment_count                           float64      8             0.946468             0.828479             0.900673             0.968252             0.996247             1.026042   0.071816
avg_all_disc_count                                              float64      8             5.319525             4.434343             4.883246             5.504119             5.627437              6.17284   0.579623
avg_pull_request_comment_exclude_opener_count                   float64      8             1.863019             1.560137             1.725214             1.881609             1.977359             2.181818   0.193318
avg_pull_request_review_exclude_opener_count                    float64      8             0.935728             0.780069             0.880685             0.975379             1.004403             1.015152   0.089348
avg_pull_request_review_comment_exclude_opener_count            float64      8             0.604422             0.514851             0.572186             0.608395             0.636104              0.69697   0.060933
avg_all_disc_exclude_opener_count                               float64      8             3.403169             2.872852             3.165318             3.495448             3.591648             3.893939    0.33167
clustering_coefficient                                          float64      8              0.01736             0.011517             0.014155             0.016063             0.019999               0.0252   0.005303

