File: drive/output/derived/org_outcomes_practices/repo_discussion_quality/all/rolling5/jvarho___pylibscrypt.parquet

MD5 hash: a89b0a51b6549fb1673cfea84c1c1a5b

Keys: time_period 

                                                         type  count                 mean                  min                  25%                  50%                  75%                  max       std
time_period                                    datetime64[ns]     10  2017-11-06 09:36:00  2015-07-01 00:00:00  2016-08-16 00:00:00  2017-10-01 00:00:00  2018-11-16 00:00:00  2021-01-01 00:00:00          
response_rate                                         float64      2             0.708333             0.666667               0.6875             0.708333             0.729167                 0.75  0.058926
mean_days_to_respond                                  float64      2             0.759449             0.695923             0.727686             0.759449             0.791212             0.822975  0.089839
pos_sentiment_avg                                     float64     10             0.110768             0.041333             0.057292              0.09038             0.134439             0.306969  0.079481
neg_sentiment_avg                                     float64     10             0.187821                  0.0              0.15701             0.192567             0.220042                0.356  0.090206
ov_sentiment_avg                                      float64     10             0.017424            -0.235075            -0.034612             0.006046             0.043468             0.346797  0.144368
response_rate_pull_request_comment                    float64      2             0.583333                  0.5             0.541667             0.583333                0.625             0.666667  0.117851
response_rate_pull_request_opened                     float64      2                  1.0                  1.0                  1.0                  1.0                  1.0                  1.0       0.0
mean_days_to_respond_pull_request_comment             float64      2             1.041181             1.041181             1.041181             1.041181             1.041181             1.041181       0.0
mean_days_to_respond_pull_request_opened              float64      2             0.368614             0.350666              0.35964             0.368614             0.377588             0.386562  0.025383
mean_days_to_respond_to_last_comment                  float64      2             0.870324             0.685139             0.777731             0.870324             0.962917             1.055509  0.261891
pull_request_comment_pos_sentiment_avg                float64      9             0.437104               0.3705               0.3705               0.4036                0.536                0.536  0.075784
pull_request_comment_neg_sentiment_avg                float64      9                  0.0                  0.0                  0.0                  0.0                  0.0                  0.0       0.0
pull_request_comment_ov_sentiment_avg                 float64      9             0.581152               0.4273             0.430575              0.50374               0.7964               0.7964  0.172506
pull_request_opened_pos_sentiment_avg                 float64     10             0.019384             0.007159             0.008695             0.012465             0.028562             0.041333   0.01326
pull_request_opened_neg_sentiment_avg                 float64     10             0.236788                  0.0             0.171284             0.252544             0.333088             0.377238  0.116342
pull_request_opened_ov_sentiment_avg                  float64     10            -0.113965            -0.235075            -0.149913            -0.123962            -0.098175             0.105288   0.08816
pct_merged_with_approved                              float64      1                  0.0                  0.0                  0.0                  0.0                  0.0                  0.0          
pct_merged_with_review                                float64      1                  0.0                  0.0                  0.0                  0.0                  0.0                  0.0          
avg_pull_request_comment_count                        float64      9              1.62963                  1.0                  1.0             1.666667                  2.0                  3.0  0.696109
avg_all_disc_count                                    float64      9              1.62963                  1.0                  1.0             1.666667                  2.0                  3.0  0.696109
avg_pull_request_comment_exclude_opener_count         float64      9                  1.5                  1.0                  1.0                  1.5                  2.0                  2.0       0.5
avg_all_disc_exclude_opener_count                     float64      9                  1.5                  1.0                  1.0                  1.5                  2.0                  2.0       0.5
clustering_coefficient                                float64      9                  0.0                  0.0                  0.0                  0.0                  0.0                  0.0       0.0

