File: drive/output/derived/org_outcomes_practices/repo_discussion_quality/all/rolling5/kennethreitz___crayons.parquet

MD5 hash: fa5044e5d5a0fef8cce23987f54de56b

Keys: time_period 

                                                                type  count                 mean                  min                  25%                  50%                  75%                  max         std
time_period                                           datetime64[ns]     15  2020-09-12 11:12:00  2017-01-01 00:00:00  2018-10-01 00:00:00  2020-07-01 00:00:00  2022-04-01 12:00:00  2025-01-01 00:00:00            
response_rate                                                float64      9             0.682493                  0.5             0.533333             0.684211             0.791667             0.833333    0.133088
mean_days_to_respond                                         float64      9           174.674899            41.941707           115.515359           190.969445           239.119831           279.121169   86.732267
pos_sentiment_avg                                            float64     10             0.115861             0.089309             0.103267             0.106558             0.119245             0.197333    0.030403
neg_sentiment_avg                                            float64     10             0.042407                  0.0             0.040526             0.042579             0.050298             0.064123    0.017509
ov_sentiment_avg                                             float64     10             0.083334             0.035794             0.071206             0.082444             0.092768               0.1468      0.0289
response_rate_issue_comment                                  float64      9             0.690278             0.333333             0.416667               0.5625                  1.0                  1.0    0.300578
response_rate_issue_opened                                   float64      9                  1.0                  1.0                  1.0                  1.0                  1.0                  1.0         0.0
response_rate_pull_request_comment                           float64      8             0.415179                 0.25             0.333333             0.416667                  0.5             0.571429    0.115498
response_rate_pull_request_opened                            float64      8             0.779167                  0.6             0.729167                0.775             0.833333                  1.0    0.120432
response_rate_pull_request_review_comment                    float64      6                  0.0                  0.0                  0.0                  0.0                  0.0                  0.0         0.0
mean_days_to_respond_issue_comment                           float64      9           286.151786             0.369468           140.703579           331.679334           475.177934            485.29741  198.372637
mean_days_to_respond_issue_opened                            float64      9            83.450411            40.208856            80.516868            83.513947           105.212907           113.089473   25.535712
mean_days_to_respond_pull_request_comment                    float64      8            54.186661              0.00515              0.00515            49.990233           100.099334           133.298704   58.935567
mean_days_to_respond_pull_request_opened                     float64      8           167.970812             1.042396           145.439185           185.391539           197.372684           308.290968   90.768734
mean_days_to_respond_to_last_comment                         float64      9           264.690264             0.369468           129.417865           275.694827           431.778144           466.230401  173.318294
issue_comment_pos_sentiment_avg                              float64     10             0.103778             0.059449             0.068874             0.078507             0.111032                0.296    0.070798
issue_comment_neg_sentiment_avg                              float64     10             0.016159                  0.0             0.016753             0.017199             0.018423             0.023333    0.006123
issue_comment_ov_sentiment_avg                               float64     10             0.087219             0.021156             0.052472               0.0901             0.102009               0.2202    0.056915
issue_opened_pos_sentiment_avg                               float64     10             0.086158                  0.0             0.091477             0.094873             0.104173             0.109413     0.03259
issue_opened_neg_sentiment_avg                               float64     10             0.006075                  0.0                  0.0             0.003375             0.012375                0.018     0.00704
issue_opened_ov_sentiment_avg                                float64     10             0.151749                  0.0             0.124713             0.173674             0.187332              0.21517    0.065749
pull_request_comment_pos_sentiment_avg                       float64      9             0.239067             0.095667             0.226944             0.244417             0.269833             0.309833    0.061428
pull_request_comment_neg_sentiment_avg                       float64      9              0.03376                  0.0                  0.0             0.055275             0.061417             0.069094     0.03228
pull_request_comment_ov_sentiment_avg                        float64      9              0.19177             0.066983             0.190244               0.2108             0.214793             0.262042    0.057603
pull_request_opened_pos_sentiment_avg                        float64      9             0.046276             0.009952             0.017417             0.051981             0.067575             0.084469    0.027416
pull_request_opened_neg_sentiment_avg                        float64      9             0.107279             0.049792             0.087333             0.097993                0.131               0.1695    0.037484
pull_request_opened_ov_sentiment_avg                         float64      9            -0.030943             -0.11296            -0.036556            -0.024867            -0.022496             0.030619    0.036803
pull_request_review_comment_pos_sentiment_avg                float64      7                  0.0                  0.0                  0.0                  0.0                  0.0                  0.0         0.0
pull_request_review_comment_neg_sentiment_avg                float64      7             0.067286                  0.0                  0.0               0.0785              0.11775                0.157    0.070629
pull_request_review_comment_ov_sentiment_avg                 float64      7            -0.180643              -0.4215            -0.316125             -0.21075                  0.0                  0.0    0.189619
pct_merged_with_approved                                     float64      2                  0.0                  0.0                  0.0                  0.0                  0.0                  0.0         0.0
pct_merged_with_review                                       float64      2                  0.0                  0.0                  0.0                  0.0                  0.0                  0.0         0.0
avg_pull_request_comment_count                               float64      9             1.385847                  1.0                1.125             1.333333                  1.5                  2.0    0.343173
avg_all_disc_count                                           float64      9             1.553968             1.166667                 1.25                  1.5             1.714286                 2.25    0.375616
avg_pull_request_review_comment_count                        float64      7             0.216156                0.125             0.183333                  0.2             0.267857             0.285714    0.060694
avg_pull_request_comment_exclude_opener_count                float64      9             0.966667             0.666667             0.833333                  1.0                  1.0                 1.25    0.191667
avg_all_disc_exclude_opener_count                            float64      9             1.181481                  1.0                  1.0                  1.0                  1.4                  1.5    0.219286
avg_pull_request_review_comment_exclude_opener_count         float64      7              0.27619             0.166667                0.225                 0.25             0.333333                  0.4    0.082696
clustering_coefficient                                       float64     15             0.010407                  0.0                  0.0                  0.0             0.014499             0.049997    0.018378

