File: drive/output/derived/org_outcomes_practices/repo_discussion_quality/all/rolling5/kivymd-extensions___sweetalert.parquet

MD5 hash: 550654352ad878506d45fbb69b4b9506

Keys: time_period 

                                                 type  count                 mean                  min                  25%                  50%                  75%                  max       std
time_period                            datetime64[ns]     10  2022-10-01 04:48:00  2020-07-01 00:00:00  2021-08-16 00:00:00  2022-10-01 00:00:00  2023-11-16 00:00:00  2025-01-01 00:00:00          
response_rate                                 float64      3             0.642857                  0.5             0.607143             0.714286             0.714286             0.714286  0.123718
mean_days_to_respond                          float64      3             0.294535             0.001169             0.200681             0.400192             0.441218             0.482243  0.257353
pos_sentiment_avg                             float64      7              0.03162             0.020417             0.022516             0.036977              0.03918             0.040556  0.009361
neg_sentiment_avg                             float64      7             0.092901             0.057076             0.066138             0.094203             0.114275               0.1382  0.032188
ov_sentiment_avg                              float64      7            -0.055096            -0.091457            -0.074301            -0.050105            -0.036155            -0.023197  0.026669
response_rate_issue_comment                   float64      3                  0.4                  0.0                  0.3                  0.6                  0.6                  0.6   0.34641
response_rate_issue_opened                    float64      3                  1.0                  1.0                  1.0                  1.0                  1.0                  1.0       0.0
mean_days_to_respond_issue_opened             float64      3             0.212049             0.001169             0.108047             0.214925             0.317488             0.420052  0.209456
mean_days_to_respond_to_last_comment          float64      3             0.069792             0.001169             0.001354             0.001539             0.104103             0.206667  0.118537
mean_days_to_respond_issue_comment            float64      2             0.523704             0.523704             0.523704             0.523704             0.523704             0.523704       0.0
issue_comment_pos_sentiment_avg               float64      7             0.041714                  0.0                  0.0                0.073                0.073                0.073   0.03902
issue_comment_neg_sentiment_avg               float64      7              0.06117                  0.0                  0.0             0.107048             0.107048             0.107048   0.05722
issue_comment_ov_sentiment_avg                float64      7            -0.025912            -0.045346            -0.045346            -0.045346                  0.0                  0.0  0.024238
issue_opened_pos_sentiment_avg                float64      7              0.02955                  0.0             0.005219              0.03285             0.051156              0.06125  0.026661
issue_opened_neg_sentiment_avg                float64      7             0.005714                  0.0                  0.0                  0.0                 0.01                 0.02  0.009759
issue_opened_ov_sentiment_avg                 float64      7             0.037547            -0.032889            -0.007194              0.05298             0.080837              0.09545   0.05485
pull_request_opened_pos_sentiment_avg         float64      7                  0.0                  0.0                  0.0                  0.0                  0.0                  0.0       0.0
pull_request_opened_neg_sentiment_avg         float64      7             0.158586                  0.0              0.02315               0.1959               0.2612               0.3455  0.141595
pull_request_opened_ov_sentiment_avg          float64      7            -0.149689              -0.3186            -0.246547             -0.18491             -0.02561                  0.0   0.13105
pct_merged_with_approved                      float64      7                  0.0                  0.0                  0.0                  0.0                  0.0                  0.0       0.0
pct_merged_with_review                        float64      7                  0.0                  0.0                  0.0                  0.0                  0.0                  0.0       0.0
avg_all_disc_count                            float64      0                                                                                                                                        
avg_all_disc_exclude_opener_count             float64      0                                                                                                                                        
clustering_coefficient                        float64     10                  0.0                  0.0                  0.0                  0.0                  0.0                  0.0       0.0

