File: drive/output/derived/org_outcomes_practices/repo_discussion_quality/all/rolling5/komuw___sewer.parquet

MD5 hash: fa7230919014d0682bdf6e4ca3192e3f

Keys: time_period 

                                                                type  count                 mean                  min                  25%                  50%                  75%                  max       std
time_period                                           datetime64[ns]     15  2020-12-30 20:48:00  2017-07-01 00:00:00  2019-04-01 12:00:00  2021-01-01 00:00:00  2022-10-01 00:00:00  2024-07-01 00:00:00          
response_rate                                                float64     11             0.701759             0.641791             0.664172                  0.7             0.705081             0.823529  0.057915
mean_days_to_respond                                         float64     11             1.789954             0.184467              0.55594             1.920393             2.956618             3.237022  1.249702
pos_sentiment_avg                                            float64     12              0.10462             0.064821             0.069567             0.098002             0.138474             0.156673  0.036292
neg_sentiment_avg                                            float64     12               0.0258             0.007181             0.009744             0.028094             0.035122             0.063763  0.017434
ov_sentiment_avg                                             float64     12             0.148424             0.052769             0.065737             0.135684             0.224379             0.276631  0.087328
response_rate_pull_request_comment                           float64     11             0.695628                0.625             0.674242                  0.7             0.715577             0.769231  0.039467
response_rate_pull_request_opened                            float64     11                  1.0                  1.0                  1.0                  1.0                  1.0                  1.0       0.0
response_rate_pull_request_review_comment                    float64     10             0.322355              0.23913             0.273355             0.314035             0.364141             0.444444  0.063691
mean_days_to_respond_pull_request_comment                    float64     11             3.055478             0.500266             1.655506             3.431217             4.463496             5.083881  1.646509
mean_days_to_respond_pull_request_opened                     float64     11             0.280553             0.097579              0.14327             0.204009             0.413786             0.552459  0.163915
mean_days_to_respond_pull_request_review_comment             float64     10             1.682843             0.021282             0.190309             1.384891             3.321911             3.674391  1.678486
mean_days_to_respond_to_last_comment                         float64     11             2.414319             0.011524             0.188094             1.339784             4.511327             5.476449  2.295502
pull_request_comment_pos_sentiment_avg                       float64     12             0.088383              0.04747             0.072876             0.081408             0.106465             0.125937  0.024345
pull_request_comment_neg_sentiment_avg                       float64     12             0.023932             0.009656             0.012652             0.027293              0.03128             0.040194  0.010496
pull_request_comment_ov_sentiment_avg                        float64     12              0.09167             0.052476             0.057643             0.069982             0.108578             0.242969  0.053101
pull_request_opened_pos_sentiment_avg                        float64     12             0.118889             0.062897             0.082088             0.105992             0.166222             0.170667  0.043743
pull_request_opened_neg_sentiment_avg                        float64     12             0.044936             0.002197             0.002635             0.026508             0.077841             0.152982  0.049398
pull_request_opened_ov_sentiment_avg                         float64     12             0.209123             0.001278             0.111383             0.178398             0.344134             0.356097  0.129384
pull_request_review_comment_pos_sentiment_avg                float64     10             0.085093             0.038375             0.050352              0.07424              0.09346             0.170585  0.044683
pull_request_review_comment_neg_sentiment_avg                float64     10              0.01903             0.014192              0.01572             0.016709             0.023244              0.02568  0.004479
pull_request_review_comment_ov_sentiment_avg                 float64     10             0.066162             0.043536             0.054783             0.057883             0.075162             0.106285  0.020722
pct_merged_with_approved                                     float64      6                  0.0                  0.0                  0.0                  0.0                  0.0                  0.0       0.0
pct_merged_with_review                                       float64      6                  0.0                  0.0                  0.0                  0.0                  0.0                  0.0       0.0
avg_pull_request_comment_count                               float64     12             3.405048                1.625                  3.0             3.442857             4.169067                  4.5  0.897884
avg_pull_request_review_comment_count                        float64     10             1.530144                 0.75             1.400123             1.609269             1.721871                1.975  0.342037
avg_all_disc_count                                           float64     12             4.680167                2.375             3.767857             4.721345             5.874164             6.012821  1.264724
avg_pull_request_comment_exclude_opener_count                float64     12             2.626951                 1.25             2.375733             2.622872              3.24699                3.375  0.732511
avg_pull_request_review_comment_exclude_opener_count         float64     10             1.271804                  0.5             1.152273             1.333567             1.443219             1.679487  0.323532
avg_all_disc_exclude_opener_count                            float64     12             3.686787                  1.5             2.980682             3.967056             4.637291             4.897436  1.187223
clustering_coefficient                                       float64     15             0.071161                  0.0                  0.0             0.058296             0.072069             0.367477  0.094303

