File: drive/output/derived/org_outcomes_practices/repo_discussion_quality/all/rolling5/korakot___kora.parquet

MD5 hash: 82ae5fffa2feed72387f7535bf82317d

Keys: time_period 

                                                                   type  count                 mean                  min                  25%                  50%                  75%                  max       std
time_period                                              datetime64[ns]      6  2021-04-01 08:00:00  2020-01-01 00:00:00  2020-08-16 00:00:00  2021-04-01 12:00:00  2021-11-16 00:00:00  2022-07-01 00:00:00          
response_rate                                                   float64      2             0.583333                  0.5             0.541667             0.583333                0.625             0.666667  0.117851
mean_days_to_respond                                            float64      2             0.031736              0.00559             0.018663             0.031736             0.044809             0.057882  0.036976
pos_sentiment_avg                                               float64      2             0.059193                  0.0             0.029596             0.059193             0.088789             0.118385  0.083711
neg_sentiment_avg                                               float64      2             0.029876             0.022933             0.026405             0.029876             0.033347             0.036819  0.009818
ov_sentiment_avg                                                float64      2             0.035855            -0.018213             0.008821             0.035855             0.062889             0.089923  0.076464
response_rate_pull_request_comment                              float64      2             0.416667             0.333333                0.375             0.416667             0.458333                  0.5  0.117851
response_rate_pull_request_opened                               float64      2             0.833333             0.666667                 0.75             0.833333             0.916667                  1.0  0.235702
mean_days_to_respond_pull_request_comment                       float64      2             0.003819             0.003819             0.003819             0.003819             0.003819             0.003819       0.0
mean_days_to_respond_pull_request_opened                        float64      2             0.046137             0.007361             0.026749             0.046137             0.065525             0.084913  0.054838
mean_days_to_respond_to_last_comment                            float64      2             0.043481             0.003819              0.02365             0.043481             0.063312             0.083142   0.05609
pull_request_comment_pos_sentiment_avg                          float64      2             0.111417                  0.0             0.055708             0.111417             0.167125             0.222833  0.157567
pull_request_comment_neg_sentiment_avg                          float64      2               0.0258               0.0172               0.0215               0.0258               0.0301               0.0344  0.012162
pull_request_comment_ov_sentiment_avg                           float64      2             0.097135             -0.02732             0.034908             0.097135             0.159363              0.22159  0.176006
pull_request_opened_pos_sentiment_avg                           float64      2                  0.0                  0.0                  0.0                  0.0                  0.0                  0.0       0.0
pull_request_opened_neg_sentiment_avg                           float64      2                  0.0                  0.0                  0.0                  0.0                  0.0                  0.0       0.0
pull_request_opened_ov_sentiment_avg                            float64      2                  0.0                  0.0                  0.0                  0.0                  0.0                  0.0       0.0
pull_request_review_changes_requested_pos_sentiment_avg         float64      1              0.05575              0.05575              0.05575              0.05575              0.05575              0.05575          
pull_request_review_changes_requested_neg_sentiment_avg         float64      1              0.22575              0.22575              0.22575              0.22575              0.22575              0.22575          
pull_request_review_changes_requested_ov_sentiment_avg          float64      1            -0.166975            -0.166975            -0.166975            -0.166975            -0.166975            -0.166975          
pct_merged_with_approved                                        float64      1                  0.5                  0.5                  0.5                  0.5                  0.5                  0.5          
pct_merged_with_review                                          float64      1                  1.0                  1.0                  1.0                  1.0                  1.0                  1.0          
avg_pull_request_comment_count                                  float64      2             1.666667             1.333333                  1.5             1.666667             1.833333                  2.0  0.471405
avg_all_disc_count                                              float64      2                  2.0                  2.0                  2.0                  2.0                  2.0                  2.0       0.0
avg_pull_request_review_count                                   float64      1             0.666667             0.666667             0.666667             0.666667             0.666667             0.666667          
avg_pull_request_comment_exclude_opener_count                   float64      2             0.833333             0.666667                 0.75             0.833333             0.916667                  1.0  0.235702
avg_all_disc_exclude_opener_count                               float64      2             1.166667                  1.0             1.083333             1.166667                 1.25             1.333333  0.235702
avg_pull_request_review_exclude_opener_count                    float64      1             0.666667             0.666667             0.666667             0.666667             0.666667             0.666667          
clustering_coefficient                                          float64      6                  0.0                  0.0                  0.0                  0.0                  0.0                  0.0       0.0

