File: drive/output/derived/org_outcomes_practices/repo_discussion_quality/all/rolling5/kubernetes-client___python.parquet

MD5 hash: 4e9dcbc839210a863fff62f2906e1707

Keys: time_period 

                                                                   type  count                 mean                  min                  25%                  50%                  75%                  max       std
time_period                                              datetime64[ns]     18  2020-09-30 16:00:00  2016-07-01 00:00:00  2018-08-16 00:00:00  2020-10-01 00:00:00  2022-11-16 00:00:00  2025-01-01 00:00:00          
response_rate                                                   float64     18             0.683754             0.437158             0.628512             0.725219             0.754819             0.796992  0.103181
mean_days_to_respond                                            float64     18             7.325783             0.617954             5.854394             7.403391             9.087506            12.997968  3.239856
pos_sentiment_avg                                               float64     18             0.088465             0.069444             0.078954             0.083642             0.100049              0.11188  0.013639
neg_sentiment_avg                                               float64     18             0.037628             0.015277              0.02312             0.039304             0.052969             0.056772   0.01515
ov_sentiment_avg                                                float64     18             0.074418             0.059359             0.066625             0.071688             0.080993             0.105258  0.011996
response_rate_pull_request_comment                              float64     18             0.774034             0.547619             0.676152             0.811063             0.867718             0.898967  0.106354
response_rate_pull_request_opened                               float64     18             0.915577             0.369048             0.944767             0.964635             0.995077                  1.0  0.156462
response_rate_pull_request_review_comment                       float64     18             0.376858             0.309701             0.346705             0.385047             0.392526             0.440367  0.039827
mean_days_to_respond_pull_request_comment                       float64     18             8.703275             0.683826             7.786519             9.459549            10.567152            13.873042  3.415967
mean_days_to_respond_pull_request_opened                        float64     18             4.231018             0.021797             0.485654             2.939991             7.241305            16.913239  4.629139
mean_days_to_respond_pull_request_review_comment                float64     18             8.069408             0.326521             0.908583             6.768896              8.61699            25.150979  8.291695
mean_days_to_respond_to_last_comment                            float64     18            10.610334             0.656035             6.812705            10.850978            15.080892            18.296442  5.507432
pull_request_comment_pos_sentiment_avg                          float64     18             0.099432             0.068199               0.0752             0.082895             0.129114             0.156186  0.032095
pull_request_comment_neg_sentiment_avg                          float64     18             0.022366             0.008734             0.019202             0.022719             0.027209             0.030483  0.006137
pull_request_comment_ov_sentiment_avg                           float64     18             0.083745             0.056424             0.061936             0.069141              0.11035             0.132151   0.02727
pull_request_opened_pos_sentiment_avg                           float64     18             0.043916             0.029918             0.035978             0.046645             0.048032             0.054957  0.007937
pull_request_opened_neg_sentiment_avg                           float64     18             0.094024              0.01209             0.026929             0.093643             0.160775             0.190777  0.065178
pull_request_opened_ov_sentiment_avg                            float64     18             0.030403            -0.066859            -0.040599             0.014997              0.11181             0.145082  0.078376
pull_request_review_comment_pos_sentiment_avg                   float64     18             0.111127             0.084362             0.102455              0.10723             0.124301             0.137785  0.016612
pull_request_review_comment_neg_sentiment_avg                   float64     18             0.027285             0.020885             0.022703             0.028207             0.029764             0.039356  0.004682
pull_request_review_comment_ov_sentiment_avg                    float64     18             0.090838             0.058938             0.080379             0.084829              0.10622             0.120583   0.01728
pull_request_review_changes_requested_pos_sentiment_avg         float64      5              0.21175              0.21175              0.21175              0.21175              0.21175              0.21175       0.0
pull_request_review_changes_requested_neg_sentiment_avg         float64      5                  0.0                  0.0                  0.0                  0.0                  0.0                  0.0       0.0
pull_request_review_changes_requested_ov_sentiment_avg          float64      5              0.29975              0.29975              0.29975              0.29975              0.29975              0.29975       0.0
pull_request_review_commented_pos_sentiment_avg                 float64     10             0.194865             0.076438             0.168219             0.206365               0.2301                 0.25  0.052874
pull_request_review_commented_neg_sentiment_avg                 float64     10             0.007103                  0.0                  0.0             0.005368             0.012563             0.018545  0.007819
pull_request_review_commented_ov_sentiment_avg                  float64     10             0.152843             0.090059             0.112806             0.148271             0.193868             0.239279  0.049956
pull_request_review_approved_pos_sentiment_avg                  float64      8             0.067181                  0.0             0.035501             0.061372               0.1102               0.1258  0.048046
pull_request_review_approved_neg_sentiment_avg                  float64      8             0.020527                  0.0             0.006638             0.017757             0.032012               0.0463  0.018477
pull_request_review_approved_ov_sentiment_avg                   float64      8              0.03944              -0.0132             0.012704             0.042135             0.062533              0.08648  0.036873
pct_merged_with_approved                                        float64     10             0.027474                  0.0             0.001667             0.027609             0.039537             0.081967  0.027329
pct_merged_with_review                                          float64     10             0.241214             0.131579             0.172438             0.236593             0.288584              0.41791  0.087921
avg_pull_request_comment_count                                  float64     18             4.762558             1.669811             3.511719              5.20199             6.132479             6.490196   1.49607
avg_pull_request_review_comment_count                           float64     18             1.688699             0.452991              0.96062             1.619591             1.906629             5.818182   1.19223
avg_all_disc_count                                              float64     18             6.865129             4.339623             5.634825             6.880342             8.120726             8.911475  1.375141
avg_pull_request_review_count                                   float64     10              0.74497             0.153846              0.58097              0.71276             0.878811             1.481132  0.339253
avg_pull_request_comment_exclude_opener_count                   float64     18             3.608053             1.414141             2.264461             4.101069             4.826509             5.216393  1.344754
avg_pull_request_review_comment_exclude_opener_count            float64     18             0.951052             0.306034             0.568991             0.951275             1.088846             2.666667    0.5353
avg_all_disc_exclude_opener_count                               float64     18             4.804786             3.181818             3.722354             5.070214             5.875637             6.406557  1.158484
avg_pull_request_review_exclude_opener_count                    float64     10             0.442227             0.076923             0.298051             0.404925             0.485083             1.040404  0.261323
clustering_coefficient                                          float64     18             0.020088             0.005333             0.009163             0.017017             0.021458             0.053176  0.014208

