File: drive/output/derived/org_outcomes_practices/repo_discussion_quality/all/rolling5/m-vdb___pep440-version-utils.parquet

MD5 hash: 0433e67a5dd02b5cbdc295597c5bd85c

Keys: time_period 

                                                         type  count                 mean                  min                  25%                  50%                  75%                  max       std
time_period                                    datetime64[ns]      8  2022-08-16 12:00:00  2020-07-01 00:00:00  2021-10-01 18:00:00  2022-10-01 00:00:00  2023-08-16 00:00:00  2024-07-01 00:00:00          
response_rate                                         float64      3                  0.8                  0.4                  0.7                  1.0                  1.0                  1.0   0.34641
mean_days_to_respond                                  float64      3           617.760706           587.485168           587.485168           587.485168           632.898475           678.311782  52.43877
pos_sentiment_avg                                     float64      7             0.087529             0.048988             0.060928             0.078111             0.102493             0.158759  0.038199
neg_sentiment_avg                                     float64      7             0.086898             0.019093             0.064969                0.093             0.115504              0.13525  0.040407
ov_sentiment_avg                                      float64      7             0.088512            -0.007017             0.016029             0.042919             0.137304             0.277016  0.102976
response_rate_pull_request_opened                     float64      3                  1.0                  1.0                  1.0                  1.0                  1.0                  1.0       0.0
response_rate_issue_opened                            float64      2                  1.0                  1.0                  1.0                  1.0                  1.0                  1.0       0.0
response_rate_issue_comment                           float64      1                  0.0                  0.0                  0.0                  0.0                  0.0                  0.0          
response_rate_pull_request_comment                    float64      1                  0.0                  0.0                  0.0                  0.0                  0.0                  0.0          
mean_days_to_respond_pull_request_opened              float64      3           678.311782           678.311782           678.311782           678.311782           678.311782           678.311782       0.0
mean_days_to_respond_to_last_comment                  float64      3           617.760706           587.485168           587.485168           587.485168           632.898475           678.311782  52.43877
mean_days_to_respond_issue_opened                     float64      2           496.658553           496.658553           496.658553           496.658553           496.658553           496.658553       0.0
pull_request_opened_pos_sentiment_avg                 float64      7             0.042534                  0.0             0.022782             0.044286             0.064889             0.078111   0.02952
pull_request_opened_neg_sentiment_avg                 float64      7             0.149801             0.057278             0.075139             0.154571              0.20508             0.276319  0.084405
pull_request_opened_ov_sentiment_avg                  float64      7            -0.053711               -0.148            -0.114978              -0.0483             0.010815             0.028647  0.074734
issue_comment_pos_sentiment_avg                       float64      5             0.229567               0.1875               0.1875             0.240083             0.240083             0.292667  0.043994
issue_comment_neg_sentiment_avg                       float64      5                  0.0                  0.0                  0.0                  0.0                  0.0                  0.0       0.0
issue_comment_ov_sentiment_avg                        float64      5             0.444817              0.43125              0.43125             0.448208             0.448208             0.465167  0.014188
issue_opened_pos_sentiment_avg                        float64      3               0.1055               0.1055               0.1055               0.1055               0.1055               0.1055       0.0
issue_opened_neg_sentiment_avg                        float64      3                  0.0                  0.0                  0.0                  0.0                  0.0                  0.0       0.0
issue_opened_ov_sentiment_avg                         float64      3             0.337233             0.337233             0.337233             0.337233             0.337233             0.337233       0.0
pull_request_comment_pos_sentiment_avg                float64      4               0.1022               0.1022               0.1022               0.1022               0.1022               0.1022       0.0
pull_request_comment_neg_sentiment_avg                float64      4                  0.0                  0.0                  0.0                  0.0                  0.0                  0.0       0.0
pull_request_comment_ov_sentiment_avg                 float64      4              0.16802              0.16802              0.16802              0.16802              0.16802              0.16802       0.0
pct_merged_with_approved                              float64      5                  0.0                  0.0                  0.0                  0.0                  0.0                  0.0       0.0
pct_merged_with_review                                float64      5                  0.0                  0.0                  0.0                  0.0                  0.0                  0.0       0.0
avg_all_disc_count                                    float64      5                  1.0                  1.0                  1.0                  1.0                  1.0                  1.0       0.0
avg_pull_request_comment_count                        float64      5                  1.0                  1.0                  1.0                  1.0                  1.0                  1.0       0.0
avg_all_disc_exclude_opener_count                     float64      4                  1.0                  1.0                  1.0                  1.0                  1.0                  1.0       0.0
avg_pull_request_comment_exclude_opener_count         float64      4                  1.0                  1.0                  1.0                  1.0                  1.0                  1.0       0.0
clustering_coefficient                                float64      5                  0.0                  0.0                  0.0                  0.0                  0.0                  0.0       0.0

