File: drive/output/derived/org_outcomes_practices/repo_discussion_quality/all/rolling5/magland___remfile.parquet

MD5 hash: 539f4be4ce4872bdfde5705c870f383a

Keys: time_period 

                                                 type  count                 mean                  min                  25%                  50%                  75%                  max        std
time_period                            datetime64[ns]      4  2024-04-01 00:00:00  2023-07-01 00:00:00  2023-11-16 00:00:00  2024-04-01 00:00:00  2024-08-16 00:00:00  2025-01-01 00:00:00           
response_rate                                 float64      3             0.735294             0.705882             0.727941                 0.75                 0.75                 0.75   0.025471
mean_days_to_respond                          float64      3            48.106931            43.315725            43.315725            43.315725            50.502534            57.689343   8.298612
pos_sentiment_avg                             float64      3             0.070848             0.064092             0.068735             0.073378             0.074226             0.075075   0.005912
neg_sentiment_avg                             float64      3             0.015884             0.014697             0.014749             0.014802             0.016478             0.018155   0.001967
ov_sentiment_avg                              float64      3             0.157382             0.142883             0.152953             0.163023             0.164632             0.166241    0.01266
response_rate_issue_comment                   float64      3             0.614899             0.583333             0.604167                0.625             0.630682             0.636364   0.027921
response_rate_issue_opened                    float64      3                  1.0                  1.0                  1.0                  1.0                  1.0                  1.0        0.0
mean_days_to_respond_issue_comment            float64      3            83.906553            74.069276            74.069276            74.069276            88.825192           103.581109  17.038665
mean_days_to_respond_issue_opened             float64      3             0.282048             0.260755             0.260755             0.260755             0.292695             0.324635   0.036882
mean_days_to_respond_to_last_comment          float64      3           112.409919           103.806035           103.806035           103.806035           116.711861           129.617688  14.902365
issue_comment_pos_sentiment_avg               float64      3             0.055376             0.046688             0.052765             0.058842              0.05972             0.060599   0.007575
issue_comment_neg_sentiment_avg               float64      3             0.020337             0.018231             0.018283             0.018334              0.02139             0.024445   0.003558
issue_comment_ov_sentiment_avg                float64      3             0.049964             0.019292             0.041693             0.064095             0.065301             0.066507    0.02659
issue_opened_pos_sentiment_avg                float64      3              0.11808             0.111562             0.116451             0.121339             0.121339             0.121339   0.005645
issue_opened_neg_sentiment_avg                float64      3             0.013364             0.012661             0.012661             0.012661             0.013716             0.014771   0.001218
issue_opened_ov_sentiment_avg                 float64      3              0.38453             0.375896             0.382371             0.388846             0.388846             0.388846   0.007477
pull_request_opened_pos_sentiment_avg         float64      3                  0.0                  0.0                  0.0                  0.0                  0.0                  0.0        0.0
pull_request_opened_neg_sentiment_avg         float64      3                  0.0                  0.0                  0.0                  0.0                  0.0                  0.0        0.0
pull_request_opened_ov_sentiment_avg          float64      3                  0.0                  0.0                  0.0                  0.0                  0.0                  0.0        0.0
pct_merged_with_approved                      float64      3                  0.0                  0.0                  0.0                  0.0                  0.0                  0.0        0.0
pct_merged_with_review                        float64      3                  0.0                  0.0                  0.0                  0.0                  0.0                  0.0        0.0
avg_all_disc_count                            float64      0                                                                                                                                         
avg_all_disc_exclude_opener_count             float64      0                                                                                                                                         
clustering_coefficient                        float64      4             0.137005                  0.0             0.093019             0.168012             0.211997             0.211997    0.10031

