File: drive/output/derived/org_outcomes_practices/repo_discussion_quality/all/rolling5/mechanicalsoup___mechanicalsoup.parquet

MD5 hash: 8265b4a1fab5d57e1109e36d598d6e6c

Keys: time_period 

                                                                   type  count                           mean                  min                  25%                  50%                  75%                  max        std
time_period                                              datetime64[ns]     21  2019-12-31 17:08:34.285714176  2015-01-01 00:00:00  2017-07-01 00:00:00  2020-01-01 00:00:00  2022-07-01 00:00:00  2025-01-01 00:00:00           
response_rate                                                   float64     21                       0.638347             0.514563             0.595238             0.666667             0.683884             0.702703   0.063975
mean_days_to_respond                                            float64     21                      19.982041             0.457379             15.27978            17.869678            22.086549            51.711928  11.574851
pos_sentiment_avg                                               float64     21                       0.153262             0.118731              0.13126             0.149147             0.159549             0.215998   0.029322
neg_sentiment_avg                                               float64     21                       0.051621             0.040583               0.0465             0.048506             0.053075             0.088754   0.010282
ov_sentiment_avg                                                float64     21                       0.134629             0.101912             0.112647             0.125898             0.156165             0.174587   0.026283
response_rate_issue_comment                                     float64     21                       0.641408             0.466667             0.588235                 0.66             0.712963             0.748663   0.089624
response_rate_issue_opened                                      float64     21                            1.0                  1.0                  1.0                  1.0                  1.0                  1.0        0.0
response_rate_pull_request_comment                              float64     21                       0.538069             0.235294                 0.52             0.538462             0.631579             0.736527   0.142779
response_rate_pull_request_opened                               float64     21                       0.797564             0.444444                  0.8             0.833333                 0.86                  1.0   0.156571
response_rate_pull_request_review_comment                       float64     20                       0.349508                  0.0             0.305628             0.373129             0.384607             0.666667   0.128579
mean_days_to_respond_issue_comment                              float64     21                      33.474988             0.036405            23.572234            31.938781            47.840845            68.150037   19.65993
mean_days_to_respond_issue_opened                               float64     21                      23.567371               0.1252             7.359347            17.361346            27.146051            91.133717  24.250839
mean_days_to_respond_pull_request_comment                       float64     21                       6.070738             0.269337              1.49703              5.12982            10.259963            16.252752   5.170293
mean_days_to_respond_pull_request_opened                        float64     21                       9.141478             0.731498             2.300461             7.716126            14.606214            23.300372   7.177322
mean_days_to_respond_to_last_comment                            float64     21                      32.753038             0.113266             23.98204             35.10937            40.167467            68.271437  17.703085
mean_days_to_respond_pull_request_review_comment                float64     19                       3.273275             0.061732             0.214566             0.462182             4.393761             19.66446   5.503079
issue_comment_pos_sentiment_avg                                 float64     21                       0.162417                0.122             0.139726             0.168544             0.183158             0.228715   0.028949
issue_comment_neg_sentiment_avg                                 float64     21                       0.034385             0.026816             0.031924             0.033387             0.035719             0.049576   0.004755
issue_comment_ov_sentiment_avg                                  float64     21                       0.166758              0.10641             0.128139              0.15117              0.21991             0.238056   0.049117
issue_opened_pos_sentiment_avg                                  float64     21                        0.11106             0.076648              0.08748             0.095945             0.119613             0.200818   0.038129
issue_opened_neg_sentiment_avg                                  float64     21                       0.035472               0.0218             0.026289             0.032655             0.039192             0.065799   0.011566
issue_opened_ov_sentiment_avg                                   float64     21                       0.105399            -0.001142             0.072711             0.109634             0.137064             0.194099   0.050241
pull_request_comment_pos_sentiment_avg                          float64     21                       0.218079             0.148719             0.159323             0.186672             0.219404             0.408398   0.083158
pull_request_comment_neg_sentiment_avg                          float64     21                       0.030971                  0.0             0.030472             0.031709             0.034373             0.045433   0.008848
pull_request_comment_ov_sentiment_avg                           float64     21                       0.199142             0.154237             0.172739             0.193109             0.216344             0.262383    0.03637
pull_request_opened_pos_sentiment_avg                           float64     21                       0.039246                  0.0             0.034555             0.043829             0.049742             0.068065   0.018477
pull_request_opened_neg_sentiment_avg                           float64     21                       0.144603             0.078791             0.100037             0.123696             0.175234             0.317104   0.059979
pull_request_opened_ov_sentiment_avg                            float64     21                      -0.031451            -0.203475             -0.04268            -0.015196             0.007366             0.052838   0.060646
pull_request_review_comment_pos_sentiment_avg                   float64     20                        0.16892             0.084519             0.115292              0.13713             0.161452                0.373   0.087631
pull_request_review_comment_neg_sentiment_avg                   float64     20                       0.040356                  0.0             0.031289             0.045286             0.053482               0.0925   0.021759
pull_request_review_comment_ov_sentiment_avg                    float64     20                       0.132654             0.077575             0.092863              0.10333             0.128421             0.277051    0.06324
pull_request_review_approved_pos_sentiment_avg                  float64     10                       0.331499             0.263357              0.32623               0.3311              0.34937               0.3925   0.038995
pull_request_review_approved_neg_sentiment_avg                  float64     10                        0.01292                  0.0             0.009881             0.014408             0.016972             0.026929   0.008267
pull_request_review_approved_ov_sentiment_avg                   float64     10                       0.341231             0.222857             0.332675             0.336945             0.359169               0.4198   0.051855
pull_request_review_changes_requested_pos_sentiment_avg         float64     10                       0.215099             0.112833             0.204448              0.21777               0.2412               0.2615    0.04206
pull_request_review_changes_requested_neg_sentiment_avg         float64     10                       0.022432                  0.0             0.009473             0.023208              0.03299                0.048    0.01491
pull_request_review_changes_requested_ov_sentiment_avg          float64     10                       0.291841              0.03585             0.247565             0.309719             0.369764              0.39962   0.108399
pull_request_review_commented_pos_sentiment_avg                 float64      7                       0.210597             0.154143             0.187074             0.220006             0.236472             0.252937   0.041282
pull_request_review_commented_neg_sentiment_avg                 float64      7                       0.020847                0.015             0.017274             0.019548             0.024095             0.028643   0.005701
pull_request_review_commented_ov_sentiment_avg                  float64      7                       0.400141             0.251564             0.338234             0.424904             0.468239             0.511574   0.108646
pct_merged_with_approved                                        float64     10                       0.384098               0.1875             0.337475             0.401703             0.461275                  0.5   0.098281
pct_merged_with_review                                          float64     10                       0.436572               0.1875             0.398834             0.485294                  0.5             0.529412    0.11035
avg_pull_request_comment_count                                  float64     21                       2.358554             1.727273             1.846154                2.125             2.931034             3.779661   0.656083
avg_all_disc_count                                              float64     21                        4.18849             2.076923             2.923077             4.379747             5.244186             6.135593   1.345604
avg_pull_request_review_comment_count                           float64     20                       1.251213             0.222222             0.751282             1.352639              1.67727             2.355932   0.657059
avg_pull_request_review_count                                   float64     10                       1.340439             0.350877             0.794923             1.400641               1.9333             2.064516   0.629319
avg_pull_request_comment_exclude_opener_count                   float64     21                       1.448275             0.769231                1.125             1.371429             1.763158             2.392857   0.459614
avg_all_disc_exclude_opener_count                               float64     21                       2.937563             1.416667             1.967742                 2.95                 4.05             4.269231   1.048046
avg_pull_request_review_comment_exclude_opener_count            float64     20                       0.952144                 0.25             0.585253             1.091034             1.290392             1.696429   0.471624
avg_pull_request_review_exclude_opener_count                    float64     10                       1.223216             0.207547               0.7125              1.19678             1.853571             2.038462   0.665256
clustering_coefficient                                          float64     21                       0.044926                  0.0             0.024888             0.042853             0.058827              0.09768   0.028738

