File: drive/output/derived/org_outcomes_practices/repo_discussion_quality/all/rolling5/mhwgoo___cambridge.parquet

MD5 hash: ac92b0ef89d28d55eed89bec477308d9

Keys: time_period 

                                                         type  count                 mean                  min                  25%                  50%                  75%                  max       std
time_period                                    datetime64[ns]      8  2023-04-01 18:00:00  2021-07-01 00:00:00  2022-05-16 18:00:00  2023-04-01 12:00:00  2024-02-15 12:00:00  2025-01-01 00:00:00          
response_rate                                         float64      5             0.739645                  0.5             0.769231                  0.8             0.810811             0.818182  0.135259
mean_days_to_respond                                  float64      5             5.491105             1.249691             1.308245             1.491581             2.798429            20.607581  8.474085
pos_sentiment_avg                                     float64      6             0.109476             0.093333             0.104412             0.109148             0.117727             0.121808  0.010636
neg_sentiment_avg                                     float64      6              0.03509               0.0245             0.033208             0.036273             0.038442              0.04214  0.006134
ov_sentiment_avg                                      float64      6             0.062371             0.029367              0.05833             0.068812             0.074022             0.076639  0.017833
response_rate_issue_comment                           float64      5             0.618066                  0.0             0.736842             0.777778             0.782609             0.793103   0.34617
response_rate_issue_opened                            float64      5                  1.0                  1.0                  1.0                  1.0                  1.0                  1.0       0.0
response_rate_pull_request_comment                    float64      3                  0.0                  0.0                  0.0                  0.0                  0.0                  0.0       0.0
response_rate_pull_request_opened                     float64      3                  1.0                  1.0                  1.0                  1.0                  1.0                  1.0       0.0
mean_days_to_respond_issue_opened                     float64      5             9.781337             5.293345             5.748571             6.609324            10.647863            20.607581  6.411423
mean_days_to_respond_to_last_comment                  float64      5             9.237387             5.014593             5.503122              5.81387              9.24777            20.607581  6.572264
mean_days_to_respond_issue_comment                    float64      4             0.102224             0.074618             0.089426             0.094362              0.10716             0.145553  0.030349
mean_days_to_respond_pull_request_opened              float64      3             1.408194             1.408194             1.408194             1.408194             1.408194             1.408194       0.0
issue_comment_pos_sentiment_avg                       float64      6               0.1335             0.119353             0.125135             0.130632             0.135716             0.159667  0.014222
issue_comment_neg_sentiment_avg                       float64      6             0.043714             0.037802             0.042596             0.043166              0.04585                0.049  0.003841
issue_comment_ov_sentiment_avg                        float64      6             0.069301             0.021733             0.068584             0.080615             0.082586             0.085027  0.024361
issue_opened_pos_sentiment_avg                        float64      6             0.015141                  0.0             0.007312                0.009               0.0225             0.039094  0.014761
issue_opened_neg_sentiment_avg                        float64      6             0.009116                  0.0                  0.0             0.005594             0.013984             0.028594  0.011547
issue_opened_ov_sentiment_avg                         float64      6            -0.010811              -0.0567            -0.040055            -0.006155             0.012333                0.037  0.036977
pull_request_comment_pos_sentiment_avg                float64      3               0.0805               0.0805               0.0805               0.0805               0.0805               0.0805       0.0
pull_request_comment_neg_sentiment_avg                float64      3                  0.0                  0.0                  0.0                  0.0                  0.0                  0.0       0.0
pull_request_comment_ov_sentiment_avg                 float64      3               0.1204               0.1204               0.1204               0.1204               0.1204               0.1204       0.0
pull_request_opened_pos_sentiment_avg                 float64      3                  0.0                  0.0                  0.0                  0.0                  0.0                  0.0       0.0
pull_request_opened_neg_sentiment_avg                 float64      3                  0.0                  0.0                  0.0                  0.0                  0.0                  0.0       0.0
pull_request_opened_ov_sentiment_avg                  float64      3                  0.0                  0.0                  0.0                  0.0                  0.0                  0.0       0.0
pct_merged_with_approved                              float64      3                  0.0                  0.0                  0.0                  0.0                  0.0                  0.0       0.0
pct_merged_with_review                                float64      3                  0.0                  0.0                  0.0                  0.0                  0.0                  0.0       0.0
avg_all_disc_count                                    float64      3                  2.0                  2.0                  2.0                  2.0                  2.0                  2.0       0.0
avg_pull_request_comment_count                        float64      3                  2.0                  2.0                  2.0                  2.0                  2.0                  2.0       0.0
avg_all_disc_exclude_opener_count                     float64      3                  2.0                  2.0                  2.0                  2.0                  2.0                  2.0       0.0
avg_pull_request_comment_exclude_opener_count         float64      3                  2.0                  2.0                  2.0                  2.0                  2.0                  2.0       0.0
clustering_coefficient                                float64      8                  0.0                  0.0                  0.0                  0.0                  0.0                  0.0       0.0

