File: drive/output/derived/org_outcomes_practices/repo_discussion_quality/all/rolling5/michaelarnauts___aiocomfoconnect.parquet

MD5 hash: eff7d5273d0d6af31ff0959e3a23b3c0

Keys: time_period 

                                                           type  count                 mean                  min                  25%                  50%                  75%                  max       std
time_period                                      datetime64[ns]      5  2023-12-31 19:12:00  2023-01-01 00:00:00  2023-07-01 00:00:00  2024-01-01 00:00:00  2024-07-01 00:00:00  2025-01-01 00:00:00          
response_rate                                           float64      5             0.750413                  0.7             0.730159             0.754902             0.780488             0.786517  0.035986
mean_days_to_respond                                    float64      5            17.745486            15.836634            16.382301            17.573501            18.630171            20.304821  1.793351
pos_sentiment_avg                                       float64      5             0.109384             0.038464             0.114755             0.121999             0.125031             0.146673  0.041391
neg_sentiment_avg                                       float64      5             0.036472              0.02569             0.031846             0.038535             0.042027             0.044263   0.00764
ov_sentiment_avg                                        float64      5             0.086561            -0.034255             0.105423             0.110087             0.122711             0.128841  0.068191
response_rate_issue_comment                             float64      5             0.628991                  0.4             0.653846             0.666667             0.680851              0.74359  0.132567
response_rate_issue_opened                              float64      5                  1.0                  1.0                  1.0                  1.0                  1.0                  1.0       0.0
response_rate_pull_request_comment                      float64      4             0.671317             0.578947             0.644737             0.678161             0.704741                 0.75  0.070902
response_rate_pull_request_opened                       float64      4                  1.0                  1.0                  1.0                  1.0                  1.0                  1.0       0.0
mean_days_to_respond_issue_comment                      float64      5            22.496431            18.106493            20.416321             22.03776            24.056074            27.865509    3.7104
mean_days_to_respond_issue_opened                       float64      5            21.407284            17.280546            18.640014            21.457939            24.569887            25.088035  3.472762
mean_days_to_respond_to_last_comment                    float64      5              30.3431            25.806482            28.238218            28.869242            29.818867             38.98269  5.052253
mean_days_to_respond_pull_request_comment               float64      4            13.259248             9.246003             9.246003            13.026192            17.039436            17.738603  4.649697
mean_days_to_respond_pull_request_opened                float64      4             3.487596             2.712256             2.932566             3.100067             3.655096             5.037994  1.052448
issue_comment_pos_sentiment_avg                         float64      5             0.099307             0.031148             0.091366             0.124326             0.124512             0.125184  0.040742
issue_comment_neg_sentiment_avg                         float64      5              0.02402              0.01725             0.022194             0.026084              0.02683             0.027743  0.004335
issue_comment_ov_sentiment_avg                          float64      5             0.090369            -0.010352             0.099183             0.116003               0.1227             0.124313  0.057177
issue_opened_pos_sentiment_avg                          float64      5             0.091815               0.0564             0.089229             0.093013             0.110097             0.110339  0.022021
issue_opened_neg_sentiment_avg                          float64      5             0.035057             0.027886             0.028911             0.033614             0.041775               0.0431   0.00709
issue_opened_ov_sentiment_avg                           float64      5             0.064348             -0.03353             0.058822              0.08872             0.092685             0.115046  0.058262
pull_request_opened_pos_sentiment_avg                   float64      5             0.050253                  0.0             0.052301             0.053722             0.066363             0.078881  0.030086
pull_request_opened_neg_sentiment_avg                   float64      5             0.089679             0.016679              0.07775             0.105369             0.118434             0.130162  0.045231
pull_request_opened_ov_sentiment_avg                    float64      5             0.019984              -0.2052             0.038428             0.057886             0.071506               0.1373  0.131246
pull_request_comment_pos_sentiment_avg                  float64      4             0.212958             0.181201             0.181241             0.195445             0.227163             0.279741  0.046492
pull_request_comment_neg_sentiment_avg                  float64      4             0.026551             0.022523             0.025457              0.02675             0.027843              0.03018  0.003145
pull_request_comment_ov_sentiment_avg                   float64      4             0.168667             0.139128             0.140542             0.164927             0.193053             0.205686  0.033738
pull_request_review_commented_pos_sentiment_avg         float64      3             0.053392             0.053392             0.053392             0.053392             0.053392             0.053392       0.0
pull_request_review_commented_neg_sentiment_avg         float64      3              0.02404              0.02404              0.02404              0.02404              0.02404              0.02404       0.0
pull_request_review_commented_ov_sentiment_avg          float64      3              0.08515              0.08515              0.08515              0.08515              0.08515              0.08515       0.0
pct_merged_with_approved                                float64      5                  0.0                  0.0                  0.0                  0.0                  0.0                  0.0       0.0
pct_merged_with_review                                  float64      5             0.035556                  0.0                  0.0             0.055556             0.055556             0.066667  0.032773
avg_all_disc_count                                      float64      4             3.758965                 2.75             3.104167             3.792929             4.447727                  4.7  0.923269
avg_pull_request_comment_count                          float64      4             3.381439             2.666667             2.729167             3.329545             3.981818                  4.2  0.786993
avg_pull_request_review_count                           float64      3             0.503367             0.454545             0.477273                  0.5             0.527778             0.555556  0.050589
avg_all_disc_exclude_opener_count                       float64      4             2.522222                  2.0                2.375                  2.6             2.747222             2.888889  0.382648
avg_pull_request_comment_exclude_opener_count           float64      4             2.102083                1.875              1.96875                  2.1             2.233333             2.333333  0.204167
avg_pull_request_review_exclude_opener_count            float64      3             0.560185                  0.5             0.527778             0.555556             0.590278                0.625  0.062628
clustering_coefficient                                  float64      5             0.013203                  0.0                  0.0             0.010225             0.013509             0.042279  0.017342

