File: drive/output/derived/org_outcomes_practices/repo_discussion_quality/all/rolling5/migonzalvar___dj-email-url.parquet

MD5 hash: c657abfd88f48c28e06bb72c2c848950

Keys: time_period 

                                                         type  count                 mean                  min                  25%                  50%                  75%                  max        std
time_period                                    datetime64[ns]     20  2019-10-01 08:24:00  2015-01-01 00:00:00  2017-05-16 18:00:00  2019-10-01 00:00:00  2022-02-15 06:00:00  2024-07-01 00:00:00           
response_rate                                         float64     12             0.594365                  0.5              0.56746             0.582011             0.623377             0.692308   0.052849
mean_days_to_respond                                  float64     12            20.151533             0.182319             0.606657            16.840092            32.664835            67.991753  21.808914
pos_sentiment_avg                                     float64     13               0.2393                0.117             0.152842              0.26246             0.298674             0.393148   0.087976
neg_sentiment_avg                                     float64     13             0.107819              0.03275             0.048422             0.098797             0.118217             0.287527   0.081093
ov_sentiment_avg                                      float64     13             0.119578            -0.056388             0.092891             0.137393             0.167015             0.206089   0.070434
response_rate_issue_comment                           float64     11                  0.0                  0.0                  0.0                  0.0                  0.0                  0.0        0.0
response_rate_issue_opened                            float64     10                  1.0                  1.0                  1.0                  1.0                  1.0                  1.0        0.0
response_rate_pull_request_comment                    float64     11             0.392798                 0.25             0.328571                  0.4             0.464286             0.571429   0.103823
response_rate_pull_request_opened                     float64     11                  1.0                  1.0                  1.0                  1.0                  1.0                  1.0        0.0
mean_days_to_respond_issue_opened                     float64     10             29.69452             0.153808             0.487951             7.078018            55.053649            131.16625  45.294373
mean_days_to_respond_to_last_comment                  float64     12            30.562998             0.113555             0.563839            29.031198            52.014944            90.296107  30.998879
mean_days_to_respond_pull_request_comment             float64     11            13.818174             0.003692             0.117772             0.243248            34.893919            39.866416  18.875423
mean_days_to_respond_pull_request_opened              float64     11             14.88172             0.087976             0.277549             0.539994             1.196671            90.654441  32.263458
issue_comment_pos_sentiment_avg                       float64     11             0.151172               0.0435             0.067278             0.118667              0.17825                0.357   0.113996
issue_comment_neg_sentiment_avg                       float64     11             0.011869                  0.0                  0.0                  0.0             0.013056             0.078333   0.024393
issue_comment_ov_sentiment_avg                        float64     11             0.133747              -0.1341             0.034567               0.1806               0.2483             0.270867   0.134395
issue_opened_pos_sentiment_avg                        float64     10             0.235578             0.086833             0.148389             0.234778                0.251                  0.5   0.126859
issue_opened_neg_sentiment_avg                        float64     10                  0.0                  0.0                  0.0                  0.0                  0.0                  0.0        0.0
issue_opened_ov_sentiment_avg                         float64     10             0.258716             0.170725             0.187217               0.2225             0.329619               0.4404   0.091959
pull_request_comment_pos_sentiment_avg                float64     12             0.436284             0.181411             0.231832             0.495999             0.574958             0.625056   0.176538
pull_request_comment_neg_sentiment_avg                float64     12             0.010647                  0.0                  0.0             0.010031             0.019313                0.032   0.010896
pull_request_comment_ov_sentiment_avg                 float64     12             0.288213             0.135802             0.174251             0.324877             0.365908              0.40854   0.103012
pull_request_opened_pos_sentiment_avg                 float64     12             0.056337                  0.0              0.01037             0.042534             0.081111             0.166667   0.059362
pull_request_opened_neg_sentiment_avg                 float64     12             0.282257             0.135083             0.180111             0.300914             0.351928             0.440818    0.09642
pull_request_opened_ov_sentiment_avg                  float64     12            -0.073039            -0.250867            -0.191518            -0.166581             0.127854             0.157489   0.169061
pct_merged_with_approved                              float64      4                  0.0                  0.0                  0.0                  0.0                  0.0                  0.0        0.0
pct_merged_with_review                                float64      4                  0.0                  0.0                  0.0                  0.0                  0.0                  0.0        0.0
avg_all_disc_count                                    float64     12             1.779101                  1.5                  1.5             1.666667                  2.0             2.333333   0.315067
avg_pull_request_comment_count                        float64     12             1.779101                  1.5                  1.5             1.666667                  2.0             2.333333   0.315067
avg_all_disc_exclude_opener_count                     float64     12             1.549272                  1.0             1.229167             1.333333                  2.0             2.333333   0.489706
avg_pull_request_comment_exclude_opener_count         float64     12             1.549272                  1.0             1.229167             1.333333                  2.0             2.333333   0.489706
clustering_coefficient                                float64     20                  0.0                  0.0                  0.0                  0.0                  0.0                  0.0        0.0

