File: drive/output/derived/org_outcomes_practices/repo_discussion_quality/all/rolling5/moguri___panda3d-gltf.parquet

MD5 hash: ba380f5574b8ace68b8b32d0660042ca

Keys: time_period 

                                                                type  count                           mean                  min                  25%                  50%                  75%                  max        std
time_period                                           datetime64[ns]     14  2021-09-30 20:34:17.142857216  2018-07-01 00:00:00  2020-02-15 12:00:00  2021-10-01 00:00:00  2023-05-16 18:00:00  2025-01-01 00:00:00           
response_rate                                                float64     10                       0.694523             0.619718             0.666801             0.703658             0.718993             0.755102   0.046414
mean_days_to_respond                                         float64     10                      34.489121            15.340431              27.4123            35.533797            40.976673            55.263859  12.043804
pos_sentiment_avg                                            float64     14                       0.093533                  0.0             0.076083             0.098241             0.125386             0.146735   0.041716
neg_sentiment_avg                                            float64     14                       0.033483                  0.0             0.030945             0.033707             0.042262             0.048439   0.013635
ov_sentiment_avg                                             float64     14                       0.070793                  0.0             0.050578             0.066532             0.104238             0.112481   0.035149
response_rate_issue_comment                                  float64     10                       0.644215             0.516129             0.599159             0.666667             0.683549             0.724138   0.066025
response_rate_issue_opened                                   float64     10                            1.0                  1.0                  1.0                  1.0                  1.0                  1.0        0.0
response_rate_pull_request_comment                           float64     10                       0.483012             0.333333             0.439967             0.457002             0.492188             0.666667   0.096358
response_rate_pull_request_opened                            float64     10                       0.785647             0.428571             0.666667             0.859783              0.96875                  1.0   0.209343
response_rate_pull_request_review_comment                    float64      5                            0.5                  0.5                  0.5                  0.5                  0.5                  0.5        0.0
mean_days_to_respond_issue_comment                           float64     10                      36.589604            11.727028            24.327976            35.715603            39.424386            82.086283  19.553763
mean_days_to_respond_issue_opened                            float64     10                      58.550054            16.040995            34.978589            66.544601            77.645722            94.558975  28.241007
mean_days_to_respond_pull_request_comment                    float64     10                      17.546528             0.263576             1.326819             1.505491            21.517668             69.57239  28.671203
mean_days_to_respond_pull_request_opened                     float64     10                       7.857542             0.194572             0.211517            11.404547            13.135169            14.831708   6.673511
mean_days_to_respond_to_last_comment                         float64     10                      67.159797            33.251253            53.923324            64.874452            79.769623           112.090344  24.517727
mean_days_to_respond_pull_request_review_comment             float64      5                       0.370116             0.370116             0.370116             0.370116             0.370116             0.370116        0.0
issue_comment_pos_sentiment_avg                              float64     14                       0.080719                  0.0             0.068781             0.090207             0.101313             0.136981    0.03965
issue_comment_neg_sentiment_avg                              float64     14                        0.03843                  0.0              0.03947              0.04393             0.046232             0.053207   0.016856
issue_comment_ov_sentiment_avg                               float64     14                       0.047782                  0.0             0.043756             0.054508             0.063698             0.076235   0.024368
issue_opened_pos_sentiment_avg                               float64     14                       0.059413                  0.0             0.044452             0.054816             0.079317             0.110304   0.027518
issue_opened_neg_sentiment_avg                               float64     14                       0.026783                  0.0             0.019291             0.026705             0.034847             0.045043   0.012069
issue_opened_ov_sentiment_avg                                float64     14                       0.038126            -0.030218             0.009255             0.048128             0.062927             0.091373    0.03794
pull_request_comment_pos_sentiment_avg                       float64     12                       0.234929               0.1064             0.159303             0.279826             0.304904             0.327618    0.08979
pull_request_comment_neg_sentiment_avg                       float64     12                       0.024014              0.00757             0.008472             0.010089               0.0494               0.0494   0.019642
pull_request_comment_ov_sentiment_avg                        float64     12                       0.245957             0.122415             0.181515             0.257432             0.319158             0.361492   0.089959
pull_request_opened_pos_sentiment_avg                        float64     12                       0.044188             0.007589             0.030024              0.03528               0.0677             0.078836   0.022525
pull_request_opened_neg_sentiment_avg                        float64     12                       0.066649             0.037045             0.038435             0.056566             0.072399               0.1373   0.035306
pull_request_opened_ov_sentiment_avg                         float64     12                       0.008797            -0.117804            -0.002793             0.021803             0.033312             0.067258   0.047891
pull_request_review_approved_pos_sentiment_avg               float64      8                       0.434094             0.259167             0.259167             0.359125                0.659                0.659   0.190783
pull_request_review_approved_neg_sentiment_avg               float64      8                            0.0                  0.0                  0.0                  0.0                  0.0                  0.0        0.0
pull_request_review_approved_ov_sentiment_avg                float64      8                       0.418787             0.199833             0.199833              0.32495               0.7003               0.7003   0.238801
pull_request_review_comment_pos_sentiment_avg                float64      5                          0.016                0.016                0.016                0.016                0.016                0.016        0.0
pull_request_review_comment_neg_sentiment_avg                float64      5                        0.01725              0.01725              0.01725              0.01725              0.01725              0.01725        0.0
pull_request_review_comment_ov_sentiment_avg                 float64      5                      -0.077462            -0.077462            -0.077462            -0.077462            -0.077462            -0.077462        0.0
pct_merged_with_approved                                     float64      9                       0.502239                  0.0             0.307692             0.357143             0.714286                  1.0   0.338752
pct_merged_with_review                                       float64      9                       0.598698                  0.0             0.384615             0.428571                  1.0                  1.0   0.370707
avg_all_disc_count                                           float64     12                       2.023224                  1.5             1.916667             2.104167             2.207692                  2.5   0.310132
avg_pull_request_comment_count                               float64     12                       1.653646                  1.0                 1.25             1.761905               1.9375             2.157895   0.386676
avg_pull_request_review_count                                float64      8                        0.41948             0.166667               0.2475             0.267857             0.591346                0.875   0.267893
avg_pull_request_review_comment_count                        float64      5                       0.215817                 0.08             0.095238             0.153846                 0.25                  0.5   0.172304
avg_all_disc_exclude_opener_count                            float64     12                       1.637504                  1.5                  1.5             1.597222              1.63125                  2.0    0.17789
avg_pull_request_comment_exclude_opener_count                float64     12                       1.292723                0.625                  1.0               1.3625             1.520833                  2.0   0.369063
avg_pull_request_review_exclude_opener_count                 float64      8                       0.438806             0.173913             0.239583             0.480769             0.541667                 0.75   0.212368
avg_pull_request_review_comment_exclude_opener_count         float64      5                       0.125385             0.041667                 0.05             0.076923                0.125             0.333333   0.120709
clustering_coefficient                                       float64     12                       0.077537             0.036836             0.060651             0.067686             0.096716             0.140697   0.028298

