File: drive/output/derived/org_outcomes_practices/repo_discussion_quality/all/rolling5/monarch-initiative___embiggen.parquet

MD5 hash: 8962ee7f2fd6eab76250b053cedb0154

Keys: time_period 

                                                                   type  count                           mean                  min                  25%                  50%                  75%                  max        std
time_period                                              datetime64[ns]     11  2022-07-01 21:49:05.454545408  2020-01-01 00:00:00  2021-04-01 12:00:00  2022-07-01 00:00:00  2023-10-01 00:00:00  2025-01-01 00:00:00           
response_rate                                                   float64      8                       0.815878             0.754491             0.815875             0.816638             0.833734             0.839506   0.026717
mean_days_to_respond                                            float64      8                       5.623761             0.942616             4.518362             7.291098             7.487958             7.699237   2.924824
pos_sentiment_avg                                               float64      9                       0.107362              0.04116             0.090591             0.125314             0.128425             0.131093    0.02994
neg_sentiment_avg                                               float64      9                       0.112218             0.038649             0.040664             0.049114             0.209667             0.263603   0.091464
ov_sentiment_avg                                                float64      9                       0.040019            -0.232067            -0.025448             0.114543             0.122885             0.126989   0.121399
response_rate_issue_comment                                     float64      8                        0.74029             0.607143             0.651496             0.801387             0.805524             0.818182   0.092843
response_rate_issue_opened                                      float64      8                            1.0                  1.0                  1.0                  1.0                  1.0                  1.0        0.0
response_rate_pull_request_comment                              float64      8                       0.678799             0.333333              0.68905             0.757143             0.763971                  0.8   0.168458
response_rate_pull_request_opened                               float64      8                            1.0                  1.0                  1.0                  1.0                  1.0                  1.0        0.0
response_rate_pull_request_review_comment                       float64      6                       0.368269                0.125             0.346154             0.346154             0.346154                  0.7   0.185031
mean_days_to_respond_issue_comment                              float64      8                        7.81577             3.086454              6.60312             8.627441             8.754282            13.728404   3.417546
mean_days_to_respond_issue_opened                               float64      8                      10.506955             1.062169             2.783296            15.191507            15.685537            16.708587   7.232118
mean_days_to_respond_pull_request_comment                       float64      8                        0.67257             0.000058             0.605754             0.862711             0.862711             1.121942   0.425834
mean_days_to_respond_pull_request_opened                        float64      8                       0.427691             0.001081             0.206932             0.502773              0.63226             0.827453   0.308497
mean_days_to_respond_pull_request_review_comment                float64      6                        0.77246             0.002626             0.546038             0.546038             0.546038              2.44798   0.849127
mean_days_to_respond_to_last_comment                            float64      8                      16.333252             0.169668             1.127668            22.724484            27.161782            28.563711  13.283284
issue_comment_pos_sentiment_avg                                 float64      9                       0.136905                0.022             0.144995             0.145749             0.147935             0.169029    0.04407
issue_comment_neg_sentiment_avg                                 float64      9                       0.035408             0.017333             0.018707             0.019197             0.026707             0.150667   0.043366
issue_comment_ov_sentiment_avg                                  float64      9                       0.093173              -0.3842             0.139392             0.157553             0.158388             0.162896   0.179278
issue_opened_pos_sentiment_avg                                  float64      9                       0.092098             0.061305             0.070655              0.07135             0.092663               0.1838   0.039287
issue_opened_neg_sentiment_avg                                  float64      9                       0.037721             0.020937             0.021214             0.023301             0.062137             0.068597   0.021052
issue_opened_ov_sentiment_avg                                   float64      9                        0.04084             -0.07876            -0.001496             0.070265             0.079041             0.085288   0.058312
pull_request_comment_pos_sentiment_avg                          float64      8                       0.177766             0.112227             0.169172             0.172209             0.174894               0.2785   0.046027
pull_request_comment_neg_sentiment_avg                          float64      8                        0.05679             0.032229             0.033625             0.034406              0.05858             0.128125   0.041613
pull_request_comment_ov_sentiment_avg                           float64      8                       0.147876               0.0601             0.139263             0.168336             0.169188             0.173098   0.038581
pull_request_opened_pos_sentiment_avg                           float64      9                       0.027348                  0.0             0.019951             0.033211             0.037554             0.039214   0.013715
pull_request_opened_neg_sentiment_avg                           float64      9                        0.26922             0.160674             0.169977             0.207521             0.367583             0.421756   0.113197
pull_request_opened_ov_sentiment_avg                            float64      9                      -0.124668            -0.232458            -0.187521            -0.083875            -0.066717            -0.060075    0.07104
pull_request_review_comment_pos_sentiment_avg                   float64      6                         0.1327             0.058854             0.125987             0.125987             0.125987               0.2334   0.056168
pull_request_review_comment_neg_sentiment_avg                   float64      6                       0.012186             0.003779             0.011422             0.011422             0.011422              0.02365   0.006394
pull_request_review_comment_ov_sentiment_avg                    float64      6                       0.125591              0.04226             0.118015             0.118015             0.118015             0.239222   0.063381
pull_request_review_approved_pos_sentiment_avg                  float64      5                          0.054                0.054                0.054                0.054                0.054                0.054        0.0
pull_request_review_approved_neg_sentiment_avg                  float64      5                         0.0615               0.0615               0.0615               0.0615               0.0615               0.0615        0.0
pull_request_review_approved_ov_sentiment_avg                   float64      5                        -0.0258              -0.0258              -0.0258              -0.0258              -0.0258              -0.0258        0.0
pull_request_review_changes_requested_pos_sentiment_avg         float64      5                       0.120733             0.120733             0.120733             0.120733             0.120733             0.120733        0.0
pull_request_review_changes_requested_neg_sentiment_avg         float64      5                       0.044267             0.044267             0.044267             0.044267             0.044267             0.044267        0.0
pull_request_review_changes_requested_ov_sentiment_avg          float64      5                        0.14448              0.14448              0.14448              0.14448              0.14448              0.14448        0.0
pct_merged_with_approved                                        float64      8                       0.028102                  0.0                  0.0             0.022962             0.043889             0.083333   0.030214
pct_merged_with_review                                          float64      8                       0.056203                  0.0                  0.0             0.045924             0.087778             0.166667   0.060428
avg_pull_request_comment_count                                  float64      9                       2.741009                  1.0             1.219512             3.298701             3.932203             4.288462   1.349063
avg_pull_request_review_comment_count                           float64      6                       0.373029             0.232558             0.334416             0.365801             0.428993                  0.5   0.093481
avg_all_disc_count                                              float64      9                       3.122153                  1.0             1.219512             3.818182             4.272727             5.057692   1.614418
avg_pull_request_review_count                                   float64      5                       0.238425             0.181818             0.212121             0.237288             0.269231             0.291667   0.043821
avg_pull_request_comment_exclude_opener_count                   float64      9                       2.235684                  1.0             1.219512             2.546875             2.933333             3.384615   0.914449
avg_pull_request_review_comment_exclude_opener_count            float64      6                       0.286384                  0.2              0.21875             0.275943             0.336341             0.410256    0.08275
avg_all_disc_exclude_opener_count                               float64      9                       2.517901                  1.0             1.219512             2.921875             3.301887                  4.0   1.132392
avg_pull_request_review_exclude_opener_count                    float64      5                        0.16433                0.125             0.150943             0.166667             0.173913             0.205128   0.029529
clustering_coefficient                                          float64     11                       0.064192                  0.0             0.025344             0.035793             0.112878             0.137015   0.053265

