File: drive/output/derived/org_outcomes_practices/repo_discussion_quality/all/rolling5/mrsrmn___redditeasy.parquet

MD5 hash: 52f07e3d42e51472c55ca302e78f4699

Keys: time_period 

                                                 type  count                 mean                  min                  25%                  50%                  75%                  max  std
time_period                            datetime64[ns]      5  2022-12-31 09:36:00  2022-01-01 00:00:00  2022-07-01 00:00:00  2023-01-01 00:00:00  2023-07-01 00:00:00  2024-01-01 00:00:00     
response_rate                                 float64      1                 0.75                 0.75                 0.75                 0.75                 0.75                 0.75     
mean_days_to_respond                          float64      1             0.213935             0.213935             0.213935             0.213935             0.213935             0.213935     
pos_sentiment_avg                             float64      1             0.250667             0.250667             0.250667             0.250667             0.250667             0.250667     
neg_sentiment_avg                             float64      1             0.103639             0.103639             0.103639             0.103639             0.103639             0.103639     
ov_sentiment_avg                              float64      1             0.254206             0.254206             0.254206             0.254206             0.254206             0.254206     
response_rate_issue_comment                   float64      1             0.666667             0.666667             0.666667             0.666667             0.666667             0.666667     
response_rate_issue_opened                    float64      1                  1.0                  1.0                  1.0                  1.0                  1.0                  1.0     
mean_days_to_respond_issue_comment            float64      1             0.236117             0.236117             0.236117             0.236117             0.236117             0.236117     
mean_days_to_respond_issue_opened             float64      1             0.169572             0.169572             0.169572             0.169572             0.169572             0.169572     
mean_days_to_respond_to_last_comment          float64      1             0.423993             0.423993             0.423993             0.423993             0.423993             0.423993     
issue_comment_pos_sentiment_avg               float64      1             0.240556             0.240556             0.240556             0.240556             0.240556             0.240556     
issue_comment_neg_sentiment_avg               float64      1             0.032611             0.032611             0.032611             0.032611             0.032611             0.032611     
issue_comment_ov_sentiment_avg                float64      1             0.204211             0.204211             0.204211             0.204211             0.204211             0.204211     
issue_opened_pos_sentiment_avg                float64      1             0.391167             0.391167             0.391167             0.391167             0.391167             0.391167     
issue_opened_neg_sentiment_avg                float64      1                  0.0                  0.0                  0.0                  0.0                  0.0                  0.0     
issue_opened_ov_sentiment_avg                 float64      1               0.6043               0.6043               0.6043               0.6043               0.6043               0.6043     
pull_request_opened_pos_sentiment_avg         float64      1                  0.0                  0.0                  0.0                  0.0                  0.0                  0.0     
pull_request_opened_neg_sentiment_avg         float64      1                0.524                0.524                0.524                0.524                0.524                0.524     
pull_request_opened_ov_sentiment_avg          float64      1               -0.296               -0.296               -0.296               -0.296               -0.296               -0.296     
pct_merged_with_approved                      float64      1                  0.0                  0.0                  0.0                  0.0                  0.0                  0.0     
pct_merged_with_review                        float64      1                  0.0                  0.0                  0.0                  0.0                  0.0                  0.0     
avg_all_disc_count                            float64      0                                                                                                                                   
avg_all_disc_exclude_opener_count             float64      0                                                                                                                                   
clustering_coefficient                        float64      5                  0.0                  0.0                  0.0                  0.0                  0.0                  0.0  0.0

