File: drive/output/derived/org_outcomes_practices/repo_discussion_quality/all/rolling5/nalourie___django-macros.parquet

MD5 hash: b0623c06bcc52cb724cfaf521b453b21

Keys: time_period 

                                                                type  count                           mean                  min                  25%                  50%                  75%                  max        std
time_period                                           datetime64[ns]     11  2018-04-26 10:54:32.727272704  2015-01-01 00:00:00  2016-04-01 00:00:00  2019-01-01 00:00:00  2020-04-01 00:00:00  2021-07-01 00:00:00           
response_rate                                                float64      3                       0.771429                  0.6             0.657143             0.714286             0.857143                  1.0   0.206032
mean_days_to_respond                                         float64      3                      28.704683             0.849012            11.182118            21.515224            42.632519            63.749815  32.060786
pos_sentiment_avg                                            float64      3                       0.183718             0.152675             0.162337                0.172              0.19924              0.22648   0.038272
neg_sentiment_avg                                            float64      3                       0.033223                  0.0             0.008535              0.01707             0.049835               0.0826   0.043605
ov_sentiment_avg                                             float64      3                        0.18002             0.049666             0.141972             0.234278             0.245197             0.256117   0.113417
response_rate_pull_request_comment                           float64      2                       0.633333                  0.6             0.616667             0.633333                 0.65             0.666667    0.04714
response_rate_pull_request_opened                            float64      3                            1.0                  1.0                  1.0                  1.0                  1.0                  1.0        0.0
response_rate_pull_request_review_comment                    float64      1                            0.0                  0.0                  0.0                  0.0                  0.0                  0.0           
mean_days_to_respond_pull_request_comment                    float64      2                       0.485164             0.397928             0.441546             0.485164             0.528782               0.5724    0.12337
mean_days_to_respond_pull_request_opened                     float64      3                      42.921186             1.263929            32.506872            63.749815            63.749815            63.749815  36.076243
mean_days_to_respond_to_last_comment                         float64      3                      21.963872             0.308519               1.0709             1.833281            32.791548            63.749815  36.195718
pull_request_comment_pos_sentiment_avg                       float64      2                       0.236412             0.197125             0.216769             0.236412             0.256056               0.2757   0.055561
pull_request_comment_neg_sentiment_avg                       float64      2                       0.068833                  0.0             0.034417             0.068833              0.10325             0.137667   0.097345
pull_request_comment_ov_sentiment_avg                        float64      2                       0.166759            -0.002596             0.082081             0.166759             0.251436             0.336113   0.239504
pull_request_opened_pos_sentiment_avg                        float64      3                        0.16555              0.15265             0.162325                0.172                0.172                0.172   0.011172
pull_request_opened_neg_sentiment_avg                        float64      3                       0.014225                  0.0                  0.0                  0.0             0.021338             0.042675   0.024638
pull_request_opened_ov_sentiment_avg                         float64      3                       0.197919             0.081525             0.168821             0.256117             0.256117             0.256117   0.100801
pull_request_review_comment_pos_sentiment_avg                float64      1                            0.0                  0.0                  0.0                  0.0                  0.0                  0.0           
pull_request_review_comment_neg_sentiment_avg                float64      1                            0.0                  0.0                  0.0                  0.0                  0.0                  0.0           
pull_request_review_comment_ov_sentiment_avg                 float64      1                            0.0                  0.0                  0.0                  0.0                  0.0                  0.0           
avg_pull_request_comment_count                               float64      2                            3.0                  3.0                  3.0                  3.0                  3.0                  3.0        0.0
avg_all_disc_count                                           float64      2                            3.5                  3.0                 3.25                  3.5                 3.75                  4.0   0.707107
avg_pull_request_review_comment_count                        float64      1                            1.0                  1.0                  1.0                  1.0                  1.0                  1.0           
avg_pull_request_comment_exclude_opener_count                float64      2                           2.25                  1.5                1.875                 2.25                2.625                  3.0    1.06066
avg_all_disc_exclude_opener_count                            float64      2                           2.75                  1.5                2.125                 2.75                3.375                  4.0   1.767767
avg_pull_request_review_comment_exclude_opener_count         float64      1                            1.0                  1.0                  1.0                  1.0                  1.0                  1.0           
clustering_coefficient                                       float64     10                            0.0                  0.0                  0.0                  0.0                  0.0                  0.0        0.0

