File: drive/output/derived/org_outcomes_practices/repo_discussion_quality/all/rolling5/nanotech-empa___aiida-nanotech-empa.parquet

MD5 hash: 465007c5197b2f43ad8e60780e45a04d

Keys: time_period 

                                                                   type  count                           mean                  min                  25%                  50%                  75%                  max        std
time_period                                              datetime64[ns]     11  2022-07-01 21:49:05.454545408  2020-01-01 00:00:00  2021-04-01 12:00:00  2022-07-01 00:00:00  2023-10-01 00:00:00  2025-01-01 00:00:00           
response_rate                                                   float64     10                        0.28778             0.111111             0.282749              0.31746             0.349501             0.369048   0.092142
mean_days_to_respond                                            float64     10                      35.087757             0.145486             4.426362            27.898764            61.088142            98.580689    35.7496
pos_sentiment_avg                                               float64     11                       0.077491                  0.0              0.05249              0.09345             0.107817             0.122808   0.039306
neg_sentiment_avg                                               float64     11                        0.17656             0.089876             0.120892               0.1289             0.146371                0.524   0.126494
ov_sentiment_avg                                                float64     11                      -0.023737               -0.296            -0.018866             0.008138              0.03407             0.039249   0.100619
response_rate_pull_request_comment                              float64     10                       0.359802                  0.0              0.38125                  0.4               0.4125             0.444444   0.129949
response_rate_pull_request_opened                               float64     10                       0.188289             0.130435             0.174552             0.188988              0.20625             0.242424   0.037804
response_rate_pull_request_review_comment                       float64     10                       0.209158                  0.0                  0.0             0.225733             0.403846             0.428571    0.21104
response_rate_issue_comment                                     float64      7                       0.363946             0.285714             0.333333             0.333333             0.380952                  0.5   0.073661
response_rate_issue_opened                                      float64      6                            1.0                  1.0                  1.0                  1.0                  1.0                  1.0        0.0
mean_days_to_respond_pull_request_opened                        float64     10                      18.236222             0.145486              6.23262            12.250951            33.348226            45.261748  16.550522
mean_days_to_respond_to_last_comment                            float64     10                      29.757024             0.145486             4.296298             28.67028            50.888884            74.298565  27.032542
mean_days_to_respond_pull_request_comment                       float64      9                       2.346155             0.469745             0.632587             2.755265             3.462824             5.040784   1.772015
mean_days_to_respond_pull_request_review_comment                float64      6                       3.386746             0.081736             4.047748             4.047748             4.047748             4.047748   1.619118
mean_days_to_respond_issue_comment                              float64      7                      168.92544             0.012454           139.410976           181.918746           224.426516           272.871892  92.215377
mean_days_to_respond_issue_opened                               float64      6                      86.576173             0.344259            99.842622            99.842622            99.842622           119.742294  42.988206
pull_request_opened_pos_sentiment_avg                           float64     11                       0.025202                  0.0              0.02251             0.023398             0.032225             0.036033   0.010328
pull_request_opened_neg_sentiment_avg                           float64     11                       0.298995              0.18032             0.249986              0.29755             0.321784                0.524    0.08996
pull_request_opened_ov_sentiment_avg                            float64     11                      -0.151664               -0.296            -0.175786            -0.145352            -0.109669            -0.068174   0.063917
pull_request_comment_pos_sentiment_avg                          float64     10                       0.180783             0.032976             0.102838             0.135065             0.162293                0.744    0.20474
pull_request_comment_neg_sentiment_avg                          float64     10                       0.022861                  0.0             0.015144             0.019447             0.034714             0.039024   0.012924
pull_request_comment_ov_sentiment_avg                           float64     10                       0.177253            -0.008933             0.106029             0.144514             0.181929               0.7003   0.196846
pull_request_review_approved_pos_sentiment_avg                  float64     10                        0.29139             0.070975             0.097765             0.301785             0.407729                0.744   0.212979
pull_request_review_approved_neg_sentiment_avg                  float64     10                       0.009011                  0.0             0.001801             0.009596              0.01358             0.018778   0.007295
pull_request_review_approved_ov_sentiment_avg                   float64     10                       0.280843             0.041603             0.088975             0.301968              0.40778               0.7003   0.209568
pull_request_review_changes_requested_pos_sentiment_avg         float64     10                       0.044925                  0.0             0.016771             0.054167             0.075167                0.082   0.032908
pull_request_review_changes_requested_neg_sentiment_avg         float64     10                            0.0                  0.0                  0.0                  0.0                  0.0                  0.0        0.0
pull_request_review_changes_requested_ov_sentiment_avg          float64     10                       0.113982                  0.0             0.033146             0.126433              0.20185               0.2202   0.090316
pull_request_review_comment_pos_sentiment_avg                   float64      9                       0.087403                0.022             0.043964             0.106143             0.118411             0.126869   0.040508
pull_request_review_comment_neg_sentiment_avg                   float64      9                       0.033965                  0.0             0.020875             0.041774             0.045715             0.068687   0.023374
pull_request_review_comment_ov_sentiment_avg                    float64      9                       0.069876             0.006209               0.0734             0.075691             0.076759             0.103635    0.02614
pull_request_review_commented_pos_sentiment_avg                 float64      9                       0.166399              0.04325               0.0865              0.18475             0.206584             0.286509   0.085867
pull_request_review_commented_neg_sentiment_avg                 float64      9                       0.011214                  0.0                  0.0             0.007987             0.012551                0.048   0.014862
pull_request_review_commented_ov_sentiment_avg                  float64      9                       0.243423              0.07955               0.1591             0.182947              0.22898               0.7993   0.214162
issue_comment_pos_sentiment_avg                                 float64      7                       0.164733             0.042167             0.111763             0.155557             0.175002             0.381875   0.107656
issue_comment_neg_sentiment_avg                                 float64      7                         0.0135                  0.0             0.009486             0.010044             0.017409             0.030667   0.009647
issue_comment_ov_sentiment_avg                                  float64      7                       0.165682               0.0312             0.118486             0.163831              0.18431              0.35915    0.10151
issue_opened_pos_sentiment_avg                                  float64      7                       0.064015                  0.0             0.064133             0.067953             0.079223             0.093436    0.03055
issue_opened_neg_sentiment_avg                                  float64      7                       0.053677             0.041486             0.047616             0.053929             0.055213             0.074667   0.011141
issue_opened_ov_sentiment_avg                                   float64      7                       0.046315            -0.098614             0.048609             0.054433             0.076589             0.117989   0.069383
pct_merged_with_approved                                        float64     10                       0.469769                 0.25             0.423108             0.490741               0.5491             0.574468   0.099906
pct_merged_with_review                                          float64     10                       0.546224               0.3125             0.525135             0.563353             0.609591             0.641791   0.095563
avg_all_disc_count                                              float64     10                       3.067013             1.733333             2.032051             2.941015             3.955882                  5.0   1.211675
avg_pull_request_comment_count                                  float64     10                       0.529157                  0.2             0.550117             0.567647             0.593939             0.654545   0.131313
avg_pull_request_review_count                                   float64     10                       1.533898                  0.9             1.025641             1.469767              2.00234                  2.4   0.576021
avg_pull_request_review_comment_count                           float64     10                       1.003958             0.266667             0.498837             0.947326             1.402295                  2.0   0.584821
avg_all_disc_exclude_opener_count                               float64     10                       2.293863             1.333333             1.530882             2.371667             2.740327                 3.64      0.797
avg_pull_request_comment_exclude_opener_count                   float64     10                       0.245976                 0.16             0.201471             0.238636             0.284226                 0.36   0.059806
avg_pull_request_review_exclude_opener_count                    float64     10                        1.35009                  1.0              1.05615             1.340417             1.576637                 1.84   0.316077
avg_pull_request_review_comment_exclude_opener_count            float64     10                       0.697798                  0.1             0.260294             0.802083             0.906429                 1.44   0.455343
clustering_coefficient                                          float64     10                       0.119996                  0.0             0.064742               0.1217             0.166577             0.228367   0.077388

