File: drive/output/derived/org_outcomes_practices/repo_discussion_quality/all/rolling5/neurodatawithoutborders___pynwb.parquet

MD5 hash: e289077bb365219d926aa232e2cf8800

Keys: time_period 

                                                                   type  count                 mean                  min                  25%                  50%                  75%                  max        std
time_period                                              datetime64[ns]     16  2021-04-01 06:00:00  2017-07-01 00:00:00  2019-05-16 18:00:00  2021-04-01 12:00:00  2023-02-15 06:00:00  2025-01-01 00:00:00           
response_rate                                                   float64     16             0.667186             0.580592             0.602779              0.68408             0.728062             0.741253   0.061856
mean_days_to_respond                                            float64     16            31.197456             11.49221            24.669119            32.052917            39.867218            49.465384  11.435961
pos_sentiment_avg                                               float64     16             0.112463             0.084927             0.101068             0.108949             0.125246             0.134554   0.014722
neg_sentiment_avg                                               float64     16             0.033827             0.030206              0.03288               0.0333             0.035464             0.037705   0.002194
ov_sentiment_avg                                                float64     16              0.11169              0.08109             0.100138             0.108886             0.121259             0.142976   0.016618
response_rate_issue_comment                                     float64     16             0.708506             0.628429             0.689916             0.722453             0.733119             0.752688    0.03656
response_rate_issue_opened                                      float64     16                  1.0                  1.0                  1.0                  1.0                  1.0                  1.0        0.0
response_rate_pull_request_comment                              float64     16             0.635626             0.545455             0.626091             0.635346             0.665291             0.683486   0.038921
response_rate_pull_request_opened                               float64     16             0.941408             0.845161             0.910022             0.948186             0.980999                  1.0   0.045092
response_rate_pull_request_review_comment                       float64     16             0.265839             0.192105             0.243579             0.270528             0.292147             0.337607   0.042582
mean_days_to_respond_issue_comment                              float64     16            42.235155            14.143705            34.239195             43.32846             55.06524            61.733838  15.798712
mean_days_to_respond_issue_opened                               float64     16            70.319611            25.681699            50.181482            80.360378            90.693277           104.533244  25.625556
mean_days_to_respond_pull_request_comment                       float64     16            17.556832              2.75625            10.669799            14.084495             21.05797            46.306313   11.34139
mean_days_to_respond_pull_request_opened                        float64     16             6.556671             0.750443             3.035428             4.329122             11.34926            16.697753   5.461831
mean_days_to_respond_pull_request_review_comment                float64     16             4.752704             0.042878             2.060307             4.511812             6.388765            12.661662   3.380316
mean_days_to_respond_to_last_comment                            float64     16            66.569764            14.679441            46.211031             74.39182            82.478868           107.264928  29.032401
issue_comment_pos_sentiment_avg                                 float64     16             0.112745             0.106602             0.111247             0.112906             0.114027             0.120698   0.003173
issue_comment_neg_sentiment_avg                                 float64     16             0.025077             0.022193             0.024096             0.024922             0.026326             0.027766   0.001592
issue_comment_ov_sentiment_avg                                  float64     16             0.130756             0.120737             0.125507             0.128701              0.13571             0.149422   0.008031
issue_opened_pos_sentiment_avg                                  float64     16             0.073431              0.04974             0.054127              0.05521             0.100812             0.116989   0.026549
issue_opened_neg_sentiment_avg                                  float64     16             0.033809              0.02193             0.029882             0.034398             0.037704             0.042381   0.005655
issue_opened_ov_sentiment_avg                                   float64     16             0.062975             0.044744             0.055089             0.064378               0.0699             0.077405   0.009798
pull_request_comment_pos_sentiment_avg                          float64     16             0.138017             0.074471             0.112386             0.145288              0.15936             0.177905   0.030259
pull_request_comment_neg_sentiment_avg                          float64     16             0.029908             0.021276              0.02711             0.028659             0.031357             0.043819   0.005701
pull_request_comment_ov_sentiment_avg                           float64     16             0.128216             0.073808             0.102421             0.128916             0.151058             0.181908   0.031309
pull_request_opened_pos_sentiment_avg                           float64     16             0.093084             0.075177             0.090599             0.094547             0.097605             0.101704    0.00657
pull_request_opened_neg_sentiment_avg                           float64     16             0.069505              0.04545             0.059851             0.068699             0.077157             0.126002   0.018983
pull_request_opened_ov_sentiment_avg                            float64     16             0.077657             0.000174             0.076694             0.081745             0.086677             0.099054   0.022692
pull_request_review_comment_pos_sentiment_avg                   float64     16             0.106101              0.07153             0.093342             0.105077             0.122229             0.132651   0.018218
pull_request_review_comment_neg_sentiment_avg                   float64     16             0.029208             0.021538             0.025552               0.0289             0.032606             0.037876    0.00479
pull_request_review_comment_ov_sentiment_avg                    float64     16             0.093297             0.063531             0.077921             0.085322             0.110831              0.13238   0.021289
pull_request_review_changes_requested_pos_sentiment_avg         float64     10             0.261629             0.227329             0.235364             0.253718                0.287             0.312111   0.029611
pull_request_review_changes_requested_neg_sentiment_avg         float64     10             0.009358                  0.0                  0.0             0.007486             0.016844             0.022458   0.010136
pull_request_review_changes_requested_ov_sentiment_avg          float64     10             0.321659               0.2963             0.297793             0.304261             0.331867              0.40156    0.03513
pull_request_review_approved_pos_sentiment_avg                  float64      9             0.508227             0.327958               0.3756               0.5118               0.5888                 0.75   0.161581
pull_request_review_approved_neg_sentiment_avg                  float64      9             0.014389                  0.0             0.016647              0.01805             0.018433             0.021167   0.008245
pull_request_review_approved_ov_sentiment_avg                   float64      9             0.457802             0.335855             0.380352             0.468373              0.49451              0.64425   0.103967
pull_request_review_commented_pos_sentiment_avg                 float64      9              0.24469             0.175017             0.241639             0.256619             0.269833             0.306375    0.04252
pull_request_review_commented_neg_sentiment_avg                 float64      9             0.036064                  0.0             0.015929             0.037167                0.043             0.077688   0.025252
pull_request_review_commented_ov_sentiment_avg                  float64      9             0.307075             0.166226             0.321539             0.337517             0.343817             0.388117   0.073948
pull_request_review_dismissed_pos_sentiment_avg                 float64      8             0.387754             0.283417             0.352517             0.388584             0.435024             0.478933   0.062955
pull_request_review_dismissed_neg_sentiment_avg                 float64      8             0.007534                  0.0             0.007333              0.00785              0.00961               0.0105   0.003337
pull_request_review_dismissed_ov_sentiment_avg                  float64      8             0.393344             0.319725             0.369379             0.401824             0.413779             0.457833    0.04268
pct_merged_with_approved                                        float64     10             0.773919              0.26087             0.692301             0.868983               0.9281             0.940367   0.219165
pct_merged_with_review                                          float64     10             0.784978              0.26087              0.69511             0.887113             0.943689             0.956731   0.226104
avg_pull_request_comment_count                                  float64     16             2.591528             2.119171             2.362429              2.46203             2.945486             3.172414   0.337656
avg_pull_request_review_comment_count                           float64     16             1.384326             0.627792             0.879299             1.377333             1.790206             2.491018   0.572014
avg_all_disc_count                                              float64     16             5.498333             3.342432             3.822454             4.776487             7.222405             8.964072   1.925134
avg_pull_request_review_count                                   float64     10             2.435966             0.092262             1.586417             2.916827             3.281331             3.958084   1.342617
avg_pull_request_comment_exclude_opener_count                   float64     16             1.912612              1.55618             1.745688              1.79186             2.160481              2.35443   0.250601
avg_pull_request_review_comment_exclude_opener_count            float64     16             1.007694             0.426702             0.655207             0.981049             1.319916              1.82716   0.418564
avg_all_disc_exclude_opener_count                               float64     16              4.20406             2.429319             2.891493             3.708363             5.556463             6.969136   1.544062
avg_pull_request_review_exclude_opener_count                    float64     10             2.054006             0.082803             1.417966              2.41101             2.714698             3.339506   1.103604
clustering_coefficient                                          float64     16             0.038148             0.025619             0.030074             0.035418             0.042738              0.06061   0.011543

