File: drive/output/derived/org_outcomes_practices/repo_discussion_quality/all/rolling5/oca___bank-payment.parquet

MD5 hash: 174d37871731a11923f5d6bf09232b23

Keys: time_period 

                                                                   type  count                           mean                  min                  25%                  50%                  75%                  max        std
time_period                                              datetime64[ns]     21  2019-12-31 17:08:34.285714176  2015-01-01 00:00:00  2017-07-01 00:00:00  2020-01-01 00:00:00  2022-07-01 00:00:00  2025-01-01 00:00:00           
response_rate                                                   float64     21                       0.733371             0.666667             0.693391             0.727134             0.771679              0.81255   0.043775
mean_days_to_respond                                            float64     21                       46.68218            19.141794            22.967244            32.950712            64.879619           110.209292  29.376764
pos_sentiment_avg                                               float64     21                       0.091857             0.086444             0.089999             0.091524             0.093175             0.097834   0.002539
neg_sentiment_avg                                               float64     21                       0.044181             0.039093             0.042331              0.04312             0.045524             0.051398   0.003056
ov_sentiment_avg                                                float64     21                       0.064946             0.051112             0.059512              0.06454              0.07198             0.077394   0.007111
response_rate_issue_comment                                     float64     21                       0.766341             0.670886             0.745614             0.765766             0.803279             0.815217   0.037597
response_rate_issue_opened                                      float64     21                            1.0                  1.0                  1.0                  1.0                  1.0                  1.0        0.0
response_rate_pull_request_comment                              float64     21                       0.840218             0.728632             0.805921                 0.84             0.884984             0.926421   0.056355
response_rate_pull_request_opened                               float64     21                       0.971258             0.923077             0.963068             0.975078             0.987013             0.995192   0.021211
response_rate_pull_request_review_comment                       float64     21                       0.270839             0.151724             0.241993             0.265789             0.307692             0.389344   0.051114
mean_days_to_respond_issue_comment                              float64     21                      66.308289            38.994449            44.051864            52.161732              68.8047           129.720986   31.31142
mean_days_to_respond_issue_opened                               float64     21                     117.249521             53.10547            67.374334            124.25595           147.843427           206.603849  52.512598
mean_days_to_respond_pull_request_comment                       float64     21                      34.817769            13.259169            16.781352            19.713678            46.151755            99.912071  26.159785
mean_days_to_respond_pull_request_opened                        float64     21                      65.937372              9.21804            24.937889            42.522379           107.077747           145.448888  46.079942
mean_days_to_respond_pull_request_review_comment                float64     21                       7.462432             1.348804             3.731235             5.352338            10.580484            15.893021   4.637966
mean_days_to_respond_to_last_comment                            float64     21                     130.330212            29.157167            55.346218            98.465177           199.418132           291.564766  85.822977
issue_comment_pos_sentiment_avg                                 float64     21                       0.095877             0.072496             0.083961             0.093413             0.106788              0.12154   0.014908
issue_comment_neg_sentiment_avg                                 float64     21                       0.036411              0.02579             0.029735             0.032391             0.043515             0.051331   0.007923
issue_comment_ov_sentiment_avg                                  float64     21                       0.076749             0.036057               0.0515             0.074038             0.099072             0.127698   0.029938
issue_opened_pos_sentiment_avg                                  float64     21                       0.076497             0.052734             0.064007             0.082167             0.086619             0.098309   0.013643
issue_opened_neg_sentiment_avg                                  float64     21                       0.037346             0.024215             0.029763             0.033571             0.046345             0.059638   0.010513
issue_opened_ov_sentiment_avg                                   float64     21                       0.046927             0.001981             0.023521             0.051463              0.06104             0.087333    0.02462
pull_request_comment_pos_sentiment_avg                          float64     21                       0.107157             0.096718             0.100983             0.103907             0.111003              0.12735   0.008499
pull_request_comment_neg_sentiment_avg                          float64     21                        0.02841             0.019476              0.02656             0.028458             0.032694             0.034022   0.004751
pull_request_comment_ov_sentiment_avg                           float64     21                       0.085841              0.06679             0.076872             0.080144             0.097296             0.103606   0.012627
pull_request_opened_pos_sentiment_avg                           float64     21                       0.044347              0.03631             0.039216             0.041825             0.046849             0.061292     0.0073
pull_request_opened_neg_sentiment_avg                           float64     21                       0.118349             0.084287              0.09833             0.106019             0.123347             0.189193   0.029252
pull_request_opened_ov_sentiment_avg                            float64     21                      -0.016461            -0.032227            -0.020076            -0.016702            -0.012322             0.001474   0.006907
pull_request_review_comment_pos_sentiment_avg                   float64     21                       0.079062             0.060242              0.06947             0.078702             0.088323             0.103909   0.011855
pull_request_review_comment_neg_sentiment_avg                   float64     21                       0.043045             0.034393             0.038498              0.04287              0.04617             0.054442   0.005609
pull_request_review_comment_ov_sentiment_avg                    float64     21                       0.052511             0.032145             0.042371             0.045685             0.063427             0.080062   0.014137
pull_request_review_approved_pos_sentiment_avg                  float64     10                       0.148283             0.097917             0.139306             0.153639             0.157307             0.187156   0.022643
pull_request_review_approved_neg_sentiment_avg                  float64     10                       0.022468             0.009972             0.015616             0.018892             0.026676               0.0535   0.012756
pull_request_review_approved_ov_sentiment_avg                   float64     10                       0.117509             0.032596             0.114155             0.125394             0.133742             0.145543    0.03194
pull_request_review_changes_requested_pos_sentiment_avg         float64     10                       0.160456             0.134707             0.141442             0.155653             0.166384             0.206616   0.024425
pull_request_review_changes_requested_neg_sentiment_avg         float64     10                       0.025371             0.013372             0.019436             0.021825             0.028222             0.053625   0.011101
pull_request_review_changes_requested_ov_sentiment_avg          float64     10                       0.223253             0.161576             0.196471             0.225509             0.249899             0.291897   0.038579
pull_request_review_commented_pos_sentiment_avg                 float64     10                       0.080772                  0.0             0.059844             0.081877              0.10954             0.128391    0.03845
pull_request_review_commented_neg_sentiment_avg                 float64     10                        0.02281                  0.0             0.001817             0.028348             0.039269             0.044417   0.019333
pull_request_review_commented_ov_sentiment_avg                  float64     10                       0.078987                  0.0             0.039953             0.076322             0.118359             0.163323   0.053554
pct_merged_with_approved                                        float64     10                        0.83806             0.666667             0.844565             0.849342             0.866734             0.891775   0.063099
pct_merged_with_review                                          float64     10                       0.843463             0.666667             0.850543             0.856979             0.868085             0.904762   0.065233
avg_pull_request_comment_count                                  float64     21                       4.526409             3.331551             3.936842             4.479167             5.196172             6.151079   0.787937
avg_pull_request_review_comment_count                           float64     21                       1.422675             0.807365             1.023684             1.451087             1.614583             2.192308   0.449355
avg_all_disc_count                                              float64     21                       6.769292             4.545455             6.402266             6.948171             7.403846             8.339713   1.027121
avg_pull_request_review_count                                   float64     10                       1.722435             0.287293              1.64149             1.944759             2.008813             2.302632   0.601733
avg_pull_request_comment_exclude_opener_count                   float64     21                       3.452453             2.413793             3.087302             3.456204             3.810345              4.47482   0.564667
avg_pull_request_review_comment_exclude_opener_count            float64     21                       1.158605             0.603989             0.703704             1.136126             1.369048             1.865385   0.417917
avg_all_disc_exclude_opener_count                               float64     21                       5.350036             3.511494              4.89881             5.620513             5.901734             6.825243   0.866104
avg_pull_request_review_exclude_opener_count                    float64     10                       1.551853             0.281609             1.499742             1.740364             1.857524             1.989418   0.524677
clustering_coefficient                                          float64     21                        0.02574             0.010951             0.018201             0.024127             0.030022               0.0558   0.011589

