File: drive/output/derived/org_outcomes_practices/repo_discussion_quality/all/rolling5/openassetio___openassetio.parquet

MD5 hash: 9d550f817f64e7397279f4827479c29f

Keys: time_period 

                                                                   type  count                 mean                  min                  25%                  50%                  75%                  max         std
time_period                                              datetime64[ns]      8  2023-04-01 18:00:00  2021-07-01 00:00:00  2022-05-16 18:00:00  2023-04-01 12:00:00  2024-02-15 12:00:00  2025-01-01 00:00:00            
response_rate                                                   float64      8             0.356097             0.347951             0.351433             0.356452             0.360995             0.364583    0.006253
mean_days_to_respond                                            float64      8            37.856708            18.742709            32.587519             39.02044             45.64558            51.963965   10.900886
pos_sentiment_avg                                               float64      8             0.103996             0.095903              0.10153             0.104735              0.10739             0.111236    0.005593
neg_sentiment_avg                                               float64      8             0.034685             0.032871             0.033117             0.033771             0.035225             0.039717    0.002331
ov_sentiment_avg                                                float64      8             0.109936             0.081629             0.104658             0.115512              0.11878             0.124665    0.014637
response_rate_issue_comment                                     float64      8             0.465984             0.346774              0.39146             0.497863             0.531098             0.552632    0.081294
response_rate_issue_opened                                      float64      8                  1.0                  1.0                  1.0                  1.0                  1.0                  1.0         0.0
response_rate_pull_request_comment                              float64      8             0.456574             0.263158              0.44995             0.477519             0.512178             0.533784    0.087789
response_rate_pull_request_opened                               float64      8             0.293636             0.186992             0.220224             0.271116             0.311619             0.548387    0.116028
response_rate_pull_request_review_comment                       float64      8             0.312714             0.290076             0.309249              0.31462             0.318273              0.32854    0.011949
mean_days_to_respond_issue_comment                              float64      8            78.124937            12.266169            73.747954            81.841746            95.848258           118.170513   32.077792
mean_days_to_respond_issue_opened                               float64      8           259.579111            92.101844           196.696472           256.059766            340.72498            394.42903  108.686793
mean_days_to_respond_pull_request_comment                       float64      8             2.985458             0.514866             0.795364             2.369947             4.293025             8.015124    2.737228
mean_days_to_respond_pull_request_opened                        float64      8             2.446989             1.881039             2.066328             2.142251             2.442886             4.312046    0.796982
mean_days_to_respond_pull_request_review_comment                float64      8             0.602084             0.413782              0.47465             0.549562             0.682597             0.926024    0.180533
mean_days_to_respond_to_last_comment                            float64      8            57.392471            25.159349            49.200901            61.247967            71.306939            75.350202   17.338702
issue_comment_pos_sentiment_avg                                 float64      8             0.076501             0.064906             0.070156             0.074489             0.081113             0.094798     0.00953
issue_comment_neg_sentiment_avg                                 float64      8             0.026717             0.003786             0.026047             0.029968             0.033462             0.035178    0.010459
issue_comment_ov_sentiment_avg                                  float64      8             0.109082             0.077979             0.091694             0.111701             0.122955             0.137837     0.02232
issue_opened_pos_sentiment_avg                                  float64      8             0.065123             0.052097             0.055835             0.064103             0.071196             0.085753     0.01162
issue_opened_neg_sentiment_avg                                  float64      8             0.028635             0.022691             0.024183             0.026145             0.026539             0.052568    0.009789
issue_opened_ov_sentiment_avg                                   float64      8               0.0852             0.016968             0.073855             0.089048             0.104393             0.130735    0.033881
pull_request_comment_pos_sentiment_avg                          float64      8             0.127577             0.087503             0.111588             0.125976             0.142831             0.174797    0.028389
pull_request_comment_neg_sentiment_avg                          float64      8             0.044945             0.033006             0.039204             0.043236             0.050958             0.059915    0.009058
pull_request_comment_ov_sentiment_avg                           float64      8             0.133696             0.054474             0.111967             0.140525             0.169168             0.188711    0.046428
pull_request_opened_pos_sentiment_avg                           float64      8             0.045889             0.030623             0.045656             0.047909              0.04958             0.050775    0.006589
pull_request_opened_neg_sentiment_avg                           float64      8             0.071941             0.053204             0.063709             0.072775             0.078411             0.093051    0.013529
pull_request_opened_ov_sentiment_avg                            float64      8             0.011331            -0.062191             0.008254             0.022411             0.031444             0.037883    0.032755
pull_request_review_approved_pos_sentiment_avg                  float64      8             0.258702             0.212205             0.241656             0.245263             0.258261             0.359125    0.043756
pull_request_review_approved_neg_sentiment_avg                  float64      8             0.021134             0.015466             0.016907             0.017651             0.020238             0.043667    0.009279
pull_request_review_approved_ov_sentiment_avg                   float64      8             0.294909             0.186772             0.265477             0.289831             0.339517             0.394527    0.064561
pull_request_review_changes_requested_pos_sentiment_avg         float64      8             0.200262              0.18296             0.200423             0.203239             0.204275             0.205994    0.007583
pull_request_review_changes_requested_neg_sentiment_avg         float64      8               0.0206                  0.0             0.015363             0.024637             0.026418             0.034348    0.011332
pull_request_review_changes_requested_ov_sentiment_avg          float64      8             0.335056             0.234192             0.277519              0.30974             0.343348             0.566667    0.104892
pull_request_review_comment_pos_sentiment_avg                   float64      8              0.09939             0.089433             0.096733             0.101156             0.102272             0.104854    0.005094
pull_request_review_comment_neg_sentiment_avg                   float64      8             0.029402             0.019917             0.028175             0.029617             0.032012             0.035442    0.004623
pull_request_review_comment_ov_sentiment_avg                    float64      8             0.102593             0.088531             0.100216             0.104411             0.107678             0.110805    0.007942
pull_request_review_commented_pos_sentiment_avg                 float64      7             0.189744             0.165993             0.181365             0.191701             0.197807              0.21217    0.015931
pull_request_review_commented_neg_sentiment_avg                 float64      7             0.026525             0.025364             0.025686             0.026425             0.026957             0.028601    0.001147
pull_request_review_commented_ov_sentiment_avg                  float64      7             0.211162             0.174777             0.204045             0.221044             0.222711             0.228799    0.018869
pull_request_review_dismissed_pos_sentiment_avg                 float64      6             0.170625               0.1245             0.143354             0.172167             0.172167                0.249    0.043902
pull_request_review_dismissed_neg_sentiment_avg                 float64      6                  0.0                  0.0                  0.0                  0.0                  0.0                  0.0         0.0
pull_request_review_dismissed_ov_sentiment_avg                  float64      6             0.368312             0.196125             0.329962              0.34695              0.34695               0.6486    0.149342
pct_merged_with_approved                                        float64      8             0.853647                  0.6             0.853854             0.881214             0.916719             0.931915    0.107101
pct_merged_with_review                                          float64      8             0.891767                0.625             0.898529              0.92293             0.957837             0.961702     0.11173
avg_pull_request_comment_count                                  float64      8             0.909375             0.788321             0.834654             0.883268             0.978216              1.09375    0.103408
avg_pull_request_review_count                                   float64      8              6.60695                 4.75             6.713137             6.854564             6.998557             7.168776    0.788506
avg_pull_request_review_comment_count                           float64      8             6.352463               4.5625             6.440574             6.600451             6.697592              6.92616    0.762933
avg_all_disc_count                                              float64      8            13.868788             10.40625            13.999263            14.361939            14.615799            14.934599    1.492419
avg_pull_request_comment_exclude_opener_count                   float64      8             0.443322             0.344828             0.388003             0.438599             0.477787             0.592593    0.083723
avg_pull_request_review_exclude_opener_count                    float64      8             3.647844             2.481481             3.709168             3.805778             3.861134             3.989035    0.482646
avg_pull_request_review_comment_exclude_opener_count            float64      8             3.381825             2.333333             3.420224             3.517888             3.569337             3.723684    0.437977
avg_all_disc_exclude_opener_count                               float64      8              7.47299             5.407407             7.543191             7.762234             7.836217             8.114035    0.855643
clustering_coefficient                                          float64      8             0.017022                  0.0             0.014644             0.018441             0.022329             0.029387    0.009349

