File: drive/output/derived/org_outcomes_practices/repo_discussion_quality/all/rolling5/orange-opensource___rtpy.parquet

MD5 hash: 12bd02e8a204d12f036a74f684666495

Keys: time_period 

                                                         type  count                           mean                  min                  25%                  50%                  75%                  max        std
time_period                                    datetime64[ns]     11  2021-12-31 02:10:54.545454592  2019-07-01 00:00:00  2020-10-01 00:00:00  2022-01-01 00:00:00  2023-04-01 12:00:00  2024-07-01 00:00:00           
response_rate                                         float64      4                       0.658009                  0.5             0.553571             0.649351             0.753788             0.833333   0.150554
mean_days_to_respond                                  float64      4                      39.829677             5.607546            25.866364            40.517693            54.481006            72.675775  28.140933
pos_sentiment_avg                                     float64      4                       0.199101             0.146679             0.155792             0.178113             0.221422               0.2935   0.066543
neg_sentiment_avg                                     float64      4                       0.010932                  0.0             0.004986             0.010377             0.016324             0.022975   0.009882
ov_sentiment_avg                                      float64      4                       0.262541             0.208593             0.212439             0.220385             0.270487               0.4008     0.0925
response_rate_pull_request_comment                    float64      3                            0.0                  0.0                  0.0                  0.0                  0.0                  0.0        0.0
response_rate_pull_request_opened                     float64      3                            1.0                  1.0                  1.0                  1.0                  1.0                  1.0        0.0
response_rate_issue_comment                           float64      3                       0.704762                  0.4             0.557143             0.714286             0.857143                  1.0   0.300113
response_rate_issue_opened                            float64      3                            1.0                  1.0                  1.0                  1.0                  1.0                  1.0        0.0
mean_days_to_respond_pull_request_opened              float64      3                      72.675775            72.675775            72.675775            72.675775            72.675775            72.675775        0.0
mean_days_to_respond_to_last_comment                  float64      4                      56.988396             6.391848            23.671747            51.053744            84.370394           119.454248  49.891409
mean_days_to_respond_issue_comment                    float64      3                        33.5865             7.809682            22.309142            36.808602            46.474909            56.141215  24.326338
mean_days_to_respond_issue_opened                     float64      3                       2.168075             0.980995             1.549407             2.117818             2.761615             3.405411   1.212989
pull_request_comment_pos_sentiment_avg                float64      3                          0.293                0.293                0.293                0.293                0.293                0.293        0.0
pull_request_comment_neg_sentiment_avg                float64      3                            0.0                  0.0                  0.0                  0.0                  0.0                  0.0        0.0
pull_request_comment_ov_sentiment_avg                 float64      3                         0.4404               0.4404               0.4404               0.4404               0.4404               0.4404        0.0
pull_request_opened_pos_sentiment_avg                 float64      3                          0.294                0.294                0.294                0.294                0.294                0.294        0.0
pull_request_opened_neg_sentiment_avg                 float64      3                            0.0                  0.0                  0.0                  0.0                  0.0                  0.0        0.0
pull_request_opened_ov_sentiment_avg                  float64      3                         0.3612               0.3612               0.3612               0.3612               0.3612               0.3612        0.0
issue_comment_pos_sentiment_avg                       float64      3                       0.158324              0.13675             0.142646             0.148542             0.169111             0.189681   0.027788
issue_comment_neg_sentiment_avg                       float64      3                       0.022761              0.00264             0.011166             0.019692             0.032821             0.045949   0.021817
issue_comment_ov_sentiment_avg                        float64      3                       0.185085             0.147227             0.169042             0.190856             0.204013              0.21717   0.035327
issue_opened_pos_sentiment_avg                        float64      3                       0.086667             0.028333              0.04425             0.060167             0.115833               0.1715   0.075172
issue_opened_neg_sentiment_avg                        float64      3                       0.008444                  0.0             0.004333             0.008667             0.012667             0.016667   0.008336
issue_opened_ov_sentiment_avg                         float64      3                       0.137611             0.106667             0.112842             0.119017             0.153083             0.187148   0.043343
pct_merged_with_approved                              float64      0                                                                                                                                                   
pct_merged_with_review                                float64      0                                                                                                                                                   
avg_pull_request_comment_count                        float64      3                            1.0                  1.0                  1.0                  1.0                  1.0                  1.0        0.0
avg_all_disc_count                                    float64      3                            1.0                  1.0                  1.0                  1.0                  1.0                  1.0        0.0
avg_pull_request_comment_exclude_opener_count         float64      3                            1.0                  1.0                  1.0                  1.0                  1.0                  1.0        0.0
avg_all_disc_exclude_opener_count                     float64      3                            1.0                  1.0                  1.0                  1.0                  1.0                  1.0        0.0
clustering_coefficient                                float64     11                            0.0                  0.0                  0.0                  0.0                  0.0                  0.0        0.0

