File: drive/output/derived/org_outcomes_practices/repo_discussion_quality/all/rolling5/pbs___django-heartbeat.parquet

MD5 hash: 9f0a88bd294816f15f376a4a10a61aff

Keys: time_period 

                                                                type  count                 mean                  min                  25%                  50%                  75%                  max       std
time_period                                           datetime64[ns]     12  2020-04-01 00:00:00  2016-01-01 00:00:00  2017-05-16 18:00:00  2020-04-01 00:00:00  2023-02-15 06:00:00  2024-07-01 00:00:00          
response_rate                                                float64      2                  0.3                  0.0                 0.15                  0.3                 0.45                  0.6  0.424264
mean_days_to_respond                                         float64      1            11.238935            11.238935            11.238935            11.238935            11.238935            11.238935          
pos_sentiment_avg                                            float64      4             0.059681                  0.0             0.022125             0.060361             0.097917                0.118  0.054371
neg_sentiment_avg                                            float64      4             0.270902                  0.0             0.175205             0.313303                0.409                0.457  0.203568
ov_sentiment_avg                                             float64      4            -0.029359             -0.25615            -0.166787            -0.100643             0.036786                 0.34  0.258629
response_rate_pull_request_comment                           float64      1                 0.75                 0.75                 0.75                 0.75                 0.75                 0.75          
response_rate_pull_request_opened                            float64      2                 0.25                  0.0                0.125                 0.25                0.375                  0.5  0.353553
response_rate_pull_request_review_comment                    float64      1                  0.5                  0.5                  0.5                  0.5                  0.5                  0.5          
mean_days_to_respond_pull_request_comment                    float64      1             1.006111             1.006111             1.006111             1.006111             1.006111             1.006111          
mean_days_to_respond_pull_request_opened                     float64      1            41.681898            41.681898            41.681898            41.681898            41.681898            41.681898          
mean_days_to_respond_pull_request_review_comment             float64      1             11.36669             11.36669             11.36669             11.36669             11.36669             11.36669          
mean_days_to_respond_to_last_comment                         float64      1             7.693569             7.693569             7.693569             7.693569             7.693569             7.693569          
pull_request_comment_pos_sentiment_avg                       float64      1              0.29225              0.29225              0.29225              0.29225              0.29225              0.29225          
pull_request_comment_neg_sentiment_avg                       float64      1             0.029562             0.029562             0.029562             0.029562             0.029562             0.029562          
pull_request_comment_ov_sentiment_avg                        float64      1             0.153037             0.153037             0.153037             0.153037             0.153037             0.153037          
pull_request_opened_pos_sentiment_avg                        float64      4               0.0373                  0.0             0.001275               0.0156             0.051625                0.118  0.055474
pull_request_opened_neg_sentiment_avg                        float64      4               0.3042                  0.0               0.2751               0.3799                0.409                0.457  0.206309
pull_request_opened_ov_sentiment_avg                         float64      4            -0.062576             -0.25615            -0.211902            -0.167076             -0.01775                 0.34  0.272756
pull_request_review_comment_pos_sentiment_avg                float64      1                0.114                0.114                0.114                0.114                0.114                0.114          
pull_request_review_comment_neg_sentiment_avg                float64      1             0.104667             0.104667             0.104667             0.104667             0.104667             0.104667          
pull_request_review_comment_ov_sentiment_avg                 float64      1             0.050558             0.050558             0.050558             0.050558             0.050558             0.050558          
pct_merged_with_approved                                     float64      3             0.333333                  0.0                 0.25                  0.5                  0.5                  0.5  0.288675
pct_merged_with_review                                       float64      3             0.333333                  0.0                 0.25                  0.5                  0.5                  0.5  0.288675
avg_pull_request_comment_count                               float64      3             1.166667                  0.5                 0.75                  1.0                  1.5                  2.0  0.763763
avg_pull_request_review_comment_count                        float64      1                  2.0                  2.0                  2.0                  2.0                  2.0                  2.0          
avg_all_disc_count                                           float64      4                 1.75                  1.0                  1.0                  1.0                 1.75                  4.0       1.5
avg_pull_request_review_count                                float64      2                 0.75                  0.5                0.625                 0.75                0.875                  1.0  0.353553
avg_pull_request_comment_exclude_opener_count                float64      1                  1.0                  1.0                  1.0                  1.0                  1.0                  1.0          
avg_pull_request_review_comment_exclude_opener_count         float64      1                  1.0                  1.0                  1.0                  1.0                  1.0                  1.0          
avg_all_disc_exclude_opener_count                            float64      3             1.333333                  1.0                  1.0                  1.0                  1.5                  2.0   0.57735
avg_pull_request_review_exclude_opener_count                 float64      2                  1.0                  1.0                  1.0                  1.0                  1.0                  1.0       0.0
clustering_coefficient                                       float64     10                  0.0                  0.0                  0.0                  0.0                  0.0                  0.0       0.0

