File: drive/output/derived/org_outcomes_practices/repo_discussion_quality/all/rolling5/plone___plone.app.linkintegrity.parquet

MD5 hash: 7f017bc7402cf9db11a6260fbf79a7f9

Keys: time_period 

                                                                   type  count                 mean                  min                  25%                  50%                  75%                  max        std
time_period                                              datetime64[ns]     20  2020-04-01 00:00:00  2015-07-01 00:00:00  2017-11-16 00:00:00  2020-04-01 00:00:00  2022-08-16 00:00:00  2025-01-01 00:00:00           
response_rate                                                   float64     18             0.660766                  0.5             0.592814              0.67395             0.741987             0.818182   0.103902
mean_days_to_respond                                            float64     18            24.590656             0.129849             2.871577            24.384302            41.635942            60.140757  22.185208
pos_sentiment_avg                                               float64     19             0.137623             0.057924             0.070565             0.147783             0.188198             0.222937   0.060104
neg_sentiment_avg                                               float64     19             0.070638             0.037281             0.041318             0.049473             0.094657             0.174365   0.039912
ov_sentiment_avg                                                float64     19              0.08598            -0.048423             0.017458             0.134955             0.149911              0.19015   0.076844
response_rate_issue_comment                                     float64     12             0.429185                  0.0             0.333333                 0.45             0.551948                  0.6   0.170943
response_rate_issue_opened                                      float64     11                  1.0                  1.0                  1.0                  1.0                  1.0                  1.0        0.0
response_rate_pull_request_comment                              float64     18             0.631257                  0.3             0.515625             0.645833             0.764368             0.833333   0.154478
response_rate_pull_request_opened                               float64     18             0.948524             0.777778             0.893939                  1.0                  1.0                  1.0   0.079262
response_rate_pull_request_review_comment                       float64     16             0.314455                  0.0             0.228632              0.30303                  0.5                  0.5   0.165661
mean_days_to_respond_issue_comment                              float64     11            22.600087             0.461204             0.710266             0.959329            47.523242            54.246391  25.577928
mean_days_to_respond_issue_opened                               float64     11            60.885394             0.008079            10.078582            20.149086           120.007424           129.238142   59.23771
mean_days_to_respond_pull_request_comment                       float64     18            22.148857             0.008748             0.177888             0.535282              6.39103           106.928492  40.340721
mean_days_to_respond_pull_request_opened                        float64     18            16.491543             0.000049             0.127863            13.205834            32.906906            41.244823  17.293033
mean_days_to_respond_to_last_comment                            float64     18            49.677619             0.273148             3.870113            48.376637            88.830828           117.461413  44.721738
mean_days_to_respond_pull_request_review_comment                float64     14             3.843056             0.187766              0.38348             3.605042             4.365181            12.720012   4.181346
issue_comment_pos_sentiment_avg                                 float64     17             0.046347                  0.0                  0.0             0.050538              0.06575               0.1094   0.040312
issue_comment_neg_sentiment_avg                                 float64     17             0.009524                  0.0                  0.0                  0.0             0.022847             0.029877   0.012058
issue_comment_ov_sentiment_avg                                  float64     17             0.052216                  0.0                  0.0             0.070438               0.0903              0.10647   0.042057
issue_opened_pos_sentiment_avg                                  float64     19             0.026239                  0.0             0.016939             0.024448             0.036624             0.048742   0.013528
issue_opened_neg_sentiment_avg                                  float64     19             0.049665                  0.0             0.023235              0.03534             0.078565               0.1385   0.040644
issue_opened_ov_sentiment_avg                                   float64     19            -0.030328            -0.158833            -0.069656            -0.017431             0.009953             0.050187   0.055687
pull_request_comment_pos_sentiment_avg                          float64     19             0.209704              0.08425             0.124033             0.202176             0.267264             0.348982   0.083892
pull_request_comment_neg_sentiment_avg                          float64     19             0.026151             0.005175              0.01694              0.02948             0.035702             0.047788    0.01348
pull_request_comment_ov_sentiment_avg                           float64     19             0.186991             0.018848             0.083765             0.184307             0.252211             0.368525   0.110318
pull_request_opened_pos_sentiment_avg                           float64     19             0.015272                  0.0             0.003962             0.010108              0.02385             0.049786   0.015623
pull_request_opened_neg_sentiment_avg                           float64     19             0.168856             0.046371             0.105433                0.131             0.243964             0.320759   0.083297
pull_request_opened_ov_sentiment_avg                            float64     19            -0.108737            -0.195425            -0.145972            -0.102784            -0.070425             -0.03115   0.050605
pull_request_review_comment_pos_sentiment_avg                   float64     17             0.141327             0.067458             0.078319              0.15275             0.189185             0.225857   0.060215
pull_request_review_comment_neg_sentiment_avg                   float64     17             0.061613             0.022685                 0.05             0.057429             0.082487               0.1057   0.026718
pull_request_review_comment_ov_sentiment_avg                    float64     17             0.087547            -0.055671             0.018513               0.0821              0.13854               0.1834   0.075923
pull_request_review_changes_requested_pos_sentiment_avg         float64      4                0.237                0.237                0.237                0.237                0.237                0.237        0.0
pull_request_review_changes_requested_neg_sentiment_avg         float64      4                  0.0                  0.0                  0.0                  0.0                  0.0                  0.0        0.0
pull_request_review_changes_requested_ov_sentiment_avg          float64      4               0.4767               0.4767               0.4767               0.4767               0.4767               0.4767        0.0
pull_request_review_approved_pos_sentiment_avg                  float64      5               0.2182                  0.0                0.164                0.309                0.309                0.309   0.137189
pull_request_review_approved_neg_sentiment_avg                  float64      5             0.084933                  0.0                0.098                0.098                0.098             0.130667   0.049541
pull_request_review_approved_ov_sentiment_avg                   float64      5             0.116067                  0.0             0.076933               0.1678               0.1678               0.1678   0.075881
pct_merged_with_approved                                        float64      9             0.523148                 0.25             0.333333             0.571429             0.642857                  1.0   0.244455
pct_merged_with_review                                          float64      9             0.523148                 0.25             0.333333             0.571429             0.642857                  1.0   0.244455
avg_pull_request_comment_count                                  float64     19             3.432194             1.272727             2.423077                  3.0             4.285714             6.428571   1.383493
avg_all_disc_count                                              float64     19             4.451277             1.818182             3.452381             4.142857             5.107143             7.909091   1.589393
avg_pull_request_review_comment_count                           float64     17             0.681371             0.222222                  0.5             0.642857             0.928571                  1.0   0.261537
avg_pull_request_review_count                                   float64      9             0.864364             0.111111             0.142857             0.857143             1.384615             1.642857   0.629067
avg_pull_request_comment_exclude_opener_count                   float64     19             2.101117             0.888889             1.428571             1.846154             2.645833             3.333333   0.787256
avg_all_disc_exclude_opener_count                               float64     19             2.832429             1.333333             2.071429             2.714286             3.401786                  5.1   0.954388
avg_pull_request_review_comment_exclude_opener_count            float64     17             0.455696                 0.25             0.357143             0.454545             0.555556             0.615385   0.115703
avg_pull_request_review_exclude_opener_count                    float64      9             0.683123             0.111111             0.142857             0.666667             1.076923             1.307692    0.48186
clustering_coefficient                                          float64     20             0.079026                  0.0             0.064777             0.086368             0.099525             0.141572    0.03988

