File: drive/output/derived/org_outcomes_practices/repo_discussion_quality/all/rolling5/pngwn___gradio-imageslider.parquet

MD5 hash: 1e89cc857c26352bdd8ce7710e700360

Keys: time_period 

                                                                type  count                 mean                  min                  25%                  50%                  75%                  max        std
time_period                                           datetime64[ns]      4  2024-04-01 00:00:00  2023-07-01 00:00:00  2023-11-16 00:00:00  2024-04-01 00:00:00  2024-08-16 00:00:00  2025-01-01 00:00:00           
response_rate                                                float64      4             0.658671                  0.5             0.633929             0.697776             0.722518              0.73913   0.108699
mean_days_to_respond                                         float64      4            23.140585             0.025313             20.24278            27.055255             29.95306            38.426516     16.316
pos_sentiment_avg                                            float64      4              0.10723               0.0911             0.103677             0.110016             0.113569             0.117789   0.011495
neg_sentiment_avg                                            float64      4             0.029271                  0.0             0.025571             0.035136             0.038836             0.046813   0.020294
ov_sentiment_avg                                             float64      4             0.113858             0.106506             0.107941             0.109787             0.115703             0.129352   0.010504
response_rate_issue_comment                                  float64      4             0.420369                  0.0             0.321429             0.520737             0.619677                 0.64    0.29557
response_rate_issue_opened                                   float64      4                  1.0                  1.0                  1.0                  1.0                  1.0                  1.0        0.0
response_rate_pull_request_comment                           float64      3             0.642857                  0.5             0.607143             0.714286             0.714286             0.714286   0.123718
response_rate_pull_request_opened                            float64      3                  1.0                  1.0                  1.0                  1.0                  1.0                  1.0        0.0
response_rate_pull_request_review_comment                    float64      2                  0.0                  0.0                  0.0                  0.0                  0.0                  0.0        0.0
mean_days_to_respond_issue_opened                            float64      4            30.342918             0.025313            28.331745            39.590315            41.601489            42.165729  20.302809
mean_days_to_respond_to_last_comment                         float64      4            37.979683             0.025313            34.163417            48.324013            52.140279            55.245393  25.613276
mean_days_to_respond_issue_comment                           float64      3            17.966377            13.658457            14.551666            15.444876            20.120337            24.795799   5.981519
mean_days_to_respond_pull_request_comment                    float64      3            12.574743             0.483252              9.55187            18.620488            18.620488            18.620488  10.471538
mean_days_to_respond_pull_request_opened                     float64      3            83.355833            83.355833            83.355833            83.355833            83.355833            83.355833        0.0
issue_comment_pos_sentiment_avg                              float64      4             0.109226             0.054667             0.100264             0.123943             0.132905             0.134353    0.03735
issue_comment_neg_sentiment_avg                              float64      4             0.014696                  0.0             0.013208             0.018813             0.020301             0.021157   0.009908
issue_comment_ov_sentiment_avg                               float64      4             0.098497             0.048933             0.085827             0.104807             0.117477             0.135439    0.03647
issue_opened_pos_sentiment_avg                               float64      4             0.164102             0.113158             0.120626             0.125875             0.169351               0.2915   0.085173
issue_opened_neg_sentiment_avg                               float64      4             0.010198                  0.0             0.008967             0.012703             0.013934             0.015385   0.006942
issue_opened_ov_sentiment_avg                                float64      4             0.244127              0.18367             0.189407             0.198768             0.253488               0.3953   0.101216
pull_request_opened_pos_sentiment_avg                        float64      4             0.013275                  0.0             0.011325              0.01705                0.019                0.019   0.009039
pull_request_opened_neg_sentiment_avg                        float64      4             0.110755                  0.0             0.107182             0.142909             0.146482               0.1572   0.074143
pull_request_opened_ov_sentiment_avg                         float64      4            -0.034468            -0.053902            -0.044964            -0.041984            -0.031488                  0.0   0.023655
pull_request_comment_pos_sentiment_avg                       float64      3             0.077492                  0.0             0.058119             0.116238             0.116238             0.116238    0.06711
pull_request_comment_neg_sentiment_avg                       float64      3                  0.0                  0.0                  0.0                  0.0                  0.0                  0.0        0.0
pull_request_comment_ov_sentiment_avg                        float64      3             0.117333                  0.0                0.088                0.176                0.176                0.176   0.101614
pull_request_review_approved_pos_sentiment_avg               float64      3                0.708                0.708                0.708                0.708                0.708                0.708        0.0
pull_request_review_approved_neg_sentiment_avg               float64      3                  0.0                  0.0                  0.0                  0.0                  0.0                  0.0        0.0
pull_request_review_approved_ov_sentiment_avg                float64      3              0.53265              0.53265              0.53265              0.53265              0.53265              0.53265        0.0
pull_request_review_comment_pos_sentiment_avg                float64      2                0.043                0.043                0.043                0.043                0.043                0.043        0.0
pull_request_review_comment_neg_sentiment_avg                float64      2                  0.0                  0.0                  0.0                  0.0                  0.0                  0.0        0.0
pull_request_review_comment_ov_sentiment_avg                 float64      2               0.1101               0.1101               0.1101               0.1101               0.1101               0.1101        0.0
pct_merged_with_approved                                     float64      4                  0.0                  0.0                  0.0                  0.0                  0.0                  0.0        0.0
pct_merged_with_review                                       float64      4                  0.0                  0.0                  0.0                  0.0                  0.0                  0.0        0.0
avg_all_disc_count                                           float64      3             4.333333                  3.0                  4.0                  5.0                  5.0                  5.0   1.154701
avg_pull_request_comment_count                               float64      3                  3.0                  2.0                 2.75                  3.5                  3.5                  3.5   0.866025
avg_pull_request_review_count                                float64      3                  1.0                  1.0                  1.0                  1.0                  1.0                  1.0        0.0
avg_pull_request_review_comment_count                        float64      2                  0.5                  0.5                  0.5                  0.5                  0.5                  0.5        0.0
avg_all_disc_exclude_opener_count                            float64      3                  4.0                  3.0                 3.75                  4.5                  4.5                  4.5   0.866025
avg_pull_request_comment_exclude_opener_count                float64      3             2.666667                  2.0                  2.5                  3.0                  3.0                  3.0    0.57735
avg_pull_request_review_exclude_opener_count                 float64      3                  1.0                  1.0                  1.0                  1.0                  1.0                  1.0        0.0
avg_pull_request_review_comment_exclude_opener_count         float64      2                  0.5                  0.5                  0.5                  0.5                  0.5                  0.5        0.0
clustering_coefficient                                       float64      4             0.048516                  0.0             0.038996             0.058263             0.067784             0.077538   0.033984

