File: drive/output/derived/org_outcomes_practices/repo_discussion_quality/all/rolling5/ppfeufer___aa-intel-tool.parquet

MD5 hash: 2bf11991df7d9a3bc1616c2a079db8fa

Keys: time_period 

                                                                type  count                 mean                  min                  25%                  50%                  75%                  max       std
time_period                                           datetime64[ns]      8  2023-04-01 18:00:00  2021-07-01 00:00:00  2022-05-16 18:00:00  2023-04-01 12:00:00  2024-02-15 12:00:00  2025-01-01 00:00:00          
response_rate                                                float64      5             0.892942             0.666667             0.939394             0.950617             0.953488             0.954545  0.126635
mean_days_to_respond                                         float64      5             0.185672             0.023413             0.027489             0.027872             0.073505             0.776082  0.330687
pos_sentiment_avg                                            float64      5             0.013285             0.011091              0.01146               0.0119              0.01214             0.019833  0.003683
neg_sentiment_avg                                            float64      5             0.043569             0.030226             0.037095             0.038246             0.051944             0.060333  0.012242
ov_sentiment_avg                                             float64      5            -0.006244            -0.126583             0.016397             0.019686             0.027319             0.031963  0.067552
response_rate_issue_comment                                  float64      5                 0.46                  0.4                  0.4                  0.5                  0.5                  0.5  0.054772
response_rate_issue_opened                                   float64      5                  1.0                  1.0                  1.0                  1.0                  1.0                  1.0       0.0
response_rate_pull_request_comment                           float64      4                0.375                  0.0                  0.0             0.333333             0.708333             0.833333  0.438326
response_rate_pull_request_opened                            float64      4             0.994118             0.976471             0.994118                  1.0                  1.0                  1.0  0.011765
mean_days_to_respond_issue_comment                           float64      5             0.578471             0.013015             0.013015             0.013015             1.426655             1.426655  0.774283
mean_days_to_respond_issue_opened                            float64      5             0.130432             0.066273             0.125509             0.125509             0.167434             0.167434  0.041543
mean_days_to_respond_to_last_comment                         float64      5             0.314929              0.02272             0.026217             0.026848             0.072205             1.426655  0.621808
mean_days_to_respond_pull_request_opened                     float64      4             0.026754             0.019815             0.022251             0.024864             0.029367             0.037475  0.007675
mean_days_to_respond_pull_request_comment                    float64      2             0.001313             0.000884             0.001099             0.001313             0.001527             0.001742  0.000606
issue_comment_pos_sentiment_avg                              float64      5             0.010642                  0.0                  0.0             0.017028             0.017028             0.019156  0.009754
issue_comment_neg_sentiment_avg                              float64      5             0.062971             0.042833             0.042833             0.048187               0.0905               0.0905  0.025225
issue_comment_ov_sentiment_avg                               float64      5            -0.105198              -0.2374              -0.2374            -0.018428            -0.016381            -0.016381  0.120686
issue_opened_pos_sentiment_avg                               float64      5             0.057388             0.045208               0.0595               0.0595             0.061367             0.061367  0.006872
issue_opened_neg_sentiment_avg                               float64      5             0.013883                  0.0                  0.0              0.01875             0.025333             0.025333  0.012956
issue_opened_ov_sentiment_avg                                float64      5             0.071272             0.049908             0.058177             0.058177              0.09505              0.09505  0.021967
pull_request_comment_pos_sentiment_avg                       float64      4                  0.0                  0.0                  0.0                  0.0                  0.0                  0.0       0.0
pull_request_comment_neg_sentiment_avg                       float64      4                  0.0                  0.0                  0.0                  0.0                  0.0                  0.0       0.0
pull_request_comment_ov_sentiment_avg                        float64      4                  0.0                  0.0                  0.0                  0.0                  0.0                  0.0       0.0
pull_request_opened_pos_sentiment_avg                        float64      4             0.009687             0.008827             0.009156             0.009459             0.009991             0.011003   0.00094
pull_request_opened_neg_sentiment_avg                        float64      4             0.040882             0.031451             0.037142              0.03921              0.04295             0.053655  0.009269
pull_request_opened_ov_sentiment_avg                         float64      4              0.02918             0.019084             0.021513             0.026972              0.03464             0.043693  0.011038
pct_merged_with_approved                                     float64      4             0.201458             0.106383             0.170827             0.221154             0.251786             0.257143  0.069714
pct_merged_with_review                                       float64      4             0.218223              0.12766             0.185761             0.235897             0.268359             0.273438  0.067746
avg_all_disc_count                                           float64      4             1.239882             1.177215             1.184929             1.228365             1.283318             1.325581   0.07042
avg_pull_request_comment_count                               float64      4              0.98605             0.936709             0.962543             0.993329             1.016836             1.020833  0.039723
avg_pull_request_review_count                                float64      4             0.241117             0.145833             0.207344             0.258155             0.291928             0.302326  0.071281
avg_pull_request_review_comment_count                        float64      4             0.012715             0.007752              0.00915             0.011137             0.014702             0.020833  0.005778
avg_all_disc_exclude_opener_count                            float64      4             1.217639             1.166667             1.169326              1.21132             1.259633              1.28125  0.058034
avg_pull_request_comment_exclude_opener_count                float64      4             0.960821             0.923077             0.944361             0.960103             0.976562                  1.0  0.032198
avg_pull_request_review_exclude_opener_count                 float64      4             0.243914             0.148936             0.210311             0.261016             0.294618             0.304688  0.071014
avg_pull_request_review_comment_exclude_opener_count         float64      4             0.012905             0.007812             0.009235             0.011265             0.014935             0.021277  0.005951
clustering_coefficient                                       float64      8                  0.0                  0.0                  0.0                  0.0                  0.0                  0.0       0.0

