File: drive/output/derived/org_outcomes_practices/repo_discussion_quality/all/rolling5/ppfeufer___aa-srp.parquet

MD5 hash: 67b33d7686547a279f90132dffda93e6

Keys: time_period 

                                                                   type  count                 mean                  min                  25%                  50%                  75%                  max        std
time_period                                              datetime64[ns]     10  2022-10-01 04:48:00  2020-07-01 00:00:00  2021-08-16 00:00:00  2022-10-01 00:00:00  2023-11-16 00:00:00  2025-01-01 00:00:00           
response_rate                                                   float64     10             0.831602                  0.6             0.800704             0.862351             0.893377                  1.0   0.116264
mean_days_to_respond                                            float64     10             2.175948             0.628783             1.177711             1.581584             2.551082             6.146678   1.620572
pos_sentiment_avg                                               float64     10             0.039899             0.022892             0.037623             0.041591             0.043887             0.051953    0.00888
neg_sentiment_avg                                               float64     10              0.10427             0.030385             0.046517             0.091009             0.155649             0.216477   0.066597
ov_sentiment_avg                                                float64     10            -0.043576            -0.137401            -0.093443            -0.056044             0.016874             0.059322   0.069653
response_rate_issue_opened                                      float64     10                  1.0                  1.0                  1.0                  1.0                  1.0                  1.0        0.0
response_rate_issue_comment                                     float64      9             0.506734             0.333333             0.521739             0.526316             0.565217             0.583333   0.090027
response_rate_pull_request_opened                               float64      8              0.99316             0.983051             0.989909             0.991588                  1.0                  1.0   0.006296
response_rate_pull_request_comment                              float64      7             0.115079                  0.0                  0.0                  0.0                0.125             0.555556   0.215422
response_rate_pull_request_review_comment                       float64      1                  0.4                  0.4                  0.4                  0.4                  0.4                  0.4           
mean_days_to_respond_issue_opened                               float64     10             9.520136             0.089547             0.649261             1.543471            13.820114            40.796994  14.186843
mean_days_to_respond_to_last_comment                            float64     10             2.232625              0.01859             1.204824             1.582821             2.950555             6.146678   1.832862
mean_days_to_respond_issue_comment                              float64      9             6.653574             0.008605             0.014843            10.782762            11.676081            13.917451   6.330827
mean_days_to_respond_pull_request_opened                        float64      8             0.010491             0.002022             0.008424             0.010304             0.012385             0.018974   0.005007
mean_days_to_respond_pull_request_comment                       float64      2             0.023561             0.000278              0.01192             0.023561             0.035203             0.046845   0.032928
mean_days_to_respond_pull_request_review_comment                float64      1             0.044545             0.044545             0.044545             0.044545             0.044545             0.044545           
issue_opened_pos_sentiment_avg                                  float64     10             0.086753              0.06769             0.072496             0.082794             0.102146             0.114462   0.017903
issue_opened_neg_sentiment_avg                                  float64     10             0.037432              0.01987             0.022423             0.032224              0.04063             0.075471   0.019976
issue_opened_ov_sentiment_avg                                   float64     10             0.109793            -0.017909             0.062937             0.114731             0.140035             0.302538   0.090219
pull_request_opened_pos_sentiment_avg                           float64     10             0.016575                  0.0             0.010813             0.018563             0.021308             0.029548   0.008955
pull_request_opened_neg_sentiment_avg                           float64     10             0.129571             0.032967              0.04683             0.112073             0.209865                0.262   0.091863
pull_request_opened_ov_sentiment_avg                            float64     10            -0.092703            -0.200266            -0.176493            -0.115187            -0.004052             0.029007   0.093121
issue_comment_pos_sentiment_avg                                 float64      9             0.099652             0.056349             0.095552             0.101168             0.118903             0.129345    0.02437
issue_comment_neg_sentiment_avg                                 float64      9             0.061698             0.044479             0.051858             0.066963             0.071283             0.073038   0.011104
issue_comment_ov_sentiment_avg                                  float64      9             0.025836            -0.022869            -0.005424             0.008274             0.056111             0.098451   0.043056
pull_request_comment_pos_sentiment_avg                          float64      7             0.021497                  0.0                  0.0                  0.0                0.018             0.114479   0.041886
pull_request_comment_neg_sentiment_avg                          float64      7             0.051384                  0.0             0.028759              0.06475             0.075542             0.086333   0.035417
pull_request_comment_ov_sentiment_avg                           float64      7            -0.079305            -0.180767            -0.158171            -0.101425             -0.04057             0.124536   0.109612
pull_request_review_changes_requested_pos_sentiment_avg         float64      1             0.189667             0.189667             0.189667             0.189667             0.189667             0.189667           
pull_request_review_changes_requested_neg_sentiment_avg         float64      1                  0.0                  0.0                  0.0                  0.0                  0.0                  0.0           
pull_request_review_changes_requested_ov_sentiment_avg          float64      1             0.367167             0.367167             0.367167             0.367167             0.367167             0.367167           
pull_request_review_comment_pos_sentiment_avg                   float64      1             0.140723             0.140723             0.140723             0.140723             0.140723             0.140723           
pull_request_review_comment_neg_sentiment_avg                   float64      1             0.014913             0.014913             0.014913             0.014913             0.014913             0.014913           
pull_request_review_comment_ov_sentiment_avg                    float64      1             0.150719             0.150719             0.150719             0.150719             0.150719             0.150719           
pct_merged_with_approved                                        float64     10             0.043468                  0.0                  0.0                  0.0             0.074886             0.162921   0.066205
pct_merged_with_review                                          float64     10             0.072901                  0.0                 0.01             0.064386             0.118394             0.174157   0.067312
avg_all_disc_count                                              float64      8              1.35375                  1.0             1.281713             1.352583             1.460606             1.583333   0.189713
avg_pull_request_comment_count                                  float64      8             1.034805                  1.0             1.012097             1.027083             1.046257             1.090909    0.03479
avg_pull_request_review_count                                   float64      7             0.165174             0.114583             0.121822             0.151515             0.184349             0.277778   0.059165
avg_pull_request_review_comment_count                           float64      7             0.199335             0.044444             0.116039              0.15625             0.293785                0.375   0.123559
avg_all_disc_exclude_opener_count                               float64      8             1.294016                  1.0             1.238981             1.275647             1.388161                  1.5   0.159885
avg_pull_request_comment_exclude_opener_count                   float64      8             0.982187             0.954545             0.968483             0.986262                  1.0                  1.0   0.018637
avg_pull_request_review_exclude_opener_count                    float64      7             0.161614             0.115789             0.121822             0.151515             0.188705             0.242938   0.049273
avg_pull_request_review_comment_exclude_opener_count            float64      7             0.194762             0.045455             0.098707             0.157895             0.293785                0.375   0.128197
clustering_coefficient                                          float64      9                  0.0                  0.0                  0.0                  0.0                  0.0                  0.0        0.0

