File: drive/output/derived/org_outcomes_practices/repo_discussion_quality/all/rolling5/pulumi___pulumi-ns1.parquet

MD5 hash: 5149fa307fb8fc1b37b4040b7d5dc1de

Keys: time_period 

                                                                type  count                           mean                  min                  25%                  50%                  75%                  max       std
time_period                                           datetime64[ns]     11  2022-07-01 21:49:05.454545408  2020-01-01 00:00:00  2021-04-01 12:00:00  2022-07-01 00:00:00  2023-10-01 00:00:00  2025-01-01 00:00:00          
response_rate                                                float64     10                       0.450025                  0.0             0.451754             0.499567             0.526688             0.583333  0.166688
mean_days_to_respond                                         float64      9                       0.740713             0.006601             0.006701             0.672336             1.003145             2.334331  0.852066
pos_sentiment_avg                                            float64     11                       0.029336                  0.0             0.022237              0.02278             0.040498              0.06564  0.022234
neg_sentiment_avg                                            float64     11                        0.28543              0.07737             0.113208             0.343405             0.391189                0.524  0.170152
ov_sentiment_avg                                             float64     11                      -0.143897               -0.296            -0.200105            -0.180374            -0.050588            -0.005685  0.105272
response_rate_pull_request_opened                            float64     10                       0.587223                  0.0             0.355769             0.612727             0.889286             0.944444  0.335304
response_rate_issue_comment                                  float64      9                       0.427778                  0.0                0.125                  0.6                 0.75                 0.75  0.352545
response_rate_issue_opened                                   float64      5                            1.0                  1.0                  1.0                  1.0                  1.0                  1.0       0.0
response_rate_pull_request_comment                           float64      7                            0.0                  0.0                  0.0                  0.0                  0.0                  0.0       0.0
response_rate_pull_request_review_comment                    float64      7                            0.0                  0.0                  0.0                  0.0                  0.0                  0.0       0.0
mean_days_to_respond_issue_comment                           float64      7                        0.01822             0.015212             0.015212             0.015212             0.020476             0.025741  0.005137
mean_days_to_respond_issue_opened                            float64      5                      13.602697            13.602697            13.602697            13.602697            13.602697            13.602697       0.0
mean_days_to_respond_pull_request_opened                     float64      9                       0.043887             0.005475             0.006694              0.02769             0.039569             0.178825  0.057535
mean_days_to_respond_to_last_comment                         float64      9                       0.035966             0.006601             0.006701             0.027019             0.037392             0.124421  0.040171
pull_request_opened_pos_sentiment_avg                        float64     11                       0.008227                  0.0                  0.0                  0.0             0.016261             0.030514  0.012732
pull_request_opened_neg_sentiment_avg                        float64     11                       0.327699             0.116954             0.155235                0.393             0.450367                0.524  0.161318
pull_request_opened_ov_sentiment_avg                         float64     11                      -0.174025               -0.296            -0.254406               -0.222            -0.065292            -0.025449  0.106163
issue_opened_pos_sentiment_avg                               float64      9                       0.068519                  0.0               0.0365               0.0675             0.102167              0.15325  0.058023
issue_opened_neg_sentiment_avg                               float64      9                       0.099981                  0.0              0.06975               0.1165             0.131833              0.19775  0.072885
issue_opened_ov_sentiment_avg                                float64      9                      -0.156274             -0.40775            -0.216775            -0.144517             -0.00645                  0.0    0.1687
issue_comment_pos_sentiment_avg                              float64      9                        0.16405                  0.0             0.160633             0.180167             0.200792             0.200792  0.064208
issue_comment_neg_sentiment_avg                              float64      9                       0.043686                  0.0             0.027875             0.027875                0.083             0.093375  0.033403
issue_comment_ov_sentiment_avg                               float64      9                       0.119102            -0.022431             0.024717             0.174153             0.217692             0.217692  0.108365
pull_request_comment_pos_sentiment_avg                       float64      9                       0.087985             0.053143                0.062              0.07325             0.097667               0.1465  0.037133
pull_request_comment_neg_sentiment_avg                       float64      9                       0.047595                  0.0             0.047875             0.053333             0.063833             0.073071  0.028333
pull_request_comment_ov_sentiment_avg                        float64      9                       0.041971            -0.075536              -0.0484             0.050513              0.06735               0.2202  0.116641
pull_request_review_approved_pos_sentiment_avg               float64      7                       0.031821                  0.0             0.018562             0.037125               0.0495               0.0495  0.022432
pull_request_review_approved_neg_sentiment_avg               float64      7                       0.202381                  0.0               0.0625                0.125             0.333333                  0.5  0.213042
pull_request_review_approved_ov_sentiment_avg                float64      7                       -0.12293              -0.4588            -0.257042            -0.041462             0.028094              0.09765   0.23832
pull_request_review_comment_pos_sentiment_avg                float64      7                            0.0                  0.0                  0.0                  0.0                  0.0                  0.0       0.0
pull_request_review_comment_neg_sentiment_avg                float64      7                            0.0                  0.0                  0.0                  0.0                  0.0                  0.0       0.0
pull_request_review_comment_ov_sentiment_avg                 float64      7                            0.0                  0.0                  0.0                  0.0                  0.0                  0.0       0.0
pct_merged_with_approved                                     float64     10                       0.195622             0.040752             0.099084             0.229365              0.28753             0.318182  0.110646
pct_merged_with_review                                       float64     10                       0.201919             0.040752             0.103182             0.234127              0.30119             0.333333   0.11498
avg_all_disc_count                                           float64     10                       1.220214                  1.0             1.130524             1.183139             1.293431             1.588803  0.162675
avg_pull_request_review_count                                float64     10                       0.386052             0.032819             0.083367              0.31533             0.651207                  1.0  0.346921
avg_pull_request_comment_count                               float64      9                       0.915156             0.307692             0.794872             0.965812             1.090909             1.552124  0.389077
avg_pull_request_review_comment_count                        float64      7                       0.015032             0.003861             0.006938             0.014925             0.023459             0.025641  0.009392
avg_all_disc_exclude_opener_count                            float64     10                       1.178744                  1.0             1.137129             1.171162             1.251402             1.302789  0.094663
avg_pull_request_review_exclude_opener_count                 float64     10                       0.410158             0.033865              0.08249             0.318588             0.721622                  1.0  0.375406
avg_pull_request_comment_exclude_opener_count                float64      9                       0.841638             0.181818             0.783784             0.962617             1.093458              1.26494   0.36368
avg_pull_request_review_comment_exclude_opener_count         float64      7                       0.015873             0.003984             0.007148             0.015544             0.024625             0.028037  0.010133
clustering_coefficient                                       float64     10                       0.041737                  0.0                  0.0             0.022212             0.076082             0.141332  0.050662

