File: drive/output/derived/org_outcomes_practices/repo_discussion_quality/all/rolling5/pylons___pylons.parquet

MD5 hash: 7141e410a1657c486d7592777bbc3c61

Keys: time_period 

                                                         type  count                           mean                  min                  25%                  50%                  75%                  max        std
time_period                                    datetime64[ns]     13  2017-12-31 05:32:18.461538560  2015-01-01 00:00:00  2016-07-01 00:00:00  2018-01-01 00:00:00  2019-07-01 00:00:00  2021-01-01 00:00:00           
response_rate                                         float64      4                        0.63244             0.571429             0.611607             0.645833             0.666667             0.666667   0.045169
mean_days_to_respond                                  float64      4                       40.81977             0.030075            21.902403            32.078476            50.995843            99.092052  41.748965
pos_sentiment_avg                                     float64      6                       0.135607             0.095333             0.114683             0.126182             0.148661             0.198937   0.036734
neg_sentiment_avg                                     float64      6                        0.10402              0.02175             0.055933             0.073185             0.156812             0.221133   0.078764
ov_sentiment_avg                                      float64      6                       0.034582            -0.010287             0.027221              0.04242             0.048058             0.060846    0.02521
response_rate_issue_comment                           float64      4                       0.388889                  0.0             0.333333             0.444444                  0.5             0.666667   0.279623
response_rate_issue_opened                            float64      3                            1.0                  1.0                  1.0                  1.0                  1.0                  1.0        0.0
response_rate_pull_request_comment                    float64      3                       0.177778                  0.0                  0.1                  0.2             0.266667             0.333333   0.167774
response_rate_pull_request_opened                     float64      3                            1.0                  1.0                  1.0                  1.0                  1.0                  1.0        0.0
mean_days_to_respond_issue_opened                     float64      3                     104.174941            34.376546            52.132495            69.888443           139.074139           208.259834  91.872316
mean_days_to_respond_pull_request_opened              float64      3                      26.841026             0.039103            20.140545            40.241988            40.241988            40.241988  23.211146
mean_days_to_respond_to_last_comment                  float64      4                      47.694124             0.034144            18.960228            30.116348            58.850244           130.509657  57.139705
mean_days_to_respond_issue_comment                    float64      3                       2.629653             0.030075             1.979758             3.929442             3.929442             3.929442     2.2513
mean_days_to_respond_pull_request_comment             float64      2                      60.136053            60.136053            60.136053            60.136053            60.136053            60.136053        0.0
issue_comment_pos_sentiment_avg                       float64      6                       0.115352                  0.0             0.124778             0.124778             0.150361             0.158889    0.05893
issue_comment_neg_sentiment_avg                       float64      6                       0.032875                  0.0             0.019222             0.036078             0.052934             0.052934   0.023068
issue_comment_ov_sentiment_avg                        float64      6                       0.104897                  0.0             0.089667             0.089667             0.157559             0.180189   0.067878
issue_opened_pos_sentiment_avg                        float64      4                       0.052737             0.040375             0.040375             0.044413             0.056775              0.08175   0.019713
issue_opened_neg_sentiment_avg                        float64      4                       0.035979                0.029             0.034343             0.036124             0.037759             0.042667   0.005582
issue_opened_ov_sentiment_avg                         float64      4                      -0.040847            -0.043767            -0.042488            -0.042062            -0.040421              -0.0355   0.003654
pull_request_comment_pos_sentiment_avg                float64      5                        0.41836                0.295               0.3034               0.3034                0.476                0.714   0.181917
pull_request_comment_neg_sentiment_avg                float64      5                         0.0642                  0.0                  0.0                  0.0                  0.0                0.321   0.143556
pull_request_comment_ov_sentiment_avg                 float64      5                       0.176821              -0.0516             0.166853             0.166853               0.2408               0.3612   0.150386
pull_request_opened_pos_sentiment_avg                 float64      6                        0.01897                  0.0                  0.0             0.015521             0.038802             0.041389   0.021121
pull_request_opened_neg_sentiment_avg                 float64      6                       0.258129             0.038667             0.120403             0.170852             0.448326                0.524   0.213931
pull_request_opened_ov_sentiment_avg                  float64      6                      -0.141027               -0.296            -0.249042            -0.081523            -0.047888            -0.045558   0.122281
pct_merged_with_approved                              float64      0                                                                                                                                                   
pct_merged_with_review                                float64      0                                                                                                                                                   
avg_pull_request_comment_count                        float64      6                       1.083333                  1.0                  1.0                  1.0               1.1875                 1.25   0.129099
avg_all_disc_count                                    float64      6                       1.083333                  1.0                  1.0                  1.0               1.1875                 1.25   0.129099
avg_pull_request_comment_exclude_opener_count         float64      5                            1.1                  1.0                  1.0                  1.0                 1.25                 1.25   0.136931
avg_all_disc_exclude_opener_count                     float64      5                            1.1                  1.0                  1.0                  1.0                 1.25                 1.25   0.136931
clustering_coefficient                                float64     12                            0.0                  0.0                  0.0                  0.0                  0.0                  0.0        0.0

