File: drive/output/derived/org_outcomes_practices/repo_discussion_quality/all/rolling5/pywinrt___pywinrt.parquet

MD5 hash: a5e048fb304415f8e3c29f223c7fc520

Keys: time_period 

                                                         type  count                           mean                  min                  25%                  50%                  75%                  max        std
time_period                                    datetime64[ns]      7  2023-07-02 03:25:42.857142784  2022-01-01 00:00:00  2022-10-01 00:00:00  2023-07-01 00:00:00  2024-04-01 00:00:00  2025-01-01 00:00:00           
response_rate                                         float64      6                       0.739314             0.694915             0.716073             0.733974             0.755682                  0.8   0.037757
mean_days_to_respond                                  float64      6                      13.374548             1.639986             4.439473            15.237385            19.833804            25.926419  10.021061
pos_sentiment_avg                                     float64      7                       0.083645             0.065558             0.074193             0.078238             0.093848             0.105638   0.015263
neg_sentiment_avg                                     float64      7                       0.065132             0.021746              0.03305             0.055087             0.098948             0.115098   0.038423
ov_sentiment_avg                                      float64      7                       0.047446             0.004561              0.01196             0.057983             0.072962             0.099737   0.037765
response_rate_issue_comment                           float64      6                       0.662347             0.567568             0.609497             0.649334             0.733553                 0.75   0.077577
response_rate_issue_opened                            float64      6                            1.0                  1.0                  1.0                  1.0                  1.0                  1.0        0.0
response_rate_pull_request_comment                    float64      5                           0.38                  0.0                  0.4                  0.5                  0.5                  0.5   0.216795
response_rate_pull_request_opened                     float64      5                            1.0                  1.0                  1.0                  1.0                  1.0                  1.0        0.0
mean_days_to_respond_issue_comment                    float64      6                      21.675504             2.369589             6.189263            22.530359            30.540257            48.670265  18.008001
mean_days_to_respond_issue_opened                     float64      6                        3.88545             0.258338             0.263976             2.672568             6.935818             9.891216   4.250731
mean_days_to_respond_to_last_comment                  float64      6                      27.914817             0.945972             7.516065            31.856076              38.8129            62.296207  23.837569
mean_days_to_respond_pull_request_opened              float64      5                        3.57503             0.014387             3.261944             4.866273             4.866273             4.866273   2.108206
mean_days_to_respond_pull_request_comment             float64      4                       1.823895             1.823895             1.823895             1.823895             1.823895             1.823895        0.0
issue_comment_pos_sentiment_avg                       float64      7                       0.101225              0.08319              0.08498             0.086667             0.108853             0.151056   0.026138
issue_comment_neg_sentiment_avg                       float64      7                       0.026032                  0.0              0.01532             0.025147             0.039688             0.047059    0.01697
issue_comment_ov_sentiment_avg                        float64      7                        0.09849              0.05296             0.070701             0.087982              0.09781             0.211467   0.052747
issue_opened_pos_sentiment_avg                        float64      7                       0.068877              0.05896              0.06515             0.071883             0.073089             0.074816   0.005964
issue_opened_neg_sentiment_avg                        float64      7                       0.031094             0.024892             0.025316             0.031681             0.033346             0.043763   0.006791
issue_opened_ov_sentiment_avg                         float64      7                       0.065204             0.017605             0.048053             0.065734             0.091128             0.094724   0.029604
pull_request_comment_pos_sentiment_avg                float64      5                        0.38032                0.292                0.292                0.292               0.4336                0.592   0.133275
pull_request_comment_neg_sentiment_avg                float64      5                            0.0                  0.0                  0.0                  0.0                  0.0                  0.0        0.0
pull_request_comment_ov_sentiment_avg                 float64      5                       0.265524               0.2103               0.2103               0.2103              0.25632               0.4404   0.099769
pull_request_opened_pos_sentiment_avg                 float64      5                       0.017383                  0.0                  0.0             0.025003             0.026469             0.035442   0.016364
pull_request_opened_neg_sentiment_avg                 float64      5                       0.299743             0.264812              0.26875               0.3155             0.318049             0.331606   0.030738
pull_request_opened_ov_sentiment_avg                  float64      5                      -0.229213            -0.414525            -0.259388            -0.188775            -0.157323            -0.126052   0.114779
pct_merged_with_approved                              float64      5                            0.0                  0.0                  0.0                  0.0                  0.0                  0.0        0.0
pct_merged_with_review                                float64      5                            0.0                  0.0                  0.0                  0.0                  0.0                  0.0        0.0
avg_all_disc_count                                    float64      5                       1.733333                  1.0             1.666667                  2.0                  2.0                  2.0   0.434613
avg_pull_request_comment_count                        float64      5                       1.733333                  1.0             1.666667                  2.0                  2.0                  2.0   0.434613
avg_all_disc_exclude_opener_count                     float64      5                       1.366667                  1.0             1.333333                  1.5                  1.5                  1.5   0.217307
avg_pull_request_comment_exclude_opener_count         float64      5                       1.366667                  1.0             1.333333                  1.5                  1.5                  1.5   0.217307
clustering_coefficient                                float64      6                            0.0                  0.0                  0.0                  0.0                  0.0                  0.0        0.0

