File: drive/output/derived/org_outcomes_practices/repo_discussion_quality/all/rolling5/ralphje___signify.parquet

MD5 hash: ac40b0a6d94a1cbd475c88cb4519b3d3

Keys: time_period 

                                                         type  count                           mean                  min                  25%                  50%                  75%                  max        std
time_period                                    datetime64[ns]     13  2021-12-31 05:32:18.461538560  2019-01-01 00:00:00  2020-07-01 00:00:00  2022-01-01 00:00:00  2023-07-01 00:00:00  2025-01-01 00:00:00           
response_rate                                         float64      4                       0.763763             0.727273             0.744318             0.763889             0.783333                  0.8   0.031783
mean_days_to_respond                                  float64      4                      30.610873             0.637587            10.427439            33.618792            53.802226             54.56832  27.596547
pos_sentiment_avg                                     float64      7                       0.095589             0.028722             0.072419             0.094555             0.123522             0.153965   0.045803
neg_sentiment_avg                                     float64      7                       0.019796             0.005611             0.009047             0.016698             0.028404             0.041363   0.014617
ov_sentiment_avg                                      float64      7                       0.096197             0.035056             0.068311             0.084911             0.136018             0.144751   0.043192
response_rate_pull_request_comment                    float64      4                         0.6875             0.666667             0.666667             0.666667               0.6875                 0.75   0.041667
response_rate_pull_request_opened                     float64      4                            1.0                  1.0                  1.0                  1.0                  1.0                  1.0        0.0
mean_days_to_respond_pull_request_comment             float64      4                      42.757225             0.718827             5.399746            38.125421              75.4829            94.059233  46.132384
mean_days_to_respond_pull_request_opened              float64      4                      14.562344             0.393866             1.533793            11.986387            25.014938            33.882737  16.229703
mean_days_to_respond_to_last_comment                  float64      4                      31.976061             0.527215             0.622489             0.903729              32.2573           125.569572  62.396259
pull_request_comment_pos_sentiment_avg                float64      6                       0.139376             0.107078             0.115363             0.123289             0.166515             0.188955   0.035506
pull_request_comment_neg_sentiment_avg                float64      6                         0.0242               0.0095             0.010894             0.016907             0.038918             0.046742   0.017244
pull_request_comment_ov_sentiment_avg                 float64      6                       0.147453             0.097371             0.105783             0.141032             0.187249             0.208597   0.048494
pull_request_opened_pos_sentiment_avg                 float64      7                       0.020103                  0.0                  0.0             0.028722             0.037333             0.037333    0.01905
pull_request_opened_neg_sentiment_avg                 float64      7                       0.013485                  0.0                  0.0             0.005611             0.029595             0.029595     0.0152
pull_request_opened_ov_sentiment_avg                  float64      7                       0.012319                  0.0                  0.0              0.01706              0.01706             0.035056   0.013163
pct_merged_with_approved                              float64      3                            0.0                  0.0                  0.0                  0.0                  0.0                  0.0        0.0
pct_merged_with_review                                float64      3                            0.0                  0.0                  0.0                  0.0                  0.0                  0.0        0.0
avg_pull_request_comment_count                        float64      6                       2.833333                  2.0             2.083333             2.833333             3.333333                  4.0    0.83666
avg_all_disc_count                                    float64      6                       2.833333                  2.0             2.083333             2.833333             3.333333                  4.0    0.83666
avg_pull_request_comment_exclude_opener_count         float64      6                       2.111111                  1.0                 1.75             2.166667             2.583333                  3.0   0.720082
avg_all_disc_exclude_opener_count                     float64      6                       2.111111                  1.0                 1.75             2.166667             2.583333                  3.0   0.720082
clustering_coefficient                                float64     12                       0.173239                  0.0                  0.0                  0.0             0.272983             0.629961   0.244414

