File: drive/output/derived/org_outcomes_practices/repo_discussion_quality/all/rolling5/raspberrypi___picamera2.parquet

MD5 hash: 9f95831c68ee89c3d9b1e8ca45fc4f0c

Keys: time_period 

                                                                type  count                           mean                  min                  25%                  50%                  75%                  max       std
time_period                                           datetime64[ns]      7  2023-07-02 03:25:42.857142784  2022-01-01 00:00:00  2022-10-01 00:00:00  2023-07-01 00:00:00  2024-04-01 00:00:00  2025-01-01 00:00:00          
response_rate                                                float64      7                       0.793724             0.706499             0.795313             0.806242             0.813901               0.8249  0.039951
mean_days_to_respond                                         float64      7                       9.556384             4.721357             9.679002             10.40468            10.713633            10.983377  2.228475
pos_sentiment_avg                                            float64      7                       0.134588             0.122042             0.132145             0.134453             0.138923             0.143484  0.007053
neg_sentiment_avg                                            float64      7                       0.036719             0.035422             0.035776             0.036013             0.036234             0.041573   0.00216
ov_sentiment_avg                                             float64      7                       0.134504             0.118364              0.13092              0.13571             0.140041              0.14553  0.009088
response_rate_issue_comment                                  float64      7                       0.811316             0.746575             0.811217             0.822569             0.824911             0.837809  0.030507
response_rate_issue_opened                                   float64      7                            1.0                  1.0                  1.0                  1.0                  1.0                  1.0       0.0
response_rate_pull_request_comment                           float64      7                        0.69076             0.647799              0.68876             0.699789             0.702698             0.704819  0.020079
response_rate_pull_request_opened                            float64      7                       0.966527             0.949495             0.964621             0.966667             0.968339             0.983607  0.009992
response_rate_pull_request_review_comment                    float64      7                       0.328353             0.296875             0.303833               0.3125             0.339223             0.402985  0.037499
mean_days_to_respond_issue_comment                           float64      7                      13.380473            10.927127            12.915303            13.479911            14.344881            14.735904  1.333395
mean_days_to_respond_issue_opened                            float64      7                       5.349707             1.999113             4.967386             5.616008             6.264839             7.368376  1.725936
mean_days_to_respond_pull_request_comment                    float64      7                       3.022102             1.554513             1.896199             2.352358             3.717509             6.020425  1.596102
mean_days_to_respond_pull_request_opened                     float64      7                       2.132489             1.070934             1.455887             1.852303             2.263798             4.564817  1.191757
mean_days_to_respond_pull_request_review_comment             float64      7                       0.454214             0.117519             0.215143             0.274735             0.569968             1.217023  0.395193
mean_days_to_respond_to_last_comment                         float64      7                      25.985617            12.040122            19.775759            28.990748            32.235526            36.845881  9.592183
issue_comment_pos_sentiment_avg                              float64      7                       0.151136             0.129968             0.142555             0.150422             0.160981             0.170487  0.014094
issue_comment_neg_sentiment_avg                              float64      7                       0.030002             0.026495             0.028239             0.030095             0.031297             0.034351  0.002619
issue_comment_ov_sentiment_avg                               float64      7                       0.156822             0.125368             0.143955              0.15431             0.170346             0.189473  0.021648
issue_opened_pos_sentiment_avg                               float64      7                       0.075901             0.072519             0.073393             0.074291             0.075819             0.086073  0.004681
issue_opened_neg_sentiment_avg                               float64      7                       0.024121             0.010537             0.023411             0.027142             0.028055             0.028237  0.006358
issue_opened_ov_sentiment_avg                                float64      7                         0.0762             0.068511             0.070464             0.072249             0.075343             0.101023  0.011366
pull_request_comment_pos_sentiment_avg                       float64      7                       0.172325             0.157609             0.172532             0.173527             0.174695             0.180684  0.007062
pull_request_comment_neg_sentiment_avg                       float64      7                       0.038582             0.036906             0.037542             0.038531             0.039661             0.040232  0.001317
pull_request_comment_ov_sentiment_avg                        float64      7                       0.172111             0.146358              0.17229             0.173287             0.177311              0.18593  0.012425
pull_request_opened_pos_sentiment_avg                        float64      7                        0.04926             0.047798             0.048671             0.049353             0.049522             0.051284  0.001087
pull_request_opened_neg_sentiment_avg                        float64      7                       0.093913             0.088265             0.090635             0.093016             0.097894             0.099053  0.004413
pull_request_opened_ov_sentiment_avg                         float64      7                       0.012195             0.003546             0.009021             0.010555             0.014353             0.024516  0.006719
pull_request_review_comment_pos_sentiment_avg                float64      7                       0.114107             0.105583             0.110491             0.115064             0.116499             0.124119   0.00647
pull_request_review_comment_neg_sentiment_avg                float64      7                       0.035138             0.027945             0.033205             0.034317             0.037489             0.042316  0.004764
pull_request_review_comment_ov_sentiment_avg                 float64      7                       0.135155             0.117153             0.130542             0.135621             0.138876             0.154475  0.011414
pull_request_review_commented_pos_sentiment_avg              float64      6                            0.0                  0.0                  0.0                  0.0                  0.0                  0.0       0.0
pull_request_review_commented_neg_sentiment_avg              float64      6                       0.064472                  0.0             0.070333             0.070333             0.070333               0.1055  0.034576
pull_request_review_commented_ov_sentiment_avg               float64      6                      -0.153756              -0.2516            -0.167733            -0.167733            -0.167733                  0.0  0.082457
pull_request_review_approved_pos_sentiment_avg               float64      5                            0.0                  0.0                  0.0                  0.0                  0.0                  0.0       0.0
pull_request_review_approved_neg_sentiment_avg               float64      5                            0.0                  0.0                  0.0                  0.0                  0.0                  0.0       0.0
pull_request_review_approved_ov_sentiment_avg                float64      5                            0.0                  0.0                  0.0                  0.0                  0.0                  0.0       0.0
pct_merged_with_approved                                     float64      7                            0.0                  0.0                  0.0                  0.0                  0.0                  0.0       0.0
pct_merged_with_review                                       float64      7                       0.094782             0.073684             0.091049             0.097561             0.101812             0.106509  0.011458
avg_pull_request_comment_count                               float64      7                        3.64465             3.148649             3.626801             3.727811             3.769675             3.843137  0.234271
avg_pull_request_review_count                                float64      7                       1.036335             0.878378             0.998875             1.052288             1.069745             1.186441  0.094508
avg_pull_request_review_comment_count                        float64      7                        1.05053             0.943662             1.005078             1.071895             1.091966             1.144068  0.069385
avg_all_disc_count                                           float64      7                       5.731516             5.013514             5.635178             5.852273             5.937149             6.110169  0.367713
avg_pull_request_comment_exclude_opener_count                float64      7                       2.199256             1.966667             2.186933             2.246667             2.251126             2.305344  0.115117
avg_pull_request_review_exclude_opener_count                 float64      7                       0.700185             0.633333             0.668147             0.709924             0.722523             0.776699  0.048323
avg_pull_request_review_comment_exclude_opener_count         float64      7                       0.724618             0.606557             0.714772             0.740458             0.756216             0.783333  0.058264
avg_all_disc_exclude_opener_count                            float64      7                       3.624059             3.383333             3.512694             3.726667             3.738651             3.755725  0.166073
clustering_coefficient                                       float64      7                       0.014793             0.008653             0.012442             0.015244             0.017441             0.019888  0.003916

