File: drive/output/derived/org_outcomes_practices/repo_discussion_quality/all/rolling5/rdhyee___py-applescript.parquet

MD5 hash: b0a83cec018116a38bb0a2ff01f1dbfe

Keys: time_period 

                                                          type  count                 mean                  min                  25%                  50%                  75%                  max        std
time_period                                     datetime64[ns]     10  2020-07-01 09:36:00  2018-01-01 00:00:00  2019-02-15 06:00:00  2020-07-02 00:00:00  2021-11-16 00:00:00  2023-01-01 00:00:00           
response_rate                                          float64      2                  0.7                  0.5                  0.6                  0.7                  0.8                  0.9   0.282843
mean_days_to_respond                                   float64      2            31.552387             1.365763            16.459075            31.552387            46.645698             61.73901  42.690333
pos_sentiment_avg                                      float64      3             0.172569             0.132071             0.156213             0.180354             0.192818             0.205282   0.037221
neg_sentiment_avg                                      float64      3             0.033135             0.011251             0.012274             0.013297             0.044077             0.074857   0.036147
ov_sentiment_avg                                       float64      3             0.196836             0.106664             0.167527             0.228391             0.241922             0.255453   0.079254
response_rate_pull_request_comment                     float64      2             0.444444                  0.0             0.222222             0.444444             0.666667             0.888889   0.628539
response_rate_pull_request_opened                      float64      2                  1.0                  1.0                  1.0                  1.0                  1.0                  1.0        0.0
mean_days_to_respond_pull_request_comment              float64      1             0.774633             0.774633             0.774633             0.774633             0.774633             0.774633           
mean_days_to_respond_pull_request_opened               float64      2            33.916907             6.094803            20.005855            33.916907            47.827959             61.73901  39.346396
mean_days_to_respond_to_last_comment                   float64      2            30.906421             0.073831            15.490126            30.906421            46.322716             61.73901  43.603867
pull_request_comment_pos_sentiment_avg                 float64      3             0.245679             0.208342             0.214435             0.220527             0.264347             0.308167   0.054458
pull_request_comment_neg_sentiment_avg                 float64      3             0.008534                  0.0             0.006095             0.012191               0.0128              0.01341   0.007415
pull_request_comment_ov_sentiment_avg                  float64      3             0.295772             0.264607             0.269882             0.275158             0.311354              0.34755   0.045151
pull_request_opened_pos_sentiment_avg                  float64      3             0.026417                  0.0             0.013208             0.026417             0.039625             0.052833   0.026417
pull_request_opened_neg_sentiment_avg                  float64      3             0.064306             0.006083             0.009125             0.012167             0.093417             0.174667   0.095624
pull_request_opened_ov_sentiment_avg                   float64      3            -0.003689            -0.098667            -0.034733               0.0292               0.0438               0.0584   0.083539
pull_request_review_approved_pos_sentiment_avg         float64      1                  0.0                  0.0                  0.0                  0.0                  0.0                  0.0           
pull_request_review_approved_neg_sentiment_avg         float64      1                  0.0                  0.0                  0.0                  0.0                  0.0                  0.0           
pull_request_review_approved_ov_sentiment_avg          float64      1                  0.0                  0.0                  0.0                  0.0                  0.0                  0.0           
pct_merged_with_approved                               float64      1                  0.5                  0.5                  0.5                  0.5                  0.5                  0.5           
pct_merged_with_review                                 float64      1                  0.5                  0.5                  0.5                  0.5                  0.5                  0.5           
avg_pull_request_comment_count                         float64      3                  5.5                  1.0                 3.25                  5.5                 7.75                 10.0        4.5
avg_all_disc_count                                     float64      3             5.611111             1.333333             3.416667                  5.5                 7.75                 10.0   4.334402
avg_pull_request_review_count                          float64      1             0.333333             0.333333             0.333333             0.333333             0.333333             0.333333           
avg_pull_request_comment_exclude_opener_count          float64      3                  5.0                  1.0                  4.0                  7.0                  7.0                  7.0   3.464102
avg_all_disc_exclude_opener_count                      float64      3             5.166667                  1.5                 4.25                  7.0                  7.0                  7.0   3.175426
avg_pull_request_review_exclude_opener_count           float64      1                  0.5                  0.5                  0.5                  0.5                  0.5                  0.5           
clustering_coefficient                                 float64     10             0.718395              0.43679              0.43679             0.718395                  1.0                  1.0   0.296838

