File: drive/output/derived/org_outcomes_practices/repo_discussion_quality/all/rolling5/rohaquinlop___complexipy.parquet

MD5 hash: f7be42f1c05b185a0ef10b7abe1e6c5a

Keys: time_period 

                                                                type  count                 mean                  min                  25%                  50%                  75%                  max        std
time_period                                           datetime64[ns]      3  2024-07-01 16:00:00  2024-01-01 00:00:00  2024-04-01 00:00:00  2024-07-01 00:00:00  2024-10-01 00:00:00  2025-01-01 00:00:00           
response_rate                                                float64      3             0.816077             0.777778             0.784722             0.791667             0.835227             0.878788   0.054751
mean_days_to_respond                                         float64      3             6.901774             5.284316             5.470951             5.657585             7.710504             9.763422   2.485277
pos_sentiment_avg                                            float64      3             0.102254             0.068633             0.090874             0.113114             0.119064             0.125014   0.029718
neg_sentiment_avg                                            float64      3             0.024831             0.019471             0.022876             0.026281             0.027511             0.028741   0.004802
ov_sentiment_avg                                             float64      3             0.117085             0.064596             0.099109             0.133621              0.14333             0.153038   0.046482
response_rate_issue_comment                                  float64      3             0.583333                  0.5                 0.55                  0.6                0.625                 0.65   0.076376
response_rate_issue_opened                                   float64      3                  1.0                  1.0                  1.0                  1.0                  1.0                  1.0        0.0
response_rate_pull_request_comment                           float64      3             0.628205                  0.5             0.596154             0.692308             0.692308             0.692308   0.111029
response_rate_pull_request_opened                            float64      3                  1.0                  1.0                  1.0                  1.0                  1.0                  1.0        0.0
response_rate_pull_request_review_comment                    float64      2                  0.0                  0.0                  0.0                  0.0                  0.0                  0.0        0.0
mean_days_to_respond_issue_comment                           float64      3            59.559092            17.767405            20.015667            22.263929            80.454936           138.645943  68.528112
mean_days_to_respond_issue_opened                            float64      3               2.2338             1.113775             1.282612              1.45145             2.793812             4.136175   1.656134
mean_days_to_respond_pull_request_comment                    float64      3             0.300277             0.018194             0.229756             0.441318             0.441318             0.441318   0.244291
mean_days_to_respond_pull_request_opened                     float64      3             0.006628             0.000237             0.000241             0.000246             0.009824             0.019402   0.011062
mean_days_to_respond_to_last_comment                         float64      3             3.532993             0.329292              1.12849             1.927688             5.134844                8.342   4.240711
issue_comment_pos_sentiment_avg                              float64      3             0.195954              0.18775             0.192364             0.196979             0.200056             0.203133   0.007743
issue_comment_neg_sentiment_avg                              float64      3             0.013611               0.0031             0.009131             0.015163             0.018866             0.022569   0.009827
issue_comment_ov_sentiment_avg                               float64      3             0.255188             0.245836             0.248696             0.251557             0.259863              0.26817   0.011601
issue_opened_pos_sentiment_avg                               float64      3             0.061152             0.043021             0.050514             0.058008             0.070218             0.082428   0.019891
issue_opened_neg_sentiment_avg                               float64      3              0.02837             0.023708             0.026828             0.029947             0.030701             0.031454   0.004107
issue_opened_ov_sentiment_avg                                float64      3              0.05965             0.021794             0.044253             0.066713             0.078578             0.090442   0.034865
pull_request_comment_pos_sentiment_avg                       float64      3             0.181623              0.14625              0.17278              0.19931              0.19931              0.19931   0.030634
pull_request_comment_neg_sentiment_avg                       float64      3             0.038571             0.030107             0.030107             0.030107             0.042804               0.0555   0.014661
pull_request_comment_ov_sentiment_avg                        float64      3             0.225856             0.178475             0.214011             0.249546             0.249546             0.249546   0.041033
pull_request_opened_pos_sentiment_avg                        float64      3             0.026316             0.020442             0.024764             0.029086             0.029253             0.029421    0.00509
pull_request_opened_neg_sentiment_avg                        float64      3              0.02783             0.019069              0.02528             0.031491             0.032211             0.032931   0.007622
pull_request_opened_ov_sentiment_avg                         float64      3             0.003104            -0.001103             0.001734              0.00457             0.005208             0.005845   0.003699
pull_request_review_approved_pos_sentiment_avg               float64      3             0.032083                  0.0             0.024063             0.048125             0.048125             0.048125   0.027785
pull_request_review_approved_neg_sentiment_avg               float64      3             0.053333                  0.0                 0.04                 0.08                 0.08                 0.08   0.046188
pull_request_review_approved_ov_sentiment_avg                float64      3               -0.055              -0.0825              -0.0825              -0.0825             -0.04125                  0.0   0.047631
pull_request_review_comment_pos_sentiment_avg                float64      2                0.138                0.138                0.138                0.138                0.138                0.138        0.0
pull_request_review_comment_neg_sentiment_avg                float64      2                  0.0                  0.0                  0.0                  0.0                  0.0                  0.0        0.0
pull_request_review_comment_ov_sentiment_avg                 float64      2              0.26995              0.26995              0.26995              0.26995              0.26995              0.26995        0.0
pct_merged_with_approved                                     float64      3             0.112037                  0.1             0.105556             0.111111             0.118056                0.125   0.012526
pct_merged_with_review                                       float64      3             0.112037                  0.1             0.105556             0.111111             0.118056                0.125   0.012526
avg_pull_request_comment_count                               float64      3             2.459596             2.190476             2.367965             2.545455             2.594156             2.642857   0.238099
avg_pull_request_review_count                                float64      3             0.141775             0.095238             0.123377             0.151515             0.165043             0.178571   0.042512
avg_all_disc_count                                           float64      3             2.689394             2.285714             2.551948             2.818182             2.891234             2.964286   0.357148
avg_pull_request_review_comment_count                        float64      2             0.132035             0.121212             0.126623             0.132035             0.137446             0.142857   0.015305
avg_pull_request_comment_exclude_opener_count                float64      3              2.27381             2.095238             2.214286             2.333333             2.363095             2.392857   0.157485
avg_pull_request_review_exclude_opener_count                 float64      3             0.141775             0.095238             0.123377             0.151515             0.165043             0.178571   0.042512
avg_all_disc_exclude_opener_count                            float64      3             2.503608             2.190476             2.398268             2.606061             2.660173             2.714286   0.276526
avg_pull_request_review_comment_exclude_opener_count         float64      2             0.132035             0.121212             0.126623             0.132035             0.137446             0.142857   0.015305
clustering_coefficient                                       float64      3                  0.0                  0.0                  0.0                  0.0                  0.0                  0.0        0.0

