File: drive/output/derived/org_outcomes_practices/repo_discussion_quality/all/rolling5/rusty-dicom___dicom-echo.parquet

MD5 hash: 91810c2f2128e56e731d827bd7ed57e5

Keys: time_period 

                                                         type  count                 mean                  min                  25%                  50%                  75%                  max       std
time_period                                    datetime64[ns]      2  2024-10-01 00:00:00  2024-07-01 00:00:00  2024-08-16 00:00:00  2024-10-01 00:00:00  2024-11-16 00:00:00  2025-01-01 00:00:00          
response_rate                                         float64      2                  1.0                  1.0                  1.0                  1.0                  1.0                  1.0       0.0
mean_days_to_respond                                  float64      2             0.001887             0.001887             0.001887             0.001887             0.001887             0.001887       0.0
pos_sentiment_avg                                     float64      2             0.013714             0.013714             0.013714             0.013714             0.013714             0.013714       0.0
neg_sentiment_avg                                     float64      2               0.1845               0.1845               0.1845               0.1845               0.1845               0.1845       0.0
ov_sentiment_avg                                      float64      2            -0.054443            -0.054443            -0.054443            -0.054443            -0.054443            -0.054443       0.0
response_rate_pull_request_comment                    float64      2                  1.0                  1.0                  1.0                  1.0                  1.0                  1.0       0.0
response_rate_pull_request_opened                     float64      2                  1.0                  1.0                  1.0                  1.0                  1.0                  1.0       0.0
mean_days_to_respond_pull_request_comment             float64      2             0.003646             0.003646             0.003646             0.003646             0.003646             0.003646       0.0
mean_days_to_respond_pull_request_opened              float64      2             0.001007             0.001007             0.001007             0.001007             0.001007             0.001007       0.0
mean_days_to_respond_to_last_comment                  float64      2             0.001887             0.001887             0.001887             0.001887             0.001887             0.001887       0.0
issue_opened_pos_sentiment_avg                        float64      2                0.048                0.048                0.048                0.048                0.048                0.048       0.0
issue_opened_neg_sentiment_avg                        float64      2              0.12175              0.12175              0.12175              0.12175              0.12175              0.12175       0.0
issue_opened_ov_sentiment_avg                         float64      2              0.10545              0.10545              0.10545              0.10545              0.10545              0.10545       0.0
pull_request_comment_pos_sentiment_avg                float64      2                  0.0                  0.0                  0.0                  0.0                  0.0                  0.0       0.0
pull_request_comment_neg_sentiment_avg                float64      2                  0.0                  0.0                  0.0                  0.0                  0.0                  0.0       0.0
pull_request_comment_ov_sentiment_avg                 float64      2                  0.0                  0.0                  0.0                  0.0                  0.0                  0.0       0.0
pull_request_opened_pos_sentiment_avg                 float64      2                  0.0                  0.0                  0.0                  0.0                  0.0                  0.0       0.0
pull_request_opened_neg_sentiment_avg                 float64      2                0.262                0.262                0.262                0.262                0.262                0.262       0.0
pull_request_opened_ov_sentiment_avg                  float64      2               -0.148               -0.148               -0.148               -0.148               -0.148               -0.148       0.0
pct_merged_with_approved                              float64      2             0.905627             0.903846             0.904736             0.905627             0.906517             0.907407  0.002518
pct_merged_with_review                                float64      2             0.905627             0.903846             0.904736             0.905627             0.906517             0.907407  0.002518
avg_pull_request_comment_count                        float64      2             0.898763                 0.88             0.889381             0.898763             0.908144             0.917526  0.026535
avg_pull_request_review_count                         float64      2             1.036357             0.979381             1.007869             1.036357             1.064845             1.093333  0.080576
avg_all_disc_count                                    float64      2              1.93512             1.896907             1.916014              1.93512             1.954227             1.973333  0.054041
avg_pull_request_comment_exclude_opener_count         float64      2              0.63079             0.608247             0.619519              0.63079             0.642062             0.653333  0.031881
avg_pull_request_review_exclude_opener_count          float64      2             1.036357             0.979381             1.007869             1.036357             1.064845             1.093333  0.080576
avg_all_disc_exclude_opener_count                     float64      2             1.667148             1.587629             1.627388             1.667148             1.706907             1.746667  0.112457
clustering_coefficient                                float64      2                  0.0                  0.0                  0.0                  0.0                  0.0                  0.0       0.0

