File: drive/output/derived/org_outcomes_practices/repo_discussion_quality/all/rolling5/salesforcefoundation___salesforce-streaming-client.parquet

MD5 hash: bbb1c1083d032b51ac8e175310e1a4a0

Keys: time_period 

                                                  type  count                           mean                  min                  25%                  50%                  75%                  max        std
time_period                             datetime64[ns]     11  2019-07-02 04:21:49.090909184  2017-01-01 00:00:00  2018-04-01 12:00:00  2019-07-01 00:00:00  2020-10-01 00:00:00  2022-01-01 00:00:00           
response_rate                                  float64      7                       0.703081             0.470588             0.558824             0.666667             0.833333                  1.0   0.214623
mean_days_to_respond                           float64      7                     183.608354           134.195926           142.652918           174.680565           220.436895           250.202361   46.71001
pos_sentiment_avg                              float64      7                       0.124818             0.103696             0.108262             0.112314             0.128861             0.183471    0.02886
neg_sentiment_avg                              float64      7                       0.108713             0.014733             0.023059             0.169573             0.170838             0.188893   0.083025
ov_sentiment_avg                               float64      7                       0.063657              0.00573             0.008739              0.01404             0.134198             0.139957   0.067863
response_rate_issue_opened                     float64      7                            1.0                  1.0                  1.0                  1.0                  1.0                  1.0        0.0
response_rate_issue_comment                    float64      6                       0.375926                  0.1             0.205556             0.277778             0.383333                  1.0   0.323287
mean_days_to_respond_issue_opened              float64      7                     205.685791           153.278558            164.99836           196.626024           250.202361            259.49451  47.033795
mean_days_to_respond_to_last_comment           float64      7                     213.993473           151.912068           172.057825           203.039491            259.12408           280.638941  52.879191
mean_days_to_respond_issue_comment             float64      6                      86.898727               0.6175            86.898727            86.898727            86.898727           173.179954  54.569039
issue_opened_pos_sentiment_avg                 float64      7                        0.10851              0.07281             0.086046             0.109878             0.131246               0.1423   0.029029
issue_opened_neg_sentiment_avg                 float64      7                       0.044047             0.020506               0.0221             0.030758             0.070374             0.072119   0.025412
issue_opened_ov_sentiment_avg                  float64      7                       0.067262            -0.011043             0.007142             0.091741             0.117946             0.139957   0.065844
issue_comment_pos_sentiment_avg                float64      6                       0.185492             0.061667             0.185203             0.191042             0.220042             0.256236   0.066783
issue_comment_neg_sentiment_avg                float64      6                       0.021725                  0.0             0.022287             0.023612             0.024157             0.036944   0.011979
issue_comment_ov_sentiment_avg                 float64      6                       0.165921               0.1204             0.166765             0.168712             0.181172             0.186261   0.023974
pull_request_opened_pos_sentiment_avg          float64      5                            0.0                  0.0                  0.0                  0.0                  0.0                  0.0        0.0
pull_request_opened_neg_sentiment_avg          float64      5                       0.371167                  0.0               0.4585             0.465778             0.465778             0.465778   0.207512
pull_request_opened_ov_sentiment_avg           float64      5                      -0.209667            -0.263111            -0.263111            -0.263111               -0.259                  0.0   0.117221
pull_request_comment_pos_sentiment_avg         float64      4                          0.209                0.209                0.209                0.209                0.209                0.209        0.0
pull_request_comment_neg_sentiment_avg         float64      4                          0.106                0.106                0.106                0.106                0.106                0.106        0.0
pull_request_comment_ov_sentiment_avg          float64      4                         0.4588               0.4588               0.4588               0.4588               0.4588               0.4588        0.0
pct_merged_with_approved                       float64      0                                                                                                                                                   
pct_merged_with_review                         float64      0                                                                                                                                                   
avg_all_disc_count                             float64      4                            1.0                  1.0                  1.0                  1.0                  1.0                  1.0        0.0
avg_pull_request_comment_count                 float64      4                            1.0                  1.0                  1.0                  1.0                  1.0                  1.0        0.0
avg_all_disc_exclude_opener_count              float64      0                                                                                                                                                   
clustering_coefficient                         float64     10                            0.0                  0.0                  0.0                  0.0                  0.0                  0.0        0.0

