File: drive/output/derived/org_outcomes_practices/repo_discussion_quality/all/rolling5/seanthegeek___mailsuite.parquet

MD5 hash: 5259823c51f9cd7d15a119409bf7d19c

Keys: time_period 

                                                         type  count                 mean                  min                  25%                  50%                  75%                  max       std
time_period                                    datetime64[ns]      8  2021-11-15 15:00:00  2020-01-01 00:00:00  2020-11-16 00:00:00  2021-10-01 00:00:00  2022-08-16 00:00:00  2024-07-01 00:00:00          
response_rate                                         float64      1                  0.5                  0.5                  0.5                  0.5                  0.5                  0.5          
mean_days_to_respond                                  float64      1            39.175012            39.175012            39.175012            39.175012            39.175012            39.175012          
pos_sentiment_avg                                     float64      5             0.052357                  0.0             0.045833               0.0665              0.06875               0.0807  0.031843
neg_sentiment_avg                                     float64      5             0.121617                  0.0             0.021667               0.1135             0.189167              0.28375  0.118001
ov_sentiment_avg                                      float64      5            -0.033367              -0.1492            -0.099467            -0.056667               0.0284               0.1101  0.103353
response_rate_pull_request_comment                    float64      1                  0.0                  0.0                  0.0                  0.0                  0.0                  0.0          
response_rate_pull_request_opened                     float64      1                  1.0                  1.0                  1.0                  1.0                  1.0                  1.0          
mean_days_to_respond_pull_request_opened              float64      1            39.175012            39.175012            39.175012            39.175012            39.175012            39.175012          
mean_days_to_respond_to_last_comment                  float64      1            39.175012            39.175012            39.175012            39.175012            39.175012            39.175012          
pull_request_comment_pos_sentiment_avg                float64      4             0.185688               0.1375               0.1375             0.169625             0.217813                0.266  0.061515
pull_request_comment_neg_sentiment_avg                float64      4             0.027187                  0.0             0.016313             0.032625               0.0435               0.0435  0.020824
pull_request_comment_ov_sentiment_avg                 float64      4              0.16365              -0.0024              -0.0024               0.1083              0.27435               0.4404  0.211974
pull_request_opened_pos_sentiment_avg                 float64      5                  0.0                  0.0                  0.0                  0.0                  0.0                  0.0       0.0
pull_request_opened_neg_sentiment_avg                 float64      5             0.196467                  0.0             0.021667             0.174667                0.262                0.524  0.212839
pull_request_opened_ov_sentiment_avg                  float64      5            -0.119867               -0.296               -0.148            -0.098667            -0.056667                  0.0  0.112501
pct_merged_with_approved                              float64      4                  0.0                  0.0                  0.0                  0.0                  0.0                  0.0       0.0
pct_merged_with_review                                float64      4                  0.0                  0.0                  0.0                  0.0                  0.0                  0.0       0.0
avg_pull_request_comment_count                        float64      6                  1.0                  1.0                  1.0                  1.0                  1.0                  1.0       0.0
avg_all_disc_count                                    float64      6                  1.0                  1.0                  1.0                  1.0                  1.0                  1.0       0.0
avg_pull_request_comment_exclude_opener_count         float64      4                  1.0                  1.0                  1.0                  1.0                  1.0                  1.0       0.0
avg_all_disc_exclude_opener_count                     float64      4                  1.0                  1.0                  1.0                  1.0                  1.0                  1.0       0.0
clustering_coefficient                                float64      5                  0.0                  0.0                  0.0                  0.0                  0.0                  0.0       0.0

