File: drive/output/derived/org_outcomes_practices/repo_discussion_quality/all/rolling5/secondlife___python-llsd.parquet

MD5 hash: 1f9e7555f936adcbdd5cd6b0eb08d75d

Keys: time_period 

                                                                   type  count                 mean                  min                  25%                  50%                  75%                  max        std
time_period                                              datetime64[ns]      6  2023-10-01 08:00:00  2022-07-01 00:00:00  2023-02-15 06:00:00  2023-10-01 00:00:00  2024-05-16 12:00:00  2025-01-01 00:00:00           
response_rate                                                   float64      6             0.433029             0.388889             0.424524             0.438674             0.446892               0.4625   0.025769
mean_days_to_respond                                            float64      6             7.074321             3.710766             4.421131              5.88552             6.371723            16.497328   4.753784
pos_sentiment_avg                                               float64      6             0.115958             0.099683             0.113068              0.11718             0.121248             0.127405   0.009571
neg_sentiment_avg                                               float64      6             0.035444             0.009883             0.037439             0.037914             0.042979             0.045004   0.012992
ov_sentiment_avg                                                float64      6             0.094717             0.074984              0.08743             0.088369             0.088625              0.14075   0.023163
response_rate_pull_request_comment                              float64      6             0.598247             0.466667             0.557292             0.566964             0.592857             0.833333   0.123614
response_rate_pull_request_opened                               float64      6             0.940926             0.923077             0.924451             0.930952             0.936458                  1.0   0.029492
response_rate_pull_request_review_comment                       float64      6              0.25139                  0.0             0.285714             0.287785             0.307758             0.333333   0.124606
mean_days_to_respond_pull_request_comment                       float64      6            13.535239             4.613105            12.304618            13.232985            14.606589            23.072736   5.924137
mean_days_to_respond_pull_request_opened                        float64      6             0.024754             0.011078              0.01775             0.019968             0.021261             0.058808   0.017097
mean_days_to_respond_to_last_comment                            float64      6            11.042565             0.830275             5.333448             5.466281             5.977636            43.055295  15.800908
mean_days_to_respond_pull_request_review_comment                float64      5             5.149012             0.599441             6.286405             6.286405             6.286405             6.286405   2.543287
pull_request_comment_pos_sentiment_avg                          float64      6             0.067438             0.046667             0.052527             0.071439             0.076785              0.09029   0.017394
pull_request_comment_neg_sentiment_avg                          float64      6             0.053128             0.007521              0.05298              0.05702              0.05928             0.085543    0.02533
pull_request_comment_ov_sentiment_avg                           float64      6             0.010005            -0.025056            -0.009288             0.008912             0.011991             0.069601   0.032962
pull_request_opened_pos_sentiment_avg                           float64      6             0.104266             0.081856             0.094035             0.104665             0.111207              0.13053   0.017091
pull_request_opened_neg_sentiment_avg                           float64      6             0.050938             0.005804             0.053253             0.059273             0.062978             0.065818   0.022681
pull_request_opened_ov_sentiment_avg                            float64      6             0.130703             0.075673              0.11025             0.122713             0.130383              0.22408   0.049958
pull_request_review_approved_pos_sentiment_avg                  float64      6             0.387122             0.276667               0.2815              0.37675             0.477675               0.5315   0.116589
pull_request_review_approved_neg_sentiment_avg                  float64      6                  0.0                  0.0                  0.0                  0.0                  0.0                  0.0        0.0
pull_request_review_approved_ov_sentiment_avg                   float64      6             0.335651               0.2202             0.330617             0.341977             0.366397             0.408388   0.063585
pull_request_review_comment_pos_sentiment_avg                   float64      6             0.125656              0.11722             0.124955              0.12568             0.126567             0.133783   0.005285
pull_request_review_comment_neg_sentiment_avg                   float64      6             0.029875             0.014033              0.03079             0.030995             0.033249             0.038507   0.008311
pull_request_review_comment_ov_sentiment_avg                    float64      6             0.106724             0.081175             0.094512             0.095142             0.105492             0.165643   0.030154
pull_request_review_changes_requested_pos_sentiment_avg         float64      5             0.070133                  0.0             0.087667             0.087667             0.087667             0.087667   0.039206
pull_request_review_changes_requested_neg_sentiment_avg         float64      5                  0.0                  0.0                  0.0                  0.0                  0.0                  0.0        0.0
pull_request_review_changes_requested_ov_sentiment_avg          float64      5              0.09632                  0.0               0.1204               0.1204               0.1204               0.1204   0.053845
issue_opened_pos_sentiment_avg                                  float64      4                  0.0                  0.0                  0.0                  0.0                  0.0                  0.0        0.0
issue_opened_neg_sentiment_avg                                  float64      4                  0.0                  0.0                  0.0                  0.0                  0.0                  0.0        0.0
issue_opened_ov_sentiment_avg                                   float64      4                  0.0                  0.0                  0.0                  0.0                  0.0                  0.0        0.0
pct_merged_with_approved                                        float64      6             0.663151             0.333333             0.678571             0.725564             0.746711             0.777778   0.165843
pct_merged_with_review                                          float64      6             0.663151             0.333333             0.678571             0.725564             0.746711             0.777778   0.165843
avg_pull_request_comment_count                                  float64      6             2.991453             2.095238             2.505952             2.569597              2.68956                  5.5   1.246954
avg_pull_request_review_count                                   float64      6              4.63895              3.47619             4.085714             4.369231             5.313187                  6.0   0.961918
avg_pull_request_review_comment_count                           float64      6             4.378541             3.095238               3.7125             4.040385             5.129121                  6.0   1.112341
avg_all_disc_count                                              float64      6            12.008944             8.666667            10.316071            10.967308            13.131868                 17.5   3.158636
avg_pull_request_comment_exclude_opener_count                   float64      6             1.902167             1.571429              1.64011             1.732143             1.758929                  3.0   0.543138
avg_pull_request_review_exclude_opener_count                    float64      6             2.188858             1.619048             1.916071             2.090385             2.379121                  3.0    0.48572
avg_pull_request_review_comment_exclude_opener_count            float64      6             1.928449             1.238095             1.542857             1.761538             2.195055                  3.0   0.636253
avg_all_disc_exclude_opener_count                               float64      6             6.019475             4.428571             5.217857             5.534615             6.263736                  9.0   1.603083
clustering_coefficient                                          float64      6             0.116412                  0.0              0.11068             0.143974             0.150976             0.157631   0.060453

