File: drive/output/derived/org_outcomes_practices/repo_discussion_quality/all/rolling5/sigsep___norbert.parquet

MD5 hash: dd5c70c55bf8ab16226680080de314fb

Keys: time_period 

                                                                type  count                           mean                  min                  25%                  50%                  75%                  max         std
time_period                                           datetime64[ns]     11  2021-10-09 04:21:49.090909184  2019-01-01 00:00:00  2020-04-01 00:00:00  2022-01-01 00:00:00  2023-04-01 12:00:00  2024-07-01 00:00:00            
response_rate                                                float64      3                       0.740741             0.333333             0.611111             0.888889             0.944444                  1.0    0.357172
mean_days_to_respond                                         float64      3                      28.311481              0.03353            18.219864            36.406198            42.450457            48.494716   25.224293
pos_sentiment_avg                                            float64      5                       0.141742             0.092679             0.108125               0.1137              0.17991             0.214295    0.052546
neg_sentiment_avg                                            float64      5                       0.035254                  0.0             0.005292             0.011593             0.079393             0.079992    0.040774
ov_sentiment_avg                                             float64      5                       0.187155             0.105337             0.172226             0.180027             0.187902             0.290282    0.066339
response_rate_pull_request_comment                           float64      3                          0.625                  0.0               0.4375                0.875               0.9375                  1.0    0.544862
response_rate_pull_request_opened                            float64      3                            1.0                  1.0                  1.0                  1.0                  1.0                  1.0         0.0
response_rate_pull_request_review_comment                    float64      1                            0.0                  0.0                  0.0                  0.0                  0.0                  0.0            
mean_days_to_respond_pull_request_opened                     float64      3                       0.095752              0.03353             0.080197             0.126863             0.126863             0.126863    0.053886
mean_days_to_respond_to_last_comment                         float64      3                       91.52723              0.03353              0.05978              0.08603            137.27408            274.46213  158.426273
mean_days_to_respond_pull_request_comment                    float64      2                      49.878624             41.58896            45.733792            49.878624            54.023455            58.168287   11.723355
pull_request_comment_pos_sentiment_avg                       float64      5                       0.183951              0.15275              0.15275              0.15275             0.229992             0.231513    0.042727
pull_request_comment_neg_sentiment_avg                       float64      5                       0.005722                  0.0                  0.0                  0.0             0.011444             0.017167    0.008092
pull_request_comment_ov_sentiment_avg                        float64      5                       0.282153             0.269467             0.269467             0.269467             0.287845             0.314519    0.019766
pull_request_opened_pos_sentiment_avg                        float64      5                       0.084146             0.029667             0.059333             0.085812             0.114417               0.1315    0.041064
pull_request_opened_neg_sentiment_avg                        float64      5                       0.086184                  0.0             0.010583             0.012933             0.138937             0.268467    0.116746
pull_request_opened_ov_sentiment_avg                         float64      5                       0.071047            -0.111927             0.049606             0.072147             0.164808               0.1806    0.116976
pull_request_review_comment_pos_sentiment_avg                float64      3                            0.0                  0.0                  0.0                  0.0                  0.0                  0.0         0.0
pull_request_review_comment_neg_sentiment_avg                float64      3                            0.0                  0.0                  0.0                  0.0                  0.0                  0.0         0.0
pull_request_review_comment_ov_sentiment_avg                 float64      3                            0.0                  0.0                  0.0                  0.0                  0.0                  0.0         0.0
pct_merged_with_approved                                     float64      0                                                                                                                                                    
pct_merged_with_review                                       float64      0                                                                                                                                                    
avg_pull_request_comment_count                               float64      5                            4.2                  2.0                  2.0                  2.0                  6.0                  9.0    3.193744
avg_pull_request_review_comment_count                        float64      3                            1.0                  1.0                  1.0                  1.0                  1.0                  1.0         0.0
avg_all_disc_count                                           float64      5                            4.8                  3.0                  3.0                  3.0                  6.0                  9.0    2.683282
avg_pull_request_comment_exclude_opener_count                float64      5                            2.8                  2.0                  2.0                  2.0                  3.0                  5.0     1.30384
avg_pull_request_review_comment_exclude_opener_count         float64      3                            1.0                  1.0                  1.0                  1.0                  1.0                  1.0         0.0
avg_all_disc_exclude_opener_count                            float64      5                            3.4                  3.0                  3.0                  3.0                  3.0                  5.0    0.894427
clustering_coefficient                                       float64     11                            0.0                  0.0                  0.0                  0.0                  0.0                  0.0         0.0

