File: drive/output/derived/org_outcomes_practices/repo_discussion_quality/all/rolling5/sijis___sumologic-python.parquet

MD5 hash: 2f822e458dd78cfe388b2b8328047bea

Keys: time_period 

                                                         type  count                           mean                  min                  25%                  50%                  75%                  max       std
time_period                                    datetime64[ns]     11  2019-12-31 15:16:21.818181888  2017-07-01 00:00:00  2018-10-01 00:00:00  2020-01-01 00:00:00  2021-04-01 12:00:00  2022-07-01 00:00:00          
response_rate                                         float64      3                       0.611111                  0.5             0.583333             0.666667             0.666667             0.666667  0.096225
mean_days_to_respond                                  float64      3                       0.693489             0.122917             0.462594             0.802271             0.978775             1.155278  0.524707
pos_sentiment_avg                                     float64      3                       0.058913                  0.0             0.040786             0.081571             0.088369             0.095167  0.051471
neg_sentiment_avg                                     float64      3                       0.094216                  0.0             0.065226             0.130452             0.141323             0.152194  0.082314
ov_sentiment_avg                                      float64      3                      -0.036238            -0.058539            -0.054358            -0.050176            -0.025088                  0.0  0.031661
response_rate_issue_comment                           float64      3                            0.0                  0.0                  0.0                  0.0                  0.0                  0.0       0.0
response_rate_issue_opened                            float64      3                            1.0                  1.0                  1.0                  1.0                  1.0                  1.0       0.0
response_rate_pull_request_comment                    float64      2                       0.666667             0.666667             0.666667             0.666667             0.666667             0.666667       0.0
response_rate_pull_request_opened                     float64      2                            1.0                  1.0                  1.0                  1.0                  1.0                  1.0       0.0
mean_days_to_respond_issue_opened                     float64      3                       0.593592             0.122917             0.122917             0.122917             0.828929             1.534942  0.815233
mean_days_to_respond_to_last_comment                  float64      3                       0.426422             0.122917             0.174042             0.225168             0.578174             0.931181  0.440114
mean_days_to_respond_pull_request_comment             float64      2                       1.324803             1.324803             1.324803             1.324803             1.324803             1.324803       0.0
mean_days_to_respond_pull_request_opened              float64      2                       0.436563             0.436563             0.436563             0.436563             0.436563             0.436563       0.0
issue_comment_pos_sentiment_avg                       float64      3                            0.0                  0.0                  0.0                  0.0                  0.0                  0.0       0.0
issue_comment_neg_sentiment_avg                       float64      3                            0.0                  0.0                  0.0                  0.0                  0.0                  0.0       0.0
issue_comment_ov_sentiment_avg                        float64      3                            0.0                  0.0                  0.0                  0.0                  0.0                  0.0       0.0
issue_opened_pos_sentiment_avg                        float64      3                            0.0                  0.0                  0.0                  0.0                  0.0                  0.0       0.0
issue_opened_neg_sentiment_avg                        float64      3                            0.0                  0.0                  0.0                  0.0                  0.0                  0.0       0.0
issue_opened_ov_sentiment_avg                         float64      3                            0.0                  0.0                  0.0                  0.0                  0.0                  0.0       0.0
pull_request_comment_pos_sentiment_avg                float64      2                       0.190333             0.190333             0.190333             0.190333             0.190333             0.190333       0.0
pull_request_comment_neg_sentiment_avg                float64      2                       0.129722             0.129722             0.129722             0.129722             0.129722             0.129722       0.0
pull_request_comment_ov_sentiment_avg                 float64      2                      -0.018411            -0.018411            -0.018411            -0.018411            -0.018411            -0.018411       0.0
pull_request_opened_pos_sentiment_avg                 float64      2                            0.0                  0.0                  0.0                  0.0                  0.0                  0.0       0.0
pull_request_opened_neg_sentiment_avg                 float64      2                          0.524                0.524                0.524                0.524                0.524                0.524       0.0
pull_request_opened_ov_sentiment_avg                  float64      2                         -0.296               -0.296               -0.296               -0.296               -0.296               -0.296       0.0
pct_merged_with_approved                              float64      0                                                                                                                                                  
pct_merged_with_review                                float64      0                                                                                                                                                  
avg_all_disc_count                                    float64      2                            3.0                  3.0                  3.0                  3.0                  3.0                  3.0       0.0
avg_pull_request_comment_count                        float64      2                            3.0                  3.0                  3.0                  3.0                  3.0                  3.0       0.0
avg_all_disc_exclude_opener_count                     float64      2                            2.0                  2.0                  2.0                  2.0                  2.0                  2.0       0.0
avg_pull_request_comment_exclude_opener_count         float64      2                            2.0                  2.0                  2.0                  2.0                  2.0                  2.0       0.0
clustering_coefficient                                float64     11                            0.0                  0.0                  0.0                  0.0                  0.0                  0.0       0.0

