File: drive/output/derived/org_outcomes_practices/repo_discussion_quality/all/rolling5/simon-larsson___keras-swa.parquet

MD5 hash: 9dae153b5fd6516d0df74b0a8ad2fb6c

Keys: time_period 

                                                         type  count                 mean                  min                  25%                  50%                  75%                  max       std
time_period                                    datetime64[ns]     10  2021-11-06 09:36:00  2019-07-01 00:00:00  2020-08-16 00:00:00  2021-10-01 00:00:00  2022-11-16 00:00:00  2025-01-01 00:00:00          
response_rate                                         float64      4             0.596591                  0.5                0.575             0.618182             0.639773                 0.65  0.067764
mean_days_to_respond                                  float64      4             4.255283             0.649178              3.28581             5.021589             5.991061             6.328774  2.578525
pos_sentiment_avg                                     float64      6             0.107871             0.076331             0.083188             0.099796              0.11184               0.1778    0.0372
neg_sentiment_avg                                     float64      6             0.024276             0.009062             0.014308             0.019161             0.023825               0.0602  0.018476
ov_sentiment_avg                                      float64      6             0.083672             0.056854             0.059024             0.063116             0.093108             0.158181  0.040282
response_rate_issue_comment                           float64      4             0.217803                  0.0                  0.0             0.208333             0.426136             0.454545  0.251972
response_rate_issue_opened                            float64      4                  1.0                  1.0                  1.0                  1.0                  1.0                  1.0       0.0
response_rate_pull_request_comment                    float64      3                  0.5                  0.5                  0.5                  0.5                  0.5                  0.5       0.0
response_rate_pull_request_opened                     float64      3                  1.0                  1.0                  1.0                  1.0                  1.0                  1.0       0.0
mean_days_to_respond_issue_opened                     float64      4             1.431711             0.649178             0.649178             1.347502             2.130034             2.382662  0.913995
mean_days_to_respond_to_last_comment                  float64      4             4.808203             0.649178             1.449473             4.794672             8.153401             8.994291   4.23378
mean_days_to_respond_pull_request_comment             float64      3             2.783299             2.783299             2.783299             2.783299             2.783299             2.783299       0.0
mean_days_to_respond_pull_request_opened              float64      3             9.061586             9.061586             9.061586             9.061586             9.061586             9.061586       0.0
mean_days_to_respond_issue_comment                    float64      2            11.226641            11.226641            11.226641            11.226641            11.226641            11.226641       0.0
issue_comment_pos_sentiment_avg                       float64      6             0.109059             0.056256             0.066518              0.08525             0.090806             0.274667  0.082458
issue_comment_neg_sentiment_avg                       float64      6             0.023587             0.018125             0.018822             0.021658             0.023441             0.038167  0.007494
issue_comment_ov_sentiment_avg                        float64      6             0.104072             0.051098             0.057006             0.095481             0.154655             0.163812  0.053916
issue_opened_pos_sentiment_avg                        float64      6             0.083832               0.0325             0.076122             0.086997             0.105749                0.112  0.029565
issue_opened_neg_sentiment_avg                        float64      6             0.028097                  0.0             0.004463             0.017853             0.034184              0.09325  0.035119
issue_opened_ov_sentiment_avg                         float64      6             0.053781            -0.027321             0.029558             0.061377             0.093457              0.10415  0.050951
pull_request_opened_pos_sentiment_avg                 float64      5             0.074817             0.058771             0.058771             0.058771             0.058771                0.139   0.03588
pull_request_opened_neg_sentiment_avg                 float64      5             0.017683                  0.0             0.022104             0.022104             0.022104             0.022104  0.009885
pull_request_opened_ov_sentiment_avg                  float64      5             0.054292             0.017627             0.017627             0.017627             0.017627              0.20095  0.081985
pull_request_comment_pos_sentiment_avg                float64      4             0.226571             0.226571             0.226571             0.226571             0.226571             0.226571       0.0
pull_request_comment_neg_sentiment_avg                float64      4                  0.0                  0.0                  0.0                  0.0                  0.0                  0.0       0.0
pull_request_comment_ov_sentiment_avg                 float64      4             0.167071             0.167071             0.167071             0.167071             0.167071             0.167071       0.0
pct_merged_with_approved                              float64      0                                                                                                                                        
pct_merged_with_review                                float64      0                                                                                                                                        
avg_all_disc_count                                    float64      4                  2.0                  2.0                  2.0                  2.0                  2.0                  2.0       0.0
avg_pull_request_comment_count                        float64      4                  2.0                  2.0                  2.0                  2.0                  2.0                  2.0       0.0
avg_all_disc_exclude_opener_count                     float64      4                  2.0                  2.0                  2.0                  2.0                  2.0                  2.0       0.0
avg_pull_request_comment_exclude_opener_count         float64      4                  2.0                  2.0                  2.0                  2.0                  2.0                  2.0       0.0
clustering_coefficient                                float64      9                  0.0                  0.0                  0.0                  0.0                  0.0                  0.0       0.0

