File: drive/output/derived/org_outcomes_practices/repo_discussion_quality/all/rolling5/sixty-north___added-value.parquet

MD5 hash: 560d6e4e3aa0fe10e56027693908cc0c

Keys: time_period 

                                                 type  count                 mean                  min                  25%                  50%                  75%                  max       std
time_period                            datetime64[ns]      8  2019-12-31 15:00:00  2018-01-01 00:00:00  2018-11-16 00:00:00  2019-10-01 00:00:00  2020-09-30 06:00:00  2023-01-01 00:00:00          
response_rate                                 float64      1                  0.5                  0.5                  0.5                  0.5                  0.5                  0.5          
mean_days_to_respond                          float64      1             5.172593             5.172593             5.172593             5.172593             5.172593             5.172593          
pos_sentiment_avg                             float64      4              0.07184                  0.0             0.036713             0.053739             0.088866             0.179881  0.076453
neg_sentiment_avg                             float64      4              0.01403                  0.0             0.004781             0.010279             0.019528             0.035563  0.015482
ov_sentiment_avg                              float64      4                0.066                  0.0             0.054165             0.083342             0.095177             0.097316  0.045408
response_rate_issue_comment                   float64      1                  0.0                  0.0                  0.0                  0.0                  0.0                  0.0          
response_rate_issue_opened                    float64      1                  1.0                  1.0                  1.0                  1.0                  1.0                  1.0          
mean_days_to_respond_issue_opened             float64      1             5.172593             5.172593             5.172593             5.172593             5.172593             5.172593          
mean_days_to_respond_to_last_comment          float64      1             5.172593             5.172593             5.172593             5.172593             5.172593             5.172593          
issue_comment_pos_sentiment_avg               float64      3             0.154333                0.086                0.108                 0.13               0.1885                0.247  0.083213
issue_comment_neg_sentiment_avg               float64      3             0.021583                  0.0                  0.0                  0.0             0.032375              0.06475  0.037383
issue_comment_ov_sentiment_avg                float64      3             0.170717              0.12015             0.150375               0.1806                0.196               0.2114  0.046421
issue_opened_pos_sentiment_avg                float64      4             0.049639                  0.0              0.02745             0.042896             0.065084             0.112763  0.046971
issue_opened_neg_sentiment_avg                float64      4               0.0079                  0.0             0.004781             0.007437             0.010556             0.016725  0.006904
issue_opened_ov_sentiment_avg                 float64      4             0.051027                  0.0              0.02707             0.055288             0.079245             0.093531  0.041567
pull_request_opened_pos_sentiment_avg         float64      1               0.0244               0.0244               0.0244               0.0244               0.0244               0.0244          
pull_request_opened_neg_sentiment_avg         float64      1               0.0182               0.0182               0.0182               0.0182               0.0182               0.0182          
pull_request_opened_ov_sentiment_avg          float64      1             -0.01874             -0.01874             -0.01874             -0.01874             -0.01874             -0.01874          
pct_merged_with_approved                      float64      1                  0.0                  0.0                  0.0                  0.0                  0.0                  0.0          
pct_merged_with_review                        float64      1                  0.0                  0.0                  0.0                  0.0                  0.0                  0.0          
avg_all_disc_count                            float64      0                                                                                                                                        
avg_all_disc_exclude_opener_count             float64      0                                                                                                                                        
clustering_coefficient                        float64      5                  0.0                  0.0                  0.0                  0.0                  0.0                  0.0       0.0

