File: drive/output/derived/org_outcomes_practices/repo_discussion_quality/all/rolling5/slingdata-io___sling-python.parquet

MD5 hash: 865f1b7228ffc39f4188609c60754f1e

Keys: time_period 

                                                         type  count                 mean                  min                  25%                  50%                  75%                  max        std
time_period                                    datetime64[ns]      4  2024-04-01 00:00:00  2023-07-01 00:00:00  2023-11-16 00:00:00  2024-04-01 00:00:00  2024-08-16 00:00:00  2025-01-01 00:00:00           
response_rate                                         float64      4              0.60645             0.333333             0.573129             0.681369              0.71469              0.72973    0.18495
mean_days_to_respond                                  float64      4            13.711747             0.758125            12.739409            17.130041             18.10238            19.828782   8.734967
pos_sentiment_avg                                     float64      4             0.082025              0.07413             0.077717             0.082015             0.086322             0.089941   0.006934
neg_sentiment_avg                                     float64      4             0.046812             0.029142              0.03388             0.037145             0.050076             0.083815   0.024993
ov_sentiment_avg                                      float64      4             0.061038             0.044724             0.058059             0.064169             0.067147             0.071088   0.011435
response_rate_issue_comment                           float64      4             0.422778                  0.0                 0.36                 0.54             0.602778             0.611111   0.288035
response_rate_issue_opened                            float64      4                  1.0                  1.0                  1.0                  1.0                  1.0                  1.0        0.0
response_rate_pull_request_opened                     float64      4               0.4375                  0.0                0.375                  0.5               0.5625                 0.75   0.314576
response_rate_pull_request_comment                    float64      3             0.634921             0.571429             0.619048             0.666667             0.666667             0.666667   0.054986
mean_days_to_respond_issue_opened                     float64      4             6.304483             0.268822             0.635799             6.185903            11.854586            12.577302   6.701421
mean_days_to_respond_to_last_comment                  float64      4            28.043858             0.758125            24.149723            35.630113            39.524249            40.157079  18.560493
mean_days_to_respond_issue_comment                    float64      3            30.335886            29.473301            29.473301            29.473301            30.767178            32.061056   1.494042
mean_days_to_respond_pull_request_comment             float64      3             12.51577              7.50974            11.264262            15.018785            15.018785            15.018785   4.335349
mean_days_to_respond_pull_request_opened              float64      3             0.573207             0.255015             0.493659             0.732303             0.732303             0.732303   0.275562
issue_comment_pos_sentiment_avg                       float64      4             0.107775             0.100857             0.103964             0.107794             0.111605             0.114657   0.006078
issue_comment_neg_sentiment_avg                       float64      4             0.010839                  0.0             0.010226             0.013951             0.014564             0.015456   0.007265
issue_comment_ov_sentiment_avg                        float64      4             0.113721             0.102257             0.108139             0.114847             0.120429             0.122932   0.009378
issue_opened_pos_sentiment_avg                        float64      4             0.046031             0.037299              0.03807             0.044745             0.052705             0.057333   0.009826
issue_opened_neg_sentiment_avg                        float64      4             0.027422             0.024667              0.02554             0.027174             0.029056             0.030674   0.002702
issue_opened_ov_sentiment_avg                         float64      4             0.041758             0.015063             0.017183             0.020092             0.044667             0.111783   0.046779
pull_request_comment_pos_sentiment_avg                float64      4             0.189393             0.136333             0.136333             0.188119             0.241179                0.245   0.061303
pull_request_comment_neg_sentiment_avg                float64      4             0.047438                  0.0             0.031625             0.057979             0.073792             0.073792   0.034963
pull_request_comment_ov_sentiment_avg                 float64      4             0.249156             0.130204             0.130204              0.15956             0.278512               0.5473    0.20068
pull_request_opened_pos_sentiment_avg                 float64      4             0.022631               0.0195             0.022183             0.023325             0.023772             0.024375   0.002155
pull_request_opened_neg_sentiment_avg                 float64      4             0.125887             0.078156             0.100646             0.124571             0.149813              0.17625   0.042261
pull_request_opened_ov_sentiment_avg                  float64      4             -0.09612            -0.147138            -0.125067            -0.098753            -0.069806            -0.039839   0.046558
pct_merged_with_approved                              float64      4             0.270833             0.166667             0.229167             0.291667             0.333333             0.333333   0.079786
pct_merged_with_review                                float64      4             0.270833             0.166667             0.229167             0.291667             0.333333             0.333333   0.079786
avg_pull_request_comment_count                        float64      4             1.241667                  0.5                1.125             1.333333                 1.45                  1.8   0.541175
avg_pull_request_review_count                         float64      4             0.341667                  0.2                  0.3             0.333333                0.375                  0.5   0.122852
avg_all_disc_count                                    float64      4             1.583333                  1.0                  1.5             1.666667                 1.75                  2.0   0.419435
avg_pull_request_review_exclude_opener_count          float64      4               0.5625                 0.25               0.4375                  0.5                0.625                  1.0   0.314576
avg_all_disc_exclude_opener_count                     float64      4               1.4375                  1.0                1.375                  1.5               1.5625                 1.75   0.314576
avg_pull_request_comment_exclude_opener_count         float64      3             1.166667                  1.0                  1.0                  1.0                 1.25                  1.5   0.288675
clustering_coefficient                                float64      4             0.059726                  0.0             0.022314             0.063863             0.101275             0.111178   0.053466

