File: drive/output/derived/org_outcomes_practices/repo_discussion_quality/all/rolling5/spatialaudio___python-sounddevice.parquet

MD5 hash: 4045de5918b217175ec14ee2c0563dba

Keys: time_period 

                                                                type  count                 mean                  min                  25%                  50%                  75%                  max       std
time_period                                           datetime64[ns]     20  2020-04-01 00:00:00  2015-07-01 00:00:00  2017-11-16 00:00:00  2020-04-01 00:00:00  2022-08-16 00:00:00  2025-01-01 00:00:00          
response_rate                                                float64     13             0.652226                  0.5             0.588889             0.666667             0.673077             0.857143  0.092171
mean_days_to_respond                                         float64     13             4.191291             1.143455             1.670636             2.494396             4.946936             11.77336  3.601951
pos_sentiment_avg                                            float64     20             0.129564             0.069977             0.091578             0.118239             0.134037             0.298333  0.058305
neg_sentiment_avg                                            float64     20              0.08015                  0.0             0.039884             0.091441             0.116289             0.156925  0.043007
ov_sentiment_avg                                             float64     20              0.08339            -0.050478             0.042118             0.060481             0.111992              0.29815  0.078357
response_rate_pull_request_comment                           float64     13             0.747984                  0.5             0.666667             0.795918             0.829787             0.876543  0.116503
response_rate_pull_request_opened                            float64     13             0.921429             0.428571                  0.9                  1.0                  1.0                  1.0   0.15746
response_rate_pull_request_review_comment                    float64     10             0.314004             0.083333             0.170968             0.350275             0.409982             0.571429  0.156486
mean_days_to_respond_pull_request_comment                    float64     13             5.743954             0.557975              1.58941              2.72668              7.51887             19.44097  5.861044
mean_days_to_respond_pull_request_opened                     float64     13             2.368261             1.039387             1.313932             1.735824               2.3066             7.850714  1.878173
mean_days_to_respond_to_last_comment                         float64     13             4.269846             0.557975              1.58941             1.996462             6.161591            13.463043  4.593716
mean_days_to_respond_pull_request_review_comment             float64     10              1.23339             0.003438             0.148471             0.338668             0.474543             5.130833  2.060342
pull_request_comment_pos_sentiment_avg                       float64     20             0.210163             0.119638             0.142087             0.151473               0.1962               0.7615  0.156664
pull_request_comment_neg_sentiment_avg                       float64     20             0.038776                  0.0             0.027344             0.038225             0.050185             0.069235  0.015449
pull_request_comment_ov_sentiment_avg                        float64     20             0.178625             0.085933             0.135403              0.14963             0.164407              0.54275  0.103753
pull_request_opened_pos_sentiment_avg                        float64     20             0.047387             0.006089             0.015792             0.051635             0.068819             0.125143  0.031249
pull_request_opened_neg_sentiment_avg                        float64     20             0.148842                  0.0             0.096364             0.166256             0.210137             0.265356   0.07778
pull_request_opened_ov_sentiment_avg                         float64     20            -0.024831             -0.13718            -0.103185            -0.023485             0.020199              0.17585  0.092148
pull_request_review_comment_pos_sentiment_avg                float64     16              0.12388             0.035678             0.070812             0.140331             0.149764             0.199926  0.050124
pull_request_review_comment_neg_sentiment_avg                float64     16             0.032893              0.01699             0.028938             0.033999             0.034781             0.049604  0.008739
pull_request_review_comment_ov_sentiment_avg                 float64     16              0.07963             0.029577             0.067578             0.075657             0.082073             0.162728  0.035467
pull_request_review_commented_pos_sentiment_avg              float64      4                0.369                0.369                0.369                0.369                0.369                0.369       0.0
pull_request_review_commented_neg_sentiment_avg              float64      4                  0.0                  0.0                  0.0                  0.0                  0.0                  0.0       0.0
pull_request_review_commented_ov_sentiment_avg               float64      4               0.3303               0.3303               0.3303               0.3303               0.3303               0.3303       0.0
pull_request_review_approved_pos_sentiment_avg               float64      2             0.394667             0.394667             0.394667             0.394667             0.394667             0.394667       0.0
pull_request_review_approved_neg_sentiment_avg               float64      2                 0.09                 0.09                 0.09                 0.09                 0.09                 0.09       0.0
pull_request_review_approved_ov_sentiment_avg                float64      2             0.620567             0.620567             0.620567             0.620567             0.620567             0.620567       0.0
pct_merged_with_approved                                     float64     10             0.006155                  0.0                  0.0                  0.0                  0.0              0.03125  0.012978
pct_merged_with_review                                       float64     10              0.02056                  0.0                  0.0                  0.0              0.04335               0.0625  0.027467
avg_pull_request_comment_count                               float64     20             4.531391                1.125             2.107143             4.284091             6.333333             8.846154  2.630861
avg_all_disc_count                                           float64     20             7.446607             1.333333             4.197917             6.079545             9.705556            16.384615  4.757131
avg_pull_request_review_comment_count                        float64     16             3.299401                  1.0             1.352679             2.641667             5.482843             7.538462  2.307908
avg_pull_request_review_count                                float64      4             1.378472             0.888889             1.079365             1.383929             1.683036             1.857143  0.441629
avg_pull_request_comment_exclude_opener_count                float64     20             2.692591             0.857143               1.6875             2.666667             3.432292                  5.2  1.353747
avg_all_disc_exclude_opener_count                            float64     20             4.686489                  1.0              3.25625             4.107143             5.609375                 10.1   2.65488
avg_pull_request_review_comment_exclude_opener_count         float64     16             2.186569                  0.7             1.255952             1.666667             3.447917                  4.9  1.401644
avg_pull_request_review_exclude_opener_count                 float64      4             1.223214                 0.75               0.9375             1.285714             1.571429             1.571429  0.414834
clustering_coefficient                                       float64     20             0.040537                  0.0                  0.0             0.016089             0.073587             0.112996  0.045232

