File: drive/output/derived/org_outcomes_practices/repo_discussion_quality/all/rolling5/srv6d___rpsl-rs.parquet

MD5 hash: ce439101290026c5c16dfce50c138690

Keys: time_period 

                                                         type  count                 mean                  min                  25%                  50%                  75%                  max       std
time_period                                    datetime64[ns]      4  2024-04-01 00:00:00  2023-07-01 00:00:00  2023-11-16 00:00:00  2024-04-01 00:00:00  2024-08-16 00:00:00  2025-01-01 00:00:00          
response_rate                                         float64      4             0.956638             0.937107             0.955207             0.961389             0.962821             0.966667  0.013257
mean_days_to_respond                                  float64      4             0.010969             0.003917             0.004398             0.010557             0.017128             0.018846  0.007834
pos_sentiment_avg                                     float64      4             0.016839             0.009812             0.010296              0.01644             0.022983             0.024664    0.0078
neg_sentiment_avg                                     float64      4             0.379984             0.303794             0.337103             0.388943             0.431824             0.438255  0.065013
ov_sentiment_avg                                      float64      4            -0.181174            -0.200129            -0.192939            -0.182877            -0.171112            -0.158813  0.018098
response_rate_issue_comment                           float64      4             0.666667             0.666667             0.666667             0.666667             0.666667             0.666667       0.0
response_rate_issue_opened                            float64      4                  1.0                  1.0                  1.0                  1.0                  1.0                  1.0       0.0
response_rate_pull_request_opened                     float64      4                  1.0                  1.0                  1.0                  1.0                  1.0                  1.0       0.0
response_rate_pull_request_comment                    float64      2             0.881818             0.863636             0.872727             0.881818             0.890909                  0.9  0.025713
mean_days_to_respond_issue_comment                    float64      4             0.058524             0.058524             0.058524             0.058524             0.058524             0.058524       0.0
mean_days_to_respond_issue_opened                     float64      4             0.309676             0.309676             0.309676             0.309676             0.309676             0.309676       0.0
mean_days_to_respond_pull_request_opened              float64      4             0.001715             0.001377               0.0014             0.001714             0.002028             0.002054  0.000372
mean_days_to_respond_to_last_comment                  float64      4             0.003824             0.001901             0.002089             0.003751             0.005486             0.005892   0.00209
mean_days_to_respond_pull_request_comment             float64      2             0.000562             0.000521             0.000541             0.000562             0.000582             0.000603  0.000058
issue_comment_pos_sentiment_avg                       float64      4                0.177                0.177                0.177                0.177                0.177                0.177       0.0
issue_comment_neg_sentiment_avg                       float64      4                  0.0                  0.0                  0.0                  0.0                  0.0                  0.0       0.0
issue_comment_ov_sentiment_avg                        float64      4             0.420078             0.420078             0.420078             0.420078             0.420078             0.420078       0.0
issue_opened_pos_sentiment_avg                        float64      4                  0.0                  0.0                  0.0                  0.0                  0.0                  0.0       0.0
issue_opened_neg_sentiment_avg                        float64      4                  0.0                  0.0                  0.0                  0.0                  0.0                  0.0       0.0
issue_opened_ov_sentiment_avg                         float64      4                  0.0                  0.0                  0.0                  0.0                  0.0                  0.0       0.0
pull_request_opened_pos_sentiment_avg                 float64      4             0.011062             0.007471             0.007673             0.010755             0.014143             0.015266  0.004038
pull_request_opened_neg_sentiment_avg                 float64      4             0.477224             0.467043             0.471231             0.477809             0.483802             0.486234   0.00893
pull_request_opened_ov_sentiment_avg                  float64      4            -0.247801            -0.258719            -0.257761            -0.248989            -0.239029            -0.234507  0.012133
pull_request_comment_pos_sentiment_avg                float64      2             0.005757             0.003267             0.004512             0.005757             0.007002             0.008247  0.003522
pull_request_comment_neg_sentiment_avg                float64      2             0.004984                  0.0             0.002492             0.004984             0.007475             0.009967  0.007048
pull_request_comment_ov_sentiment_avg                 float64      2            -0.004092            -0.015678            -0.009885            -0.004092             0.001701             0.007493  0.016384
pct_merged_with_approved                              float64      4              0.08323             0.018868             0.020342             0.058924             0.121812             0.196203  0.083643
pct_merged_with_review                                float64      4              0.08323             0.018868             0.020342             0.058924             0.121812             0.196203  0.083643
avg_pull_request_comment_count                        float64      4             1.178582             0.958333             0.963721              1.16133              1.37619             1.433333  0.252117
avg_pull_request_review_count                         float64      4             0.114722             0.034483             0.039871             0.078869              0.15372             0.266667  0.107803
avg_all_disc_count                                    float64      4             1.293304                  1.0                  1.0             1.236607             1.529911                  1.7  0.351105
avg_pull_request_comment_exclude_opener_count         float64      4             1.175893             0.958333             0.963721             1.156866             1.369037             1.431507  0.249415
avg_pull_request_review_exclude_opener_count          float64      4             0.116548             0.034483             0.039871             0.078869             0.155547             0.273973  0.111242
avg_all_disc_exclude_opener_count                     float64      4             1.292441                  1.0                  1.0             1.232143             1.524584             1.705479  0.351746
clustering_coefficient                                float64      4                  0.0                  0.0                  0.0                  0.0                  0.0                  0.0       0.0

