File: drive/output/derived/org_outcomes_practices/repo_discussion_quality/all/rolling5/sunpy___sunpy.parquet

MD5 hash: 458a0611c3e4a4638a027d03fac188da

Keys: time_period 

                                                                   type  count                           mean                  min                  25%                  50%                  75%                  max       std
time_period                                              datetime64[ns]     21  2019-12-31 17:08:34.285714176  2015-01-01 00:00:00  2017-07-01 00:00:00  2020-01-01 00:00:00  2022-07-01 00:00:00  2025-01-01 00:00:00          
response_rate                                                   float64     21                       0.542266             0.296846             0.534967             0.574003             0.596099             0.670103   0.09511
mean_days_to_respond                                            float64     21                       4.336613             2.573683             2.865363             3.394005             5.771317             7.969501  1.925688
pos_sentiment_avg                                               float64     21                       0.094086             0.081937             0.089509             0.095011              0.09909             0.103424  0.007145
neg_sentiment_avg                                               float64     21                       0.049713             0.046311             0.048357             0.049128             0.050022             0.058351    0.0027
ov_sentiment_avg                                                float64     21                       0.057123             0.040159             0.052276             0.057993             0.061329             0.069799  0.007782
response_rate_pull_request_comment                              float64     21                       0.766125             0.679012             0.751213             0.780324             0.791097             0.808842  0.038127
response_rate_pull_request_opened                               float64     21                       0.789076             0.078247             0.692817             0.965336             0.981002             0.985507  0.282342
response_rate_pull_request_review_comment                       float64     21                       0.343809             0.293907             0.321375             0.337033             0.371099             0.382136  0.028276
mean_days_to_respond_pull_request_comment                       float64     21                       5.468876             0.790515             3.904525             4.157559             7.196675            10.835295  2.707332
mean_days_to_respond_pull_request_opened                        float64     21                       4.908994             0.605836             1.241134             3.171211             7.557496            23.518444  5.306491
mean_days_to_respond_pull_request_review_comment                float64     21                       2.056969              0.36664             1.793954             1.959642              2.55199             3.573905  0.778997
mean_days_to_respond_to_last_comment                            float64     21                       7.561015             3.691523             4.161882             5.166086             9.966037            17.109133  4.104115
pull_request_comment_pos_sentiment_avg                          float64     21                       0.117419             0.099881             0.111659             0.117001             0.124572             0.129833  0.008546
pull_request_comment_neg_sentiment_avg                          float64     21                       0.044666             0.033438             0.039298             0.046908             0.049664             0.056947   0.00664
pull_request_comment_ov_sentiment_avg                           float64     21                       0.082413             0.066702             0.079228             0.082478             0.086068             0.092119  0.006261
pull_request_opened_pos_sentiment_avg                           float64     21                       0.036495             0.032047             0.035737             0.036463             0.037035             0.041725  0.002557
pull_request_opened_neg_sentiment_avg                           float64     21                       0.102948             0.065258             0.089217             0.092901              0.11644             0.157295   0.02355
pull_request_opened_ov_sentiment_avg                            float64     21                       -0.02282            -0.054879             -0.02647             -0.02167            -0.017111             0.003695  0.014605
pull_request_review_comment_pos_sentiment_avg                   float64     21                       0.084726             0.063154             0.077122             0.090641             0.092033             0.094204  0.010474
pull_request_review_comment_neg_sentiment_avg                   float64     21                       0.041192             0.037984             0.039521             0.041621             0.042064             0.045682  0.001937
pull_request_review_comment_ov_sentiment_avg                    float64     21                       0.049186             0.024998               0.0406             0.054661             0.056565             0.060213  0.010354
pull_request_review_approved_pos_sentiment_avg                  float64     10                       0.249997             0.232303             0.234123             0.243472             0.265516             0.275235  0.018061
pull_request_review_approved_neg_sentiment_avg                  float64     10                       0.027278             0.019314             0.020827             0.024201             0.032475             0.045012  0.008337
pull_request_review_approved_ov_sentiment_avg                   float64     10                       0.290562             0.246207             0.292851             0.295273             0.296452             0.310894  0.017103
pull_request_review_changes_requested_pos_sentiment_avg         float64     10                       0.096642             0.092596              0.09436             0.095063              0.09767             0.105912  0.004074
pull_request_review_changes_requested_neg_sentiment_avg         float64     10                       0.044251             0.035774             0.039612             0.042601             0.050135             0.053109  0.006211
pull_request_review_changes_requested_ov_sentiment_avg          float64     10                       0.090428             0.079427              0.08639             0.090033              0.09415              0.10121  0.007054
pull_request_review_commented_pos_sentiment_avg                 float64     10                       0.180965             0.141226              0.16785             0.183218             0.197764             0.214685   0.02438
pull_request_review_commented_neg_sentiment_avg                 float64     10                       0.027946             0.021769             0.026062             0.027289             0.030123             0.036264  0.004066
pull_request_review_commented_ov_sentiment_avg                  float64     10                       0.255626             0.218327             0.221449             0.260547             0.276112             0.323623  0.034839
pull_request_review_dismissed_pos_sentiment_avg                 float64     10                       0.110475             0.068969             0.094075              0.11523             0.130904             0.134812  0.022932
pull_request_review_dismissed_neg_sentiment_avg                 float64     10                       0.048462               0.0278             0.045898             0.049431             0.054219              0.06095  0.009254
pull_request_review_dismissed_ov_sentiment_avg                  float64     10                       0.066506            -0.007666             0.036557             0.065598             0.089618             0.133473  0.044567
pct_merged_with_approved                                        float64     10                       0.724788             0.634038             0.673876             0.735482             0.756408             0.815827  0.064406
pct_merged_with_review                                          float64     10                       0.735905             0.647386             0.687111              0.74372             0.767322             0.823022  0.061353
avg_pull_request_comment_count                                  float64     21                       3.927984             0.328317             2.896779             4.830588             5.089783             5.552826    1.6296
avg_pull_request_review_comment_count                           float64     21                        4.49676             1.958621             3.776587             4.560575             5.323944             6.078624  1.080031
avg_all_disc_count                                              float64     21                      10.247328              6.97931             9.190628            10.627263            11.062958             12.77565  1.388697
avg_pull_request_review_count                                   float64     10                       3.827426             1.083004             2.811679             4.118962             4.579439             6.435021  1.559406
avg_pull_request_comment_exclude_opener_count                   float64     21                       2.682869              0.18724             1.842262             3.351124             3.567068              3.84111  1.191812
avg_pull_request_review_comment_exclude_opener_count            float64     21                       3.203472             1.550725             2.720829             3.142458             3.804523             4.266297  0.733759
avg_all_disc_exclude_opener_count                               float64     21                       7.226725             5.246377             6.539595             7.462459             7.768861             9.152566  0.896614
avg_pull_request_review_exclude_opener_count                    float64     10                       2.814806              0.82996             2.067606             3.044271             3.362521             4.699029  1.133656
clustering_coefficient                                          float64     21                       0.019333             0.007887             0.009713             0.018786             0.025484             0.035058  0.008554

