File: drive/output/derived/org_outcomes_practices/repo_discussion_quality/all/rolling5/swaroopch___edn_format.parquet

MD5 hash: d404b92e9242044df542b13d76708d16

Keys: time_period 

                                                                type  count                           mean                  min                  25%                  50%                  75%                  max        std
time_period                                           datetime64[ns]     21  2019-12-31 17:08:34.285714176  2015-01-01 00:00:00  2017-07-01 00:00:00  2020-01-01 00:00:00  2022-07-01 00:00:00  2025-01-01 00:00:00           
response_rate                                                float64     10                       0.537129                  0.0             0.493421             0.604878             0.651921             0.692308   0.204466
mean_days_to_respond                                         float64      9                      10.182127             0.665365             1.803825             11.23488            15.895256            27.423846   9.354031
pos_sentiment_avg                                            float64     12                       0.199085             0.132755             0.162198             0.190058             0.222659             0.300667   0.052934
neg_sentiment_avg                                            float64     12                       0.074708             0.039368             0.054867             0.062605             0.079195              0.16976   0.037735
ov_sentiment_avg                                             float64     12                       0.104291            -0.012789             0.082578             0.092488             0.126082             0.200393   0.057093
response_rate_pull_request_comment                           float64      9                       0.608819             0.466667             0.555556             0.571429             0.682927             0.710526   0.088407
response_rate_pull_request_opened                            float64     10                       0.812525                  0.0             0.822222                  0.9                  1.0                  1.0    0.30788
response_rate_pull_request_review_comment                    float64      7                       0.353131             0.277778             0.316667             0.342857             0.400641             0.416667   0.054869
mean_days_to_respond_pull_request_comment                    float64      9                       1.258159             0.182598             0.208224             1.453788             1.502792             3.126579   1.081192
mean_days_to_respond_pull_request_opened                     float64      9                      26.702537             1.202842             3.821644            24.497618            53.402175            62.851982   25.44561
mean_days_to_respond_to_last_comment                         float64      9                      11.851639             0.453898             1.558986             1.710765             22.76087            46.601896  16.765642
mean_days_to_respond_pull_request_review_comment             float64      7                       0.708258             0.001829             0.362544             0.362544             1.056637             1.755074   0.605155
pull_request_comment_pos_sentiment_avg                       float64     12                       0.278679                  0.0             0.211031              0.28787             0.366988             0.424429   0.125983
pull_request_comment_neg_sentiment_avg                       float64     12                       0.017701                  0.0             0.009019             0.019416             0.029142             0.032132   0.012337
pull_request_comment_ov_sentiment_avg                        float64     12                       0.222643                  0.0             0.172494             0.220138             0.276428             0.422536   0.106394
pull_request_opened_pos_sentiment_avg                        float64     12                       0.037884             0.021383             0.029439             0.034666             0.039697               0.0717    0.01388
pull_request_opened_neg_sentiment_avg                        float64     12                       0.168706               0.1015             0.134036               0.1585             0.188252             0.288592   0.054515
pull_request_opened_ov_sentiment_avg                         float64     12                      -0.088223            -0.196296            -0.107777            -0.091005            -0.062157             0.033817   0.057583
pull_request_review_comment_pos_sentiment_avg                float64      9                       0.125119             0.077455             0.099667             0.124069             0.151783             0.169037   0.030047
pull_request_review_comment_neg_sentiment_avg                float64      9                        0.02997                  0.0             0.016818             0.034883             0.045563             0.048479   0.019849
pull_request_review_comment_ov_sentiment_avg                 float64      9                       0.058815             0.027596              0.02876             0.067593             0.075183             0.113011   0.029347
pull_request_review_approved_pos_sentiment_avg               float64      5                         0.6407               0.5355                0.667                0.667                0.667                0.667   0.058809
pull_request_review_approved_neg_sentiment_avg               float64      5                            0.0                  0.0                  0.0                  0.0                  0.0                  0.0        0.0
pull_request_review_approved_ov_sentiment_avg                float64      5                         0.6289               0.2709               0.7184               0.7184               0.7184               0.7184   0.200128
pull_request_review_commented_pos_sentiment_avg              float64      4                          0.744                0.744                0.744                0.744                0.744                0.744        0.0
pull_request_review_commented_neg_sentiment_avg              float64      4                            0.0                  0.0                  0.0                  0.0                  0.0                  0.0        0.0
pull_request_review_commented_ov_sentiment_avg               float64      4                         0.4404               0.4404               0.4404               0.4404               0.4404               0.4404        0.0
pct_merged_with_approved                                     float64      6                        0.24537                  0.0             0.229167                 0.25                 0.25                  0.5    0.15852
pct_merged_with_review                                       float64      6                       0.326389                  0.0              0.34375                0.375                0.375                  0.5   0.169592
avg_pull_request_comment_count                               float64     12                       2.493541             0.333333             1.791667             2.602273                  3.5             4.384615   1.317913
avg_all_disc_count                                           float64     13                       3.939983                  1.0                 2.75                  3.8                  5.7             6.538462   1.916674
avg_pull_request_review_comment_count                        float64      9                       1.823155                  0.5             0.916667                  1.8             2.153846             3.454545   1.043007
avg_pull_request_review_count                                float64      6                       0.814815             0.222222             0.541667             0.833333                  1.0                  1.5   0.449508
avg_pull_request_comment_exclude_opener_count                float64     10                        1.79706                  0.5             1.643939              1.86875                  2.0             2.545455   0.559846
avg_all_disc_exclude_opener_count                            float64     13                       2.664096                  1.0                  1.5             2.636364             3.769231                  4.5   1.267848
avg_pull_request_review_comment_exclude_opener_count         float64      9                        1.38276             0.333333             0.636364             1.384615             1.636364                  2.7   0.860519
avg_pull_request_review_exclude_opener_count                 float64      6                       0.702967               0.1875             0.439394             0.833333                  1.0                  1.0   0.359682
clustering_coefficient                                       float64     21                       0.110237                  0.0                  0.0                  0.0             0.214594             0.474018   0.134162

