File: drive/output/derived/org_outcomes_practices/repo_discussion_quality/all/rolling5/synsense___sinabs.parquet

MD5 hash: 6ad4e79b6c8f0d36947c01eb48cf26a6

Keys: time_period 

                                                                   type  count                           mean                  min                  25%                  50%                  75%                  max       std
time_period                                              datetime64[ns]      7  2023-07-02 03:25:42.857142784  2022-01-01 00:00:00  2022-10-01 00:00:00  2023-07-01 00:00:00  2024-04-01 00:00:00  2025-01-01 00:00:00          
response_rate                                                   float64      7                       0.404517             0.202247             0.285354             0.481481             0.510815             0.555556  0.144485
mean_days_to_respond                                            float64      7                       1.705354             0.007801             0.470009             1.416187             2.537585             4.498304   1.70788
pos_sentiment_avg                                               float64      7                        0.12396             0.105304             0.112816             0.119791             0.135009             0.146973  0.015436
neg_sentiment_avg                                               float64      7                       0.086719             0.046865             0.067199             0.089919             0.094192             0.147464  0.033307
ov_sentiment_avg                                                float64      7                       0.069638             0.000337             0.076511              0.08034             0.083488             0.086792  0.030827
response_rate_pull_request_comment                              float64      7                       0.295238                  0.0             0.333333             0.333333             0.333333                  0.4  0.132537
response_rate_pull_request_opened                               float64      7                       0.604314             0.466667             0.545455                0.625             0.666667             0.714286  0.091565
response_rate_pull_request_review_comment                       float64      6                       0.352365                0.175             0.218876             0.393939             0.466578                  0.5  0.146626
mean_days_to_respond_pull_request_opened                        float64      7                       0.203918             0.007801             0.117779             0.226242             0.270886              0.41605  0.148066
mean_days_to_respond_to_last_comment                            float64      7                       0.565665             0.007801             0.285583             0.442619             0.627519             1.683033  0.538457
mean_days_to_respond_pull_request_comment                       float64      6                       0.276723             0.002245             0.311033             0.311033             0.311033             0.413962  0.140628
mean_days_to_respond_pull_request_review_comment                float64      6                       3.814994             0.606563             2.140486              4.77781             5.458414             5.781124  2.239215
pull_request_comment_pos_sentiment_avg                          float64      7                       0.174005              0.13592             0.151952             0.159086             0.192376             0.234375  0.039335
pull_request_comment_neg_sentiment_avg                          float64      7                       0.058329              0.02308             0.044134             0.045596             0.050345             0.150667  0.041854
pull_request_comment_ov_sentiment_avg                           float64      7                       0.138955             0.043991             0.118538              0.15961             0.168411             0.195185  0.055834
pull_request_opened_pos_sentiment_avg                           float64      7                       0.031905             0.010472             0.015136             0.024733             0.049771             0.058313  0.020177
pull_request_opened_neg_sentiment_avg                           float64      7                       0.145326             0.090509             0.136781             0.151107             0.161469             0.179167  0.028871
pull_request_opened_ov_sentiment_avg                            float64      7                      -0.038214            -0.074231            -0.068975            -0.048853            -0.015586             0.024709   0.03745
pull_request_review_approved_pos_sentiment_avg                  float64      7                       0.567143                0.372             0.485833             0.599667             0.656583               0.7135  0.142698
pull_request_review_approved_neg_sentiment_avg                  float64      7                            0.0                  0.0                  0.0                  0.0                  0.0                  0.0       0.0
pull_request_review_approved_ov_sentiment_avg                   float64      7                       0.428414               0.2202             0.341658             0.463117             0.523846             0.584575  0.152256
pull_request_review_comment_pos_sentiment_avg                   float64      6                       0.175736              0.12425             0.139696             0.192292             0.205522             0.213485    0.0407
pull_request_review_comment_neg_sentiment_avg                   float64      6                       0.040448               0.0368             0.037908             0.040863             0.042919             0.043636  0.003031
pull_request_review_comment_ov_sentiment_avg                    float64      6                       0.124576             0.086919             0.097809             0.125426             0.146077             0.168119  0.032592
pull_request_review_commented_pos_sentiment_avg                 float64      6                       0.151094              0.01645             0.092273                0.154                0.168              0.33775  0.108857
pull_request_review_commented_neg_sentiment_avg                 float64      6                            0.0                  0.0                  0.0                  0.0                  0.0                  0.0       0.0
pull_request_review_commented_ov_sentiment_avg                  float64      6                        0.16529              0.02997             0.105487             0.176055              0.19206               0.3303  0.103037
pull_request_review_changes_requested_pos_sentiment_avg         float64      2                       0.023571             0.023571             0.023571             0.023571             0.023571             0.023571       0.0
pull_request_review_changes_requested_neg_sentiment_avg         float64      2                            0.0                  0.0                  0.0                  0.0                  0.0                  0.0       0.0
pull_request_review_changes_requested_ov_sentiment_avg          float64      2                       0.060771             0.060771             0.060771             0.060771             0.060771             0.060771       0.0
pct_merged_with_approved                                        float64      7                       0.229526             0.171429             0.181985             0.190476             0.252903                0.375  0.074392
pct_merged_with_review                                          float64      7                       0.362325             0.294118             0.349294             0.357143             0.373214                 0.44  0.043507
avg_pull_request_comment_count                                  float64      7                       0.953301                  0.6               0.8125                  1.0             1.145105             1.157895  0.242402
avg_pull_request_review_count                                   float64      7                       3.727413                  0.6             0.846154             1.105263             5.190909              12.3125  4.884484
avg_all_disc_count                                              float64      7                       7.803932                  1.2             2.494755             2.842105            10.735455               24.125  9.413267
avg_pull_request_review_comment_count                           float64      6                       3.643755             0.461538             0.553828             0.629474             6.476818              11.1875  4.848079
avg_pull_request_comment_exclude_opener_count                   float64      7                       0.789644                  0.5             0.690341             0.833333             0.930556             0.952381  0.184749
avg_pull_request_review_exclude_opener_count                    float64      7                       3.175209             0.666667             0.803571             0.958333             4.340909              10.3125  4.050604
avg_all_disc_exclude_opener_count                               float64      7                       6.415971                 1.25             2.029762             2.166667             8.780303               19.875  7.731963
avg_pull_request_review_comment_exclude_opener_count            float64      6                       2.859638             0.333333              0.34375             0.381944             5.142677                  9.0   3.94221
clustering_coefficient                                          float64      7                       0.025285                  0.0                  0.0                  0.0             0.049576              0.07784  0.032914

