File: drive/output/derived/org_outcomes_practices/repo_discussion_quality/all/rolling5/tax___python-requests-aws.parquet

MD5 hash: c74422ee34f72de8d3d879b5b8d98810

Keys: time_period 

                                                         type  count                 mean                  min                  25%                  50%                  75%                  max        std
time_period                                    datetime64[ns]     12  2017-09-30 20:00:00  2015-01-01 00:00:00  2016-05-16 12:00:00  2017-10-01 00:00:00  2019-02-15 06:00:00  2020-07-01 00:00:00           
response_rate                                         float64      3             0.571429                  0.5                  0.5                  0.5             0.607143             0.714286   0.123718
mean_days_to_respond                                  float64      3              8.67331             0.050081             0.860735             1.671389            12.984925            24.298461  13.556038
pos_sentiment_avg                                     float64      4             0.083038                  0.0             0.030375              0.07795             0.130612              0.17625   0.078402
neg_sentiment_avg                                     float64      4             0.046437                  0.0             0.039938             0.055375             0.061875                0.075   0.032358
ov_sentiment_avg                                      float64      4            -0.022717               -0.296            -0.095675              0.04237             0.115328             0.120392   0.194761
response_rate_pull_request_comment                    float64      3                  0.2                  0.0                  0.0                  0.0                  0.3                  0.6    0.34641
response_rate_pull_request_opened                     float64      3                  1.0                  1.0                  1.0                  1.0                  1.0                  1.0        0.0
mean_days_to_respond_pull_request_opened              float64      3             1.046844             0.050081             0.734572             1.419062             1.545226             1.671389   0.872393
mean_days_to_respond_to_last_comment                  float64      3             20.55322             0.050081             0.860735             1.671389            30.804789            59.938189  34.118016
mean_days_to_respond_pull_request_comment             float64      1            39.551393            39.551393            39.551393            39.551393            39.551393            39.551393           
pull_request_comment_pos_sentiment_avg                float64      3             0.105333                  0.0               0.0405                0.081                0.158                0.235   0.119375
pull_request_comment_neg_sentiment_avg                float64      3                  0.0                  0.0                  0.0                  0.0                  0.0                  0.0        0.0
pull_request_comment_ov_sentiment_avg                 float64      3             0.154833                  0.0              0.11315               0.2263              0.23225               0.2382   0.134222
pull_request_opened_pos_sentiment_avg                 float64      3             0.072333                  0.0                  0.0                  0.0               0.1085                0.217   0.125285
pull_request_opened_neg_sentiment_avg                 float64      3             0.109333                  0.0               0.0575                0.115                0.164                0.213   0.106613
pull_request_opened_ov_sentiment_avg                  float64      3            -0.111411               -0.296            -0.246667            -0.197333            -0.019117               0.1591   0.239408
issue_comment_pos_sentiment_avg                       float64      1                  0.0                  0.0                  0.0                  0.0                  0.0                  0.0           
issue_comment_neg_sentiment_avg                       float64      1                  0.0                  0.0                  0.0                  0.0                  0.0                  0.0           
issue_comment_ov_sentiment_avg                        float64      1                  0.0                  0.0                  0.0                  0.0                  0.0                  0.0           
issue_opened_pos_sentiment_avg                        float64      2               0.0715                  0.0              0.03575               0.0715              0.10725                0.143   0.101116
issue_opened_neg_sentiment_avg                        float64      2               0.0375                  0.0              0.01875               0.0375              0.05625                0.075   0.053033
issue_opened_ov_sentiment_avg                         float64      2               -0.023               -0.296              -0.1595               -0.023               0.1135                 0.25    0.38608
pct_merged_with_approved                              float64      0                                                                                                                                         
pct_merged_with_review                                float64      0                                                                                                                                         
avg_pull_request_comment_count                        float64      4                1.875                  1.0                  1.0                  1.0                1.875                  4.5       1.75
avg_all_disc_count                                    float64      4                1.875                  1.0                  1.0                  1.0                1.875                  4.5       1.75
avg_pull_request_comment_exclude_opener_count         float64      4                1.375                  1.0                  1.0                  1.0                1.375                  2.5       0.75
avg_all_disc_exclude_opener_count                     float64      4                1.375                  1.0                  1.0                  1.0                1.375                  2.5       0.75
clustering_coefficient                                float64     11                  0.0                  0.0                  0.0                  0.0                  0.0                  0.0        0.0

