File: drive/output/derived/org_outcomes_practices/repo_discussion_quality/all/rolling5/timmo001___system-bridge-backend.parquet

MD5 hash: 3286f685a99f9480add0e8e224ffb069

Keys: time_period 

                                                          type  count                 mean                  min                  25%                  50%                  75%                  max       std
time_period                                     datetime64[ns]      4  2024-04-01 00:00:00  2023-07-01 00:00:00  2023-11-16 00:00:00  2024-04-01 00:00:00  2024-08-16 00:00:00  2025-01-01 00:00:00          
response_rate                                          float64      2             0.583333                  0.5             0.541667             0.583333                0.625             0.666667  0.117851
mean_days_to_respond                                   float64      2             0.159583             0.159583             0.159583             0.159583             0.159583             0.159583       0.0
pos_sentiment_avg                                      float64      4             0.037132             0.028242             0.028242             0.029669              0.03856              0.06095  0.015935
neg_sentiment_avg                                      float64      4             0.308582               0.2701             0.307019             0.319325             0.320888             0.325577  0.025823
ov_sentiment_avg                                       float64      4            -0.149502            -0.159853            -0.158353            -0.157853            -0.149002            -0.122447  0.018061
response_rate_pull_request_comment                     float64      2                  1.0                  1.0                  1.0                  1.0                  1.0                  1.0       0.0
response_rate_pull_request_opened                      float64      2                  0.0                  0.0                  0.0                  0.0                  0.0                  0.0       0.0
mean_days_to_respond_pull_request_comment              float64      2             0.159583             0.159583             0.159583             0.159583             0.159583             0.159583       0.0
mean_days_to_respond_to_last_comment                   float64      2             0.159583             0.159583             0.159583             0.159583             0.159583             0.159583       0.0
pull_request_comment_pos_sentiment_avg                 float64      4              0.03475              0.03475              0.03475              0.03475              0.03475              0.03475       0.0
pull_request_comment_neg_sentiment_avg                 float64      4              0.02725              0.02725              0.02725              0.02725              0.02725              0.02725       0.0
pull_request_comment_ov_sentiment_avg                  float64      4            -0.032913            -0.032913            -0.032913            -0.032913            -0.032913            -0.032913       0.0
pull_request_opened_pos_sentiment_avg                  float64      4             0.003226             0.001739             0.002622             0.002917             0.003521             0.005333   0.00151
pull_request_opened_neg_sentiment_avg                  float64      4             0.356029             0.352787             0.352787             0.352827             0.356068             0.365674   0.00643
pull_request_opened_ov_sentiment_avg                   float64      4            -0.192901            -0.201515             -0.19522            -0.193121            -0.190803            -0.183847  0.007218
pull_request_review_approved_pos_sentiment_avg         float64      4              0.77425                0.699                0.699                0.699              0.77425                  1.0    0.1505
pull_request_review_approved_neg_sentiment_avg         float64      4                  0.0                  0.0                  0.0                  0.0                  0.0                  0.0       0.0
pull_request_review_approved_ov_sentiment_avg          float64      4             0.518475               0.4404             0.518475               0.5445               0.5445               0.5445   0.05205
pct_merged_with_approved                               float64      4             0.017295             0.014286             0.014286             0.016577             0.019586             0.021739  0.003667
pct_merged_with_review                                 float64      4             0.017295             0.014286             0.014286             0.016577             0.019586             0.021739  0.003667
avg_pull_request_comment_count                         float64      4             1.339286             1.285714             1.285714             1.285714             1.339286                  1.5  0.107143
avg_pull_request_review_count                          float64      4             0.255952             0.166667             0.255952             0.285714             0.285714             0.285714  0.059524
avg_all_disc_count                                     float64      4             1.595238             1.571429             1.571429             1.571429             1.595238             1.666667  0.047619
avg_pull_request_comment_exclude_opener_count          float64      4             0.541667                  0.5                  0.5                  0.5             0.541667             0.666667  0.083333
avg_pull_request_review_exclude_opener_count           float64      4             0.458333             0.333333             0.458333                  0.5                  0.5                  0.5  0.083333
avg_all_disc_exclude_opener_count                      float64      4                  1.0                  1.0                  1.0                  1.0                  1.0                  1.0       0.0
clustering_coefficient                                 float64      4                  0.0                  0.0                  0.0                  0.0                  0.0                  0.0       0.0

