File: drive/output/derived/org_outcomes_practices/repo_discussion_quality/all/rolling5/timvink___mkdocs-git-authors-plugin.parquet

MD5 hash: fa6ca2ae315e8cf5385b34a1522ade80

Keys: time_period 

                                                                   type  count                           mean                  min                  25%                  50%                  75%                  max        std
time_period                                              datetime64[ns]     11  2022-07-01 21:49:05.454545408  2020-01-01 00:00:00  2021-04-01 12:00:00  2022-07-01 00:00:00  2023-10-01 00:00:00  2025-01-01 00:00:00           
response_rate                                                   float64      7                       0.363004             0.071429             0.336124             0.411765             0.442793                  0.5   0.148396
mean_days_to_respond                                            float64      7                       8.724965             0.009028             0.263836             0.613771            15.963341            27.997603  12.427922
pos_sentiment_avg                                               float64     10                       0.139767              0.05577             0.124303             0.145045             0.179222              0.18089   0.044598
neg_sentiment_avg                                               float64     10                       0.046014             0.037923             0.038556             0.041441             0.049111             0.066498   0.010241
ov_sentiment_avg                                                float64     10                       0.139716             0.058253              0.13373              0.14822             0.174643             0.181637    0.04527
response_rate_pull_request_comment                              float64      6                       0.471377                  0.4             0.433929              0.46413             0.494565             0.571429   0.060433
response_rate_pull_request_opened                               float64      7                           0.75                  0.0                0.625                  1.0                  1.0                  1.0   0.381881
response_rate_pull_request_review_comment                       float64      7                       0.110731                  0.0             0.045455                  0.1             0.192105                  0.2   0.087909
mean_days_to_respond_pull_request_comment                       float64      6                      19.369633             0.113061             0.440185              9.22718            40.957365            48.605095  23.658932
mean_days_to_respond_pull_request_opened                        float64      6                       0.796261             0.026157             0.560932             0.839639             1.027931             1.513406   0.509048
mean_days_to_respond_pull_request_review_comment                float64      5                       0.110182             0.009028             0.009028             0.177617             0.177617             0.177617    0.09234
mean_days_to_respond_to_last_comment                            float64      7                      17.982704             0.009028             0.258561             0.642019            29.989319            64.732122  27.388335
pull_request_comment_pos_sentiment_avg                          float64     10                       0.156197                  0.0             0.140305             0.166497             0.209232             0.217546   0.068312
pull_request_comment_neg_sentiment_avg                          float64     10                       0.020494                  0.0             0.008492             0.010733             0.038425             0.041671   0.016838
pull_request_comment_ov_sentiment_avg                           float64     10                       0.159331                  0.0             0.150854             0.191708             0.201427             0.231013   0.076833
pull_request_opened_pos_sentiment_avg                           float64     10                       0.059742             0.035314             0.046551             0.055168              0.07534             0.081034   0.016718
pull_request_opened_neg_sentiment_avg                           float64     10                        0.08618             0.050285             0.059847              0.06914             0.104758             0.166533    0.03716
pull_request_opened_ov_sentiment_avg                            float64     10                       0.043907            -0.040515             0.039144             0.053456             0.065468             0.073402   0.034586
pull_request_review_comment_pos_sentiment_avg                   float64     10                       0.164437               0.0272             0.194881             0.197191               0.1995             0.199961   0.070444
pull_request_review_comment_neg_sentiment_avg                   float64     10                       0.034089             0.011187             0.011187             0.025629             0.026579             0.100525   0.033385
pull_request_review_comment_ov_sentiment_avg                    float64     10                       0.152457            -0.015088             0.186181             0.186181             0.194201             0.199496   0.081347
pull_request_review_changes_requested_pos_sentiment_avg         float64      7                       0.214766                0.082             0.209125             0.209125             0.246396             0.301194   0.070677
pull_request_review_changes_requested_neg_sentiment_avg         float64      7                       0.087536                  0.0             0.051063             0.102125             0.102125              0.20425   0.070473
pull_request_review_changes_requested_ov_sentiment_avg          float64      7                       0.265169             0.006925             0.258812             0.258812              0.32254             0.427744   0.134131
pct_merged_with_approved                                        float64      8                       0.036458                  0.0                  0.0                  0.0             0.083333                0.125   0.051934
pct_merged_with_review                                          float64      8                       0.177083                  0.0                0.125             0.208333                 0.25             0.333333   0.121478
avg_pull_request_comment_count                                  float64     10                       2.278846                 0.25                2.425             2.535897             2.766667                  2.8    0.80855
avg_pull_request_review_comment_count                           float64     10                       1.945238                  0.8                  0.8             2.208333             2.796429                 3.25   1.065805
avg_all_disc_count                                              float64     10                       4.824084                  4.0                  4.2                 4.75             5.371429             5.916667   0.685759
avg_pull_request_review_count                                   float64      7                       0.857143             0.066667                  0.6                  0.6             1.066667                  2.0   0.627079
avg_pull_request_comment_exclude_opener_count                   float64      9                       1.596737                  1.0             1.454545                  1.5                  2.0                  2.0   0.339373
avg_pull_request_review_comment_exclude_opener_count            float64     10                       1.549848                 0.75                 0.75             1.658333             2.068182                  3.0   0.789311
avg_all_disc_exclude_opener_count                               float64     10                        3.46627                  3.0                 3.25             3.333333             3.543706             4.666667   0.458232
avg_pull_request_review_exclude_opener_count                    float64      7                       0.684799             0.076923                  0.5                  0.5                0.775             1.666667   0.492198
clustering_coefficient                                          float64     11                            0.0                  0.0                  0.0                  0.0                  0.0                  0.0        0.0

