File: drive/output/derived/org_outcomes_practices/repo_discussion_quality/all/rolling5/tmux-python___libtmux.parquet

MD5 hash: 4d3288453b3b32dce22380febfc9a97f

Keys: time_period 

                                                                   type  count                           mean                  min                  25%                  50%                  75%                  max        std
time_period                                              datetime64[ns]     19  2020-07-01 08:50:31.578947328  2016-01-01 00:00:00  2018-04-01 12:00:00  2020-07-01 00:00:00  2022-10-01 00:00:00  2025-01-01 00:00:00           
response_rate                                                   float64     17                       0.654168                  0.5             0.597315             0.676471             0.727723              0.79661   0.092129
mean_days_to_respond                                            float64     17                      16.705602             0.024688              3.03848            22.173723            24.988883            45.828998  13.356818
pos_sentiment_avg                                               float64     19                       0.069494                0.026             0.059318             0.063911             0.090564             0.096875   0.019552
neg_sentiment_avg                                               float64     19                       0.059281             0.016121             0.046287              0.05957             0.065348               0.1572   0.029421
ov_sentiment_avg                                                float64     19                       0.038449             -0.03416             0.018332             0.040299             0.062793             0.077645   0.028564
response_rate_pull_request_comment                              float64     17                       0.568378                  0.0              0.52459             0.585106             0.676056             0.769231    0.17525
response_rate_pull_request_opened                               float64     17                       0.980392             0.666667                  1.0                  1.0                  1.0                  1.0   0.080845
response_rate_pull_request_review_comment                       float64     14                       0.181683                  0.0                  0.0                  0.0             0.382056                  1.0   0.306884
mean_days_to_respond_pull_request_opened                        float64     17                       6.175946             0.006816              0.17601              0.23165            12.439296            27.780443   9.556715
mean_days_to_respond_to_last_comment                            float64     17                      26.345458             0.024688             2.557255            20.127451            53.884058            72.553163  27.346467
mean_days_to_respond_pull_request_comment                       float64     16                      23.560347             1.099569            11.896324            25.720119            31.079321            59.648209  15.504753
mean_days_to_respond_pull_request_review_comment                float64      5                       1.061425             0.009439             0.214807             0.214807             0.214807             4.653264   2.009867
pull_request_comment_pos_sentiment_avg                          float64     19                       0.084047             0.046405             0.064507             0.077401             0.111244             0.118715   0.026229
pull_request_comment_neg_sentiment_avg                          float64     19                       0.015573                  0.0              0.01195             0.015056             0.021884             0.030173   0.007469
pull_request_comment_ov_sentiment_avg                           float64     19                       0.083488             0.035769             0.049976             0.067426             0.119268             0.149735   0.039732
pull_request_opened_pos_sentiment_avg                           float64     19                       0.032875                  0.0             0.025783             0.031736             0.041157             0.056788   0.014277
pull_request_opened_neg_sentiment_avg                           float64     19                       0.172968             0.068107             0.121266             0.174725             0.210794               0.3144   0.064199
pull_request_opened_ov_sentiment_avg                            float64     19                       -0.06319              -0.1776             -0.08928             -0.06031            -0.039132             0.022956   0.046728
pull_request_review_comment_pos_sentiment_avg                   float64     16                       0.138903                  0.0              0.08775             0.129949             0.180958                0.238   0.065518
pull_request_review_comment_neg_sentiment_avg                   float64     16                       0.015108                  0.0                  0.0                  0.0             0.043463             0.052733    0.02159
pull_request_review_comment_ov_sentiment_avg                    float64     16                       0.178142                  0.0             0.099166             0.155863             0.206156               0.3612   0.112649
pull_request_review_approved_pos_sentiment_avg                  float64      6                       0.160626             0.054333              0.15245              0.15245              0.15245             0.299625   0.078595
pull_request_review_approved_neg_sentiment_avg                  float64      6                       0.009154                  0.0              0.00845              0.00845              0.00845             0.021125   0.006769
pull_request_review_approved_ov_sentiment_avg                   float64      6                       0.223217             0.116717             0.215025             0.215025             0.215025             0.362487   0.078749
pull_request_review_changes_requested_pos_sentiment_avg         float64      6                       0.200022             0.079333             0.215108             0.215108             0.215108             0.260367   0.061835
pull_request_review_changes_requested_neg_sentiment_avg         float64      6                       0.030111                  0.0             0.022583             0.022583             0.022583             0.090333   0.030855
pull_request_review_changes_requested_ov_sentiment_avg          float64      6                       0.191932            -0.006867             0.216782             0.216782             0.216782             0.291332   0.101854
pull_request_review_dismissed_pos_sentiment_avg                 float64      5                          0.435                0.435                0.435                0.435                0.435                0.435        0.0
pull_request_review_dismissed_neg_sentiment_avg                 float64      5                            0.0                  0.0                  0.0                  0.0                  0.0                  0.0        0.0
pull_request_review_dismissed_ov_sentiment_avg                  float64      5                         0.5267               0.5267               0.5267               0.5267               0.5267               0.5267        0.0
pct_merged_with_approved                                        float64     10                       0.043422                  0.0                  0.0             0.054617              0.07671              0.09375   0.039573
pct_merged_with_review                                          float64     10                       0.094014                  0.0             0.067708             0.103426             0.124155              0.15625   0.045628
avg_pull_request_comment_count                                  float64     19                       1.963187                 1.25             1.659614             2.058824              2.16479             2.966667   0.411724
avg_all_disc_count                                              float64     19                       2.482287                 1.25             1.790325             2.294118             3.268919             4.038961   0.870741
avg_pull_request_review_comment_count                           float64     16                       0.292671              0.00885             0.020575                0.075             0.651298             0.912281   0.353922
avg_pull_request_review_count                                   float64     10                       0.518016              0.00885             0.070652             0.600159              0.84124             1.038961   0.422069
avg_pull_request_comment_exclude_opener_count                   float64     19                       1.584353             1.235294             1.335586             1.642857              1.73967             2.214286   0.271363
avg_all_disc_exclude_opener_count                               float64     19                       1.980385               1.2375             1.355486             1.882353             2.515306             3.186667   0.641518
avg_pull_request_review_comment_exclude_opener_count            float64     13                       0.269931             0.011494             0.044444             0.185185                  0.5             0.653333   0.252431
avg_pull_request_review_exclude_opener_count                    float64      7                       0.573642             0.234568             0.497962             0.602041             0.698148             0.786667   0.192399
clustering_coefficient                                          float64     19                        0.05965                  0.0             0.025401             0.053647             0.075665             0.171413   0.042243

