File: drive/output/derived/org_outcomes_practices/repo_discussion_quality/all/rolling5/trustgraph-ai___trustgraph.parquet

MD5 hash: 416ef8ae43c5ddda13f5dd2be1efdb6b

Keys: time_period 

                                                         type  count                 mean                  min                  25%                  50%                  75%                  max       std
time_period                                    datetime64[ns]      2  2024-10-01 00:00:00  2024-07-01 00:00:00  2024-08-16 00:00:00  2024-10-01 00:00:00  2024-11-16 00:00:00  2025-01-01 00:00:00          
response_rate                                         float64      2             0.642424             0.618182             0.630303             0.642424             0.654545             0.666667  0.034284
mean_days_to_respond                                  float64      2             3.187411             3.012642             3.100026             3.187411             3.274795             3.362179   0.24716
pos_sentiment_avg                                     float64      2             0.049212             0.049193             0.049202             0.049212             0.049221             0.049231  0.000027
neg_sentiment_avg                                     float64      2             0.200316             0.197674             0.198995             0.200316             0.201637             0.202958  0.003737
ov_sentiment_avg                                      float64      2             -0.04922            -0.050002            -0.049611             -0.04922             -0.04883            -0.048439  0.001105
response_rate_issue_comment                           float64      2             0.608472             0.585366             0.596919             0.608472             0.620026             0.631579  0.032678
response_rate_issue_opened                            float64      2                  1.0                  1.0                  1.0                  1.0                  1.0                  1.0       0.0
response_rate_pull_request_comment                    float64      2             0.274074             0.148148             0.211111             0.274074             0.337037                  0.4  0.178086
response_rate_pull_request_opened                     float64      2                 0.76                  0.6                 0.68                 0.76                 0.84                 0.92  0.226274
mean_days_to_respond_issue_comment                    float64      2             2.064948             0.232323             1.148636             2.064948             2.981261             3.897573  2.591723
mean_days_to_respond_issue_opened                     float64      2             8.554273             6.320595             7.437434             8.554273             9.671112            10.787951  3.158898
mean_days_to_respond_pull_request_comment             float64      2             0.115956             0.026314             0.071135             0.115956             0.160778             0.205599  0.126774
mean_days_to_respond_pull_request_opened              float64      2              0.45556             0.132408             0.293984              0.45556             0.617136             0.778711  0.457006
mean_days_to_respond_to_last_comment                  float64      2              5.16814             2.798766             3.983453              5.16814             6.352828             7.537515  3.350802
issue_comment_pos_sentiment_avg                       float64      2             0.123216             0.115256             0.119236             0.123216             0.127195             0.131175  0.011256
issue_comment_neg_sentiment_avg                       float64      2             0.015627             0.014988             0.015308             0.015627             0.015947             0.016267  0.000905
issue_comment_ov_sentiment_avg                        float64      2             0.170183             0.152984             0.161583             0.170183             0.178783             0.187383  0.024324
issue_opened_pos_sentiment_avg                        float64      2             0.102309             0.083582             0.092945             0.102309             0.111672             0.121036  0.026484
issue_opened_neg_sentiment_avg                        float64      2             0.017655             0.013815             0.015735             0.017655             0.019575             0.021495   0.00543
issue_opened_ov_sentiment_avg                         float64      2             0.144267             0.113559             0.128913             0.144267             0.159622             0.174976  0.043429
pull_request_comment_pos_sentiment_avg                float64      2             0.161898             0.150471             0.156184             0.161898             0.167611             0.173325   0.01616
pull_request_comment_neg_sentiment_avg                float64      2             0.007706             0.003161             0.005433             0.007706             0.009978              0.01225  0.006427
pull_request_comment_ov_sentiment_avg                 float64      2             0.230148             0.227237             0.228692             0.230148             0.231603             0.233059  0.004117
pull_request_opened_pos_sentiment_avg                 float64      2             0.026129             0.023113             0.024621             0.026129             0.027637             0.029146  0.004266
pull_request_opened_neg_sentiment_avg                 float64      2             0.256343             0.248972             0.252658             0.256343             0.260028             0.263713  0.010423
pull_request_opened_ov_sentiment_avg                  float64      2            -0.116601            -0.124608            -0.120605            -0.116601            -0.112598            -0.108594  0.011323
pct_merged_with_approved                              float64      2             0.011586             0.010309             0.010947             0.011586             0.012224             0.012862  0.001805
pct_merged_with_review                                float64      2             0.011586             0.010309             0.010947             0.011586             0.012224             0.012862  0.001805
avg_pull_request_comment_count                        float64      2             1.053571                  1.0             1.026786             1.053571             1.080357             1.107143  0.075761
avg_pull_request_review_count                         float64      2             0.196429             0.142857             0.169643             0.196429             0.223214                 0.25  0.075761
avg_all_disc_count                                    float64      2                 1.25                 1.25                 1.25                 1.25                 1.25                 1.25       0.0
avg_pull_request_comment_exclude_opener_count         float64      2                 1.06                  1.0                 1.03                 1.06                 1.09                 1.12  0.084853
avg_pull_request_review_exclude_opener_count          float64      2                 0.28                 0.16                 0.22                 0.28                 0.34                  0.4  0.169706
avg_all_disc_exclude_opener_count                     float64      2                 1.34                 1.28                 1.31                 1.34                 1.37                  1.4  0.084853
clustering_coefficient                                float64      2             0.140467             0.137074             0.138771             0.140467             0.142164              0.14386  0.004798

