File: drive/output/derived/org_outcomes_practices/repo_discussion_quality/all/rolling5/tutorcruncher___django-bootstrap3-datetimepicker.parquet

MD5 hash: 57eacdd716fffc0d75005e5ddf10bb96

Keys: time_period 

                                                         type  count                           mean                  min                  25%                  50%                  75%                  max        std
time_period                                    datetime64[ns]     19  2019-08-19 01:15:47.368421120  2015-01-01 00:00:00  2017-04-01 12:00:00  2019-07-01 00:00:00  2021-12-30 12:00:00  2024-07-01 00:00:00           
response_rate                                         float64     10                       0.673348                  0.0             0.670732             0.717582                 0.75                  1.0   0.259515
mean_days_to_respond                                  float64      9                      53.837093            33.996812            36.189002            45.429335            57.264072           102.077665   23.34713
pos_sentiment_avg                                     float64     11                       0.112586             0.028875             0.102995             0.110273             0.118714             0.178829   0.036863
neg_sentiment_avg                                     float64     11                       0.028464                  0.0             0.019386             0.023956             0.037361             0.073833   0.021374
ov_sentiment_avg                                      float64     11                       0.117596             0.018225             0.097207             0.114866             0.126025             0.210492   0.055757
response_rate_pull_request_comment                    float64      9                       0.646585                 0.25             0.545455             0.666667             0.666667                  1.0   0.212086
response_rate_pull_request_opened                     float64     10                       0.804762                  0.0             0.770833             0.857143                  1.0                  1.0   0.300447
response_rate_issue_comment                           float64      7                        0.57651             0.428571             0.488889                  0.6              0.63961                 0.75   0.115345
response_rate_issue_opened                            float64      7                            1.0                  1.0                  1.0                  1.0                  1.0                  1.0        0.0
response_rate_pull_request_review_comment             float64      1                            0.0                  0.0                  0.0                  0.0                  0.0                  0.0           
mean_days_to_respond_pull_request_comment             float64      9                      92.410086             17.14614            87.754911           108.286238           108.286238           118.134944  30.413095
mean_days_to_respond_pull_request_opened              float64      9                      47.399791             16.40194            24.222685            38.893202            64.082388            95.869091  26.105607
mean_days_to_respond_to_last_comment                  float64      9                      91.009512             57.82897             68.83992            72.364938              90.1712           204.148958  45.175902
mean_days_to_respond_issue_comment                    float64      7                       8.805677             0.009803             3.788013            11.954491             13.20699             15.68544   6.524286
mean_days_to_respond_issue_opened                     float64      7                      42.110884             0.014965            32.707336            32.941179            54.144051            88.117271  28.479853
pull_request_comment_pos_sentiment_avg                float64      9                       0.181632                  0.0             0.162878             0.173833             0.197333              0.34425   0.090457
pull_request_comment_neg_sentiment_avg                float64      9                       0.036297                  0.0             0.019534                0.037              0.04876             0.080125   0.026322
pull_request_comment_ov_sentiment_avg                 float64      9                       0.132906                  0.0             0.115258             0.151311             0.155451             0.180063   0.054881
pull_request_opened_pos_sentiment_avg                 float64     11                       0.065235             0.037083              0.05031              0.05775             0.061292             0.124875   0.030626
pull_request_opened_neg_sentiment_avg                 float64     11                        0.06344                  0.0             0.034375              0.04375              0.10169             0.177958   0.053139
pull_request_opened_ov_sentiment_avg                  float64     11                       0.060643            -0.024087             0.021957              0.03645             0.050575             0.230737   0.087814
issue_comment_pos_sentiment_avg                       float64      7                       0.110324             0.079889             0.096081             0.100962             0.127302             0.144654   0.023583
issue_comment_neg_sentiment_avg                       float64      7                       0.024219             0.006524             0.009389             0.011137             0.032898             0.067295   0.025019
issue_comment_ov_sentiment_avg                        float64      7                       0.104272             0.089178             0.095134             0.099025             0.110293              0.13085   0.014335
issue_opened_pos_sentiment_avg                        float64      7                       0.130747               0.1036             0.104083             0.111764              0.13185                0.228   0.044704
issue_opened_neg_sentiment_avg                        float64      7                       0.024737             0.017816             0.018417             0.019282             0.024863               0.0495   0.011446
issue_opened_ov_sentiment_avg                         float64      7                       0.170518             0.109482             0.143436             0.178544             0.191787              0.23515    0.04385
pull_request_review_comment_pos_sentiment_avg         float64      2                          0.056                0.056                0.056                0.056                0.056                0.056        0.0
pull_request_review_comment_neg_sentiment_avg         float64      2                            0.0                  0.0                  0.0                  0.0                  0.0                  0.0        0.0
pull_request_review_comment_ov_sentiment_avg          float64      2                           0.17                 0.17                 0.17                 0.17                 0.17                 0.17        0.0
pct_merged_with_approved                              float64      2                            1.0                  1.0                  1.0                  1.0                  1.0                  1.0        0.0
pct_merged_with_review                                float64      2                            1.0                  1.0                  1.0                  1.0                  1.0                  1.0        0.0
avg_pull_request_comment_count                        float64      9                        2.07037             1.333333                  2.0                  2.0                  2.5                  2.6   0.440153
avg_all_disc_count                                    float64     11                       2.239394             1.333333                  2.0                  2.2                 2.55                  3.0    0.54443
avg_pull_request_review_count                         float64      2                            2.0                  2.0                  2.0                  2.0                  2.0                  2.0        0.0
avg_pull_request_review_comment_count                 float64      2                            1.0                  1.0                  1.0                  1.0                  1.0                  1.0        0.0
avg_pull_request_comment_exclude_opener_count         float64      9                       1.685185                  1.0             1.166667                  2.0                  2.0                 2.25    0.49085
avg_all_disc_exclude_opener_count                     float64     11                       1.560606                  1.0                  1.0                 1.75                  2.0                 2.25   0.519202
avg_pull_request_review_exclude_opener_count          float64      2                            1.0                  1.0                  1.0                  1.0                  1.0                  1.0        0.0
clustering_coefficient                                float64     19                       0.025927                  0.0                  0.0                  0.0             0.014904             0.244985   0.063136

