File: drive/output/derived/org_outcomes_practices/repo_discussion_quality/all/rolling5/twcc___twcc-cli.parquet

MD5 hash: b892142dfc84689aa03c9405e98e27a1

Keys: time_period 

                                                         type  count                           mean                  min                  25%                  50%                  75%                  max        std
time_period                                    datetime64[ns]     13  2021-12-31 05:32:18.461538560  2019-01-01 00:00:00  2020-07-01 00:00:00  2022-01-01 00:00:00  2023-07-01 00:00:00  2025-01-01 00:00:00           
response_rate                                         float64      9                       0.806211                  0.5             0.777778             0.833333             0.840909                  1.0   0.132558
mean_days_to_respond                                  float64      9                       50.94942             6.050567             8.425071             10.21291            20.949204           191.245486  79.679467
pos_sentiment_avg                                     float64     11                       0.064957              0.00625             0.047045             0.071865             0.092672             0.109053    0.03372
neg_sentiment_avg                                     float64     11                       0.066115             0.010588             0.018373             0.023068             0.070641               0.2781   0.083899
ov_sentiment_avg                                      float64     11                       0.028003             -0.16331             0.020894             0.044182             0.110698             0.119332   0.101634
response_rate_issue_opened                            float64      9                            1.0                  1.0                  1.0                  1.0                  1.0                  1.0        0.0
response_rate_issue_comment                           float64      8                       0.502864                  0.0             0.344017              0.64375             0.703571             0.714286   0.271872
response_rate_pull_request_opened                     float64      5                            1.0                  1.0                  1.0                  1.0                  1.0                  1.0        0.0
mean_days_to_respond_issue_opened                     float64      9                      71.017737            15.572494            29.863984            48.371458            64.448935           191.245486  69.949004
mean_days_to_respond_to_last_comment                  float64      9                      59.932478             4.928496             7.297455            17.991011            64.384124           191.245486  77.379823
mean_days_to_respond_issue_comment                    float64      7                      13.230597             2.097985             2.202223             9.518177            14.987218            46.619138  16.045664
mean_days_to_respond_pull_request_opened              float64      5                       0.000663             0.000579             0.000631             0.000659              0.00067             0.000774   0.000071
issue_opened_pos_sentiment_avg                        float64     11                       0.045679             0.008333             0.016527                0.025             0.069419               0.1261   0.040056
issue_opened_neg_sentiment_avg                        float64     11                       0.029122             0.016183             0.024071             0.031693             0.032256             0.041687   0.007785
issue_opened_ov_sentiment_avg                         float64     11                       0.018777               -0.037            -0.030033             0.002073             0.057721             0.142708   0.059055
pull_request_opened_pos_sentiment_avg                 float64     11                       0.034588                  0.0                  0.0             0.026132             0.062703               0.0846    0.03366
pull_request_opened_neg_sentiment_avg                 float64     11                       0.140775             0.000853             0.004206             0.013842              0.31725                0.524   0.189845
pull_request_opened_ov_sentiment_avg                  float64     11                      -0.042728            -0.304225            -0.300113             0.026388             0.140194             0.181573   0.212999
issue_comment_pos_sentiment_avg                       float64     10                       0.089572                  0.0             0.082375             0.103992             0.122146             0.149073   0.051358
issue_comment_neg_sentiment_avg                       float64     10                       0.029353                  0.0             0.017113             0.031764             0.042446             0.049988   0.016985
issue_comment_ov_sentiment_avg                        float64     10                       0.060418            -0.062744             0.056399             0.076463             0.093415             0.111233    0.05346
pct_merged_with_approved                              float64      7                            0.0                  0.0                  0.0                  0.0                  0.0                  0.0        0.0
pct_merged_with_review                                float64      7                            0.0                  0.0                  0.0                  0.0                  0.0                  0.0        0.0
avg_all_disc_count                                    float64     10                       1.222159                  1.0             1.026316             1.183824             1.293651             1.666667   0.225523
avg_pull_request_comment_count                        float64     10                       1.222159                  1.0             1.026316             1.183824             1.293651             1.666667   0.225523
avg_all_disc_exclude_opener_count                     float64      7                       1.323522             1.105263             1.205357             1.285714             1.398148             1.666667   0.199809
avg_pull_request_comment_exclude_opener_count         float64      7                       1.323522             1.105263             1.205357             1.285714             1.398148             1.666667   0.199809
clustering_coefficient                                float64     12                       0.020484                  0.0                  0.0                  0.0             0.039346              0.07704   0.028017

