File: drive/output/derived/org_outcomes_practices/repo_discussion_quality/all/rolling5/uktrade___stream-zip.parquet

MD5 hash: 502f2bc0df8ef78f66f4e72e4c55a39b

Keys: time_period 

                                                                type  count                 mean                  min                  25%                  50%                  75%                  max       std
time_period                                           datetime64[ns]      8  2023-04-01 18:00:00  2021-07-01 00:00:00  2022-05-16 18:00:00  2023-04-01 12:00:00  2024-02-15 12:00:00  2025-01-01 00:00:00          
response_rate                                                float64      6             0.828846             0.797297             0.813436             0.830303             0.833333             0.873016  0.026038
mean_days_to_respond                                         float64      6             2.800875             0.092037             0.825139              3.08911             4.752461             5.157602  2.258992
pos_sentiment_avg                                            float64      7             0.068712                  0.0             0.062939             0.086596              0.08858             0.091352  0.033421
neg_sentiment_avg                                            float64      7             0.144174             0.077912             0.095284             0.101911             0.201397             0.236032  0.067755
ov_sentiment_avg                                             float64      7            -0.006911            -0.247533            -0.046638             0.064296             0.072782             0.082569  0.121839
response_rate_issue_comment                                  float64      6             0.811787                  0.8             0.802247             0.811637             0.817208             0.829268    0.0113
response_rate_issue_opened                                   float64      6                  1.0                  1.0                  1.0                  1.0                  1.0                  1.0       0.0
response_rate_pull_request_comment                           float64      4             0.800966             0.758621             0.769201             0.775253             0.807018             0.894737  0.063038
response_rate_pull_request_opened                            float64      4             0.908333                  0.8                0.825             0.916667                  1.0                  1.0  0.106719
response_rate_pull_request_review_comment                    float64      3             0.190476                  0.0             0.142857             0.285714             0.285714             0.285714  0.164957
mean_days_to_respond_issue_comment                           float64      6             3.906518             0.108186             1.075653              4.69644             6.563894             6.882937  3.133278
mean_days_to_respond_issue_opened                            float64      6             1.148412             0.014774              0.37186             1.425925             1.539247             2.426324   0.94947
mean_days_to_respond_to_last_comment                         float64      6             4.507349             0.129444             1.243189             3.901581             8.058439             9.310369  4.049958
mean_days_to_respond_pull_request_comment                    float64      4             1.350483              1.08018              1.08018             1.331637              1.60194             1.658479  0.313633
mean_days_to_respond_pull_request_opened                     float64      4             0.222094             0.066863             0.066863              0.10417               0.2594             0.613174  0.263082
mean_days_to_respond_pull_request_review_comment             float64      2            24.220139            24.220139            24.220139            24.220139            24.220139            24.220139       0.0
pull_request_opened_pos_sentiment_avg                        float64      7             0.025447                  0.0             0.024945             0.029427              0.03202             0.034773  0.011866
pull_request_opened_neg_sentiment_avg                        float64      7             0.260066             0.201539              0.22838             0.264648             0.297374             0.302767  0.040955
pull_request_opened_ov_sentiment_avg                         float64      7            -0.136408            -0.247533            -0.150761            -0.134375             -0.10032            -0.070785  0.058337
issue_comment_pos_sentiment_avg                              float64      6              0.12172             0.111246             0.116086             0.117331             0.128438             0.136602  0.010098
issue_comment_neg_sentiment_avg                              float64      6             0.044089             0.028988             0.031506              0.03331             0.054685             0.076208  0.019836
issue_comment_ov_sentiment_avg                               float64      6             0.135623             0.040777             0.120784             0.157168             0.161225             0.187388  0.052984
issue_opened_pos_sentiment_avg                               float64      6             0.155659                0.092             0.137603             0.162249             0.183278             0.197779  0.039389
issue_opened_neg_sentiment_avg                               float64      6             0.028735             0.015003              0.02415             0.026869             0.031037                0.048  0.011027
issue_opened_ov_sentiment_avg                                float64      6             0.186507             0.090548             0.188033             0.200428             0.208606             0.232403  0.049579
pull_request_comment_pos_sentiment_avg                       float64      4             0.088591             0.084682             0.087155             0.088624             0.090061             0.092434  0.003208
pull_request_comment_neg_sentiment_avg                       float64      4             0.041459             0.040417             0.040981             0.041224             0.041702             0.042971  0.001078
pull_request_comment_ov_sentiment_avg                        float64      4             0.102315             0.092887             0.097359             0.099664              0.10462             0.117045  0.010348
pull_request_review_comment_pos_sentiment_avg                float64      4             0.115537             0.075074             0.075074             0.099787              0.14025               0.1875  0.053334
pull_request_review_comment_neg_sentiment_avg                float64      4             0.032426                0.017              0.02975             0.036676             0.039352             0.039352  0.010589
pull_request_review_comment_ov_sentiment_avg                 float64      4             0.175976             0.075464             0.075464             0.165019             0.265531               0.2984  0.117432
pct_merged_with_approved                                     float64      7             0.003091                  0.0                  0.0                  0.0             0.005263             0.011111  0.005282
pct_merged_with_review                                       float64      7              0.01201                  0.0                  0.0             0.015152             0.021637             0.025641  0.011651
avg_all_disc_count                                           float64      4            13.164286                 9.75              10.9125            12.078571            14.330357                18.75  3.933931
avg_pull_request_comment_count                               float64      4            12.025595             8.166667             9.091667            10.842857            13.776786                18.25  4.494291
avg_pull_request_review_count                                float64      4             0.592262                 0.25             0.276786             0.559524                0.875                  1.0  0.380999
avg_pull_request_review_comment_count                        float64      4             0.546429                 0.25             0.276786             0.517857               0.7875                  0.9  0.327768
avg_all_disc_exclude_opener_count                            float64      4            13.176984             9.888889            11.686508            12.742857            14.233333            17.333333  3.102778
avg_pull_request_comment_exclude_opener_count                float64      4            11.997619                  8.0             9.392857            11.328571            13.933333            17.333333  4.069245
avg_pull_request_review_exclude_opener_count                 float64      3             0.828571                  0.2                  0.6                  1.0             1.142857             1.285714  0.562792
avg_pull_request_review_comment_exclude_opener_count         float64      3             0.743915                  0.2             0.544444             0.888889             1.015873             1.142857  0.487861
clustering_coefficient                                       float64      7              0.01411                  0.0             0.008673             0.018735             0.020266             0.022159  0.009762

