File: drive/output/derived/org_outcomes_practices/repo_discussion_quality/all/rolling5/vega___vegafusion.parquet

MD5 hash: 0eba099660b33e98476cfcb0f62c1790

Keys: time_period 

                                                                type  count                           mean                  min                  25%                  50%                  75%                  max       std
time_period                                           datetime64[ns]      7  2023-07-02 03:25:42.857142784  2022-01-01 00:00:00  2022-10-01 00:00:00  2023-07-01 00:00:00  2024-04-01 00:00:00  2025-01-01 00:00:00          
response_rate                                                float64      7                       0.397711             0.071429             0.290448             0.391304             0.536842             0.666667  0.208693
mean_days_to_respond                                         float64      7                       2.613469             0.029329             1.900479             3.331593             3.331593             4.469217  1.586889
pos_sentiment_avg                                            float64      7                       0.054379             0.047585             0.051217             0.052028             0.057348             0.063907  0.005707
neg_sentiment_avg                                            float64      7                       0.077254             0.049839             0.074909               0.0823              0.08441             0.089999  0.013248
ov_sentiment_avg                                             float64      7                       0.032651             0.022698             0.024559             0.028298             0.037898             0.052647  0.012058
response_rate_pull_request_comment                           float64      6                       0.437963                 0.25             0.444444             0.444444             0.444444                  0.6  0.111134
response_rate_pull_request_opened                            float64      7                       0.574263                  0.0                0.375             0.555556             0.857143                  1.0  0.370338
response_rate_pull_request_review_comment                    float64      7                       0.058673                  0.0                  0.0                  0.0             0.133929             0.142857   0.07342
mean_days_to_respond_pull_request_comment                    float64      6                       5.185553             0.053657              5.82704              5.82704              5.82704             7.751501  2.629314
mean_days_to_respond_pull_request_opened                     float64      6                       1.347595             1.186933             1.335236             1.335236             1.335236             1.557691  0.118797
mean_days_to_respond_to_last_comment                         float64      7                        2.98205             0.029329             1.684623             3.887378             3.887378             5.813637  2.160924
mean_days_to_respond_pull_request_review_comment             float64      3                       0.029329             0.029329             0.029329             0.029329             0.029329             0.029329       0.0
pull_request_comment_pos_sentiment_avg                       float64      7                       0.146084             0.074833             0.137267             0.144824             0.163072             0.202255  0.039013
pull_request_comment_neg_sentiment_avg                       float64      7                       0.032063                  0.0             0.025913             0.031688             0.037297             0.066333  0.020061
pull_request_comment_ov_sentiment_avg                        float64      7                       0.129577             0.030033             0.092067             0.116647             0.136385             0.303456  0.086209
pull_request_opened_pos_sentiment_avg                        float64      7                       0.040984             0.038748             0.040083             0.040794             0.041843             0.043492  0.001566
pull_request_opened_neg_sentiment_avg                        float64      7                       0.085392             0.056123             0.084105             0.090086             0.092116             0.099095  0.013936
pull_request_opened_ov_sentiment_avg                         float64      7                       0.013345              0.00491             0.009739             0.011581             0.013761             0.029927  0.007978
pull_request_review_comment_pos_sentiment_avg                float64      7                       0.085058             0.080769             0.082247              0.08269                0.086             0.095455  0.004994
pull_request_review_comment_neg_sentiment_avg                float64      7                       0.023843                  0.0             0.013302             0.026603             0.035392             0.042909  0.017244
pull_request_review_comment_ov_sentiment_avg                 float64      7                       0.223047             0.103338             0.115232               0.1176             0.308014               0.4939  0.185115
pull_request_review_approved_pos_sentiment_avg               float64      2                            1.0                  1.0                  1.0                  1.0                  1.0                  1.0       0.0
pull_request_review_approved_neg_sentiment_avg               float64      2                            0.0                  0.0                  0.0                  0.0                  0.0                  0.0       0.0
pull_request_review_approved_ov_sentiment_avg                float64      2                         0.4404               0.4404               0.4404               0.4404               0.4404               0.4404       0.0
pct_merged_with_approved                                     float64      7                       0.004695                  0.0             0.002066             0.004717              0.00713             0.009756  0.003742
pct_merged_with_review                                       float64      7                       0.028897                  0.0             0.012195             0.028302             0.043085             0.063415  0.023644
avg_pull_request_comment_count                               float64      7                       1.131999             0.333333             0.926282             1.238095             1.416667             1.666667  0.455507
avg_pull_request_review_comment_count                        float64      7                       0.791361             0.083333             0.430556             0.666667             1.075321             1.777778  0.577937
avg_all_disc_count                                           float64      7                       2.686486                 1.75             2.152778             2.571429             3.116987             3.944444  0.790449
avg_pull_request_review_count                                float64      5                       1.068376             0.611111             0.666667                  1.0             1.230769             1.833333  0.496656
avg_pull_request_comment_exclude_opener_count                float64      6                       0.785227             0.333333             0.652273               0.7875              0.96875             1.166667  0.294386
avg_all_disc_exclude_opener_count                            float64      7                       1.657761                  1.0             1.333333                  1.6             1.954545             2.428571  0.496066
avg_pull_request_review_exclude_opener_count                 float64      5                       0.806169                0.375                  0.5             0.727273                  1.0             1.428571  0.421552
avg_pull_request_review_comment_exclude_opener_count         float64      5                       0.572424                 0.25                  0.4             0.545455             0.666667                  1.0  0.285534
clustering_coefficient                                       float64      7                       0.032185                  0.0                  0.0                  0.0             0.068899               0.0875  0.040717

