File: drive/output/derived/org_outcomes_practices/repo_discussion_quality/all/rolling5/wapiti-scanner___wapiti.parquet

MD5 hash: dfa40ca488b602d9dfee89ab25a8301b

Keys: time_period 

                                                                   type  count                           mean                  min                  25%                  50%                  75%                  max       std
time_period                                              datetime64[ns]     11  2022-07-01 21:49:05.454545408  2020-01-01 00:00:00  2021-04-01 12:00:00  2022-07-01 00:00:00  2023-10-01 00:00:00  2025-01-01 00:00:00          
response_rate                                                   float64     11                       0.496223             0.273632             0.451788             0.520782             0.538057             0.705882   0.10545
mean_days_to_respond                                            float64     11                      11.734777             1.536494            10.030269            13.160148             14.25881             16.58214  4.508269
pos_sentiment_avg                                               float64     11                       0.083069              0.06005             0.075568             0.084808             0.091223             0.100764  0.011837
neg_sentiment_avg                                               float64     11                       0.046496             0.041513             0.042627             0.045394             0.047958             0.058922  0.005298
ov_sentiment_avg                                                float64     11                          0.051              0.01209             0.041979             0.057677             0.063172             0.073092   0.01748
response_rate_issue_comment                                     float64     11                       0.527732                  0.0              0.52735             0.587413             0.605456             0.674157  0.182567
response_rate_issue_opened                                      float64     11                            1.0                  1.0                  1.0                  1.0                  1.0                  1.0       0.0
response_rate_pull_request_comment                              float64     11                       0.400595             0.315217             0.355163             0.372263              0.40556             0.636364   0.08726
response_rate_pull_request_opened                               float64     11                       0.814677             0.590909             0.771202             0.847328             0.883326                  1.0  0.118033
response_rate_pull_request_review_comment                       float64     10                       0.162623             0.142857              0.15493             0.163256             0.167838             0.182353  0.011374
mean_days_to_respond_issue_opened                               float64     11                      18.566654             0.262361            12.613052            19.137263            24.866975            32.349229  9.535765
mean_days_to_respond_pull_request_comment                       float64     11                      14.446403             2.299168             7.715086            12.184674            19.875753            30.983414  8.728591
mean_days_to_respond_pull_request_opened                        float64     11                       6.883688             0.520347             2.779806             6.967714             8.767946             17.02133  5.525673
mean_days_to_respond_to_last_comment                            float64     11                      16.513661             1.494424            12.527274             18.07607            21.233274            25.369492  7.437666
mean_days_to_respond_issue_comment                              float64     10                      19.678818             4.676392            19.728441            21.147126            22.161809            23.862401  5.524377
mean_days_to_respond_pull_request_review_comment                float64     10                       1.863739             0.512402             0.760864             2.218795             2.655446             3.171111  1.030143
issue_comment_pos_sentiment_avg                                 float64     11                       0.076944                  0.0             0.081977             0.086324             0.090504             0.094896  0.027926
issue_comment_neg_sentiment_avg                                 float64     11                       0.025312             0.014276             0.020697             0.026045             0.031754             0.034236  0.007144
issue_comment_ov_sentiment_avg                                  float64     11                       0.073963            -0.029094             0.079257             0.082242             0.083141              0.10148  0.035224
issue_opened_pos_sentiment_avg                                  float64     11                        0.07237                  0.0             0.062813             0.084669             0.089103             0.101714  0.028568
issue_opened_neg_sentiment_avg                                  float64     11                        0.02857                  0.0             0.029094             0.031192             0.034831             0.037572   0.01096
issue_opened_ov_sentiment_avg                                   float64     11                       0.065577                  0.0             0.055747             0.065566             0.071827             0.151184  0.035217
pull_request_comment_pos_sentiment_avg                          float64     11                       0.129322             0.082592             0.087944             0.125954             0.154669              0.21263  0.044814
pull_request_comment_neg_sentiment_avg                          float64     11                       0.015672             0.004645             0.010891             0.013282             0.020619             0.030517   0.00793
pull_request_comment_ov_sentiment_avg                           float64     11                       0.116426             0.052554             0.069539             0.117164             0.152822             0.187162  0.049171
pull_request_opened_pos_sentiment_avg                           float64     11                       0.037477             0.016836             0.030939             0.040897              0.04544              0.04879  0.009955
pull_request_opened_neg_sentiment_avg                           float64     11                       0.106268             0.085946             0.096109             0.109497             0.114747             0.131321  0.014313
pull_request_opened_ov_sentiment_avg                            float64     11                      -0.037573            -0.107231            -0.035721            -0.032528            -0.029443            -0.018121  0.023896
pull_request_review_changes_requested_pos_sentiment_avg         float64     10                       0.223195                  0.0             0.084571             0.196119             0.331333                0.592  0.176976
pull_request_review_changes_requested_neg_sentiment_avg         float64     10                       0.018857                  0.0                  0.0             0.010286                0.042                0.048  0.021998
pull_request_review_changes_requested_ov_sentiment_avg          float64     10                       0.204139                  0.0             0.062914             0.190924             0.343467               0.4404  0.155151
pull_request_review_comment_pos_sentiment_avg                   float64     10                       0.083614             0.077638              0.08113             0.082827             0.084114             0.092131  0.004695
pull_request_review_comment_neg_sentiment_avg                   float64     10                       0.043268             0.040379             0.042417             0.043301             0.044121             0.046346  0.001967
pull_request_review_comment_ov_sentiment_avg                    float64     10                        0.04299             0.029924               0.0404             0.044482             0.046974              0.05487  0.007936
pull_request_review_approved_pos_sentiment_avg                  float64      9                       0.289576             0.221694              0.26031              0.26031             0.348643             0.366563  0.052151
pull_request_review_approved_neg_sentiment_avg                  float64      9                       0.026216                  0.0                  0.0              0.03125             0.042286             0.049333   0.02062
pull_request_review_approved_ov_sentiment_avg                   float64      9                       0.229066             0.135428             0.178995             0.209592             0.314343               0.3301  0.072015
pull_request_review_commented_pos_sentiment_avg                 float64      9                       0.344357             0.147736             0.255483             0.319354             0.425806                 0.58  0.126192
pull_request_review_commented_neg_sentiment_avg                 float64      9                       0.017881                  0.0                  0.0                  0.0             0.039667               0.0476  0.021479
pull_request_review_commented_ov_sentiment_avg                  float64      9                       0.269432             0.063486              0.07685             0.268283             0.335354               0.8074  0.244356
pct_merged_with_approved                                        float64     10                       0.317391             0.083333             0.200233             0.234773              0.49138             0.587097  0.176315
pct_merged_with_review                                          float64     10                        0.43265             0.306667             0.349207             0.401316             0.525187             0.619355  0.110459
avg_pull_request_comment_count                                  float64     11                       1.663124             1.318182             1.420172             1.544118             1.573775                 3.25  0.538093
avg_all_disc_count                                              float64     11                        5.12357                 3.25             3.779789             4.416667             5.815747             9.863636  1.923492
avg_pull_request_review_count                                   float64     10                       1.452053             1.379487              1.38824              1.41878             1.528409             1.571429  0.077353
avg_pull_request_review_comment_count                           float64     10                       2.354438             0.828431             0.919153             1.776419             2.887378                  7.0  1.933279
avg_pull_request_comment_exclude_opener_count                   float64     11                       1.265141               0.9375             1.040909             1.159091              1.23354                 2.75  0.505153
avg_all_disc_exclude_opener_count                               float64     11                       3.763622                 2.75             3.111249             3.383459             4.054334             6.409091  1.038028
avg_pull_request_review_exclude_opener_count                    float64     10                       1.117504                  1.0             1.072756             1.119241             1.152447              1.25641  0.075628
avg_pull_request_review_comment_exclude_opener_count            float64     10                       1.630826             0.636364             0.721964             1.326663             1.991702             4.454545  1.193687
clustering_coefficient                                          float64     11                       0.074237             0.026282             0.029969             0.033407             0.047238             0.391487   0.10835

