File: drive/output/derived/org_outcomes_practices/repo_discussion_quality/all/rolling5/weaviate___weaviate-python-client.parquet

MD5 hash: 4e65f5318f5e43f241a62a8c2d8f08b2

Keys: time_period 

                                                                   type  count                 mean                  min                  25%                  50%                  75%                  max        std
time_period                                              datetime64[ns]     12  2022-04-01 12:00:00  2019-07-01 00:00:00  2020-11-16 00:00:00  2022-04-01 12:00:00  2023-08-16 00:00:00  2025-01-01 00:00:00           
response_rate                                                   float64     11             0.609087             0.490744             0.502712             0.517949             0.711283                 0.85   0.128746
mean_days_to_respond                                            float64     11            25.000545             5.872973             6.582761            14.653815            40.851561            61.408226  20.370745
pos_sentiment_avg                                               float64     12             0.084735             0.075956              0.08184             0.085309             0.087841              0.09395   0.005875
neg_sentiment_avg                                               float64     12             0.067998                  0.0             0.046883             0.080366             0.089367             0.103265   0.031321
ov_sentiment_avg                                                float64     12             0.064062             0.024128             0.034632             0.050554             0.085612              0.13038    0.03571
response_rate_issue_comment                                     float64     11             0.605359             0.538462             0.563492             0.591837             0.612072             0.785714   0.068635
response_rate_issue_opened                                      float64     11                  1.0                  1.0                  1.0                  1.0                  1.0                  1.0        0.0
response_rate_pull_request_opened                               float64      9               0.6417                  0.0             0.647779             0.745875                 0.75             0.795455   0.248334
response_rate_pull_request_comment                              float64      8              0.46903             0.358792             0.398726             0.420758             0.489943             0.666667   0.124159
response_rate_pull_request_review_comment                       float64      6              0.36414             0.334448             0.361724             0.369656              0.37441             0.376007   0.015723
mean_days_to_respond_issue_comment                              float64     11            40.509195            18.006679             21.15233            35.608715            50.892166            83.758234  22.539483
mean_days_to_respond_issue_opened                               float64     11            32.074113            19.555563            23.043409            28.119616            38.177858             51.45276  10.871358
mean_days_to_respond_to_last_comment                            float64     11            45.459569              5.44421             6.834701             18.91034            83.087283           107.202765  42.362548
mean_days_to_respond_pull_request_comment                       float64      8             5.163011             2.393914              4.52087             5.820111             6.056442             7.391077   1.815482
mean_days_to_respond_pull_request_opened                        float64      8             1.087189             0.335841             0.611181             0.842605             1.112183             3.118436   0.908875
mean_days_to_respond_pull_request_review_comment                float64      6             0.369743             0.231962             0.339424              0.37712             0.384613             0.518288   0.093019
issue_comment_pos_sentiment_avg                                 float64     12             0.124352             0.094078             0.102269             0.114282             0.121305                0.278   0.049603
issue_comment_neg_sentiment_avg                                 float64     12             0.026573                  0.0             0.026721             0.029577             0.031763             0.034634   0.009544
issue_comment_ov_sentiment_avg                                  float64     12             0.147861             0.111936             0.116142             0.125033             0.131289               0.4019   0.080854
issue_opened_pos_sentiment_avg                                  float64     12             0.060676              0.04449             0.052542             0.059377             0.071707              0.07659   0.011972
issue_opened_neg_sentiment_avg                                  float64     12             0.036611                  0.0             0.021434             0.044434             0.047202             0.058877   0.017514
issue_opened_ov_sentiment_avg                                   float64     12             0.048012            -0.013212             0.020518             0.042875             0.070042             0.113625   0.039994
pull_request_opened_pos_sentiment_avg                           float64     11             0.012408                  0.0             0.002119             0.011724             0.022652             0.029412   0.011026
pull_request_opened_neg_sentiment_avg                           float64     11             0.305653             0.241767              0.28212             0.315429             0.321823             0.386667   0.038044
pull_request_opened_ov_sentiment_avg                            float64     11            -0.158276            -0.219067            -0.179529            -0.169588            -0.135349            -0.095807   0.034621
pull_request_comment_pos_sentiment_avg                          float64      8             0.098819             0.089651             0.095235             0.100667             0.103321             0.104518   0.005926
pull_request_comment_neg_sentiment_avg                          float64      8             0.023369              0.01255             0.020599             0.025628             0.027801             0.028554   0.005962
pull_request_comment_ov_sentiment_avg                           float64      8             0.095001             0.057655              0.06135               0.0745             0.121771             0.161131   0.043944
pull_request_review_approved_pos_sentiment_avg                  float64      6              0.31217              0.27546             0.284378             0.292651             0.309034             0.416143   0.052631
pull_request_review_approved_neg_sentiment_avg                  float64      6             0.023625             0.012762             0.022602             0.023714             0.026408             0.032022   0.006375
pull_request_review_approved_ov_sentiment_avg                   float64      6             0.256758             0.222674             0.232287             0.236294             0.279672             0.320205   0.040188
pull_request_review_changes_requested_pos_sentiment_avg         float64      6             0.119914                  0.0             0.124364              0.12948             0.155226              0.17406   0.062281
pull_request_review_changes_requested_neg_sentiment_avg         float64      6             0.019249                  0.0             0.020684             0.021645             0.024056             0.026981   0.009731
pull_request_review_changes_requested_ov_sentiment_avg          float64      6             0.141842                  0.0             0.124694             0.132072             0.175512             0.274684   0.090093
pull_request_review_comment_pos_sentiment_avg                   float64      6             0.108921             0.103974             0.104564             0.108391             0.111698             0.116685   0.005084
pull_request_review_comment_neg_sentiment_avg                   float64      6             0.031325             0.025883             0.028927             0.032757             0.033696             0.034893   0.003657
pull_request_review_comment_ov_sentiment_avg                    float64      6             0.094634              0.08711             0.089378             0.091169             0.096751             0.110962   0.008862
pull_request_review_commented_pos_sentiment_avg                 float64      6             0.096885             0.066323             0.090073             0.101299             0.107308              0.11675    0.01804
pull_request_review_commented_neg_sentiment_avg                 float64      6             0.030413                  0.0             0.009288             0.035648             0.050512             0.055213   0.024607
pull_request_review_commented_ov_sentiment_avg                  float64      6             0.124833             0.069276              0.09699             0.121652             0.154807              0.18179   0.042784
pct_merged_with_approved                                        float64      9             0.371617             0.142857                  0.2             0.369128             0.533069              0.54254   0.166298
pct_merged_with_review                                          float64      9             0.427132             0.142857                  0.2             0.442953             0.600688             0.654747   0.200783
avg_all_disc_count                                              float64      9             4.860623                  1.0                  3.2             4.889495             6.195513             7.659091   2.130334
avg_pull_request_review_count                                   float64      9             1.924997                  0.6                  1.0             2.305243                  2.5             2.909091   0.936923
avg_pull_request_comment_count                                  float64      8             1.610189             1.049822             1.140748             1.419726             1.802273                  2.6    0.63522
avg_pull_request_review_comment_count                           float64      6              2.25652             1.393832             1.756548             2.187266             2.710606             3.272727   0.709823
avg_all_disc_exclude_opener_count                               float64      9             3.407463                  1.0                 2.25             3.748082             4.224422             5.046512   1.313413
avg_pull_request_review_exclude_opener_count                    float64      9              1.44362                 0.75                  1.0             1.631501             1.790698             1.988491   0.478422
avg_pull_request_comment_exclude_opener_count                   float64      8             1.133195             0.841432             0.934523             1.110945             1.244159                  1.5   0.252621
avg_pull_request_review_comment_exclude_opener_count            float64      6             1.434838             0.918159             1.156053             1.374896             1.632553             2.139535   0.437078
clustering_coefficient                                          float64     11             0.075562             0.002905             0.007557             0.026473             0.124444             0.263083   0.089025

