File: drive/output/derived/org_outcomes_practices/repo_discussion_quality/all/rolling5/xavier-lam___django-cache-lock.parquet

MD5 hash: 165ffd7ff82bf4c564fc67a69fcdad5c

Keys: time_period 

                                                         type  count                 mean                  min                  25%                  50%                  75%                  max       std
time_period                                    datetime64[ns]     10  2021-09-30 19:12:00  2019-07-01 00:00:00  2020-08-16 00:00:00  2021-10-01 00:00:00  2022-11-16 00:00:00  2024-01-01 00:00:00          
response_rate                                         float64      5             0.536667                  0.5                  0.5                  0.5             0.583333                  0.6  0.050553
mean_days_to_respond                                  float64      5             1.577765             1.015007             1.048912             1.536956             1.666192             2.621759  0.651113
pos_sentiment_avg                                     float64      6             0.044532                  0.0             0.001337             0.043672             0.085837             0.092729  0.046992
neg_sentiment_avg                                     float64      6                0.183             0.041681             0.078535             0.116641             0.204063                0.524  0.178923
ov_sentiment_avg                                      float64      6            -0.121373               -0.296             -0.26024            -0.097536             0.011962              0.02885  0.155139
response_rate_issue_comment                           float64      5                 0.16                  0.0                  0.0                  0.0                  0.4                  0.4  0.219089
response_rate_issue_opened                            float64      5                  1.0                  1.0                  1.0                  1.0                  1.0                  1.0       0.0
response_rate_pull_request_comment                    float64      3                  0.0                  0.0                  0.0                  0.0                  0.0                  0.0       0.0
response_rate_pull_request_opened                     float64      3                  1.0                  1.0                  1.0                  1.0                  1.0                  1.0       0.0
mean_days_to_respond_issue_opened                     float64      5             1.592282              1.13287              1.13287             1.536956             1.536956             2.621759  0.609931
mean_days_to_respond_to_last_comment                  float64      5             1.722428             1.328944             1.458287             1.536956             1.666192             2.621759  0.517436
mean_days_to_respond_pull_request_opened              float64      3             1.739149             1.368119             1.646392             1.924664             1.924664             1.924664  0.321321
mean_days_to_respond_issue_comment                    float64      2             0.485098             0.485098             0.485098             0.485098             0.485098             0.485098       0.0
pull_request_opened_pos_sentiment_avg                 float64      6                  0.0                  0.0                  0.0                  0.0                  0.0                  0.0       0.0
pull_request_opened_neg_sentiment_avg                 float64      6             0.353865             0.009062             0.271062             0.397531                0.524                0.524  0.209494
pull_request_opened_ov_sentiment_avg                  float64      6            -0.206583               -0.296               -0.296             -0.23125              -0.1665              -0.0185   0.11187
issue_comment_pos_sentiment_avg                       float64      5             0.095082                  0.0             0.013375             0.138298             0.138298             0.185437   0.08309
issue_comment_neg_sentiment_avg                       float64      5              0.08633             0.056812             0.059607             0.059607             0.113625                0.142  0.039191
issue_comment_ov_sentiment_avg                        float64      5            -0.147332              -0.5385             -0.36815             0.048745             0.048745               0.0725  0.285916
issue_opened_pos_sentiment_avg                        float64      5              0.00548                  0.0                  0.0                  0.0               0.0137               0.0137  0.007504
issue_opened_neg_sentiment_avg                        float64      5             0.042453                  0.0                  0.0               0.0683               0.0683             0.075667  0.038871
issue_opened_ov_sentiment_avg                         float64      5            -0.059134            -0.119583            -0.088042            -0.088042                  0.0                  0.0  0.055496
pull_request_comment_pos_sentiment_avg                float64      3             0.113361              0.09275             0.108208             0.123667             0.123667             0.123667   0.01785
pull_request_comment_neg_sentiment_avg                float64      3                  0.0                  0.0                  0.0                  0.0                  0.0                  0.0       0.0
pull_request_comment_ov_sentiment_avg                 float64      3             0.164511               0.1346             0.157033             0.179467             0.179467             0.179467  0.025904
pct_merged_with_approved                              float64      3                  0.0                  0.0                  0.0                  0.0                  0.0                  0.0       0.0
pct_merged_with_review                                float64      3                  0.0                  0.0                  0.0                  0.0                  0.0                  0.0       0.0
avg_all_disc_count                                    float64      3             2.666667                  2.0                  2.5                  3.0                  3.0                  3.0   0.57735
avg_pull_request_comment_count                        float64      3             2.666667                  2.0                  2.5                  3.0                  3.0                  3.0   0.57735
avg_all_disc_exclude_opener_count                     float64      3                  1.0                  1.0                  1.0                  1.0                  1.0                  1.0       0.0
avg_pull_request_comment_exclude_opener_count         float64      3                  1.0                  1.0                  1.0                  1.0                  1.0                  1.0       0.0
clustering_coefficient                                float64      9                  0.0                  0.0                  0.0                  0.0                  0.0                  0.0       0.0

