File: drive/output/derived/org_outcomes_practices/repo_discussion_quality/all/rolling5/zalando___zmon.parquet

MD5 hash: e3220b912ee385141dc54b2a0d3e16c5

Keys: time_period 

                                                                type  count                 mean                  min                  25%                  50%                  75%                  max       std
time_period                                           datetime64[ns]     15  2019-08-19 19:12:00  2015-07-01 00:00:00  2017-04-01 12:00:00  2019-01-01 00:00:00  2021-10-01 00:00:00  2025-01-01 00:00:00          
response_rate                                                float64      6              0.36883                  0.0             0.422932             0.428571              0.43323                  0.5  0.183006
mean_days_to_respond                                         float64      5             0.550347             0.019059             0.019493             0.021837             0.125461             2.565885  1.127643
pos_sentiment_avg                                            float64     11             0.107797                  0.0             0.068393              0.12564             0.149186             0.218583  0.067344
neg_sentiment_avg                                            float64     11             0.045848                  0.0             0.018937             0.057667             0.071356             0.080543  0.030941
ov_sentiment_avg                                             float64     11             0.057179               -0.018             0.007709             0.029573             0.120759             0.151212  0.064496
response_rate_pull_request_comment                           float64      5             0.033333                  0.0                  0.0                  0.0                  0.0             0.166667  0.074536
response_rate_pull_request_opened                            float64      6                0.675                  0.0               0.6875                0.775                0.825                  1.0  0.348608
response_rate_pull_request_review_comment                    float64      5             0.357143                  0.0             0.428571             0.428571             0.428571                  0.5  0.202031
mean_days_to_respond_pull_request_opened                     float64      5             0.235594             0.053218             0.079456             0.117627             0.309705             0.617963  0.236249
mean_days_to_respond_pull_request_review_comment             float64      4             0.002631             0.002631             0.002631             0.002631             0.002631             0.002631       0.0
mean_days_to_respond_to_last_comment                         float64      5             0.588443             0.024299             0.025613             0.028225             0.156157             2.707921  1.186164
mean_days_to_respond_pull_request_comment                    float64      1            12.305498            12.305498            12.305498            12.305498            12.305498            12.305498          
pull_request_comment_pos_sentiment_avg                       float64     10             0.306553                  0.0             0.176833             0.349417                0.422               0.5124  0.170452
pull_request_comment_neg_sentiment_avg                       float64     10              0.00525                  0.0                  0.0                  0.0               0.0125                0.015  0.006816
pull_request_comment_ov_sentiment_avg                        float64     10             0.266562                  0.0             0.263535               0.2936             0.321914             0.362142  0.101566
pull_request_opened_pos_sentiment_avg                        float64     11             0.022822                  0.0             0.006387             0.014903             0.039411               0.0536  0.019795
pull_request_opened_neg_sentiment_avg                        float64     11             0.138316                  0.0             0.023317             0.096381             0.225314             0.365333  0.125308
pull_request_opened_ov_sentiment_avg                         float64     11             -0.07105            -0.264767            -0.106566             -0.04603            -0.004056                  0.0  0.081996
pull_request_review_comment_pos_sentiment_avg                float64      6              0.09772              0.08875             0.093643             0.093643             0.093643                0.123  0.012538
pull_request_review_comment_neg_sentiment_avg                float64      6             0.014301                  0.0             0.016607             0.016607             0.016607             0.019375  0.007093
pull_request_review_comment_ov_sentiment_avg                 float64      6             0.031782             0.003992              0.01915              0.01915              0.01915               0.1101  0.038844
pct_merged_with_approved                                     float64      1                  1.0                  1.0                  1.0                  1.0                  1.0                  1.0          
pct_merged_with_review                                       float64      1                  1.0                  1.0                  1.0                  1.0                  1.0                  1.0          
avg_pull_request_comment_count                               float64     11                 1.15                  1.0                  1.0                  1.0                  1.2                  2.0  0.299166
avg_pull_request_review_comment_count                        float64      6             4.661111             0.333333                2.975             4.083333             4.666667                 12.0  3.934487
avg_all_disc_count                                           float64     12             3.551389                  1.0                  1.2             1.666667             4.791667                 14.0  3.763269
avg_pull_request_review_count                                float64      1                  2.0                  2.0                  2.0                  2.0                  2.0                  2.0          
avg_pull_request_comment_exclude_opener_count                float64      9             1.092593             0.833333                  1.0                  1.0                  1.0                  2.0  0.344713
avg_pull_request_review_comment_exclude_opener_count         float64      6             2.683333             0.166667                  1.7             2.333333             2.666667                  7.0  2.306874
avg_all_disc_exclude_opener_count                            float64     10             2.793333                  1.0                  1.0                  2.3                  3.5                  9.0  2.440896
avg_pull_request_review_exclude_opener_count                 float64      1                  2.0                  2.0                  2.0                  2.0                  2.0                  2.0          
clustering_coefficient                                       float64     13                  0.0                  0.0                  0.0                  0.0                  0.0                  0.0       0.0

