File: drive/output/derived/org_outcomes_practices/repo_discussion_quality/all/rolling5/zalando-stups___python-scm-source.parquet

MD5 hash: 99601b548a2649c8023be4a1b3c46983

Keys: time_period 

                                                                type  count                 mean                  min                  25%                  50%                  75%                  max       std
time_period                                           datetime64[ns]      8  2017-04-01 06:00:00  2015-07-01 00:00:00  2016-05-16 12:00:00  2017-04-01 12:00:00  2018-02-15 06:00:00  2019-01-01 00:00:00          
response_rate                                                float64      4             0.663645                  0.6                 0.65             0.675439             0.689084             0.703704  0.045046
mean_days_to_respond                                         float64      4             1.874909             0.026883             0.800962             1.526208             2.600155             4.420339  1.877426
pos_sentiment_avg                                            float64      4             0.093215             0.035113             0.063625             0.102026             0.131616             0.133697  0.047749
neg_sentiment_avg                                            float64      4             0.033739             0.015423             0.027368             0.036824             0.043194             0.045885  0.013686
ov_sentiment_avg                                             float64      4             0.103954             0.050562             0.084326             0.110799             0.130426             0.143656  0.040759
response_rate_issue_comment                                  float64      4             0.441468             0.333333             0.395833             0.430556              0.47619             0.571429  0.098669
response_rate_issue_opened                                   float64      4                  1.0                  1.0                  1.0                  1.0                  1.0                  1.0       0.0
response_rate_pull_request_comment                           float64      3             0.472222                  0.0             0.333333             0.666667             0.708333                 0.75  0.411074
response_rate_pull_request_opened                            float64      3                  1.0                  1.0                  1.0                  1.0                  1.0                  1.0       0.0
response_rate_pull_request_review_comment                    float64      3             0.666667             0.666667             0.666667             0.666667             0.666667             0.666667       0.0
mean_days_to_respond_issue_comment                           float64      4             2.696019             0.060926             2.316218             3.447783             3.827584             3.827584  1.792852
mean_days_to_respond_issue_opened                            float64      4             3.083438             0.006933             0.009129             0.015836             3.090145            12.295149  6.141144
mean_days_to_respond_to_last_comment                         float64      4             0.614255             0.032714              0.39831              0.66714             0.883085             1.090026  0.452157
mean_days_to_respond_pull_request_opened                     float64      3             2.317043             0.997899             1.491293             1.984688             2.976615             3.968542  1.512952
mean_days_to_respond_pull_request_review_comment             float64      3             0.317297             0.317297             0.317297             0.317297             0.317297             0.317297       0.0
mean_days_to_respond_pull_request_comment                    float64      2              0.56416             0.016236             0.290198              0.56416             0.838122             1.112083  0.774881
issue_comment_pos_sentiment_avg                              float64      4             0.084729             0.041304              0.05376             0.088071              0.11904             0.121471  0.041139
issue_comment_neg_sentiment_avg                              float64      4             0.008035             0.004757             0.006129             0.007575              0.00948             0.012232  0.003201
issue_comment_ov_sentiment_avg                               float64      4             0.113134             0.077238             0.105137              0.11669             0.124688              0.14192  0.026787
issue_opened_pos_sentiment_avg                               float64      4             0.042079             0.020667              0.02476             0.038021              0.05534             0.071609  0.023427
issue_opened_neg_sentiment_avg                               float64      4             0.019373             0.012606             0.015758             0.019837             0.023453             0.025212  0.005735
issue_opened_ov_sentiment_avg                                float64      4             0.041923            -0.011682              -0.0075             0.031612             0.081035              0.11615  0.061755
pull_request_comment_pos_sentiment_avg                       float64      3             0.204326                0.188               0.1996               0.2112             0.212489             0.213778  0.014197
pull_request_comment_neg_sentiment_avg                       float64      3             0.046326             0.007867             0.010489             0.013111             0.065556                0.118  0.062127
pull_request_comment_ov_sentiment_avg                        float64      3             0.264454             0.235322             0.235831              0.23634              0.27902               0.3217  0.049579
pull_request_opened_pos_sentiment_avg                        float64      3              0.00255                  0.0                  0.0                  0.0             0.003825              0.00765  0.004417
pull_request_opened_neg_sentiment_avg                        float64      3              0.44575              0.28925             0.406625                0.524                0.524                0.524  0.135533
pull_request_opened_ov_sentiment_avg                         float64      3            -0.264315               -0.296               -0.296               -0.296            -0.248472            -0.200945   0.05488
pull_request_review_comment_pos_sentiment_avg                float64      3             0.172611             0.172611             0.172611             0.172611             0.172611             0.172611       0.0
pull_request_review_comment_neg_sentiment_avg                float64      3             0.014444             0.014444             0.014444             0.014444             0.014444             0.014444       0.0
pull_request_review_comment_ov_sentiment_avg                 float64      3             0.223467             0.223467             0.223467             0.223467             0.223467             0.223467       0.0
avg_all_disc_count                                           float64      3             4.833333                  4.0                 4.25                  4.5                 5.25                  6.0  1.040833
avg_pull_request_comment_count                               float64      3             3.083333                  1.0                2.375                 3.75                4.125                  4.5  1.842779
avg_pull_request_review_comment_count                        float64      3                 1.75                 0.75                1.125                  1.5                 2.25                  3.0  1.145644
avg_all_disc_exclude_opener_count                            float64      3                  4.0                  3.0                  3.5                  4.0                  4.5                  5.0       1.0
avg_pull_request_comment_exclude_opener_count                float64      3             2.833333                  1.0                 2.25                  3.5                 3.75                  4.0  1.607275
avg_pull_request_review_comment_exclude_opener_count         float64      3             1.166667                  0.5                 0.75                  1.0                  1.5                  2.0  0.763763
clustering_coefficient                                       float64      8             0.135515                  0.0             0.141474             0.151884             0.165331             0.185348  0.058813

