File: drive/output/derived/org_outcomes_practices/repo_discussion_quality/all/rolling5/zhengxiaowai___tcping.parquet

MD5 hash: 63dc1e17d056ae94373e20d4602c8df3

Keys: time_period 

                                                         type  count                 mean                  min                  25%                  50%                  75%                  max       std
time_period                                    datetime64[ns]      7  2019-05-11 00:00:00  2017-01-01 00:00:00  2017-10-01 00:00:00  2018-07-01 00:00:00  2020-09-30 12:00:00  2023-01-01 00:00:00          
response_rate                                         float64      1                  0.5                  0.5                  0.5                  0.5                  0.5                  0.5          
mean_days_to_respond                                  float64      1             0.180463             0.180463             0.180463             0.180463             0.180463             0.180463          
pos_sentiment_avg                                     float64      4             0.056752                  0.0             0.013413             0.059755             0.103094               0.1075  0.055739
neg_sentiment_avg                                     float64      4             0.149874             0.015625             0.019531             0.114436             0.244779                0.355  0.163436
ov_sentiment_avg                                      float64      4            -0.035555               -0.296            -0.177618             0.000716             0.142779              0.15235  0.219349
response_rate_pull_request_comment                    float64      1                  0.0                  0.0                  0.0                  0.0                  0.0                  0.0          
response_rate_pull_request_opened                     float64      1                  1.0                  1.0                  1.0                  1.0                  1.0                  1.0          
mean_days_to_respond_pull_request_opened              float64      1             0.180463             0.180463             0.180463             0.180463             0.180463             0.180463          
mean_days_to_respond_to_last_comment                  float64      1             0.180463             0.180463             0.180463             0.180463             0.180463             0.180463          
pull_request_comment_pos_sentiment_avg                float64      2                0.238                0.238                0.238                0.238                0.238                0.238       0.0
pull_request_comment_neg_sentiment_avg                float64      2                  0.0                  0.0                  0.0                  0.0                  0.0                  0.0       0.0
pull_request_comment_ov_sentiment_avg                 float64      2               0.3612               0.3612               0.3612               0.3612               0.3612               0.3612       0.0
pull_request_opened_pos_sentiment_avg                 float64      4             0.029075                  0.0             0.013413             0.030067             0.045729             0.056167  0.025021
pull_request_opened_neg_sentiment_avg                 float64      4              0.15378             0.020833             0.028646             0.119644             0.244779                0.355  0.159292
pull_request_opened_ov_sentiment_avg                  float64      4             -0.08066               -0.296            -0.177618            -0.054687             0.042271             0.082733  0.171612
pct_merged_with_approved                              float64      0                                                                                                                                        
pct_merged_with_review                                float64      0                                                                                                                                        
avg_pull_request_comment_count                        float64      2                  1.0                  1.0                  1.0                  1.0                  1.0                  1.0       0.0
avg_all_disc_count                                    float64      2                  1.0                  1.0                  1.0                  1.0                  1.0                  1.0       0.0
avg_pull_request_comment_exclude_opener_count         float64      2                  1.0                  1.0                  1.0                  1.0                  1.0                  1.0       0.0
avg_all_disc_exclude_opener_count                     float64      2                  1.0                  1.0                  1.0                  1.0                  1.0                  1.0       0.0
clustering_coefficient                                float64      5                  0.0                  0.0                  0.0                  0.0                  0.0                  0.0       0.0

