File: drive/output/derived/org_outcomes_practices/repo_collaboration/all/rolling5/absadiki___pyllamacpp.parquet

MD5 hash: 539034d67fca14542842f5c2402e694c

Keys: time_period 

                                                     type  count                 mean                  min                  25%                  50%                  75%                  max       std
time_period                                datetime64[ns]      3  2023-07-02 00:00:00  2023-01-01 00:00:00  2023-04-01 12:00:00  2023-07-01 00:00:00  2023-10-01 00:00:00  2024-01-01 00:00:00          
avg_members_per_problem                           float64      3             2.254094             2.178571              2.20467             2.230769             2.291855             2.352941  0.089494
pct_members_multiple                              float64      3             0.855096             0.823529             0.840336             0.857143             0.870879             0.884615  0.030594
proj_hhi_discussion_comment                       float64      3             0.349361             0.344298              0.34793             0.351562             0.351892             0.352222  0.004397
proj_hhi_issue_closed                             float64      3             0.363095             0.357143             0.357143             0.357143             0.366071                0.375   0.01031
proj_hhi_issue_comment                            float64      3             0.347488             0.327257             0.341218             0.355179             0.357603             0.360027  0.017687
proj_hhi_issue_opened                             float64      3             0.126918             0.097222             0.109028             0.120833             0.141766             0.162698  0.033159
proj_hhi_pull_request_closed                      float64      3             0.568452                0.375             0.508929             0.642857             0.665179               0.6875  0.169015
proj_hhi_pull_request_comment                     float64      3             0.651111                 0.52                 0.61                  0.7             0.716667             0.733333  0.114762
proj_hhi_pull_request_merged                      float64      3                  1.0                  1.0                  1.0                  1.0                  1.0                  1.0       0.0
proj_hhi_pull_request_opened                      float64      3             0.497672                 0.42             0.449286             0.478571             0.536508             0.594444  0.088777
proj_hhi_pull_request_review                      float64      3             0.722222             0.722222             0.722222             0.722222             0.722222             0.722222       0.0
proj_hhi_pull_request_review_comment              float64      3             0.802469             0.802469             0.802469             0.802469             0.802469             0.802469       0.0
proj_prob_hhi_discussion_comment                  float64      3             0.521272             0.499996             0.514991             0.529985             0.531911             0.533836  0.018526
proj_prob_hhi_issue_comment                       float64      3             0.472195              0.45021             0.466256             0.482302             0.483188             0.484075  0.019061
proj_prob_hhi_pull_request_comment                float64      3                  1.0                  1.0                  1.0                  1.0                  1.0                  1.0       0.0
proj_prob_hhi_pull_request_review                 float64      3             0.777778             0.777778             0.777778             0.777778             0.777778             0.777778       0.0
proj_prob_hhi_pull_request_review_comment         float64      3             0.802469             0.802469             0.802469             0.802469             0.802469             0.802469       0.0
num_active_members                                  Int64      3            10.666667                  3.0                  6.5                 10.0                 14.5                 19.0  8.020806

