File: drive/output/derived/org_outcomes_practices/repo_collaboration/all/rolling5/adafruit___adafruit_circuitpython_vs1053.parquet

MD5 hash: 9ed000ea4254500d95330c840c180600

Keys: time_period 

                                                     type  count                 mean                  min                  25%                  50%                  75%                  max       std
time_period                                datetime64[ns]      8  2021-03-09 06:00:00  2018-07-01 00:00:00  2019-11-16 00:00:00  2021-04-01 12:00:00  2022-02-15 06:00:00  2024-07-01 00:00:00          
avg_members_per_problem                           float64      8             1.774306                 1.25                1.575             1.866667                  2.0             2.111111  0.296436
pct_members_multiple                              float64      8             0.677967                 0.25                0.575             0.683333             0.835859                  1.0  0.235849
proj_hhi_pull_request_merged                      float64      8             0.722082             0.555556             0.581019             0.665179                  0.8                  1.0  0.181645
proj_hhi_pull_request_opened                      float64      8             0.620468             0.485714             0.546591               0.6125               0.6875                 0.75  0.097342
proj_hhi_discussion_comment                       float64      6             0.447836             0.392361             0.394431             0.400641             0.509251             0.555556  0.079678
proj_hhi_issue_closed                             float64      6                  1.0                  1.0                  1.0                  1.0                  1.0                  1.0       0.0
proj_hhi_issue_comment                            float64      6             0.588813              0.38322              0.38322              0.38322             0.845805                  1.0  0.318504
proj_hhi_issue_opened                             float64      5                  1.0                  1.0                  1.0                  1.0                  1.0                  1.0       0.0
proj_hhi_pull_request_closed                      float64      4                  1.0                  1.0                  1.0                  1.0                  1.0                  1.0       0.0
proj_hhi_pull_request_comment                     float64      6             0.544444             0.533333             0.533333             0.544444             0.555556             0.555556  0.012172
proj_hhi_pull_request_review                      float64      5             0.900952             0.733333             0.771429                  1.0                  1.0                  1.0  0.136294
proj_hhi_pull_request_review_comment              float64      2                 0.68                 0.68                 0.68                 0.68                 0.68                 0.68       0.0
proj_prob_hhi_discussion_comment                  float64      6             0.464202             0.404762             0.406593             0.412088             0.529158             0.583333  0.086605
proj_prob_hhi_issue_comment                       float64      6             0.588813              0.38322              0.38322              0.38322             0.845805                  1.0  0.318504
proj_prob_hhi_pull_request_comment                float64      6             0.544444             0.533333             0.533333             0.544444             0.555556             0.555556  0.012172
proj_prob_hhi_pull_request_review                 float64      5              0.91746             0.777778             0.809524                  1.0                  1.0                  1.0  0.113578
proj_prob_hhi_pull_request_review_comment         float64      2                 0.68                 0.68                 0.68                 0.68                 0.68                 0.68       0.0
num_active_members                                  Int64      8                  3.0                  1.0                  2.0                  2.5                  3.0                  8.0   2.13809

