File: drive/output/derived/org_outcomes_practices/repo_collaboration/all/rolling5/alexforencich___cocotbext-axi.parquet

MD5 hash: 2f44315e0d762314585dd89c35ab5b1d

Keys: time_period 

                                                     type  count                 mean                  min                  25%                  50%                  75%                  max       std
time_period                                datetime64[ns]     10  2022-10-01 04:48:00  2020-07-01 00:00:00  2021-08-16 00:00:00  2022-10-01 00:00:00  2023-11-16 00:00:00  2025-01-01 00:00:00          
avg_members_per_problem                           float64     10             2.062124                 1.75              1.98028             2.098646                2.165             2.285714  0.183887
pct_members_multiple                              float64     10              0.79808             0.608696              0.67151             0.791344             0.912222                  1.0  0.149847
proj_hhi_discussion_comment                       float64     10             0.302386              0.23997             0.253962             0.288635             0.346747             0.408163  0.058187
proj_hhi_issue_closed                             float64     10             0.456997             0.321429             0.351282             0.492857             0.520717             0.604396  0.105229
proj_hhi_issue_comment                            float64     10             0.344431             0.273476              0.29627              0.31209             0.365153             0.564444  0.085524
proj_hhi_issue_opened                             float64     10             0.217973             0.169748             0.189336             0.217188             0.242409              0.26828  0.034953
proj_hhi_pull_request_comment                     float64     10             0.369554             0.328788             0.359948             0.360947             0.384722             0.407018  0.022468
proj_hhi_pull_request_merged                      float64     10                  1.0                  1.0                  1.0                  1.0                  1.0                  1.0       0.0
proj_hhi_pull_request_opened                      float64     10             0.815278                0.625             0.714286             0.763889             0.964286                  1.0  0.140076
proj_hhi_pull_request_closed                      float64      8                  1.0                  1.0                  1.0                  1.0                  1.0                  1.0       0.0
proj_hhi_pull_request_review                      float64      5             0.817553             0.802469             0.802469             0.822222             0.822222             0.838384  0.015269
proj_hhi_pull_request_review_comment              float64      5              0.79147             0.747475             0.802469             0.802469             0.802469             0.802469  0.024594
proj_prob_hhi_discussion_comment                  float64     10             0.520567             0.494873             0.501301             0.507538             0.538445              0.56905  0.028004
proj_prob_hhi_issue_comment                       float64     10             0.530093             0.491175             0.501625             0.510743              0.52988             0.684444  0.057161
proj_prob_hhi_pull_request_comment                float64     10             0.482767             0.423077             0.429808             0.470739             0.497222              0.62807  0.064459
proj_prob_hhi_pull_request_review                 float64      5             0.828956             0.814815             0.814815             0.833333             0.833333             0.848485  0.014315
proj_prob_hhi_pull_request_review_comment         float64      5             0.798268             0.753247             0.809524             0.809524             0.809524             0.809524  0.025168
num_active_members                                  Int64     10                  9.6                  5.0                 8.25                  9.0                 11.5                 13.0  2.503331

