File: drive/output/derived/org_outcomes_practices/repo_collaboration/all/rolling5/allure-framework___allure-nose.parquet

MD5 hash: 9c338a2b493bdd815fb0f737ec6bfde4

Keys: time_period 

                                                     type  count                           mean                  min                  25%                  50%                  75%                  max       std
time_period                                datetime64[ns]     13  2018-07-01 18:27:41.538461440  2015-01-01 00:00:00  2016-07-01 00:00:00  2018-01-01 00:00:00  2020-07-01 00:00:00  2023-07-01 00:00:00          
avg_members_per_problem                           float64     13                       1.622426                  1.0                1.375                  1.5                  2.0             2.090909  0.377659
pct_members_multiple                              float64     13                       0.473338                  0.0             0.333333             0.428571             0.647059             0.833333   0.23989
proj_hhi_discussion_comment                       float64     12                       0.483815             0.334222             0.349805             0.435682             0.546875                 0.75  0.159313
proj_hhi_issue_closed                             float64      7                        0.68254             0.555556             0.555556             0.555556             0.777778                  1.0  0.216867
proj_hhi_issue_comment                            float64     12                        0.62243             0.424319             0.437719             0.479612                 0.75                  1.0  0.242644
proj_hhi_issue_opened                             float64     11                       0.599435             0.354545             0.445455             0.583333             0.604167                  1.0  0.217681
proj_hhi_pull_request_merged                      float64      9                            1.0                  1.0                  1.0                  1.0                  1.0                  1.0       0.0
proj_hhi_pull_request_opened                      float64     13                       0.902564             0.666667             0.777778                  1.0                  1.0                  1.0  0.131324
proj_hhi_pull_request_review_comment              float64      5                            1.0                  1.0                  1.0                  1.0                  1.0                  1.0       0.0
proj_hhi_pull_request_comment                     float64     11                       0.638814             0.360947             0.360947             0.555556                  1.0                  1.0  0.302586
proj_hhi_pull_request_closed                      float64      1                            1.0                  1.0                  1.0                  1.0                  1.0                  1.0          
proj_prob_hhi_discussion_comment                  float64     12                       0.667964             0.530303              0.54386             0.594121             0.770833                0.875  0.138198
proj_prob_hhi_issue_comment                       float64     12                        0.65088             0.491111             0.506729             0.586257             0.770833                  1.0  0.167359
proj_prob_hhi_pull_request_review_comment         float64      5                            1.0                  1.0                  1.0                  1.0                  1.0                  1.0       0.0
proj_prob_hhi_pull_request_comment                float64     11                       0.758159             0.584615             0.584615             0.666667                  1.0                  1.0  0.198235
num_active_members                                  Int64     13                       2.846154                  1.0                  1.0                  2.0                  5.0                  6.0  1.908147

