File: drive/output/derived/org_outcomes_practices/repo_collaboration/all/rolling5/alphanome-ai___sec-parser.parquet

MD5 hash: 5f14d4414c903a852d27ededac7068bd

Keys: time_period 

                                              type  count                 mean                  min                  25%                  50%                  75%                  max       std
time_period                         datetime64[ns]      4  2024-04-01 00:00:00  2023-07-01 00:00:00  2023-11-16 00:00:00  2024-04-01 00:00:00  2024-08-16 00:00:00  2025-01-01 00:00:00          
avg_members_per_problem                    float64      4             1.883447             1.864865             1.878554             1.885308             1.890201             1.898305  0.013935
pct_members_multiple                       float64      4             0.735188                0.725             0.728547             0.734995             0.741635             0.745763  0.009507
proj_hhi_discussion_comment                float64      4             0.395235              0.38692             0.389317             0.392723             0.398641             0.408572  0.009543
proj_hhi_issue_closed                      float64      4             0.621374             0.608889             0.618012             0.624415             0.627778             0.627778  0.008907
proj_hhi_issue_comment                     float64      4             0.377737             0.364367               0.3737             0.377974              0.38201             0.390633  0.010769
proj_hhi_issue_opened                      float64      4             0.435292             0.417906             0.427195             0.431714             0.439811             0.459834  0.017647
proj_hhi_pull_request_closed               float64      4             0.467857             0.457143             0.457143             0.457143             0.467857                  0.5  0.021429
proj_hhi_pull_request_comment              float64      4             0.588737             0.574755             0.585753             0.590788             0.593772             0.598616  0.010087
proj_hhi_pull_request_merged               float64      4             0.902814             0.895062             0.899204              0.90307              0.90668             0.910053  0.006455
proj_hhi_pull_request_opened               float64      4             0.322345             0.265306             0.311224             0.332313             0.343433             0.359447  0.040396
proj_hhi_pull_request_review               float64      4                  1.0                  1.0                  1.0                  1.0                  1.0                  1.0       0.0
proj_prob_hhi_discussion_comment           float64      4             0.634135              0.62289             0.630697             0.634872             0.638311             0.643907  0.008718
proj_prob_hhi_issue_comment                float64      4             0.587389             0.582585             0.584698             0.587184             0.589875               0.5926  0.004346
proj_prob_hhi_pull_request_comment         float64      4             0.848129             0.772989             0.804217              0.84898             0.892892             0.921569  0.066836
proj_prob_hhi_pull_request_review          float64      4                  1.0                  1.0                  1.0                  1.0                  1.0                  1.0       0.0
num_active_members                           Int64      4                  8.5                  3.0                 5.25                  7.5                10.75                 16.0  5.567764

