File: drive/output/derived/org_outcomes_practices/repo_collaboration/all/rolling5/ansys___pysystem-coupling.parquet

MD5 hash: 9cf455c389514093ad194679c5059239

Keys: time_period 

                                                     type  count                 mean                  min                  25%                  50%                  75%                  max       std
time_period                                datetime64[ns]      5  2023-12-31 19:12:00  2023-01-01 00:00:00  2023-07-01 00:00:00  2024-01-01 00:00:00  2024-07-01 00:00:00  2025-01-01 00:00:00          
avg_members_per_problem                           float64      5             1.518356             1.466667              1.46875             1.537671              1.55144             1.567251   0.04741
pct_members_multiple                              float64      5              0.42831             0.366667             0.416667             0.438356             0.440329             0.479532  0.041245
proj_hhi_discussion_comment                       float64      5             0.300539             0.216797             0.291212             0.295564             0.314605             0.384517  0.059947
proj_hhi_issue_closed                             float64      5             0.880087             0.757576             0.809524             0.833333                  1.0                  1.0  0.112841
proj_hhi_issue_comment                            float64      5             0.728917                  0.5             0.740741                 0.75             0.820513             0.833333  0.134425
proj_hhi_issue_opened                             float64      5             0.508151                 0.44             0.457143             0.511111               0.5125                 0.62  0.070328
proj_hhi_pull_request_closed                      float64      5             0.896927             0.833252             0.843806             0.865852             0.941725                  1.0  0.071542
proj_hhi_pull_request_comment                     float64      5             0.408837             0.377551             0.390683             0.400078             0.411585             0.464286  0.033419
proj_hhi_pull_request_merged                      float64      5             0.881585             0.834711             0.886173             0.888871             0.896051             0.902119  0.026936
proj_hhi_pull_request_opened                      float64      5             0.654413             0.611374             0.626886             0.639153              0.64755             0.747104  0.053576
proj_hhi_pull_request_review                      float64      5               0.5471             0.417815             0.532245             0.556456             0.557496             0.671487  0.090282
proj_hhi_pull_request_review_comment              float64      5             0.374267             0.328125             0.377915             0.377915               0.3846             0.402778  0.027728
proj_prob_hhi_discussion_comment                  float64      5              0.70255             0.681273             0.685764             0.700535             0.717864             0.727315  0.019914
proj_prob_hhi_issue_comment                       float64      5             0.741453                  0.5                 0.75             0.777778             0.833333             0.846154   0.14062
proj_prob_hhi_pull_request_comment                float64      5             0.790254             0.751701              0.75813             0.788779             0.795518             0.857143    0.0419
proj_prob_hhi_pull_request_review                 float64      5             0.803329             0.759596             0.778625             0.790755             0.815287             0.872381  0.043566
proj_prob_hhi_pull_request_review_comment         float64      5             0.626511             0.578275             0.587035             0.587035             0.671875             0.708333  0.059574
num_active_members                                  Int64      5                  9.4                  6.0                  9.0                 10.0                 11.0                 11.0  2.073644

