File: drive/output/derived/org_outcomes_practices/repo_collaboration/all/rolling5/barseghyanartur___django-elasticsearch-dsl-drf.parquet

MD5 hash: 6ef756cad26004dcc8226c700262bc6c

Keys: time_period 

                                                     type  count                 mean                  min                  25%                  50%                  75%                  max       std
time_period                                datetime64[ns]     16  2021-04-01 06:00:00  2017-07-01 00:00:00  2019-05-16 18:00:00  2021-04-01 12:00:00  2023-02-15 06:00:00  2025-01-01 00:00:00          
avg_members_per_problem                           float64     16             1.784475             1.619048             1.719167              1.77438             1.865539                  2.0  0.107196
pct_members_multiple                              float64     16             0.665547             0.527778             0.597727             0.672646             0.738095             0.791139  0.087138
proj_hhi_discussion_comment                       float64     16             0.389894             0.267094             0.329193             0.366448              0.43908             0.647377  0.089101
proj_hhi_issue_closed                             float64     16             0.723544             0.504545             0.659053             0.725194             0.751171                  1.0  0.132536
proj_hhi_issue_comment                            float64     16              0.39595             0.339726             0.355289             0.379829             0.416375             0.594136  0.061615
proj_hhi_issue_opened                             float64     16             0.203726             0.082846             0.102626             0.166097             0.239031              0.62963  0.147754
proj_hhi_pull_request_comment                     float64     16             0.649797             0.445286             0.504219             0.645388             0.787857                  1.0  0.171379
proj_hhi_pull_request_merged                      float64     14                  1.0                  1.0                  1.0                  1.0                  1.0                  1.0       0.0
proj_hhi_pull_request_opened                      float64     16             0.403318             0.232733             0.304365                  0.4              0.47601                 0.68  0.127868
proj_hhi_pull_request_review_comment              float64     13             0.443223             0.388889             0.388889             0.444444             0.444444             0.555556  0.060168
proj_hhi_pull_request_closed                      float64     10                  1.0                  1.0                  1.0                  1.0                  1.0                  1.0       0.0
proj_hhi_pull_request_review                      float64      9             0.548843              0.40625                0.425                0.425             0.666667                  1.0  0.198549
proj_prob_hhi_discussion_comment                  float64     16             0.611602             0.511966             0.584924             0.601099             0.626235             0.727353   0.05145
proj_prob_hhi_issue_comment                       float64     16              0.60015             0.460256             0.573095             0.588134             0.629575             0.708471  0.058701
proj_prob_hhi_pull_request_comment                float64     16             0.750306             0.565657             0.662382             0.739493                0.845                  1.0  0.123289
proj_prob_hhi_pull_request_review_comment         float64     13              0.50346             0.388889             0.388889             0.555556             0.592593             0.619048  0.098409
proj_prob_hhi_pull_request_review                 float64      9             0.588889                  0.5                  0.5             0.557143             0.557143                  1.0  0.156944
num_active_members                                  Int64     16              14.3125                  2.0                 6.75                 14.5                 21.5                 28.0  8.498774

