File: drive/output/derived/org_outcomes_practices/repo_collaboration/all/rolling5/betamaxpy___betamax.parquet

MD5 hash: 3078650a14ffe00114931e6d2fc325bd

Keys: time_period 

                                                     type  count                 mean                  min                  25%                  50%                  75%                  max       std
time_period                                datetime64[ns]     20  2019-10-01 08:24:00  2015-01-01 00:00:00  2017-05-16 18:00:00  2019-10-01 00:00:00  2022-02-15 06:00:00  2024-07-01 00:00:00          
avg_members_per_problem                           float64     20             1.830948              1.47619              1.67739             1.827839             1.937808              2.20339  0.195024
pct_members_multiple                              float64     20             0.688795             0.428571             0.556266             0.742165             0.789719             0.864407  0.136115
proj_hhi_discussion_comment                       float64     20             0.397655             0.292403             0.344686             0.392664             0.442313                0.545  0.076425
proj_hhi_issue_closed                             float64     20             0.799143                  0.5             0.666667             0.800505             0.958621                  1.0  0.164626
proj_hhi_issue_comment                            float64     20             0.399573             0.284459             0.328357             0.385197             0.432294             0.572222  0.095152
proj_hhi_issue_opened                             float64     20             0.417087             0.176316             0.216305             0.309524             0.535714             0.857143   0.25198
proj_hhi_pull_request_closed                      float64     19             0.760492                  0.5             0.591667             0.740741                  1.0                  1.0  0.206906
proj_hhi_pull_request_comment                     float64     20             0.559829             0.372942             0.405884              0.44127                 0.75                  1.0  0.224567
proj_hhi_pull_request_merged                      float64     20             0.933884                 0.75             0.880952             0.979798                  1.0                  1.0  0.083726
proj_hhi_pull_request_opened                      float64     20             0.467758             0.227273             0.278896             0.385859               0.6875                0.875  0.226225
proj_hhi_pull_request_review_comment              float64     16             0.631347             0.504132             0.545455             0.602451             0.623105                  1.0  0.150195
proj_hhi_pull_request_review                      float64      7                  1.0                  1.0                  1.0                  1.0                  1.0                  1.0       0.0
proj_prob_hhi_discussion_comment                  float64     20             0.589643             0.495886             0.551519             0.588296             0.625381             0.729167  0.063406
proj_prob_hhi_issue_comment                       float64     20             0.568255             0.450059              0.53528              0.57436             0.617396             0.653241  0.065429
proj_prob_hhi_pull_request_comment                float64     20             0.706166             0.548485              0.61379             0.626454             0.723958                  1.0  0.160068
proj_prob_hhi_pull_request_review_comment         float64     16             0.669094             0.504132             0.545455             0.611231              0.75354                  1.0  0.158267
proj_prob_hhi_pull_request_review                 float64      7                  1.0                  1.0                  1.0                  1.0                  1.0                  1.0       0.0
num_active_members                                  Int64     20                  6.8                  2.0                  4.0                  5.5                 9.25                 15.0  3.664912

