File: drive/output/derived/org_outcomes_practices/repo_collaboration/all/rolling5/bpython___curtsies.parquet

MD5 hash: b5ce3c06651cdbbe39af29a8572b1c58

Keys: time_period 

                                                     type  count                           mean                  min                  25%                  50%                  75%                  max       std
time_period                                datetime64[ns]     13  2021-07-29 14:46:09.230769152  2018-01-01 00:00:00  2020-01-01 00:00:00  2021-07-01 00:00:00  2023-07-01 00:00:00  2025-01-01 00:00:00          
avg_members_per_problem                           float64     13                       1.586085             1.428571                  1.5             1.571429             1.679245                 1.75  0.110695
pct_members_multiple                              float64     13                       0.543593             0.357143                  0.5             0.545455             0.622642             0.681818  0.094275
proj_hhi_discussion_comment                       float64     13                       0.594145              0.42619             0.535897             0.569805             0.665276             0.731151  0.090672
proj_hhi_issue_closed                             float64     13                            1.0                  1.0                  1.0                  1.0                  1.0                  1.0       0.0
proj_hhi_issue_comment                            float64     13                       0.584859             0.466667             0.487434             0.516286             0.701587                0.875  0.132709
proj_hhi_issue_opened                             float64     13                        0.60365               0.4375                  0.5             0.633333             0.666667                 0.75  0.104553
proj_hhi_pull_request_closed                      float64     11                       0.764069                0.375             0.517857                  1.0                  1.0                  1.0  0.274382
proj_hhi_pull_request_comment                     float64     13                       0.723705             0.464646             0.480952             0.666667                  1.0                  1.0  0.229604
proj_hhi_pull_request_merged                      float64     13                       0.883071                 0.68             0.871429             0.914286                  1.0                  1.0   0.12366
proj_hhi_pull_request_opened                      float64     13                       0.497693             0.232975             0.279461             0.392857             0.777778                  1.0  0.292909
proj_hhi_pull_request_review_comment              float64     10                       0.909288                  0.5             0.925457              0.95584             0.993056                  1.0  0.150508
proj_hhi_pull_request_review                      float64      7                       0.614286                  0.5                  0.5                  0.6                  0.6                  1.0  0.177281
proj_prob_hhi_discussion_comment                  float64     13                       0.781099              0.64881                 0.75             0.802528             0.811195             0.933333  0.075034
proj_prob_hhi_issue_comment                       float64     13                       0.673714             0.528042             0.583333                  0.6             0.722222                  1.0  0.138905
proj_prob_hhi_pull_request_comment                float64     13                       0.889903             0.772727             0.814286             0.851852                  1.0                  1.0  0.093126
proj_prob_hhi_pull_request_review_comment         float64     10                       0.909288                  0.5             0.925457              0.95584             0.993056                  1.0  0.150508
proj_prob_hhi_pull_request_review                 float64      7                       0.614286                  0.5                  0.5                  0.6                  0.6                  1.0  0.177281
num_active_members                                  Int64     13                       4.692308                  2.0                  3.0                  4.0                  5.0                 12.0  2.810238

