File: drive/output/derived/org_outcomes_practices/repo_collaboration/all/rolling5/canonical___canonical-sphinx-extensions.parquet

MD5 hash: 667a3e42f5060556c326eec2d29fae6a

Keys: time_period 

                                                     type  count                           mean                  min                  25%                  50%                  75%                  max       std
time_period                                datetime64[ns]      7  2023-07-02 03:25:42.857142784  2022-01-01 00:00:00  2022-10-01 00:00:00  2023-07-01 00:00:00  2024-04-01 00:00:00  2025-01-01 00:00:00          
avg_members_per_problem                           float64      7                       1.270712                  1.0             1.166667             1.342857             1.369396                 1.48   0.19104
pct_members_multiple                              float64      7                       0.235876                  0.0             0.142857             0.296296             0.324561                 0.42  0.166931
proj_hhi_pull_request_merged                      float64      7                       0.910384             0.823593             0.842729             0.863636                  1.0                  1.0  0.085063
proj_hhi_pull_request_opened                      float64      7                       0.843953             0.666667              0.81234                 0.86             0.878161                  1.0  0.103089
proj_hhi_discussion_comment                       float64      5                       0.505884                0.375             0.379167             0.386364             0.388889                  1.0  0.276275
proj_hhi_pull_request_closed                      float64      5                            1.0                  1.0                  1.0                  1.0                  1.0                  1.0       0.0
proj_hhi_pull_request_comment                     float64      5                       0.748889             0.566667             0.666667             0.733333             0.777778                  1.0  0.161322
proj_hhi_pull_request_review                      float64      5                       0.652381             0.559524             0.559524             0.571429             0.571429                  1.0  0.194416
proj_hhi_issue_closed                             float64      4                            1.0                  1.0                  1.0                  1.0                  1.0                  1.0       0.0
proj_hhi_issue_comment                            float64      4                       0.527158               0.4599             0.497628             0.538652             0.568182             0.571429  0.052809
proj_hhi_issue_opened                             float64      4                       0.866369             0.590476             0.803869               0.9375                  1.0                  1.0  0.193137
proj_hhi_pull_request_review_comment              float64      4                           0.52                 0.52                 0.52                 0.52                 0.52                 0.52       0.0
proj_prob_hhi_discussion_comment                  float64      5                         0.7913             0.702381             0.735119              0.73545              0.78355                  1.0  0.120206
proj_prob_hhi_pull_request_comment                float64      5                       0.789722             0.666667             0.733333             0.770833             0.777778                  1.0  0.125537
proj_prob_hhi_pull_request_review                 float64      5                       0.872281                  0.8             0.833333             0.833333             0.894737                  1.0  0.079175
proj_prob_hhi_issue_comment                       float64      4                       0.601321             0.510204             0.556122             0.603383             0.648582             0.688312  0.077288
proj_prob_hhi_pull_request_review_comment         float64      4                            1.0                  1.0                  1.0                  1.0                  1.0                  1.0       0.0
num_active_members                                  Int64      7                       3.857143                  1.0                  2.5                  3.0                  5.0                  8.0  2.340126

