File: drive/output/derived/org_outcomes_practices/repo_collaboration/all/rolling5/circus-tent___circus.parquet

MD5 hash: 257820235ea077089841e57b41897658

Keys: time_period 

                                                     type  count                           mean                  min                  25%                  50%                  75%                  max        std
time_period                                datetime64[ns]     21  2019-12-31 17:08:34.285714176  2015-01-01 00:00:00  2017-07-01 00:00:00  2020-01-01 00:00:00  2022-07-01 00:00:00  2025-01-01 00:00:00           
avg_members_per_problem                           float64     21                       2.008942                  1.4             1.815217             2.112676             2.240506             2.360825   0.282239
pct_members_multiple                              float64     21                       0.686709                 0.25             0.585366             0.713115             0.785235             0.911111    0.15333
proj_hhi_discussion_comment                       float64     21                       0.271656              0.20006             0.220138             0.230697             0.304813             0.439341   0.081658
proj_hhi_issue_closed                             float64     21                       0.684592             0.294966             0.549451             0.670139             0.834711                  1.0   0.223208
proj_hhi_issue_comment                            float64     21                       0.327184             0.190632             0.224236             0.250085             0.398148             0.642857   0.147928
proj_hhi_issue_opened                             float64     21                       0.259315             0.060805             0.106196             0.144667             0.330763                 0.75   0.230179
proj_hhi_pull_request_closed                      float64     21                       0.841615                  0.5             0.714286             0.833333                  1.0                  1.0   0.165962
proj_hhi_pull_request_comment                     float64     21                       0.347252             0.284022             0.302755             0.329081             0.363074             0.465021   0.059921
proj_hhi_pull_request_merged                      float64     21                       0.847678             0.666667                 0.75             0.882812             0.922078                  1.0   0.103492
proj_hhi_pull_request_opened                      float64     21                       0.397808             0.082645             0.158722              0.46131             0.566017              0.74256   0.226823
proj_hhi_pull_request_review_comment              float64     21                       0.517459             0.308642             0.418803                  0.5             0.583333                  1.0   0.160696
proj_hhi_pull_request_review                      float64     10                       0.593401                0.375             0.546389             0.589271             0.649265             0.809524   0.123559
proj_prob_hhi_discussion_comment                  float64     21                       0.538162              0.42246             0.511652             0.525418             0.563176             0.626667   0.046018
proj_prob_hhi_issue_comment                       float64     21                       0.567478             0.348485             0.489376             0.573654             0.615729             0.755556   0.099896
proj_prob_hhi_pull_request_comment                float64     21                       0.577321             0.493023             0.534507             0.559634             0.603014             0.683951   0.063967
proj_prob_hhi_pull_request_review_comment         float64     21                       0.627128             0.444444             0.512821             0.571429             0.666667                  1.0   0.155833
proj_prob_hhi_pull_request_review                 float64     10                       0.822039             0.666667             0.726364             0.762957             0.970588                  1.0   0.135983
num_active_members                                  Int64     21                      14.714286                  1.0                  6.0                 11.0                 22.0                 36.0  11.424285

