File: drive/output/derived/org_outcomes_practices/repo_collaboration/all/rolling5/click-contrib___click-man.parquet

MD5 hash: 38929fea6a1135b0ecc8ebc611af8055

Keys: time_period 

                                              type  count                 mean                  min                  25%                  50%                  75%                  max       std
time_period                         datetime64[ns]     18  2020-09-30 16:00:00  2016-07-01 00:00:00  2018-08-16 00:00:00  2020-10-01 00:00:00  2022-11-16 00:00:00  2025-01-01 00:00:00          
avg_members_per_problem                    float64     18             1.588794                  1.0             1.453008             1.651087             1.743056             2.142857  0.290546
pct_members_multiple                       float64     18             0.514138                  0.0             0.438095             0.563492             0.679087             0.785714  0.223647
proj_hhi_issue_opened                      float64     18             0.653331             0.394444              0.47987               0.6125               0.7875                  1.0  0.207338
proj_hhi_discussion_comment                float64     17             0.538545             0.223684             0.399621                  0.5             0.662338                  1.0  0.196142
proj_hhi_issue_closed                      float64     17             0.885014             0.666667             0.733333                  1.0                  1.0                  1.0  0.144553
proj_hhi_issue_comment                     float64     17             0.601859             0.185185             0.428571             0.524203                 0.75                  1.0  0.254283
proj_hhi_pull_request_comment              float64     17             0.607867             0.371429             0.418182             0.533333             0.657143                  1.0  0.238276
proj_hhi_pull_request_merged               float64     17                  1.0                  1.0                  1.0                  1.0                  1.0                  1.0       0.0
proj_hhi_pull_request_opened               float64     17             0.499955             0.333333                0.375                  0.5             0.571429             0.833333  0.150456
proj_hhi_pull_request_closed               float64      8                  1.0                  1.0                  1.0                  1.0                  1.0                  1.0       0.0
proj_hhi_pull_request_review               float64      7             0.879365             0.555556                  0.8                  1.0                  1.0                  1.0  0.206422
proj_prob_hhi_discussion_comment           float64     17             0.731002             0.445614             0.590476             0.697436             0.897436                  1.0  0.173322
proj_prob_hhi_issue_comment                float64     17             0.750731             0.444444             0.611111             0.754545             0.866667                  1.0  0.174764
proj_prob_hhi_pull_request_comment         float64     17             0.702009             0.446667                0.575             0.657143                  0.8                  1.0  0.187017
proj_prob_hhi_pull_request_review          float64      7             0.891429                  0.6                 0.82                  1.0                  1.0                  1.0   0.18578
num_active_members                           Int64     18             3.944444                  1.0                  2.0                  4.5                  6.0                  8.0  2.312936

