File: drive/output/derived/org_outcomes_practices/repo_collaboration/all/rolling5/cloudtools___sha256.parquet

MD5 hash: 5d2bc07bce5f3a025bda9e8becd3f5d8

Keys: time_period 

                                                     type  count                 mean                  min                  25%                  50%                  75%                  max       std
time_period                                datetime64[ns]      4  2020-05-16 18:00:00  2015-07-01 00:00:00  2018-11-15 18:00:00  2020-12-31 12:00:00  2022-07-02 12:00:00  2024-01-01 00:00:00          
avg_members_per_problem                           float64      4             2.208333                  2.0                  2.0             2.166667                2.375                  2.5      0.25
pct_members_multiple                              float64      4                  1.0                  1.0                  1.0                  1.0                  1.0                  1.0       0.0
proj_hhi_pull_request_merged                      float64      4                  1.0                  1.0                  1.0                  1.0                  1.0                  1.0       0.0
proj_hhi_pull_request_opened                      float64      4                  1.0                  1.0                  1.0                  1.0                  1.0                  1.0       0.0
proj_hhi_discussion_comment                       float64      3               0.5375                  0.5                0.525                 0.55              0.55625               0.5625  0.033072
proj_hhi_issue_closed                             float64      3                  1.0                  1.0                  1.0                  1.0                  1.0                  1.0       0.0
proj_hhi_issue_opened                             float64      3                  1.0                  1.0                  1.0                  1.0                  1.0                  1.0       0.0
proj_hhi_pull_request_comment                     float64      3             0.541667                  0.5                  0.5                  0.5               0.5625                0.625  0.072169
proj_hhi_issue_comment                            float64      2                0.625                0.625                0.625                0.625                0.625                0.625       0.0
proj_hhi_pull_request_review                      float64      1                  0.5                  0.5                  0.5                  0.5                  0.5                  0.5          
proj_hhi_pull_request_review_comment              float64      1                  0.5                  0.5                  0.5                  0.5                  0.5                  0.5          
proj_prob_hhi_discussion_comment                  float64      3             0.546429                  0.5                0.525                 0.55             0.569643             0.589286   0.04475
proj_prob_hhi_pull_request_comment                float64      3             0.555556                  0.5                  0.5                  0.5             0.583333             0.666667  0.096225
proj_prob_hhi_issue_comment                       float64      2                0.625                0.625                0.625                0.625                0.625                0.625       0.0
proj_prob_hhi_pull_request_review                 float64      1                  0.5                  0.5                  0.5                  0.5                  0.5                  0.5          
proj_prob_hhi_pull_request_review_comment         float64      1                  0.5                  0.5                  0.5                  0.5                  0.5                  0.5          
num_active_members                                  Int64      4                 2.25                  2.0                  2.0                  2.0                 2.25                  3.0       0.5

