File: drive/output/derived/org_outcomes_practices/repo_collaboration/all/rolling5/codeinthehole___django-cacheback.parquet

MD5 hash: a3c5d5983fe869681ed96f0876704c1e

Keys: time_period 

                                                     type  count                           mean                  min                  25%                  50%                  75%                  max       std
time_period                                datetime64[ns]     14  2019-02-21 17:08:34.285714176  2015-01-01 00:00:00  2016-08-16 00:00:00  2018-10-01 00:00:00  2021-08-16 18:00:00  2024-07-01 00:00:00          
avg_members_per_problem                           float64     14                       1.925979                  1.2             1.835565             1.966667             2.122415             2.384615  0.312856
pct_members_multiple                              float64     14                       0.778755                  0.2             0.752976              0.84977             0.896591                  1.0  0.215173
proj_hhi_discussion_comment                       float64     14                        0.43571             0.253772             0.318345             0.405219              0.46734                  1.0   0.18848
proj_hhi_issue_comment                            float64     13                        0.47645             0.239669             0.389098                  0.5             0.509158                  1.0  0.187261
proj_hhi_issue_opened                             float64     13                        0.46466             0.272727             0.333333               0.4375                  0.5                  1.0  0.205221
proj_hhi_pull_request_closed                      float64     12                       0.842593                  0.5             0.708333             0.888889                  1.0                  1.0  0.177305
proj_hhi_pull_request_comment                     float64     14                       0.539742             0.347013               0.3922             0.439226              0.59899                  1.0  0.216991
proj_hhi_pull_request_merged                      float64     14                       0.941273                 0.75             0.881579                  1.0                  1.0                  1.0  0.098083
proj_hhi_pull_request_opened                      float64     14                       0.466185             0.198571             0.260714              0.52381             0.608333                 0.75  0.213003
proj_hhi_pull_request_review_comment              float64      9                        0.66319             0.387755             0.471429                  0.5                  1.0                  1.0  0.262951
proj_hhi_issue_closed                             float64     12                       0.850129                 0.65                0.755             0.799107                  1.0                  1.0  0.138606
proj_hhi_pull_request_review                      float64      3                            1.0                  1.0                  1.0                  1.0                  1.0                  1.0       0.0
proj_prob_hhi_discussion_comment                  float64     14                       0.634217             0.505747             0.543352             0.582428             0.699004                  1.0  0.136471
proj_prob_hhi_issue_comment                       float64     13                       0.639936             0.454945             0.529617             0.546032              0.74359                  1.0  0.183505
proj_prob_hhi_pull_request_comment                float64     14                       0.663548             0.519298             0.575989             0.603401             0.687152                  1.0  0.154557
proj_prob_hhi_pull_request_review_comment         float64      9                        0.66319             0.387755             0.471429                  0.5                  1.0                  1.0  0.262951
proj_prob_hhi_pull_request_review                 float64      3                            1.0                  1.0                  1.0                  1.0                  1.0                  1.0       0.0
num_active_members                                  Int64     14                       4.714286                  1.0                 2.25                  4.5                  5.0                 12.0  3.196839

