File: drive/output/derived/org_outcomes_practices/repo_collaboration/all/rolling5/conda___conda-package-streaming.parquet

MD5 hash: b9a0867242e3c3ff7b52fd165c40cbc1

Keys: time_period 

                                                     type  count                           mean                  min                  25%                  50%                  75%                  max       std
time_period                                datetime64[ns]      7  2023-07-02 03:25:42.857142784  2022-01-01 00:00:00  2022-10-01 00:00:00  2023-07-01 00:00:00  2024-04-01 00:00:00  2025-01-01 00:00:00          
avg_members_per_problem                           float64      7                       1.522963                  1.0             1.537868             1.603774             1.652778             1.675676  0.239078
pct_members_multiple                              float64      7                       0.300227                  0.0             0.321509             0.358491             0.361806             0.376471  0.135164
proj_hhi_issue_opened                             float64      7                       0.743489              0.45873             0.680233             0.758547             0.813339                  1.0  0.171144
proj_hhi_discussion_comment                       float64      6                       0.367341                 0.32             0.367001             0.373208             0.381213             0.388815  0.024708
proj_hhi_issue_closed                             float64      6                       0.947874             0.845679             0.908951             0.972222                  1.0                  1.0  0.065089
proj_hhi_issue_comment                            float64      6                       0.334254             0.219955             0.262271             0.276604             0.355065             0.593651  0.137383
proj_hhi_pull_request_closed                      float64      6                       0.827513                  0.6             0.662698             0.861111                  1.0                  1.0  0.192977
proj_hhi_pull_request_comment                     float64      6                       0.520775             0.444444             0.505969             0.525099             0.543771              0.58042  0.046213
proj_hhi_pull_request_merged                      float64      6                       0.629194             0.465801              0.52811             0.589116             0.614796                  1.0  0.190556
proj_hhi_pull_request_opened                      float64      6                       0.555588             0.292411             0.427686             0.570246             0.656872             0.834711  0.196204
proj_hhi_pull_request_review                      float64      6                       0.358882             0.311721             0.327135             0.357126             0.391363             0.407407  0.039718
proj_hhi_pull_request_review_comment              float64      6                       0.472889              0.39267             0.442934             0.486759             0.505368              0.53125  0.051854
proj_prob_hhi_discussion_comment                  float64      6                       0.568813             0.544312             0.560276             0.568337             0.575094             0.596956  0.017753
proj_prob_hhi_issue_comment                       float64      6                       0.586295             0.492063             0.549111             0.551282              0.57861             0.787037  0.103022
proj_prob_hhi_pull_request_comment                float64      6                       0.669011             0.631687             0.653361             0.667832             0.684343             0.708333  0.027731
proj_prob_hhi_pull_request_review                 float64      6                       0.657904             0.582049             0.647146             0.657965             0.663364             0.740741  0.050714
proj_prob_hhi_pull_request_review_comment         float64      6                        0.54991             0.515873             0.532957              0.54026             0.545722                0.625  0.038375
num_active_members                                  Int64      7                       7.857143                  1.0                  7.0                  8.0                  9.0                 14.0  3.848314

