File: drive/output/derived/org_outcomes_practices/repo_collaboration/all/rolling5/diamondlightsource___python-workflows.parquet

MD5 hash: f4282a9cff85b1985149f50f9e45135d

Keys: time_period 

                                                     type  count                 mean                  min                  25%                  50%                  75%                  max       std
time_period                                datetime64[ns]     18  2020-09-30 16:00:00  2016-07-01 00:00:00  2018-08-16 00:00:00  2020-10-01 00:00:00  2022-11-16 00:00:00  2025-01-01 00:00:00          
avg_members_per_problem                           float64     18             1.217574                  1.0                  1.0              1.27587             1.330757               1.6875  0.190598
pct_members_multiple                              float64     18             0.196569                  0.0                  0.0             0.260417             0.310372                0.625  0.178799
proj_hhi_issue_closed                             float64     17              0.85561              0.54375               0.6375                  1.0                  1.0                  1.0  0.187111
proj_hhi_issue_opened                             float64     18                  1.0                  1.0                  1.0                  1.0                  1.0                  1.0       0.0
proj_hhi_discussion_comment                       float64     17             0.587731             0.351207             0.402188             0.520988             0.822222                  1.0  0.228055
proj_hhi_issue_comment                            float64     14             0.792698                 0.52                  0.6             0.822222             0.966667                  1.0  0.177055
proj_hhi_pull_request_opened                      float64     14             0.646803             0.413742             0.448521             0.498985             0.965385                  1.0  0.255561
proj_hhi_pull_request_comment                     float64     12             0.594831             0.436903             0.533613             0.578697             0.665385             0.758299  0.098386
proj_hhi_pull_request_merged                      float64     12             0.851309             0.686023             0.742076              0.78869                  1.0                  1.0  0.134059
proj_hhi_pull_request_review_comment              float64     12             0.570543             0.507436               0.5172             0.549837             0.605327             0.695299  0.064112
proj_hhi_pull_request_closed                      float64     10             0.727945             0.486111             0.561553             0.643704             0.958333                  1.0  0.209287
proj_hhi_pull_request_review                      float64      9             0.521993             0.454505             0.468005             0.484977             0.551948                 0.68  0.081011
proj_prob_hhi_discussion_comment                  float64     17             0.798897             0.550617             0.680392             0.795022                  1.0                  1.0  0.161746
proj_prob_hhi_issue_comment                       float64     14             0.851429                 0.52                  0.6                  1.0                  1.0                  1.0  0.207804
proj_prob_hhi_pull_request_comment                float64     12             0.775062                  0.5             0.763072             0.801779             0.846154             0.901639  0.119034
proj_prob_hhi_pull_request_review_comment         float64     12             0.653481             0.507436             0.543526             0.630564             0.717254             0.888889   0.12999
proj_prob_hhi_pull_request_review                 float64      9             0.731576                0.625             0.677273             0.713514             0.726923                  1.0  0.108636
num_active_members                                  Int64     18             3.555556                  1.0                  2.0                  3.0                 4.75                  9.0  2.175322

