File: drive/output/derived/org_outcomes_practices/repo_collaboration/all/rolling5/drakkar-software___octobot-trading.parquet

MD5 hash: 11f5123ab1d6e535aaf44d6f0dbd40da

Keys: time_period 

                                                     type  count                           mean                  min                  25%                  50%                  75%                  max       std
time_period                                datetime64[ns]     13  2021-12-31 05:32:18.461538560  2019-01-01 00:00:00  2020-07-01 00:00:00  2022-01-01 00:00:00  2023-07-01 00:00:00  2025-01-01 00:00:00          
avg_members_per_problem                           float64     13                        1.63654                  1.0             1.429907             1.632258               1.9599             1.970588  0.337342
pct_members_multiple                              float64     13                       0.612472                  0.0             0.429907             0.627419             0.899749             0.914216   0.31443
proj_hhi_discussion_comment                       float64     13                       0.494798             0.421418             0.436381              0.46059             0.466777                  1.0  0.153356
proj_hhi_pull_request_closed                      float64     13                       0.668864             0.509804             0.578214             0.615556             0.692308                  1.0  0.162228
proj_hhi_pull_request_comment                     float64     13                       0.492023             0.388553             0.418997             0.449003             0.466667                  1.0  0.159529
proj_hhi_pull_request_merged                      float64     13                       0.743871             0.524563             0.534447             0.716527             0.966619                  1.0  0.207738
proj_hhi_pull_request_opened                      float64     13                       0.653775             0.448178             0.458339             0.601089             0.813765                  1.0  0.197003
proj_hhi_issue_closed                             float64     12                        0.96123             0.866667             0.927826                  1.0                  1.0                  1.0  0.051909
proj_hhi_issue_comment                            float64     10                       0.631912                  0.5             0.571429             0.604003             0.642857                  1.0  0.142583
proj_hhi_issue_opened                             float64     10                       0.651365             0.333333             0.446429             0.729696             0.829716             0.889273  0.215855
proj_hhi_pull_request_review_comment              float64     12                       0.483522             0.441949             0.459691             0.500635             0.502074             0.509115  0.025199
proj_hhi_pull_request_review                      float64     10                       0.509819             0.456411             0.482624             0.507056             0.516376             0.638685  0.050506
proj_prob_hhi_discussion_comment                  float64     13                       0.632305             0.537212             0.561424             0.614145             0.646228                  1.0  0.117823
proj_prob_hhi_pull_request_comment                float64     13                        0.77012             0.620946             0.637067                  0.8             0.848432                  1.0  0.122797
proj_prob_hhi_issue_comment                       float64     10                       0.715629                  0.5             0.666667             0.717033                 0.75                  1.0  0.129409
proj_prob_hhi_pull_request_review_comment         float64     12                       0.601712             0.543154             0.566969             0.608213             0.640187             0.644918  0.039449
proj_prob_hhi_pull_request_review                 float64     10                       0.725347              0.64202             0.659064             0.710908             0.785892             0.858848  0.077183
num_active_members                                  Int64     13                       3.692308                  2.0                  2.0                  3.0                  5.0                  7.0  1.750458

