File: drive/output/derived/org_outcomes_practices/repo_collaboration/all/rolling5/duburcqa___jiminy.parquet

MD5 hash: eac3d8ee55f9df8607b028c682926285

Keys: time_period 

                                                     type  count                 mean                  min                  25%                  50%                  75%                  max       std
time_period                                datetime64[ns]     12  2022-04-01 12:00:00  2019-07-01 00:00:00  2020-11-16 00:00:00  2022-04-01 12:00:00  2023-08-16 00:00:00  2025-01-01 00:00:00          
avg_members_per_problem                           float64     12             1.111178                  1.0              1.09709             1.109777             1.135801             1.182432  0.044208
pct_members_multiple                              float64     12              0.10793                  0.0             0.090321             0.106918             0.131113             0.182432   0.04415
proj_hhi_pull_request_closed                      float64     12             0.792275             0.618182             0.673764             0.777353             0.881198                  1.0  0.136179
proj_hhi_pull_request_merged                      float64     12             0.996272             0.982493             0.994084                  1.0                  1.0                  1.0  0.005534
proj_hhi_pull_request_opened                      float64     12             0.866348             0.781437             0.818627             0.871652             0.889586                  1.0   0.05804
proj_hhi_discussion_comment                       float64     11             0.615136             0.542703             0.581511             0.612184             0.652429             0.679132  0.044466
proj_hhi_issue_closed                             float64     11             0.895226             0.761061              0.85222             0.889736             0.948583                  1.0  0.077316
proj_hhi_issue_comment                            float64     11             0.634176             0.574074             0.595769             0.630987             0.657543             0.750577  0.052007
proj_hhi_issue_opened                             float64     11             0.699231             0.593036             0.661081             0.698646             0.741765             0.796296  0.060069
proj_hhi_pull_request_comment                     float64     11             0.649105             0.508722             0.583407              0.62795              0.72727             0.822464  0.100052
proj_hhi_pull_request_review_comment              float64     11             0.652776             0.568563             0.595109             0.608307             0.697427             0.834902  0.080848
proj_hhi_pull_request_review                      float64     10             0.509863             0.456528              0.46743             0.507333             0.520514             0.660494  0.059972
proj_prob_hhi_discussion_comment                  float64     11             0.695513             0.610941             0.663062             0.684376             0.731301             0.775088  0.051848
proj_prob_hhi_issue_comment                       float64     11              0.74474             0.695866             0.714138             0.751977             0.761109             0.819802  0.036801
proj_prob_hhi_pull_request_comment                float64     11             0.730227             0.606289             0.665213             0.678974              0.80506             0.913043  0.106457
proj_prob_hhi_pull_request_review_comment         float64     11             0.699397             0.636109             0.664621             0.671249             0.725796             0.842353  0.064146
proj_prob_hhi_pull_request_review                 float64     10             0.581398             0.549616             0.550813             0.566534             0.586696             0.706173   0.04761
num_active_members                                  Int64     12                 4.25                  1.0                  3.0                  4.0                  6.0                  8.0  2.094365

