File: drive/output/derived/org_outcomes_practices/repo_collaboration/all/rolling5/eleutherai___best-download.parquet

MD5 hash: ebcd59401334771630751108121f5a99

Keys: time_period 

                                              type  count                 mean                  min                  25%                  50%                  75%                  max       std
time_period                         datetime64[ns]      3  2022-07-02 00:00:00  2021-01-01 00:00:00  2022-01-01 00:00:00  2023-01-01 00:00:00  2023-04-01 12:00:00  2023-07-01 00:00:00          
avg_members_per_problem                    float64      3             2.138889                 1.75                1.875                  2.0             2.333333             2.666667  0.473853
pct_members_multiple                       float64      3             0.916667                 0.75                0.875                  1.0                  1.0                  1.0  0.144338
proj_hhi_discussion_comment                float64      3                  0.8                  0.4                  0.7                  1.0                  1.0                  1.0   0.34641
proj_hhi_issue_closed                      float64      3                  1.0                  1.0                  1.0                  1.0                  1.0                  1.0       0.0
proj_hhi_issue_comment                     float64      2                  1.0                  1.0                  1.0                  1.0                  1.0                  1.0       0.0
proj_hhi_issue_opened                      float64      3                  1.0                  1.0                  1.0                  1.0                  1.0                  1.0       0.0
proj_hhi_pull_request_merged               float64      3                  1.0                  1.0                  1.0                  1.0                  1.0                  1.0       0.0
proj_hhi_pull_request_opened               float64      3                  1.0                  1.0                  1.0                  1.0                  1.0                  1.0       0.0
proj_hhi_pull_request_review               float64      2                  1.0                  1.0                  1.0                  1.0                  1.0                  1.0       0.0
proj_hhi_pull_request_comment              float64      2                  0.7                  0.4                 0.55                  0.7                 0.85                  1.0  0.424264
proj_prob_hhi_discussion_comment           float64      3                  0.8                  0.4                  0.7                  1.0                  1.0                  1.0   0.34641
proj_prob_hhi_issue_comment                float64      2                  1.0                  1.0                  1.0                  1.0                  1.0                  1.0       0.0
proj_prob_hhi_pull_request_review          float64      2                  1.0                  1.0                  1.0                  1.0                  1.0                  1.0       0.0
proj_prob_hhi_pull_request_comment         float64      2                  0.7                  0.4                 0.55                  0.7                 0.85                  1.0  0.424264
num_active_members                           Int64      3             3.666667                  3.0                  3.0                  3.0                  4.0                  5.0  1.154701

