File: drive/output/derived/org_outcomes_practices/repo_collaboration/all/rolling5/enpaul___tox-poetry-installer.parquet

MD5 hash: fd4f2a9404c7dd55651cc380d4575526

Keys: time_period 

                                                     type  count                 mean                  min                  25%                  50%                  75%                  max       std
time_period                                datetime64[ns]      8  2022-04-24 06:00:00  2020-07-01 00:00:00  2021-05-16 18:00:00  2022-04-01 12:00:00  2023-02-15 06:00:00  2024-07-01 00:00:00          
avg_members_per_problem                           float64      8             1.514033             1.298246             1.324027             1.404752             1.677574             1.923077  0.245103
pct_members_multiple                              float64      8             0.362885             0.280702             0.303919             0.327483             0.430211                  0.5  0.083933
proj_hhi_discussion_comment                       float64      8             0.411854             0.370957               0.3924             0.417281             0.424678             0.455358  0.027071
proj_hhi_issue_closed                             float64      8              0.83689             0.691176             0.803819             0.845696             0.856705                  1.0  0.087354
proj_hhi_issue_comment                            float64      8             0.402969             0.332407             0.368087             0.419315             0.434466             0.448372  0.041774
proj_hhi_issue_opened                             float64      8             0.340396             0.264069             0.315339               0.3292             0.357893             0.428571  0.051691
proj_hhi_pull_request_comment                     float64      8             0.441549              0.32967             0.402211             0.453061                  0.5                  0.5   0.06687
proj_hhi_pull_request_merged                      float64      8                  1.0                  1.0                  1.0                  1.0                  1.0                  1.0       0.0
proj_hhi_pull_request_opened                      float64      8             0.875221             0.574074             0.793087             0.967949                  1.0                  1.0  0.172343
proj_hhi_pull_request_closed                      float64      5                  1.0                  1.0                  1.0                  1.0                  1.0                  1.0       0.0
proj_hhi_pull_request_review                      float64      6              0.55948             0.479167             0.541539             0.555499             0.561249             0.666667  0.060818
proj_hhi_pull_request_review_comment              float64      6             0.617966             0.555556             0.572236             0.597304              0.64464             0.733333  0.066873
proj_prob_hhi_discussion_comment                  float64      8             0.548293             0.494118             0.527621             0.554078             0.572327             0.581845  0.031071
proj_prob_hhi_issue_comment                       float64      8             0.566921             0.527778             0.559387             0.573226             0.576285             0.593537  0.019726
proj_prob_hhi_pull_request_comment                float64      8             0.481242             0.410256             0.480159             0.490476                  0.5                  0.5  0.030375
proj_prob_hhi_pull_request_review                 float64      6             0.577426             0.526042             0.552951             0.562004              0.58893             0.666667  0.049277
proj_prob_hhi_pull_request_review_comment         float64      6             0.631838             0.555556              0.58958             0.615186             0.671836             0.733333  0.066569
num_active_members                                  Int64      8                5.875                  3.0                  3.0                  4.5                  7.5                 13.0  3.603074

