File: drive/output/derived/org_outcomes_practices/repo_collaboration/all/rolling5/eralchemy___eralchemy.parquet

MD5 hash: 64c1a347a9072ecd4621ea0050af8653

Keys: time_period 

                                                     type  count                           mean                  min                  25%                  50%                  75%                  max       std
time_period                                datetime64[ns]     21  2019-12-31 17:08:34.285714176  2015-01-01 00:00:00  2017-07-01 00:00:00  2020-01-01 00:00:00  2022-07-01 00:00:00  2025-01-01 00:00:00          
avg_members_per_problem                           float64     21                       1.822198             1.647059             1.741935                1.775             1.857143                 2.25  0.148169
pct_members_multiple                              float64     21                       0.569297             0.264706                  0.4             0.510638             0.731707                  1.0   0.19978
proj_hhi_discussion_comment                       float64     21                       0.327389             0.172043              0.21328             0.300772             0.437951              0.62963  0.136195
proj_hhi_issue_closed                             float64     17                       0.948278             0.552913                  1.0                  1.0                  1.0                  1.0  0.146029
proj_hhi_issue_comment                            float64     21                       0.353889                  0.2             0.238095             0.333333             0.482879              0.59375  0.130921
proj_hhi_issue_opened                             float64     21                       0.397494             0.263889             0.333333             0.363636             0.469697             0.555556  0.096469
proj_hhi_pull_request_comment                     float64     21                       0.473627             0.299107             0.365079             0.486114             0.528366                  1.0  0.151947
proj_hhi_pull_request_merged                      float64     18                       0.945341                  0.5                  1.0                  1.0                  1.0                  1.0  0.159107
proj_hhi_pull_request_opened                      float64     21                       0.509009               0.3375                  0.4              0.45098             0.545455                  1.0  0.181715
proj_hhi_pull_request_closed                      float64     20                       0.819955             0.433824                  0.5                  1.0                  1.0                  1.0  0.252165
proj_hhi_pull_request_review_comment              float64     12                       0.454616             0.357143             0.438017             0.438017             0.510204             0.510204  0.057072
proj_hhi_pull_request_review                      float64      2                         0.3376               0.3376               0.3376               0.3376               0.3376               0.3376       0.0
proj_prob_hhi_discussion_comment                  float64     21                       0.546301             0.338638                  0.5             0.569211             0.589524             0.650794  0.070892
proj_prob_hhi_issue_comment                       float64     21                       0.531588              0.29304             0.454545             0.555856             0.603175             0.680272  0.092924
proj_prob_hhi_pull_request_comment                float64     21                       0.607582             0.458333             0.538462             0.577778             0.631699                  1.0  0.120245
proj_prob_hhi_pull_request_review_comment         float64     12                       0.552592              0.52381              0.52381             0.563636             0.563636             0.596939  0.028099
proj_prob_hhi_pull_request_review                 float64      2                           0.74                 0.74                 0.74                 0.74                 0.74                 0.74       0.0
num_active_members                                  Int64     21                       7.190476                  3.0                  5.0                  6.0                  9.0                 15.0  3.709704

