File: drive/output/derived/org_outcomes_practices/repo_collaboration/all/rolling5/fetchai___cosmpy.parquet

MD5 hash: 857546288ed6b73cecc9c26ed587a6e6

Keys: time_period 

                                                     type  count                 mean                  min                  25%                  50%                  75%                  max       std
time_period                                datetime64[ns]      8  2023-04-01 18:00:00  2021-07-01 00:00:00  2022-05-16 18:00:00  2023-04-01 12:00:00  2024-02-15 12:00:00  2025-01-01 00:00:00          
avg_members_per_problem                           float64      8             1.872945             1.722222              1.83141              1.89572             1.922655             1.958333   0.07645
pct_members_multiple                              float64      8             0.663843             0.615385             0.649901             0.663912             0.676911               0.7125  0.029811
proj_hhi_discussion_comment                       float64      8             0.303053             0.175752             0.266116             0.287629             0.303572             0.510592  0.096601
proj_hhi_issue_opened                             float64      8             0.322558              0.25729             0.268605             0.282992             0.297796                0.625  0.123143
proj_hhi_pull_request_comment                     float64      8             0.408417             0.237237             0.261952             0.269677             0.398699                  1.0  0.279758
proj_hhi_pull_request_merged                      float64      8             0.517323             0.498667             0.507574             0.516416              0.52297                 0.54  0.013541
proj_hhi_pull_request_opened                      float64      8             0.231545             0.138662             0.222083             0.226171             0.257396             0.297956  0.046269
proj_hhi_pull_request_review                      float64      8             0.385747             0.220944               0.3379             0.348225             0.407461             0.647829   0.12618
proj_hhi_pull_request_review_comment              float64      8             0.378203             0.201289             0.329535             0.342417             0.473527             0.514706  0.106812
proj_hhi_issue_closed                             float64      7             0.663388              0.34375             0.693326             0.699153             0.727273             0.759615  0.143622
proj_hhi_issue_comment                            float64      7             0.376033              0.22449             0.379265             0.408647             0.413058             0.414448  0.070657
proj_hhi_pull_request_closed                      float64      7             0.359259             0.291667             0.325489             0.335526             0.368321                  0.5    0.0681
proj_prob_hhi_discussion_comment                  float64      8             0.628321             0.575874             0.606754             0.610134             0.657257             0.685337  0.039621
proj_prob_hhi_pull_request_comment                float64      8              0.78259             0.701024             0.715629              0.72042             0.829699                  1.0  0.109346
proj_prob_hhi_pull_request_review                 float64      8             0.688213             0.606073             0.663131             0.668292             0.735552             0.763615  0.053406
proj_prob_hhi_pull_request_review_comment         float64      8             0.655702             0.561422             0.625788             0.634321             0.688782             0.768667  0.065877
proj_prob_hhi_issue_comment                       float64      7             0.724831             0.680418             0.692824             0.709524             0.720541             0.857143  0.060289
num_active_members                                  Int64      8                 14.0                  5.0                  9.0                 12.5                 16.5                 26.0  7.367884

