File: drive/output/derived/org_outcomes_practices/repo_collaboration/all/rolling5/fox-it___dissect.sql.parquet

MD5 hash: 826d19ca71c1c1e95239f8e23ccf3129

Keys: time_period 

                                                     type  count                 mean                  min                  25%                  50%                  75%                  max       std
time_period                                datetime64[ns]      6  2023-10-01 08:00:00  2022-07-01 00:00:00  2023-02-15 06:00:00  2023-10-01 00:00:00  2024-05-16 12:00:00  2025-01-01 00:00:00          
avg_members_per_problem                           float64      6             1.246092                  1.0             1.133333              1.25625             1.342831                  1.5  0.179556
pct_members_multiple                              float64      6             0.235675                  0.0             0.133333              0.25625             0.342831               0.4375  0.162922
proj_hhi_discussion_comment                       float64      6               0.8625                 0.75             0.803125               0.8125             0.953125                  1.0  0.108972
proj_hhi_pull_request_comment                     float64      6                  1.0                  1.0                  1.0                  1.0                  1.0                  1.0       0.0
proj_hhi_pull_request_merged                      float64      6             0.748822             0.660606             0.660606              0.69697             0.766667                  1.0  0.132299
proj_hhi_pull_request_opened                      float64      6             0.749683             0.638095             0.683333             0.708333             0.753333                  1.0  0.129837
proj_hhi_pull_request_review                      float64      5             0.853576             0.733333                 0.84                 0.84             0.854545                  1.0  0.095221
proj_hhi_pull_request_review_comment              float64      4                 0.68                 0.68                 0.68                 0.68                 0.68                 0.68       0.0
proj_hhi_issue_comment                            float64      2                  1.0                  1.0                  1.0                  1.0                  1.0                  1.0       0.0
proj_hhi_issue_opened                             float64      2                  1.0                  1.0                  1.0                  1.0                  1.0                  1.0       0.0
proj_hhi_issue_closed                             float64      1                  1.0                  1.0                  1.0                  1.0                  1.0                  1.0          
proj_prob_hhi_discussion_comment                  float64      6               0.8625                 0.75             0.803125               0.8125             0.953125                  1.0  0.108972
proj_prob_hhi_pull_request_comment                float64      6                  1.0                  1.0                  1.0                  1.0                  1.0                  1.0       0.0
proj_prob_hhi_pull_request_review                 float64      5             0.853576             0.733333                 0.84                 0.84             0.854545                  1.0  0.095221
proj_prob_hhi_pull_request_review_comment         float64      4                 0.68                 0.68                 0.68                 0.68                 0.68                 0.68       0.0
proj_prob_hhi_issue_comment                       float64      2                  1.0                  1.0                  1.0                  1.0                  1.0                  1.0       0.0
num_active_members                                  Int64      6             2.833333                  2.0                 2.25                  3.0                  3.0                  4.0  0.752773

