File: drive/output/derived/org_outcomes_practices/repo_collaboration/all/rolling5/gbrammer___grizli.parquet

MD5 hash: 1df72b371df133fda32439a25fe86b4e

Keys: time_period 

                                                     type  count                           mean                  min                  25%                  50%                  75%                  max       std
time_period                                datetime64[ns]     19  2020-07-01 08:50:31.578947328  2016-01-01 00:00:00  2018-04-01 12:00:00  2020-07-01 00:00:00  2022-10-01 00:00:00  2025-01-01 00:00:00          
avg_members_per_problem                           float64     19                       1.335657                  1.0             1.290943                1.375             1.436404             1.636364   0.17812
pct_members_multiple                              float64     19                       0.313659                  0.0             0.256792                0.352             0.408249             0.636364  0.175793
proj_hhi_discussion_comment                       float64     19                       0.618323             0.466866             0.517399             0.538043             0.649928                  1.0  0.180984
proj_hhi_issue_closed                             float64     19                       0.976593             0.833333                  1.0                  1.0                  1.0                  1.0  0.056108
proj_hhi_issue_comment                            float64     19                       0.628194             0.457564             0.537512             0.572751             0.615961                  1.0  0.172673
proj_hhi_issue_opened                             float64     19                       0.497113             0.222787             0.301762             0.446667             0.585294                  1.0  0.256921
proj_hhi_pull_request_merged                      float64     18                            1.0                  1.0                  1.0                  1.0                  1.0                  1.0       0.0
proj_hhi_pull_request_opened                      float64     18                       0.735286             0.474656             0.647116                 0.75             0.809524                  1.0  0.146343
proj_hhi_pull_request_closed                      float64     17                       0.872059                  0.5             0.666667                  1.0                  1.0                  1.0  0.188951
proj_hhi_pull_request_comment                     float64     16                        0.67422              0.53125              0.53125             0.575902             0.778947                  1.0  0.199197
proj_hhi_pull_request_review                      float64      7                       0.596643             0.501293             0.505449             0.510725             0.660125             0.833333  0.153766
proj_hhi_pull_request_review_comment              float64      7                       0.585839             0.516039              0.51943             0.522821             0.636578                 0.75  0.112185
proj_prob_hhi_discussion_comment                  float64     19                       0.728337              0.59313              0.63744             0.690053             0.754549                  1.0  0.131749
proj_prob_hhi_issue_comment                       float64     19                       0.767726             0.616905             0.694762             0.733051             0.790318                  1.0  0.116882
proj_prob_hhi_pull_request_comment                float64     16                        0.73271              0.53125              0.53125             0.719057             0.808036                  1.0  0.180905
proj_prob_hhi_pull_request_review                 float64      7                       0.599339             0.505143             0.509267             0.514419             0.661971             0.833333  0.151925
proj_prob_hhi_pull_request_review_comment         float64      7                       0.585839             0.516039              0.51943             0.522821             0.636578                 0.75  0.112185
num_active_members                                  Int64     19                       4.842105                  1.0                  2.5                  5.0                  7.0                 10.0  2.891811

