File: drive/output/derived/org_outcomes_practices/repo_collaboration/all/rolling5/google-research___kubric.parquet

MD5 hash: 72d2c5e76f33f21c0f2abd48579fb18f

Keys: time_period 

                                                     type  count                 mean                  min                  25%                  50%                  75%                  max        std
time_period                                datetime64[ns]     10  2022-10-01 04:48:00  2020-07-01 00:00:00  2021-08-16 00:00:00  2022-10-01 00:00:00  2023-11-16 00:00:00  2025-01-01 00:00:00           
avg_members_per_problem                           float64     10             1.694123              1.42029             1.659561             1.730371             1.784014              1.81457   0.122545
pct_members_multiple                              float64     10              0.52985             0.347826             0.514159             0.545085             0.580181             0.606335   0.075681
proj_hhi_discussion_comment                       float64     10             0.260772             0.142603             0.198596             0.248422              0.32483             0.422857   0.091593
proj_hhi_issue_closed                             float64     10             0.466977             0.264706             0.352206             0.492821             0.543935             0.663265   0.129951
proj_hhi_issue_comment                            float64     10             0.330361             0.144867             0.199442             0.303232                0.486             0.559895   0.160797
proj_hhi_issue_opened                             float64     10             0.328228             0.101568             0.200393             0.347956             0.447176             0.544161   0.152552
proj_hhi_pull_request_comment                     float64     10             0.330424             0.213073             0.232531             0.249603             0.379698             0.595076   0.142475
proj_hhi_pull_request_merged                      float64     10             0.631747             0.457589                  0.5             0.627257             0.727994             0.909297   0.150989
proj_hhi_pull_request_opened                      float64     10             0.330784             0.170474             0.249202              0.33135             0.410497             0.510417   0.106414
proj_hhi_pull_request_review                      float64      9             0.653071                  0.5             0.548442             0.633999             0.663998                  1.0   0.151007
proj_hhi_pull_request_review_comment              float64      9             0.566919                  0.5             0.505593             0.517079             0.519478                  1.0   0.162623
proj_hhi_pull_request_closed                      float64      9             0.575715              0.47449             0.502679             0.531933             0.655556               0.6875   0.089383
proj_prob_hhi_discussion_comment                  float64     10             0.612962             0.570221              0.58544             0.592982             0.623778             0.715753   0.044792
proj_prob_hhi_issue_comment                       float64     10             0.662019             0.525734             0.577689              0.63404             0.748481             0.834921   0.108806
proj_prob_hhi_pull_request_comment                float64     10             0.636252             0.403086             0.507894             0.556483             0.744724             0.958333   0.189783
proj_prob_hhi_pull_request_review                 float64      9             0.785779             0.704242             0.725384             0.737519             0.786667                  1.0   0.097804
proj_prob_hhi_pull_request_review_comment         float64      9             0.701599             0.605816             0.615545             0.626529             0.698413                  1.0   0.143046
num_active_members                                  Int64     10                 16.6                  7.0                10.25                 12.5                19.75                 42.0  10.362325

