File: drive/output/derived/org_outcomes_practices/repo_collaboration/all/rolling5/hhatto___autopep8.parquet

MD5 hash: bc7a0bf0fbe84f2a826da6aa8ed136bc

Keys: time_period 

                                                     type  count                           mean                  min                  25%                  50%                  75%                  max       std
time_period                                datetime64[ns]     21  2019-12-31 17:08:34.285714176  2015-01-01 00:00:00  2017-07-01 00:00:00  2020-01-01 00:00:00  2022-07-01 00:00:00  2025-01-01 00:00:00          
avg_members_per_problem                           float64     21                        1.96259             1.741071             1.909836             1.993548             2.027211             2.069307  0.098379
pct_members_multiple                              float64     21                       0.709472             0.544715             0.614754             0.723164             0.754839             0.956522  0.110024
proj_hhi_discussion_comment                       float64     21                       0.197222             0.115185             0.165271             0.189938             0.209936             0.317171  0.057833
proj_hhi_issue_closed                             float64     21                       0.655546             0.435246             0.504825             0.674731             0.780303             0.826316  0.140351
proj_hhi_issue_comment                            float64     21                       0.212437              0.12911             0.181423              0.20474              0.23163             0.328704  0.056612
proj_hhi_issue_opened                             float64     21                       0.098159             0.046344             0.070139             0.087404             0.112825             0.212351    0.0437
proj_hhi_pull_request_closed                      float64     21                       0.704973                0.375             0.540741             0.666667                  1.0                  1.0  0.222427
proj_hhi_pull_request_comment                     float64     21                       0.466645              0.32865             0.419003             0.497468             0.511379             0.555764  0.065661
proj_hhi_pull_request_opened                      float64     21                       0.370575             0.281481             0.346821             0.370052             0.392735             0.477083  0.050438
proj_hhi_pull_request_merged                      float64     20                       0.922114             0.600209             0.872393                  1.0                  1.0                  1.0  0.134456
proj_hhi_pull_request_review_comment              float64     14                       0.842857                  0.5                  0.6                  1.0                  1.0                  1.0  0.220887
proj_hhi_pull_request_review                      float64      9                        0.82403             0.591837             0.642857             0.809524                  1.0                  1.0  0.182566
proj_prob_hhi_discussion_comment                  float64     21                        0.60997             0.538887             0.607395             0.614884             0.631346              0.64878  0.027729
proj_prob_hhi_issue_comment                       float64     21                       0.578579             0.445598             0.574831             0.600078              0.61107             0.655556  0.057965
proj_prob_hhi_pull_request_comment                float64     21                        0.68261             0.542342              0.63978             0.694643             0.727902             0.783784  0.065097
proj_prob_hhi_pull_request_review_comment         float64     14                       0.842857                  0.5                  0.6                  1.0                  1.0                  1.0  0.220887
proj_prob_hhi_pull_request_review                 float64      9                       0.876821             0.714286                 0.75             0.866667                  1.0                  1.0  0.127796
num_active_members                                  Int64     21                      27.809524                  9.0                 21.0                 27.0                 36.0                 45.0  9.233737

