File: drive/output/derived/org_outcomes_practices/repo_collaboration/all/rolling5/ibm-cloud___sql-query-clients.parquet

MD5 hash: 65e9a6cda0363bbd553c7b944b587736

Keys: time_period 

                                                     type  count                           mean                  min                  25%                  50%                  75%                  max       std
time_period                                datetime64[ns]     13  2020-12-30 22:09:13.846153728  2018-01-01 00:00:00  2019-07-01 00:00:00  2021-01-01 00:00:00  2022-07-01 00:00:00  2024-01-01 00:00:00          
avg_members_per_problem                           float64     13                       1.834013             1.633333             1.769231             1.864865             1.925926             1.964286  0.104806
pct_members_multiple                              float64     13                       0.765344                  0.6             0.692308             0.777778              0.84127              0.87013  0.090326
proj_hhi_discussion_comment                       float64     13                       0.412647             0.332056             0.346667             0.375926              0.49519             0.552934  0.083125
proj_hhi_issue_closed                             float64     13                       0.653903                 0.58             0.611111             0.666667             0.692308             0.757576  0.054296
proj_hhi_issue_comment                            float64     13                       0.419613             0.327684             0.343429             0.410124             0.499622             0.558442  0.082444
proj_hhi_issue_opened                             float64     13                       0.665872              0.42437             0.511905                  0.6             0.798246                  1.0  0.187311
proj_hhi_pull_request_closed                      float64     13                       0.933089             0.733333             0.809524                  1.0                  1.0                  1.0  0.106009
proj_hhi_pull_request_comment                     float64     13                       0.566236             0.482993             0.528499             0.547619             0.615385             0.659091  0.060361
proj_hhi_pull_request_merged                      float64     13                       0.681104             0.557068             0.630825             0.698852             0.729759             0.809524  0.070448
proj_hhi_pull_request_opened                      float64     13                       0.428843             0.289071             0.349875              0.43631             0.481481             0.615465  0.103956
proj_hhi_pull_request_review_comment              float64     11                       0.619216             0.405041              0.41919             0.595238             0.755556                  1.0   0.23139
proj_hhi_pull_request_review                      float64      8                       0.697836                 0.52             0.700973             0.723323             0.735769             0.771946  0.081195
proj_prob_hhi_discussion_comment                  float64     13                       0.649922             0.572445             0.584869              0.64068             0.707692             0.789474  0.071784
proj_prob_hhi_issue_comment                       float64     13                       0.568954             0.457143              0.55045             0.566667              0.60805              0.65102  0.054778
proj_prob_hhi_pull_request_comment                float64     13                       0.814143             0.583333             0.722222              0.77381                  1.0                  1.0  0.139773
proj_prob_hhi_pull_request_review_comment         float64     11                       0.667383             0.512722             0.523058             0.595238             0.755556                  1.0  0.187265
proj_prob_hhi_pull_request_review                 float64      8                       0.879677              0.84375             0.847902             0.866029             0.882919                  1.0  0.051103
num_active_members                                  Int64     13                       5.461538                  1.0                  4.0                  6.0                  7.0                  9.0  2.569546

