File: drive/output/derived/org_outcomes_practices/repo_collaboration/all/rolling5/inducer___pyfmmlib.parquet

MD5 hash: e57499cb8ecfae6bbb42c95097dd359b

Keys: time_period 

                                                     type  count                 mean                  min                  25%                  50%                  75%                  max       std
time_period                                datetime64[ns]      9  2022-07-22 05:20:00  2020-01-01 00:00:00  2021-01-01 00:00:00  2022-07-01 00:00:00  2024-01-01 00:00:00  2025-01-01 00:00:00          
avg_members_per_problem                           float64      9              1.36912             1.076923             1.285714             1.333333                  1.4                  1.8  0.197213
pct_members_multiple                              float64      9              0.36912             0.076923             0.285714             0.333333                  0.4                  0.8  0.197213
proj_hhi_discussion_comment                       float64      9             0.734151             0.508889             0.511806             0.555556                  1.0                  1.0  0.252596
proj_hhi_pull_request_comment                     float64      9             0.738167             0.516427             0.521763             0.555556                  1.0                  1.0  0.248671
proj_hhi_pull_request_merged                      float64      9                  1.0                  1.0                  1.0                  1.0                  1.0                  1.0       0.0
proj_hhi_pull_request_opened                      float64      9             0.709028             0.558824             0.622222                 0.68                  0.8             0.866667  0.118022
proj_hhi_issue_opened                             float64      5                  1.0                  1.0                  1.0                  1.0                  1.0                  1.0       0.0
proj_hhi_pull_request_closed                      float64      5                  1.0                  1.0                  1.0                  1.0                  1.0                  1.0       0.0
proj_hhi_issue_comment                            float64      4             0.510204             0.510204             0.510204             0.510204             0.510204             0.510204       0.0
proj_hhi_pull_request_review                      float64      3                 0.68                 0.68                 0.68                 0.68                 0.68                 0.68       0.0
proj_hhi_pull_request_review_comment              float64      3             0.501385             0.501385             0.501385             0.501385             0.501385             0.501385       0.0
proj_prob_hhi_discussion_comment                  float64      9             0.747421              0.52254             0.551958             0.555556                  1.0                  1.0  0.239804
proj_prob_hhi_pull_request_comment                float64      9             0.770624             0.533333             0.607018             0.624561                  1.0                  1.0  0.219456
proj_prob_hhi_issue_comment                       float64      4             0.510204             0.510204             0.510204             0.510204             0.510204             0.510204       0.0
proj_prob_hhi_pull_request_review                 float64      3                 0.68                 0.68                 0.68                 0.68                 0.68                 0.68       0.0
proj_prob_hhi_pull_request_review_comment         float64      3             0.501385             0.501385             0.501385             0.501385             0.501385             0.501385       0.0
num_active_members                                  Int64      9             1.888889                  1.0                  1.0                  2.0                  2.0                  3.0  0.781736

