File: drive/output/derived/org_outcomes_practices/repo_collaboration/all/rolling5/integration-automation___pybreeze.parquet

MD5 hash: 568b9fb63be793790390c986eed8f914

Keys: time_period 

                                              type  count                 mean                  min                  25%                  50%                  75%                  max       std
time_period                         datetime64[ns]      6  2023-10-01 08:00:00  2022-07-01 00:00:00  2023-02-15 06:00:00  2023-10-01 00:00:00  2024-05-16 12:00:00  2025-01-01 00:00:00          
avg_members_per_problem                    float64      6             1.177941                  1.0             1.064394             1.259557             1.267766             1.278689  0.138023
pct_members_multiple                       float64      6             0.177941                  0.0             0.064394             0.259557             0.267766             0.278689  0.138023
proj_hhi_pull_request_merged               float64      6             0.876462             0.806967             0.814816              0.81891             0.955128                  1.0  0.095797
proj_hhi_pull_request_opened               float64      6             0.850143             0.732887             0.780251             0.795853             0.949875                  1.0  0.118357
proj_hhi_discussion_comment                float64      4                  1.0                  1.0                  1.0                  1.0                  1.0                  1.0       0.0
proj_hhi_issue_closed                      float64      4                 0.52                 0.52                 0.52                 0.52                 0.52                 0.52       0.0
proj_hhi_issue_comment                     float64      4                  1.0                  1.0                  1.0                  1.0                  1.0                  1.0       0.0
proj_hhi_issue_opened                      float64      4                  1.0                  1.0                  1.0                  1.0                  1.0                  1.0       0.0
proj_hhi_pull_request_review               float64      4             0.524691             0.524691             0.524691             0.524691             0.524691             0.524691       0.0
proj_hhi_pull_request_closed               float64      2                  0.9                  0.8                 0.85                  0.9                 0.95                  1.0  0.141421
proj_hhi_pull_request_comment              float64      2                  1.0                  1.0                  1.0                  1.0                  1.0                  1.0       0.0
proj_prob_hhi_discussion_comment           float64      4                  1.0                  1.0                  1.0                  1.0                  1.0                  1.0       0.0
proj_prob_hhi_issue_comment                float64      4                  1.0                  1.0                  1.0                  1.0                  1.0                  1.0       0.0
proj_prob_hhi_pull_request_review          float64      4                  1.0                  1.0                  1.0                  1.0                  1.0                  1.0       0.0
proj_prob_hhi_pull_request_comment         float64      2                  1.0                  1.0                  1.0                  1.0                  1.0                  1.0       0.0
num_active_members                           Int64      6                  1.5                  1.0                  1.0                  1.5                  2.0                  2.0  0.547723

