File: drive/output/derived/org_outcomes_practices/repo_collaboration/all/rolling5/iwpnd___flashgeotext.parquet

MD5 hash: e8685f51aeea571f7de685090e4e3ee7

Keys: time_period 

                                              type  count                           mean                  min                  25%                  50%                  75%                  max       std
time_period                         datetime64[ns]     11  2022-07-01 21:49:05.454545408  2020-01-01 00:00:00  2021-04-01 12:00:00  2022-07-01 00:00:00  2023-10-01 00:00:00  2025-01-01 00:00:00          
avg_members_per_problem                    float64     11                       1.637449             1.546729             1.579021              1.65625              1.69271             1.738693  0.066596
pct_members_multiple                       float64     11                       0.620562                  0.5             0.544551             0.648438             0.689903             0.728643  0.080416
proj_hhi_discussion_comment                float64     11                       0.570481              0.23913             0.393626             0.542851             0.761854              0.88051  0.221051
proj_hhi_issue_closed                      float64      9                            1.0                  1.0                  1.0                  1.0                  1.0                  1.0       0.0
proj_hhi_issue_comment                     float64      9                       0.476616             0.387755             0.464286             0.490986             0.501667             0.525397   0.04123
proj_hhi_issue_opened                      float64      9                       0.671054                  0.5             0.607143             0.681319             0.714286             0.833333  0.107774
proj_hhi_pull_request_comment              float64     11                       0.735148             0.337861             0.629792             0.758384             0.855323                  1.0  0.202412
proj_hhi_pull_request_merged               float64     11                            1.0                  1.0                  1.0                  1.0                  1.0                  1.0       0.0
proj_hhi_pull_request_opened               float64     11                       0.911409             0.544561             0.881437                  1.0                  1.0                  1.0  0.140642
proj_hhi_pull_request_closed               float64      9                       0.859734                  0.5             0.783784             0.849057                  1.0                  1.0  0.166765
proj_hhi_pull_request_review               float64      1                            1.0                  1.0                  1.0                  1.0                  1.0                  1.0          
proj_prob_hhi_discussion_comment           float64     11                       0.820928             0.680556             0.744008             0.825238             0.900588             0.941504  0.091732
proj_prob_hhi_issue_comment                float64      9                       0.561625             0.452381             0.533333             0.569048             0.583333             0.633333  0.054741
proj_prob_hhi_pull_request_comment         float64     11                       0.891047             0.780822             0.843019             0.892857             0.931622                  1.0  0.074542
proj_prob_hhi_pull_request_review          float64      1                            1.0                  1.0                  1.0                  1.0                  1.0                  1.0          
num_active_members                           Int64     11                       3.818182                  2.0                  2.5                  3.0                  5.5                  7.0  1.834022

