File: drive/output/derived/org_outcomes_practices/repo_collaboration/all/rolling5/jdunck___python-unicodecsv.parquet

MD5 hash: 8323dc642ab90456a154bb6c72eb24eb

Keys: time_period 

                                                     type  count                 mean                  min                  25%                  50%                  75%                  max       std
time_period                                datetime64[ns]     15  2019-08-31 20:48:00  2015-01-01 00:00:00  2017-04-01 12:00:00  2019-01-01 00:00:00  2022-10-01 00:00:00  2025-01-01 00:00:00          
avg_members_per_problem                           float64     15                1.669                  1.0             1.291667             1.526316             2.039039             2.413793  0.476376
pct_members_multiple                              float64     15             0.469694                  0.0             0.267857             0.421053             0.745098             0.965517  0.310861
proj_hhi_discussion_comment                       float64     15             0.497858             0.221991             0.289631              0.34359             0.666667                  1.0  0.290718
proj_hhi_issue_closed                             float64     12             0.726259             0.394737             0.429167             0.791667                  1.0                  1.0  0.289906
proj_hhi_issue_comment                            float64     14             0.486481             0.169922             0.238437             0.481944              0.59881                  1.0  0.267344
proj_hhi_issue_opened                             float64     12                0.384             0.107438             0.157793             0.320513                0.425                  1.0  0.311967
proj_hhi_pull_request_closed                      float64     11                  1.0                  1.0                  1.0                  1.0                  1.0                  1.0       0.0
proj_hhi_pull_request_comment                     float64     14             0.680041             0.421769             0.514412             0.596647             0.933333                  1.0  0.226743
proj_hhi_pull_request_merged                      float64      6                  1.0                  1.0                  1.0                  1.0                  1.0                  1.0       0.0
proj_hhi_pull_request_opened                      float64     15             0.659877             0.222222             0.416667             0.666667                0.875                  1.0  0.277501
proj_hhi_pull_request_review_comment              float64      8               0.8125                0.625                0.625               0.8125                  1.0                  1.0  0.200446
proj_prob_hhi_discussion_comment                  float64     15              0.65376             0.436027             0.506822             0.609524             0.700718                  1.0  0.198284
proj_prob_hhi_issue_comment                       float64     14             0.641183             0.433557             0.464807             0.605556             0.704231                  1.0  0.194649
proj_prob_hhi_pull_request_comment                float64     14             0.702794              0.34632             0.609802             0.651976             0.933333                  1.0  0.223251
proj_prob_hhi_pull_request_review_comment         float64      8               0.8125                0.625                0.625               0.8125                  1.0                  1.0  0.200446
num_active_members                                  Int64     15             4.866667                  1.0                  1.5                  4.0                  6.5                 14.0  4.068462

