File: drive/output/derived/org_outcomes_practices/repo_collaboration/all/rolling5/john-kurkowski___tldextract.parquet

MD5 hash: 658f1748471223ea4c600aac6d34636c

Keys: time_period 

                                                     type  count                           mean                  min                  25%                  50%                  75%                  max       std
time_period                                datetime64[ns]     21  2019-12-31 17:08:34.285714176  2015-01-01 00:00:00  2017-07-01 00:00:00  2020-01-01 00:00:00  2022-07-01 00:00:00  2025-01-01 00:00:00          
avg_members_per_problem                           float64     21                       2.073064             1.794872             1.923077             2.034884                  2.3             2.418605  0.210831
pct_members_multiple                              float64     21                       0.801931             0.676923             0.736842                 0.75                 0.88             0.961538  0.096815
proj_hhi_discussion_comment                       float64     21                       0.370119             0.286697             0.329872             0.371211             0.415548             0.464691  0.050146
proj_hhi_issue_closed                             float64     21                       0.457667             0.325806             0.368891             0.438381             0.515625             0.673311  0.111615
proj_hhi_issue_comment                            float64     21                       0.340383             0.235888             0.293293             0.336491             0.372919             0.474169  0.063454
proj_hhi_issue_opened                             float64     21                       0.158159             0.098615             0.124383             0.160553             0.174899             0.262177  0.039229
proj_hhi_pull_request_closed                      float64     21                        0.80793                  0.5             0.718182             0.771429                  1.0                  1.0  0.142651
proj_hhi_pull_request_comment                     float64     21                       0.501434             0.265925             0.417031             0.467063             0.547181             0.779577  0.170908
proj_hhi_pull_request_merged                      float64     21                       0.965078              0.78022                  1.0                  1.0                  1.0                  1.0   0.06686
proj_hhi_pull_request_opened                      float64     21                       0.303112             0.166984             0.259028              0.32381             0.361111             0.459091  0.082467
proj_hhi_pull_request_review_comment              float64     21                       0.478108              0.28125             0.417508             0.447917              0.53125             0.739645   0.11305
proj_hhi_pull_request_review                      float64     10                       0.471395             0.383592             0.407837             0.438442             0.558553             0.591837  0.086464
proj_prob_hhi_discussion_comment                  float64     21                        0.56501             0.461961               0.5283              0.56043             0.619661             0.669719  0.064558
proj_prob_hhi_issue_comment                       float64     21                       0.567545             0.423249             0.518182             0.577089             0.616817             0.772727  0.087762
proj_prob_hhi_pull_request_comment                float64     21                       0.609282             0.459173             0.530385              0.55102             0.662713             0.834758  0.132475
proj_prob_hhi_pull_request_review_comment         float64     21                       0.610675             0.504167              0.57398             0.596154             0.631944             0.794872  0.073924
proj_prob_hhi_pull_request_review                 float64     10                       0.604966             0.572222             0.599758             0.606349             0.612526             0.632889  0.020702
num_active_members                                  Int64     21                      12.952381                  6.0                 10.0                 12.0                 17.0                 20.0  4.842274

