File: drive/output/derived/org_outcomes_practices/repo_collaboration/all/rolling5/kapadia___usgs.parquet

MD5 hash: 7a3d8c6903293ea4049d9ec26e6b1dd9

Keys: time_period 

                                              type  count                           mean                  min                  25%                  50%                  75%                  max       std
time_period                         datetime64[ns]     19  2019-10-25 10:06:18.947368448  2015-01-01 00:00:00  2017-04-01 12:00:00  2020-01-01 00:00:00  2022-04-01 12:00:00  2025-01-01 00:00:00          
avg_members_per_problem                    float64     19                       1.779355             1.142857             1.671329                  1.8             1.925824                 2.25  0.244096
pct_members_multiple                       float64     19                       0.659498             0.142857             0.572727             0.666667             0.766968               0.9375  0.190979
proj_hhi_discussion_comment                float64     19                       0.504133             0.410101             0.431124             0.493856             0.527605             0.722222  0.084835
proj_hhi_issue_closed                      float64     19                        0.64732                  0.4             0.533333                0.625             0.686343                  1.0  0.181927
proj_hhi_issue_comment                     float64     19                       0.481551             0.291667             0.445667             0.492593             0.520188             0.722222  0.085401
proj_hhi_issue_opened                      float64     19                       0.650868                  0.5               0.5625             0.611111                 0.75                  1.0  0.140149
proj_hhi_pull_request_merged               float64     19                            1.0                  1.0                  1.0                  1.0                  1.0                  1.0       0.0
proj_hhi_pull_request_opened               float64     19                        0.73845                  0.5                  0.6               0.6875             0.916667                  1.0   0.18525
proj_hhi_pull_request_comment              float64     17                       0.702241             0.533333             0.611111             0.657143                  0.7                  1.0  0.150024
proj_hhi_pull_request_closed               float64      7                            1.0                  1.0                  1.0                  1.0                  1.0                  1.0       0.0
proj_hhi_pull_request_review               float64      5                            1.0                  1.0                  1.0                  1.0                  1.0                  1.0       0.0
proj_prob_hhi_discussion_comment           float64     19                       0.634973             0.543704             0.574565             0.589881             0.672099             0.833333  0.095205
proj_prob_hhi_issue_comment                float64     19                       0.590001             0.416667             0.533333             0.561625             0.621481             0.833333  0.114133
proj_prob_hhi_pull_request_comment         float64     17                       0.806038             0.533333             0.611111             0.809524                  1.0                  1.0  0.176623
proj_prob_hhi_pull_request_review          float64      5                            1.0                  1.0                  1.0                  1.0                  1.0                  1.0       0.0
num_active_members                           Int64     19                       3.105263                  1.0                  2.0                  3.0                  4.0                  6.0  1.486784

