File: drive/output/derived/org_outcomes_practices/repo_collaboration/all/rolling5/kroitor___asciichart.parquet

MD5 hash: 6ea07ac9d1734eed02058890dd399e8e

Keys: time_period 

                                                     type  count                 mean                  min                  25%                  50%                  75%                  max       std
time_period                                datetime64[ns]     16  2021-04-01 06:00:00  2017-07-01 00:00:00  2019-05-16 18:00:00  2021-04-01 12:00:00  2023-02-15 06:00:00  2025-01-01 00:00:00          
avg_members_per_problem                           float64     16             2.099331             1.484848             1.738966              2.22619             2.428571             2.565217  0.386457
pct_members_multiple                              float64     16             0.692119             0.272727             0.366048             0.883333             0.918367                  1.0  0.292938
proj_hhi_discussion_comment                       float64     16             0.292553             0.178788             0.232775             0.252847             0.350191             0.509774  0.102787
proj_hhi_issue_closed                             float64     16             0.790077                  0.5                  0.5             0.892045                  1.0                  1.0  0.236533
proj_hhi_issue_comment                            float64     16             0.341256             0.180165             0.286282             0.314103               0.4166             0.543137  0.111313
proj_hhi_issue_opened                             float64     16             0.281064             0.222222                 0.25              0.25641             0.295588                  0.4  0.053118
proj_hhi_pull_request_comment                     float64     16             0.506616             0.331261             0.360413                  0.5                  0.6                 0.75  0.132671
proj_hhi_pull_request_opened                      float64     16              0.54226             0.302424             0.411364             0.491317             0.590357                  1.0  0.212031
proj_hhi_pull_request_merged                      float64     14                  1.0                  1.0                  1.0                  1.0                  1.0                  1.0       0.0
proj_hhi_pull_request_closed                      float64      8               0.6875                  0.5                  0.5                  0.5                  1.0                  1.0  0.258775
proj_hhi_pull_request_review_comment              float64     10                 0.75                  0.5                  0.5                 0.75                  1.0                  1.0  0.263523
proj_hhi_pull_request_review                      float64      5                  1.0                  1.0                  1.0                  1.0                  1.0                  1.0       0.0
proj_prob_hhi_discussion_comment                  float64     16             0.564036             0.485714                  0.5             0.533487             0.630816             0.665686   0.07103
proj_prob_hhi_issue_comment                       float64     16              0.52873              0.37931             0.495341             0.520599             0.568352             0.682353  0.080355
proj_prob_hhi_pull_request_comment                float64     16             0.697502             0.482222             0.512326             0.627404                  0.9                  1.0  0.212505
proj_prob_hhi_pull_request_review_comment         float64     10                 0.75                  0.5                  0.5                 0.75                  1.0                  1.0  0.263523
proj_prob_hhi_pull_request_review                 float64      5                  1.0                  1.0                  1.0                  1.0                  1.0                  1.0       0.0
num_active_members                                  Int64     16               8.1875                  3.0                  6.0                  8.0                 9.25                 16.0   3.76331

