File: drive/output/derived/org_outcomes_practices/repo_collaboration/all/rolling5/lucianopaz___compress_pickle.parquet

MD5 hash: f05ee8d9bbb00c97b287379de567c974

Keys: time_period 

                                              type  count                 mean                  min                  25%                  50%                  75%                  max       std
time_period                         datetime64[ns]      9  2021-11-20 18:40:00  2019-07-01 00:00:00  2020-07-01 00:00:00  2021-07-01 00:00:00  2023-01-01 00:00:00  2025-01-01 00:00:00          
avg_members_per_problem                    float64      9              1.39904             1.111111             1.190476                  1.4             1.454545             1.894737  0.246898
pct_members_multiple                       float64      9             0.369243             0.111111             0.190476             0.366667             0.428571             0.789474  0.211712
proj_hhi_discussion_comment                float64      9             0.481093             0.374413             0.387225             0.404959             0.411897                  0.8  0.173389
proj_hhi_issue_closed                      float64      7                  1.0                  1.0                  1.0                  1.0                  1.0                  1.0       0.0
proj_hhi_issue_comment                     float64      9             0.599095             0.449223             0.494929                0.625                 0.68                 0.75  0.115872
proj_hhi_issue_opened                      float64      9             0.597274             0.373016              0.49798             0.666667              0.70303                 0.75  0.135753
proj_hhi_pull_request_comment              float64      9             0.639649             0.355372             0.480519             0.515152                  1.0                  1.0   0.27658
proj_hhi_pull_request_merged               float64      7                  1.0                  1.0                  1.0                  1.0                  1.0                  1.0       0.0
proj_hhi_pull_request_opened               float64      9             0.737205             0.555556             0.666667                 0.75             0.777778                  1.0  0.136957
proj_hhi_pull_request_closed               float64      5                  0.5                  0.5                  0.5                  0.5                  0.5                  0.5       0.0
proj_hhi_pull_request_review               float64      2                  1.0                  1.0                  1.0                  1.0                  1.0                  1.0       0.0
proj_prob_hhi_discussion_comment           float64      9             0.703693             0.585173             0.663889             0.695455             0.781818               0.8125  0.080116
proj_prob_hhi_issue_comment                float64      9              0.70284             0.617172             0.662626                  0.7             0.733333                  0.8  0.054999
proj_prob_hhi_pull_request_comment         float64      9             0.741149             0.489177             0.642857             0.666667                  1.0                  1.0  0.203701
proj_prob_hhi_pull_request_review          float64      2                  1.0                  1.0                  1.0                  1.0                  1.0                  1.0       0.0
num_active_members                           Int64      9             3.555556                  2.0                  3.0                  3.0                  3.0                  9.0  2.127858

