File: drive/output/derived/org_outcomes_practices/repo_collaboration/all/rolling5/martsberger___django-pivot.parquet

MD5 hash: f8b30ac461e440f5b6651d930e5b21fc

Keys: time_period 

                                                     type  count                 mean                  min                  25%                  50%                  75%                  max       std
time_period                                datetime64[ns]     12  2021-01-30 10:00:00  2017-07-01 00:00:00  2019-10-01 18:00:00  2021-04-01 12:00:00  2022-08-16 00:00:00  2024-07-01 00:00:00          
avg_members_per_problem                           float64     12             1.793499             1.538462             1.614286                 1.75                  2.0             2.071429  0.197247
pct_members_multiple                              float64     12              0.63462             0.388889             0.584615             0.645833             0.719048                 0.75  0.109258
proj_hhi_discussion_comment                       float64     12              0.46132             0.270677             0.346678             0.441404             0.522159             0.708333  0.150441
proj_hhi_issue_closed                             float64     12              0.73548                  0.5                0.625             0.708333             0.789773                  1.0  0.160453
proj_hhi_issue_comment                            float64     12             0.472326             0.311565             0.362619             0.413968             0.531629             0.731602  0.157941
proj_hhi_issue_opened                             float64     12             0.547338                0.375              0.45202             0.550505             0.635417                 0.75  0.120216
proj_hhi_pull_request_comment                     float64      8             0.458333             0.333333             0.444444             0.481481                  0.5             0.555556  0.080872
proj_hhi_pull_request_merged                      float64     10                  1.0                  1.0                  1.0                  1.0                  1.0                  1.0       0.0
proj_hhi_pull_request_opened                      float64     10             0.716667                  0.5                  0.5             0.583333                  1.0                  1.0  0.249072
proj_hhi_pull_request_review_comment              float64      6             0.834656             0.722222             0.761905             0.761905             0.940476                  1.0  0.128994
proj_prob_hhi_discussion_comment                  float64     12             0.592482             0.515789             0.537917             0.566833             0.630909             0.727273  0.074848
proj_prob_hhi_issue_comment                       float64     12              0.58071                 0.52             0.534444             0.539953             0.622222                  0.7  0.069161
proj_prob_hhi_pull_request_comment                float64      8                0.725                  0.6             0.622222             0.644444                 0.75                  1.0  0.171285
proj_prob_hhi_pull_request_review_comment         float64      6             0.834656             0.722222             0.761905             0.761905             0.940476                  1.0  0.128994
num_active_members                                  Int64     12             3.416667                  1.0                 1.75                  3.0                  5.0                  9.0   2.35327

