File: drive/output/derived/org_outcomes_practices/repo_collaboration/all/rolling5/materialsproject___custodian.parquet

MD5 hash: 3247a6c9dd90cbe1d1faf8b3ebb912f3

Keys: time_period 

                                                     type  count                           mean                  min                  25%                  50%                  75%                  max       std
time_period                                datetime64[ns]     21  2019-12-31 17:08:34.285714176  2015-01-01 00:00:00  2017-07-01 00:00:00  2020-01-01 00:00:00  2022-07-01 00:00:00  2025-01-01 00:00:00          
avg_members_per_problem                           float64     21                       2.028161             1.608696             1.939024             2.095238             2.214286             2.290323  0.228796
pct_members_multiple                              float64     21                       0.787311             0.449275             0.710526                  0.8             0.942308                  1.0  0.177514
proj_hhi_pull_request_merged                      float64     21                       0.902856             0.714286             0.775588                  1.0                  1.0                  1.0  0.119874
proj_hhi_pull_request_opened                      float64     21                       0.445494             0.260234             0.293407             0.387037             0.571991                  1.0  0.184933
proj_hhi_discussion_comment                       float64     20                       0.252911              0.14868             0.223975             0.272428             0.286018             0.323473   0.05686
proj_hhi_issue_closed                             float64     20                       0.699368             0.522581             0.585417             0.697279             0.784014                  1.0  0.133906
proj_hhi_issue_comment                            float64     20                       0.283953               0.1887             0.231906             0.313936             0.323368             0.359582  0.057825
proj_hhi_issue_opened                             float64     20                       0.430921              0.30914             0.399444             0.432952             0.462821                0.625  0.066439
proj_hhi_pull_request_closed                      float64     20                       0.816925             0.541667             0.729167                  0.8                  1.0                  1.0  0.171838
proj_hhi_pull_request_comment                     float64     20                       0.289993              0.16958             0.248753             0.302489             0.344877             0.395833  0.072851
proj_hhi_pull_request_review_comment              float64     16                       0.450554             0.285714             0.400238             0.462702             0.512963             0.583333  0.089715
proj_hhi_pull_request_review                      float64      9                       0.378984             0.255102             0.285714             0.309524             0.463043             0.628571  0.130916
proj_prob_hhi_discussion_comment                  float64     20                       0.502583             0.419906             0.465192              0.50943             0.551657             0.566432  0.051907
proj_prob_hhi_issue_comment                       float64     20                       0.490455              0.42278             0.437307             0.469662             0.526259              0.62128  0.065792
proj_prob_hhi_pull_request_comment                float64     20                       0.530353             0.384848             0.474306             0.515531             0.593049             0.672495  0.089085
proj_prob_hhi_pull_request_review_comment         float64     16                       0.524842                0.375             0.451111             0.506173             0.565476             0.700794  0.098062
proj_prob_hhi_pull_request_review                 float64      9                       0.504234             0.357143                0.375             0.388889             0.666667             0.684685   0.15888
num_active_members                                  Int64     21                       9.190476                  2.0                  7.0                  8.0                 11.0                 19.0  4.365994

