File: drive/output/derived/org_outcomes_practices/repo_collaboration/all/rolling5/maykinmedia___ape-pie.parquet

MD5 hash: ea6c9361a9cb3ec5acc804cdc673be36

Keys: time_period 

                                                     type  count                 mean                  min                  25%                  50%                  75%                  max       std
time_period                                datetime64[ns]      3  2023-12-31 08:00:00  2023-07-01 00:00:00  2023-10-01 00:00:00  2024-01-01 00:00:00  2024-04-01 00:00:00  2024-07-01 00:00:00          
avg_members_per_problem                           float64      3             1.666667                  1.0                  1.5                  2.0                  2.0                  2.0   0.57735
pct_members_multiple                              float64      3             0.516667                  0.0                0.375                 0.75                0.775                  0.8  0.448144
proj_hhi_discussion_comment                       float64      3             0.531506             0.515152             0.519481              0.52381             0.539683             0.555556  0.021273
proj_hhi_pull_request_closed                      float64      3                  1.0                  1.0                  1.0                  1.0                  1.0                  1.0       0.0
proj_hhi_pull_request_comment                     float64      3             0.555556             0.555556             0.555556             0.555556             0.555556             0.555556       0.0
proj_hhi_pull_request_opened                      float64      3                  1.0                  1.0                  1.0                  1.0                  1.0                  1.0       0.0
proj_hhi_issue_comment                            float64      2                  1.0                  1.0                  1.0                  1.0                  1.0                  1.0       0.0
proj_hhi_issue_opened                             float64      2                  1.0                  1.0                  1.0                  1.0                  1.0                  1.0       0.0
proj_hhi_pull_request_merged                      float64      2                  1.0                  1.0                  1.0                  1.0                  1.0                  1.0       0.0
proj_hhi_pull_request_review                      float64      2                  0.8                  0.6                  0.7                  0.8                  0.9                  1.0  0.282843
proj_hhi_pull_request_review_comment              float64      1                  0.5                  0.5                  0.5                  0.5                  0.5                  0.5          
proj_prob_hhi_discussion_comment                  float64      3             0.835498              0.69697             0.753247             0.809524             0.904762                  1.0  0.153176
proj_prob_hhi_pull_request_comment                float64      3             0.851852             0.777778             0.777778             0.777778             0.888889                  1.0    0.1283
proj_prob_hhi_issue_comment                       float64      2                  1.0                  1.0                  1.0                  1.0                  1.0                  1.0       0.0
proj_prob_hhi_pull_request_review                 float64      2                  0.8                  0.6                  0.7                  0.8                  0.9                  1.0  0.282843
proj_prob_hhi_pull_request_review_comment         float64      1                  0.5                  0.5                  0.5                  0.5                  0.5                  0.5          
num_active_members                                  Int64      3             2.666667                  2.0                  2.0                  2.0                  3.0                  4.0  1.154701

