File: drive/output/derived/org_outcomes_practices/repo_collaboration/all/rolling5/mozilla-releng___redo.parquet

MD5 hash: 640af1b1a52e5e2408c34add792c66f9

Keys: time_period 

                                                     type  count                           mean                  min                  25%                  50%                  75%                  max       std
time_period                                datetime64[ns]     13  2020-12-16 20:18:27.692307712  2017-07-01 00:00:00  2019-01-01 00:00:00  2020-07-01 00:00:00  2023-07-01 00:00:00  2025-01-01 00:00:00          
avg_members_per_problem                           float64     13                       1.808304                  1.0             1.666667             1.787879             2.111111                  3.0  0.521021
pct_members_multiple                              float64     13                        0.57084                  0.0             0.612903             0.666667             0.666667                  1.0  0.277751
proj_hhi_issue_opened                             float64      9                       0.597443             0.444444                  0.5                  0.5             0.666667                  1.0  0.182379
proj_hhi_discussion_comment                       float64     11                       0.367808             0.180329             0.231614             0.278176             0.531019             0.666667  0.180419
proj_hhi_issue_closed                             float64     10                       0.828889             0.555556             0.666667             0.866667                  1.0                  1.0  0.185348
proj_hhi_issue_comment                            float64      7                       0.374642                 0.25             0.333333             0.333333              0.41958             0.533333  0.093383
proj_hhi_pull_request_comment                     float64     11                       0.440845             0.203125             0.304878                0.378             0.595833                 0.75  0.190532
proj_hhi_pull_request_merged                      float64     11                       0.817025             0.628205             0.699008             0.763889                  1.0                  1.0  0.157149
proj_hhi_pull_request_opened                      float64     11                       0.521643             0.157025             0.258658                  0.4             0.842593                  1.0  0.329414
proj_hhi_pull_request_review_comment              float64     11                       0.647429             0.383333             0.406818             0.555556                  1.0                  1.0  0.285943
proj_hhi_pull_request_closed                      float64      7                       0.735374                  0.5             0.633333             0.666667             0.857143                  1.0  0.193075
proj_hhi_pull_request_review                      float64      7                       0.724868             0.333333              0.37037                  1.0                  1.0                  1.0  0.343372
proj_prob_hhi_discussion_comment                  float64     11                       0.553196             0.333333              0.54087             0.550265             0.596377             0.666667  0.082937
proj_prob_hhi_issue_comment                       float64      7                       0.584572             0.533333             0.559487                 0.56             0.564848                 0.75  0.073801
proj_prob_hhi_pull_request_comment                float64     11                       0.610468                  0.5             0.579791             0.583883             0.664762                 0.75  0.068968
proj_prob_hhi_pull_request_review_comment         float64     11                       0.677801             0.458333             0.471591             0.555556                  1.0                  1.0  0.257701
proj_prob_hhi_pull_request_review                 float64      7                       0.947846             0.857143             0.888889                  1.0                  1.0                  1.0  0.065903
num_active_members                                  Int64     13                       4.307692                  1.0                  2.0                  4.0                  5.0                 11.0  3.092588

