File: drive/output/derived/org_outcomes_practices/repo_collaboration/all/rolling5/nilp0inter___cpe.parquet

MD5 hash: 99b7c1d632b74e1aac23ed923140c56f

Keys: time_period 

                                                     type  count                 mean                  min                  25%                  50%                  75%                  max       std
time_period                                datetime64[ns]     16  2020-01-23 12:00:00  2015-01-01 00:00:00  2017-05-16 18:00:00  2020-04-01 00:00:00  2022-08-16 00:00:00  2024-07-01 00:00:00          
avg_members_per_problem                           float64     16             1.648961                  1.0               1.5375              1.69697             1.758929             2.142857  0.296881
pct_members_multiple                              float64     16             0.540122                  0.0             0.433333             0.590909               0.6875             0.857143  0.234657
proj_hhi_issue_closed                             float64     14             0.873016             0.555556             0.666667                  1.0                  1.0                  1.0  0.208359
proj_hhi_issue_opened                             float64     16             0.596396             0.366667             0.405556                  0.5                 0.75                  1.0  0.252278
proj_hhi_discussion_comment                       float64     15             0.606083             0.334911             0.394231             0.493213             0.866667                  1.0  0.266461
proj_hhi_issue_comment                            float64     15             0.797875             0.384615              0.53663                  1.0                  1.0                  1.0  0.269726
proj_hhi_pull_request_merged                      float64     12                  1.0                  1.0                  1.0                  1.0                  1.0                  1.0       0.0
proj_hhi_pull_request_opened                      float64     14                  1.0                  1.0                  1.0                  1.0                  1.0                  1.0       0.0
proj_hhi_pull_request_comment                     float64     13             0.630984             0.333333             0.454545                  0.5                 0.75                  1.0  0.239712
proj_hhi_pull_request_review_comment              float64      4                  1.0                  1.0                  1.0                  1.0                  1.0                  1.0       0.0
proj_hhi_pull_request_closed                      float64      8                  1.0                  1.0                  1.0                  1.0                  1.0                  1.0       0.0
proj_hhi_pull_request_review                      float64      4                  1.0                  1.0                  1.0                  1.0                  1.0                  1.0       0.0
proj_prob_hhi_discussion_comment                  float64     15             0.747899             0.571429              0.62959             0.676923                  0.9                  1.0  0.165444
proj_prob_hhi_issue_comment                       float64     15             0.835714             0.571429                 0.65                  1.0                  1.0                  1.0  0.186712
proj_prob_hhi_pull_request_comment                float64     13             0.691438                  0.5             0.545455             0.666667                 0.75                  1.0  0.191652
proj_prob_hhi_pull_request_review_comment         float64      4                  1.0                  1.0                  1.0                  1.0                  1.0                  1.0       0.0
proj_prob_hhi_pull_request_review                 float64      4                  1.0                  1.0                  1.0                  1.0                  1.0                  1.0       0.0
num_active_members                                  Int64     16               3.4375                  1.0                  2.0                  3.0                 5.25                  7.0  2.032035

