File: drive/output/derived/org_outcomes_practices/repo_collaboration/all/rolling5/opentimestamps___python-opentimestamps.parquet

MD5 hash: 71a7810093c6e063384a588d924270fe

Keys: time_period 

                                                     type  count                 mean                  min                  25%                  50%                  75%                  max       std
time_period                                datetime64[ns]     14  2020-03-06 00:00:00  2016-07-01 00:00:00  2018-02-15 06:00:00  2019-10-01 00:00:00  2022-02-14 12:00:00  2025-01-01 00:00:00          
avg_members_per_problem                           float64     14             1.958323                  1.0                  2.0             2.062745             2.094231             2.333333  0.327571
pct_members_multiple                              float64     14             0.705334                  0.0             0.623016             0.797059             0.822193               0.9375  0.245974
proj_hhi_discussion_comment                       float64     14             0.446672              0.35873             0.360697              0.39934             0.443132                  1.0  0.168672
proj_hhi_issue_comment                            float64     14             0.507558             0.415923             0.431309             0.449405             0.497378                  1.0  0.155484
proj_hhi_issue_opened                             float64     14             0.718122             0.333333             0.433333                 0.75                  1.0                  1.0  0.265929
proj_hhi_pull_request_closed                      float64     11              0.80303                  0.5             0.583333                  1.0                  1.0                  1.0   0.23355
proj_hhi_pull_request_comment                     float64     13              0.44738             0.370618             0.376818             0.388889             0.541667                0.625  0.092444
proj_hhi_pull_request_merged                      float64     13                  1.0                  1.0                  1.0                  1.0                  1.0                  1.0       0.0
proj_hhi_pull_request_opened                      float64     13             0.674083             0.363636             0.454545             0.666667                  1.0                  1.0  0.257527
proj_hhi_issue_closed                             float64     13             0.907692                 0.75                 0.75                  1.0                  1.0                  1.0  0.122213
proj_hhi_pull_request_review_comment              float64      5             0.411765             0.411765             0.411765             0.411765             0.411765             0.411765       0.0
proj_prob_hhi_discussion_comment                  float64     14             0.534251             0.416667             0.474742             0.495864             0.524786                  1.0  0.141369
proj_prob_hhi_issue_comment                       float64     14             0.544083             0.416667             0.490288                  0.5             0.547047                  1.0  0.141375
proj_prob_hhi_pull_request_comment                float64     13              0.48668             0.388889              0.45679              0.46605             0.494991             0.666667  0.073175
proj_prob_hhi_pull_request_review_comment         float64      5             0.571429             0.571429             0.571429             0.571429             0.571429             0.571429       0.0
num_active_members                                  Int64     14             3.571429                  1.0                 1.25                  2.0                  5.5                 11.0  2.979785

