File: drive/output/derived/org_outcomes_practices/repo_collaboration/all/rolling5/open-dicom___dicom_parser.parquet

MD5 hash: f945e7b5bf7ce86fca794f333bd9a66d

Keys: time_period 

                                              type  count                 mean                  min                  25%                  50%                  75%                  max       std
time_period                         datetime64[ns]      6  2022-10-01 00:00:00  2021-07-01 00:00:00  2022-02-15 06:00:00  2022-10-01 00:00:00  2023-05-16 18:00:00  2024-01-01 00:00:00          
avg_members_per_problem                    float64      6             1.229696             1.083333             1.218365             1.263324             1.275155             1.285714  0.077073
pct_members_multiple                       float64      6             0.229696             0.083333             0.218365             0.263324             0.275155             0.285714  0.077073
proj_hhi_discussion_comment                float64      6             0.485633             0.335304             0.384065             0.394388             0.405415                  1.0  0.253262
proj_hhi_issue_closed                      float64      6                  1.0                  1.0                  1.0                  1.0                  1.0                  1.0       0.0
proj_hhi_issue_comment                     float64      6             0.555272             0.403313             0.475639             0.475639              0.49496                  1.0  0.220364
proj_hhi_issue_opened                      float64      6              0.70183             0.659091             0.681354             0.687963             0.692747             0.802469  0.050792
proj_hhi_pull_request_merged               float64      6                  1.0                  1.0                  1.0                  1.0                  1.0                  1.0       0.0
proj_hhi_pull_request_opened               float64      6             0.806203             0.698864             0.746411             0.760906             0.846448                  1.0  0.110693
proj_hhi_pull_request_closed               float64      5                  1.0                  1.0                  1.0                  1.0                  1.0                  1.0       0.0
proj_hhi_pull_request_comment              float64      5             0.576909             0.521212             0.561111             0.561111             0.561111                 0.68  0.060164
proj_hhi_pull_request_review               float64      4                  1.0                  1.0                  1.0                  1.0                  1.0                  1.0       0.0
proj_prob_hhi_discussion_comment           float64      6             0.713295             0.625436             0.652913              0.65873             0.679106                  1.0   0.14178
proj_prob_hhi_issue_comment                float64      6             0.705773             0.608374             0.655844             0.655844             0.658009                  1.0  0.145429
proj_prob_hhi_pull_request_comment         float64      5             0.687273             0.636364             0.666667             0.666667             0.666667                  0.8  0.064368
proj_prob_hhi_pull_request_review          float64      4                  1.0                  1.0                  1.0                  1.0                  1.0                  1.0       0.0
num_active_members                           Int64      6                  3.0                  1.0                 1.25                  2.5                  4.5                  6.0  2.097618

