File: drive/output/derived/org_outcomes_practices/repo_collaboration/all/rolling5/openpecha___pyewts.parquet

MD5 hash: cd78ba2d3938631277edb873739204ed

Keys: time_period 

                                              type  count                 mean                  min                  25%                  50%                  75%                  max       std
time_period                         datetime64[ns]      5  2020-05-25 19:12:00  2018-07-01 00:00:00  2019-01-01 00:00:00  2019-07-01 00:00:00  2020-01-01 00:00:00  2025-01-01 00:00:00          
avg_members_per_problem                    float64      5             1.933333             1.833333             1.833333                  2.0                  2.0                  2.0  0.091287
pct_members_multiple                       float64      5             0.933333             0.833333             0.833333                  1.0                  1.0                  1.0  0.091287
proj_hhi_discussion_comment                float64      5             0.768905             0.583333             0.617857             0.643333                  1.0                  1.0  0.212032
proj_hhi_issue_comment                     float64      4               0.8625                  0.7               0.7375                0.875                  1.0                  1.0  0.160078
proj_hhi_issue_opened                      float64      4             0.833333             0.666667             0.666667             0.833333                  1.0                  1.0   0.19245
proj_hhi_pull_request_comment              float64      4             0.674479              0.53125             0.570312             0.583333               0.6875                  1.0  0.218398
proj_hhi_pull_request_merged               float64      4                  1.0                  1.0                  1.0                  1.0                  1.0                  1.0       0.0
proj_hhi_pull_request_opened               float64      4                  1.0                  1.0                  1.0                  1.0                  1.0                  1.0       0.0
proj_hhi_issue_closed                      float64      1                  1.0                  1.0                  1.0                  1.0                  1.0                  1.0          
proj_hhi_pull_request_review               float64      1                  1.0                  1.0                  1.0                  1.0                  1.0                  1.0          
proj_prob_hhi_discussion_comment           float64      5             0.782794             0.611111             0.642857                 0.66                  1.0                  1.0  0.199056
proj_prob_hhi_issue_comment                float64      4             0.858333                  0.7                0.725             0.866667                  1.0                  1.0  0.164148
proj_prob_hhi_pull_request_comment         float64      4             0.696181               0.5625             0.598958             0.611111             0.708333                  1.0  0.203838
proj_prob_hhi_pull_request_review          float64      1                  1.0                  1.0                  1.0                  1.0                  1.0                  1.0          
num_active_members                           Int64      5                  2.0                  1.0                  2.0                  2.0                  2.0                  3.0  0.707107

