File: drive/output/derived/org_outcomes_practices/repo_collaboration/all/rolling5/parsely___pykafka.parquet

MD5 hash: afba1779d309911213b0e416136362d8

Keys: time_period 

                                                     type  count                           mean                  min                  25%                  50%                  75%                  max        std
time_period                                datetime64[ns]     13  2017-12-31 05:32:18.461538560  2015-01-01 00:00:00  2016-07-01 00:00:00  2018-01-01 00:00:00  2019-07-01 00:00:00  2021-01-01 00:00:00           
avg_members_per_problem                           float64     13                       2.111486              1.79798             1.979522             2.127119                 2.27             2.353659   0.199387
pct_members_multiple                              float64     13                        0.76844             0.545455             0.737201             0.802198             0.843333             0.853659   0.100963
proj_hhi_discussion_comment                       float64     13                       0.265519             0.240501             0.251691             0.255648             0.282075             0.290138   0.017769
proj_hhi_issue_closed                             float64     13                       0.676902             0.348373             0.605329             0.691645             0.778457             0.816917   0.137024
proj_hhi_issue_comment                            float64     13                       0.277947             0.207507             0.246485             0.280863             0.319876             0.340065   0.045122
proj_hhi_issue_opened                             float64     13                       0.096148             0.047068             0.062962             0.088426              0.09835             0.257685   0.054953
proj_hhi_pull_request_closed                      float64     13                       0.619139             0.387755             0.453571             0.567288             0.796935             0.914729   0.190111
proj_hhi_pull_request_comment                     float64     13                       0.345399             0.244038             0.250902             0.270073             0.443725             0.548309    0.11949
proj_hhi_pull_request_merged                      float64     13                        0.88474             0.510204             0.813484             0.986972                  1.0                  1.0   0.154991
proj_hhi_pull_request_opened                      float64     13                       0.382483              0.28125             0.292019             0.331565             0.475183             0.612668   0.114744
proj_hhi_pull_request_review_comment              float64     13                       0.432565             0.343662             0.360208              0.41358             0.517803             0.587037   0.084598
proj_prob_hhi_discussion_comment                  float64     13                       0.533577              0.45774             0.466257             0.521846             0.582845             0.667377   0.071644
proj_prob_hhi_issue_comment                       float64     13                       0.512557             0.452534             0.459144             0.535877             0.549861             0.588446   0.048578
proj_prob_hhi_pull_request_comment                float64     13                       0.596343             0.482769             0.494509             0.566442             0.686451             0.791525   0.118201
proj_prob_hhi_pull_request_review_comment         float64     13                       0.568762             0.513834             0.521292              0.52849             0.613148             0.717094   0.065496
num_active_members                                  Int64     13                      38.615385                  5.0                 20.0                 40.0                 47.0                 90.0  24.894907

