File: drive/output/derived/org_outcomes_practices/repo_collaboration/all/rolling5/pb-___tasks.parquet

MD5 hash: cffdaa9c7891eb8d059d9493c17aa192

Keys: time_period 

                                                     type  count                 mean                  min                  25%                  50%                  75%                  max       std
time_period                                datetime64[ns]      4  2020-12-31 00:00:00  2020-01-01 00:00:00  2020-05-16 12:00:00  2020-10-01 00:00:00  2021-05-17 12:00:00  2022-07-01 00:00:00          
avg_members_per_problem                           float64      2             1.291667                 1.25             1.270833             1.291667               1.3125             1.333333  0.058926
pct_members_multiple                              float64      2             0.291667                 0.25             0.270833             0.291667               0.3125             0.333333  0.058926
proj_hhi_discussion_comment                       float64      4             0.895833                 0.75               0.8125             0.916667                  1.0                  1.0     0.125
proj_hhi_pull_request_closed                      float64      4                  1.0                  1.0                  1.0                  1.0                  1.0                  1.0       0.0
proj_hhi_pull_request_comment                     float64      4                  1.0                  1.0                  1.0                  1.0                  1.0                  1.0       0.0
proj_hhi_pull_request_opened                      float64      4             0.878125                  0.7             0.784375              0.90625                  1.0                  1.0  0.148034
proj_hhi_pull_request_merged                      float64      2             0.555556             0.555556             0.555556             0.555556             0.555556             0.555556       0.0
proj_hhi_pull_request_review                      float64      2                  1.0                  1.0                  1.0                  1.0                  1.0                  1.0       0.0
proj_hhi_pull_request_review_comment              float64      2                  1.0                  1.0                  1.0                  1.0                  1.0                  1.0       0.0
proj_hhi_issue_opened                             float64      1                  1.0                  1.0                  1.0                  1.0                  1.0                  1.0          
proj_prob_hhi_discussion_comment                  float64      4                  1.0                  1.0                  1.0                  1.0                  1.0                  1.0       0.0
proj_prob_hhi_pull_request_comment                float64      4                  1.0                  1.0                  1.0                  1.0                  1.0                  1.0       0.0
proj_prob_hhi_pull_request_review                 float64      2                  1.0                  1.0                  1.0                  1.0                  1.0                  1.0       0.0
proj_prob_hhi_pull_request_review_comment         float64      2                  1.0                  1.0                  1.0                  1.0                  1.0                  1.0       0.0
num_active_members                                  Int64      4                  1.5                  1.0                  1.0                  1.0                  1.5                  3.0       1.0

