File: drive/output/derived/org_outcomes_practices/repo_collaboration/all/rolling5/peec-nature-youth-group___pumaguard.parquet

MD5 hash: d6b1a3f85e8ac292231eb5ef5b0ea3f4

Keys: time_period 

                                                     type  count                 mean                  min                  25%                  50%                  75%                  max       std
time_period                                datetime64[ns]      2  2024-10-01 00:00:00  2024-07-01 00:00:00  2024-08-16 00:00:00  2024-10-01 00:00:00  2024-11-16 00:00:00  2025-01-01 00:00:00          
avg_members_per_problem                           float64      2             1.227746             1.165899             1.196822             1.227746             1.258669             1.289593  0.087465
pct_members_multiple                              float64      2             0.175376             0.129032             0.152204             0.175376             0.198548             0.221719   0.06554
proj_hhi_discussion_comment                       float64      2             0.386193               0.3225             0.354347             0.386193              0.41804             0.449886  0.090076
proj_hhi_issue_closed                             float64      2             0.695502             0.695502             0.695502             0.695502             0.695502             0.695502       0.0
proj_hhi_issue_comment                            float64      2             0.414982             0.414982             0.414982             0.414982             0.414982             0.414982       0.0
proj_hhi_issue_opened                             float64      2             0.872303             0.870868             0.871585             0.872303              0.87302             0.873737  0.002029
proj_hhi_pull_request_closed                      float64      2             0.853261             0.706522             0.779891             0.853261              0.92663                  1.0   0.20752
proj_hhi_pull_request_comment                     float64      2             0.554167             0.483333              0.51875             0.554167             0.589583                0.625  0.100173
proj_hhi_pull_request_merged                      float64      2             0.950945             0.937565             0.944255             0.950945             0.957635             0.964325  0.018922
proj_hhi_pull_request_opened                      float64      2             0.682612             0.613202             0.647907             0.682612             0.717317             0.752022  0.098161
proj_hhi_pull_request_review                      float64      2             0.464421              0.26321             0.363815             0.464421             0.565026             0.665632  0.284555
proj_hhi_pull_request_review_comment              float64      2             0.909091             0.818182             0.863636             0.909091             0.954545                  1.0  0.128565
proj_prob_hhi_discussion_comment                  float64      2             0.783729               0.7375             0.760614             0.783729             0.806843             0.829958  0.065378
proj_prob_hhi_issue_comment                       float64      2             0.637931             0.637931             0.637931             0.637931             0.637931             0.637931       0.0
proj_prob_hhi_pull_request_comment                float64      2                  1.0                  1.0                  1.0                  1.0                  1.0                  1.0       0.0
proj_prob_hhi_pull_request_review                 float64      2             0.904393             0.871111             0.887752             0.904393             0.921034             0.937676  0.047068
proj_prob_hhi_pull_request_review_comment         float64      2             0.966667             0.933333                 0.95             0.966667             0.983333                  1.0   0.04714
num_active_members                                  Int64      2                 11.5                 10.0                10.75                 11.5                12.25                 13.0   2.12132

