File: drive/output/derived/org_outcomes_practices/repo_collaboration/all/rolling5/pulumi___pulumi-tailscale.parquet

MD5 hash: c1d842aee4c84f4d971e34f4dc7592d7

Keys: time_period 

                                                     type  count                 mean                  min                  25%                  50%                  75%                  max       std
time_period                                datetime64[ns]      8  2023-04-01 18:00:00  2021-07-01 00:00:00  2022-05-16 18:00:00  2023-04-01 12:00:00  2024-02-15 12:00:00  2025-01-01 00:00:00          
avg_members_per_problem                           float64      8             1.301532             1.145349             1.161152             1.256968             1.294893             1.833333   0.22473
pct_members_multiple                              float64      8             0.268921             0.122093             0.138137             0.213473             0.245427             0.833333  0.233583
proj_hhi_discussion_comment                       float64      8             0.585156             0.452211             0.532926             0.587951             0.638777              0.70889  0.087135
proj_hhi_issue_closed                             float64      8             0.582736             0.504464             0.511147             0.521576             0.538462                  1.0  0.169707
proj_hhi_issue_comment                            float64      8             0.419854             0.326234             0.394339             0.416253             0.451662                  0.5  0.053395
proj_hhi_issue_opened                             float64      8             0.761454             0.665011             0.711033             0.730862             0.765738                  1.0  0.105499
proj_hhi_pull_request_comment                     float64      8             0.881005             0.617937             0.839191             0.910663             0.970745                  1.0  0.127876
proj_hhi_pull_request_merged                      float64      8             0.511344             0.269655             0.314118              0.52107              0.65844             0.801932  0.213075
proj_hhi_pull_request_opened                      float64      8             0.639983                 0.36             0.533805              0.66676             0.749714             0.834742  0.158095
proj_hhi_pull_request_review                      float64      8             0.469451              0.37444             0.384039             0.423703             0.567708                0.625  0.104465
proj_hhi_pull_request_closed                      float64      7             0.649455              0.40106             0.430115             0.558201             0.863346                  1.0  0.264211
proj_hhi_pull_request_review_comment              float64      5             0.634286             0.542857             0.542857             0.542857             0.542857                  1.0  0.204441
proj_prob_hhi_discussion_comment                  float64      8             0.864906             0.697042             0.851406             0.886719             0.906784             0.929909  0.075351
proj_prob_hhi_issue_comment                       float64      8             0.710778                  0.5             0.711458             0.733025             0.752216             0.790476  0.089333
proj_prob_hhi_pull_request_comment                float64      8             0.933606             0.698109             0.944958             0.968482              0.97878                  1.0  0.099817
proj_prob_hhi_pull_request_review                 float64      8             0.906689              0.80303             0.817482             0.909722                  1.0                  1.0  0.099885
proj_prob_hhi_pull_request_review_comment         float64      5             0.771429             0.714286             0.714286             0.714286             0.714286                  1.0  0.127775
num_active_members                                  Int64      8                 10.0                  5.0                 8.75                 10.0                 12.0                 14.0   2.77746

