File: drive/output/derived/org_outcomes_practices/repo_collaboration/all/rolling5/pyauth___python-pkcs11.parquet

MD5 hash: fd7c400e4b74339b2b2ff523a72e57eb

Keys: time_period 

                                                     type  count                 mean                  min                  25%                  50%                  75%                  max       std
time_period                                datetime64[ns]     17  2020-12-31 00:00:00  2017-01-01 00:00:00  2019-01-01 00:00:00  2021-01-01 00:00:00  2023-01-01 00:00:00  2025-01-01 00:00:00          
avg_members_per_problem                           float64     17             1.971171             1.590909             1.732143                  2.0             2.214286             2.321429  0.254549
pct_members_multiple                              float64     17             0.725381             0.386364             0.522727             0.828283             0.876712                  1.0  0.208718
proj_hhi_discussion_comment                       float64     17             0.322869             0.195007             0.281275             0.320021             0.381434             0.502222  0.082384
proj_hhi_issue_closed                             float64     17             0.630393             0.442529             0.474359             0.577368             0.796218                  1.0  0.172065
proj_hhi_issue_comment                            float64     17              0.30363             0.195087              0.25833              0.28329             0.335062             0.502222  0.085396
proj_hhi_issue_opened                             float64     17             0.195529             0.104345             0.139293             0.188045             0.233333             0.333333  0.063981
proj_hhi_pull_request_closed                      float64     16              0.88125             0.666667                 0.75                  1.0                  1.0                  1.0  0.144386
proj_hhi_pull_request_comment                     float64     16             0.411873             0.259538             0.356924             0.380471             0.463333             0.555556  0.091876
proj_hhi_pull_request_opened                      float64     16              0.45015              0.26087             0.288406             0.337879             0.406731                  1.0  0.277596
proj_hhi_pull_request_merged                      float64     15             0.957099             0.652778                  1.0                  1.0                  1.0                  1.0  0.113624
proj_hhi_pull_request_review_comment              float64     13             0.703887              0.41271             0.494657             0.636878                  1.0                  1.0  0.240055
proj_hhi_pull_request_review                      float64     10             0.707973             0.543253             0.621849             0.665805             0.800339                  1.0  0.144611
proj_prob_hhi_discussion_comment                  float64     17               0.5533             0.494297             0.502218             0.556663             0.580952             0.656889  0.052175
proj_prob_hhi_issue_comment                       float64     17             0.522996             0.474267             0.498873             0.517196             0.540805             0.580952  0.032695
proj_prob_hhi_pull_request_comment                float64     16             0.637561             0.536316              0.55416             0.560866             0.617472                  1.0  0.155154
proj_prob_hhi_pull_request_review_comment         float64     13             0.754758             0.548209             0.609125             0.672619                  1.0                  1.0   0.19448
proj_prob_hhi_pull_request_review                 float64     10             0.810549             0.647059             0.728022             0.813187             0.873843                  1.0   0.10573
num_active_members                                  Int64     17            12.470588                  4.0                  9.0                 12.0                 18.0                 20.0  5.221562

