File: drive/output/derived/org_outcomes_practices/repo_collaboration/all/rolling5/python-websockets___websockets.parquet

MD5 hash: f3aecde0f8a5fa8f057832169ca90739

Keys: time_period 

                                                     type  count                           mean                  min                  25%                  50%                  75%                  max        std
time_period                                datetime64[ns]     21  2019-12-31 17:08:34.285714176  2015-01-01 00:00:00  2017-07-01 00:00:00  2020-01-01 00:00:00  2022-07-01 00:00:00  2025-01-01 00:00:00           
avg_members_per_problem                           float64     21                       1.996558             1.796512             1.945813             2.015656             2.072614             2.153153   0.103172
pct_members_multiple                              float64     21                       0.766549              0.68314             0.716243             0.763636             0.802875             0.891892   0.062564
proj_hhi_discussion_comment                       float64     21                       0.321844             0.276022              0.29276             0.315195             0.343166             0.404069   0.036032
proj_hhi_issue_closed                             float64     21                       0.639052                  0.5             0.582121             0.641499             0.690604             0.851087   0.087858
proj_hhi_issue_comment                            float64     21                       0.328388             0.279258             0.312041             0.328471             0.335294             0.425103   0.034308
proj_hhi_issue_opened                             float64     21                       0.067248             0.020897             0.030912             0.063122             0.095584             0.147929   0.037878
proj_hhi_pull_request_comment                     float64     21                       0.368339             0.275128               0.3157             0.359433             0.383515             0.538621   0.070493
proj_hhi_pull_request_merged                      float64     21                       0.971886             0.833333             0.960526                  1.0                  1.0                  1.0   0.050579
proj_hhi_pull_request_opened                      float64     21                       0.306066             0.218605             0.271029             0.309019             0.358687             0.384559   0.053952
proj_hhi_pull_request_closed                      float64     20                       0.639156             0.434954              0.59214              0.64706             0.720518                  0.8   0.109245
proj_hhi_pull_request_review_comment              float64     19                       0.422536             0.298551             0.375145             0.396491              0.46875             0.662338   0.081155
proj_hhi_pull_request_review                      float64      9                       0.392248                 0.35                 0.36             0.390476             0.397619             0.492308   0.043197
proj_prob_hhi_discussion_comment                  float64     21                       0.551424             0.518221             0.530309             0.541085             0.565015             0.624456   0.030698
proj_prob_hhi_issue_comment                       float64     21                       0.548531             0.502063             0.528805             0.545876             0.555284             0.618209   0.031908
proj_prob_hhi_pull_request_comment                float64     21                       0.591741                  0.5              0.55089             0.574794             0.638356             0.679134   0.054119
proj_prob_hhi_pull_request_review_comment         float64     19                       0.590344              0.46875             0.523642             0.576805             0.646148             0.928571   0.106443
proj_prob_hhi_pull_request_review                 float64      9                        0.61477             0.545455             0.586111             0.595833                0.625             0.774359   0.064314
num_active_members                                  Int64     21                      60.238095                 12.0                 42.0                 60.0                 80.0                101.0  25.109569

