File: drive/output/derived/org_outcomes_practices/repo_collaboration/all/rolling5/python___tzdata.parquet

MD5 hash: e5a16ce60176d692af15ce4ed9dc57a2

Keys: time_period 

                                                     type  count                           mean                  min                  25%                  50%                  75%                  max       std
time_period                                datetime64[ns]     11  2022-07-01 21:49:05.454545408  2020-01-01 00:00:00  2021-04-01 12:00:00  2022-07-01 00:00:00  2023-10-01 00:00:00  2025-01-01 00:00:00          
avg_members_per_problem                           float64     11                       1.328307             1.272727             1.285714             1.322581             1.356322             1.411765   0.04836
pct_members_multiple                              float64     11                       0.275715             0.181818              0.24569             0.272727              0.29803             0.392857  0.059787
proj_hhi_discussion_comment                       float64     11                       0.508008             0.462451             0.468172             0.475309             0.539931                 0.62    0.0533
proj_hhi_issue_closed                             float64     11                       0.858333             0.666667               0.6875                  1.0                  1.0                  1.0  0.163936
proj_hhi_issue_comment                            float64     11                       0.449406             0.333333                0.375             0.412698             0.515385             0.666667  0.099564
proj_hhi_issue_opened                             float64     11                           0.75             0.428571                  0.5                 0.75                  1.0                  1.0  0.252033
proj_hhi_pull_request_comment                     float64     11                       0.771284              0.52381             0.569444             0.714286                  1.0                  1.0  0.224606
proj_hhi_pull_request_merged                      float64     11                            1.0                  1.0                  1.0                  1.0                  1.0                  1.0       0.0
proj_hhi_pull_request_opened                      float64     11                       0.878488             0.509524             0.810003              0.93266                  1.0                  1.0  0.162858
proj_hhi_pull_request_review_comment              float64     10                       0.542599                  0.5                  0.5             0.546673             0.581432             0.589136  0.042196
proj_hhi_pull_request_review                      float64      9                       0.509206                  0.5                  0.5             0.514286             0.514286                 0.52   0.00901
proj_hhi_pull_request_closed                      float64      8                       0.909722             0.611111             0.916667                  1.0                  1.0                  1.0   0.16782
proj_prob_hhi_discussion_comment                  float64     11                       0.600276             0.550725             0.556442              0.56186             0.633929             0.711111  0.055777
proj_prob_hhi_issue_comment                       float64     11                       0.468648             0.333333                0.375             0.444444             0.547009             0.666667  0.110883
proj_prob_hhi_pull_request_comment                float64     11                       0.838745             0.666667               0.6875             0.809524                  1.0                  1.0  0.159285
proj_prob_hhi_pull_request_review_comment         float64     10                       0.544074                  0.5                  0.5             0.552076             0.582752             0.589136   0.04211
proj_prob_hhi_pull_request_review                 float64      9                       0.515344                  0.5                  0.5              0.52381              0.52381             0.533333  0.015017
num_active_members                                  Int64     11                       3.454545                  1.0                  3.0                  4.0                  4.0                  6.0  1.507557

