File: drive/output/derived/org_outcomes_practices/repo_collaboration/all/rolling5/quantco___spox.parquet

MD5 hash: 58ec04b58570b273d2e3d36657d0819f

Keys: time_period 

                                                     type  count                 mean                  min                  25%                  50%                  75%                  max       std
time_period                                datetime64[ns]      5  2023-12-31 19:12:00  2023-01-01 00:00:00  2023-07-01 00:00:00  2024-01-01 00:00:00  2024-07-01 00:00:00  2025-01-01 00:00:00          
avg_members_per_problem                           float64      5             1.778065             1.745098             1.746835              1.77381             1.801887             1.822695  0.034057
pct_members_multiple                              float64      5             0.599666              0.56962             0.577381              0.59434             0.609929             0.647059  0.030737
proj_hhi_discussion_comment                       float64      5             0.283576             0.261347             0.272791             0.286763             0.296252             0.300726  0.016397
proj_hhi_issue_closed                             float64      5             0.559256             0.485714             0.511039             0.564835             0.591837             0.642857  0.062879
proj_hhi_issue_comment                            float64      5             0.303722              0.25997             0.268169             0.280469                 0.35                 0.36  0.047507
proj_hhi_issue_opened                             float64      5             0.423521             0.369697                0.392                0.425                 0.44             0.490909  0.046652
proj_hhi_pull_request_closed                      float64      5             0.477489             0.333333             0.333333             0.357143             0.363636                  1.0  0.292415
proj_hhi_pull_request_comment                     float64      5             0.276429              0.25066             0.253565             0.262839             0.285221             0.329861  0.032802
proj_hhi_pull_request_merged                      float64      5             0.434453             0.399449             0.438017             0.442646             0.446053             0.446099  0.019845
proj_hhi_pull_request_opened                      float64      5             0.246563             0.231682             0.233563             0.235218             0.253439             0.278912   0.02008
proj_hhi_pull_request_review                      float64      5             0.352354             0.341887             0.344344              0.34683              0.35041             0.378298  0.014842
proj_hhi_pull_request_review_comment              float64      5             0.331173             0.304688             0.322235             0.325094             0.337374             0.366476   0.02293
proj_prob_hhi_discussion_comment                  float64      5             0.536626             0.507074             0.509442             0.512085             0.526713             0.627816  0.051547
proj_prob_hhi_issue_comment                       float64      5             0.561707              0.48264              0.49881             0.504167              0.55625             0.766667  0.117853
proj_prob_hhi_pull_request_comment                float64      5             0.625711             0.575613             0.585958             0.607151             0.616776             0.743056  0.067609
proj_prob_hhi_pull_request_review                 float64      5             0.671781               0.6503             0.665039             0.669967             0.673532             0.700067   0.01812
proj_prob_hhi_pull_request_review_comment         float64      5              0.57109             0.547368             0.555388             0.557013             0.560262             0.635417  0.036272
num_active_members                                  Int64      5                 11.0                  9.0                  9.0                 11.0                 13.0                 13.0       2.0

