File: drive/output/derived/org_outcomes_practices/repo_collaboration/all/rolling5/raphaelm___django-i18nfield.parquet

MD5 hash: 194b7755990e27c8ad90026345e798a3

Keys: time_period 

                                                     type  count                           mean                  min                  25%                  50%                  75%                  max       std
time_period                                datetime64[ns]     13  2020-06-17 09:13:50.769230848  2017-01-01 00:00:00  2018-07-01 00:00:00  2020-01-01 00:00:00  2021-07-01 00:00:00  2025-01-01 00:00:00          
avg_members_per_problem                           float64     13                       1.799905                  1.0             1.818182                1.875                  2.0             2.105263  0.302369
pct_members_multiple                              float64     13                       0.773539                  0.0               0.8125             0.866667               0.9375                  1.0  0.284677
proj_hhi_discussion_comment                       float64     11                       0.363442             0.314286             0.340196             0.355556              0.36676                  0.5  0.050204
proj_hhi_issue_closed                             float64     13                       0.907692                 0.75                 0.75                  1.0                  1.0                  1.0  0.122213
proj_hhi_issue_opened                             float64     11                       0.864069                  0.6             0.690476                  1.0                  1.0                  1.0  0.167635
proj_hhi_pull_request_comment                     float64     11                       0.430644             0.282609             0.323718             0.363095             0.456433                  1.0  0.203089
proj_hhi_pull_request_merged                      float64     12                            1.0                  1.0                  1.0                  1.0                  1.0                  1.0       0.0
proj_hhi_pull_request_opened                      float64     12                       0.607833             0.342857             0.472917             0.583333              0.74359                  1.0  0.208028
proj_hhi_issue_comment                            float64     10                       0.627067              0.53125             0.555556              0.60582             0.715278             0.740741  0.084774
proj_hhi_pull_request_review_comment              float64      9                       0.764815             0.533333             0.533333                 0.75                  1.0                  1.0  0.233399
proj_hhi_pull_request_review                      float64      5                            1.0                  1.0                  1.0                  1.0                  1.0                  1.0       0.0
proj_hhi_pull_request_closed                      float64      1                            1.0                  1.0                  1.0                  1.0                  1.0                  1.0          
proj_prob_hhi_discussion_comment                  float64     11                       0.532085             0.450108             0.471387             0.540625             0.562439             0.666667  0.071563
proj_prob_hhi_pull_request_comment                float64     11                       0.564809             0.442995             0.457555             0.518519             0.603314                  1.0  0.163124
proj_prob_hhi_issue_comment                       float64     10                       0.616048              0.53125             0.555556              0.60582             0.639583             0.740741  0.075064
proj_prob_hhi_pull_request_review_comment         float64      9                       0.764815             0.533333             0.533333                 0.75                  1.0                  1.0  0.233399
proj_prob_hhi_pull_request_review                 float64      5                            1.0                  1.0                  1.0                  1.0                  1.0                  1.0       0.0
num_active_members                                  Int64     13                       3.153846                  1.0                  2.0                  3.0                  4.0                  6.0  1.463224

