File: drive/output/derived/org_outcomes_practices/repo_collaboration/all/rolling5/return42___linuxdoc.parquet

MD5 hash: 1d48b274e6cbb6bbe82c8cbe6a0d56c5

Keys: time_period 

                                                     type  count                 mean                  min                  25%                  50%                  75%                  max       std
time_period                                datetime64[ns]     12  2021-08-01 00:00:00  2017-07-01 00:00:00  2019-11-16 00:00:00  2021-10-01 00:00:00  2023-04-02 06:00:00  2025-01-01 00:00:00          
avg_members_per_problem                           float64     12             1.800395             1.538462             1.701705             1.804762             1.884615                  2.0  0.153229
pct_members_multiple                              float64     12             0.774108             0.538462             0.633523             0.765568                0.875                  1.0  0.160083
proj_hhi_discussion_comment                       float64     12             0.571067             0.453333             0.505324             0.539251             0.566111                  1.0  0.142573
proj_hhi_pull_request_comment                     float64     12             0.599534             0.492424             0.547903             0.555556                  0.6                  1.0  0.134212
proj_hhi_pull_request_opened                      float64     11             0.801414             0.422222             0.556667                  1.0                  1.0                  1.0  0.245887
proj_hhi_pull_request_review_comment              float64      4                  1.0                  1.0                  1.0                  1.0                  1.0                  1.0       0.0
proj_hhi_issue_closed                             float64     11             0.912506             0.733333             0.821429                  1.0                  1.0                  1.0  0.104495
proj_hhi_issue_comment                            float64     11             0.559313             0.485024             0.513814             0.555556             0.591667             0.666667  0.058444
proj_hhi_issue_opened                             float64     11             0.692532             0.533333             0.569048                0.625                0.775                  1.0  0.174647
proj_hhi_pull_request_closed                      float64      8                0.625                  0.5                  0.5             0.583333             0.666667                  1.0  0.172516
proj_hhi_pull_request_merged                      float64      8                  1.0                  1.0                  1.0                  1.0                  1.0                  1.0       0.0
proj_prob_hhi_discussion_comment                  float64     12             0.616563             0.505556             0.525678             0.564626             0.668034                  1.0  0.139943
proj_prob_hhi_pull_request_comment                float64     12             0.613329                  0.5             0.539091             0.555556             0.626409                  1.0  0.138088
proj_prob_hhi_pull_request_review_comment         float64      4                 0.75                  0.5                  0.5                 0.75                  1.0                  1.0  0.288675
proj_prob_hhi_issue_comment                       float64     11              0.60237             0.499556             0.531614             0.564158             0.683333                 0.76  0.091505
num_active_members                                  Int64     12             2.416667                  1.0                  2.0                  2.0                  3.0                  4.0  0.900337

