File: drive/output/derived/org_outcomes_practices/repo_collaboration/all/rolling5/rmorshea___hatch-build-scripts.parquet

MD5 hash: 073e275a1b5ab5e24aa3c0734879c0ee

Keys: time_period 

                                              type  count                 mean                  min                  25%                  50%                  75%                  max       std
time_period                         datetime64[ns]      3  2024-03-02 00:00:00  2023-01-01 00:00:00  2023-10-01 12:00:00  2024-07-01 00:00:00  2024-10-01 00:00:00  2025-01-01 00:00:00          
avg_members_per_problem                    float64      3             1.208333                  1.0                  1.0                  1.0               1.3125                1.625  0.360844
pct_members_multiple                       float64      3             0.166667                  0.0                  0.0                  0.0                 0.25                  0.5  0.288675
proj_hhi_pull_request_merged               float64      3                  1.0                  1.0                  1.0                  1.0                  1.0                  1.0       0.0
proj_hhi_pull_request_opened               float64      3             0.861111             0.583333             0.791667                  1.0                  1.0                  1.0  0.240563
proj_hhi_issue_opened                      float64      2                  1.0                  1.0                  1.0                  1.0                  1.0                  1.0       0.0
proj_hhi_discussion_comment                float64      1                0.375                0.375                0.375                0.375                0.375                0.375          
proj_hhi_issue_closed                      float64      1                  1.0                  1.0                  1.0                  1.0                  1.0                  1.0          
proj_hhi_issue_comment                     float64      1                  1.0                  1.0                  1.0                  1.0                  1.0                  1.0          
proj_hhi_pull_request_closed               float64      1                  1.0                  1.0                  1.0                  1.0                  1.0                  1.0          
proj_hhi_pull_request_comment              float64      1             0.555556             0.555556             0.555556             0.555556             0.555556             0.555556          
proj_hhi_pull_request_review               float64      1                  1.0                  1.0                  1.0                  1.0                  1.0                  1.0          
proj_prob_hhi_discussion_comment           float64      1                  1.0                  1.0                  1.0                  1.0                  1.0                  1.0          
proj_prob_hhi_issue_comment                float64      1                  1.0                  1.0                  1.0                  1.0                  1.0                  1.0          
proj_prob_hhi_pull_request_comment         float64      1                  1.0                  1.0                  1.0                  1.0                  1.0                  1.0          
proj_prob_hhi_pull_request_review          float64      1                  1.0                  1.0                  1.0                  1.0                  1.0                  1.0          
num_active_members                           Int64      3             1.666667                  1.0                  1.0                  1.0                  2.0                  3.0  1.154701

