File: drive/output/derived/org_outcomes_practices/repo_collaboration/all/rolling5/robertlugg___easygui.parquet

MD5 hash: c409a1faedb62a4a01ac24273365be8d

Keys: time_period 

                                                     type  count                 mean                  min                  25%                  50%                  75%                  max       std
time_period                                datetime64[ns]     20  2019-10-01 08:24:00  2015-01-01 00:00:00  2017-05-16 18:00:00  2019-10-01 00:00:00  2022-02-15 06:00:00  2024-07-01 00:00:00          
avg_members_per_problem                           float64     20             1.761746             1.351351             1.547807             1.669683             2.026099             2.222222  0.266444
pct_members_multiple                              float64     20             0.530933             0.297297             0.341806             0.594118             0.684127             0.731707  0.172528
proj_hhi_discussion_comment                       float64     20             0.288008             0.218865              0.26321             0.288233             0.308303              0.38125  0.043084
proj_hhi_issue_closed                             float64     20             0.665775                  0.4                  0.5             0.561427             0.784965                  1.0  0.215217
proj_hhi_issue_comment                            float64     20             0.270785             0.192741             0.238244             0.257129             0.294697             0.419753  0.052982
proj_hhi_issue_opened                             float64     20             0.240391              0.14081             0.201816             0.229879             0.275694             0.414062  0.068733
proj_hhi_pull_request_closed                      float64     20                0.807                 0.44                 0.55                  1.0                  1.0                  1.0  0.243943
proj_hhi_pull_request_comment                     float64     20              0.59866             0.243386             0.549519             0.666667              0.71125                 0.75  0.168064
proj_hhi_pull_request_merged                      float64     19             0.976905                0.905             0.960417                  1.0                  1.0                  1.0  0.039886
proj_hhi_pull_request_opened                      float64     20             0.547632             0.257143             0.513484             0.563301              0.63709             0.733333  0.125323
proj_hhi_pull_request_review_comment              float64     16             0.757809                 0.54             0.616667             0.654321                  1.0                  1.0  0.197931
proj_hhi_pull_request_review                      float64      6             0.691358              0.62963              0.62963              0.62963              0.62963                  1.0  0.151203
proj_prob_hhi_discussion_comment                  float64     20             0.599018             0.488257             0.544102             0.598356             0.629552             0.816667  0.090242
proj_prob_hhi_issue_comment                       float64     20              0.56339             0.466632             0.503179              0.54401             0.597467             0.765432  0.080509
proj_prob_hhi_pull_request_comment                float64     20             0.721044             0.571429             0.659091             0.702415             0.794643             0.916667  0.099394
proj_prob_hhi_pull_request_review_comment         float64     16             0.862809             0.654321             0.654321             0.908333                  1.0                  1.0  0.150602
proj_prob_hhi_pull_request_review                 float64      6             0.837963             0.805556             0.805556             0.805556             0.805556                  1.0  0.079382
num_active_members                                  Int64     20                 11.4                  3.0                 6.75                 11.5                15.25                 29.0  6.201867

