File: drive/output/derived/org_outcomes_practices/repo_collaboration/all/rolling5/smihica___pyminizip.parquet

MD5 hash: d1701b137eecac1e5ac827e83b15cfb3

Keys: time_period 

                                              type  count                 mean                  min                  25%                  50%                  75%                  max       std
time_period                         datetime64[ns]     20  2020-03-22 22:48:00  2015-01-01 00:00:00  2017-11-16 00:00:00  2020-04-01 00:00:00  2022-08-16 00:00:00  2025-01-01 00:00:00          
avg_members_per_problem                    float64     20             1.720886                  1.2             1.345833             1.707143             1.954167             2.411765  0.385769
pct_members_multiple                       float64     20              0.46311                  0.2                0.325             0.458333             0.584211             0.722222  0.163469
proj_hhi_discussion_comment                float64     20             0.404227             0.257796             0.312277             0.447959             0.463648                  0.5  0.090967
proj_hhi_issue_closed                      float64     16             0.791667             0.333333             0.333333                  1.0                  1.0                  1.0  0.319142
proj_hhi_issue_comment                     float64     20             0.457434             0.287356             0.364583             0.462834             0.503333                 0.75  0.117793
proj_hhi_issue_opened                      float64     20             0.602857                  0.3             0.428571             0.477273               0.8125                  1.0  0.250437
proj_hhi_pull_request_merged               float64     15                  1.0                  1.0                  1.0                  1.0                  1.0                  1.0       0.0
proj_hhi_pull_request_opened               float64     20             0.717708                  0.5                  0.5             0.666667                  1.0                  1.0  0.207471
proj_hhi_pull_request_closed               float64      9                  1.0                  1.0                  1.0                  1.0                  1.0                  1.0       0.0
proj_hhi_pull_request_comment              float64     17             0.628027              0.34375                 0.45             0.571429             0.857143                  1.0  0.231184
proj_hhi_pull_request_review               float64      5                  1.0                  1.0                  1.0                  1.0                  1.0                  1.0       0.0
proj_prob_hhi_discussion_comment           float64     20             0.576413             0.403509             0.473423             0.569444             0.630952             0.818182  0.125283
proj_prob_hhi_issue_comment                float64     20             0.522727             0.366146             0.417223                  0.5             0.601515                0.875  0.139506
proj_prob_hhi_pull_request_comment         float64     17             0.720733                  0.5             0.618182             0.666667             0.857143                  1.0  0.158126
proj_prob_hhi_pull_request_review          float64      5                  1.0                  1.0                  1.0                  1.0                  1.0                  1.0       0.0
num_active_members                           Int64     20                  4.3                  1.0                 2.75                  4.0                  5.0                 12.0   2.65766

