File: drive/output/derived/org_outcomes_practices/repo_collaboration/all/rolling5/snok___django-guid.parquet

MD5 hash: 04812b54e4a20ff4c9bf56fc9e30566e

Keys: time_period 

                                                     type  count                 mean                  min                  25%                  50%                  75%                  max       std
time_period                                datetime64[ns]     12  2022-04-01 12:00:00  2019-07-01 00:00:00  2020-11-16 00:00:00  2022-04-01 12:00:00  2023-08-16 00:00:00  2025-01-01 00:00:00          
avg_members_per_problem                           float64     12             1.590064             1.111111             1.486111              1.61646             1.796939             1.857143  0.226156
pct_members_multiple                              float64     12              0.50164             0.111111             0.463624             0.496975             0.632719             0.714286  0.173372
proj_hhi_discussion_comment                       float64     12             0.417096             0.255564             0.353729             0.434255             0.477982                 0.58   0.09909
proj_hhi_issue_closed                             float64     12             0.897148             0.666667             0.877976             0.903125                  1.0                  1.0  0.121852
proj_hhi_issue_comment                            float64     12             0.571236              0.39295             0.435983             0.557621             0.649569                  1.0  0.167508
proj_hhi_issue_opened                             float64     12             0.698416                  0.5                0.625             0.684753             0.721094                  1.0  0.125515
proj_hhi_pull_request_comment                     float64     12             0.515148             0.288286             0.445455             0.515649             0.528277                  1.0  0.184958
proj_hhi_pull_request_merged                      float64     12             0.780288             0.652381             0.724167             0.745736             0.824038                  1.0  0.095719
proj_hhi_pull_request_opened                      float64     12             0.491363             0.420256             0.453894             0.484075             0.513562                0.625  0.057233
proj_hhi_pull_request_review_comment              float64     12             0.596283             0.496067             0.497633             0.537992             0.696181               0.8125  0.121766
proj_hhi_pull_request_closed                      float64     11             0.868877             0.708333             0.758929             0.909091             0.973684                  1.0  0.120674
proj_hhi_pull_request_review                      float64     10             0.544971                  0.4             0.503898             0.521178             0.597292             0.709091   0.08526
proj_prob_hhi_discussion_comment                  float64     12             0.608899             0.534575             0.597651             0.614061             0.627567             0.646906  0.031278
proj_prob_hhi_issue_comment                       float64     12             0.644817             0.477698             0.509056             0.608498             0.751977                  1.0  0.160015
proj_prob_hhi_pull_request_comment                float64     12             0.699518             0.576917             0.662556             0.684155             0.702241                  1.0  0.105514
proj_prob_hhi_pull_request_review_comment         float64     12             0.611682             0.466667             0.559902             0.566301             0.647551               0.8125  0.106578
proj_prob_hhi_pull_request_review                 float64     10             0.674072             0.599105             0.614325             0.637992                 0.75             0.791667  0.076725
num_active_members                                  Int64     12             5.166667                  2.0                  4.0                  5.0                  6.0                  9.0  1.898963

