File: drive/output/derived/org_outcomes_practices/repo_collaboration/all/rolling5/sysid___sse-starlette.parquet

MD5 hash: e12859e25f2528ab4f48bcce91ed38b4

Keys: time_period 

                                                     type  count                           mean                  min                  25%                  50%                  75%                  max       std
time_period                                datetime64[ns]     11  2022-07-01 21:49:05.454545408  2020-01-01 00:00:00  2021-04-01 12:00:00  2022-07-01 00:00:00  2023-10-01 00:00:00  2025-01-01 00:00:00          
avg_members_per_problem                           float64     11                       2.085747             2.020408             2.038614             2.075758             2.113248               2.1875  0.057315
pct_members_multiple                              float64     11                       0.816153               0.6875             0.777778             0.816092             0.843025                  1.0  0.080292
proj_hhi_discussion_comment                       float64     11                       0.310612             0.277337             0.303716             0.308378              0.32256             0.336534  0.017956
proj_hhi_issue_closed                             float64     11                       0.717637             0.555556             0.665509             0.760995             0.771453              0.80719  0.084835
proj_hhi_issue_comment                            float64     11                       0.322801             0.268717             0.306147             0.321697             0.340555             0.363416  0.028149
proj_hhi_issue_opened                             float64     11                       0.233857             0.091518             0.112978             0.277778             0.345238                0.375  0.118436
proj_hhi_pull_request_comment                     float64     11                        0.49298             0.427273             0.457146             0.516667             0.526667             0.555556  0.045132
proj_hhi_pull_request_merged                      float64     11                            1.0                  1.0                  1.0                  1.0                  1.0                  1.0       0.0
proj_hhi_pull_request_opened                      float64     11                        0.33698             0.266667             0.294525             0.317647             0.333333             0.555556  0.081192
proj_hhi_pull_request_review                      float64      8                       0.800595             0.666667             0.702381                 0.75             0.892857                  1.0  0.136886
proj_hhi_pull_request_review_comment              float64      6                       0.666667                  0.5             0.541667             0.666667             0.666667                  1.0  0.182574
proj_hhi_pull_request_closed                      float64      5                            1.0                  1.0                  1.0                  1.0                  1.0                  1.0       0.0
proj_prob_hhi_discussion_comment                  float64     11                       0.559459             0.498575             0.517255             0.577927              0.59954             0.608193  0.044526
proj_prob_hhi_issue_comment                       float64     11                       0.535902              0.46595             0.490693             0.538818             0.581576             0.599262  0.050767
proj_prob_hhi_pull_request_comment                float64     11                       0.651705                  0.6             0.619643             0.633333                 0.67             0.753086  0.053789
proj_prob_hhi_pull_request_review                 float64      8                       0.819643             0.666667             0.729167             0.803571                  0.9                  1.0  0.133726
proj_prob_hhi_pull_request_review_comment         float64      6                       0.666667                  0.5             0.541667             0.666667             0.666667                  1.0  0.182574
num_active_members                                  Int64     11                           13.0                  3.0                  8.0                 12.0                 18.5                 21.0  6.480741

