File: drive/output/derived/org_outcomes_practices/repo_collaboration/all/rolling5/tri-amdd___beep.parquet

MD5 hash: e496db50c852cca4ba9e0f805bf40ba4

Keys: time_period 

                                                     type  count                 mean                  min                  25%                  50%                  75%                  max       std
time_period                                datetime64[ns]      9  2022-02-09 21:20:00  2020-01-01 00:00:00  2021-01-01 00:00:00  2022-01-01 00:00:00  2023-01-01 00:00:00  2025-01-01 00:00:00          
avg_members_per_problem                           float64      9              1.60844             1.368421             1.477564             1.631016             1.716418             1.883117  0.170129
pct_members_multiple                              float64      9             0.465605             0.315789             0.378205             0.473545             0.522388             0.655844  0.108504
proj_hhi_discussion_comment                       float64      9              0.36002             0.216247             0.230169             0.261317             0.412044             0.811054  0.196363
proj_hhi_issue_closed                             float64      9             0.591115             0.433333             0.473611             0.545045             0.628395                  1.0  0.179077
proj_hhi_issue_comment                            float64      9             0.463991             0.350978               0.3711              0.39736             0.452726                  1.0  0.204203
proj_hhi_issue_opened                             float64      9             0.687593             0.506746             0.599029             0.666667             0.729683                  1.0  0.137637
proj_hhi_pull_request_closed                      float64      9             0.774692             0.333333             0.704331             0.865466             0.922761             0.968691   0.22258
proj_hhi_pull_request_comment                     float64      9              0.45949             0.215218             0.278912             0.429127             0.603357             0.823823  0.214539
proj_hhi_pull_request_merged                      float64      9             0.552475             0.345876             0.432012             0.568527             0.662108             0.718572  0.131752
proj_hhi_pull_request_opened                      float64      9             0.553582             0.289697             0.396441             0.554035             0.684102             0.866724  0.194497
proj_hhi_pull_request_review_comment              float64      8             0.283898             0.254134             0.264492             0.270049             0.286973             0.367783  0.037565
proj_hhi_pull_request_review                      float64      8             0.450482             0.262366             0.348149             0.380351             0.442515                  1.0  0.234582
proj_prob_hhi_discussion_comment                  float64      9             0.669408             0.473208             0.535859             0.619574             0.809404             0.949383  0.172273
proj_prob_hhi_issue_comment                       float64      9             0.612854             0.464459             0.501913             0.544369             0.681159                  1.0  0.172704
proj_prob_hhi_pull_request_comment                float64      9             0.848634             0.683547             0.793651              0.85893             0.930326             0.959216  0.093384
proj_prob_hhi_pull_request_review_comment         float64      8             0.485936             0.468459              0.47494             0.490976             0.494235             0.500473  0.012315
proj_prob_hhi_pull_request_review                 float64      8              0.75361             0.627037             0.702607             0.721889             0.777495                  1.0  0.114702
num_active_members                                  Int64      9             8.888889                  2.0                  6.0                 11.0                 12.0                 14.0  4.539946

