File: drive/output/derived/org_outcomes_practices/repo_collaboration/all/rolling5/udst___orca.parquet

MD5 hash: cb2dcc85c29d22a48a77e797db954fc9

Keys: time_period 

                                                     type  count                           mean                  min                  25%                  50%                  75%                  max       std
time_period                                datetime64[ns]     13  2018-06-17 20:18:27.692307712  2015-01-01 00:00:00  2016-07-01 00:00:00  2018-01-01 00:00:00  2020-07-01 00:00:00  2022-07-01 00:00:00          
avg_members_per_problem                           float64     13                       2.183231             1.611111             1.769231                  2.0             2.647059                  3.0  0.476536
pct_members_multiple                              float64     13                       0.692554             0.444444                  0.6                 0.65             0.818182                  1.0  0.159563
proj_hhi_discussion_comment                       float64     13                       0.324308             0.204906             0.231194              0.30641             0.407778             0.509091  0.110369
proj_hhi_pull_request_comment                     float64     13                       0.422381             0.220788             0.247063             0.452381                  0.5             0.718954  0.161585
proj_hhi_pull_request_merged                      float64     13                       0.853907                  0.5             0.614286                  1.0                  1.0                  1.0  0.204979
proj_hhi_pull_request_opened                      float64     13                       0.680205             0.380952             0.458333             0.716667             0.833333                  1.0   0.21128
proj_hhi_issue_closed                             float64     12                       0.948611                 0.75             0.958333                  1.0                  1.0                  1.0  0.094671
proj_hhi_issue_comment                            float64     12                       0.438275             0.350649             0.398856             0.415898                  0.5             0.545455  0.062681
proj_hhi_issue_opened                             float64     12                       0.681047             0.515152             0.604167             0.666667                 0.75                  1.0  0.124596
proj_hhi_pull_request_closed                      float64     11                            1.0                  1.0                  1.0                  1.0                  1.0                  1.0       0.0
proj_hhi_pull_request_review_comment              float64      4                       0.555556             0.555556             0.555556             0.555556             0.555556             0.555556       0.0
proj_hhi_pull_request_review                      float64      4                            1.0                  1.0                  1.0                  1.0                  1.0                  1.0       0.0
proj_prob_hhi_discussion_comment                  float64     13                       0.524208             0.396084              0.41699             0.515152              0.59086                 0.75  0.116834
proj_prob_hhi_pull_request_comment                float64     13                       0.547007             0.390936               0.3951                  0.5                 0.65                0.875  0.167457
proj_prob_hhi_issue_comment                       float64     12                       0.522702             0.413333             0.443966             0.546429             0.570833             0.606061  0.069406
proj_prob_hhi_pull_request_review_comment         float64      4                       0.555556             0.555556             0.555556             0.555556             0.555556             0.555556       0.0
proj_prob_hhi_pull_request_review                 float64      4                            1.0                  1.0                  1.0                  1.0                  1.0                  1.0       0.0
num_active_members                                  Int64     13                       4.692308                  1.0                  3.0                  4.0                  6.0                 12.0  2.868932

