File: drive/output/derived/org_outcomes_practices/repo_collaboration/all/rolling5/vigonotion___aiomusiccast.parquet

MD5 hash: 51b87b9a087a44af28478b634224e5f6

Keys: time_period 

                                                     type  count                 mean                  min                  25%                  50%                  75%                  max       std
time_period                                datetime64[ns]      9  2022-12-31 13:20:00  2021-01-01 00:00:00  2022-01-01 00:00:00  2023-01-01 00:00:00  2024-01-01 00:00:00  2025-01-01 00:00:00          
avg_members_per_problem                           float64      9              1.25114                  1.0                 1.25             1.285714             1.305556             1.407407  0.119792
pct_members_multiple                              float64      9              0.25114                  0.0                 0.25             0.285714             0.305556             0.407407  0.119792
proj_hhi_pull_request_merged                      float64      9             0.806659             0.653846             0.680936             0.717751                  1.0                  1.0  0.152163
proj_hhi_pull_request_opened                      float64      9             0.773582             0.666667                 0.75                 0.79             0.803704                 0.82  0.047123
proj_hhi_discussion_comment                       float64      8               0.5284               0.4016               0.4364                0.448                 0.67             0.733333  0.139205
proj_hhi_issue_closed                             float64      5                  1.0                  1.0                  1.0                  1.0                  1.0                  1.0       0.0
proj_hhi_issue_comment                            float64      5             0.234568             0.234568             0.234568             0.234568             0.234568             0.234568       0.0
proj_hhi_issue_opened                             float64      8             0.589464                 0.28                  0.4             0.442857               0.8125                  1.0  0.287122
proj_hhi_pull_request_comment                     float64      8                0.785             0.666667                 0.72             0.733333                  0.8                  1.0  0.135307
proj_hhi_pull_request_review                      float64      7             0.525573             0.506173             0.512346             0.518519             0.537037             0.555556  0.021213
proj_hhi_pull_request_review_comment              float64      5             0.555556             0.555556             0.555556             0.555556             0.555556             0.555556       0.0
proj_prob_hhi_discussion_comment                  float64      8              0.64375             0.606667             0.615833             0.618889                 0.67             0.733333  0.045464
proj_prob_hhi_issue_comment                       float64      5             0.518519             0.518519             0.518519             0.518519             0.518519             0.518519       0.0
proj_prob_hhi_pull_request_comment                float64      8                0.785             0.666667                 0.72             0.733333                  0.8                  1.0  0.135307
proj_prob_hhi_pull_request_review                 float64      7             0.770635             0.622222             0.669444             0.716667             0.858333                  1.0  0.162279
proj_prob_hhi_pull_request_review_comment         float64      5             0.633333             0.633333             0.633333             0.633333             0.633333             0.633333       0.0
num_active_members                                  Int64      9             2.555556                  1.0                  2.0                  2.0                  3.0                  6.0  1.589899

