File: drive/output/derived/org_outcomes_practices/repo_collaboration/all/rolling5/vrcmarcos___elasticmock.parquet

MD5 hash: 64dcc4890e90de01da3afca0501f8aa1

Keys: time_period 

                                                     type  count                 mean                  min                  25%                  50%                  75%                  max       std
time_period                                datetime64[ns]     16  2020-09-30 15:00:00  2017-01-01 00:00:00  2018-11-16 00:00:00  2020-10-01 00:00:00  2022-08-16 00:00:00  2024-07-01 00:00:00          
avg_members_per_problem                           float64     16             2.158185             1.454545             1.812166             2.141439             2.597426             2.681818  0.436335
pct_members_multiple                              float64     16             0.754355             0.454545             0.702489             0.791667             0.835474                  1.0  0.152753
proj_hhi_discussion_comment                       float64     16             0.377011             0.272559             0.339094             0.376493             0.411309             0.488889  0.062573
proj_hhi_issue_comment                            float64     16             0.450124             0.319697              0.39826             0.484524              0.49477             0.555556  0.071658
proj_hhi_issue_opened                             float64     16             0.390683             0.208113             0.252525                 0.41                  0.5             0.666667  0.144341
proj_hhi_pull_request_comment                     float64     15             0.506538                0.375             0.424383             0.474638             0.546958                  1.0  0.150689
proj_hhi_pull_request_merged                      float64     16                  1.0                  1.0                  1.0                  1.0                  1.0                  1.0       0.0
proj_hhi_pull_request_opened                      float64     16             0.411819                 0.25             0.299074             0.396429             0.436012                 0.75  0.146183
proj_hhi_pull_request_review_comment              float64     10             0.795918             0.591837             0.591837             0.795918                  1.0                  1.0  0.215121
proj_hhi_issue_closed                             float64     12             0.751751                  0.5              0.66142             0.728149             0.833333                  1.0  0.168203
proj_hhi_pull_request_review                      float64      6                  1.0                  1.0                  1.0                  1.0                  1.0                  1.0       0.0
proj_hhi_pull_request_closed                      float64      5                  1.0                  1.0                  1.0                  1.0                  1.0                  1.0       0.0
proj_prob_hhi_discussion_comment                  float64     16             0.591181             0.463889             0.524363             0.566758             0.671569             0.740741  0.087511
proj_prob_hhi_issue_comment                       float64     16             0.587196             0.435897             0.482873             0.583009             0.677083             0.744444  0.109985
proj_prob_hhi_pull_request_comment                float64     15             0.633827             0.535714              0.56202             0.611111             0.654762                  1.0  0.112707
proj_prob_hhi_pull_request_review_comment         float64     10             0.795918             0.591837             0.591837             0.795918                  1.0                  1.0  0.215121
proj_prob_hhi_pull_request_review                 float64      6                  1.0                  1.0                  1.0                  1.0                  1.0                  1.0       0.0
num_active_members                                  Int64     16                6.625                  1.0                  4.0                  6.5                  8.5                 16.0  4.440345

